[2022-02-25 17:14:10,540] {taskinstance.py:1037} INFO - Dependencies all met for <TaskInstance: comic_app_v2.new_comic_available scheduled__2022-01-04T00:00:00+00:00 [queued]>
[2022-02-25 17:14:10,547] {taskinstance.py:1037} INFO - Dependencies all met for <TaskInstance: comic_app_v2.new_comic_available scheduled__2022-01-04T00:00:00+00:00 [queued]>
[2022-02-25 17:14:10,548] {taskinstance.py:1243} INFO - 
--------------------------------------------------------------------------------
[2022-02-25 17:14:10,548] {taskinstance.py:1244} INFO - Starting attempt 1 of 3
[2022-02-25 17:14:10,548] {taskinstance.py:1245} INFO - 
--------------------------------------------------------------------------------
[2022-02-25 17:14:10,557] {taskinstance.py:1264} INFO - Executing <Task(BranchPythonOperator): new_comic_available> on 2022-01-04 00:00:00+00:00
[2022-02-25 17:14:10,559] {standard_task_runner.py:52} INFO - Started process 17089 to run task
[2022-02-25 17:14:10,566] {standard_task_runner.py:76} INFO - Running: ['airflow', 'tasks', 'run', 'comic_app_v2', 'new_comic_available', 'scheduled__2022-01-04T00:00:00+00:00', '--job-id', '27', '--raw', '--subdir', 'DAGS_FOLDER/comic_app_v2.py', '--cfg-path', '/var/folders/jb/grqrlwkd311flwk_zt30r7wr0000gn/T/tmp2yr3li74', '--error-file', '/var/folders/jb/grqrlwkd311flwk_zt30r7wr0000gn/T/tmpfghji3bj']
[2022-02-25 17:14:10,568] {standard_task_runner.py:77} INFO - Job 27: Subtask new_comic_available
[2022-02-25 17:14:10,614] {logging_mixin.py:109} INFO - Running <TaskInstance: comic_app_v2.new_comic_available scheduled__2022-01-04T00:00:00+00:00 [running]> on host 1.0.0.0.0.0.0.0.0.0.0.0.0.0.0.0.0.0.0.0.0.0.0.0.0.0.0.0.0.0.0.0.ip6.arpa
[2022-02-25 17:14:10,661] {taskinstance.py:1431} INFO - Exporting the following env vars:
AIRFLOW_CTX_DAG_OWNER=Adam
AIRFLOW_CTX_DAG_ID=comic_app_v2
AIRFLOW_CTX_TASK_ID=new_comic_available
AIRFLOW_CTX_EXECUTION_DATE=2022-01-04T00:00:00+00:00
AIRFLOW_CTX_DAG_RUN_ID=scheduled__2022-01-04T00:00:00+00:00
[2022-02-25 17:14:10,665] {logging_mixin.py:109} INFO - 跟紀錄比較，有沒有新連載？
[2022-02-25 17:14:10,666] {python.py:175} INFO - Done. Returned value was: no_do_nothing
[2022-02-25 17:14:10,666] {skipmixin.py:140} INFO - Following branch no_do_nothing
[2022-02-25 17:14:10,667] {skipmixin.py:171} INFO - Skipping tasks ['yes_generate_notification']
[2022-02-25 17:14:10,692] {taskinstance.py:1282} INFO - Marking task as SUCCESS. dag_id=comic_app_v2, task_id=new_comic_available, execution_date=20220104T000000, start_date=20220225T091410, end_date=20220225T091410
[2022-02-25 17:14:10,707] {local_task_job.py:154} INFO - Task exited with return code 0
[2022-02-25 17:14:10,746] {local_task_job.py:264} INFO - 1 downstream tasks scheduled from follow-on schedule check
[2022-02-25 17:18:55,949] {taskinstance.py:1037} INFO - Dependencies all met for <TaskInstance: comic_app_v2.new_comic_available scheduled__2022-01-04T00:00:00+00:00 [queued]>
[2022-02-25 17:18:55,958] {taskinstance.py:1037} INFO - Dependencies all met for <TaskInstance: comic_app_v2.new_comic_available scheduled__2022-01-04T00:00:00+00:00 [queued]>
[2022-02-25 17:18:55,959] {taskinstance.py:1243} INFO - 
--------------------------------------------------------------------------------
[2022-02-25 17:18:55,959] {taskinstance.py:1244} INFO - Starting attempt 1 of 3
[2022-02-25 17:18:55,959] {taskinstance.py:1245} INFO - 
--------------------------------------------------------------------------------
[2022-02-25 17:18:55,973] {taskinstance.py:1264} INFO - Executing <Task(BranchPythonOperator): new_comic_available> on 2022-01-04 00:00:00+00:00
[2022-02-25 17:18:55,979] {standard_task_runner.py:52} INFO - Started process 17500 to run task
[2022-02-25 17:18:55,987] {standard_task_runner.py:76} INFO - Running: ['airflow', 'tasks', 'run', 'comic_app_v2', 'new_comic_available', 'scheduled__2022-01-04T00:00:00+00:00', '--job-id', '61', '--raw', '--subdir', 'DAGS_FOLDER/comic_app_v2.py', '--cfg-path', '/var/folders/jb/grqrlwkd311flwk_zt30r7wr0000gn/T/tmp027yh7lv', '--error-file', '/var/folders/jb/grqrlwkd311flwk_zt30r7wr0000gn/T/tmpzplu03ac']
[2022-02-25 17:18:55,989] {standard_task_runner.py:77} INFO - Job 61: Subtask new_comic_available
[2022-02-25 17:18:56,061] {logging_mixin.py:109} INFO - Running <TaskInstance: comic_app_v2.new_comic_available scheduled__2022-01-04T00:00:00+00:00 [running]> on host 1.0.0.0.0.0.0.0.0.0.0.0.0.0.0.0.0.0.0.0.0.0.0.0.0.0.0.0.0.0.0.0.ip6.arpa
[2022-02-25 17:18:56,116] {taskinstance.py:1431} INFO - Exporting the following env vars:
AIRFLOW_CTX_DAG_OWNER=Adam
AIRFLOW_CTX_DAG_ID=comic_app_v2
AIRFLOW_CTX_TASK_ID=new_comic_available
AIRFLOW_CTX_EXECUTION_DATE=2022-01-04T00:00:00+00:00
AIRFLOW_CTX_DAG_RUN_ID=scheduled__2022-01-04T00:00:00+00:00
[2022-02-25 17:18:56,121] {logging_mixin.py:109} INFO - 跟紀錄比較，有沒有新連載？
[2022-02-25 17:18:56,121] {python.py:175} INFO - Done. Returned value was: no_do_nothing
[2022-02-25 17:18:56,122] {skipmixin.py:140} INFO - Following branch no_do_nothing
[2022-02-25 17:18:56,122] {skipmixin.py:171} INFO - Skipping tasks ['yes_generate_notification']
[2022-02-25 17:18:56,155] {taskinstance.py:1282} INFO - Marking task as SUCCESS. dag_id=comic_app_v2, task_id=new_comic_available, execution_date=20220104T000000, start_date=20220225T091855, end_date=20220225T091856
[2022-02-25 17:18:56,171] {local_task_job.py:154} INFO - Task exited with return code 0
[2022-02-25 17:18:56,206] {local_task_job.py:264} INFO - 1 downstream tasks scheduled from follow-on schedule check
