[2022-02-25 17:13:56,878] {taskinstance.py:1037} INFO - Dependencies all met for <TaskInstance: comic_app_v2.new_comic_available scheduled__2022-01-03T00:00:00+00:00 [queued]>
[2022-02-25 17:13:56,885] {taskinstance.py:1037} INFO - Dependencies all met for <TaskInstance: comic_app_v2.new_comic_available scheduled__2022-01-03T00:00:00+00:00 [queued]>
[2022-02-25 17:13:56,886] {taskinstance.py:1243} INFO - 
--------------------------------------------------------------------------------
[2022-02-25 17:13:56,886] {taskinstance.py:1244} INFO - Starting attempt 1 of 3
[2022-02-25 17:13:56,886] {taskinstance.py:1245} INFO - 
--------------------------------------------------------------------------------
[2022-02-25 17:13:56,895] {taskinstance.py:1264} INFO - Executing <Task(BranchPythonOperator): new_comic_available> on 2022-01-03 00:00:00+00:00
[2022-02-25 17:13:56,897] {standard_task_runner.py:52} INFO - Started process 17056 to run task
[2022-02-25 17:13:56,906] {standard_task_runner.py:76} INFO - Running: ['airflow', 'tasks', 'run', 'comic_app_v2', 'new_comic_available', 'scheduled__2022-01-03T00:00:00+00:00', '--job-id', '22', '--raw', '--subdir', 'DAGS_FOLDER/comic_app_v2.py', '--cfg-path', '/var/folders/jb/grqrlwkd311flwk_zt30r7wr0000gn/T/tmp19os39zm', '--error-file', '/var/folders/jb/grqrlwkd311flwk_zt30r7wr0000gn/T/tmp9qazsvt2']
[2022-02-25 17:13:56,909] {standard_task_runner.py:77} INFO - Job 22: Subtask new_comic_available
[2022-02-25 17:13:56,958] {logging_mixin.py:109} INFO - Running <TaskInstance: comic_app_v2.new_comic_available scheduled__2022-01-03T00:00:00+00:00 [running]> on host 1.0.0.0.0.0.0.0.0.0.0.0.0.0.0.0.0.0.0.0.0.0.0.0.0.0.0.0.0.0.0.0.ip6.arpa
[2022-02-25 17:13:56,992] {taskinstance.py:1431} INFO - Exporting the following env vars:
AIRFLOW_CTX_DAG_OWNER=Adam
AIRFLOW_CTX_DAG_ID=comic_app_v2
AIRFLOW_CTX_TASK_ID=new_comic_available
AIRFLOW_CTX_EXECUTION_DATE=2022-01-03T00:00:00+00:00
AIRFLOW_CTX_DAG_RUN_ID=scheduled__2022-01-03T00:00:00+00:00
[2022-02-25 17:13:56,996] {logging_mixin.py:109} INFO - 跟紀錄比較，有沒有新連載？
[2022-02-25 17:13:56,996] {python.py:175} INFO - Done. Returned value was: no_do_nothing
[2022-02-25 17:13:56,997] {skipmixin.py:140} INFO - Following branch no_do_nothing
[2022-02-25 17:13:56,997] {skipmixin.py:171} INFO - Skipping tasks ['yes_generate_notification']
[2022-02-25 17:13:57,017] {taskinstance.py:1282} INFO - Marking task as SUCCESS. dag_id=comic_app_v2, task_id=new_comic_available, execution_date=20220103T000000, start_date=20220225T091356, end_date=20220225T091357
[2022-02-25 17:13:57,044] {local_task_job.py:154} INFO - Task exited with return code 0
[2022-02-25 17:13:57,079] {local_task_job.py:264} INFO - 1 downstream tasks scheduled from follow-on schedule check
[2022-02-25 17:18:46,499] {taskinstance.py:1037} INFO - Dependencies all met for <TaskInstance: comic_app_v2.new_comic_available scheduled__2022-01-03T00:00:00+00:00 [queued]>
[2022-02-25 17:18:46,507] {taskinstance.py:1037} INFO - Dependencies all met for <TaskInstance: comic_app_v2.new_comic_available scheduled__2022-01-03T00:00:00+00:00 [queued]>
[2022-02-25 17:18:46,507] {taskinstance.py:1243} INFO - 
--------------------------------------------------------------------------------
[2022-02-25 17:18:46,507] {taskinstance.py:1244} INFO - Starting attempt 1 of 3
[2022-02-25 17:18:46,507] {taskinstance.py:1245} INFO - 
--------------------------------------------------------------------------------
[2022-02-25 17:18:46,518] {taskinstance.py:1264} INFO - Executing <Task(BranchPythonOperator): new_comic_available> on 2022-01-03 00:00:00+00:00
[2022-02-25 17:18:46,520] {standard_task_runner.py:52} INFO - Started process 17479 to run task
[2022-02-25 17:18:46,526] {standard_task_runner.py:76} INFO - Running: ['airflow', 'tasks', 'run', 'comic_app_v2', 'new_comic_available', 'scheduled__2022-01-03T00:00:00+00:00', '--job-id', '57', '--raw', '--subdir', 'DAGS_FOLDER/comic_app_v2.py', '--cfg-path', '/var/folders/jb/grqrlwkd311flwk_zt30r7wr0000gn/T/tmp2l8yc259', '--error-file', '/var/folders/jb/grqrlwkd311flwk_zt30r7wr0000gn/T/tmpn2vadcb9']
[2022-02-25 17:18:46,528] {standard_task_runner.py:77} INFO - Job 57: Subtask new_comic_available
[2022-02-25 17:18:46,588] {logging_mixin.py:109} INFO - Running <TaskInstance: comic_app_v2.new_comic_available scheduled__2022-01-03T00:00:00+00:00 [running]> on host 1.0.0.0.0.0.0.0.0.0.0.0.0.0.0.0.0.0.0.0.0.0.0.0.0.0.0.0.0.0.0.0.ip6.arpa
[2022-02-25 17:18:46,647] {taskinstance.py:1431} INFO - Exporting the following env vars:
AIRFLOW_CTX_DAG_OWNER=Adam
AIRFLOW_CTX_DAG_ID=comic_app_v2
AIRFLOW_CTX_TASK_ID=new_comic_available
AIRFLOW_CTX_EXECUTION_DATE=2022-01-03T00:00:00+00:00
AIRFLOW_CTX_DAG_RUN_ID=scheduled__2022-01-03T00:00:00+00:00
[2022-02-25 17:18:46,654] {logging_mixin.py:109} INFO - 跟紀錄比較，有沒有新連載？
[2022-02-25 17:18:46,654] {python.py:175} INFO - Done. Returned value was: no_do_nothing
[2022-02-25 17:18:46,655] {skipmixin.py:140} INFO - Following branch no_do_nothing
[2022-02-25 17:18:46,656] {skipmixin.py:171} INFO - Skipping tasks ['yes_generate_notification']
[2022-02-25 17:18:46,678] {taskinstance.py:1282} INFO - Marking task as SUCCESS. dag_id=comic_app_v2, task_id=new_comic_available, execution_date=20220103T000000, start_date=20220225T091846, end_date=20220225T091846
[2022-02-25 17:18:46,721] {local_task_job.py:154} INFO - Task exited with return code 0
[2022-02-25 17:18:46,755] {local_task_job.py:264} INFO - 1 downstream tasks scheduled from follow-on schedule check
[2022-02-28 14:57:33,648] {taskinstance.py:1037} INFO - Dependencies all met for <TaskInstance: comic_app_v2.new_comic_available scheduled__2022-01-03T00:00:00+00:00 [queued]>
[2022-02-28 14:57:33,658] {taskinstance.py:1037} INFO - Dependencies all met for <TaskInstance: comic_app_v2.new_comic_available scheduled__2022-01-03T00:00:00+00:00 [queued]>
[2022-02-28 14:57:33,658] {taskinstance.py:1243} INFO - 
--------------------------------------------------------------------------------
[2022-02-28 14:57:33,659] {taskinstance.py:1244} INFO - Starting attempt 1 of 3
[2022-02-28 14:57:33,659] {taskinstance.py:1245} INFO - 
--------------------------------------------------------------------------------
[2022-02-28 14:57:33,672] {taskinstance.py:1264} INFO - Executing <Task(BranchPythonOperator): new_comic_available> on 2022-01-03 00:00:00+00:00
[2022-02-28 14:57:33,674] {standard_task_runner.py:52} INFO - Started process 34228 to run task
[2022-02-28 14:57:33,680] {standard_task_runner.py:76} INFO - Running: ['airflow', 'tasks', 'run', 'comic_app_v2', 'new_comic_available', 'scheduled__2022-01-03T00:00:00+00:00', '--job-id', '99', '--raw', '--subdir', 'DAGS_FOLDER/comic_app_v2.py', '--cfg-path', '/var/folders/jb/grqrlwkd311flwk_zt30r7wr0000gn/T/tmps51opw4x', '--error-file', '/var/folders/jb/grqrlwkd311flwk_zt30r7wr0000gn/T/tmpezuvgnax']
[2022-02-28 14:57:33,682] {standard_task_runner.py:77} INFO - Job 99: Subtask new_comic_available
[2022-02-28 14:57:33,729] {logging_mixin.py:109} INFO - Running <TaskInstance: comic_app_v2.new_comic_available scheduled__2022-01-03T00:00:00+00:00 [running]> on host 1.0.0.0.0.0.0.0.0.0.0.0.0.0.0.0.0.0.0.0.0.0.0.0.0.0.0.0.0.0.0.0.ip6.arpa
[2022-02-28 14:57:33,765] {taskinstance.py:1431} INFO - Exporting the following env vars:
AIRFLOW_CTX_DAG_OWNER=Adam
AIRFLOW_CTX_DAG_ID=comic_app_v2
AIRFLOW_CTX_TASK_ID=new_comic_available
AIRFLOW_CTX_EXECUTION_DATE=2022-01-03T00:00:00+00:00
AIRFLOW_CTX_DAG_RUN_ID=scheduled__2022-01-03T00:00:00+00:00
[2022-02-28 14:57:33,769] {logging_mixin.py:109} INFO - 跟紀錄比較，有沒有新連載？
[2022-02-28 14:57:33,769] {python.py:175} INFO - Done. Returned value was: no_do_nothing
[2022-02-28 14:57:33,770] {skipmixin.py:140} INFO - Following branch no_do_nothing
[2022-02-28 14:57:33,771] {skipmixin.py:171} INFO - Skipping tasks ['yes_generate_notification']
[2022-02-28 14:57:33,794] {taskinstance.py:1282} INFO - Marking task as SUCCESS. dag_id=comic_app_v2, task_id=new_comic_available, execution_date=20220103T000000, start_date=20220228T065733, end_date=20220228T065733
[2022-02-28 14:57:33,820] {local_task_job.py:154} INFO - Task exited with return code 0
[2022-02-28 14:57:33,872] {local_task_job.py:264} INFO - 1 downstream tasks scheduled from follow-on schedule check
[2022-02-28 15:03:46,903] {taskinstance.py:1037} INFO - Dependencies all met for <TaskInstance: comic_app_v2.new_comic_available scheduled__2022-01-03T00:00:00+00:00 [queued]>
[2022-02-28 15:03:46,914] {taskinstance.py:1037} INFO - Dependencies all met for <TaskInstance: comic_app_v2.new_comic_available scheduled__2022-01-03T00:00:00+00:00 [queued]>
[2022-02-28 15:03:46,914] {taskinstance.py:1243} INFO - 
--------------------------------------------------------------------------------
[2022-02-28 15:03:46,915] {taskinstance.py:1244} INFO - Starting attempt 1 of 3
[2022-02-28 15:03:46,915] {taskinstance.py:1245} INFO - 
--------------------------------------------------------------------------------
[2022-02-28 15:03:46,929] {taskinstance.py:1264} INFO - Executing <Task(BranchPythonOperator): new_comic_available> on 2022-01-03 00:00:00+00:00
[2022-02-28 15:03:46,931] {standard_task_runner.py:52} INFO - Started process 34775 to run task
[2022-02-28 15:03:46,939] {standard_task_runner.py:76} INFO - Running: ['airflow', 'tasks', 'run', 'comic_app_v2', 'new_comic_available', 'scheduled__2022-01-03T00:00:00+00:00', '--job-id', '169', '--raw', '--subdir', 'DAGS_FOLDER/comic_app_v2.py', '--cfg-path', '/var/folders/jb/grqrlwkd311flwk_zt30r7wr0000gn/T/tmpv7_212rc', '--error-file', '/var/folders/jb/grqrlwkd311flwk_zt30r7wr0000gn/T/tmplgrh02rd']
[2022-02-28 15:03:46,941] {standard_task_runner.py:77} INFO - Job 169: Subtask new_comic_available
[2022-02-28 15:03:46,998] {logging_mixin.py:109} INFO - Running <TaskInstance: comic_app_v2.new_comic_available scheduled__2022-01-03T00:00:00+00:00 [running]> on host 1.0.0.0.0.0.0.0.0.0.0.0.0.0.0.0.0.0.0.0.0.0.0.0.0.0.0.0.0.0.0.0.ip6.arpa
[2022-02-28 15:03:47,052] {taskinstance.py:1431} INFO - Exporting the following env vars:
AIRFLOW_CTX_DAG_OWNER=Adam
AIRFLOW_CTX_DAG_ID=comic_app_v2
AIRFLOW_CTX_TASK_ID=new_comic_available
AIRFLOW_CTX_EXECUTION_DATE=2022-01-03T00:00:00+00:00
AIRFLOW_CTX_DAG_RUN_ID=scheduled__2022-01-03T00:00:00+00:00
[2022-02-28 15:03:47,059] {logging_mixin.py:109} INFO - 跟紀錄比較，有沒有新連載？
[2022-02-28 15:03:47,060] {python.py:175} INFO - Done. Returned value was: no_do_nothing
[2022-02-28 15:03:47,060] {skipmixin.py:140} INFO - Following branch no_do_nothing
[2022-02-28 15:03:47,061] {skipmixin.py:171} INFO - Skipping tasks ['yes_generate_notification']
[2022-02-28 15:03:47,087] {taskinstance.py:1282} INFO - Marking task as SUCCESS. dag_id=comic_app_v2, task_id=new_comic_available, execution_date=20220103T000000, start_date=20220228T070346, end_date=20220228T070347
[2022-02-28 15:03:47,119] {local_task_job.py:154} INFO - Task exited with return code 0
[2022-02-28 15:03:47,160] {local_task_job.py:264} INFO - 1 downstream tasks scheduled from follow-on schedule check
[2022-02-28 15:08:04,801] {taskinstance.py:1037} INFO - Dependencies all met for <TaskInstance: comic_app_v2.new_comic_available scheduled__2022-01-03T00:00:00+00:00 [queued]>
[2022-02-28 15:08:04,809] {taskinstance.py:1037} INFO - Dependencies all met for <TaskInstance: comic_app_v2.new_comic_available scheduled__2022-01-03T00:00:00+00:00 [queued]>
[2022-02-28 15:08:04,809] {taskinstance.py:1243} INFO - 
--------------------------------------------------------------------------------
[2022-02-28 15:08:04,809] {taskinstance.py:1244} INFO - Starting attempt 1 of 3
[2022-02-28 15:08:04,809] {taskinstance.py:1245} INFO - 
--------------------------------------------------------------------------------
[2022-02-28 15:08:04,819] {taskinstance.py:1264} INFO - Executing <Task(BranchPythonOperator): new_comic_available> on 2022-01-03 00:00:00+00:00
[2022-02-28 15:08:04,823] {standard_task_runner.py:52} INFO - Started process 35301 to run task
[2022-02-28 15:08:04,830] {standard_task_runner.py:76} INFO - Running: ['airflow', 'tasks', 'run', 'comic_app_v2', 'new_comic_available', 'scheduled__2022-01-03T00:00:00+00:00', '--job-id', '231', '--raw', '--subdir', 'DAGS_FOLDER/comic_app_v2.py', '--cfg-path', '/var/folders/jb/grqrlwkd311flwk_zt30r7wr0000gn/T/tmplbrjsxab', '--error-file', '/var/folders/jb/grqrlwkd311flwk_zt30r7wr0000gn/T/tmpmcrqtl2r']
[2022-02-28 15:08:04,832] {standard_task_runner.py:77} INFO - Job 231: Subtask new_comic_available
[2022-02-28 15:08:04,876] {logging_mixin.py:109} INFO - Running <TaskInstance: comic_app_v2.new_comic_available scheduled__2022-01-03T00:00:00+00:00 [running]> on host 1.0.0.0.0.0.0.0.0.0.0.0.0.0.0.0.0.0.0.0.0.0.0.0.0.0.0.0.0.0.0.0.ip6.arpa
[2022-02-28 15:08:04,919] {taskinstance.py:1431} INFO - Exporting the following env vars:
AIRFLOW_CTX_DAG_OWNER=Adam
AIRFLOW_CTX_DAG_ID=comic_app_v2
AIRFLOW_CTX_TASK_ID=new_comic_available
AIRFLOW_CTX_EXECUTION_DATE=2022-01-03T00:00:00+00:00
AIRFLOW_CTX_DAG_RUN_ID=scheduled__2022-01-03T00:00:00+00:00
[2022-02-28 15:08:04,923] {logging_mixin.py:109} INFO - 跟紀錄比較，有沒有新連載？
[2022-02-28 15:08:04,923] {python.py:175} INFO - Done. Returned value was: no_do_nothing
[2022-02-28 15:08:04,924] {skipmixin.py:140} INFO - Following branch no_do_nothing
[2022-02-28 15:08:04,924] {skipmixin.py:171} INFO - Skipping tasks ['yes_generate_notification']
[2022-02-28 15:08:04,948] {taskinstance.py:1282} INFO - Marking task as SUCCESS. dag_id=comic_app_v2, task_id=new_comic_available, execution_date=20220103T000000, start_date=20220228T070804, end_date=20220228T070804
[2022-02-28 15:08:04,978] {local_task_job.py:154} INFO - Task exited with return code 0
[2022-02-28 15:08:05,015] {local_task_job.py:264} INFO - 1 downstream tasks scheduled from follow-on schedule check
[2022-02-28 15:09:38,525] {taskinstance.py:1037} INFO - Dependencies all met for <TaskInstance: comic_app_v2.new_comic_available scheduled__2022-01-03T00:00:00+00:00 [queued]>
[2022-02-28 15:09:38,533] {taskinstance.py:1037} INFO - Dependencies all met for <TaskInstance: comic_app_v2.new_comic_available scheduled__2022-01-03T00:00:00+00:00 [queued]>
[2022-02-28 15:09:38,533] {taskinstance.py:1243} INFO - 
--------------------------------------------------------------------------------
[2022-02-28 15:09:38,533] {taskinstance.py:1244} INFO - Starting attempt 1 of 3
[2022-02-28 15:09:38,533] {taskinstance.py:1245} INFO - 
--------------------------------------------------------------------------------
[2022-02-28 15:09:38,543] {taskinstance.py:1264} INFO - Executing <Task(BranchPythonOperator): new_comic_available> on 2022-01-03 00:00:00+00:00
[2022-02-28 15:09:38,545] {standard_task_runner.py:52} INFO - Started process 35496 to run task
[2022-02-28 15:09:38,551] {standard_task_runner.py:76} INFO - Running: ['airflow', 'tasks', 'run', 'comic_app_v2', 'new_comic_available', 'scheduled__2022-01-03T00:00:00+00:00', '--job-id', '248', '--raw', '--subdir', 'DAGS_FOLDER/comic_app_v2.py', '--cfg-path', '/var/folders/jb/grqrlwkd311flwk_zt30r7wr0000gn/T/tmpfvs710gi', '--error-file', '/var/folders/jb/grqrlwkd311flwk_zt30r7wr0000gn/T/tmp37han97m']
[2022-02-28 15:09:38,552] {standard_task_runner.py:77} INFO - Job 248: Subtask new_comic_available
[2022-02-28 15:09:38,597] {logging_mixin.py:109} INFO - Running <TaskInstance: comic_app_v2.new_comic_available scheduled__2022-01-03T00:00:00+00:00 [running]> on host 1.0.0.0.0.0.0.0.0.0.0.0.0.0.0.0.0.0.0.0.0.0.0.0.0.0.0.0.0.0.0.0.ip6.arpa
[2022-02-28 15:09:38,648] {taskinstance.py:1431} INFO - Exporting the following env vars:
AIRFLOW_CTX_DAG_OWNER=Adam
AIRFLOW_CTX_DAG_ID=comic_app_v2
AIRFLOW_CTX_TASK_ID=new_comic_available
AIRFLOW_CTX_EXECUTION_DATE=2022-01-03T00:00:00+00:00
AIRFLOW_CTX_DAG_RUN_ID=scheduled__2022-01-03T00:00:00+00:00
[2022-02-28 15:09:38,656] {logging_mixin.py:109} INFO - 跟紀錄比較，有沒有新連載？
[2022-02-28 15:09:38,657] {python.py:175} INFO - Done. Returned value was: no_do_nothing
[2022-02-28 15:09:38,658] {skipmixin.py:140} INFO - Following branch no_do_nothing
[2022-02-28 15:09:38,658] {skipmixin.py:171} INFO - Skipping tasks ['yes_generate_notification']
[2022-02-28 15:09:38,689] {taskinstance.py:1282} INFO - Marking task as SUCCESS. dag_id=comic_app_v2, task_id=new_comic_available, execution_date=20220103T000000, start_date=20220228T070938, end_date=20220228T070938
[2022-02-28 15:09:38,732] {local_task_job.py:154} INFO - Task exited with return code 0
[2022-02-28 15:09:38,771] {local_task_job.py:264} INFO - 1 downstream tasks scheduled from follow-on schedule check
[2022-02-28 15:14:45,595] {taskinstance.py:1037} INFO - Dependencies all met for <TaskInstance: comic_app_v2.new_comic_available scheduled__2022-01-03T00:00:00+00:00 [queued]>
[2022-02-28 15:14:45,605] {taskinstance.py:1037} INFO - Dependencies all met for <TaskInstance: comic_app_v2.new_comic_available scheduled__2022-01-03T00:00:00+00:00 [queued]>
[2022-02-28 15:14:45,605] {taskinstance.py:1243} INFO - 
--------------------------------------------------------------------------------
[2022-02-28 15:14:45,605] {taskinstance.py:1244} INFO - Starting attempt 1 of 3
[2022-02-28 15:14:45,605] {taskinstance.py:1245} INFO - 
--------------------------------------------------------------------------------
[2022-02-28 15:14:45,617] {taskinstance.py:1264} INFO - Executing <Task(BranchPythonOperator): new_comic_available> on 2022-01-03 00:00:00+00:00
[2022-02-28 15:14:45,619] {standard_task_runner.py:52} INFO - Started process 35909 to run task
[2022-02-28 15:14:45,625] {standard_task_runner.py:76} INFO - Running: ['airflow', 'tasks', 'run', 'comic_app_v2', 'new_comic_available', 'scheduled__2022-01-03T00:00:00+00:00', '--job-id', '270', '--raw', '--subdir', 'DAGS_FOLDER/comic_app_v2.py', '--cfg-path', '/var/folders/jb/grqrlwkd311flwk_zt30r7wr0000gn/T/tmph9tkrn7m', '--error-file', '/var/folders/jb/grqrlwkd311flwk_zt30r7wr0000gn/T/tmphk2n5v_l']
[2022-02-28 15:14:45,628] {standard_task_runner.py:77} INFO - Job 270: Subtask new_comic_available
[2022-02-28 15:14:45,671] {logging_mixin.py:109} INFO - Running <TaskInstance: comic_app_v2.new_comic_available scheduled__2022-01-03T00:00:00+00:00 [running]> on host 1.0.0.0.0.0.0.0.0.0.0.0.0.0.0.0.0.0.0.0.0.0.0.0.0.0.0.0.0.0.0.0.ip6.arpa
[2022-02-28 15:14:45,704] {taskinstance.py:1431} INFO - Exporting the following env vars:
AIRFLOW_CTX_DAG_OWNER=Adam
AIRFLOW_CTX_DAG_ID=comic_app_v2
AIRFLOW_CTX_TASK_ID=new_comic_available
AIRFLOW_CTX_EXECUTION_DATE=2022-01-03T00:00:00+00:00
AIRFLOW_CTX_DAG_RUN_ID=scheduled__2022-01-03T00:00:00+00:00
[2022-02-28 15:14:45,709] {logging_mixin.py:109} INFO - 跟紀錄比較，有沒有新連載？
[2022-02-28 15:14:45,709] {python.py:175} INFO - Done. Returned value was: no_do_nothing
[2022-02-28 15:14:45,709] {skipmixin.py:140} INFO - Following branch no_do_nothing
[2022-02-28 15:14:45,710] {skipmixin.py:171} INFO - Skipping tasks ['yes_generate_notification']
[2022-02-28 15:14:45,729] {taskinstance.py:1282} INFO - Marking task as SUCCESS. dag_id=comic_app_v2, task_id=new_comic_available, execution_date=20220103T000000, start_date=20220228T071445, end_date=20220228T071445
[2022-02-28 15:14:45,772] {local_task_job.py:154} INFO - Task exited with return code 0
[2022-02-28 15:14:45,811] {local_task_job.py:264} INFO - 1 downstream tasks scheduled from follow-on schedule check
