[2022-02-28 15:04:21,316] {taskinstance.py:1037} INFO - Dependencies all met for <TaskInstance: comic_app_v2.yes_generate_notification scheduled__2022-01-06T00:00:00+00:00 [queued]>
[2022-02-28 15:04:21,325] {taskinstance.py:1037} INFO - Dependencies all met for <TaskInstance: comic_app_v2.yes_generate_notification scheduled__2022-01-06T00:00:00+00:00 [queued]>
[2022-02-28 15:04:21,325] {taskinstance.py:1243} INFO - 
--------------------------------------------------------------------------------
[2022-02-28 15:04:21,325] {taskinstance.py:1244} INFO - Starting attempt 1 of 3
[2022-02-28 15:04:21,325] {taskinstance.py:1245} INFO - 
--------------------------------------------------------------------------------
[2022-02-28 15:04:21,335] {taskinstance.py:1264} INFO - Executing <Task(PythonOperator): yes_generate_notification> on 2022-01-06 00:00:00+00:00
[2022-02-28 15:04:21,337] {standard_task_runner.py:52} INFO - Started process 34844 to run task
[2022-02-28 15:04:21,343] {standard_task_runner.py:76} INFO - Running: ['airflow', 'tasks', 'run', 'comic_app_v2', 'yes_generate_notification', 'scheduled__2022-01-06T00:00:00+00:00', '--job-id', '183', '--raw', '--subdir', 'DAGS_FOLDER/comic_app_v2.py', '--cfg-path', '/var/folders/jb/grqrlwkd311flwk_zt30r7wr0000gn/T/tmphzgwe7p6', '--error-file', '/var/folders/jb/grqrlwkd311flwk_zt30r7wr0000gn/T/tmpn0ppt5_x']
[2022-02-28 15:04:21,345] {standard_task_runner.py:77} INFO - Job 183: Subtask yes_generate_notification
[2022-02-28 15:04:21,400] {logging_mixin.py:109} INFO - Running <TaskInstance: comic_app_v2.yes_generate_notification scheduled__2022-01-06T00:00:00+00:00 [running]> on host 1.0.0.0.0.0.0.0.0.0.0.0.0.0.0.0.0.0.0.0.0.0.0.0.0.0.0.0.0.0.0.0.ip6.arpa
[2022-02-28 15:04:21,443] {taskinstance.py:1431} INFO - Exporting the following env vars:
AIRFLOW_CTX_DAG_OWNER=Adam
AIRFLOW_CTX_DAG_ID=comic_app_v2
AIRFLOW_CTX_TASK_ID=yes_generate_notification
AIRFLOW_CTX_EXECUTION_DATE=2022-01-06T00:00:00+00:00
AIRFLOW_CTX_DAG_RUN_ID=scheduled__2022-01-06T00:00:00+00:00
[2022-02-28 15:04:21,448] {logging_mixin.py:109} INFO - 產生要寄給 Slack 的訊息內容並存成檔案
[2022-02-28 15:04:21,448] {python.py:175} INFO - Done. Returned value was: None
[2022-02-28 15:04:21,454] {taskinstance.py:1282} INFO - Marking task as SUCCESS. dag_id=comic_app_v2, task_id=yes_generate_notification, execution_date=20220106T000000, start_date=20220228T070421, end_date=20220228T070421
[2022-02-28 15:04:21,483] {local_task_job.py:154} INFO - Task exited with return code 0
[2022-02-28 15:04:21,515] {local_task_job.py:264} INFO - 1 downstream tasks scheduled from follow-on schedule check
