[2022-02-25 17:13:54,402] {taskinstance.py:1037} INFO - Dependencies all met for <TaskInstance: comic_app_v2.check_comic_info scheduled__2022-01-04T00:00:00+00:00 [queued]>
[2022-02-25 17:13:54,410] {taskinstance.py:1037} INFO - Dependencies all met for <TaskInstance: comic_app_v2.check_comic_info scheduled__2022-01-04T00:00:00+00:00 [queued]>
[2022-02-25 17:13:54,410] {taskinstance.py:1243} INFO - 
--------------------------------------------------------------------------------
[2022-02-25 17:13:54,410] {taskinstance.py:1244} INFO - Starting attempt 1 of 3
[2022-02-25 17:13:54,410] {taskinstance.py:1245} INFO - 
--------------------------------------------------------------------------------
[2022-02-25 17:13:54,424] {taskinstance.py:1264} INFO - Executing <Task(PythonOperator): check_comic_info> on 2022-01-04 00:00:00+00:00
[2022-02-25 17:13:54,426] {standard_task_runner.py:52} INFO - Started process 17050 to run task
[2022-02-25 17:13:54,432] {standard_task_runner.py:76} INFO - Running: ['airflow', 'tasks', 'run', 'comic_app_v2', 'check_comic_info', 'scheduled__2022-01-04T00:00:00+00:00', '--job-id', '21', '--raw', '--subdir', 'DAGS_FOLDER/comic_app_v2.py', '--cfg-path', '/var/folders/jb/grqrlwkd311flwk_zt30r7wr0000gn/T/tmpkck96i3b', '--error-file', '/var/folders/jb/grqrlwkd311flwk_zt30r7wr0000gn/T/tmpcux7wjsd']
[2022-02-25 17:13:54,434] {standard_task_runner.py:77} INFO - Job 21: Subtask check_comic_info
[2022-02-25 17:13:54,484] {logging_mixin.py:109} INFO - Running <TaskInstance: comic_app_v2.check_comic_info scheduled__2022-01-04T00:00:00+00:00 [running]> on host 1.0.0.0.0.0.0.0.0.0.0.0.0.0.0.0.0.0.0.0.0.0.0.0.0.0.0.0.0.0.0.0.ip6.arpa
[2022-02-25 17:13:54,547] {taskinstance.py:1431} INFO - Exporting the following env vars:
AIRFLOW_CTX_DAG_OWNER=Adam
AIRFLOW_CTX_DAG_ID=comic_app_v2
AIRFLOW_CTX_TASK_ID=check_comic_info
AIRFLOW_CTX_EXECUTION_DATE=2022-01-04T00:00:00+00:00
AIRFLOW_CTX_DAG_RUN_ID=scheduled__2022-01-04T00:00:00+00:00
[2022-02-25 17:13:54,551] {logging_mixin.py:109} INFO - 去漫畫網站看有沒有新的章節
[2022-02-25 17:13:54,552] {python.py:175} INFO - Done. Returned value was: (False, None)
[2022-02-25 17:13:54,563] {taskinstance.py:1282} INFO - Marking task as SUCCESS. dag_id=comic_app_v2, task_id=check_comic_info, execution_date=20220104T000000, start_date=20220225T091354, end_date=20220225T091354
[2022-02-25 17:13:54,591] {local_task_job.py:154} INFO - Task exited with return code 0
[2022-02-25 17:13:54,623] {local_task_job.py:264} INFO - 1 downstream tasks scheduled from follow-on schedule check
[2022-02-25 17:18:44,035] {taskinstance.py:1037} INFO - Dependencies all met for <TaskInstance: comic_app_v2.check_comic_info scheduled__2022-01-04T00:00:00+00:00 [queued]>
[2022-02-25 17:18:44,043] {taskinstance.py:1037} INFO - Dependencies all met for <TaskInstance: comic_app_v2.check_comic_info scheduled__2022-01-04T00:00:00+00:00 [queued]>
[2022-02-25 17:18:44,043] {taskinstance.py:1243} INFO - 
--------------------------------------------------------------------------------
[2022-02-25 17:18:44,043] {taskinstance.py:1244} INFO - Starting attempt 1 of 3
[2022-02-25 17:18:44,043] {taskinstance.py:1245} INFO - 
--------------------------------------------------------------------------------
[2022-02-25 17:18:44,052] {taskinstance.py:1264} INFO - Executing <Task(PythonOperator): check_comic_info> on 2022-01-04 00:00:00+00:00
[2022-02-25 17:18:44,054] {standard_task_runner.py:52} INFO - Started process 17474 to run task
[2022-02-25 17:18:44,060] {standard_task_runner.py:76} INFO - Running: ['airflow', 'tasks', 'run', 'comic_app_v2', 'check_comic_info', 'scheduled__2022-01-04T00:00:00+00:00', '--job-id', '56', '--raw', '--subdir', 'DAGS_FOLDER/comic_app_v2.py', '--cfg-path', '/var/folders/jb/grqrlwkd311flwk_zt30r7wr0000gn/T/tmpfdz2o3ub', '--error-file', '/var/folders/jb/grqrlwkd311flwk_zt30r7wr0000gn/T/tmp86pch3x8']
[2022-02-25 17:18:44,062] {standard_task_runner.py:77} INFO - Job 56: Subtask check_comic_info
[2022-02-25 17:18:44,107] {logging_mixin.py:109} INFO - Running <TaskInstance: comic_app_v2.check_comic_info scheduled__2022-01-04T00:00:00+00:00 [running]> on host 1.0.0.0.0.0.0.0.0.0.0.0.0.0.0.0.0.0.0.0.0.0.0.0.0.0.0.0.0.0.0.0.ip6.arpa
[2022-02-25 17:18:44,146] {taskinstance.py:1431} INFO - Exporting the following env vars:
AIRFLOW_CTX_DAG_OWNER=Adam
AIRFLOW_CTX_DAG_ID=comic_app_v2
AIRFLOW_CTX_TASK_ID=check_comic_info
AIRFLOW_CTX_EXECUTION_DATE=2022-01-04T00:00:00+00:00
AIRFLOW_CTX_DAG_RUN_ID=scheduled__2022-01-04T00:00:00+00:00
[2022-02-25 17:18:44,150] {logging_mixin.py:109} INFO - 去漫畫網站看有沒有新的章節
[2022-02-25 17:18:44,151] {python.py:175} INFO - Done. Returned value was: (False, None)
[2022-02-25 17:18:44,163] {taskinstance.py:1282} INFO - Marking task as SUCCESS. dag_id=comic_app_v2, task_id=check_comic_info, execution_date=20220104T000000, start_date=20220225T091844, end_date=20220225T091844
[2022-02-25 17:18:44,203] {local_task_job.py:154} INFO - Task exited with return code 0
[2022-02-25 17:18:44,233] {local_task_job.py:264} INFO - 1 downstream tasks scheduled from follow-on schedule check
