[2022-02-28 14:58:54,440] {taskinstance.py:1037} INFO - Dependencies all met for <TaskInstance: comic_app_v2.get_read_history scheduled__2022-01-13T00:00:00+00:00 [queued]>
[2022-02-28 14:58:54,447] {taskinstance.py:1037} INFO - Dependencies all met for <TaskInstance: comic_app_v2.get_read_history scheduled__2022-01-13T00:00:00+00:00 [queued]>
[2022-02-28 14:58:54,447] {taskinstance.py:1243} INFO - 
--------------------------------------------------------------------------------
[2022-02-28 14:58:54,448] {taskinstance.py:1244} INFO - Starting attempt 1 of 3
[2022-02-28 14:58:54,448] {taskinstance.py:1245} INFO - 
--------------------------------------------------------------------------------
[2022-02-28 14:58:54,460] {taskinstance.py:1264} INFO - Executing <Task(PythonOperator): get_read_history> on 2022-01-13 00:00:00+00:00
[2022-02-28 14:58:54,462] {standard_task_runner.py:52} INFO - Started process 34389 to run task
[2022-02-28 14:58:54,471] {standard_task_runner.py:76} INFO - Running: ['airflow', 'tasks', 'run', 'comic_app_v2', 'get_read_history', 'scheduled__2022-01-13T00:00:00+00:00', '--job-id', '130', '--raw', '--subdir', 'DAGS_FOLDER/comic_app_v2.py', '--cfg-path', '/var/folders/jb/grqrlwkd311flwk_zt30r7wr0000gn/T/tmp87buztxl', '--error-file', '/var/folders/jb/grqrlwkd311flwk_zt30r7wr0000gn/T/tmpvf45ml71']
[2022-02-28 14:58:54,472] {standard_task_runner.py:77} INFO - Job 130: Subtask get_read_history
[2022-02-28 14:58:54,524] {logging_mixin.py:109} INFO - Running <TaskInstance: comic_app_v2.get_read_history scheduled__2022-01-13T00:00:00+00:00 [running]> on host 1.0.0.0.0.0.0.0.0.0.0.0.0.0.0.0.0.0.0.0.0.0.0.0.0.0.0.0.0.0.0.0.ip6.arpa
[2022-02-28 14:58:54,564] {taskinstance.py:1431} INFO - Exporting the following env vars:
AIRFLOW_CTX_DAG_OWNER=Adam
AIRFLOW_CTX_DAG_ID=comic_app_v2
AIRFLOW_CTX_TASK_ID=get_read_history
AIRFLOW_CTX_EXECUTION_DATE=2022-01-13T00:00:00+00:00
AIRFLOW_CTX_DAG_RUN_ID=scheduled__2022-01-13T00:00:00+00:00
[2022-02-28 14:58:54,565] {logging_mixin.py:109} INFO - 取得使用者的閱讀紀錄
[2022-02-28 14:58:54,566] {python.py:175} INFO - Done. Returned value was: None
[2022-02-28 14:58:54,574] {taskinstance.py:1282} INFO - Marking task as SUCCESS. dag_id=comic_app_v2, task_id=get_read_history, execution_date=20220113T000000, start_date=20220228T065854, end_date=20220228T065854
[2022-02-28 14:58:54,606] {local_task_job.py:154} INFO - Task exited with return code 0
[2022-02-28 14:58:54,639] {local_task_job.py:264} INFO - 1 downstream tasks scheduled from follow-on schedule check
[2022-02-28 15:05:24,887] {taskinstance.py:1037} INFO - Dependencies all met for <TaskInstance: comic_app_v2.get_read_history scheduled__2022-01-13T00:00:00+00:00 [queued]>
[2022-02-28 15:05:24,895] {taskinstance.py:1037} INFO - Dependencies all met for <TaskInstance: comic_app_v2.get_read_history scheduled__2022-01-13T00:00:00+00:00 [queued]>
[2022-02-28 15:05:24,895] {taskinstance.py:1243} INFO - 
--------------------------------------------------------------------------------
[2022-02-28 15:05:24,895] {taskinstance.py:1244} INFO - Starting attempt 1 of 3
[2022-02-28 15:05:24,896] {taskinstance.py:1245} INFO - 
--------------------------------------------------------------------------------
[2022-02-28 15:05:24,905] {taskinstance.py:1264} INFO - Executing <Task(PythonOperator): get_read_history> on 2022-01-13 00:00:00+00:00
[2022-02-28 15:05:24,907] {standard_task_runner.py:52} INFO - Started process 34978 to run task
[2022-02-28 15:05:24,913] {standard_task_runner.py:76} INFO - Running: ['airflow', 'tasks', 'run', 'comic_app_v2', 'get_read_history', 'scheduled__2022-01-13T00:00:00+00:00', '--job-id', '207', '--raw', '--subdir', 'DAGS_FOLDER/comic_app_v2.py', '--cfg-path', '/var/folders/jb/grqrlwkd311flwk_zt30r7wr0000gn/T/tmpund3q2uj', '--error-file', '/var/folders/jb/grqrlwkd311flwk_zt30r7wr0000gn/T/tmpwrn4rugj']
[2022-02-28 15:05:24,915] {standard_task_runner.py:77} INFO - Job 207: Subtask get_read_history
[2022-02-28 15:05:24,965] {logging_mixin.py:109} INFO - Running <TaskInstance: comic_app_v2.get_read_history scheduled__2022-01-13T00:00:00+00:00 [running]> on host 1.0.0.0.0.0.0.0.0.0.0.0.0.0.0.0.0.0.0.0.0.0.0.0.0.0.0.0.0.0.0.0.ip6.arpa
[2022-02-28 15:05:25,005] {taskinstance.py:1431} INFO - Exporting the following env vars:
AIRFLOW_CTX_DAG_OWNER=Adam
AIRFLOW_CTX_DAG_ID=comic_app_v2
AIRFLOW_CTX_TASK_ID=get_read_history
AIRFLOW_CTX_EXECUTION_DATE=2022-01-13T00:00:00+00:00
AIRFLOW_CTX_DAG_RUN_ID=scheduled__2022-01-13T00:00:00+00:00
[2022-02-28 15:05:25,006] {logging_mixin.py:109} INFO - 取得使用者的閱讀紀錄
[2022-02-28 15:05:25,006] {python.py:175} INFO - Done. Returned value was: None
[2022-02-28 15:05:25,013] {taskinstance.py:1282} INFO - Marking task as SUCCESS. dag_id=comic_app_v2, task_id=get_read_history, execution_date=20220113T000000, start_date=20220228T070524, end_date=20220228T070525
[2022-02-28 15:05:25,052] {local_task_job.py:154} INFO - Task exited with return code 0
[2022-02-28 15:05:25,082] {local_task_job.py:264} INFO - 1 downstream tasks scheduled from follow-on schedule check
