[2022-02-28 14:59:01,618] {taskinstance.py:1037} INFO - Dependencies all met for <TaskInstance: comic_app_v2.check_comic_info scheduled__2022-01-13T00:00:00+00:00 [queued]>
[2022-02-28 14:59:01,627] {taskinstance.py:1037} INFO - Dependencies all met for <TaskInstance: comic_app_v2.check_comic_info scheduled__2022-01-13T00:00:00+00:00 [queued]>
[2022-02-28 14:59:01,627] {taskinstance.py:1243} INFO - 
--------------------------------------------------------------------------------
[2022-02-28 14:59:01,627] {taskinstance.py:1244} INFO - Starting attempt 1 of 3
[2022-02-28 14:59:01,627] {taskinstance.py:1245} INFO - 
--------------------------------------------------------------------------------
[2022-02-28 14:59:01,637] {taskinstance.py:1264} INFO - Executing <Task(PythonOperator): check_comic_info> on 2022-01-13 00:00:00+00:00
[2022-02-28 14:59:01,639] {standard_task_runner.py:52} INFO - Started process 34405 to run task
[2022-02-28 14:59:01,646] {standard_task_runner.py:76} INFO - Running: ['airflow', 'tasks', 'run', 'comic_app_v2', 'check_comic_info', 'scheduled__2022-01-13T00:00:00+00:00', '--job-id', '133', '--raw', '--subdir', 'DAGS_FOLDER/comic_app_v2.py', '--cfg-path', '/var/folders/jb/grqrlwkd311flwk_zt30r7wr0000gn/T/tmpo4ez3i7a', '--error-file', '/var/folders/jb/grqrlwkd311flwk_zt30r7wr0000gn/T/tmpolf2lbi3']
[2022-02-28 14:59:01,648] {standard_task_runner.py:77} INFO - Job 133: Subtask check_comic_info
[2022-02-28 14:59:01,702] {logging_mixin.py:109} INFO - Running <TaskInstance: comic_app_v2.check_comic_info scheduled__2022-01-13T00:00:00+00:00 [running]> on host 1.0.0.0.0.0.0.0.0.0.0.0.0.0.0.0.0.0.0.0.0.0.0.0.0.0.0.0.0.0.0.0.ip6.arpa
[2022-02-28 14:59:01,743] {taskinstance.py:1431} INFO - Exporting the following env vars:
AIRFLOW_CTX_DAG_OWNER=Adam
AIRFLOW_CTX_DAG_ID=comic_app_v2
AIRFLOW_CTX_TASK_ID=check_comic_info
AIRFLOW_CTX_EXECUTION_DATE=2022-01-13T00:00:00+00:00
AIRFLOW_CTX_DAG_RUN_ID=scheduled__2022-01-13T00:00:00+00:00
[2022-02-28 14:59:01,747] {logging_mixin.py:109} INFO - 去漫畫網站看有沒有新的章節
[2022-02-28 14:59:01,747] {python.py:175} INFO - Done. Returned value was: (True, None)
[2022-02-28 14:59:01,762] {taskinstance.py:1282} INFO - Marking task as SUCCESS. dag_id=comic_app_v2, task_id=check_comic_info, execution_date=20220113T000000, start_date=20220228T065901, end_date=20220228T065901
[2022-02-28 14:59:01,781] {local_task_job.py:154} INFO - Task exited with return code 0
[2022-02-28 14:59:01,812] {local_task_job.py:264} INFO - 1 downstream tasks scheduled from follow-on schedule check
[2022-02-28 15:05:31,671] {taskinstance.py:1037} INFO - Dependencies all met for <TaskInstance: comic_app_v2.check_comic_info scheduled__2022-01-13T00:00:00+00:00 [queued]>
[2022-02-28 15:05:31,679] {taskinstance.py:1037} INFO - Dependencies all met for <TaskInstance: comic_app_v2.check_comic_info scheduled__2022-01-13T00:00:00+00:00 [queued]>
[2022-02-28 15:05:31,680] {taskinstance.py:1243} INFO - 
--------------------------------------------------------------------------------
[2022-02-28 15:05:31,680] {taskinstance.py:1244} INFO - Starting attempt 1 of 3
[2022-02-28 15:05:31,681] {taskinstance.py:1245} INFO - 
--------------------------------------------------------------------------------
[2022-02-28 15:05:31,692] {taskinstance.py:1264} INFO - Executing <Task(PythonOperator): check_comic_info> on 2022-01-13 00:00:00+00:00
[2022-02-28 15:05:31,694] {standard_task_runner.py:52} INFO - Started process 34989 to run task
[2022-02-28 15:05:31,701] {standard_task_runner.py:76} INFO - Running: ['airflow', 'tasks', 'run', 'comic_app_v2', 'check_comic_info', 'scheduled__2022-01-13T00:00:00+00:00', '--job-id', '209', '--raw', '--subdir', 'DAGS_FOLDER/comic_app_v2.py', '--cfg-path', '/var/folders/jb/grqrlwkd311flwk_zt30r7wr0000gn/T/tmpveiy_5b2', '--error-file', '/var/folders/jb/grqrlwkd311flwk_zt30r7wr0000gn/T/tmpp_43egkr']
[2022-02-28 15:05:31,704] {standard_task_runner.py:77} INFO - Job 209: Subtask check_comic_info
[2022-02-28 15:05:31,753] {logging_mixin.py:109} INFO - Running <TaskInstance: comic_app_v2.check_comic_info scheduled__2022-01-13T00:00:00+00:00 [running]> on host 1.0.0.0.0.0.0.0.0.0.0.0.0.0.0.0.0.0.0.0.0.0.0.0.0.0.0.0.0.0.0.0.ip6.arpa
[2022-02-28 15:05:31,794] {taskinstance.py:1431} INFO - Exporting the following env vars:
AIRFLOW_CTX_DAG_OWNER=Adam
AIRFLOW_CTX_DAG_ID=comic_app_v2
AIRFLOW_CTX_TASK_ID=check_comic_info
AIRFLOW_CTX_EXECUTION_DATE=2022-01-13T00:00:00+00:00
AIRFLOW_CTX_DAG_RUN_ID=scheduled__2022-01-13T00:00:00+00:00
[2022-02-28 15:05:31,799] {logging_mixin.py:109} INFO - 去漫畫網站看有沒有新的章節
[2022-02-28 15:05:32,277] {python.py:175} INFO - Done. Returned value was: (False, None)
[2022-02-28 15:05:32,300] {taskinstance.py:1282} INFO - Marking task as SUCCESS. dag_id=comic_app_v2, task_id=check_comic_info, execution_date=20220113T000000, start_date=20220228T070531, end_date=20220228T070532
[2022-02-28 15:05:32,335] {local_task_job.py:154} INFO - Task exited with return code 0
[2022-02-28 15:05:32,378] {local_task_job.py:264} INFO - 1 downstream tasks scheduled from follow-on schedule check
