[2022-02-25 17:14:01,523] {taskinstance.py:1037} INFO - Dependencies all met for <TaskInstance: comic_app_v2.send_notification scheduled__2022-01-01T00:00:00+00:00 [queued]>
[2022-02-25 17:14:01,533] {taskinstance.py:1037} INFO - Dependencies all met for <TaskInstance: comic_app_v2.send_notification scheduled__2022-01-01T00:00:00+00:00 [queued]>
[2022-02-25 17:14:01,533] {taskinstance.py:1243} INFO - 
--------------------------------------------------------------------------------
[2022-02-25 17:14:01,533] {taskinstance.py:1244} INFO - Starting attempt 1 of 3
[2022-02-25 17:14:01,533] {taskinstance.py:1245} INFO - 
--------------------------------------------------------------------------------
[2022-02-25 17:14:01,547] {taskinstance.py:1264} INFO - Executing <Task(SlackAPIPostOperator): send_notification> on 2022-01-01 00:00:00+00:00
[2022-02-25 17:14:01,551] {standard_task_runner.py:52} INFO - Started process 17068 to run task
[2022-02-25 17:14:01,557] {standard_task_runner.py:76} INFO - Running: ['airflow', 'tasks', 'run', 'comic_app_v2', 'send_notification', 'scheduled__2022-01-01T00:00:00+00:00', '--job-id', '24', '--raw', '--subdir', 'DAGS_FOLDER/comic_app_v2.py', '--cfg-path', '/var/folders/jb/grqrlwkd311flwk_zt30r7wr0000gn/T/tmp3vgd9bs3', '--error-file', '/var/folders/jb/grqrlwkd311flwk_zt30r7wr0000gn/T/tmp4psrg2ah']
[2022-02-25 17:14:01,559] {standard_task_runner.py:77} INFO - Job 24: Subtask send_notification
[2022-02-25 17:14:01,620] {logging_mixin.py:109} INFO - Running <TaskInstance: comic_app_v2.send_notification scheduled__2022-01-01T00:00:00+00:00 [running]> on host 1.0.0.0.0.0.0.0.0.0.0.0.0.0.0.0.0.0.0.0.0.0.0.0.0.0.0.0.0.0.0.0.ip6.arpa
[2022-02-25 17:14:01,678] {taskinstance.py:1431} INFO - Exporting the following env vars:
AIRFLOW_CTX_DAG_OWNER=Adam
AIRFLOW_CTX_DAG_ID=comic_app_v2
AIRFLOW_CTX_TASK_ID=send_notification
AIRFLOW_CTX_EXECUTION_DATE=2022-01-01T00:00:00+00:00
AIRFLOW_CTX_DAG_RUN_ID=scheduled__2022-01-01T00:00:00+00:00
[2022-02-25 17:14:02,322] {taskinstance.py:1282} INFO - Marking task as SUCCESS. dag_id=comic_app_v2, task_id=send_notification, execution_date=20220101T000000, start_date=20220225T091401, end_date=20220225T091402
[2022-02-25 17:14:02,381] {local_task_job.py:154} INFO - Task exited with return code 0
[2022-02-25 17:14:02,426] {local_task_job.py:264} INFO - 1 downstream tasks scheduled from follow-on schedule check
[2022-02-28 14:57:35,648] {taskinstance.py:1037} INFO - Dependencies all met for <TaskInstance: comic_app_v2.send_notification scheduled__2022-01-01T00:00:00+00:00 [queued]>
[2022-02-28 14:57:35,658] {taskinstance.py:1037} INFO - Dependencies all met for <TaskInstance: comic_app_v2.send_notification scheduled__2022-01-01T00:00:00+00:00 [queued]>
[2022-02-28 14:57:35,658] {taskinstance.py:1243} INFO - 
--------------------------------------------------------------------------------
[2022-02-28 14:57:35,658] {taskinstance.py:1244} INFO - Starting attempt 1 of 3
[2022-02-28 14:57:35,658] {taskinstance.py:1245} INFO - 
--------------------------------------------------------------------------------
[2022-02-28 14:57:35,668] {taskinstance.py:1264} INFO - Executing <Task(SlackAPIPostOperator): send_notification> on 2022-01-01 00:00:00+00:00
[2022-02-28 14:57:35,671] {standard_task_runner.py:52} INFO - Started process 34232 to run task
[2022-02-28 14:57:35,680] {standard_task_runner.py:76} INFO - Running: ['airflow', 'tasks', 'run', 'comic_app_v2', 'send_notification', 'scheduled__2022-01-01T00:00:00+00:00', '--job-id', '100', '--raw', '--subdir', 'DAGS_FOLDER/comic_app_v2.py', '--cfg-path', '/var/folders/jb/grqrlwkd311flwk_zt30r7wr0000gn/T/tmp020dakqq', '--error-file', '/var/folders/jb/grqrlwkd311flwk_zt30r7wr0000gn/T/tmpk1sk62gm']
[2022-02-28 14:57:35,682] {standard_task_runner.py:77} INFO - Job 100: Subtask send_notification
[2022-02-28 14:57:35,726] {logging_mixin.py:109} INFO - Running <TaskInstance: comic_app_v2.send_notification scheduled__2022-01-01T00:00:00+00:00 [running]> on host 1.0.0.0.0.0.0.0.0.0.0.0.0.0.0.0.0.0.0.0.0.0.0.0.0.0.0.0.0.0.0.0.ip6.arpa
[2022-02-28 14:57:35,764] {taskinstance.py:1431} INFO - Exporting the following env vars:
AIRFLOW_CTX_DAG_OWNER=Adam
AIRFLOW_CTX_DAG_ID=comic_app_v2
AIRFLOW_CTX_TASK_ID=send_notification
AIRFLOW_CTX_EXECUTION_DATE=2022-01-01T00:00:00+00:00
AIRFLOW_CTX_DAG_RUN_ID=scheduled__2022-01-01T00:00:00+00:00
[2022-02-28 14:57:36,597] {taskinstance.py:1282} INFO - Marking task as SUCCESS. dag_id=comic_app_v2, task_id=send_notification, execution_date=20220101T000000, start_date=20220228T065735, end_date=20220228T065736
[2022-02-28 14:57:36,632] {local_task_job.py:154} INFO - Task exited with return code 0
[2022-02-28 14:57:36,660] {local_task_job.py:264} INFO - 1 downstream tasks scheduled from follow-on schedule check
[2022-02-28 15:09:40,587] {taskinstance.py:1037} INFO - Dependencies all met for <TaskInstance: comic_app_v2.send_notification scheduled__2022-01-01T00:00:00+00:00 [queued]>
[2022-02-28 15:09:40,595] {taskinstance.py:1037} INFO - Dependencies all met for <TaskInstance: comic_app_v2.send_notification scheduled__2022-01-01T00:00:00+00:00 [queued]>
[2022-02-28 15:09:40,595] {taskinstance.py:1243} INFO - 
--------------------------------------------------------------------------------
[2022-02-28 15:09:40,595] {taskinstance.py:1244} INFO - Starting attempt 1 of 3
[2022-02-28 15:09:40,595] {taskinstance.py:1245} INFO - 
--------------------------------------------------------------------------------
[2022-02-28 15:09:40,605] {taskinstance.py:1264} INFO - Executing <Task(SlackAPIPostOperator): send_notification> on 2022-01-01 00:00:00+00:00
[2022-02-28 15:09:40,607] {standard_task_runner.py:52} INFO - Started process 35501 to run task
[2022-02-28 15:09:40,612] {standard_task_runner.py:76} INFO - Running: ['airflow', 'tasks', 'run', 'comic_app_v2', 'send_notification', 'scheduled__2022-01-01T00:00:00+00:00', '--job-id', '249', '--raw', '--subdir', 'DAGS_FOLDER/comic_app_v2.py', '--cfg-path', '/var/folders/jb/grqrlwkd311flwk_zt30r7wr0000gn/T/tmprt0j_0zz', '--error-file', '/var/folders/jb/grqrlwkd311flwk_zt30r7wr0000gn/T/tmp0cvd81nm']
[2022-02-28 15:09:40,614] {standard_task_runner.py:77} INFO - Job 249: Subtask send_notification
[2022-02-28 15:09:40,654] {logging_mixin.py:109} INFO - Running <TaskInstance: comic_app_v2.send_notification scheduled__2022-01-01T00:00:00+00:00 [running]> on host 1.0.0.0.0.0.0.0.0.0.0.0.0.0.0.0.0.0.0.0.0.0.0.0.0.0.0.0.0.0.0.0.ip6.arpa
[2022-02-28 15:09:40,691] {taskinstance.py:1431} INFO - Exporting the following env vars:
AIRFLOW_CTX_DAG_OWNER=Adam
AIRFLOW_CTX_DAG_ID=comic_app_v2
AIRFLOW_CTX_TASK_ID=send_notification
AIRFLOW_CTX_EXECUTION_DATE=2022-01-01T00:00:00+00:00
AIRFLOW_CTX_DAG_RUN_ID=scheduled__2022-01-01T00:00:00+00:00
[2022-02-28 15:09:41,130] {taskinstance.py:1282} INFO - Marking task as SUCCESS. dag_id=comic_app_v2, task_id=send_notification, execution_date=20220101T000000, start_date=20220228T070940, end_date=20220228T070941
[2022-02-28 15:09:41,148] {local_task_job.py:154} INFO - Task exited with return code 0
[2022-02-28 15:09:41,172] {local_task_job.py:264} INFO - 1 downstream tasks scheduled from follow-on schedule check
