[2022-02-25 17:14:15,239] {taskinstance.py:1037} INFO - Dependencies all met for <TaskInstance: comic_app_v2.update_read_history scheduled__2022-01-01T00:00:00+00:00 [queued]>
[2022-02-25 17:14:15,246] {taskinstance.py:1037} INFO - Dependencies all met for <TaskInstance: comic_app_v2.update_read_history scheduled__2022-01-01T00:00:00+00:00 [queued]>
[2022-02-25 17:14:15,246] {taskinstance.py:1243} INFO - 
--------------------------------------------------------------------------------
[2022-02-25 17:14:15,246] {taskinstance.py:1244} INFO - Starting attempt 1 of 3
[2022-02-25 17:14:15,246] {taskinstance.py:1245} INFO - 
--------------------------------------------------------------------------------
[2022-02-25 17:14:15,256] {taskinstance.py:1264} INFO - Executing <Task(PythonOperator): update_read_history> on 2022-01-01 00:00:00+00:00
[2022-02-25 17:14:15,258] {standard_task_runner.py:52} INFO - Started process 17101 to run task
[2022-02-25 17:14:15,264] {standard_task_runner.py:76} INFO - Running: ['airflow', 'tasks', 'run', 'comic_app_v2', 'update_read_history', 'scheduled__2022-01-01T00:00:00+00:00', '--job-id', '29', '--raw', '--subdir', 'DAGS_FOLDER/comic_app_v2.py', '--cfg-path', '/var/folders/jb/grqrlwkd311flwk_zt30r7wr0000gn/T/tmpqtbwd4gn', '--error-file', '/var/folders/jb/grqrlwkd311flwk_zt30r7wr0000gn/T/tmpiq8w8hjo']
[2022-02-25 17:14:15,265] {standard_task_runner.py:77} INFO - Job 29: Subtask update_read_history
[2022-02-25 17:14:15,309] {logging_mixin.py:109} INFO - Running <TaskInstance: comic_app_v2.update_read_history scheduled__2022-01-01T00:00:00+00:00 [running]> on host 1.0.0.0.0.0.0.0.0.0.0.0.0.0.0.0.0.0.0.0.0.0.0.0.0.0.0.0.0.0.0.0.ip6.arpa
[2022-02-25 17:14:15,349] {taskinstance.py:1431} INFO - Exporting the following env vars:
AIRFLOW_CTX_DAG_OWNER=Adam
AIRFLOW_CTX_DAG_ID=comic_app_v2
AIRFLOW_CTX_TASK_ID=update_read_history
AIRFLOW_CTX_EXECUTION_DATE=2022-01-01T00:00:00+00:00
AIRFLOW_CTX_DAG_RUN_ID=scheduled__2022-01-01T00:00:00+00:00
[2022-02-25 17:14:15,350] {logging_mixin.py:109} INFO - 更新閱讀紀錄
[2022-02-25 17:14:15,350] {python.py:175} INFO - Done. Returned value was: None
[2022-02-25 17:14:15,357] {taskinstance.py:1282} INFO - Marking task as SUCCESS. dag_id=comic_app_v2, task_id=update_read_history, execution_date=20220101T000000, start_date=20220225T091415, end_date=20220225T091415
[2022-02-25 17:14:15,408] {local_task_job.py:154} INFO - Task exited with return code 0
[2022-02-25 17:14:15,428] {local_task_job.py:264} INFO - 0 downstream tasks scheduled from follow-on schedule check
