[2022-02-28 14:25:52,838] {processor.py:163} INFO - Started process (PID=31712) to work on /opt/anaconda3/envs/airflow/lib/python3.7/site-packages/airflow/example_dags/example_branch_labels.py
[2022-02-28 14:25:52,839] {processor.py:642} INFO - Processing file /opt/anaconda3/envs/airflow/lib/python3.7/site-packages/airflow/example_dags/example_branch_labels.py for tasks to queue
[2022-02-28 14:25:52,840] {logging_mixin.py:109} INFO - [2022-02-28 14:25:52,840] {dagbag.py:500} INFO - Filling up the DagBag from /opt/anaconda3/envs/airflow/lib/python3.7/site-packages/airflow/example_dags/example_branch_labels.py
[2022-02-28 14:25:52,872] {processor.py:654} INFO - DAG(s) dict_keys(['example_branch_labels']) retrieved from /opt/anaconda3/envs/airflow/lib/python3.7/site-packages/airflow/example_dags/example_branch_labels.py
[2022-02-28 14:25:52,883] {logging_mixin.py:109} INFO - [2022-02-28 14:25:52,882] {dag.py:2398} INFO - Sync 1 DAGs
[2022-02-28 14:25:52,899] {logging_mixin.py:109} INFO - [2022-02-28 14:25:52,898] {dag.py:2937} INFO - Setting next_dagrun for example_branch_labels to 2022-02-27 00:00:00+00:00
[2022-02-28 14:25:52,908] {processor.py:171} INFO - Processing /opt/anaconda3/envs/airflow/lib/python3.7/site-packages/airflow/example_dags/example_branch_labels.py took 0.074 seconds
[2022-02-28 14:26:41,494] {processor.py:163} INFO - Started process (PID=31787) to work on /opt/anaconda3/envs/airflow/lib/python3.7/site-packages/airflow/example_dags/example_branch_labels.py
[2022-02-28 14:26:41,497] {processor.py:642} INFO - Processing file /opt/anaconda3/envs/airflow/lib/python3.7/site-packages/airflow/example_dags/example_branch_labels.py for tasks to queue
[2022-02-28 14:26:41,499] {logging_mixin.py:109} INFO - [2022-02-28 14:26:41,498] {dagbag.py:500} INFO - Filling up the DagBag from /opt/anaconda3/envs/airflow/lib/python3.7/site-packages/airflow/example_dags/example_branch_labels.py
[2022-02-28 14:26:41,533] {processor.py:654} INFO - DAG(s) dict_keys(['example_branch_labels']) retrieved from /opt/anaconda3/envs/airflow/lib/python3.7/site-packages/airflow/example_dags/example_branch_labels.py
[2022-02-28 14:26:41,544] {logging_mixin.py:109} INFO - [2022-02-28 14:26:41,543] {dag.py:2398} INFO - Sync 1 DAGs
[2022-02-28 14:26:41,561] {logging_mixin.py:109} INFO - [2022-02-28 14:26:41,560] {dag.py:2937} INFO - Setting next_dagrun for example_branch_labels to 2022-02-27 00:00:00+00:00
[2022-02-28 14:26:41,571] {processor.py:171} INFO - Processing /opt/anaconda3/envs/airflow/lib/python3.7/site-packages/airflow/example_dags/example_branch_labels.py took 0.081 seconds
[2022-02-28 14:27:21,869] {processor.py:163} INFO - Started process (PID=31840) to work on /opt/anaconda3/envs/airflow/lib/python3.7/site-packages/airflow/example_dags/example_branch_labels.py
[2022-02-28 14:27:21,872] {processor.py:642} INFO - Processing file /opt/anaconda3/envs/airflow/lib/python3.7/site-packages/airflow/example_dags/example_branch_labels.py for tasks to queue
[2022-02-28 14:27:21,873] {logging_mixin.py:109} INFO - [2022-02-28 14:27:21,873] {dagbag.py:500} INFO - Filling up the DagBag from /opt/anaconda3/envs/airflow/lib/python3.7/site-packages/airflow/example_dags/example_branch_labels.py
[2022-02-28 14:27:21,906] {processor.py:654} INFO - DAG(s) dict_keys(['example_branch_labels']) retrieved from /opt/anaconda3/envs/airflow/lib/python3.7/site-packages/airflow/example_dags/example_branch_labels.py
[2022-02-28 14:27:21,918] {logging_mixin.py:109} INFO - [2022-02-28 14:27:21,918] {dag.py:2398} INFO - Sync 1 DAGs
[2022-02-28 14:27:21,935] {logging_mixin.py:109} INFO - [2022-02-28 14:27:21,934] {dag.py:2937} INFO - Setting next_dagrun for example_branch_labels to 2022-02-27 00:00:00+00:00
[2022-02-28 14:27:21,943] {processor.py:171} INFO - Processing /opt/anaconda3/envs/airflow/lib/python3.7/site-packages/airflow/example_dags/example_branch_labels.py took 0.078 seconds
[2022-02-28 14:29:23,292] {processor.py:163} INFO - Started process (PID=32067) to work on /opt/anaconda3/envs/airflow/lib/python3.7/site-packages/airflow/example_dags/example_branch_labels.py
[2022-02-28 14:29:23,294] {processor.py:642} INFO - Processing file /opt/anaconda3/envs/airflow/lib/python3.7/site-packages/airflow/example_dags/example_branch_labels.py for tasks to queue
[2022-02-28 14:29:23,295] {logging_mixin.py:109} INFO - [2022-02-28 14:29:23,295] {dagbag.py:500} INFO - Filling up the DagBag from /opt/anaconda3/envs/airflow/lib/python3.7/site-packages/airflow/example_dags/example_branch_labels.py
[2022-02-28 14:29:23,326] {processor.py:654} INFO - DAG(s) dict_keys(['example_branch_labels']) retrieved from /opt/anaconda3/envs/airflow/lib/python3.7/site-packages/airflow/example_dags/example_branch_labels.py
[2022-02-28 14:29:23,338] {logging_mixin.py:109} INFO - [2022-02-28 14:29:23,338] {dag.py:2398} INFO - Sync 1 DAGs
[2022-02-28 14:29:23,354] {logging_mixin.py:109} INFO - [2022-02-28 14:29:23,353] {dag.py:2937} INFO - Setting next_dagrun for example_branch_labels to 2022-02-27 00:00:00+00:00
[2022-02-28 14:29:23,362] {processor.py:171} INFO - Processing /opt/anaconda3/envs/airflow/lib/python3.7/site-packages/airflow/example_dags/example_branch_labels.py took 0.074 seconds
[2022-02-28 14:30:08,818] {processor.py:163} INFO - Started process (PID=32128) to work on /opt/anaconda3/envs/airflow/lib/python3.7/site-packages/airflow/example_dags/example_branch_labels.py
[2022-02-28 14:30:08,822] {processor.py:642} INFO - Processing file /opt/anaconda3/envs/airflow/lib/python3.7/site-packages/airflow/example_dags/example_branch_labels.py for tasks to queue
[2022-02-28 14:30:08,823] {logging_mixin.py:109} INFO - [2022-02-28 14:30:08,823] {dagbag.py:500} INFO - Filling up the DagBag from /opt/anaconda3/envs/airflow/lib/python3.7/site-packages/airflow/example_dags/example_branch_labels.py
[2022-02-28 14:30:08,869] {processor.py:654} INFO - DAG(s) dict_keys(['example_branch_labels']) retrieved from /opt/anaconda3/envs/airflow/lib/python3.7/site-packages/airflow/example_dags/example_branch_labels.py
[2022-02-28 14:30:08,883] {logging_mixin.py:109} INFO - [2022-02-28 14:30:08,883] {dag.py:2398} INFO - Sync 1 DAGs
[2022-02-28 14:30:08,903] {logging_mixin.py:109} INFO - [2022-02-28 14:30:08,903] {dag.py:2937} INFO - Setting next_dagrun for example_branch_labels to 2022-02-27 00:00:00+00:00
[2022-02-28 14:30:08,917] {processor.py:171} INFO - Processing /opt/anaconda3/envs/airflow/lib/python3.7/site-packages/airflow/example_dags/example_branch_labels.py took 0.104 seconds
[2022-02-28 14:30:47,374] {processor.py:163} INFO - Started process (PID=32164) to work on /opt/anaconda3/envs/airflow/lib/python3.7/site-packages/airflow/example_dags/example_branch_labels.py
[2022-02-28 14:30:47,375] {processor.py:642} INFO - Processing file /opt/anaconda3/envs/airflow/lib/python3.7/site-packages/airflow/example_dags/example_branch_labels.py for tasks to queue
[2022-02-28 14:30:47,376] {logging_mixin.py:109} INFO - [2022-02-28 14:30:47,376] {dagbag.py:500} INFO - Filling up the DagBag from /opt/anaconda3/envs/airflow/lib/python3.7/site-packages/airflow/example_dags/example_branch_labels.py
[2022-02-28 14:30:47,409] {processor.py:654} INFO - DAG(s) dict_keys(['example_branch_labels']) retrieved from /opt/anaconda3/envs/airflow/lib/python3.7/site-packages/airflow/example_dags/example_branch_labels.py
[2022-02-28 14:30:47,421] {logging_mixin.py:109} INFO - [2022-02-28 14:30:47,420] {dag.py:2398} INFO - Sync 1 DAGs
[2022-02-28 14:30:47,438] {logging_mixin.py:109} INFO - [2022-02-28 14:30:47,438] {dag.py:2937} INFO - Setting next_dagrun for example_branch_labels to 2022-02-27 00:00:00+00:00
[2022-02-28 14:30:47,448] {processor.py:171} INFO - Processing /opt/anaconda3/envs/airflow/lib/python3.7/site-packages/airflow/example_dags/example_branch_labels.py took 0.078 seconds
[2022-02-28 14:33:24,143] {processor.py:163} INFO - Started process (PID=32352) to work on /opt/anaconda3/envs/airflow/lib/python3.7/site-packages/airflow/example_dags/example_branch_labels.py
[2022-02-28 14:33:24,146] {processor.py:642} INFO - Processing file /opt/anaconda3/envs/airflow/lib/python3.7/site-packages/airflow/example_dags/example_branch_labels.py for tasks to queue
[2022-02-28 14:33:24,147] {logging_mixin.py:109} INFO - [2022-02-28 14:33:24,147] {dagbag.py:500} INFO - Filling up the DagBag from /opt/anaconda3/envs/airflow/lib/python3.7/site-packages/airflow/example_dags/example_branch_labels.py
[2022-02-28 14:33:24,186] {processor.py:654} INFO - DAG(s) dict_keys(['example_branch_labels']) retrieved from /opt/anaconda3/envs/airflow/lib/python3.7/site-packages/airflow/example_dags/example_branch_labels.py
[2022-02-28 14:33:24,198] {logging_mixin.py:109} INFO - [2022-02-28 14:33:24,198] {dag.py:2398} INFO - Sync 1 DAGs
[2022-02-28 14:33:24,216] {logging_mixin.py:109} INFO - [2022-02-28 14:33:24,216] {dag.py:2937} INFO - Setting next_dagrun for example_branch_labels to 2022-02-27 00:00:00+00:00
[2022-02-28 14:33:24,227] {processor.py:171} INFO - Processing /opt/anaconda3/envs/airflow/lib/python3.7/site-packages/airflow/example_dags/example_branch_labels.py took 0.088 seconds
[2022-02-28 14:34:09,376] {processor.py:163} INFO - Started process (PID=32433) to work on /opt/anaconda3/envs/airflow/lib/python3.7/site-packages/airflow/example_dags/example_branch_labels.py
[2022-02-28 14:34:09,379] {processor.py:642} INFO - Processing file /opt/anaconda3/envs/airflow/lib/python3.7/site-packages/airflow/example_dags/example_branch_labels.py for tasks to queue
[2022-02-28 14:34:09,381] {logging_mixin.py:109} INFO - [2022-02-28 14:34:09,381] {dagbag.py:500} INFO - Filling up the DagBag from /opt/anaconda3/envs/airflow/lib/python3.7/site-packages/airflow/example_dags/example_branch_labels.py
[2022-02-28 14:34:09,419] {processor.py:654} INFO - DAG(s) dict_keys(['example_branch_labels']) retrieved from /opt/anaconda3/envs/airflow/lib/python3.7/site-packages/airflow/example_dags/example_branch_labels.py
[2022-02-28 14:34:09,433] {logging_mixin.py:109} INFO - [2022-02-28 14:34:09,433] {dag.py:2398} INFO - Sync 1 DAGs
[2022-02-28 14:34:09,454] {logging_mixin.py:109} INFO - [2022-02-28 14:34:09,453] {dag.py:2937} INFO - Setting next_dagrun for example_branch_labels to 2022-02-27 00:00:00+00:00
[2022-02-28 14:34:09,466] {processor.py:171} INFO - Processing /opt/anaconda3/envs/airflow/lib/python3.7/site-packages/airflow/example_dags/example_branch_labels.py took 0.095 seconds
[2022-02-28 14:34:56,020] {processor.py:163} INFO - Started process (PID=32488) to work on /opt/anaconda3/envs/airflow/lib/python3.7/site-packages/airflow/example_dags/example_branch_labels.py
[2022-02-28 14:34:56,022] {processor.py:642} INFO - Processing file /opt/anaconda3/envs/airflow/lib/python3.7/site-packages/airflow/example_dags/example_branch_labels.py for tasks to queue
[2022-02-28 14:34:56,023] {logging_mixin.py:109} INFO - [2022-02-28 14:34:56,023] {dagbag.py:500} INFO - Filling up the DagBag from /opt/anaconda3/envs/airflow/lib/python3.7/site-packages/airflow/example_dags/example_branch_labels.py
[2022-02-28 14:34:56,059] {processor.py:654} INFO - DAG(s) dict_keys(['example_branch_labels']) retrieved from /opt/anaconda3/envs/airflow/lib/python3.7/site-packages/airflow/example_dags/example_branch_labels.py
[2022-02-28 14:34:56,071] {logging_mixin.py:109} INFO - [2022-02-28 14:34:56,071] {dag.py:2398} INFO - Sync 1 DAGs
[2022-02-28 14:34:56,088] {logging_mixin.py:109} INFO - [2022-02-28 14:34:56,088] {dag.py:2937} INFO - Setting next_dagrun for example_branch_labels to 2022-02-27 00:00:00+00:00
[2022-02-28 14:34:56,099] {processor.py:171} INFO - Processing /opt/anaconda3/envs/airflow/lib/python3.7/site-packages/airflow/example_dags/example_branch_labels.py took 0.083 seconds
[2022-02-28 14:35:37,005] {processor.py:163} INFO - Started process (PID=32530) to work on /opt/anaconda3/envs/airflow/lib/python3.7/site-packages/airflow/example_dags/example_branch_labels.py
[2022-02-28 14:35:37,008] {processor.py:642} INFO - Processing file /opt/anaconda3/envs/airflow/lib/python3.7/site-packages/airflow/example_dags/example_branch_labels.py for tasks to queue
[2022-02-28 14:35:37,009] {logging_mixin.py:109} INFO - [2022-02-28 14:35:37,008] {dagbag.py:500} INFO - Filling up the DagBag from /opt/anaconda3/envs/airflow/lib/python3.7/site-packages/airflow/example_dags/example_branch_labels.py
[2022-02-28 14:35:37,044] {processor.py:654} INFO - DAG(s) dict_keys(['example_branch_labels']) retrieved from /opt/anaconda3/envs/airflow/lib/python3.7/site-packages/airflow/example_dags/example_branch_labels.py
[2022-02-28 14:35:37,056] {logging_mixin.py:109} INFO - [2022-02-28 14:35:37,056] {dag.py:2398} INFO - Sync 1 DAGs
[2022-02-28 14:35:37,072] {logging_mixin.py:109} INFO - [2022-02-28 14:35:37,072] {dag.py:2937} INFO - Setting next_dagrun for example_branch_labels to 2022-02-27 00:00:00+00:00
[2022-02-28 14:35:37,082] {processor.py:171} INFO - Processing /opt/anaconda3/envs/airflow/lib/python3.7/site-packages/airflow/example_dags/example_branch_labels.py took 0.082 seconds
[2022-02-28 14:36:23,403] {processor.py:163} INFO - Started process (PID=32581) to work on /opt/anaconda3/envs/airflow/lib/python3.7/site-packages/airflow/example_dags/example_branch_labels.py
[2022-02-28 14:36:23,405] {processor.py:642} INFO - Processing file /opt/anaconda3/envs/airflow/lib/python3.7/site-packages/airflow/example_dags/example_branch_labels.py for tasks to queue
[2022-02-28 14:36:23,406] {logging_mixin.py:109} INFO - [2022-02-28 14:36:23,406] {dagbag.py:500} INFO - Filling up the DagBag from /opt/anaconda3/envs/airflow/lib/python3.7/site-packages/airflow/example_dags/example_branch_labels.py
[2022-02-28 14:36:23,438] {processor.py:654} INFO - DAG(s) dict_keys(['example_branch_labels']) retrieved from /opt/anaconda3/envs/airflow/lib/python3.7/site-packages/airflow/example_dags/example_branch_labels.py
[2022-02-28 14:36:23,450] {logging_mixin.py:109} INFO - [2022-02-28 14:36:23,450] {dag.py:2398} INFO - Sync 1 DAGs
[2022-02-28 14:36:23,467] {logging_mixin.py:109} INFO - [2022-02-28 14:36:23,467] {dag.py:2937} INFO - Setting next_dagrun for example_branch_labels to 2022-02-27 00:00:00+00:00
[2022-02-28 14:36:23,479] {processor.py:171} INFO - Processing /opt/anaconda3/envs/airflow/lib/python3.7/site-packages/airflow/example_dags/example_branch_labels.py took 0.080 seconds
[2022-02-28 14:37:03,121] {processor.py:163} INFO - Started process (PID=32621) to work on /opt/anaconda3/envs/airflow/lib/python3.7/site-packages/airflow/example_dags/example_branch_labels.py
[2022-02-28 14:37:03,123] {processor.py:642} INFO - Processing file /opt/anaconda3/envs/airflow/lib/python3.7/site-packages/airflow/example_dags/example_branch_labels.py for tasks to queue
[2022-02-28 14:37:03,125] {logging_mixin.py:109} INFO - [2022-02-28 14:37:03,124] {dagbag.py:500} INFO - Filling up the DagBag from /opt/anaconda3/envs/airflow/lib/python3.7/site-packages/airflow/example_dags/example_branch_labels.py
[2022-02-28 14:37:03,170] {processor.py:654} INFO - DAG(s) dict_keys(['example_branch_labels']) retrieved from /opt/anaconda3/envs/airflow/lib/python3.7/site-packages/airflow/example_dags/example_branch_labels.py
[2022-02-28 14:37:03,184] {logging_mixin.py:109} INFO - [2022-02-28 14:37:03,184] {dag.py:2398} INFO - Sync 1 DAGs
[2022-02-28 14:37:03,202] {logging_mixin.py:109} INFO - [2022-02-28 14:37:03,202] {dag.py:2937} INFO - Setting next_dagrun for example_branch_labels to 2022-02-27 00:00:00+00:00
[2022-02-28 14:37:03,212] {processor.py:171} INFO - Processing /opt/anaconda3/envs/airflow/lib/python3.7/site-packages/airflow/example_dags/example_branch_labels.py took 0.096 seconds
[2022-02-28 14:37:42,090] {processor.py:163} INFO - Started process (PID=32657) to work on /opt/anaconda3/envs/airflow/lib/python3.7/site-packages/airflow/example_dags/example_branch_labels.py
[2022-02-28 14:37:42,093] {processor.py:642} INFO - Processing file /opt/anaconda3/envs/airflow/lib/python3.7/site-packages/airflow/example_dags/example_branch_labels.py for tasks to queue
[2022-02-28 14:37:42,095] {logging_mixin.py:109} INFO - [2022-02-28 14:37:42,094] {dagbag.py:500} INFO - Filling up the DagBag from /opt/anaconda3/envs/airflow/lib/python3.7/site-packages/airflow/example_dags/example_branch_labels.py
[2022-02-28 14:37:42,129] {processor.py:654} INFO - DAG(s) dict_keys(['example_branch_labels']) retrieved from /opt/anaconda3/envs/airflow/lib/python3.7/site-packages/airflow/example_dags/example_branch_labels.py
[2022-02-28 14:37:42,141] {logging_mixin.py:109} INFO - [2022-02-28 14:37:42,141] {dag.py:2398} INFO - Sync 1 DAGs
[2022-02-28 14:37:42,156] {logging_mixin.py:109} INFO - [2022-02-28 14:37:42,156] {dag.py:2937} INFO - Setting next_dagrun for example_branch_labels to 2022-02-27 00:00:00+00:00
[2022-02-28 14:37:42,166] {processor.py:171} INFO - Processing /opt/anaconda3/envs/airflow/lib/python3.7/site-packages/airflow/example_dags/example_branch_labels.py took 0.080 seconds
[2022-02-28 14:38:25,856] {processor.py:163} INFO - Started process (PID=32699) to work on /opt/anaconda3/envs/airflow/lib/python3.7/site-packages/airflow/example_dags/example_branch_labels.py
[2022-02-28 14:38:25,859] {processor.py:642} INFO - Processing file /opt/anaconda3/envs/airflow/lib/python3.7/site-packages/airflow/example_dags/example_branch_labels.py for tasks to queue
[2022-02-28 14:38:25,860] {logging_mixin.py:109} INFO - [2022-02-28 14:38:25,860] {dagbag.py:500} INFO - Filling up the DagBag from /opt/anaconda3/envs/airflow/lib/python3.7/site-packages/airflow/example_dags/example_branch_labels.py
[2022-02-28 14:38:25,891] {processor.py:654} INFO - DAG(s) dict_keys(['example_branch_labels']) retrieved from /opt/anaconda3/envs/airflow/lib/python3.7/site-packages/airflow/example_dags/example_branch_labels.py
[2022-02-28 14:38:25,903] {logging_mixin.py:109} INFO - [2022-02-28 14:38:25,903] {dag.py:2398} INFO - Sync 1 DAGs
[2022-02-28 14:38:25,920] {logging_mixin.py:109} INFO - [2022-02-28 14:38:25,919] {dag.py:2937} INFO - Setting next_dagrun for example_branch_labels to 2022-02-27 00:00:00+00:00
[2022-02-28 14:38:25,930] {processor.py:171} INFO - Processing /opt/anaconda3/envs/airflow/lib/python3.7/site-packages/airflow/example_dags/example_branch_labels.py took 0.077 seconds
[2022-02-28 14:39:12,653] {processor.py:163} INFO - Started process (PID=32743) to work on /opt/anaconda3/envs/airflow/lib/python3.7/site-packages/airflow/example_dags/example_branch_labels.py
[2022-02-28 14:39:12,656] {processor.py:642} INFO - Processing file /opt/anaconda3/envs/airflow/lib/python3.7/site-packages/airflow/example_dags/example_branch_labels.py for tasks to queue
[2022-02-28 14:39:12,657] {logging_mixin.py:109} INFO - [2022-02-28 14:39:12,657] {dagbag.py:500} INFO - Filling up the DagBag from /opt/anaconda3/envs/airflow/lib/python3.7/site-packages/airflow/example_dags/example_branch_labels.py
[2022-02-28 14:39:12,692] {processor.py:654} INFO - DAG(s) dict_keys(['example_branch_labels']) retrieved from /opt/anaconda3/envs/airflow/lib/python3.7/site-packages/airflow/example_dags/example_branch_labels.py
[2022-02-28 14:39:12,707] {logging_mixin.py:109} INFO - [2022-02-28 14:39:12,706] {dag.py:2398} INFO - Sync 1 DAGs
[2022-02-28 14:39:12,725] {logging_mixin.py:109} INFO - [2022-02-28 14:39:12,725] {dag.py:2937} INFO - Setting next_dagrun for example_branch_labels to 2022-02-27 00:00:00+00:00
[2022-02-28 14:39:12,735] {processor.py:171} INFO - Processing /opt/anaconda3/envs/airflow/lib/python3.7/site-packages/airflow/example_dags/example_branch_labels.py took 0.086 seconds
[2022-02-28 14:39:54,646] {processor.py:163} INFO - Started process (PID=32797) to work on /opt/anaconda3/envs/airflow/lib/python3.7/site-packages/airflow/example_dags/example_branch_labels.py
[2022-02-28 14:39:54,649] {processor.py:642} INFO - Processing file /opt/anaconda3/envs/airflow/lib/python3.7/site-packages/airflow/example_dags/example_branch_labels.py for tasks to queue
[2022-02-28 14:39:54,650] {logging_mixin.py:109} INFO - [2022-02-28 14:39:54,650] {dagbag.py:500} INFO - Filling up the DagBag from /opt/anaconda3/envs/airflow/lib/python3.7/site-packages/airflow/example_dags/example_branch_labels.py
[2022-02-28 14:39:54,690] {processor.py:654} INFO - DAG(s) dict_keys(['example_branch_labels']) retrieved from /opt/anaconda3/envs/airflow/lib/python3.7/site-packages/airflow/example_dags/example_branch_labels.py
[2022-02-28 14:39:54,701] {logging_mixin.py:109} INFO - [2022-02-28 14:39:54,701] {dag.py:2398} INFO - Sync 1 DAGs
[2022-02-28 14:39:54,717] {logging_mixin.py:109} INFO - [2022-02-28 14:39:54,717] {dag.py:2937} INFO - Setting next_dagrun for example_branch_labels to 2022-02-27 00:00:00+00:00
[2022-02-28 14:39:54,727] {processor.py:171} INFO - Processing /opt/anaconda3/envs/airflow/lib/python3.7/site-packages/airflow/example_dags/example_branch_labels.py took 0.085 seconds
[2022-02-28 14:40:38,889] {processor.py:163} INFO - Started process (PID=32839) to work on /opt/anaconda3/envs/airflow/lib/python3.7/site-packages/airflow/example_dags/example_branch_labels.py
[2022-02-28 14:40:38,890] {processor.py:642} INFO - Processing file /opt/anaconda3/envs/airflow/lib/python3.7/site-packages/airflow/example_dags/example_branch_labels.py for tasks to queue
[2022-02-28 14:40:38,891] {logging_mixin.py:109} INFO - [2022-02-28 14:40:38,891] {dagbag.py:500} INFO - Filling up the DagBag from /opt/anaconda3/envs/airflow/lib/python3.7/site-packages/airflow/example_dags/example_branch_labels.py
[2022-02-28 14:40:38,923] {processor.py:654} INFO - DAG(s) dict_keys(['example_branch_labels']) retrieved from /opt/anaconda3/envs/airflow/lib/python3.7/site-packages/airflow/example_dags/example_branch_labels.py
[2022-02-28 14:40:38,935] {logging_mixin.py:109} INFO - [2022-02-28 14:40:38,934] {dag.py:2398} INFO - Sync 1 DAGs
[2022-02-28 14:40:38,952] {logging_mixin.py:109} INFO - [2022-02-28 14:40:38,952] {dag.py:2937} INFO - Setting next_dagrun for example_branch_labels to 2022-02-27 00:00:00+00:00
[2022-02-28 14:40:38,963] {processor.py:171} INFO - Processing /opt/anaconda3/envs/airflow/lib/python3.7/site-packages/airflow/example_dags/example_branch_labels.py took 0.079 seconds
[2022-02-28 14:41:20,539] {processor.py:163} INFO - Started process (PID=32878) to work on /opt/anaconda3/envs/airflow/lib/python3.7/site-packages/airflow/example_dags/example_branch_labels.py
[2022-02-28 14:41:20,540] {processor.py:642} INFO - Processing file /opt/anaconda3/envs/airflow/lib/python3.7/site-packages/airflow/example_dags/example_branch_labels.py for tasks to queue
[2022-02-28 14:41:20,542] {logging_mixin.py:109} INFO - [2022-02-28 14:41:20,541] {dagbag.py:500} INFO - Filling up the DagBag from /opt/anaconda3/envs/airflow/lib/python3.7/site-packages/airflow/example_dags/example_branch_labels.py
[2022-02-28 14:41:20,571] {processor.py:654} INFO - DAG(s) dict_keys(['example_branch_labels']) retrieved from /opt/anaconda3/envs/airflow/lib/python3.7/site-packages/airflow/example_dags/example_branch_labels.py
[2022-02-28 14:41:20,583] {logging_mixin.py:109} INFO - [2022-02-28 14:41:20,583] {dag.py:2398} INFO - Sync 1 DAGs
[2022-02-28 14:41:20,599] {logging_mixin.py:109} INFO - [2022-02-28 14:41:20,599] {dag.py:2937} INFO - Setting next_dagrun for example_branch_labels to 2022-02-27 00:00:00+00:00
[2022-02-28 14:41:20,609] {processor.py:171} INFO - Processing /opt/anaconda3/envs/airflow/lib/python3.7/site-packages/airflow/example_dags/example_branch_labels.py took 0.075 seconds
[2022-02-28 14:42:04,715] {processor.py:163} INFO - Started process (PID=32923) to work on /opt/anaconda3/envs/airflow/lib/python3.7/site-packages/airflow/example_dags/example_branch_labels.py
[2022-02-28 14:42:04,717] {processor.py:642} INFO - Processing file /opt/anaconda3/envs/airflow/lib/python3.7/site-packages/airflow/example_dags/example_branch_labels.py for tasks to queue
[2022-02-28 14:42:04,718] {logging_mixin.py:109} INFO - [2022-02-28 14:42:04,718] {dagbag.py:500} INFO - Filling up the DagBag from /opt/anaconda3/envs/airflow/lib/python3.7/site-packages/airflow/example_dags/example_branch_labels.py
[2022-02-28 14:42:04,748] {processor.py:654} INFO - DAG(s) dict_keys(['example_branch_labels']) retrieved from /opt/anaconda3/envs/airflow/lib/python3.7/site-packages/airflow/example_dags/example_branch_labels.py
[2022-02-28 14:42:04,760] {logging_mixin.py:109} INFO - [2022-02-28 14:42:04,760] {dag.py:2398} INFO - Sync 1 DAGs
[2022-02-28 14:42:04,776] {logging_mixin.py:109} INFO - [2022-02-28 14:42:04,776] {dag.py:2937} INFO - Setting next_dagrun for example_branch_labels to 2022-02-27 00:00:00+00:00
[2022-02-28 14:42:04,787] {processor.py:171} INFO - Processing /opt/anaconda3/envs/airflow/lib/python3.7/site-packages/airflow/example_dags/example_branch_labels.py took 0.077 seconds
[2022-02-28 14:42:54,177] {processor.py:163} INFO - Started process (PID=32983) to work on /opt/anaconda3/envs/airflow/lib/python3.7/site-packages/airflow/example_dags/example_branch_labels.py
[2022-02-28 14:42:54,180] {processor.py:642} INFO - Processing file /opt/anaconda3/envs/airflow/lib/python3.7/site-packages/airflow/example_dags/example_branch_labels.py for tasks to queue
[2022-02-28 14:42:54,181] {logging_mixin.py:109} INFO - [2022-02-28 14:42:54,180] {dagbag.py:500} INFO - Filling up the DagBag from /opt/anaconda3/envs/airflow/lib/python3.7/site-packages/airflow/example_dags/example_branch_labels.py
[2022-02-28 14:42:54,215] {processor.py:654} INFO - DAG(s) dict_keys(['example_branch_labels']) retrieved from /opt/anaconda3/envs/airflow/lib/python3.7/site-packages/airflow/example_dags/example_branch_labels.py
[2022-02-28 14:42:54,226] {logging_mixin.py:109} INFO - [2022-02-28 14:42:54,226] {dag.py:2398} INFO - Sync 1 DAGs
[2022-02-28 14:42:54,243] {logging_mixin.py:109} INFO - [2022-02-28 14:42:54,242] {dag.py:2937} INFO - Setting next_dagrun for example_branch_labels to 2022-02-27 00:00:00+00:00
[2022-02-28 14:42:54,253] {processor.py:171} INFO - Processing /opt/anaconda3/envs/airflow/lib/python3.7/site-packages/airflow/example_dags/example_branch_labels.py took 0.081 seconds
[2022-02-28 14:43:35,866] {processor.py:163} INFO - Started process (PID=33026) to work on /opt/anaconda3/envs/airflow/lib/python3.7/site-packages/airflow/example_dags/example_branch_labels.py
[2022-02-28 14:43:35,869] {processor.py:642} INFO - Processing file /opt/anaconda3/envs/airflow/lib/python3.7/site-packages/airflow/example_dags/example_branch_labels.py for tasks to queue
[2022-02-28 14:43:35,870] {logging_mixin.py:109} INFO - [2022-02-28 14:43:35,870] {dagbag.py:500} INFO - Filling up the DagBag from /opt/anaconda3/envs/airflow/lib/python3.7/site-packages/airflow/example_dags/example_branch_labels.py
[2022-02-28 14:43:35,902] {processor.py:654} INFO - DAG(s) dict_keys(['example_branch_labels']) retrieved from /opt/anaconda3/envs/airflow/lib/python3.7/site-packages/airflow/example_dags/example_branch_labels.py
[2022-02-28 14:43:35,913] {logging_mixin.py:109} INFO - [2022-02-28 14:43:35,913] {dag.py:2398} INFO - Sync 1 DAGs
[2022-02-28 14:43:35,929] {logging_mixin.py:109} INFO - [2022-02-28 14:43:35,929] {dag.py:2937} INFO - Setting next_dagrun for example_branch_labels to 2022-02-27 00:00:00+00:00
[2022-02-28 14:43:35,939] {processor.py:171} INFO - Processing /opt/anaconda3/envs/airflow/lib/python3.7/site-packages/airflow/example_dags/example_branch_labels.py took 0.077 seconds
[2022-02-28 14:44:27,764] {processor.py:163} INFO - Started process (PID=33086) to work on /opt/anaconda3/envs/airflow/lib/python3.7/site-packages/airflow/example_dags/example_branch_labels.py
[2022-02-28 14:44:27,768] {processor.py:642} INFO - Processing file /opt/anaconda3/envs/airflow/lib/python3.7/site-packages/airflow/example_dags/example_branch_labels.py for tasks to queue
[2022-02-28 14:44:27,769] {logging_mixin.py:109} INFO - [2022-02-28 14:44:27,769] {dagbag.py:500} INFO - Filling up the DagBag from /opt/anaconda3/envs/airflow/lib/python3.7/site-packages/airflow/example_dags/example_branch_labels.py
[2022-02-28 14:44:27,806] {processor.py:654} INFO - DAG(s) dict_keys(['example_branch_labels']) retrieved from /opt/anaconda3/envs/airflow/lib/python3.7/site-packages/airflow/example_dags/example_branch_labels.py
[2022-02-28 14:44:27,818] {logging_mixin.py:109} INFO - [2022-02-28 14:44:27,817] {dag.py:2398} INFO - Sync 1 DAGs
[2022-02-28 14:44:27,837] {logging_mixin.py:109} INFO - [2022-02-28 14:44:27,836] {dag.py:2937} INFO - Setting next_dagrun for example_branch_labels to 2022-02-27 00:00:00+00:00
[2022-02-28 14:44:27,851] {processor.py:171} INFO - Processing /opt/anaconda3/envs/airflow/lib/python3.7/site-packages/airflow/example_dags/example_branch_labels.py took 0.091 seconds
[2022-02-28 14:45:09,643] {processor.py:163} INFO - Started process (PID=33135) to work on /opt/anaconda3/envs/airflow/lib/python3.7/site-packages/airflow/example_dags/example_branch_labels.py
[2022-02-28 14:45:09,647] {processor.py:642} INFO - Processing file /opt/anaconda3/envs/airflow/lib/python3.7/site-packages/airflow/example_dags/example_branch_labels.py for tasks to queue
[2022-02-28 14:45:09,648] {logging_mixin.py:109} INFO - [2022-02-28 14:45:09,647] {dagbag.py:500} INFO - Filling up the DagBag from /opt/anaconda3/envs/airflow/lib/python3.7/site-packages/airflow/example_dags/example_branch_labels.py
[2022-02-28 14:45:09,694] {processor.py:654} INFO - DAG(s) dict_keys(['example_branch_labels']) retrieved from /opt/anaconda3/envs/airflow/lib/python3.7/site-packages/airflow/example_dags/example_branch_labels.py
[2022-02-28 14:45:09,714] {logging_mixin.py:109} INFO - [2022-02-28 14:45:09,713] {dag.py:2398} INFO - Sync 1 DAGs
[2022-02-28 14:45:09,747] {logging_mixin.py:109} INFO - [2022-02-28 14:45:09,746] {dag.py:2937} INFO - Setting next_dagrun for example_branch_labels to 2022-02-27 00:00:00+00:00
[2022-02-28 14:45:09,762] {processor.py:171} INFO - Processing /opt/anaconda3/envs/airflow/lib/python3.7/site-packages/airflow/example_dags/example_branch_labels.py took 0.126 seconds
[2022-02-28 14:46:00,261] {processor.py:163} INFO - Started process (PID=33211) to work on /opt/anaconda3/envs/airflow/lib/python3.7/site-packages/airflow/example_dags/example_branch_labels.py
[2022-02-28 14:46:00,265] {processor.py:642} INFO - Processing file /opt/anaconda3/envs/airflow/lib/python3.7/site-packages/airflow/example_dags/example_branch_labels.py for tasks to queue
[2022-02-28 14:46:00,267] {logging_mixin.py:109} INFO - [2022-02-28 14:46:00,266] {dagbag.py:500} INFO - Filling up the DagBag from /opt/anaconda3/envs/airflow/lib/python3.7/site-packages/airflow/example_dags/example_branch_labels.py
[2022-02-28 14:46:00,300] {processor.py:654} INFO - DAG(s) dict_keys(['example_branch_labels']) retrieved from /opt/anaconda3/envs/airflow/lib/python3.7/site-packages/airflow/example_dags/example_branch_labels.py
[2022-02-28 14:46:00,312] {logging_mixin.py:109} INFO - [2022-02-28 14:46:00,311] {dag.py:2398} INFO - Sync 1 DAGs
[2022-02-28 14:46:00,329] {logging_mixin.py:109} INFO - [2022-02-28 14:46:00,328] {dag.py:2937} INFO - Setting next_dagrun for example_branch_labels to 2022-02-27 00:00:00+00:00
[2022-02-28 14:46:00,341] {processor.py:171} INFO - Processing /opt/anaconda3/envs/airflow/lib/python3.7/site-packages/airflow/example_dags/example_branch_labels.py took 0.083 seconds
[2022-02-28 14:46:42,070] {processor.py:163} INFO - Started process (PID=33253) to work on /opt/anaconda3/envs/airflow/lib/python3.7/site-packages/airflow/example_dags/example_branch_labels.py
[2022-02-28 14:46:42,074] {processor.py:642} INFO - Processing file /opt/anaconda3/envs/airflow/lib/python3.7/site-packages/airflow/example_dags/example_branch_labels.py for tasks to queue
[2022-02-28 14:46:42,077] {logging_mixin.py:109} INFO - [2022-02-28 14:46:42,076] {dagbag.py:500} INFO - Filling up the DagBag from /opt/anaconda3/envs/airflow/lib/python3.7/site-packages/airflow/example_dags/example_branch_labels.py
[2022-02-28 14:46:42,135] {processor.py:654} INFO - DAG(s) dict_keys(['example_branch_labels']) retrieved from /opt/anaconda3/envs/airflow/lib/python3.7/site-packages/airflow/example_dags/example_branch_labels.py
[2022-02-28 14:46:42,163] {logging_mixin.py:109} INFO - [2022-02-28 14:46:42,163] {dag.py:2398} INFO - Sync 1 DAGs
[2022-02-28 14:46:42,197] {logging_mixin.py:109} INFO - [2022-02-28 14:46:42,197] {dag.py:2937} INFO - Setting next_dagrun for example_branch_labels to 2022-02-27 00:00:00+00:00
[2022-02-28 14:46:42,214] {processor.py:171} INFO - Processing /opt/anaconda3/envs/airflow/lib/python3.7/site-packages/airflow/example_dags/example_branch_labels.py took 0.151 seconds
[2022-02-28 14:47:22,589] {processor.py:163} INFO - Started process (PID=33291) to work on /opt/anaconda3/envs/airflow/lib/python3.7/site-packages/airflow/example_dags/example_branch_labels.py
[2022-02-28 14:47:22,591] {processor.py:642} INFO - Processing file /opt/anaconda3/envs/airflow/lib/python3.7/site-packages/airflow/example_dags/example_branch_labels.py for tasks to queue
[2022-02-28 14:47:22,592] {logging_mixin.py:109} INFO - [2022-02-28 14:47:22,592] {dagbag.py:500} INFO - Filling up the DagBag from /opt/anaconda3/envs/airflow/lib/python3.7/site-packages/airflow/example_dags/example_branch_labels.py
[2022-02-28 14:47:22,623] {processor.py:654} INFO - DAG(s) dict_keys(['example_branch_labels']) retrieved from /opt/anaconda3/envs/airflow/lib/python3.7/site-packages/airflow/example_dags/example_branch_labels.py
[2022-02-28 14:47:22,634] {logging_mixin.py:109} INFO - [2022-02-28 14:47:22,634] {dag.py:2398} INFO - Sync 1 DAGs
[2022-02-28 14:47:22,652] {logging_mixin.py:109} INFO - [2022-02-28 14:47:22,652] {dag.py:2937} INFO - Setting next_dagrun for example_branch_labels to 2022-02-27 00:00:00+00:00
[2022-02-28 14:47:22,662] {processor.py:171} INFO - Processing /opt/anaconda3/envs/airflow/lib/python3.7/site-packages/airflow/example_dags/example_branch_labels.py took 0.078 seconds
[2022-02-28 14:48:02,838] {processor.py:163} INFO - Started process (PID=33332) to work on /opt/anaconda3/envs/airflow/lib/python3.7/site-packages/airflow/example_dags/example_branch_labels.py
[2022-02-28 14:48:02,839] {processor.py:642} INFO - Processing file /opt/anaconda3/envs/airflow/lib/python3.7/site-packages/airflow/example_dags/example_branch_labels.py for tasks to queue
[2022-02-28 14:48:02,841] {logging_mixin.py:109} INFO - [2022-02-28 14:48:02,840] {dagbag.py:500} INFO - Filling up the DagBag from /opt/anaconda3/envs/airflow/lib/python3.7/site-packages/airflow/example_dags/example_branch_labels.py
[2022-02-28 14:48:02,870] {processor.py:654} INFO - DAG(s) dict_keys(['example_branch_labels']) retrieved from /opt/anaconda3/envs/airflow/lib/python3.7/site-packages/airflow/example_dags/example_branch_labels.py
[2022-02-28 14:48:02,883] {logging_mixin.py:109} INFO - [2022-02-28 14:48:02,883] {dag.py:2398} INFO - Sync 1 DAGs
[2022-02-28 14:48:02,899] {logging_mixin.py:109} INFO - [2022-02-28 14:48:02,898] {dag.py:2937} INFO - Setting next_dagrun for example_branch_labels to 2022-02-27 00:00:00+00:00
[2022-02-28 14:48:02,909] {processor.py:171} INFO - Processing /opt/anaconda3/envs/airflow/lib/python3.7/site-packages/airflow/example_dags/example_branch_labels.py took 0.075 seconds
[2022-02-28 14:48:46,032] {processor.py:163} INFO - Started process (PID=33373) to work on /opt/anaconda3/envs/airflow/lib/python3.7/site-packages/airflow/example_dags/example_branch_labels.py
[2022-02-28 14:48:46,034] {processor.py:642} INFO - Processing file /opt/anaconda3/envs/airflow/lib/python3.7/site-packages/airflow/example_dags/example_branch_labels.py for tasks to queue
[2022-02-28 14:48:46,035] {logging_mixin.py:109} INFO - [2022-02-28 14:48:46,035] {dagbag.py:500} INFO - Filling up the DagBag from /opt/anaconda3/envs/airflow/lib/python3.7/site-packages/airflow/example_dags/example_branch_labels.py
[2022-02-28 14:48:46,065] {processor.py:654} INFO - DAG(s) dict_keys(['example_branch_labels']) retrieved from /opt/anaconda3/envs/airflow/lib/python3.7/site-packages/airflow/example_dags/example_branch_labels.py
[2022-02-28 14:48:46,078] {logging_mixin.py:109} INFO - [2022-02-28 14:48:46,078] {dag.py:2398} INFO - Sync 1 DAGs
[2022-02-28 14:48:46,094] {logging_mixin.py:109} INFO - [2022-02-28 14:48:46,094] {dag.py:2937} INFO - Setting next_dagrun for example_branch_labels to 2022-02-27 00:00:00+00:00
[2022-02-28 14:48:46,103] {processor.py:171} INFO - Processing /opt/anaconda3/envs/airflow/lib/python3.7/site-packages/airflow/example_dags/example_branch_labels.py took 0.076 seconds
[2022-02-28 14:49:25,075] {processor.py:163} INFO - Started process (PID=33410) to work on /opt/anaconda3/envs/airflow/lib/python3.7/site-packages/airflow/example_dags/example_branch_labels.py
[2022-02-28 14:49:25,082] {processor.py:642} INFO - Processing file /opt/anaconda3/envs/airflow/lib/python3.7/site-packages/airflow/example_dags/example_branch_labels.py for tasks to queue
[2022-02-28 14:49:25,087] {logging_mixin.py:109} INFO - [2022-02-28 14:49:25,086] {dagbag.py:500} INFO - Filling up the DagBag from /opt/anaconda3/envs/airflow/lib/python3.7/site-packages/airflow/example_dags/example_branch_labels.py
[2022-02-28 14:49:25,131] {processor.py:654} INFO - DAG(s) dict_keys(['example_branch_labels']) retrieved from /opt/anaconda3/envs/airflow/lib/python3.7/site-packages/airflow/example_dags/example_branch_labels.py
[2022-02-28 14:49:25,147] {logging_mixin.py:109} INFO - [2022-02-28 14:49:25,146] {dag.py:2398} INFO - Sync 1 DAGs
[2022-02-28 14:49:25,168] {logging_mixin.py:109} INFO - [2022-02-28 14:49:25,168] {dag.py:2937} INFO - Setting next_dagrun for example_branch_labels to 2022-02-27 00:00:00+00:00
[2022-02-28 14:49:25,180] {processor.py:171} INFO - Processing /opt/anaconda3/envs/airflow/lib/python3.7/site-packages/airflow/example_dags/example_branch_labels.py took 0.110 seconds
[2022-02-28 14:50:04,412] {processor.py:163} INFO - Started process (PID=33449) to work on /opt/anaconda3/envs/airflow/lib/python3.7/site-packages/airflow/example_dags/example_branch_labels.py
[2022-02-28 14:50:04,414] {processor.py:642} INFO - Processing file /opt/anaconda3/envs/airflow/lib/python3.7/site-packages/airflow/example_dags/example_branch_labels.py for tasks to queue
[2022-02-28 14:50:04,416] {logging_mixin.py:109} INFO - [2022-02-28 14:50:04,415] {dagbag.py:500} INFO - Filling up the DagBag from /opt/anaconda3/envs/airflow/lib/python3.7/site-packages/airflow/example_dags/example_branch_labels.py
[2022-02-28 14:50:04,447] {processor.py:654} INFO - DAG(s) dict_keys(['example_branch_labels']) retrieved from /opt/anaconda3/envs/airflow/lib/python3.7/site-packages/airflow/example_dags/example_branch_labels.py
[2022-02-28 14:50:04,458] {logging_mixin.py:109} INFO - [2022-02-28 14:50:04,457] {dag.py:2398} INFO - Sync 1 DAGs
[2022-02-28 14:50:04,473] {logging_mixin.py:109} INFO - [2022-02-28 14:50:04,473] {dag.py:2937} INFO - Setting next_dagrun for example_branch_labels to 2022-02-27 00:00:00+00:00
[2022-02-28 14:50:04,483] {processor.py:171} INFO - Processing /opt/anaconda3/envs/airflow/lib/python3.7/site-packages/airflow/example_dags/example_branch_labels.py took 0.075 seconds
[2022-02-28 14:50:47,237] {processor.py:163} INFO - Started process (PID=33513) to work on /opt/anaconda3/envs/airflow/lib/python3.7/site-packages/airflow/example_dags/example_branch_labels.py
[2022-02-28 14:50:47,242] {processor.py:642} INFO - Processing file /opt/anaconda3/envs/airflow/lib/python3.7/site-packages/airflow/example_dags/example_branch_labels.py for tasks to queue
[2022-02-28 14:50:47,247] {logging_mixin.py:109} INFO - [2022-02-28 14:50:47,244] {dagbag.py:500} INFO - Filling up the DagBag from /opt/anaconda3/envs/airflow/lib/python3.7/site-packages/airflow/example_dags/example_branch_labels.py
[2022-02-28 14:50:47,349] {processor.py:654} INFO - DAG(s) dict_keys(['example_branch_labels']) retrieved from /opt/anaconda3/envs/airflow/lib/python3.7/site-packages/airflow/example_dags/example_branch_labels.py
[2022-02-28 14:50:47,502] {logging_mixin.py:109} INFO - [2022-02-28 14:50:47,502] {dag.py:2398} INFO - Sync 1 DAGs
[2022-02-28 14:50:47,547] {logging_mixin.py:109} INFO - [2022-02-28 14:50:47,546] {dag.py:2937} INFO - Setting next_dagrun for example_branch_labels to 2022-02-27 00:00:00+00:00
[2022-02-28 14:50:47,561] {processor.py:171} INFO - Processing /opt/anaconda3/envs/airflow/lib/python3.7/site-packages/airflow/example_dags/example_branch_labels.py took 0.331 seconds
[2022-02-28 14:51:30,654] {processor.py:163} INFO - Started process (PID=33572) to work on /opt/anaconda3/envs/airflow/lib/python3.7/site-packages/airflow/example_dags/example_branch_labels.py
[2022-02-28 14:51:30,657] {processor.py:642} INFO - Processing file /opt/anaconda3/envs/airflow/lib/python3.7/site-packages/airflow/example_dags/example_branch_labels.py for tasks to queue
[2022-02-28 14:51:30,658] {logging_mixin.py:109} INFO - [2022-02-28 14:51:30,657] {dagbag.py:500} INFO - Filling up the DagBag from /opt/anaconda3/envs/airflow/lib/python3.7/site-packages/airflow/example_dags/example_branch_labels.py
[2022-02-28 14:51:30,691] {processor.py:654} INFO - DAG(s) dict_keys(['example_branch_labels']) retrieved from /opt/anaconda3/envs/airflow/lib/python3.7/site-packages/airflow/example_dags/example_branch_labels.py
[2022-02-28 14:51:30,703] {logging_mixin.py:109} INFO - [2022-02-28 14:51:30,702] {dag.py:2398} INFO - Sync 1 DAGs
[2022-02-28 14:51:30,718] {logging_mixin.py:109} INFO - [2022-02-28 14:51:30,718] {dag.py:2937} INFO - Setting next_dagrun for example_branch_labels to 2022-02-27 00:00:00+00:00
[2022-02-28 14:51:30,728] {processor.py:171} INFO - Processing /opt/anaconda3/envs/airflow/lib/python3.7/site-packages/airflow/example_dags/example_branch_labels.py took 0.078 seconds
[2022-02-28 14:52:20,103] {processor.py:163} INFO - Started process (PID=33617) to work on /opt/anaconda3/envs/airflow/lib/python3.7/site-packages/airflow/example_dags/example_branch_labels.py
[2022-02-28 14:52:20,105] {processor.py:642} INFO - Processing file /opt/anaconda3/envs/airflow/lib/python3.7/site-packages/airflow/example_dags/example_branch_labels.py for tasks to queue
[2022-02-28 14:52:20,106] {logging_mixin.py:109} INFO - [2022-02-28 14:52:20,105] {dagbag.py:500} INFO - Filling up the DagBag from /opt/anaconda3/envs/airflow/lib/python3.7/site-packages/airflow/example_dags/example_branch_labels.py
[2022-02-28 14:52:20,140] {processor.py:654} INFO - DAG(s) dict_keys(['example_branch_labels']) retrieved from /opt/anaconda3/envs/airflow/lib/python3.7/site-packages/airflow/example_dags/example_branch_labels.py
[2022-02-28 14:52:20,152] {logging_mixin.py:109} INFO - [2022-02-28 14:52:20,152] {dag.py:2398} INFO - Sync 1 DAGs
[2022-02-28 14:52:20,168] {logging_mixin.py:109} INFO - [2022-02-28 14:52:20,168] {dag.py:2937} INFO - Setting next_dagrun for example_branch_labels to 2022-02-27 00:00:00+00:00
[2022-02-28 14:52:20,179] {processor.py:171} INFO - Processing /opt/anaconda3/envs/airflow/lib/python3.7/site-packages/airflow/example_dags/example_branch_labels.py took 0.081 seconds
[2022-02-28 14:53:06,331] {processor.py:163} INFO - Started process (PID=33670) to work on /opt/anaconda3/envs/airflow/lib/python3.7/site-packages/airflow/example_dags/example_branch_labels.py
[2022-02-28 14:53:06,334] {processor.py:642} INFO - Processing file /opt/anaconda3/envs/airflow/lib/python3.7/site-packages/airflow/example_dags/example_branch_labels.py for tasks to queue
[2022-02-28 14:53:06,335] {logging_mixin.py:109} INFO - [2022-02-28 14:53:06,335] {dagbag.py:500} INFO - Filling up the DagBag from /opt/anaconda3/envs/airflow/lib/python3.7/site-packages/airflow/example_dags/example_branch_labels.py
[2022-02-28 14:53:06,364] {processor.py:654} INFO - DAG(s) dict_keys(['example_branch_labels']) retrieved from /opt/anaconda3/envs/airflow/lib/python3.7/site-packages/airflow/example_dags/example_branch_labels.py
[2022-02-28 14:53:06,375] {logging_mixin.py:109} INFO - [2022-02-28 14:53:06,375] {dag.py:2398} INFO - Sync 1 DAGs
[2022-02-28 14:53:06,401] {logging_mixin.py:109} INFO - [2022-02-28 14:53:06,401] {dag.py:2937} INFO - Setting next_dagrun for example_branch_labels to 2022-02-27 00:00:00+00:00
[2022-02-28 14:53:06,422] {processor.py:171} INFO - Processing /opt/anaconda3/envs/airflow/lib/python3.7/site-packages/airflow/example_dags/example_branch_labels.py took 0.095 seconds
[2022-02-28 14:53:53,609] {processor.py:163} INFO - Started process (PID=33758) to work on /opt/anaconda3/envs/airflow/lib/python3.7/site-packages/airflow/example_dags/example_branch_labels.py
[2022-02-28 14:53:53,611] {processor.py:642} INFO - Processing file /opt/anaconda3/envs/airflow/lib/python3.7/site-packages/airflow/example_dags/example_branch_labels.py for tasks to queue
[2022-02-28 14:53:53,612] {logging_mixin.py:109} INFO - [2022-02-28 14:53:53,612] {dagbag.py:500} INFO - Filling up the DagBag from /opt/anaconda3/envs/airflow/lib/python3.7/site-packages/airflow/example_dags/example_branch_labels.py
[2022-02-28 14:53:53,655] {processor.py:654} INFO - DAG(s) dict_keys(['example_branch_labels']) retrieved from /opt/anaconda3/envs/airflow/lib/python3.7/site-packages/airflow/example_dags/example_branch_labels.py
[2022-02-28 14:53:53,671] {logging_mixin.py:109} INFO - [2022-02-28 14:53:53,671] {dag.py:2398} INFO - Sync 1 DAGs
[2022-02-28 14:53:53,694] {logging_mixin.py:109} INFO - [2022-02-28 14:53:53,693] {dag.py:2937} INFO - Setting next_dagrun for example_branch_labels to 2022-02-27 00:00:00+00:00
[2022-02-28 14:53:53,710] {processor.py:171} INFO - Processing /opt/anaconda3/envs/airflow/lib/python3.7/site-packages/airflow/example_dags/example_branch_labels.py took 0.105 seconds
[2022-02-28 14:55:01,178] {processor.py:163} INFO - Started process (PID=33925) to work on /opt/anaconda3/envs/airflow/lib/python3.7/site-packages/airflow/example_dags/example_branch_labels.py
[2022-02-28 14:55:01,180] {processor.py:642} INFO - Processing file /opt/anaconda3/envs/airflow/lib/python3.7/site-packages/airflow/example_dags/example_branch_labels.py for tasks to queue
[2022-02-28 14:55:01,182] {logging_mixin.py:109} INFO - [2022-02-28 14:55:01,181] {dagbag.py:500} INFO - Filling up the DagBag from /opt/anaconda3/envs/airflow/lib/python3.7/site-packages/airflow/example_dags/example_branch_labels.py
[2022-02-28 14:55:01,221] {processor.py:654} INFO - DAG(s) dict_keys(['example_branch_labels']) retrieved from /opt/anaconda3/envs/airflow/lib/python3.7/site-packages/airflow/example_dags/example_branch_labels.py
[2022-02-28 14:55:01,238] {logging_mixin.py:109} INFO - [2022-02-28 14:55:01,237] {dag.py:2398} INFO - Sync 1 DAGs
[2022-02-28 14:55:01,255] {logging_mixin.py:109} INFO - [2022-02-28 14:55:01,255] {dag.py:2937} INFO - Setting next_dagrun for example_branch_labels to 2022-02-27 00:00:00+00:00
[2022-02-28 14:55:01,266] {processor.py:171} INFO - Processing /opt/anaconda3/envs/airflow/lib/python3.7/site-packages/airflow/example_dags/example_branch_labels.py took 0.093 seconds
[2022-02-28 14:58:52,180] {processor.py:163} INFO - Started process (PID=34383) to work on /opt/anaconda3/envs/airflow/lib/python3.7/site-packages/airflow/example_dags/example_branch_labels.py
[2022-02-28 14:58:52,183] {processor.py:642} INFO - Processing file /opt/anaconda3/envs/airflow/lib/python3.7/site-packages/airflow/example_dags/example_branch_labels.py for tasks to queue
[2022-02-28 14:58:52,184] {logging_mixin.py:109} INFO - [2022-02-28 14:58:52,184] {dagbag.py:500} INFO - Filling up the DagBag from /opt/anaconda3/envs/airflow/lib/python3.7/site-packages/airflow/example_dags/example_branch_labels.py
[2022-02-28 14:58:52,217] {processor.py:654} INFO - DAG(s) dict_keys(['example_branch_labels']) retrieved from /opt/anaconda3/envs/airflow/lib/python3.7/site-packages/airflow/example_dags/example_branch_labels.py
[2022-02-28 14:58:52,228] {logging_mixin.py:109} INFO - [2022-02-28 14:58:52,228] {dag.py:2398} INFO - Sync 1 DAGs
[2022-02-28 14:58:52,244] {logging_mixin.py:109} INFO - [2022-02-28 14:58:52,243] {dag.py:2937} INFO - Setting next_dagrun for example_branch_labels to 2022-02-27 00:00:00+00:00
[2022-02-28 14:58:52,254] {processor.py:171} INFO - Processing /opt/anaconda3/envs/airflow/lib/python3.7/site-packages/airflow/example_dags/example_branch_labels.py took 0.078 seconds
[2022-02-28 15:05:23,118] {processor.py:163} INFO - Started process (PID=34974) to work on /opt/anaconda3/envs/airflow/lib/python3.7/site-packages/airflow/example_dags/example_branch_labels.py
[2022-02-28 15:05:23,120] {processor.py:642} INFO - Processing file /opt/anaconda3/envs/airflow/lib/python3.7/site-packages/airflow/example_dags/example_branch_labels.py for tasks to queue
[2022-02-28 15:05:23,121] {logging_mixin.py:109} INFO - [2022-02-28 15:05:23,120] {dagbag.py:500} INFO - Filling up the DagBag from /opt/anaconda3/envs/airflow/lib/python3.7/site-packages/airflow/example_dags/example_branch_labels.py
[2022-02-28 15:05:23,153] {processor.py:654} INFO - DAG(s) dict_keys(['example_branch_labels']) retrieved from /opt/anaconda3/envs/airflow/lib/python3.7/site-packages/airflow/example_dags/example_branch_labels.py
[2022-02-28 15:05:23,164] {logging_mixin.py:109} INFO - [2022-02-28 15:05:23,164] {dag.py:2398} INFO - Sync 1 DAGs
[2022-02-28 15:05:23,180] {logging_mixin.py:109} INFO - [2022-02-28 15:05:23,179] {dag.py:2937} INFO - Setting next_dagrun for example_branch_labels to 2022-02-27 00:00:00+00:00
[2022-02-28 15:05:23,191] {processor.py:171} INFO - Processing /opt/anaconda3/envs/airflow/lib/python3.7/site-packages/airflow/example_dags/example_branch_labels.py took 0.077 seconds
[2022-02-28 15:06:27,179] {processor.py:163} INFO - Started process (PID=35068) to work on /opt/anaconda3/envs/airflow/lib/python3.7/site-packages/airflow/example_dags/example_branch_labels.py
[2022-02-28 15:06:27,182] {processor.py:642} INFO - Processing file /opt/anaconda3/envs/airflow/lib/python3.7/site-packages/airflow/example_dags/example_branch_labels.py for tasks to queue
[2022-02-28 15:06:27,183] {logging_mixin.py:109} INFO - [2022-02-28 15:06:27,183] {dagbag.py:500} INFO - Filling up the DagBag from /opt/anaconda3/envs/airflow/lib/python3.7/site-packages/airflow/example_dags/example_branch_labels.py
[2022-02-28 15:06:27,219] {processor.py:654} INFO - DAG(s) dict_keys(['example_branch_labels']) retrieved from /opt/anaconda3/envs/airflow/lib/python3.7/site-packages/airflow/example_dags/example_branch_labels.py
[2022-02-28 15:06:27,230] {logging_mixin.py:109} INFO - [2022-02-28 15:06:27,229] {dag.py:2398} INFO - Sync 1 DAGs
[2022-02-28 15:06:27,246] {logging_mixin.py:109} INFO - [2022-02-28 15:06:27,245] {dag.py:2937} INFO - Setting next_dagrun for example_branch_labels to 2022-02-27 00:00:00+00:00
[2022-02-28 15:06:27,257] {processor.py:171} INFO - Processing /opt/anaconda3/envs/airflow/lib/python3.7/site-packages/airflow/example_dags/example_branch_labels.py took 0.082 seconds
[2022-02-28 15:08:30,813] {processor.py:163} INFO - Started process (PID=35336) to work on /opt/anaconda3/envs/airflow/lib/python3.7/site-packages/airflow/example_dags/example_branch_labels.py
[2022-02-28 15:08:30,816] {processor.py:642} INFO - Processing file /opt/anaconda3/envs/airflow/lib/python3.7/site-packages/airflow/example_dags/example_branch_labels.py for tasks to queue
[2022-02-28 15:08:30,817] {logging_mixin.py:109} INFO - [2022-02-28 15:08:30,817] {dagbag.py:500} INFO - Filling up the DagBag from /opt/anaconda3/envs/airflow/lib/python3.7/site-packages/airflow/example_dags/example_branch_labels.py
[2022-02-28 15:08:30,892] {processor.py:654} INFO - DAG(s) dict_keys(['example_branch_labels']) retrieved from /opt/anaconda3/envs/airflow/lib/python3.7/site-packages/airflow/example_dags/example_branch_labels.py
[2022-02-28 15:08:30,922] {logging_mixin.py:109} INFO - [2022-02-28 15:08:30,921] {dag.py:2398} INFO - Sync 1 DAGs
[2022-02-28 15:08:30,945] {logging_mixin.py:109} INFO - [2022-02-28 15:08:30,945] {dag.py:2937} INFO - Setting next_dagrun for example_branch_labels to 2022-02-27 00:00:00+00:00
[2022-02-28 15:08:30,961] {processor.py:171} INFO - Processing /opt/anaconda3/envs/airflow/lib/python3.7/site-packages/airflow/example_dags/example_branch_labels.py took 0.156 seconds
[2022-02-28 15:10:18,764] {processor.py:163} INFO - Started process (PID=35599) to work on /opt/anaconda3/envs/airflow/lib/python3.7/site-packages/airflow/example_dags/example_branch_labels.py
[2022-02-28 15:10:18,767] {processor.py:642} INFO - Processing file /opt/anaconda3/envs/airflow/lib/python3.7/site-packages/airflow/example_dags/example_branch_labels.py for tasks to queue
[2022-02-28 15:10:18,768] {logging_mixin.py:109} INFO - [2022-02-28 15:10:18,768] {dagbag.py:500} INFO - Filling up the DagBag from /opt/anaconda3/envs/airflow/lib/python3.7/site-packages/airflow/example_dags/example_branch_labels.py
[2022-02-28 15:10:18,798] {processor.py:654} INFO - DAG(s) dict_keys(['example_branch_labels']) retrieved from /opt/anaconda3/envs/airflow/lib/python3.7/site-packages/airflow/example_dags/example_branch_labels.py
[2022-02-28 15:10:18,808] {logging_mixin.py:109} INFO - [2022-02-28 15:10:18,808] {dag.py:2398} INFO - Sync 1 DAGs
[2022-02-28 15:10:18,827] {logging_mixin.py:109} INFO - [2022-02-28 15:10:18,826] {dag.py:2937} INFO - Setting next_dagrun for example_branch_labels to 2022-02-27 00:00:00+00:00
[2022-02-28 15:10:18,836] {processor.py:171} INFO - Processing /opt/anaconda3/envs/airflow/lib/python3.7/site-packages/airflow/example_dags/example_branch_labels.py took 0.075 seconds
[2022-02-28 15:17:34,969] {processor.py:163} INFO - Started process (PID=36114) to work on /opt/anaconda3/envs/airflow/lib/python3.7/site-packages/airflow/example_dags/example_branch_labels.py
[2022-02-28 15:17:34,972] {processor.py:642} INFO - Processing file /opt/anaconda3/envs/airflow/lib/python3.7/site-packages/airflow/example_dags/example_branch_labels.py for tasks to queue
[2022-02-28 15:17:34,974] {logging_mixin.py:109} INFO - [2022-02-28 15:17:34,974] {dagbag.py:500} INFO - Filling up the DagBag from /opt/anaconda3/envs/airflow/lib/python3.7/site-packages/airflow/example_dags/example_branch_labels.py
[2022-02-28 15:17:35,045] {processor.py:654} INFO - DAG(s) dict_keys(['example_branch_labels']) retrieved from /opt/anaconda3/envs/airflow/lib/python3.7/site-packages/airflow/example_dags/example_branch_labels.py
[2022-02-28 15:17:35,073] {logging_mixin.py:109} INFO - [2022-02-28 15:17:35,072] {dag.py:2398} INFO - Sync 1 DAGs
[2022-02-28 15:17:35,105] {logging_mixin.py:109} INFO - [2022-02-28 15:17:35,105] {dag.py:2937} INFO - Setting next_dagrun for example_branch_labels to 2022-02-27 00:00:00+00:00
[2022-02-28 15:17:35,123] {processor.py:171} INFO - Processing /opt/anaconda3/envs/airflow/lib/python3.7/site-packages/airflow/example_dags/example_branch_labels.py took 0.160 seconds
[2022-02-28 15:19:29,622] {processor.py:163} INFO - Started process (PID=36330) to work on /opt/anaconda3/envs/airflow/lib/python3.7/site-packages/airflow/example_dags/example_branch_labels.py
[2022-02-28 15:19:29,625] {processor.py:642} INFO - Processing file /opt/anaconda3/envs/airflow/lib/python3.7/site-packages/airflow/example_dags/example_branch_labels.py for tasks to queue
[2022-02-28 15:19:29,626] {logging_mixin.py:109} INFO - [2022-02-28 15:19:29,626] {dagbag.py:500} INFO - Filling up the DagBag from /opt/anaconda3/envs/airflow/lib/python3.7/site-packages/airflow/example_dags/example_branch_labels.py
[2022-02-28 15:19:29,675] {processor.py:654} INFO - DAG(s) dict_keys(['example_branch_labels']) retrieved from /opt/anaconda3/envs/airflow/lib/python3.7/site-packages/airflow/example_dags/example_branch_labels.py
[2022-02-28 15:19:29,687] {logging_mixin.py:109} INFO - [2022-02-28 15:19:29,687] {dag.py:2398} INFO - Sync 1 DAGs
[2022-02-28 15:19:29,710] {logging_mixin.py:109} INFO - [2022-02-28 15:19:29,710] {dag.py:2937} INFO - Setting next_dagrun for example_branch_labels to 2022-02-27 00:00:00+00:00
[2022-02-28 15:19:29,722] {processor.py:171} INFO - Processing /opt/anaconda3/envs/airflow/lib/python3.7/site-packages/airflow/example_dags/example_branch_labels.py took 0.104 seconds
[2022-02-28 15:20:16,340] {processor.py:163} INFO - Started process (PID=36439) to work on /opt/anaconda3/envs/airflow/lib/python3.7/site-packages/airflow/example_dags/example_branch_labels.py
[2022-02-28 15:20:16,342] {processor.py:642} INFO - Processing file /opt/anaconda3/envs/airflow/lib/python3.7/site-packages/airflow/example_dags/example_branch_labels.py for tasks to queue
[2022-02-28 15:20:16,343] {logging_mixin.py:109} INFO - [2022-02-28 15:20:16,343] {dagbag.py:500} INFO - Filling up the DagBag from /opt/anaconda3/envs/airflow/lib/python3.7/site-packages/airflow/example_dags/example_branch_labels.py
[2022-02-28 15:20:16,379] {processor.py:654} INFO - DAG(s) dict_keys(['example_branch_labels']) retrieved from /opt/anaconda3/envs/airflow/lib/python3.7/site-packages/airflow/example_dags/example_branch_labels.py
[2022-02-28 15:20:16,390] {logging_mixin.py:109} INFO - [2022-02-28 15:20:16,389] {dag.py:2398} INFO - Sync 1 DAGs
[2022-02-28 15:20:16,413] {logging_mixin.py:109} INFO - [2022-02-28 15:20:16,413] {dag.py:2937} INFO - Setting next_dagrun for example_branch_labels to 2022-02-27 00:00:00+00:00
[2022-02-28 15:20:16,430] {processor.py:171} INFO - Processing /opt/anaconda3/envs/airflow/lib/python3.7/site-packages/airflow/example_dags/example_branch_labels.py took 0.094 seconds
[2022-02-28 15:21:05,077] {processor.py:163} INFO - Started process (PID=36523) to work on /opt/anaconda3/envs/airflow/lib/python3.7/site-packages/airflow/example_dags/example_branch_labels.py
[2022-02-28 15:21:05,079] {processor.py:642} INFO - Processing file /opt/anaconda3/envs/airflow/lib/python3.7/site-packages/airflow/example_dags/example_branch_labels.py for tasks to queue
[2022-02-28 15:21:05,081] {logging_mixin.py:109} INFO - [2022-02-28 15:21:05,080] {dagbag.py:500} INFO - Filling up the DagBag from /opt/anaconda3/envs/airflow/lib/python3.7/site-packages/airflow/example_dags/example_branch_labels.py
[2022-02-28 15:21:05,112] {processor.py:654} INFO - DAG(s) dict_keys(['example_branch_labels']) retrieved from /opt/anaconda3/envs/airflow/lib/python3.7/site-packages/airflow/example_dags/example_branch_labels.py
[2022-02-28 15:21:05,123] {logging_mixin.py:109} INFO - [2022-02-28 15:21:05,122] {dag.py:2398} INFO - Sync 1 DAGs
[2022-02-28 15:21:05,138] {logging_mixin.py:109} INFO - [2022-02-28 15:21:05,137] {dag.py:2937} INFO - Setting next_dagrun for example_branch_labels to 2022-02-27 00:00:00+00:00
[2022-02-28 15:21:05,148] {processor.py:171} INFO - Processing /opt/anaconda3/envs/airflow/lib/python3.7/site-packages/airflow/example_dags/example_branch_labels.py took 0.076 seconds
[2022-02-28 15:21:45,406] {processor.py:163} INFO - Started process (PID=36565) to work on /opt/anaconda3/envs/airflow/lib/python3.7/site-packages/airflow/example_dags/example_branch_labels.py
[2022-02-28 15:21:45,409] {processor.py:642} INFO - Processing file /opt/anaconda3/envs/airflow/lib/python3.7/site-packages/airflow/example_dags/example_branch_labels.py for tasks to queue
[2022-02-28 15:21:45,411] {logging_mixin.py:109} INFO - [2022-02-28 15:21:45,411] {dagbag.py:500} INFO - Filling up the DagBag from /opt/anaconda3/envs/airflow/lib/python3.7/site-packages/airflow/example_dags/example_branch_labels.py
[2022-02-28 15:21:45,458] {processor.py:654} INFO - DAG(s) dict_keys(['example_branch_labels']) retrieved from /opt/anaconda3/envs/airflow/lib/python3.7/site-packages/airflow/example_dags/example_branch_labels.py
[2022-02-28 15:21:45,472] {logging_mixin.py:109} INFO - [2022-02-28 15:21:45,471] {dag.py:2398} INFO - Sync 1 DAGs
[2022-02-28 15:21:45,489] {logging_mixin.py:109} INFO - [2022-02-28 15:21:45,488] {dag.py:2937} INFO - Setting next_dagrun for example_branch_labels to 2022-02-27 00:00:00+00:00
[2022-02-28 15:21:45,498] {processor.py:171} INFO - Processing /opt/anaconda3/envs/airflow/lib/python3.7/site-packages/airflow/example_dags/example_branch_labels.py took 0.098 seconds
[2022-02-28 15:22:27,116] {processor.py:163} INFO - Started process (PID=36603) to work on /opt/anaconda3/envs/airflow/lib/python3.7/site-packages/airflow/example_dags/example_branch_labels.py
[2022-02-28 15:22:27,117] {processor.py:642} INFO - Processing file /opt/anaconda3/envs/airflow/lib/python3.7/site-packages/airflow/example_dags/example_branch_labels.py for tasks to queue
[2022-02-28 15:22:27,121] {logging_mixin.py:109} INFO - [2022-02-28 15:22:27,120] {dagbag.py:500} INFO - Filling up the DagBag from /opt/anaconda3/envs/airflow/lib/python3.7/site-packages/airflow/example_dags/example_branch_labels.py
[2022-02-28 15:22:27,171] {processor.py:654} INFO - DAG(s) dict_keys(['example_branch_labels']) retrieved from /opt/anaconda3/envs/airflow/lib/python3.7/site-packages/airflow/example_dags/example_branch_labels.py
[2022-02-28 15:22:27,201] {logging_mixin.py:109} INFO - [2022-02-28 15:22:27,200] {dag.py:2398} INFO - Sync 1 DAGs
[2022-02-28 15:22:27,232] {logging_mixin.py:109} INFO - [2022-02-28 15:22:27,230] {dag.py:2937} INFO - Setting next_dagrun for example_branch_labels to 2022-02-27 00:00:00+00:00
[2022-02-28 15:22:27,247] {processor.py:171} INFO - Processing /opt/anaconda3/envs/airflow/lib/python3.7/site-packages/airflow/example_dags/example_branch_labels.py took 0.135 seconds
[2022-02-28 15:23:06,894] {processor.py:163} INFO - Started process (PID=36640) to work on /opt/anaconda3/envs/airflow/lib/python3.7/site-packages/airflow/example_dags/example_branch_labels.py
[2022-02-28 15:23:06,896] {processor.py:642} INFO - Processing file /opt/anaconda3/envs/airflow/lib/python3.7/site-packages/airflow/example_dags/example_branch_labels.py for tasks to queue
[2022-02-28 15:23:06,897] {logging_mixin.py:109} INFO - [2022-02-28 15:23:06,897] {dagbag.py:500} INFO - Filling up the DagBag from /opt/anaconda3/envs/airflow/lib/python3.7/site-packages/airflow/example_dags/example_branch_labels.py
[2022-02-28 15:23:06,924] {processor.py:654} INFO - DAG(s) dict_keys(['example_branch_labels']) retrieved from /opt/anaconda3/envs/airflow/lib/python3.7/site-packages/airflow/example_dags/example_branch_labels.py
[2022-02-28 15:23:06,936] {logging_mixin.py:109} INFO - [2022-02-28 15:23:06,935] {dag.py:2398} INFO - Sync 1 DAGs
[2022-02-28 15:23:06,954] {logging_mixin.py:109} INFO - [2022-02-28 15:23:06,954] {dag.py:2937} INFO - Setting next_dagrun for example_branch_labels to 2022-02-27 00:00:00+00:00
[2022-02-28 15:23:06,964] {processor.py:171} INFO - Processing /opt/anaconda3/envs/airflow/lib/python3.7/site-packages/airflow/example_dags/example_branch_labels.py took 0.074 seconds
