[2022-02-28 14:25:43,487] {processor.py:163} INFO - Started process (PID=31703) to work on /opt/anaconda3/envs/airflow/lib/python3.7/site-packages/airflow/example_dags/example_nested_branch_dag.py
[2022-02-28 14:25:43,488] {processor.py:642} INFO - Processing file /opt/anaconda3/envs/airflow/lib/python3.7/site-packages/airflow/example_dags/example_nested_branch_dag.py for tasks to queue
[2022-02-28 14:25:43,489] {logging_mixin.py:109} INFO - [2022-02-28 14:25:43,489] {dagbag.py:500} INFO - Filling up the DagBag from /opt/anaconda3/envs/airflow/lib/python3.7/site-packages/airflow/example_dags/example_nested_branch_dag.py
[2022-02-28 14:25:43,523] {processor.py:654} INFO - DAG(s) dict_keys(['example_nested_branch_dag']) retrieved from /opt/anaconda3/envs/airflow/lib/python3.7/site-packages/airflow/example_dags/example_nested_branch_dag.py
[2022-02-28 14:25:43,535] {logging_mixin.py:109} INFO - [2022-02-28 14:25:43,534] {dag.py:2398} INFO - Sync 1 DAGs
[2022-02-28 14:25:43,550] {logging_mixin.py:109} INFO - [2022-02-28 14:25:43,549] {dag.py:2937} INFO - Setting next_dagrun for example_nested_branch_dag to 2022-02-27 00:00:00+00:00
[2022-02-28 14:25:43,559] {processor.py:171} INFO - Processing /opt/anaconda3/envs/airflow/lib/python3.7/site-packages/airflow/example_dags/example_nested_branch_dag.py took 0.075 seconds
[2022-02-28 14:26:23,397] {processor.py:163} INFO - Started process (PID=31756) to work on /opt/anaconda3/envs/airflow/lib/python3.7/site-packages/airflow/example_dags/example_nested_branch_dag.py
[2022-02-28 14:26:23,404] {processor.py:642} INFO - Processing file /opt/anaconda3/envs/airflow/lib/python3.7/site-packages/airflow/example_dags/example_nested_branch_dag.py for tasks to queue
[2022-02-28 14:26:23,406] {logging_mixin.py:109} INFO - [2022-02-28 14:26:23,406] {dagbag.py:500} INFO - Filling up the DagBag from /opt/anaconda3/envs/airflow/lib/python3.7/site-packages/airflow/example_dags/example_nested_branch_dag.py
[2022-02-28 14:26:23,462] {processor.py:654} INFO - DAG(s) dict_keys(['example_nested_branch_dag']) retrieved from /opt/anaconda3/envs/airflow/lib/python3.7/site-packages/airflow/example_dags/example_nested_branch_dag.py
[2022-02-28 14:26:23,504] {logging_mixin.py:109} INFO - [2022-02-28 14:26:23,502] {dag.py:2398} INFO - Sync 1 DAGs
[2022-02-28 14:26:23,561] {logging_mixin.py:109} INFO - [2022-02-28 14:26:23,560] {dag.py:2937} INFO - Setting next_dagrun for example_nested_branch_dag to 2022-02-27 00:00:00+00:00
[2022-02-28 14:26:23,587] {processor.py:171} INFO - Processing /opt/anaconda3/envs/airflow/lib/python3.7/site-packages/airflow/example_dags/example_nested_branch_dag.py took 0.201 seconds
[2022-02-28 14:27:03,362] {processor.py:163} INFO - Started process (PID=31807) to work on /opt/anaconda3/envs/airflow/lib/python3.7/site-packages/airflow/example_dags/example_nested_branch_dag.py
[2022-02-28 14:27:03,364] {processor.py:642} INFO - Processing file /opt/anaconda3/envs/airflow/lib/python3.7/site-packages/airflow/example_dags/example_nested_branch_dag.py for tasks to queue
[2022-02-28 14:27:03,365] {logging_mixin.py:109} INFO - [2022-02-28 14:27:03,365] {dagbag.py:500} INFO - Filling up the DagBag from /opt/anaconda3/envs/airflow/lib/python3.7/site-packages/airflow/example_dags/example_nested_branch_dag.py
[2022-02-28 14:27:03,400] {processor.py:654} INFO - DAG(s) dict_keys(['example_nested_branch_dag']) retrieved from /opt/anaconda3/envs/airflow/lib/python3.7/site-packages/airflow/example_dags/example_nested_branch_dag.py
[2022-02-28 14:27:03,411] {logging_mixin.py:109} INFO - [2022-02-28 14:27:03,410] {dag.py:2398} INFO - Sync 1 DAGs
[2022-02-28 14:27:03,426] {logging_mixin.py:109} INFO - [2022-02-28 14:27:03,426] {dag.py:2937} INFO - Setting next_dagrun for example_nested_branch_dag to 2022-02-27 00:00:00+00:00
[2022-02-28 14:27:03,435] {processor.py:171} INFO - Processing /opt/anaconda3/envs/airflow/lib/python3.7/site-packages/airflow/example_dags/example_nested_branch_dag.py took 0.077 seconds
[2022-02-28 14:27:47,285] {processor.py:163} INFO - Started process (PID=31862) to work on /opt/anaconda3/envs/airflow/lib/python3.7/site-packages/airflow/example_dags/example_nested_branch_dag.py
[2022-02-28 14:27:47,288] {processor.py:642} INFO - Processing file /opt/anaconda3/envs/airflow/lib/python3.7/site-packages/airflow/example_dags/example_nested_branch_dag.py for tasks to queue
[2022-02-28 14:27:47,292] {logging_mixin.py:109} INFO - [2022-02-28 14:27:47,291] {dagbag.py:500} INFO - Filling up the DagBag from /opt/anaconda3/envs/airflow/lib/python3.7/site-packages/airflow/example_dags/example_nested_branch_dag.py
[2022-02-28 14:27:47,347] {processor.py:654} INFO - DAG(s) dict_keys(['example_nested_branch_dag']) retrieved from /opt/anaconda3/envs/airflow/lib/python3.7/site-packages/airflow/example_dags/example_nested_branch_dag.py
[2022-02-28 14:27:47,361] {logging_mixin.py:109} INFO - [2022-02-28 14:27:47,361] {dag.py:2398} INFO - Sync 1 DAGs
[2022-02-28 14:27:47,380] {logging_mixin.py:109} INFO - [2022-02-28 14:27:47,379] {dag.py:2937} INFO - Setting next_dagrun for example_nested_branch_dag to 2022-02-27 00:00:00+00:00
[2022-02-28 14:27:47,391] {processor.py:171} INFO - Processing /opt/anaconda3/envs/airflow/lib/python3.7/site-packages/airflow/example_dags/example_nested_branch_dag.py took 0.117 seconds
[2022-02-28 14:29:06,443] {processor.py:163} INFO - Started process (PID=32038) to work on /opt/anaconda3/envs/airflow/lib/python3.7/site-packages/airflow/example_dags/example_nested_branch_dag.py
[2022-02-28 14:29:06,449] {processor.py:642} INFO - Processing file /opt/anaconda3/envs/airflow/lib/python3.7/site-packages/airflow/example_dags/example_nested_branch_dag.py for tasks to queue
[2022-02-28 14:29:06,451] {logging_mixin.py:109} INFO - [2022-02-28 14:29:06,451] {dagbag.py:500} INFO - Filling up the DagBag from /opt/anaconda3/envs/airflow/lib/python3.7/site-packages/airflow/example_dags/example_nested_branch_dag.py
[2022-02-28 14:29:06,490] {processor.py:654} INFO - DAG(s) dict_keys(['example_nested_branch_dag']) retrieved from /opt/anaconda3/envs/airflow/lib/python3.7/site-packages/airflow/example_dags/example_nested_branch_dag.py
[2022-02-28 14:29:06,504] {logging_mixin.py:109} INFO - [2022-02-28 14:29:06,503] {dag.py:2398} INFO - Sync 1 DAGs
[2022-02-28 14:29:06,522] {logging_mixin.py:109} INFO - [2022-02-28 14:29:06,522] {dag.py:2937} INFO - Setting next_dagrun for example_nested_branch_dag to 2022-02-27 00:00:00+00:00
[2022-02-28 14:29:06,533] {processor.py:171} INFO - Processing /opt/anaconda3/envs/airflow/lib/python3.7/site-packages/airflow/example_dags/example_nested_branch_dag.py took 0.094 seconds
[2022-02-28 14:29:51,730] {processor.py:163} INFO - Started process (PID=32098) to work on /opt/anaconda3/envs/airflow/lib/python3.7/site-packages/airflow/example_dags/example_nested_branch_dag.py
[2022-02-28 14:29:51,732] {processor.py:642} INFO - Processing file /opt/anaconda3/envs/airflow/lib/python3.7/site-packages/airflow/example_dags/example_nested_branch_dag.py for tasks to queue
[2022-02-28 14:29:51,733] {logging_mixin.py:109} INFO - [2022-02-28 14:29:51,733] {dagbag.py:500} INFO - Filling up the DagBag from /opt/anaconda3/envs/airflow/lib/python3.7/site-packages/airflow/example_dags/example_nested_branch_dag.py
[2022-02-28 14:29:51,773] {processor.py:654} INFO - DAG(s) dict_keys(['example_nested_branch_dag']) retrieved from /opt/anaconda3/envs/airflow/lib/python3.7/site-packages/airflow/example_dags/example_nested_branch_dag.py
[2022-02-28 14:29:51,789] {logging_mixin.py:109} INFO - [2022-02-28 14:29:51,788] {dag.py:2398} INFO - Sync 1 DAGs
[2022-02-28 14:29:51,804] {logging_mixin.py:109} INFO - [2022-02-28 14:29:51,803] {dag.py:2937} INFO - Setting next_dagrun for example_nested_branch_dag to 2022-02-27 00:00:00+00:00
[2022-02-28 14:29:51,813] {processor.py:171} INFO - Processing /opt/anaconda3/envs/airflow/lib/python3.7/site-packages/airflow/example_dags/example_nested_branch_dag.py took 0.087 seconds
[2022-02-28 14:30:35,988] {processor.py:163} INFO - Started process (PID=32154) to work on /opt/anaconda3/envs/airflow/lib/python3.7/site-packages/airflow/example_dags/example_nested_branch_dag.py
[2022-02-28 14:30:35,990] {processor.py:642} INFO - Processing file /opt/anaconda3/envs/airflow/lib/python3.7/site-packages/airflow/example_dags/example_nested_branch_dag.py for tasks to queue
[2022-02-28 14:30:35,991] {logging_mixin.py:109} INFO - [2022-02-28 14:30:35,991] {dagbag.py:500} INFO - Filling up the DagBag from /opt/anaconda3/envs/airflow/lib/python3.7/site-packages/airflow/example_dags/example_nested_branch_dag.py
[2022-02-28 14:30:36,025] {processor.py:654} INFO - DAG(s) dict_keys(['example_nested_branch_dag']) retrieved from /opt/anaconda3/envs/airflow/lib/python3.7/site-packages/airflow/example_dags/example_nested_branch_dag.py
[2022-02-28 14:30:36,037] {logging_mixin.py:109} INFO - [2022-02-28 14:30:36,037] {dag.py:2398} INFO - Sync 1 DAGs
[2022-02-28 14:30:36,054] {logging_mixin.py:109} INFO - [2022-02-28 14:30:36,054] {dag.py:2937} INFO - Setting next_dagrun for example_nested_branch_dag to 2022-02-27 00:00:00+00:00
[2022-02-28 14:30:36,064] {processor.py:171} INFO - Processing /opt/anaconda3/envs/airflow/lib/python3.7/site-packages/airflow/example_dags/example_nested_branch_dag.py took 0.080 seconds
[2022-02-28 14:31:17,310] {processor.py:163} INFO - Started process (PID=32205) to work on /opt/anaconda3/envs/airflow/lib/python3.7/site-packages/airflow/example_dags/example_nested_branch_dag.py
[2022-02-28 14:31:17,313] {processor.py:642} INFO - Processing file /opt/anaconda3/envs/airflow/lib/python3.7/site-packages/airflow/example_dags/example_nested_branch_dag.py for tasks to queue
[2022-02-28 14:31:17,314] {logging_mixin.py:109} INFO - [2022-02-28 14:31:17,314] {dagbag.py:500} INFO - Filling up the DagBag from /opt/anaconda3/envs/airflow/lib/python3.7/site-packages/airflow/example_dags/example_nested_branch_dag.py
[2022-02-28 14:31:17,348] {processor.py:654} INFO - DAG(s) dict_keys(['example_nested_branch_dag']) retrieved from /opt/anaconda3/envs/airflow/lib/python3.7/site-packages/airflow/example_dags/example_nested_branch_dag.py
[2022-02-28 14:31:17,360] {logging_mixin.py:109} INFO - [2022-02-28 14:31:17,360] {dag.py:2398} INFO - Sync 1 DAGs
[2022-02-28 14:31:17,376] {logging_mixin.py:109} INFO - [2022-02-28 14:31:17,375] {dag.py:2937} INFO - Setting next_dagrun for example_nested_branch_dag to 2022-02-27 00:00:00+00:00
[2022-02-28 14:31:17,387] {processor.py:171} INFO - Processing /opt/anaconda3/envs/airflow/lib/python3.7/site-packages/airflow/example_dags/example_nested_branch_dag.py took 0.080 seconds
[2022-02-28 14:33:12,235] {processor.py:163} INFO - Started process (PID=32332) to work on /opt/anaconda3/envs/airflow/lib/python3.7/site-packages/airflow/example_dags/example_nested_branch_dag.py
[2022-02-28 14:33:12,239] {processor.py:642} INFO - Processing file /opt/anaconda3/envs/airflow/lib/python3.7/site-packages/airflow/example_dags/example_nested_branch_dag.py for tasks to queue
[2022-02-28 14:33:12,240] {logging_mixin.py:109} INFO - [2022-02-28 14:33:12,240] {dagbag.py:500} INFO - Filling up the DagBag from /opt/anaconda3/envs/airflow/lib/python3.7/site-packages/airflow/example_dags/example_nested_branch_dag.py
[2022-02-28 14:33:12,281] {processor.py:654} INFO - DAG(s) dict_keys(['example_nested_branch_dag']) retrieved from /opt/anaconda3/envs/airflow/lib/python3.7/site-packages/airflow/example_dags/example_nested_branch_dag.py
[2022-02-28 14:33:12,296] {logging_mixin.py:109} INFO - [2022-02-28 14:33:12,296] {dag.py:2398} INFO - Sync 1 DAGs
[2022-02-28 14:33:12,318] {logging_mixin.py:109} INFO - [2022-02-28 14:33:12,318] {dag.py:2937} INFO - Setting next_dagrun for example_nested_branch_dag to 2022-02-27 00:00:00+00:00
[2022-02-28 14:33:12,329] {processor.py:171} INFO - Processing /opt/anaconda3/envs/airflow/lib/python3.7/site-packages/airflow/example_dags/example_nested_branch_dag.py took 0.098 seconds
[2022-02-28 14:33:56,167] {processor.py:163} INFO - Started process (PID=32408) to work on /opt/anaconda3/envs/airflow/lib/python3.7/site-packages/airflow/example_dags/example_nested_branch_dag.py
[2022-02-28 14:33:56,170] {processor.py:642} INFO - Processing file /opt/anaconda3/envs/airflow/lib/python3.7/site-packages/airflow/example_dags/example_nested_branch_dag.py for tasks to queue
[2022-02-28 14:33:56,171] {logging_mixin.py:109} INFO - [2022-02-28 14:33:56,171] {dagbag.py:500} INFO - Filling up the DagBag from /opt/anaconda3/envs/airflow/lib/python3.7/site-packages/airflow/example_dags/example_nested_branch_dag.py
[2022-02-28 14:33:56,211] {processor.py:654} INFO - DAG(s) dict_keys(['example_nested_branch_dag']) retrieved from /opt/anaconda3/envs/airflow/lib/python3.7/site-packages/airflow/example_dags/example_nested_branch_dag.py
[2022-02-28 14:33:56,223] {logging_mixin.py:109} INFO - [2022-02-28 14:33:56,223] {dag.py:2398} INFO - Sync 1 DAGs
[2022-02-28 14:33:56,241] {logging_mixin.py:109} INFO - [2022-02-28 14:33:56,240] {dag.py:2937} INFO - Setting next_dagrun for example_nested_branch_dag to 2022-02-27 00:00:00+00:00
[2022-02-28 14:33:56,253] {processor.py:171} INFO - Processing /opt/anaconda3/envs/airflow/lib/python3.7/site-packages/airflow/example_dags/example_nested_branch_dag.py took 0.090 seconds
[2022-02-28 14:34:37,614] {processor.py:163} INFO - Started process (PID=32470) to work on /opt/anaconda3/envs/airflow/lib/python3.7/site-packages/airflow/example_dags/example_nested_branch_dag.py
[2022-02-28 14:34:37,616] {processor.py:642} INFO - Processing file /opt/anaconda3/envs/airflow/lib/python3.7/site-packages/airflow/example_dags/example_nested_branch_dag.py for tasks to queue
[2022-02-28 14:34:37,617] {logging_mixin.py:109} INFO - [2022-02-28 14:34:37,616] {dagbag.py:500} INFO - Filling up the DagBag from /opt/anaconda3/envs/airflow/lib/python3.7/site-packages/airflow/example_dags/example_nested_branch_dag.py
[2022-02-28 14:34:37,656] {processor.py:654} INFO - DAG(s) dict_keys(['example_nested_branch_dag']) retrieved from /opt/anaconda3/envs/airflow/lib/python3.7/site-packages/airflow/example_dags/example_nested_branch_dag.py
[2022-02-28 14:34:37,667] {logging_mixin.py:109} INFO - [2022-02-28 14:34:37,667] {dag.py:2398} INFO - Sync 1 DAGs
[2022-02-28 14:34:37,685] {logging_mixin.py:109} INFO - [2022-02-28 14:34:37,685] {dag.py:2937} INFO - Setting next_dagrun for example_nested_branch_dag to 2022-02-27 00:00:00+00:00
[2022-02-28 14:34:37,696] {processor.py:171} INFO - Processing /opt/anaconda3/envs/airflow/lib/python3.7/site-packages/airflow/example_dags/example_nested_branch_dag.py took 0.086 seconds
[2022-02-28 14:35:16,986] {processor.py:163} INFO - Started process (PID=32508) to work on /opt/anaconda3/envs/airflow/lib/python3.7/site-packages/airflow/example_dags/example_nested_branch_dag.py
[2022-02-28 14:35:16,987] {processor.py:642} INFO - Processing file /opt/anaconda3/envs/airflow/lib/python3.7/site-packages/airflow/example_dags/example_nested_branch_dag.py for tasks to queue
[2022-02-28 14:35:16,988] {logging_mixin.py:109} INFO - [2022-02-28 14:35:16,988] {dagbag.py:500} INFO - Filling up the DagBag from /opt/anaconda3/envs/airflow/lib/python3.7/site-packages/airflow/example_dags/example_nested_branch_dag.py
[2022-02-28 14:35:17,042] {processor.py:654} INFO - DAG(s) dict_keys(['example_nested_branch_dag']) retrieved from /opt/anaconda3/envs/airflow/lib/python3.7/site-packages/airflow/example_dags/example_nested_branch_dag.py
[2022-02-28 14:35:17,054] {logging_mixin.py:109} INFO - [2022-02-28 14:35:17,054] {dag.py:2398} INFO - Sync 1 DAGs
[2022-02-28 14:35:17,072] {logging_mixin.py:109} INFO - [2022-02-28 14:35:17,072] {dag.py:2937} INFO - Setting next_dagrun for example_nested_branch_dag to 2022-02-27 00:00:00+00:00
[2022-02-28 14:35:17,084] {processor.py:171} INFO - Processing /opt/anaconda3/envs/airflow/lib/python3.7/site-packages/airflow/example_dags/example_nested_branch_dag.py took 0.104 seconds
[2022-02-28 14:36:02,070] {processor.py:163} INFO - Started process (PID=32554) to work on /opt/anaconda3/envs/airflow/lib/python3.7/site-packages/airflow/example_dags/example_nested_branch_dag.py
[2022-02-28 14:36:02,072] {processor.py:642} INFO - Processing file /opt/anaconda3/envs/airflow/lib/python3.7/site-packages/airflow/example_dags/example_nested_branch_dag.py for tasks to queue
[2022-02-28 14:36:02,073] {logging_mixin.py:109} INFO - [2022-02-28 14:36:02,073] {dagbag.py:500} INFO - Filling up the DagBag from /opt/anaconda3/envs/airflow/lib/python3.7/site-packages/airflow/example_dags/example_nested_branch_dag.py
[2022-02-28 14:36:02,111] {processor.py:654} INFO - DAG(s) dict_keys(['example_nested_branch_dag']) retrieved from /opt/anaconda3/envs/airflow/lib/python3.7/site-packages/airflow/example_dags/example_nested_branch_dag.py
[2022-02-28 14:36:02,125] {logging_mixin.py:109} INFO - [2022-02-28 14:36:02,124] {dag.py:2398} INFO - Sync 1 DAGs
[2022-02-28 14:36:02,142] {logging_mixin.py:109} INFO - [2022-02-28 14:36:02,142] {dag.py:2937} INFO - Setting next_dagrun for example_nested_branch_dag to 2022-02-27 00:00:00+00:00
[2022-02-28 14:36:02,153] {processor.py:171} INFO - Processing /opt/anaconda3/envs/airflow/lib/python3.7/site-packages/airflow/example_dags/example_nested_branch_dag.py took 0.088 seconds
[2022-02-28 14:36:43,716] {processor.py:163} INFO - Started process (PID=32604) to work on /opt/anaconda3/envs/airflow/lib/python3.7/site-packages/airflow/example_dags/example_nested_branch_dag.py
[2022-02-28 14:36:43,718] {processor.py:642} INFO - Processing file /opt/anaconda3/envs/airflow/lib/python3.7/site-packages/airflow/example_dags/example_nested_branch_dag.py for tasks to queue
[2022-02-28 14:36:43,719] {logging_mixin.py:109} INFO - [2022-02-28 14:36:43,719] {dagbag.py:500} INFO - Filling up the DagBag from /opt/anaconda3/envs/airflow/lib/python3.7/site-packages/airflow/example_dags/example_nested_branch_dag.py
[2022-02-28 14:36:43,754] {processor.py:654} INFO - DAG(s) dict_keys(['example_nested_branch_dag']) retrieved from /opt/anaconda3/envs/airflow/lib/python3.7/site-packages/airflow/example_dags/example_nested_branch_dag.py
[2022-02-28 14:36:43,765] {logging_mixin.py:109} INFO - [2022-02-28 14:36:43,765] {dag.py:2398} INFO - Sync 1 DAGs
[2022-02-28 14:36:43,788] {logging_mixin.py:109} INFO - [2022-02-28 14:36:43,788] {dag.py:2937} INFO - Setting next_dagrun for example_nested_branch_dag to 2022-02-27 00:00:00+00:00
[2022-02-28 14:36:43,798] {processor.py:171} INFO - Processing /opt/anaconda3/envs/airflow/lib/python3.7/site-packages/airflow/example_dags/example_nested_branch_dag.py took 0.086 seconds
[2022-02-28 14:37:22,400] {processor.py:163} INFO - Started process (PID=32639) to work on /opt/anaconda3/envs/airflow/lib/python3.7/site-packages/airflow/example_dags/example_nested_branch_dag.py
[2022-02-28 14:37:22,403] {processor.py:642} INFO - Processing file /opt/anaconda3/envs/airflow/lib/python3.7/site-packages/airflow/example_dags/example_nested_branch_dag.py for tasks to queue
[2022-02-28 14:37:22,404] {logging_mixin.py:109} INFO - [2022-02-28 14:37:22,404] {dagbag.py:500} INFO - Filling up the DagBag from /opt/anaconda3/envs/airflow/lib/python3.7/site-packages/airflow/example_dags/example_nested_branch_dag.py
[2022-02-28 14:37:22,440] {processor.py:654} INFO - DAG(s) dict_keys(['example_nested_branch_dag']) retrieved from /opt/anaconda3/envs/airflow/lib/python3.7/site-packages/airflow/example_dags/example_nested_branch_dag.py
[2022-02-28 14:37:22,453] {logging_mixin.py:109} INFO - [2022-02-28 14:37:22,452] {dag.py:2398} INFO - Sync 1 DAGs
[2022-02-28 14:37:22,470] {logging_mixin.py:109} INFO - [2022-02-28 14:37:22,470] {dag.py:2937} INFO - Setting next_dagrun for example_nested_branch_dag to 2022-02-27 00:00:00+00:00
[2022-02-28 14:37:22,482] {processor.py:171} INFO - Processing /opt/anaconda3/envs/airflow/lib/python3.7/site-packages/airflow/example_dags/example_nested_branch_dag.py took 0.086 seconds
[2022-02-28 14:38:04,959] {processor.py:163} INFO - Started process (PID=32678) to work on /opt/anaconda3/envs/airflow/lib/python3.7/site-packages/airflow/example_dags/example_nested_branch_dag.py
[2022-02-28 14:38:04,960] {processor.py:642} INFO - Processing file /opt/anaconda3/envs/airflow/lib/python3.7/site-packages/airflow/example_dags/example_nested_branch_dag.py for tasks to queue
[2022-02-28 14:38:04,962] {logging_mixin.py:109} INFO - [2022-02-28 14:38:04,961] {dagbag.py:500} INFO - Filling up the DagBag from /opt/anaconda3/envs/airflow/lib/python3.7/site-packages/airflow/example_dags/example_nested_branch_dag.py
[2022-02-28 14:38:04,998] {processor.py:654} INFO - DAG(s) dict_keys(['example_nested_branch_dag']) retrieved from /opt/anaconda3/envs/airflow/lib/python3.7/site-packages/airflow/example_dags/example_nested_branch_dag.py
[2022-02-28 14:38:05,011] {logging_mixin.py:109} INFO - [2022-02-28 14:38:05,010] {dag.py:2398} INFO - Sync 1 DAGs
[2022-02-28 14:38:05,026] {logging_mixin.py:109} INFO - [2022-02-28 14:38:05,026] {dag.py:2937} INFO - Setting next_dagrun for example_nested_branch_dag to 2022-02-27 00:00:00+00:00
[2022-02-28 14:38:05,037] {processor.py:171} INFO - Processing /opt/anaconda3/envs/airflow/lib/python3.7/site-packages/airflow/example_dags/example_nested_branch_dag.py took 0.083 seconds
[2022-02-28 14:38:40,898] {processor.py:163} INFO - Started process (PID=32714) to work on /opt/anaconda3/envs/airflow/lib/python3.7/site-packages/airflow/example_dags/example_nested_branch_dag.py
[2022-02-28 14:38:40,899] {processor.py:642} INFO - Processing file /opt/anaconda3/envs/airflow/lib/python3.7/site-packages/airflow/example_dags/example_nested_branch_dag.py for tasks to queue
[2022-02-28 14:38:40,900] {logging_mixin.py:109} INFO - [2022-02-28 14:38:40,900] {dagbag.py:500} INFO - Filling up the DagBag from /opt/anaconda3/envs/airflow/lib/python3.7/site-packages/airflow/example_dags/example_nested_branch_dag.py
[2022-02-28 14:38:40,934] {processor.py:654} INFO - DAG(s) dict_keys(['example_nested_branch_dag']) retrieved from /opt/anaconda3/envs/airflow/lib/python3.7/site-packages/airflow/example_dags/example_nested_branch_dag.py
[2022-02-28 14:38:40,947] {logging_mixin.py:109} INFO - [2022-02-28 14:38:40,946] {dag.py:2398} INFO - Sync 1 DAGs
[2022-02-28 14:38:40,963] {logging_mixin.py:109} INFO - [2022-02-28 14:38:40,963] {dag.py:2937} INFO - Setting next_dagrun for example_nested_branch_dag to 2022-02-27 00:00:00+00:00
[2022-02-28 14:38:40,975] {processor.py:171} INFO - Processing /opt/anaconda3/envs/airflow/lib/python3.7/site-packages/airflow/example_dags/example_nested_branch_dag.py took 0.081 seconds
[2022-02-28 14:39:20,958] {processor.py:163} INFO - Started process (PID=32754) to work on /opt/anaconda3/envs/airflow/lib/python3.7/site-packages/airflow/example_dags/example_nested_branch_dag.py
[2022-02-28 14:39:20,961] {processor.py:642} INFO - Processing file /opt/anaconda3/envs/airflow/lib/python3.7/site-packages/airflow/example_dags/example_nested_branch_dag.py for tasks to queue
[2022-02-28 14:39:20,962] {logging_mixin.py:109} INFO - [2022-02-28 14:39:20,962] {dagbag.py:500} INFO - Filling up the DagBag from /opt/anaconda3/envs/airflow/lib/python3.7/site-packages/airflow/example_dags/example_nested_branch_dag.py
[2022-02-28 14:39:21,000] {processor.py:654} INFO - DAG(s) dict_keys(['example_nested_branch_dag']) retrieved from /opt/anaconda3/envs/airflow/lib/python3.7/site-packages/airflow/example_dags/example_nested_branch_dag.py
[2022-02-28 14:39:21,013] {logging_mixin.py:109} INFO - [2022-02-28 14:39:21,013] {dag.py:2398} INFO - Sync 1 DAGs
[2022-02-28 14:39:21,030] {logging_mixin.py:109} INFO - [2022-02-28 14:39:21,030] {dag.py:2937} INFO - Setting next_dagrun for example_nested_branch_dag to 2022-02-27 00:00:00+00:00
[2022-02-28 14:39:21,042] {processor.py:171} INFO - Processing /opt/anaconda3/envs/airflow/lib/python3.7/site-packages/airflow/example_dags/example_nested_branch_dag.py took 0.088 seconds
[2022-02-28 14:40:02,331] {processor.py:163} INFO - Started process (PID=32804) to work on /opt/anaconda3/envs/airflow/lib/python3.7/site-packages/airflow/example_dags/example_nested_branch_dag.py
[2022-02-28 14:40:02,334] {processor.py:642} INFO - Processing file /opt/anaconda3/envs/airflow/lib/python3.7/site-packages/airflow/example_dags/example_nested_branch_dag.py for tasks to queue
[2022-02-28 14:40:02,336] {logging_mixin.py:109} INFO - [2022-02-28 14:40:02,336] {dagbag.py:500} INFO - Filling up the DagBag from /opt/anaconda3/envs/airflow/lib/python3.7/site-packages/airflow/example_dags/example_nested_branch_dag.py
[2022-02-28 14:40:02,371] {processor.py:654} INFO - DAG(s) dict_keys(['example_nested_branch_dag']) retrieved from /opt/anaconda3/envs/airflow/lib/python3.7/site-packages/airflow/example_dags/example_nested_branch_dag.py
[2022-02-28 14:40:02,384] {logging_mixin.py:109} INFO - [2022-02-28 14:40:02,384] {dag.py:2398} INFO - Sync 1 DAGs
[2022-02-28 14:40:02,403] {logging_mixin.py:109} INFO - [2022-02-28 14:40:02,402] {dag.py:2937} INFO - Setting next_dagrun for example_nested_branch_dag to 2022-02-27 00:00:00+00:00
[2022-02-28 14:40:02,413] {processor.py:171} INFO - Processing /opt/anaconda3/envs/airflow/lib/python3.7/site-packages/airflow/example_dags/example_nested_branch_dag.py took 0.086 seconds
[2022-02-28 14:40:42,810] {processor.py:163} INFO - Started process (PID=32843) to work on /opt/anaconda3/envs/airflow/lib/python3.7/site-packages/airflow/example_dags/example_nested_branch_dag.py
[2022-02-28 14:40:42,811] {processor.py:642} INFO - Processing file /opt/anaconda3/envs/airflow/lib/python3.7/site-packages/airflow/example_dags/example_nested_branch_dag.py for tasks to queue
[2022-02-28 14:40:42,813] {logging_mixin.py:109} INFO - [2022-02-28 14:40:42,812] {dagbag.py:500} INFO - Filling up the DagBag from /opt/anaconda3/envs/airflow/lib/python3.7/site-packages/airflow/example_dags/example_nested_branch_dag.py
[2022-02-28 14:40:42,844] {processor.py:654} INFO - DAG(s) dict_keys(['example_nested_branch_dag']) retrieved from /opt/anaconda3/envs/airflow/lib/python3.7/site-packages/airflow/example_dags/example_nested_branch_dag.py
[2022-02-28 14:40:42,856] {logging_mixin.py:109} INFO - [2022-02-28 14:40:42,856] {dag.py:2398} INFO - Sync 1 DAGs
[2022-02-28 14:40:42,876] {logging_mixin.py:109} INFO - [2022-02-28 14:40:42,876] {dag.py:2937} INFO - Setting next_dagrun for example_nested_branch_dag to 2022-02-27 00:00:00+00:00
[2022-02-28 14:40:42,888] {processor.py:171} INFO - Processing /opt/anaconda3/envs/airflow/lib/python3.7/site-packages/airflow/example_dags/example_nested_branch_dag.py took 0.083 seconds
[2022-02-28 14:41:25,873] {processor.py:163} INFO - Started process (PID=32884) to work on /opt/anaconda3/envs/airflow/lib/python3.7/site-packages/airflow/example_dags/example_nested_branch_dag.py
[2022-02-28 14:41:25,875] {processor.py:642} INFO - Processing file /opt/anaconda3/envs/airflow/lib/python3.7/site-packages/airflow/example_dags/example_nested_branch_dag.py for tasks to queue
[2022-02-28 14:41:25,876] {logging_mixin.py:109} INFO - [2022-02-28 14:41:25,876] {dagbag.py:500} INFO - Filling up the DagBag from /opt/anaconda3/envs/airflow/lib/python3.7/site-packages/airflow/example_dags/example_nested_branch_dag.py
[2022-02-28 14:41:25,916] {processor.py:654} INFO - DAG(s) dict_keys(['example_nested_branch_dag']) retrieved from /opt/anaconda3/envs/airflow/lib/python3.7/site-packages/airflow/example_dags/example_nested_branch_dag.py
[2022-02-28 14:41:25,931] {logging_mixin.py:109} INFO - [2022-02-28 14:41:25,930] {dag.py:2398} INFO - Sync 1 DAGs
[2022-02-28 14:41:25,951] {logging_mixin.py:109} INFO - [2022-02-28 14:41:25,951] {dag.py:2937} INFO - Setting next_dagrun for example_nested_branch_dag to 2022-02-27 00:00:00+00:00
[2022-02-28 14:41:25,964] {processor.py:171} INFO - Processing /opt/anaconda3/envs/airflow/lib/python3.7/site-packages/airflow/example_dags/example_nested_branch_dag.py took 0.095 seconds
[2022-02-28 14:42:02,408] {processor.py:163} INFO - Started process (PID=32920) to work on /opt/anaconda3/envs/airflow/lib/python3.7/site-packages/airflow/example_dags/example_nested_branch_dag.py
[2022-02-28 14:42:02,409] {processor.py:642} INFO - Processing file /opt/anaconda3/envs/airflow/lib/python3.7/site-packages/airflow/example_dags/example_nested_branch_dag.py for tasks to queue
[2022-02-28 14:42:02,410] {logging_mixin.py:109} INFO - [2022-02-28 14:42:02,410] {dagbag.py:500} INFO - Filling up the DagBag from /opt/anaconda3/envs/airflow/lib/python3.7/site-packages/airflow/example_dags/example_nested_branch_dag.py
[2022-02-28 14:42:02,443] {processor.py:654} INFO - DAG(s) dict_keys(['example_nested_branch_dag']) retrieved from /opt/anaconda3/envs/airflow/lib/python3.7/site-packages/airflow/example_dags/example_nested_branch_dag.py
[2022-02-28 14:42:02,455] {logging_mixin.py:109} INFO - [2022-02-28 14:42:02,455] {dag.py:2398} INFO - Sync 1 DAGs
[2022-02-28 14:42:02,471] {logging_mixin.py:109} INFO - [2022-02-28 14:42:02,471] {dag.py:2937} INFO - Setting next_dagrun for example_nested_branch_dag to 2022-02-27 00:00:00+00:00
[2022-02-28 14:42:02,482] {processor.py:171} INFO - Processing /opt/anaconda3/envs/airflow/lib/python3.7/site-packages/airflow/example_dags/example_nested_branch_dag.py took 0.078 seconds
[2022-02-28 14:42:51,875] {processor.py:163} INFO - Started process (PID=32981) to work on /opt/anaconda3/envs/airflow/lib/python3.7/site-packages/airflow/example_dags/example_nested_branch_dag.py
[2022-02-28 14:42:51,878] {processor.py:642} INFO - Processing file /opt/anaconda3/envs/airflow/lib/python3.7/site-packages/airflow/example_dags/example_nested_branch_dag.py for tasks to queue
[2022-02-28 14:42:51,879] {logging_mixin.py:109} INFO - [2022-02-28 14:42:51,879] {dagbag.py:500} INFO - Filling up the DagBag from /opt/anaconda3/envs/airflow/lib/python3.7/site-packages/airflow/example_dags/example_nested_branch_dag.py
[2022-02-28 14:42:51,914] {processor.py:654} INFO - DAG(s) dict_keys(['example_nested_branch_dag']) retrieved from /opt/anaconda3/envs/airflow/lib/python3.7/site-packages/airflow/example_dags/example_nested_branch_dag.py
[2022-02-28 14:42:51,926] {logging_mixin.py:109} INFO - [2022-02-28 14:42:51,926] {dag.py:2398} INFO - Sync 1 DAGs
[2022-02-28 14:42:51,942] {logging_mixin.py:109} INFO - [2022-02-28 14:42:51,942] {dag.py:2937} INFO - Setting next_dagrun for example_nested_branch_dag to 2022-02-27 00:00:00+00:00
[2022-02-28 14:42:51,952] {processor.py:171} INFO - Processing /opt/anaconda3/envs/airflow/lib/python3.7/site-packages/airflow/example_dags/example_nested_branch_dag.py took 0.081 seconds
[2022-02-28 14:43:34,185] {processor.py:163} INFO - Started process (PID=33021) to work on /opt/anaconda3/envs/airflow/lib/python3.7/site-packages/airflow/example_dags/example_nested_branch_dag.py
[2022-02-28 14:43:34,189] {processor.py:642} INFO - Processing file /opt/anaconda3/envs/airflow/lib/python3.7/site-packages/airflow/example_dags/example_nested_branch_dag.py for tasks to queue
[2022-02-28 14:43:34,190] {logging_mixin.py:109} INFO - [2022-02-28 14:43:34,189] {dagbag.py:500} INFO - Filling up the DagBag from /opt/anaconda3/envs/airflow/lib/python3.7/site-packages/airflow/example_dags/example_nested_branch_dag.py
[2022-02-28 14:43:34,229] {processor.py:654} INFO - DAG(s) dict_keys(['example_nested_branch_dag']) retrieved from /opt/anaconda3/envs/airflow/lib/python3.7/site-packages/airflow/example_dags/example_nested_branch_dag.py
[2022-02-28 14:43:34,242] {logging_mixin.py:109} INFO - [2022-02-28 14:43:34,241] {dag.py:2398} INFO - Sync 1 DAGs
[2022-02-28 14:43:34,260] {logging_mixin.py:109} INFO - [2022-02-28 14:43:34,259] {dag.py:2937} INFO - Setting next_dagrun for example_nested_branch_dag to 2022-02-27 00:00:00+00:00
[2022-02-28 14:43:34,272] {processor.py:171} INFO - Processing /opt/anaconda3/envs/airflow/lib/python3.7/site-packages/airflow/example_dags/example_nested_branch_dag.py took 0.091 seconds
[2022-02-28 14:44:22,899] {processor.py:163} INFO - Started process (PID=33082) to work on /opt/anaconda3/envs/airflow/lib/python3.7/site-packages/airflow/example_dags/example_nested_branch_dag.py
[2022-02-28 14:44:22,903] {processor.py:642} INFO - Processing file /opt/anaconda3/envs/airflow/lib/python3.7/site-packages/airflow/example_dags/example_nested_branch_dag.py for tasks to queue
[2022-02-28 14:44:22,904] {logging_mixin.py:109} INFO - [2022-02-28 14:44:22,904] {dagbag.py:500} INFO - Filling up the DagBag from /opt/anaconda3/envs/airflow/lib/python3.7/site-packages/airflow/example_dags/example_nested_branch_dag.py
[2022-02-28 14:44:22,946] {processor.py:654} INFO - DAG(s) dict_keys(['example_nested_branch_dag']) retrieved from /opt/anaconda3/envs/airflow/lib/python3.7/site-packages/airflow/example_dags/example_nested_branch_dag.py
[2022-02-28 14:44:22,960] {logging_mixin.py:109} INFO - [2022-02-28 14:44:22,960] {dag.py:2398} INFO - Sync 1 DAGs
[2022-02-28 14:44:22,979] {logging_mixin.py:109} INFO - [2022-02-28 14:44:22,978] {dag.py:2937} INFO - Setting next_dagrun for example_nested_branch_dag to 2022-02-27 00:00:00+00:00
[2022-02-28 14:44:22,998] {processor.py:171} INFO - Processing /opt/anaconda3/envs/airflow/lib/python3.7/site-packages/airflow/example_dags/example_nested_branch_dag.py took 0.104 seconds
[2022-02-28 14:45:04,579] {processor.py:163} INFO - Started process (PID=33129) to work on /opt/anaconda3/envs/airflow/lib/python3.7/site-packages/airflow/example_dags/example_nested_branch_dag.py
[2022-02-28 14:45:04,581] {processor.py:642} INFO - Processing file /opt/anaconda3/envs/airflow/lib/python3.7/site-packages/airflow/example_dags/example_nested_branch_dag.py for tasks to queue
[2022-02-28 14:45:04,582] {logging_mixin.py:109} INFO - [2022-02-28 14:45:04,581] {dagbag.py:500} INFO - Filling up the DagBag from /opt/anaconda3/envs/airflow/lib/python3.7/site-packages/airflow/example_dags/example_nested_branch_dag.py
[2022-02-28 14:45:04,632] {processor.py:654} INFO - DAG(s) dict_keys(['example_nested_branch_dag']) retrieved from /opt/anaconda3/envs/airflow/lib/python3.7/site-packages/airflow/example_dags/example_nested_branch_dag.py
[2022-02-28 14:45:04,650] {logging_mixin.py:109} INFO - [2022-02-28 14:45:04,650] {dag.py:2398} INFO - Sync 1 DAGs
[2022-02-28 14:45:04,681] {logging_mixin.py:109} INFO - [2022-02-28 14:45:04,681] {dag.py:2937} INFO - Setting next_dagrun for example_nested_branch_dag to 2022-02-27 00:00:00+00:00
[2022-02-28 14:45:04,697] {processor.py:171} INFO - Processing /opt/anaconda3/envs/airflow/lib/python3.7/site-packages/airflow/example_dags/example_nested_branch_dag.py took 0.124 seconds
[2022-02-28 14:45:47,358] {processor.py:163} INFO - Started process (PID=33196) to work on /opt/anaconda3/envs/airflow/lib/python3.7/site-packages/airflow/example_dags/example_nested_branch_dag.py
[2022-02-28 14:45:47,360] {processor.py:642} INFO - Processing file /opt/anaconda3/envs/airflow/lib/python3.7/site-packages/airflow/example_dags/example_nested_branch_dag.py for tasks to queue
[2022-02-28 14:45:47,362] {logging_mixin.py:109} INFO - [2022-02-28 14:45:47,361] {dagbag.py:500} INFO - Filling up the DagBag from /opt/anaconda3/envs/airflow/lib/python3.7/site-packages/airflow/example_dags/example_nested_branch_dag.py
[2022-02-28 14:45:47,398] {processor.py:654} INFO - DAG(s) dict_keys(['example_nested_branch_dag']) retrieved from /opt/anaconda3/envs/airflow/lib/python3.7/site-packages/airflow/example_dags/example_nested_branch_dag.py
[2022-02-28 14:45:47,412] {logging_mixin.py:109} INFO - [2022-02-28 14:45:47,412] {dag.py:2398} INFO - Sync 1 DAGs
[2022-02-28 14:45:47,428] {logging_mixin.py:109} INFO - [2022-02-28 14:45:47,428] {dag.py:2937} INFO - Setting next_dagrun for example_nested_branch_dag to 2022-02-27 00:00:00+00:00
[2022-02-28 14:45:47,438] {processor.py:171} INFO - Processing /opt/anaconda3/envs/airflow/lib/python3.7/site-packages/airflow/example_dags/example_nested_branch_dag.py took 0.085 seconds
[2022-02-28 14:46:31,473] {processor.py:163} INFO - Started process (PID=33243) to work on /opt/anaconda3/envs/airflow/lib/python3.7/site-packages/airflow/example_dags/example_nested_branch_dag.py
[2022-02-28 14:46:31,475] {processor.py:642} INFO - Processing file /opt/anaconda3/envs/airflow/lib/python3.7/site-packages/airflow/example_dags/example_nested_branch_dag.py for tasks to queue
[2022-02-28 14:46:31,477] {logging_mixin.py:109} INFO - [2022-02-28 14:46:31,476] {dagbag.py:500} INFO - Filling up the DagBag from /opt/anaconda3/envs/airflow/lib/python3.7/site-packages/airflow/example_dags/example_nested_branch_dag.py
[2022-02-28 14:46:31,529] {processor.py:654} INFO - DAG(s) dict_keys(['example_nested_branch_dag']) retrieved from /opt/anaconda3/envs/airflow/lib/python3.7/site-packages/airflow/example_dags/example_nested_branch_dag.py
[2022-02-28 14:46:31,549] {logging_mixin.py:109} INFO - [2022-02-28 14:46:31,548] {dag.py:2398} INFO - Sync 1 DAGs
[2022-02-28 14:46:31,569] {logging_mixin.py:109} INFO - [2022-02-28 14:46:31,569] {dag.py:2937} INFO - Setting next_dagrun for example_nested_branch_dag to 2022-02-27 00:00:00+00:00
[2022-02-28 14:46:31,587] {processor.py:171} INFO - Processing /opt/anaconda3/envs/airflow/lib/python3.7/site-packages/airflow/example_dags/example_nested_branch_dag.py took 0.121 seconds
[2022-02-28 14:47:12,389] {processor.py:163} INFO - Started process (PID=33281) to work on /opt/anaconda3/envs/airflow/lib/python3.7/site-packages/airflow/example_dags/example_nested_branch_dag.py
[2022-02-28 14:47:12,391] {processor.py:642} INFO - Processing file /opt/anaconda3/envs/airflow/lib/python3.7/site-packages/airflow/example_dags/example_nested_branch_dag.py for tasks to queue
[2022-02-28 14:47:12,393] {logging_mixin.py:109} INFO - [2022-02-28 14:47:12,393] {dagbag.py:500} INFO - Filling up the DagBag from /opt/anaconda3/envs/airflow/lib/python3.7/site-packages/airflow/example_dags/example_nested_branch_dag.py
[2022-02-28 14:47:12,450] {processor.py:654} INFO - DAG(s) dict_keys(['example_nested_branch_dag']) retrieved from /opt/anaconda3/envs/airflow/lib/python3.7/site-packages/airflow/example_dags/example_nested_branch_dag.py
[2022-02-28 14:47:12,475] {logging_mixin.py:109} INFO - [2022-02-28 14:47:12,474] {dag.py:2398} INFO - Sync 1 DAGs
[2022-02-28 14:47:12,504] {logging_mixin.py:109} INFO - [2022-02-28 14:47:12,503] {dag.py:2937} INFO - Setting next_dagrun for example_nested_branch_dag to 2022-02-27 00:00:00+00:00
[2022-02-28 14:47:12,519] {processor.py:171} INFO - Processing /opt/anaconda3/envs/airflow/lib/python3.7/site-packages/airflow/example_dags/example_nested_branch_dag.py took 0.137 seconds
[2022-02-28 14:47:56,314] {processor.py:163} INFO - Started process (PID=33325) to work on /opt/anaconda3/envs/airflow/lib/python3.7/site-packages/airflow/example_dags/example_nested_branch_dag.py
[2022-02-28 14:47:56,316] {processor.py:642} INFO - Processing file /opt/anaconda3/envs/airflow/lib/python3.7/site-packages/airflow/example_dags/example_nested_branch_dag.py for tasks to queue
[2022-02-28 14:47:56,317] {logging_mixin.py:109} INFO - [2022-02-28 14:47:56,317] {dagbag.py:500} INFO - Filling up the DagBag from /opt/anaconda3/envs/airflow/lib/python3.7/site-packages/airflow/example_dags/example_nested_branch_dag.py
[2022-02-28 14:47:56,351] {processor.py:654} INFO - DAG(s) dict_keys(['example_nested_branch_dag']) retrieved from /opt/anaconda3/envs/airflow/lib/python3.7/site-packages/airflow/example_dags/example_nested_branch_dag.py
[2022-02-28 14:47:56,364] {logging_mixin.py:109} INFO - [2022-02-28 14:47:56,364] {dag.py:2398} INFO - Sync 1 DAGs
[2022-02-28 14:47:56,382] {logging_mixin.py:109} INFO - [2022-02-28 14:47:56,382] {dag.py:2937} INFO - Setting next_dagrun for example_nested_branch_dag to 2022-02-27 00:00:00+00:00
[2022-02-28 14:47:56,393] {processor.py:171} INFO - Processing /opt/anaconda3/envs/airflow/lib/python3.7/site-packages/airflow/example_dags/example_nested_branch_dag.py took 0.083 seconds
[2022-02-28 14:48:36,854] {processor.py:163} INFO - Started process (PID=33364) to work on /opt/anaconda3/envs/airflow/lib/python3.7/site-packages/airflow/example_dags/example_nested_branch_dag.py
[2022-02-28 14:48:36,856] {processor.py:642} INFO - Processing file /opt/anaconda3/envs/airflow/lib/python3.7/site-packages/airflow/example_dags/example_nested_branch_dag.py for tasks to queue
[2022-02-28 14:48:36,857] {logging_mixin.py:109} INFO - [2022-02-28 14:48:36,856] {dagbag.py:500} INFO - Filling up the DagBag from /opt/anaconda3/envs/airflow/lib/python3.7/site-packages/airflow/example_dags/example_nested_branch_dag.py
[2022-02-28 14:48:36,889] {processor.py:654} INFO - DAG(s) dict_keys(['example_nested_branch_dag']) retrieved from /opt/anaconda3/envs/airflow/lib/python3.7/site-packages/airflow/example_dags/example_nested_branch_dag.py
[2022-02-28 14:48:36,901] {logging_mixin.py:109} INFO - [2022-02-28 14:48:36,900] {dag.py:2398} INFO - Sync 1 DAGs
[2022-02-28 14:48:36,918] {logging_mixin.py:109} INFO - [2022-02-28 14:48:36,917] {dag.py:2937} INFO - Setting next_dagrun for example_nested_branch_dag to 2022-02-27 00:00:00+00:00
[2022-02-28 14:48:36,929] {processor.py:171} INFO - Processing /opt/anaconda3/envs/airflow/lib/python3.7/site-packages/airflow/example_dags/example_nested_branch_dag.py took 0.079 seconds
[2022-02-28 14:49:17,066] {processor.py:163} INFO - Started process (PID=33402) to work on /opt/anaconda3/envs/airflow/lib/python3.7/site-packages/airflow/example_dags/example_nested_branch_dag.py
[2022-02-28 14:49:17,068] {processor.py:642} INFO - Processing file /opt/anaconda3/envs/airflow/lib/python3.7/site-packages/airflow/example_dags/example_nested_branch_dag.py for tasks to queue
[2022-02-28 14:49:17,069] {logging_mixin.py:109} INFO - [2022-02-28 14:49:17,069] {dagbag.py:500} INFO - Filling up the DagBag from /opt/anaconda3/envs/airflow/lib/python3.7/site-packages/airflow/example_dags/example_nested_branch_dag.py
[2022-02-28 14:49:17,102] {processor.py:654} INFO - DAG(s) dict_keys(['example_nested_branch_dag']) retrieved from /opt/anaconda3/envs/airflow/lib/python3.7/site-packages/airflow/example_dags/example_nested_branch_dag.py
[2022-02-28 14:49:17,115] {logging_mixin.py:109} INFO - [2022-02-28 14:49:17,115] {dag.py:2398} INFO - Sync 1 DAGs
[2022-02-28 14:49:17,132] {logging_mixin.py:109} INFO - [2022-02-28 14:49:17,132] {dag.py:2937} INFO - Setting next_dagrun for example_nested_branch_dag to 2022-02-27 00:00:00+00:00
[2022-02-28 14:49:17,142] {processor.py:171} INFO - Processing /opt/anaconda3/envs/airflow/lib/python3.7/site-packages/airflow/example_dags/example_nested_branch_dag.py took 0.080 seconds
[2022-02-28 14:50:00,087] {processor.py:163} INFO - Started process (PID=33444) to work on /opt/anaconda3/envs/airflow/lib/python3.7/site-packages/airflow/example_dags/example_nested_branch_dag.py
[2022-02-28 14:50:00,090] {processor.py:642} INFO - Processing file /opt/anaconda3/envs/airflow/lib/python3.7/site-packages/airflow/example_dags/example_nested_branch_dag.py for tasks to queue
[2022-02-28 14:50:00,092] {logging_mixin.py:109} INFO - [2022-02-28 14:50:00,091] {dagbag.py:500} INFO - Filling up the DagBag from /opt/anaconda3/envs/airflow/lib/python3.7/site-packages/airflow/example_dags/example_nested_branch_dag.py
[2022-02-28 14:50:00,126] {processor.py:654} INFO - DAG(s) dict_keys(['example_nested_branch_dag']) retrieved from /opt/anaconda3/envs/airflow/lib/python3.7/site-packages/airflow/example_dags/example_nested_branch_dag.py
[2022-02-28 14:50:00,139] {logging_mixin.py:109} INFO - [2022-02-28 14:50:00,138] {dag.py:2398} INFO - Sync 1 DAGs
[2022-02-28 14:50:00,154] {logging_mixin.py:109} INFO - [2022-02-28 14:50:00,154] {dag.py:2937} INFO - Setting next_dagrun for example_nested_branch_dag to 2022-02-27 00:00:00+00:00
[2022-02-28 14:50:00,164] {processor.py:171} INFO - Processing /opt/anaconda3/envs/airflow/lib/python3.7/site-packages/airflow/example_dags/example_nested_branch_dag.py took 0.081 seconds
[2022-02-28 14:50:40,668] {processor.py:163} INFO - Started process (PID=33492) to work on /opt/anaconda3/envs/airflow/lib/python3.7/site-packages/airflow/example_dags/example_nested_branch_dag.py
[2022-02-28 14:50:40,669] {processor.py:642} INFO - Processing file /opt/anaconda3/envs/airflow/lib/python3.7/site-packages/airflow/example_dags/example_nested_branch_dag.py for tasks to queue
[2022-02-28 14:50:40,671] {logging_mixin.py:109} INFO - [2022-02-28 14:50:40,670] {dagbag.py:500} INFO - Filling up the DagBag from /opt/anaconda3/envs/airflow/lib/python3.7/site-packages/airflow/example_dags/example_nested_branch_dag.py
[2022-02-28 14:50:40,741] {processor.py:654} INFO - DAG(s) dict_keys(['example_nested_branch_dag']) retrieved from /opt/anaconda3/envs/airflow/lib/python3.7/site-packages/airflow/example_dags/example_nested_branch_dag.py
[2022-02-28 14:50:40,767] {logging_mixin.py:109} INFO - [2022-02-28 14:50:40,766] {dag.py:2398} INFO - Sync 1 DAGs
[2022-02-28 14:50:40,804] {logging_mixin.py:109} INFO - [2022-02-28 14:50:40,804] {dag.py:2937} INFO - Setting next_dagrun for example_nested_branch_dag to 2022-02-27 00:00:00+00:00
[2022-02-28 14:50:40,832] {processor.py:171} INFO - Processing /opt/anaconda3/envs/airflow/lib/python3.7/site-packages/airflow/example_dags/example_nested_branch_dag.py took 0.170 seconds
[2022-02-28 14:51:25,578] {processor.py:163} INFO - Started process (PID=33566) to work on /opt/anaconda3/envs/airflow/lib/python3.7/site-packages/airflow/example_dags/example_nested_branch_dag.py
[2022-02-28 14:51:25,580] {processor.py:642} INFO - Processing file /opt/anaconda3/envs/airflow/lib/python3.7/site-packages/airflow/example_dags/example_nested_branch_dag.py for tasks to queue
[2022-02-28 14:51:25,581] {logging_mixin.py:109} INFO - [2022-02-28 14:51:25,581] {dagbag.py:500} INFO - Filling up the DagBag from /opt/anaconda3/envs/airflow/lib/python3.7/site-packages/airflow/example_dags/example_nested_branch_dag.py
[2022-02-28 14:51:25,619] {processor.py:654} INFO - DAG(s) dict_keys(['example_nested_branch_dag']) retrieved from /opt/anaconda3/envs/airflow/lib/python3.7/site-packages/airflow/example_dags/example_nested_branch_dag.py
[2022-02-28 14:51:25,631] {logging_mixin.py:109} INFO - [2022-02-28 14:51:25,631] {dag.py:2398} INFO - Sync 1 DAGs
[2022-02-28 14:51:25,649] {logging_mixin.py:109} INFO - [2022-02-28 14:51:25,648] {dag.py:2937} INFO - Setting next_dagrun for example_nested_branch_dag to 2022-02-27 00:00:00+00:00
[2022-02-28 14:51:25,659] {processor.py:171} INFO - Processing /opt/anaconda3/envs/airflow/lib/python3.7/site-packages/airflow/example_dags/example_nested_branch_dag.py took 0.085 seconds
[2022-02-28 14:52:05,597] {processor.py:163} INFO - Started process (PID=33604) to work on /opt/anaconda3/envs/airflow/lib/python3.7/site-packages/airflow/example_dags/example_nested_branch_dag.py
[2022-02-28 14:52:05,599] {processor.py:642} INFO - Processing file /opt/anaconda3/envs/airflow/lib/python3.7/site-packages/airflow/example_dags/example_nested_branch_dag.py for tasks to queue
[2022-02-28 14:52:05,600] {logging_mixin.py:109} INFO - [2022-02-28 14:52:05,600] {dagbag.py:500} INFO - Filling up the DagBag from /opt/anaconda3/envs/airflow/lib/python3.7/site-packages/airflow/example_dags/example_nested_branch_dag.py
[2022-02-28 14:52:05,634] {processor.py:654} INFO - DAG(s) dict_keys(['example_nested_branch_dag']) retrieved from /opt/anaconda3/envs/airflow/lib/python3.7/site-packages/airflow/example_dags/example_nested_branch_dag.py
[2022-02-28 14:52:05,646] {logging_mixin.py:109} INFO - [2022-02-28 14:52:05,646] {dag.py:2398} INFO - Sync 1 DAGs
[2022-02-28 14:52:05,662] {logging_mixin.py:109} INFO - [2022-02-28 14:52:05,662] {dag.py:2937} INFO - Setting next_dagrun for example_nested_branch_dag to 2022-02-27 00:00:00+00:00
[2022-02-28 14:52:05,674] {processor.py:171} INFO - Processing /opt/anaconda3/envs/airflow/lib/python3.7/site-packages/airflow/example_dags/example_nested_branch_dag.py took 0.081 seconds
[2022-02-28 14:52:44,764] {processor.py:163} INFO - Started process (PID=33641) to work on /opt/anaconda3/envs/airflow/lib/python3.7/site-packages/airflow/example_dags/example_nested_branch_dag.py
[2022-02-28 14:52:44,766] {processor.py:642} INFO - Processing file /opt/anaconda3/envs/airflow/lib/python3.7/site-packages/airflow/example_dags/example_nested_branch_dag.py for tasks to queue
[2022-02-28 14:52:44,768] {logging_mixin.py:109} INFO - [2022-02-28 14:52:44,768] {dagbag.py:500} INFO - Filling up the DagBag from /opt/anaconda3/envs/airflow/lib/python3.7/site-packages/airflow/example_dags/example_nested_branch_dag.py
[2022-02-28 14:52:44,814] {processor.py:654} INFO - DAG(s) dict_keys(['example_nested_branch_dag']) retrieved from /opt/anaconda3/envs/airflow/lib/python3.7/site-packages/airflow/example_dags/example_nested_branch_dag.py
[2022-02-28 14:52:44,826] {logging_mixin.py:109} INFO - [2022-02-28 14:52:44,826] {dag.py:2398} INFO - Sync 1 DAGs
[2022-02-28 14:52:44,842] {logging_mixin.py:109} INFO - [2022-02-28 14:52:44,842] {dag.py:2937} INFO - Setting next_dagrun for example_nested_branch_dag to 2022-02-27 00:00:00+00:00
[2022-02-28 14:52:44,852] {processor.py:171} INFO - Processing /opt/anaconda3/envs/airflow/lib/python3.7/site-packages/airflow/example_dags/example_nested_branch_dag.py took 0.092 seconds
[2022-02-28 14:53:26,259] {processor.py:163} INFO - Started process (PID=33698) to work on /opt/anaconda3/envs/airflow/lib/python3.7/site-packages/airflow/example_dags/example_nested_branch_dag.py
[2022-02-28 14:53:26,261] {processor.py:642} INFO - Processing file /opt/anaconda3/envs/airflow/lib/python3.7/site-packages/airflow/example_dags/example_nested_branch_dag.py for tasks to queue
[2022-02-28 14:53:26,262] {logging_mixin.py:109} INFO - [2022-02-28 14:53:26,262] {dagbag.py:500} INFO - Filling up the DagBag from /opt/anaconda3/envs/airflow/lib/python3.7/site-packages/airflow/example_dags/example_nested_branch_dag.py
[2022-02-28 14:53:26,299] {processor.py:654} INFO - DAG(s) dict_keys(['example_nested_branch_dag']) retrieved from /opt/anaconda3/envs/airflow/lib/python3.7/site-packages/airflow/example_dags/example_nested_branch_dag.py
[2022-02-28 14:53:26,311] {logging_mixin.py:109} INFO - [2022-02-28 14:53:26,311] {dag.py:2398} INFO - Sync 1 DAGs
[2022-02-28 14:53:26,329] {logging_mixin.py:109} INFO - [2022-02-28 14:53:26,329] {dag.py:2937} INFO - Setting next_dagrun for example_nested_branch_dag to 2022-02-27 00:00:00+00:00
[2022-02-28 14:53:26,340] {processor.py:171} INFO - Processing /opt/anaconda3/envs/airflow/lib/python3.7/site-packages/airflow/example_dags/example_nested_branch_dag.py took 0.085 seconds
[2022-02-28 14:54:51,823] {processor.py:163} INFO - Started process (PID=33906) to work on /opt/anaconda3/envs/airflow/lib/python3.7/site-packages/airflow/example_dags/example_nested_branch_dag.py
[2022-02-28 14:54:51,826] {processor.py:642} INFO - Processing file /opt/anaconda3/envs/airflow/lib/python3.7/site-packages/airflow/example_dags/example_nested_branch_dag.py for tasks to queue
[2022-02-28 14:54:51,828] {logging_mixin.py:109} INFO - [2022-02-28 14:54:51,827] {dagbag.py:500} INFO - Filling up the DagBag from /opt/anaconda3/envs/airflow/lib/python3.7/site-packages/airflow/example_dags/example_nested_branch_dag.py
[2022-02-28 14:54:51,867] {processor.py:654} INFO - DAG(s) dict_keys(['example_nested_branch_dag']) retrieved from /opt/anaconda3/envs/airflow/lib/python3.7/site-packages/airflow/example_dags/example_nested_branch_dag.py
[2022-02-28 14:54:51,880] {logging_mixin.py:109} INFO - [2022-02-28 14:54:51,880] {dag.py:2398} INFO - Sync 1 DAGs
[2022-02-28 14:54:51,901] {logging_mixin.py:109} INFO - [2022-02-28 14:54:51,900] {dag.py:2937} INFO - Setting next_dagrun for example_nested_branch_dag to 2022-02-27 00:00:00+00:00
[2022-02-28 14:54:51,915] {processor.py:171} INFO - Processing /opt/anaconda3/envs/airflow/lib/python3.7/site-packages/airflow/example_dags/example_nested_branch_dag.py took 0.099 seconds
[2022-02-28 14:56:44,813] {processor.py:163} INFO - Started process (PID=34090) to work on /opt/anaconda3/envs/airflow/lib/python3.7/site-packages/airflow/example_dags/example_nested_branch_dag.py
[2022-02-28 14:56:44,817] {processor.py:642} INFO - Processing file /opt/anaconda3/envs/airflow/lib/python3.7/site-packages/airflow/example_dags/example_nested_branch_dag.py for tasks to queue
[2022-02-28 14:56:44,818] {logging_mixin.py:109} INFO - [2022-02-28 14:56:44,818] {dagbag.py:500} INFO - Filling up the DagBag from /opt/anaconda3/envs/airflow/lib/python3.7/site-packages/airflow/example_dags/example_nested_branch_dag.py
[2022-02-28 14:56:44,875] {processor.py:654} INFO - DAG(s) dict_keys(['example_nested_branch_dag']) retrieved from /opt/anaconda3/envs/airflow/lib/python3.7/site-packages/airflow/example_dags/example_nested_branch_dag.py
[2022-02-28 14:56:44,892] {logging_mixin.py:109} INFO - [2022-02-28 14:56:44,892] {dag.py:2398} INFO - Sync 1 DAGs
[2022-02-28 14:56:44,919] {logging_mixin.py:109} INFO - [2022-02-28 14:56:44,918] {dag.py:2937} INFO - Setting next_dagrun for example_nested_branch_dag to 2022-02-27 00:00:00+00:00
[2022-02-28 14:56:44,934] {processor.py:171} INFO - Processing /opt/anaconda3/envs/airflow/lib/python3.7/site-packages/airflow/example_dags/example_nested_branch_dag.py took 0.125 seconds
[2022-02-28 14:58:18,698] {processor.py:163} INFO - Started process (PID=34315) to work on /opt/anaconda3/envs/airflow/lib/python3.7/site-packages/airflow/example_dags/example_nested_branch_dag.py
[2022-02-28 14:58:18,700] {processor.py:642} INFO - Processing file /opt/anaconda3/envs/airflow/lib/python3.7/site-packages/airflow/example_dags/example_nested_branch_dag.py for tasks to queue
[2022-02-28 14:58:18,701] {logging_mixin.py:109} INFO - [2022-02-28 14:58:18,701] {dagbag.py:500} INFO - Filling up the DagBag from /opt/anaconda3/envs/airflow/lib/python3.7/site-packages/airflow/example_dags/example_nested_branch_dag.py
[2022-02-28 14:58:18,737] {processor.py:654} INFO - DAG(s) dict_keys(['example_nested_branch_dag']) retrieved from /opt/anaconda3/envs/airflow/lib/python3.7/site-packages/airflow/example_dags/example_nested_branch_dag.py
[2022-02-28 14:58:18,749] {logging_mixin.py:109} INFO - [2022-02-28 14:58:18,749] {dag.py:2398} INFO - Sync 1 DAGs
[2022-02-28 14:58:18,766] {logging_mixin.py:109} INFO - [2022-02-28 14:58:18,765] {dag.py:2937} INFO - Setting next_dagrun for example_nested_branch_dag to 2022-02-27 00:00:00+00:00
[2022-02-28 14:58:18,776] {processor.py:171} INFO - Processing /opt/anaconda3/envs/airflow/lib/python3.7/site-packages/airflow/example_dags/example_nested_branch_dag.py took 0.082 seconds
[2022-02-28 15:04:38,267] {processor.py:163} INFO - Started process (PID=34879) to work on /opt/anaconda3/envs/airflow/lib/python3.7/site-packages/airflow/example_dags/example_nested_branch_dag.py
[2022-02-28 15:04:38,269] {processor.py:642} INFO - Processing file /opt/anaconda3/envs/airflow/lib/python3.7/site-packages/airflow/example_dags/example_nested_branch_dag.py for tasks to queue
[2022-02-28 15:04:38,270] {logging_mixin.py:109} INFO - [2022-02-28 15:04:38,270] {dagbag.py:500} INFO - Filling up the DagBag from /opt/anaconda3/envs/airflow/lib/python3.7/site-packages/airflow/example_dags/example_nested_branch_dag.py
[2022-02-28 15:04:38,309] {processor.py:654} INFO - DAG(s) dict_keys(['example_nested_branch_dag']) retrieved from /opt/anaconda3/envs/airflow/lib/python3.7/site-packages/airflow/example_dags/example_nested_branch_dag.py
[2022-02-28 15:04:38,322] {logging_mixin.py:109} INFO - [2022-02-28 15:04:38,321] {dag.py:2398} INFO - Sync 1 DAGs
[2022-02-28 15:04:38,337] {logging_mixin.py:109} INFO - [2022-02-28 15:04:38,337] {dag.py:2937} INFO - Setting next_dagrun for example_nested_branch_dag to 2022-02-27 00:00:00+00:00
[2022-02-28 15:04:38,347] {processor.py:171} INFO - Processing /opt/anaconda3/envs/airflow/lib/python3.7/site-packages/airflow/example_dags/example_nested_branch_dag.py took 0.083 seconds
[2022-02-28 15:06:15,274] {processor.py:163} INFO - Started process (PID=35056) to work on /opt/anaconda3/envs/airflow/lib/python3.7/site-packages/airflow/example_dags/example_nested_branch_dag.py
[2022-02-28 15:06:15,276] {processor.py:642} INFO - Processing file /opt/anaconda3/envs/airflow/lib/python3.7/site-packages/airflow/example_dags/example_nested_branch_dag.py for tasks to queue
[2022-02-28 15:06:15,277] {logging_mixin.py:109} INFO - [2022-02-28 15:06:15,277] {dagbag.py:500} INFO - Filling up the DagBag from /opt/anaconda3/envs/airflow/lib/python3.7/site-packages/airflow/example_dags/example_nested_branch_dag.py
[2022-02-28 15:06:15,316] {processor.py:654} INFO - DAG(s) dict_keys(['example_nested_branch_dag']) retrieved from /opt/anaconda3/envs/airflow/lib/python3.7/site-packages/airflow/example_dags/example_nested_branch_dag.py
[2022-02-28 15:06:15,329] {logging_mixin.py:109} INFO - [2022-02-28 15:06:15,329] {dag.py:2398} INFO - Sync 1 DAGs
[2022-02-28 15:06:15,348] {logging_mixin.py:109} INFO - [2022-02-28 15:06:15,347] {dag.py:2937} INFO - Setting next_dagrun for example_nested_branch_dag to 2022-02-27 00:00:00+00:00
[2022-02-28 15:06:15,359] {processor.py:171} INFO - Processing /opt/anaconda3/envs/airflow/lib/python3.7/site-packages/airflow/example_dags/example_nested_branch_dag.py took 0.090 seconds
[2022-02-28 15:06:55,957] {processor.py:163} INFO - Started process (PID=35128) to work on /opt/anaconda3/envs/airflow/lib/python3.7/site-packages/airflow/example_dags/example_nested_branch_dag.py
[2022-02-28 15:06:55,960] {processor.py:642} INFO - Processing file /opt/anaconda3/envs/airflow/lib/python3.7/site-packages/airflow/example_dags/example_nested_branch_dag.py for tasks to queue
[2022-02-28 15:06:55,961] {logging_mixin.py:109} INFO - [2022-02-28 15:06:55,961] {dagbag.py:500} INFO - Filling up the DagBag from /opt/anaconda3/envs/airflow/lib/python3.7/site-packages/airflow/example_dags/example_nested_branch_dag.py
[2022-02-28 15:06:56,001] {processor.py:654} INFO - DAG(s) dict_keys(['example_nested_branch_dag']) retrieved from /opt/anaconda3/envs/airflow/lib/python3.7/site-packages/airflow/example_dags/example_nested_branch_dag.py
[2022-02-28 15:06:56,017] {logging_mixin.py:109} INFO - [2022-02-28 15:06:56,017] {dag.py:2398} INFO - Sync 1 DAGs
[2022-02-28 15:06:56,042] {logging_mixin.py:109} INFO - [2022-02-28 15:06:56,042] {dag.py:2937} INFO - Setting next_dagrun for example_nested_branch_dag to 2022-02-27 00:00:00+00:00
[2022-02-28 15:06:56,055] {processor.py:171} INFO - Processing /opt/anaconda3/envs/airflow/lib/python3.7/site-packages/airflow/example_dags/example_nested_branch_dag.py took 0.102 seconds
[2022-02-28 15:08:21,716] {processor.py:163} INFO - Started process (PID=35325) to work on /opt/anaconda3/envs/airflow/lib/python3.7/site-packages/airflow/example_dags/example_nested_branch_dag.py
[2022-02-28 15:08:21,719] {processor.py:642} INFO - Processing file /opt/anaconda3/envs/airflow/lib/python3.7/site-packages/airflow/example_dags/example_nested_branch_dag.py for tasks to queue
[2022-02-28 15:08:21,720] {logging_mixin.py:109} INFO - [2022-02-28 15:08:21,720] {dagbag.py:500} INFO - Filling up the DagBag from /opt/anaconda3/envs/airflow/lib/python3.7/site-packages/airflow/example_dags/example_nested_branch_dag.py
[2022-02-28 15:08:21,761] {processor.py:654} INFO - DAG(s) dict_keys(['example_nested_branch_dag']) retrieved from /opt/anaconda3/envs/airflow/lib/python3.7/site-packages/airflow/example_dags/example_nested_branch_dag.py
[2022-02-28 15:08:21,775] {logging_mixin.py:109} INFO - [2022-02-28 15:08:21,775] {dag.py:2398} INFO - Sync 1 DAGs
[2022-02-28 15:08:21,794] {logging_mixin.py:109} INFO - [2022-02-28 15:08:21,794] {dag.py:2937} INFO - Setting next_dagrun for example_nested_branch_dag to 2022-02-27 00:00:00+00:00
[2022-02-28 15:08:21,805] {processor.py:171} INFO - Processing /opt/anaconda3/envs/airflow/lib/python3.7/site-packages/airflow/example_dags/example_nested_branch_dag.py took 0.093 seconds
[2022-02-28 15:10:09,710] {processor.py:163} INFO - Started process (PID=35574) to work on /opt/anaconda3/envs/airflow/lib/python3.7/site-packages/airflow/example_dags/example_nested_branch_dag.py
[2022-02-28 15:10:09,713] {processor.py:642} INFO - Processing file /opt/anaconda3/envs/airflow/lib/python3.7/site-packages/airflow/example_dags/example_nested_branch_dag.py for tasks to queue
[2022-02-28 15:10:09,714] {logging_mixin.py:109} INFO - [2022-02-28 15:10:09,714] {dagbag.py:500} INFO - Filling up the DagBag from /opt/anaconda3/envs/airflow/lib/python3.7/site-packages/airflow/example_dags/example_nested_branch_dag.py
[2022-02-28 15:10:09,746] {processor.py:654} INFO - DAG(s) dict_keys(['example_nested_branch_dag']) retrieved from /opt/anaconda3/envs/airflow/lib/python3.7/site-packages/airflow/example_dags/example_nested_branch_dag.py
[2022-02-28 15:10:09,759] {logging_mixin.py:109} INFO - [2022-02-28 15:10:09,758] {dag.py:2398} INFO - Sync 1 DAGs
[2022-02-28 15:10:09,774] {logging_mixin.py:109} INFO - [2022-02-28 15:10:09,774] {dag.py:2937} INFO - Setting next_dagrun for example_nested_branch_dag to 2022-02-27 00:00:00+00:00
[2022-02-28 15:10:09,785] {processor.py:171} INFO - Processing /opt/anaconda3/envs/airflow/lib/python3.7/site-packages/airflow/example_dags/example_nested_branch_dag.py took 0.078 seconds
[2022-02-28 15:16:13,251] {processor.py:163} INFO - Started process (PID=36090) to work on /opt/anaconda3/envs/airflow/lib/python3.7/site-packages/airflow/example_dags/example_nested_branch_dag.py
[2022-02-28 15:16:13,254] {processor.py:642} INFO - Processing file /opt/anaconda3/envs/airflow/lib/python3.7/site-packages/airflow/example_dags/example_nested_branch_dag.py for tasks to queue
[2022-02-28 15:16:13,255] {logging_mixin.py:109} INFO - [2022-02-28 15:16:13,255] {dagbag.py:500} INFO - Filling up the DagBag from /opt/anaconda3/envs/airflow/lib/python3.7/site-packages/airflow/example_dags/example_nested_branch_dag.py
[2022-02-28 15:16:13,291] {processor.py:654} INFO - DAG(s) dict_keys(['example_nested_branch_dag']) retrieved from /opt/anaconda3/envs/airflow/lib/python3.7/site-packages/airflow/example_dags/example_nested_branch_dag.py
[2022-02-28 15:16:13,303] {logging_mixin.py:109} INFO - [2022-02-28 15:16:13,303] {dag.py:2398} INFO - Sync 1 DAGs
[2022-02-28 15:16:13,323] {logging_mixin.py:109} INFO - [2022-02-28 15:16:13,323] {dag.py:2937} INFO - Setting next_dagrun for example_nested_branch_dag to 2022-02-27 00:00:00+00:00
[2022-02-28 15:16:13,334] {processor.py:171} INFO - Processing /opt/anaconda3/envs/airflow/lib/python3.7/site-packages/airflow/example_dags/example_nested_branch_dag.py took 0.086 seconds
[2022-02-28 15:19:20,452] {processor.py:163} INFO - Started process (PID=36321) to work on /opt/anaconda3/envs/airflow/lib/python3.7/site-packages/airflow/example_dags/example_nested_branch_dag.py
[2022-02-28 15:19:20,454] {processor.py:642} INFO - Processing file /opt/anaconda3/envs/airflow/lib/python3.7/site-packages/airflow/example_dags/example_nested_branch_dag.py for tasks to queue
[2022-02-28 15:19:20,456] {logging_mixin.py:109} INFO - [2022-02-28 15:19:20,455] {dagbag.py:500} INFO - Filling up the DagBag from /opt/anaconda3/envs/airflow/lib/python3.7/site-packages/airflow/example_dags/example_nested_branch_dag.py
[2022-02-28 15:19:20,494] {processor.py:654} INFO - DAG(s) dict_keys(['example_nested_branch_dag']) retrieved from /opt/anaconda3/envs/airflow/lib/python3.7/site-packages/airflow/example_dags/example_nested_branch_dag.py
[2022-02-28 15:19:20,505] {logging_mixin.py:109} INFO - [2022-02-28 15:19:20,505] {dag.py:2398} INFO - Sync 1 DAGs
[2022-02-28 15:19:20,521] {logging_mixin.py:109} INFO - [2022-02-28 15:19:20,521] {dag.py:2937} INFO - Setting next_dagrun for example_nested_branch_dag to 2022-02-27 00:00:00+00:00
[2022-02-28 15:19:20,531] {processor.py:171} INFO - Processing /opt/anaconda3/envs/airflow/lib/python3.7/site-packages/airflow/example_dags/example_nested_branch_dag.py took 0.083 seconds
[2022-02-28 15:19:59,494] {processor.py:163} INFO - Started process (PID=36397) to work on /opt/anaconda3/envs/airflow/lib/python3.7/site-packages/airflow/example_dags/example_nested_branch_dag.py
[2022-02-28 15:19:59,496] {processor.py:642} INFO - Processing file /opt/anaconda3/envs/airflow/lib/python3.7/site-packages/airflow/example_dags/example_nested_branch_dag.py for tasks to queue
[2022-02-28 15:19:59,497] {logging_mixin.py:109} INFO - [2022-02-28 15:19:59,497] {dagbag.py:500} INFO - Filling up the DagBag from /opt/anaconda3/envs/airflow/lib/python3.7/site-packages/airflow/example_dags/example_nested_branch_dag.py
[2022-02-28 15:19:59,542] {processor.py:654} INFO - DAG(s) dict_keys(['example_nested_branch_dag']) retrieved from /opt/anaconda3/envs/airflow/lib/python3.7/site-packages/airflow/example_dags/example_nested_branch_dag.py
[2022-02-28 15:19:59,553] {logging_mixin.py:109} INFO - [2022-02-28 15:19:59,553] {dag.py:2398} INFO - Sync 1 DAGs
[2022-02-28 15:19:59,568] {logging_mixin.py:109} INFO - [2022-02-28 15:19:59,568] {dag.py:2937} INFO - Setting next_dagrun for example_nested_branch_dag to 2022-02-27 00:00:00+00:00
[2022-02-28 15:19:59,577] {processor.py:171} INFO - Processing /opt/anaconda3/envs/airflow/lib/python3.7/site-packages/airflow/example_dags/example_nested_branch_dag.py took 0.087 seconds
[2022-02-28 15:20:39,687] {processor.py:163} INFO - Started process (PID=36502) to work on /opt/anaconda3/envs/airflow/lib/python3.7/site-packages/airflow/example_dags/example_nested_branch_dag.py
[2022-02-28 15:20:39,696] {processor.py:642} INFO - Processing file /opt/anaconda3/envs/airflow/lib/python3.7/site-packages/airflow/example_dags/example_nested_branch_dag.py for tasks to queue
[2022-02-28 15:20:39,700] {logging_mixin.py:109} INFO - [2022-02-28 15:20:39,699] {dagbag.py:500} INFO - Filling up the DagBag from /opt/anaconda3/envs/airflow/lib/python3.7/site-packages/airflow/example_dags/example_nested_branch_dag.py
[2022-02-28 15:20:39,803] {processor.py:654} INFO - DAG(s) dict_keys(['example_nested_branch_dag']) retrieved from /opt/anaconda3/envs/airflow/lib/python3.7/site-packages/airflow/example_dags/example_nested_branch_dag.py
[2022-02-28 15:20:39,815] {logging_mixin.py:109} INFO - [2022-02-28 15:20:39,815] {dag.py:2398} INFO - Sync 1 DAGs
[2022-02-28 15:20:39,831] {logging_mixin.py:109} INFO - [2022-02-28 15:20:39,830] {dag.py:2937} INFO - Setting next_dagrun for example_nested_branch_dag to 2022-02-27 00:00:00+00:00
[2022-02-28 15:20:39,840] {processor.py:171} INFO - Processing /opt/anaconda3/envs/airflow/lib/python3.7/site-packages/airflow/example_dags/example_nested_branch_dag.py took 0.165 seconds
[2022-02-28 15:21:27,301] {processor.py:163} INFO - Started process (PID=36549) to work on /opt/anaconda3/envs/airflow/lib/python3.7/site-packages/airflow/example_dags/example_nested_branch_dag.py
[2022-02-28 15:21:27,304] {processor.py:642} INFO - Processing file /opt/anaconda3/envs/airflow/lib/python3.7/site-packages/airflow/example_dags/example_nested_branch_dag.py for tasks to queue
[2022-02-28 15:21:27,305] {logging_mixin.py:109} INFO - [2022-02-28 15:21:27,305] {dagbag.py:500} INFO - Filling up the DagBag from /opt/anaconda3/envs/airflow/lib/python3.7/site-packages/airflow/example_dags/example_nested_branch_dag.py
[2022-02-28 15:21:27,339] {processor.py:654} INFO - DAG(s) dict_keys(['example_nested_branch_dag']) retrieved from /opt/anaconda3/envs/airflow/lib/python3.7/site-packages/airflow/example_dags/example_nested_branch_dag.py
[2022-02-28 15:21:27,350] {logging_mixin.py:109} INFO - [2022-02-28 15:21:27,350] {dag.py:2398} INFO - Sync 1 DAGs
[2022-02-28 15:21:27,365] {logging_mixin.py:109} INFO - [2022-02-28 15:21:27,365] {dag.py:2937} INFO - Setting next_dagrun for example_nested_branch_dag to 2022-02-27 00:00:00+00:00
[2022-02-28 15:21:27,378] {processor.py:171} INFO - Processing /opt/anaconda3/envs/airflow/lib/python3.7/site-packages/airflow/example_dags/example_nested_branch_dag.py took 0.080 seconds
[2022-02-28 15:22:07,636] {processor.py:163} INFO - Started process (PID=36585) to work on /opt/anaconda3/envs/airflow/lib/python3.7/site-packages/airflow/example_dags/example_nested_branch_dag.py
[2022-02-28 15:22:07,638] {processor.py:642} INFO - Processing file /opt/anaconda3/envs/airflow/lib/python3.7/site-packages/airflow/example_dags/example_nested_branch_dag.py for tasks to queue
[2022-02-28 15:22:07,639] {logging_mixin.py:109} INFO - [2022-02-28 15:22:07,639] {dagbag.py:500} INFO - Filling up the DagBag from /opt/anaconda3/envs/airflow/lib/python3.7/site-packages/airflow/example_dags/example_nested_branch_dag.py
[2022-02-28 15:22:07,676] {processor.py:654} INFO - DAG(s) dict_keys(['example_nested_branch_dag']) retrieved from /opt/anaconda3/envs/airflow/lib/python3.7/site-packages/airflow/example_dags/example_nested_branch_dag.py
[2022-02-28 15:22:07,689] {logging_mixin.py:109} INFO - [2022-02-28 15:22:07,689] {dag.py:2398} INFO - Sync 1 DAGs
[2022-02-28 15:22:07,707] {logging_mixin.py:109} INFO - [2022-02-28 15:22:07,707] {dag.py:2937} INFO - Setting next_dagrun for example_nested_branch_dag to 2022-02-27 00:00:00+00:00
[2022-02-28 15:22:07,717] {processor.py:171} INFO - Processing /opt/anaconda3/envs/airflow/lib/python3.7/site-packages/airflow/example_dags/example_nested_branch_dag.py took 0.088 seconds
[2022-02-28 15:22:47,396] {processor.py:163} INFO - Started process (PID=36622) to work on /opt/anaconda3/envs/airflow/lib/python3.7/site-packages/airflow/example_dags/example_nested_branch_dag.py
[2022-02-28 15:22:47,402] {processor.py:642} INFO - Processing file /opt/anaconda3/envs/airflow/lib/python3.7/site-packages/airflow/example_dags/example_nested_branch_dag.py for tasks to queue
[2022-02-28 15:22:47,404] {logging_mixin.py:109} INFO - [2022-02-28 15:22:47,404] {dagbag.py:500} INFO - Filling up the DagBag from /opt/anaconda3/envs/airflow/lib/python3.7/site-packages/airflow/example_dags/example_nested_branch_dag.py
[2022-02-28 15:22:47,471] {processor.py:654} INFO - DAG(s) dict_keys(['example_nested_branch_dag']) retrieved from /opt/anaconda3/envs/airflow/lib/python3.7/site-packages/airflow/example_dags/example_nested_branch_dag.py
[2022-02-28 15:22:47,486] {logging_mixin.py:109} INFO - [2022-02-28 15:22:47,485] {dag.py:2398} INFO - Sync 1 DAGs
[2022-02-28 15:22:47,504] {logging_mixin.py:109} INFO - [2022-02-28 15:22:47,504] {dag.py:2937} INFO - Setting next_dagrun for example_nested_branch_dag to 2022-02-27 00:00:00+00:00
[2022-02-28 15:22:47,514] {processor.py:171} INFO - Processing /opt/anaconda3/envs/airflow/lib/python3.7/site-packages/airflow/example_dags/example_nested_branch_dag.py took 0.126 seconds
