[2022-02-28 14:25:44,053] {processor.py:163} INFO - Started process (PID=31704) to work on /opt/anaconda3/envs/airflow/lib/python3.7/site-packages/airflow/example_dags/example_latest_only_with_trigger.py
[2022-02-28 14:25:44,055] {processor.py:642} INFO - Processing file /opt/anaconda3/envs/airflow/lib/python3.7/site-packages/airflow/example_dags/example_latest_only_with_trigger.py for tasks to queue
[2022-02-28 14:25:44,057] {logging_mixin.py:109} INFO - [2022-02-28 14:25:44,056] {dagbag.py:500} INFO - Filling up the DagBag from /opt/anaconda3/envs/airflow/lib/python3.7/site-packages/airflow/example_dags/example_latest_only_with_trigger.py
[2022-02-28 14:25:44,095] {processor.py:654} INFO - DAG(s) dict_keys(['latest_only_with_trigger']) retrieved from /opt/anaconda3/envs/airflow/lib/python3.7/site-packages/airflow/example_dags/example_latest_only_with_trigger.py
[2022-02-28 14:25:44,111] {logging_mixin.py:109} INFO - [2022-02-28 14:25:44,110] {dag.py:2398} INFO - Sync 1 DAGs
[2022-02-28 14:25:44,126] {logging_mixin.py:109} INFO - [2022-02-28 14:25:44,126] {dag.py:2937} INFO - Setting next_dagrun for latest_only_with_trigger to 2022-02-28T02:25:44.126323+00:00
[2022-02-28 14:25:44,138] {processor.py:171} INFO - Processing /opt/anaconda3/envs/airflow/lib/python3.7/site-packages/airflow/example_dags/example_latest_only_with_trigger.py took 0.088 seconds
[2022-02-28 14:26:24,800] {processor.py:163} INFO - Started process (PID=31757) to work on /opt/anaconda3/envs/airflow/lib/python3.7/site-packages/airflow/example_dags/example_latest_only_with_trigger.py
[2022-02-28 14:26:24,808] {processor.py:642} INFO - Processing file /opt/anaconda3/envs/airflow/lib/python3.7/site-packages/airflow/example_dags/example_latest_only_with_trigger.py for tasks to queue
[2022-02-28 14:26:24,813] {logging_mixin.py:109} INFO - [2022-02-28 14:26:24,811] {dagbag.py:500} INFO - Filling up the DagBag from /opt/anaconda3/envs/airflow/lib/python3.7/site-packages/airflow/example_dags/example_latest_only_with_trigger.py
[2022-02-28 14:26:24,905] {processor.py:654} INFO - DAG(s) dict_keys(['latest_only_with_trigger']) retrieved from /opt/anaconda3/envs/airflow/lib/python3.7/site-packages/airflow/example_dags/example_latest_only_with_trigger.py
[2022-02-28 14:26:24,944] {logging_mixin.py:109} INFO - [2022-02-28 14:26:24,942] {dag.py:2398} INFO - Sync 1 DAGs
[2022-02-28 14:26:24,984] {logging_mixin.py:109} INFO - [2022-02-28 14:26:24,981] {dag.py:2937} INFO - Setting next_dagrun for latest_only_with_trigger to 2022-02-28T02:26:24.979965+00:00
[2022-02-28 14:26:25,014] {processor.py:171} INFO - Processing /opt/anaconda3/envs/airflow/lib/python3.7/site-packages/airflow/example_dags/example_latest_only_with_trigger.py took 0.227 seconds
[2022-02-28 14:27:04,299] {processor.py:163} INFO - Started process (PID=31808) to work on /opt/anaconda3/envs/airflow/lib/python3.7/site-packages/airflow/example_dags/example_latest_only_with_trigger.py
[2022-02-28 14:27:04,301] {processor.py:642} INFO - Processing file /opt/anaconda3/envs/airflow/lib/python3.7/site-packages/airflow/example_dags/example_latest_only_with_trigger.py for tasks to queue
[2022-02-28 14:27:04,302] {logging_mixin.py:109} INFO - [2022-02-28 14:27:04,302] {dagbag.py:500} INFO - Filling up the DagBag from /opt/anaconda3/envs/airflow/lib/python3.7/site-packages/airflow/example_dags/example_latest_only_with_trigger.py
[2022-02-28 14:27:04,334] {processor.py:654} INFO - DAG(s) dict_keys(['latest_only_with_trigger']) retrieved from /opt/anaconda3/envs/airflow/lib/python3.7/site-packages/airflow/example_dags/example_latest_only_with_trigger.py
[2022-02-28 14:27:04,345] {logging_mixin.py:109} INFO - [2022-02-28 14:27:04,344] {dag.py:2398} INFO - Sync 1 DAGs
[2022-02-28 14:27:04,360] {logging_mixin.py:109} INFO - [2022-02-28 14:27:04,360] {dag.py:2937} INFO - Setting next_dagrun for latest_only_with_trigger to 2022-02-28T02:27:04.359783+00:00
[2022-02-28 14:27:04,371] {processor.py:171} INFO - Processing /opt/anaconda3/envs/airflow/lib/python3.7/site-packages/airflow/example_dags/example_latest_only_with_trigger.py took 0.076 seconds
[2022-02-28 14:27:48,526] {processor.py:163} INFO - Started process (PID=31863) to work on /opt/anaconda3/envs/airflow/lib/python3.7/site-packages/airflow/example_dags/example_latest_only_with_trigger.py
[2022-02-28 14:27:48,527] {processor.py:642} INFO - Processing file /opt/anaconda3/envs/airflow/lib/python3.7/site-packages/airflow/example_dags/example_latest_only_with_trigger.py for tasks to queue
[2022-02-28 14:27:48,529] {logging_mixin.py:109} INFO - [2022-02-28 14:27:48,528] {dagbag.py:500} INFO - Filling up the DagBag from /opt/anaconda3/envs/airflow/lib/python3.7/site-packages/airflow/example_dags/example_latest_only_with_trigger.py
[2022-02-28 14:27:48,561] {processor.py:654} INFO - DAG(s) dict_keys(['latest_only_with_trigger']) retrieved from /opt/anaconda3/envs/airflow/lib/python3.7/site-packages/airflow/example_dags/example_latest_only_with_trigger.py
[2022-02-28 14:27:48,571] {logging_mixin.py:109} INFO - [2022-02-28 14:27:48,571] {dag.py:2398} INFO - Sync 1 DAGs
[2022-02-28 14:27:48,585] {logging_mixin.py:109} INFO - [2022-02-28 14:27:48,584] {dag.py:2937} INFO - Setting next_dagrun for latest_only_with_trigger to 2022-02-28T02:27:48.584635+00:00
[2022-02-28 14:27:48,594] {processor.py:171} INFO - Processing /opt/anaconda3/envs/airflow/lib/python3.7/site-packages/airflow/example_dags/example_latest_only_with_trigger.py took 0.072 seconds
[2022-02-28 14:29:07,731] {processor.py:163} INFO - Started process (PID=32039) to work on /opt/anaconda3/envs/airflow/lib/python3.7/site-packages/airflow/example_dags/example_latest_only_with_trigger.py
[2022-02-28 14:29:07,734] {processor.py:642} INFO - Processing file /opt/anaconda3/envs/airflow/lib/python3.7/site-packages/airflow/example_dags/example_latest_only_with_trigger.py for tasks to queue
[2022-02-28 14:29:07,736] {logging_mixin.py:109} INFO - [2022-02-28 14:29:07,735] {dagbag.py:500} INFO - Filling up the DagBag from /opt/anaconda3/envs/airflow/lib/python3.7/site-packages/airflow/example_dags/example_latest_only_with_trigger.py
[2022-02-28 14:29:07,792] {processor.py:654} INFO - DAG(s) dict_keys(['latest_only_with_trigger']) retrieved from /opt/anaconda3/envs/airflow/lib/python3.7/site-packages/airflow/example_dags/example_latest_only_with_trigger.py
[2022-02-28 14:29:07,806] {logging_mixin.py:109} INFO - [2022-02-28 14:29:07,805] {dag.py:2398} INFO - Sync 1 DAGs
[2022-02-28 14:29:07,824] {logging_mixin.py:109} INFO - [2022-02-28 14:29:07,823] {dag.py:2937} INFO - Setting next_dagrun for latest_only_with_trigger to 2022-02-28T02:29:07.823019+00:00
[2022-02-28 14:29:07,838] {processor.py:171} INFO - Processing /opt/anaconda3/envs/airflow/lib/python3.7/site-packages/airflow/example_dags/example_latest_only_with_trigger.py took 0.113 seconds
[2022-02-28 14:29:52,875] {processor.py:163} INFO - Started process (PID=32099) to work on /opt/anaconda3/envs/airflow/lib/python3.7/site-packages/airflow/example_dags/example_latest_only_with_trigger.py
[2022-02-28 14:29:52,877] {processor.py:642} INFO - Processing file /opt/anaconda3/envs/airflow/lib/python3.7/site-packages/airflow/example_dags/example_latest_only_with_trigger.py for tasks to queue
[2022-02-28 14:29:52,878] {logging_mixin.py:109} INFO - [2022-02-28 14:29:52,877] {dagbag.py:500} INFO - Filling up the DagBag from /opt/anaconda3/envs/airflow/lib/python3.7/site-packages/airflow/example_dags/example_latest_only_with_trigger.py
[2022-02-28 14:29:52,921] {processor.py:654} INFO - DAG(s) dict_keys(['latest_only_with_trigger']) retrieved from /opt/anaconda3/envs/airflow/lib/python3.7/site-packages/airflow/example_dags/example_latest_only_with_trigger.py
[2022-02-28 14:29:52,934] {logging_mixin.py:109} INFO - [2022-02-28 14:29:52,934] {dag.py:2398} INFO - Sync 1 DAGs
[2022-02-28 14:29:52,948] {logging_mixin.py:109} INFO - [2022-02-28 14:29:52,948] {dag.py:2937} INFO - Setting next_dagrun for latest_only_with_trigger to 2022-02-28T02:29:52.947919+00:00
[2022-02-28 14:29:52,957] {processor.py:171} INFO - Processing /opt/anaconda3/envs/airflow/lib/python3.7/site-packages/airflow/example_dags/example_latest_only_with_trigger.py took 0.086 seconds
[2022-02-28 14:30:37,139] {processor.py:163} INFO - Started process (PID=32155) to work on /opt/anaconda3/envs/airflow/lib/python3.7/site-packages/airflow/example_dags/example_latest_only_with_trigger.py
[2022-02-28 14:30:37,142] {processor.py:642} INFO - Processing file /opt/anaconda3/envs/airflow/lib/python3.7/site-packages/airflow/example_dags/example_latest_only_with_trigger.py for tasks to queue
[2022-02-28 14:30:37,143] {logging_mixin.py:109} INFO - [2022-02-28 14:30:37,142] {dagbag.py:500} INFO - Filling up the DagBag from /opt/anaconda3/envs/airflow/lib/python3.7/site-packages/airflow/example_dags/example_latest_only_with_trigger.py
[2022-02-28 14:30:37,175] {processor.py:654} INFO - DAG(s) dict_keys(['latest_only_with_trigger']) retrieved from /opt/anaconda3/envs/airflow/lib/python3.7/site-packages/airflow/example_dags/example_latest_only_with_trigger.py
[2022-02-28 14:30:37,187] {logging_mixin.py:109} INFO - [2022-02-28 14:30:37,187] {dag.py:2398} INFO - Sync 1 DAGs
[2022-02-28 14:30:37,205] {logging_mixin.py:109} INFO - [2022-02-28 14:30:37,204] {dag.py:2937} INFO - Setting next_dagrun for latest_only_with_trigger to 2022-02-28T02:30:37.204400+00:00
[2022-02-28 14:30:37,215] {processor.py:171} INFO - Processing /opt/anaconda3/envs/airflow/lib/python3.7/site-packages/airflow/example_dags/example_latest_only_with_trigger.py took 0.080 seconds
[2022-02-28 14:31:17,682] {processor.py:163} INFO - Started process (PID=32206) to work on /opt/anaconda3/envs/airflow/lib/python3.7/site-packages/airflow/example_dags/example_latest_only_with_trigger.py
[2022-02-28 14:31:17,685] {processor.py:642} INFO - Processing file /opt/anaconda3/envs/airflow/lib/python3.7/site-packages/airflow/example_dags/example_latest_only_with_trigger.py for tasks to queue
[2022-02-28 14:31:17,687] {logging_mixin.py:109} INFO - [2022-02-28 14:31:17,686] {dagbag.py:500} INFO - Filling up the DagBag from /opt/anaconda3/envs/airflow/lib/python3.7/site-packages/airflow/example_dags/example_latest_only_with_trigger.py
[2022-02-28 14:31:17,728] {processor.py:654} INFO - DAG(s) dict_keys(['latest_only_with_trigger']) retrieved from /opt/anaconda3/envs/airflow/lib/python3.7/site-packages/airflow/example_dags/example_latest_only_with_trigger.py
[2022-02-28 14:31:17,741] {logging_mixin.py:109} INFO - [2022-02-28 14:31:17,740] {dag.py:2398} INFO - Sync 1 DAGs
[2022-02-28 14:31:17,759] {logging_mixin.py:109} INFO - [2022-02-28 14:31:17,759] {dag.py:2937} INFO - Setting next_dagrun for latest_only_with_trigger to 2022-02-28T02:31:17.758634+00:00
[2022-02-28 14:31:17,770] {processor.py:171} INFO - Processing /opt/anaconda3/envs/airflow/lib/python3.7/site-packages/airflow/example_dags/example_latest_only_with_trigger.py took 0.092 seconds
[2022-02-28 14:33:13,486] {processor.py:163} INFO - Started process (PID=32333) to work on /opt/anaconda3/envs/airflow/lib/python3.7/site-packages/airflow/example_dags/example_latest_only_with_trigger.py
[2022-02-28 14:33:13,488] {processor.py:642} INFO - Processing file /opt/anaconda3/envs/airflow/lib/python3.7/site-packages/airflow/example_dags/example_latest_only_with_trigger.py for tasks to queue
[2022-02-28 14:33:13,490] {logging_mixin.py:109} INFO - [2022-02-28 14:33:13,490] {dagbag.py:500} INFO - Filling up the DagBag from /opt/anaconda3/envs/airflow/lib/python3.7/site-packages/airflow/example_dags/example_latest_only_with_trigger.py
[2022-02-28 14:33:13,528] {processor.py:654} INFO - DAG(s) dict_keys(['latest_only_with_trigger']) retrieved from /opt/anaconda3/envs/airflow/lib/python3.7/site-packages/airflow/example_dags/example_latest_only_with_trigger.py
[2022-02-28 14:33:13,539] {logging_mixin.py:109} INFO - [2022-02-28 14:33:13,538] {dag.py:2398} INFO - Sync 1 DAGs
[2022-02-28 14:33:13,554] {logging_mixin.py:109} INFO - [2022-02-28 14:33:13,553] {dag.py:2937} INFO - Setting next_dagrun for latest_only_with_trigger to 2022-02-28T02:33:13.553548+00:00
[2022-02-28 14:33:13,565] {processor.py:171} INFO - Processing /opt/anaconda3/envs/airflow/lib/python3.7/site-packages/airflow/example_dags/example_latest_only_with_trigger.py took 0.083 seconds
[2022-02-28 14:33:57,326] {processor.py:163} INFO - Started process (PID=32409) to work on /opt/anaconda3/envs/airflow/lib/python3.7/site-packages/airflow/example_dags/example_latest_only_with_trigger.py
[2022-02-28 14:33:57,330] {processor.py:642} INFO - Processing file /opt/anaconda3/envs/airflow/lib/python3.7/site-packages/airflow/example_dags/example_latest_only_with_trigger.py for tasks to queue
[2022-02-28 14:33:57,332] {logging_mixin.py:109} INFO - [2022-02-28 14:33:57,331] {dagbag.py:500} INFO - Filling up the DagBag from /opt/anaconda3/envs/airflow/lib/python3.7/site-packages/airflow/example_dags/example_latest_only_with_trigger.py
[2022-02-28 14:33:57,375] {processor.py:654} INFO - DAG(s) dict_keys(['latest_only_with_trigger']) retrieved from /opt/anaconda3/envs/airflow/lib/python3.7/site-packages/airflow/example_dags/example_latest_only_with_trigger.py
[2022-02-28 14:33:57,388] {logging_mixin.py:109} INFO - [2022-02-28 14:33:57,387] {dag.py:2398} INFO - Sync 1 DAGs
[2022-02-28 14:33:57,410] {logging_mixin.py:109} INFO - [2022-02-28 14:33:57,409] {dag.py:2937} INFO - Setting next_dagrun for latest_only_with_trigger to 2022-02-28T02:33:57.408318+00:00
[2022-02-28 14:33:57,429] {processor.py:171} INFO - Processing /opt/anaconda3/envs/airflow/lib/python3.7/site-packages/airflow/example_dags/example_latest_only_with_trigger.py took 0.112 seconds
[2022-02-28 14:34:41,731] {processor.py:163} INFO - Started process (PID=32474) to work on /opt/anaconda3/envs/airflow/lib/python3.7/site-packages/airflow/example_dags/example_latest_only_with_trigger.py
[2022-02-28 14:34:41,733] {processor.py:642} INFO - Processing file /opt/anaconda3/envs/airflow/lib/python3.7/site-packages/airflow/example_dags/example_latest_only_with_trigger.py for tasks to queue
[2022-02-28 14:34:41,735] {logging_mixin.py:109} INFO - [2022-02-28 14:34:41,734] {dagbag.py:500} INFO - Filling up the DagBag from /opt/anaconda3/envs/airflow/lib/python3.7/site-packages/airflow/example_dags/example_latest_only_with_trigger.py
[2022-02-28 14:34:41,770] {processor.py:654} INFO - DAG(s) dict_keys(['latest_only_with_trigger']) retrieved from /opt/anaconda3/envs/airflow/lib/python3.7/site-packages/airflow/example_dags/example_latest_only_with_trigger.py
[2022-02-28 14:34:41,783] {logging_mixin.py:109} INFO - [2022-02-28 14:34:41,783] {dag.py:2398} INFO - Sync 1 DAGs
[2022-02-28 14:34:41,798] {logging_mixin.py:109} INFO - [2022-02-28 14:34:41,797] {dag.py:2937} INFO - Setting next_dagrun for latest_only_with_trigger to 2022-02-28T02:34:41.797535+00:00
[2022-02-28 14:34:41,809] {processor.py:171} INFO - Processing /opt/anaconda3/envs/airflow/lib/python3.7/site-packages/airflow/example_dags/example_latest_only_with_trigger.py took 0.082 seconds
[2022-02-28 14:35:20,997] {processor.py:163} INFO - Started process (PID=32515) to work on /opt/anaconda3/envs/airflow/lib/python3.7/site-packages/airflow/example_dags/example_latest_only_with_trigger.py
[2022-02-28 14:35:21,000] {processor.py:642} INFO - Processing file /opt/anaconda3/envs/airflow/lib/python3.7/site-packages/airflow/example_dags/example_latest_only_with_trigger.py for tasks to queue
[2022-02-28 14:35:21,002] {logging_mixin.py:109} INFO - [2022-02-28 14:35:21,002] {dagbag.py:500} INFO - Filling up the DagBag from /opt/anaconda3/envs/airflow/lib/python3.7/site-packages/airflow/example_dags/example_latest_only_with_trigger.py
[2022-02-28 14:35:21,064] {processor.py:654} INFO - DAG(s) dict_keys(['latest_only_with_trigger']) retrieved from /opt/anaconda3/envs/airflow/lib/python3.7/site-packages/airflow/example_dags/example_latest_only_with_trigger.py
[2022-02-28 14:35:21,089] {logging_mixin.py:109} INFO - [2022-02-28 14:35:21,088] {dag.py:2398} INFO - Sync 1 DAGs
[2022-02-28 14:35:21,124] {logging_mixin.py:109} INFO - [2022-02-28 14:35:21,123] {dag.py:2937} INFO - Setting next_dagrun for latest_only_with_trigger to 2022-02-28T02:35:21.123430+00:00
[2022-02-28 14:35:21,143] {processor.py:171} INFO - Processing /opt/anaconda3/envs/airflow/lib/python3.7/site-packages/airflow/example_dags/example_latest_only_with_trigger.py took 0.155 seconds
[2022-02-28 14:36:02,521] {processor.py:163} INFO - Started process (PID=32555) to work on /opt/anaconda3/envs/airflow/lib/python3.7/site-packages/airflow/example_dags/example_latest_only_with_trigger.py
[2022-02-28 14:36:02,523] {processor.py:642} INFO - Processing file /opt/anaconda3/envs/airflow/lib/python3.7/site-packages/airflow/example_dags/example_latest_only_with_trigger.py for tasks to queue
[2022-02-28 14:36:02,524] {logging_mixin.py:109} INFO - [2022-02-28 14:36:02,524] {dagbag.py:500} INFO - Filling up the DagBag from /opt/anaconda3/envs/airflow/lib/python3.7/site-packages/airflow/example_dags/example_latest_only_with_trigger.py
[2022-02-28 14:36:02,557] {processor.py:654} INFO - DAG(s) dict_keys(['latest_only_with_trigger']) retrieved from /opt/anaconda3/envs/airflow/lib/python3.7/site-packages/airflow/example_dags/example_latest_only_with_trigger.py
[2022-02-28 14:36:02,569] {logging_mixin.py:109} INFO - [2022-02-28 14:36:02,568] {dag.py:2398} INFO - Sync 1 DAGs
[2022-02-28 14:36:02,585] {logging_mixin.py:109} INFO - [2022-02-28 14:36:02,585] {dag.py:2937} INFO - Setting next_dagrun for latest_only_with_trigger to 2022-02-28T02:36:02.584783+00:00
[2022-02-28 14:36:02,596] {processor.py:171} INFO - Processing /opt/anaconda3/envs/airflow/lib/python3.7/site-packages/airflow/example_dags/example_latest_only_with_trigger.py took 0.079 seconds
[2022-02-28 14:36:44,167] {processor.py:163} INFO - Started process (PID=32605) to work on /opt/anaconda3/envs/airflow/lib/python3.7/site-packages/airflow/example_dags/example_latest_only_with_trigger.py
[2022-02-28 14:36:44,169] {processor.py:642} INFO - Processing file /opt/anaconda3/envs/airflow/lib/python3.7/site-packages/airflow/example_dags/example_latest_only_with_trigger.py for tasks to queue
[2022-02-28 14:36:44,171] {logging_mixin.py:109} INFO - [2022-02-28 14:36:44,171] {dagbag.py:500} INFO - Filling up the DagBag from /opt/anaconda3/envs/airflow/lib/python3.7/site-packages/airflow/example_dags/example_latest_only_with_trigger.py
[2022-02-28 14:36:44,201] {processor.py:654} INFO - DAG(s) dict_keys(['latest_only_with_trigger']) retrieved from /opt/anaconda3/envs/airflow/lib/python3.7/site-packages/airflow/example_dags/example_latest_only_with_trigger.py
[2022-02-28 14:36:44,214] {logging_mixin.py:109} INFO - [2022-02-28 14:36:44,213] {dag.py:2398} INFO - Sync 1 DAGs
[2022-02-28 14:36:44,229] {logging_mixin.py:109} INFO - [2022-02-28 14:36:44,228] {dag.py:2937} INFO - Setting next_dagrun for latest_only_with_trigger to 2022-02-28T02:36:44.228503+00:00
[2022-02-28 14:36:44,240] {processor.py:171} INFO - Processing /opt/anaconda3/envs/airflow/lib/python3.7/site-packages/airflow/example_dags/example_latest_only_with_trigger.py took 0.078 seconds
[2022-02-28 14:37:23,553] {processor.py:163} INFO - Started process (PID=32640) to work on /opt/anaconda3/envs/airflow/lib/python3.7/site-packages/airflow/example_dags/example_latest_only_with_trigger.py
[2022-02-28 14:37:23,556] {processor.py:642} INFO - Processing file /opt/anaconda3/envs/airflow/lib/python3.7/site-packages/airflow/example_dags/example_latest_only_with_trigger.py for tasks to queue
[2022-02-28 14:37:23,557] {logging_mixin.py:109} INFO - [2022-02-28 14:37:23,557] {dagbag.py:500} INFO - Filling up the DagBag from /opt/anaconda3/envs/airflow/lib/python3.7/site-packages/airflow/example_dags/example_latest_only_with_trigger.py
[2022-02-28 14:37:23,590] {processor.py:654} INFO - DAG(s) dict_keys(['latest_only_with_trigger']) retrieved from /opt/anaconda3/envs/airflow/lib/python3.7/site-packages/airflow/example_dags/example_latest_only_with_trigger.py
[2022-02-28 14:37:23,601] {logging_mixin.py:109} INFO - [2022-02-28 14:37:23,601] {dag.py:2398} INFO - Sync 1 DAGs
[2022-02-28 14:37:23,616] {logging_mixin.py:109} INFO - [2022-02-28 14:37:23,616] {dag.py:2937} INFO - Setting next_dagrun for latest_only_with_trigger to 2022-02-28T02:37:23.615822+00:00
[2022-02-28 14:37:23,628] {processor.py:171} INFO - Processing /opt/anaconda3/envs/airflow/lib/python3.7/site-packages/airflow/example_dags/example_latest_only_with_trigger.py took 0.079 seconds
[2022-02-28 14:38:06,111] {processor.py:163} INFO - Started process (PID=32679) to work on /opt/anaconda3/envs/airflow/lib/python3.7/site-packages/airflow/example_dags/example_latest_only_with_trigger.py
[2022-02-28 14:38:06,113] {processor.py:642} INFO - Processing file /opt/anaconda3/envs/airflow/lib/python3.7/site-packages/airflow/example_dags/example_latest_only_with_trigger.py for tasks to queue
[2022-02-28 14:38:06,114] {logging_mixin.py:109} INFO - [2022-02-28 14:38:06,113] {dagbag.py:500} INFO - Filling up the DagBag from /opt/anaconda3/envs/airflow/lib/python3.7/site-packages/airflow/example_dags/example_latest_only_with_trigger.py
[2022-02-28 14:38:06,146] {processor.py:654} INFO - DAG(s) dict_keys(['latest_only_with_trigger']) retrieved from /opt/anaconda3/envs/airflow/lib/python3.7/site-packages/airflow/example_dags/example_latest_only_with_trigger.py
[2022-02-28 14:38:06,159] {logging_mixin.py:109} INFO - [2022-02-28 14:38:06,158] {dag.py:2398} INFO - Sync 1 DAGs
[2022-02-28 14:38:06,173] {logging_mixin.py:109} INFO - [2022-02-28 14:38:06,173] {dag.py:2937} INFO - Setting next_dagrun for latest_only_with_trigger to 2022-02-28T02:38:06.173104+00:00
[2022-02-28 14:38:06,185] {processor.py:171} INFO - Processing /opt/anaconda3/envs/airflow/lib/python3.7/site-packages/airflow/example_dags/example_latest_only_with_trigger.py took 0.078 seconds
[2022-02-28 14:38:42,043] {processor.py:163} INFO - Started process (PID=32715) to work on /opt/anaconda3/envs/airflow/lib/python3.7/site-packages/airflow/example_dags/example_latest_only_with_trigger.py
[2022-02-28 14:38:42,046] {processor.py:642} INFO - Processing file /opt/anaconda3/envs/airflow/lib/python3.7/site-packages/airflow/example_dags/example_latest_only_with_trigger.py for tasks to queue
[2022-02-28 14:38:42,047] {logging_mixin.py:109} INFO - [2022-02-28 14:38:42,047] {dagbag.py:500} INFO - Filling up the DagBag from /opt/anaconda3/envs/airflow/lib/python3.7/site-packages/airflow/example_dags/example_latest_only_with_trigger.py
[2022-02-28 14:38:42,080] {processor.py:654} INFO - DAG(s) dict_keys(['latest_only_with_trigger']) retrieved from /opt/anaconda3/envs/airflow/lib/python3.7/site-packages/airflow/example_dags/example_latest_only_with_trigger.py
[2022-02-28 14:38:42,092] {logging_mixin.py:109} INFO - [2022-02-28 14:38:42,091] {dag.py:2398} INFO - Sync 1 DAGs
[2022-02-28 14:38:42,106] {logging_mixin.py:109} INFO - [2022-02-28 14:38:42,105] {dag.py:2937} INFO - Setting next_dagrun for latest_only_with_trigger to 2022-02-28T02:38:42.105102+00:00
[2022-02-28 14:38:42,118] {processor.py:171} INFO - Processing /opt/anaconda3/envs/airflow/lib/python3.7/site-packages/airflow/example_dags/example_latest_only_with_trigger.py took 0.079 seconds
[2022-02-28 14:39:22,105] {processor.py:163} INFO - Started process (PID=32756) to work on /opt/anaconda3/envs/airflow/lib/python3.7/site-packages/airflow/example_dags/example_latest_only_with_trigger.py
[2022-02-28 14:39:22,108] {processor.py:642} INFO - Processing file /opt/anaconda3/envs/airflow/lib/python3.7/site-packages/airflow/example_dags/example_latest_only_with_trigger.py for tasks to queue
[2022-02-28 14:39:22,110] {logging_mixin.py:109} INFO - [2022-02-28 14:39:22,109] {dagbag.py:500} INFO - Filling up the DagBag from /opt/anaconda3/envs/airflow/lib/python3.7/site-packages/airflow/example_dags/example_latest_only_with_trigger.py
[2022-02-28 14:39:22,142] {processor.py:654} INFO - DAG(s) dict_keys(['latest_only_with_trigger']) retrieved from /opt/anaconda3/envs/airflow/lib/python3.7/site-packages/airflow/example_dags/example_latest_only_with_trigger.py
[2022-02-28 14:39:22,152] {logging_mixin.py:109} INFO - [2022-02-28 14:39:22,152] {dag.py:2398} INFO - Sync 1 DAGs
[2022-02-28 14:39:22,167] {logging_mixin.py:109} INFO - [2022-02-28 14:39:22,167] {dag.py:2937} INFO - Setting next_dagrun for latest_only_with_trigger to 2022-02-28T02:39:22.166980+00:00
[2022-02-28 14:39:22,177] {processor.py:171} INFO - Processing /opt/anaconda3/envs/airflow/lib/python3.7/site-packages/airflow/example_dags/example_latest_only_with_trigger.py took 0.077 seconds
[2022-02-28 14:40:03,475] {processor.py:163} INFO - Started process (PID=32805) to work on /opt/anaconda3/envs/airflow/lib/python3.7/site-packages/airflow/example_dags/example_latest_only_with_trigger.py
[2022-02-28 14:40:03,478] {processor.py:642} INFO - Processing file /opt/anaconda3/envs/airflow/lib/python3.7/site-packages/airflow/example_dags/example_latest_only_with_trigger.py for tasks to queue
[2022-02-28 14:40:03,479] {logging_mixin.py:109} INFO - [2022-02-28 14:40:03,479] {dagbag.py:500} INFO - Filling up the DagBag from /opt/anaconda3/envs/airflow/lib/python3.7/site-packages/airflow/example_dags/example_latest_only_with_trigger.py
[2022-02-28 14:40:03,511] {processor.py:654} INFO - DAG(s) dict_keys(['latest_only_with_trigger']) retrieved from /opt/anaconda3/envs/airflow/lib/python3.7/site-packages/airflow/example_dags/example_latest_only_with_trigger.py
[2022-02-28 14:40:03,522] {logging_mixin.py:109} INFO - [2022-02-28 14:40:03,522] {dag.py:2398} INFO - Sync 1 DAGs
[2022-02-28 14:40:03,538] {logging_mixin.py:109} INFO - [2022-02-28 14:40:03,537] {dag.py:2937} INFO - Setting next_dagrun for latest_only_with_trigger to 2022-02-28T02:40:03.537548+00:00
[2022-02-28 14:40:03,551] {processor.py:171} INFO - Processing /opt/anaconda3/envs/airflow/lib/python3.7/site-packages/airflow/example_dags/example_latest_only_with_trigger.py took 0.079 seconds
[2022-02-28 14:40:43,977] {processor.py:163} INFO - Started process (PID=32844) to work on /opt/anaconda3/envs/airflow/lib/python3.7/site-packages/airflow/example_dags/example_latest_only_with_trigger.py
[2022-02-28 14:40:43,978] {processor.py:642} INFO - Processing file /opt/anaconda3/envs/airflow/lib/python3.7/site-packages/airflow/example_dags/example_latest_only_with_trigger.py for tasks to queue
[2022-02-28 14:40:43,980] {logging_mixin.py:109} INFO - [2022-02-28 14:40:43,979] {dagbag.py:500} INFO - Filling up the DagBag from /opt/anaconda3/envs/airflow/lib/python3.7/site-packages/airflow/example_dags/example_latest_only_with_trigger.py
[2022-02-28 14:40:44,011] {processor.py:654} INFO - DAG(s) dict_keys(['latest_only_with_trigger']) retrieved from /opt/anaconda3/envs/airflow/lib/python3.7/site-packages/airflow/example_dags/example_latest_only_with_trigger.py
[2022-02-28 14:40:44,022] {logging_mixin.py:109} INFO - [2022-02-28 14:40:44,022] {dag.py:2398} INFO - Sync 1 DAGs
[2022-02-28 14:40:44,038] {logging_mixin.py:109} INFO - [2022-02-28 14:40:44,037] {dag.py:2937} INFO - Setting next_dagrun for latest_only_with_trigger to 2022-02-28T02:40:44.037403+00:00
[2022-02-28 14:40:44,049] {processor.py:171} INFO - Processing /opt/anaconda3/envs/airflow/lib/python3.7/site-packages/airflow/example_dags/example_latest_only_with_trigger.py took 0.076 seconds
[2022-02-28 14:41:27,139] {processor.py:163} INFO - Started process (PID=32885) to work on /opt/anaconda3/envs/airflow/lib/python3.7/site-packages/airflow/example_dags/example_latest_only_with_trigger.py
[2022-02-28 14:41:27,142] {processor.py:642} INFO - Processing file /opt/anaconda3/envs/airflow/lib/python3.7/site-packages/airflow/example_dags/example_latest_only_with_trigger.py for tasks to queue
[2022-02-28 14:41:27,143] {logging_mixin.py:109} INFO - [2022-02-28 14:41:27,143] {dagbag.py:500} INFO - Filling up the DagBag from /opt/anaconda3/envs/airflow/lib/python3.7/site-packages/airflow/example_dags/example_latest_only_with_trigger.py
[2022-02-28 14:41:27,176] {processor.py:654} INFO - DAG(s) dict_keys(['latest_only_with_trigger']) retrieved from /opt/anaconda3/envs/airflow/lib/python3.7/site-packages/airflow/example_dags/example_latest_only_with_trigger.py
[2022-02-28 14:41:27,188] {logging_mixin.py:109} INFO - [2022-02-28 14:41:27,187] {dag.py:2398} INFO - Sync 1 DAGs
[2022-02-28 14:41:27,203] {logging_mixin.py:109} INFO - [2022-02-28 14:41:27,202] {dag.py:2937} INFO - Setting next_dagrun for latest_only_with_trigger to 2022-02-28T02:41:27.202397+00:00
[2022-02-28 14:41:27,213] {processor.py:171} INFO - Processing /opt/anaconda3/envs/airflow/lib/python3.7/site-packages/airflow/example_dags/example_latest_only_with_trigger.py took 0.079 seconds
[2022-02-28 14:42:11,378] {processor.py:163} INFO - Started process (PID=32930) to work on /opt/anaconda3/envs/airflow/lib/python3.7/site-packages/airflow/example_dags/example_latest_only_with_trigger.py
[2022-02-28 14:42:11,380] {processor.py:642} INFO - Processing file /opt/anaconda3/envs/airflow/lib/python3.7/site-packages/airflow/example_dags/example_latest_only_with_trigger.py for tasks to queue
[2022-02-28 14:42:11,381] {logging_mixin.py:109} INFO - [2022-02-28 14:42:11,381] {dagbag.py:500} INFO - Filling up the DagBag from /opt/anaconda3/envs/airflow/lib/python3.7/site-packages/airflow/example_dags/example_latest_only_with_trigger.py
[2022-02-28 14:42:11,444] {processor.py:654} INFO - DAG(s) dict_keys(['latest_only_with_trigger']) retrieved from /opt/anaconda3/envs/airflow/lib/python3.7/site-packages/airflow/example_dags/example_latest_only_with_trigger.py
[2022-02-28 14:42:11,462] {logging_mixin.py:109} INFO - [2022-02-28 14:42:11,461] {dag.py:2398} INFO - Sync 1 DAGs
[2022-02-28 14:42:11,485] {logging_mixin.py:109} INFO - [2022-02-28 14:42:11,484] {dag.py:2937} INFO - Setting next_dagrun for latest_only_with_trigger to 2022-02-28T02:42:11.483899+00:00
[2022-02-28 14:42:11,499] {processor.py:171} INFO - Processing /opt/anaconda3/envs/airflow/lib/python3.7/site-packages/airflow/example_dags/example_latest_only_with_trigger.py took 0.127 seconds
[2022-02-28 14:43:01,023] {processor.py:163} INFO - Started process (PID=32989) to work on /opt/anaconda3/envs/airflow/lib/python3.7/site-packages/airflow/example_dags/example_latest_only_with_trigger.py
[2022-02-28 14:43:01,026] {processor.py:642} INFO - Processing file /opt/anaconda3/envs/airflow/lib/python3.7/site-packages/airflow/example_dags/example_latest_only_with_trigger.py for tasks to queue
[2022-02-28 14:43:01,027] {logging_mixin.py:109} INFO - [2022-02-28 14:43:01,027] {dagbag.py:500} INFO - Filling up the DagBag from /opt/anaconda3/envs/airflow/lib/python3.7/site-packages/airflow/example_dags/example_latest_only_with_trigger.py
[2022-02-28 14:43:01,058] {processor.py:654} INFO - DAG(s) dict_keys(['latest_only_with_trigger']) retrieved from /opt/anaconda3/envs/airflow/lib/python3.7/site-packages/airflow/example_dags/example_latest_only_with_trigger.py
[2022-02-28 14:43:01,071] {logging_mixin.py:109} INFO - [2022-02-28 14:43:01,071] {dag.py:2398} INFO - Sync 1 DAGs
[2022-02-28 14:43:01,085] {logging_mixin.py:109} INFO - [2022-02-28 14:43:01,084] {dag.py:2937} INFO - Setting next_dagrun for latest_only_with_trigger to 2022-02-28T02:43:01.084614+00:00
[2022-02-28 14:43:01,095] {processor.py:171} INFO - Processing /opt/anaconda3/envs/airflow/lib/python3.7/site-packages/airflow/example_dags/example_latest_only_with_trigger.py took 0.076 seconds
[2022-02-28 14:43:40,890] {processor.py:163} INFO - Started process (PID=33030) to work on /opt/anaconda3/envs/airflow/lib/python3.7/site-packages/airflow/example_dags/example_latest_only_with_trigger.py
[2022-02-28 14:43:40,893] {processor.py:642} INFO - Processing file /opt/anaconda3/envs/airflow/lib/python3.7/site-packages/airflow/example_dags/example_latest_only_with_trigger.py for tasks to queue
[2022-02-28 14:43:40,894] {logging_mixin.py:109} INFO - [2022-02-28 14:43:40,894] {dagbag.py:500} INFO - Filling up the DagBag from /opt/anaconda3/envs/airflow/lib/python3.7/site-packages/airflow/example_dags/example_latest_only_with_trigger.py
[2022-02-28 14:43:40,929] {processor.py:654} INFO - DAG(s) dict_keys(['latest_only_with_trigger']) retrieved from /opt/anaconda3/envs/airflow/lib/python3.7/site-packages/airflow/example_dags/example_latest_only_with_trigger.py
[2022-02-28 14:43:40,942] {logging_mixin.py:109} INFO - [2022-02-28 14:43:40,941] {dag.py:2398} INFO - Sync 1 DAGs
[2022-02-28 14:43:40,962] {logging_mixin.py:109} INFO - [2022-02-28 14:43:40,962] {dag.py:2937} INFO - Setting next_dagrun for latest_only_with_trigger to 2022-02-28T02:43:40.961227+00:00
[2022-02-28 14:43:40,973] {processor.py:171} INFO - Processing /opt/anaconda3/envs/airflow/lib/python3.7/site-packages/airflow/example_dags/example_latest_only_with_trigger.py took 0.088 seconds
[2022-02-28 14:44:24,193] {processor.py:163} INFO - Started process (PID=33083) to work on /opt/anaconda3/envs/airflow/lib/python3.7/site-packages/airflow/example_dags/example_latest_only_with_trigger.py
[2022-02-28 14:44:24,196] {processor.py:642} INFO - Processing file /opt/anaconda3/envs/airflow/lib/python3.7/site-packages/airflow/example_dags/example_latest_only_with_trigger.py for tasks to queue
[2022-02-28 14:44:24,197] {logging_mixin.py:109} INFO - [2022-02-28 14:44:24,197] {dagbag.py:500} INFO - Filling up the DagBag from /opt/anaconda3/envs/airflow/lib/python3.7/site-packages/airflow/example_dags/example_latest_only_with_trigger.py
[2022-02-28 14:44:24,232] {processor.py:654} INFO - DAG(s) dict_keys(['latest_only_with_trigger']) retrieved from /opt/anaconda3/envs/airflow/lib/python3.7/site-packages/airflow/example_dags/example_latest_only_with_trigger.py
[2022-02-28 14:44:24,244] {logging_mixin.py:109} INFO - [2022-02-28 14:44:24,244] {dag.py:2398} INFO - Sync 1 DAGs
[2022-02-28 14:44:24,260] {logging_mixin.py:109} INFO - [2022-02-28 14:44:24,260] {dag.py:2937} INFO - Setting next_dagrun for latest_only_with_trigger to 2022-02-28T02:44:24.260201+00:00
[2022-02-28 14:44:24,272] {processor.py:171} INFO - Processing /opt/anaconda3/envs/airflow/lib/python3.7/site-packages/airflow/example_dags/example_latest_only_with_trigger.py took 0.086 seconds
[2022-02-28 14:45:05,845] {processor.py:163} INFO - Started process (PID=33130) to work on /opt/anaconda3/envs/airflow/lib/python3.7/site-packages/airflow/example_dags/example_latest_only_with_trigger.py
[2022-02-28 14:45:05,851] {processor.py:642} INFO - Processing file /opt/anaconda3/envs/airflow/lib/python3.7/site-packages/airflow/example_dags/example_latest_only_with_trigger.py for tasks to queue
[2022-02-28 14:45:05,853] {logging_mixin.py:109} INFO - [2022-02-28 14:45:05,853] {dagbag.py:500} INFO - Filling up the DagBag from /opt/anaconda3/envs/airflow/lib/python3.7/site-packages/airflow/example_dags/example_latest_only_with_trigger.py
[2022-02-28 14:45:05,902] {processor.py:654} INFO - DAG(s) dict_keys(['latest_only_with_trigger']) retrieved from /opt/anaconda3/envs/airflow/lib/python3.7/site-packages/airflow/example_dags/example_latest_only_with_trigger.py
[2022-02-28 14:45:05,919] {logging_mixin.py:109} INFO - [2022-02-28 14:45:05,918] {dag.py:2398} INFO - Sync 1 DAGs
[2022-02-28 14:45:05,943] {logging_mixin.py:109} INFO - [2022-02-28 14:45:05,942] {dag.py:2937} INFO - Setting next_dagrun for latest_only_with_trigger to 2022-02-28T02:45:05.942560+00:00
[2022-02-28 14:45:05,961] {processor.py:171} INFO - Processing /opt/anaconda3/envs/airflow/lib/python3.7/site-packages/airflow/example_dags/example_latest_only_with_trigger.py took 0.125 seconds
[2022-02-28 14:45:56,603] {processor.py:163} INFO - Started process (PID=33207) to work on /opt/anaconda3/envs/airflow/lib/python3.7/site-packages/airflow/example_dags/example_latest_only_with_trigger.py
[2022-02-28 14:45:56,605] {processor.py:642} INFO - Processing file /opt/anaconda3/envs/airflow/lib/python3.7/site-packages/airflow/example_dags/example_latest_only_with_trigger.py for tasks to queue
[2022-02-28 14:45:56,606] {logging_mixin.py:109} INFO - [2022-02-28 14:45:56,606] {dagbag.py:500} INFO - Filling up the DagBag from /opt/anaconda3/envs/airflow/lib/python3.7/site-packages/airflow/example_dags/example_latest_only_with_trigger.py
[2022-02-28 14:45:56,638] {processor.py:654} INFO - DAG(s) dict_keys(['latest_only_with_trigger']) retrieved from /opt/anaconda3/envs/airflow/lib/python3.7/site-packages/airflow/example_dags/example_latest_only_with_trigger.py
[2022-02-28 14:45:56,649] {logging_mixin.py:109} INFO - [2022-02-28 14:45:56,649] {dag.py:2398} INFO - Sync 1 DAGs
[2022-02-28 14:45:56,666] {logging_mixin.py:109} INFO - [2022-02-28 14:45:56,665] {dag.py:2937} INFO - Setting next_dagrun for latest_only_with_trigger to 2022-02-28T02:45:56.665603+00:00
[2022-02-28 14:45:56,677] {processor.py:171} INFO - Processing /opt/anaconda3/envs/airflow/lib/python3.7/site-packages/airflow/example_dags/example_latest_only_with_trigger.py took 0.078 seconds
[2022-02-28 14:46:38,393] {processor.py:163} INFO - Started process (PID=33250) to work on /opt/anaconda3/envs/airflow/lib/python3.7/site-packages/airflow/example_dags/example_latest_only_with_trigger.py
[2022-02-28 14:46:38,395] {processor.py:642} INFO - Processing file /opt/anaconda3/envs/airflow/lib/python3.7/site-packages/airflow/example_dags/example_latest_only_with_trigger.py for tasks to queue
[2022-02-28 14:46:38,396] {logging_mixin.py:109} INFO - [2022-02-28 14:46:38,396] {dagbag.py:500} INFO - Filling up the DagBag from /opt/anaconda3/envs/airflow/lib/python3.7/site-packages/airflow/example_dags/example_latest_only_with_trigger.py
[2022-02-28 14:46:38,438] {processor.py:654} INFO - DAG(s) dict_keys(['latest_only_with_trigger']) retrieved from /opt/anaconda3/envs/airflow/lib/python3.7/site-packages/airflow/example_dags/example_latest_only_with_trigger.py
[2022-02-28 14:46:38,451] {logging_mixin.py:109} INFO - [2022-02-28 14:46:38,451] {dag.py:2398} INFO - Sync 1 DAGs
[2022-02-28 14:46:38,470] {logging_mixin.py:109} INFO - [2022-02-28 14:46:38,470] {dag.py:2937} INFO - Setting next_dagrun for latest_only_with_trigger to 2022-02-28T02:46:38.470040+00:00
[2022-02-28 14:46:38,482] {processor.py:171} INFO - Processing /opt/anaconda3/envs/airflow/lib/python3.7/site-packages/airflow/example_dags/example_latest_only_with_trigger.py took 0.094 seconds
[2022-02-28 14:47:19,472] {processor.py:163} INFO - Started process (PID=33288) to work on /opt/anaconda3/envs/airflow/lib/python3.7/site-packages/airflow/example_dags/example_latest_only_with_trigger.py
[2022-02-28 14:47:19,474] {processor.py:642} INFO - Processing file /opt/anaconda3/envs/airflow/lib/python3.7/site-packages/airflow/example_dags/example_latest_only_with_trigger.py for tasks to queue
[2022-02-28 14:47:19,475] {logging_mixin.py:109} INFO - [2022-02-28 14:47:19,475] {dagbag.py:500} INFO - Filling up the DagBag from /opt/anaconda3/envs/airflow/lib/python3.7/site-packages/airflow/example_dags/example_latest_only_with_trigger.py
[2022-02-28 14:47:19,505] {processor.py:654} INFO - DAG(s) dict_keys(['latest_only_with_trigger']) retrieved from /opt/anaconda3/envs/airflow/lib/python3.7/site-packages/airflow/example_dags/example_latest_only_with_trigger.py
[2022-02-28 14:47:19,517] {logging_mixin.py:109} INFO - [2022-02-28 14:47:19,517] {dag.py:2398} INFO - Sync 1 DAGs
[2022-02-28 14:47:19,533] {logging_mixin.py:109} INFO - [2022-02-28 14:47:19,532] {dag.py:2937} INFO - Setting next_dagrun for latest_only_with_trigger to 2022-02-28T02:47:19.532281+00:00
[2022-02-28 14:47:19,544] {processor.py:171} INFO - Processing /opt/anaconda3/envs/airflow/lib/python3.7/site-packages/airflow/example_dags/example_latest_only_with_trigger.py took 0.077 seconds
[2022-02-28 14:48:00,461] {processor.py:163} INFO - Started process (PID=33329) to work on /opt/anaconda3/envs/airflow/lib/python3.7/site-packages/airflow/example_dags/example_latest_only_with_trigger.py
[2022-02-28 14:48:00,463] {processor.py:642} INFO - Processing file /opt/anaconda3/envs/airflow/lib/python3.7/site-packages/airflow/example_dags/example_latest_only_with_trigger.py for tasks to queue
[2022-02-28 14:48:00,464] {logging_mixin.py:109} INFO - [2022-02-28 14:48:00,464] {dagbag.py:500} INFO - Filling up the DagBag from /opt/anaconda3/envs/airflow/lib/python3.7/site-packages/airflow/example_dags/example_latest_only_with_trigger.py
[2022-02-28 14:48:00,496] {processor.py:654} INFO - DAG(s) dict_keys(['latest_only_with_trigger']) retrieved from /opt/anaconda3/envs/airflow/lib/python3.7/site-packages/airflow/example_dags/example_latest_only_with_trigger.py
[2022-02-28 14:48:00,507] {logging_mixin.py:109} INFO - [2022-02-28 14:48:00,506] {dag.py:2398} INFO - Sync 1 DAGs
[2022-02-28 14:48:00,523] {logging_mixin.py:109} INFO - [2022-02-28 14:48:00,522] {dag.py:2937} INFO - Setting next_dagrun for latest_only_with_trigger to 2022-02-28T02:48:00.522635+00:00
[2022-02-28 14:48:00,534] {processor.py:171} INFO - Processing /opt/anaconda3/envs/airflow/lib/python3.7/site-packages/airflow/example_dags/example_latest_only_with_trigger.py took 0.077 seconds
[2022-02-28 14:48:42,328] {processor.py:163} INFO - Started process (PID=33369) to work on /opt/anaconda3/envs/airflow/lib/python3.7/site-packages/airflow/example_dags/example_latest_only_with_trigger.py
[2022-02-28 14:48:42,329] {processor.py:642} INFO - Processing file /opt/anaconda3/envs/airflow/lib/python3.7/site-packages/airflow/example_dags/example_latest_only_with_trigger.py for tasks to queue
[2022-02-28 14:48:42,330] {logging_mixin.py:109} INFO - [2022-02-28 14:48:42,330] {dagbag.py:500} INFO - Filling up the DagBag from /opt/anaconda3/envs/airflow/lib/python3.7/site-packages/airflow/example_dags/example_latest_only_with_trigger.py
[2022-02-28 14:48:42,362] {processor.py:654} INFO - DAG(s) dict_keys(['latest_only_with_trigger']) retrieved from /opt/anaconda3/envs/airflow/lib/python3.7/site-packages/airflow/example_dags/example_latest_only_with_trigger.py
[2022-02-28 14:48:42,373] {logging_mixin.py:109} INFO - [2022-02-28 14:48:42,373] {dag.py:2398} INFO - Sync 1 DAGs
[2022-02-28 14:48:42,388] {logging_mixin.py:109} INFO - [2022-02-28 14:48:42,388] {dag.py:2937} INFO - Setting next_dagrun for latest_only_with_trigger to 2022-02-28T02:48:42.387727+00:00
[2022-02-28 14:48:42,398] {processor.py:171} INFO - Processing /opt/anaconda3/envs/airflow/lib/python3.7/site-packages/airflow/example_dags/example_latest_only_with_trigger.py took 0.075 seconds
[2022-02-28 14:49:21,091] {processor.py:163} INFO - Started process (PID=33406) to work on /opt/anaconda3/envs/airflow/lib/python3.7/site-packages/airflow/example_dags/example_latest_only_with_trigger.py
[2022-02-28 14:49:21,093] {processor.py:642} INFO - Processing file /opt/anaconda3/envs/airflow/lib/python3.7/site-packages/airflow/example_dags/example_latest_only_with_trigger.py for tasks to queue
[2022-02-28 14:49:21,095] {logging_mixin.py:109} INFO - [2022-02-28 14:49:21,094] {dagbag.py:500} INFO - Filling up the DagBag from /opt/anaconda3/envs/airflow/lib/python3.7/site-packages/airflow/example_dags/example_latest_only_with_trigger.py
[2022-02-28 14:49:21,128] {processor.py:654} INFO - DAG(s) dict_keys(['latest_only_with_trigger']) retrieved from /opt/anaconda3/envs/airflow/lib/python3.7/site-packages/airflow/example_dags/example_latest_only_with_trigger.py
[2022-02-28 14:49:21,140] {logging_mixin.py:109} INFO - [2022-02-28 14:49:21,140] {dag.py:2398} INFO - Sync 1 DAGs
[2022-02-28 14:49:21,154] {logging_mixin.py:109} INFO - [2022-02-28 14:49:21,154] {dag.py:2937} INFO - Setting next_dagrun for latest_only_with_trigger to 2022-02-28T02:49:21.153764+00:00
[2022-02-28 14:49:21,165] {processor.py:171} INFO - Processing /opt/anaconda3/envs/airflow/lib/python3.7/site-packages/airflow/example_dags/example_latest_only_with_trigger.py took 0.078 seconds
[2022-02-28 14:50:01,231] {processor.py:163} INFO - Started process (PID=33445) to work on /opt/anaconda3/envs/airflow/lib/python3.7/site-packages/airflow/example_dags/example_latest_only_with_trigger.py
[2022-02-28 14:50:01,234] {processor.py:642} INFO - Processing file /opt/anaconda3/envs/airflow/lib/python3.7/site-packages/airflow/example_dags/example_latest_only_with_trigger.py for tasks to queue
[2022-02-28 14:50:01,235] {logging_mixin.py:109} INFO - [2022-02-28 14:50:01,234] {dagbag.py:500} INFO - Filling up the DagBag from /opt/anaconda3/envs/airflow/lib/python3.7/site-packages/airflow/example_dags/example_latest_only_with_trigger.py
[2022-02-28 14:50:01,267] {processor.py:654} INFO - DAG(s) dict_keys(['latest_only_with_trigger']) retrieved from /opt/anaconda3/envs/airflow/lib/python3.7/site-packages/airflow/example_dags/example_latest_only_with_trigger.py
[2022-02-28 14:50:01,277] {logging_mixin.py:109} INFO - [2022-02-28 14:50:01,277] {dag.py:2398} INFO - Sync 1 DAGs
[2022-02-28 14:50:01,294] {logging_mixin.py:109} INFO - [2022-02-28 14:50:01,294] {dag.py:2937} INFO - Setting next_dagrun for latest_only_with_trigger to 2022-02-28T02:50:01.293729+00:00
[2022-02-28 14:50:01,305] {processor.py:171} INFO - Processing /opt/anaconda3/envs/airflow/lib/python3.7/site-packages/airflow/example_dags/example_latest_only_with_trigger.py took 0.079 seconds
[2022-02-28 14:50:41,934] {processor.py:163} INFO - Started process (PID=33493) to work on /opt/anaconda3/envs/airflow/lib/python3.7/site-packages/airflow/example_dags/example_latest_only_with_trigger.py
[2022-02-28 14:50:41,936] {processor.py:642} INFO - Processing file /opt/anaconda3/envs/airflow/lib/python3.7/site-packages/airflow/example_dags/example_latest_only_with_trigger.py for tasks to queue
[2022-02-28 14:50:41,938] {logging_mixin.py:109} INFO - [2022-02-28 14:50:41,938] {dagbag.py:500} INFO - Filling up the DagBag from /opt/anaconda3/envs/airflow/lib/python3.7/site-packages/airflow/example_dags/example_latest_only_with_trigger.py
[2022-02-28 14:50:41,995] {processor.py:654} INFO - DAG(s) dict_keys(['latest_only_with_trigger']) retrieved from /opt/anaconda3/envs/airflow/lib/python3.7/site-packages/airflow/example_dags/example_latest_only_with_trigger.py
[2022-02-28 14:50:42,014] {logging_mixin.py:109} INFO - [2022-02-28 14:50:42,014] {dag.py:2398} INFO - Sync 1 DAGs
[2022-02-28 14:50:42,040] {logging_mixin.py:109} INFO - [2022-02-28 14:50:42,039] {dag.py:2937} INFO - Setting next_dagrun for latest_only_with_trigger to 2022-02-28T02:50:42.038478+00:00
[2022-02-28 14:50:42,060] {processor.py:171} INFO - Processing /opt/anaconda3/envs/airflow/lib/python3.7/site-packages/airflow/example_dags/example_latest_only_with_trigger.py took 0.132 seconds
[2022-02-28 14:51:26,030] {processor.py:163} INFO - Started process (PID=33567) to work on /opt/anaconda3/envs/airflow/lib/python3.7/site-packages/airflow/example_dags/example_latest_only_with_trigger.py
[2022-02-28 14:51:26,033] {processor.py:642} INFO - Processing file /opt/anaconda3/envs/airflow/lib/python3.7/site-packages/airflow/example_dags/example_latest_only_with_trigger.py for tasks to queue
[2022-02-28 14:51:26,034] {logging_mixin.py:109} INFO - [2022-02-28 14:51:26,034] {dagbag.py:500} INFO - Filling up the DagBag from /opt/anaconda3/envs/airflow/lib/python3.7/site-packages/airflow/example_dags/example_latest_only_with_trigger.py
[2022-02-28 14:51:26,066] {processor.py:654} INFO - DAG(s) dict_keys(['latest_only_with_trigger']) retrieved from /opt/anaconda3/envs/airflow/lib/python3.7/site-packages/airflow/example_dags/example_latest_only_with_trigger.py
[2022-02-28 14:51:26,078] {logging_mixin.py:109} INFO - [2022-02-28 14:51:26,078] {dag.py:2398} INFO - Sync 1 DAGs
[2022-02-28 14:51:26,093] {logging_mixin.py:109} INFO - [2022-02-28 14:51:26,093] {dag.py:2937} INFO - Setting next_dagrun for latest_only_with_trigger to 2022-02-28T02:51:26.093283+00:00
[2022-02-28 14:51:26,105] {processor.py:171} INFO - Processing /opt/anaconda3/envs/airflow/lib/python3.7/site-packages/airflow/example_dags/example_latest_only_with_trigger.py took 0.080 seconds
[2022-02-28 14:52:06,439] {processor.py:163} INFO - Started process (PID=33605) to work on /opt/anaconda3/envs/airflow/lib/python3.7/site-packages/airflow/example_dags/example_latest_only_with_trigger.py
[2022-02-28 14:52:06,440] {processor.py:642} INFO - Processing file /opt/anaconda3/envs/airflow/lib/python3.7/site-packages/airflow/example_dags/example_latest_only_with_trigger.py for tasks to queue
[2022-02-28 14:52:06,441] {logging_mixin.py:109} INFO - [2022-02-28 14:52:06,441] {dagbag.py:500} INFO - Filling up the DagBag from /opt/anaconda3/envs/airflow/lib/python3.7/site-packages/airflow/example_dags/example_latest_only_with_trigger.py
[2022-02-28 14:52:06,474] {processor.py:654} INFO - DAG(s) dict_keys(['latest_only_with_trigger']) retrieved from /opt/anaconda3/envs/airflow/lib/python3.7/site-packages/airflow/example_dags/example_latest_only_with_trigger.py
[2022-02-28 14:52:06,487] {logging_mixin.py:109} INFO - [2022-02-28 14:52:06,486] {dag.py:2398} INFO - Sync 1 DAGs
[2022-02-28 14:52:06,501] {logging_mixin.py:109} INFO - [2022-02-28 14:52:06,501] {dag.py:2937} INFO - Setting next_dagrun for latest_only_with_trigger to 2022-02-28T02:52:06.501158+00:00
[2022-02-28 14:52:06,512] {processor.py:171} INFO - Processing /opt/anaconda3/envs/airflow/lib/python3.7/site-packages/airflow/example_dags/example_latest_only_with_trigger.py took 0.077 seconds
[2022-02-28 14:52:45,919] {processor.py:163} INFO - Started process (PID=33642) to work on /opt/anaconda3/envs/airflow/lib/python3.7/site-packages/airflow/example_dags/example_latest_only_with_trigger.py
[2022-02-28 14:52:45,925] {processor.py:642} INFO - Processing file /opt/anaconda3/envs/airflow/lib/python3.7/site-packages/airflow/example_dags/example_latest_only_with_trigger.py for tasks to queue
[2022-02-28 14:52:45,927] {logging_mixin.py:109} INFO - [2022-02-28 14:52:45,927] {dagbag.py:500} INFO - Filling up the DagBag from /opt/anaconda3/envs/airflow/lib/python3.7/site-packages/airflow/example_dags/example_latest_only_with_trigger.py
[2022-02-28 14:52:45,968] {processor.py:654} INFO - DAG(s) dict_keys(['latest_only_with_trigger']) retrieved from /opt/anaconda3/envs/airflow/lib/python3.7/site-packages/airflow/example_dags/example_latest_only_with_trigger.py
[2022-02-28 14:52:45,983] {logging_mixin.py:109} INFO - [2022-02-28 14:52:45,982] {dag.py:2398} INFO - Sync 1 DAGs
[2022-02-28 14:52:46,007] {logging_mixin.py:109} INFO - [2022-02-28 14:52:46,006] {dag.py:2937} INFO - Setting next_dagrun for latest_only_with_trigger to 2022-02-28T02:52:46.006187+00:00
[2022-02-28 14:52:46,018] {processor.py:171} INFO - Processing /opt/anaconda3/envs/airflow/lib/python3.7/site-packages/airflow/example_dags/example_latest_only_with_trigger.py took 0.105 seconds
[2022-02-28 14:53:26,992] {processor.py:163} INFO - Started process (PID=33699) to work on /opt/anaconda3/envs/airflow/lib/python3.7/site-packages/airflow/example_dags/example_latest_only_with_trigger.py
[2022-02-28 14:53:26,995] {processor.py:642} INFO - Processing file /opt/anaconda3/envs/airflow/lib/python3.7/site-packages/airflow/example_dags/example_latest_only_with_trigger.py for tasks to queue
[2022-02-28 14:53:26,998] {logging_mixin.py:109} INFO - [2022-02-28 14:53:26,996] {dagbag.py:500} INFO - Filling up the DagBag from /opt/anaconda3/envs/airflow/lib/python3.7/site-packages/airflow/example_dags/example_latest_only_with_trigger.py
[2022-02-28 14:53:27,144] {processor.py:654} INFO - DAG(s) dict_keys(['latest_only_with_trigger']) retrieved from /opt/anaconda3/envs/airflow/lib/python3.7/site-packages/airflow/example_dags/example_latest_only_with_trigger.py
[2022-02-28 14:53:27,184] {logging_mixin.py:109} INFO - [2022-02-28 14:53:27,183] {dag.py:2398} INFO - Sync 1 DAGs
[2022-02-28 14:53:27,240] {logging_mixin.py:109} INFO - [2022-02-28 14:53:27,239] {dag.py:2937} INFO - Setting next_dagrun for latest_only_with_trigger to 2022-02-28T02:53:27.239077+00:00
[2022-02-28 14:53:27,266] {processor.py:171} INFO - Processing /opt/anaconda3/envs/airflow/lib/python3.7/site-packages/airflow/example_dags/example_latest_only_with_trigger.py took 0.296 seconds
[2022-02-28 14:54:53,104] {processor.py:163} INFO - Started process (PID=33907) to work on /opt/anaconda3/envs/airflow/lib/python3.7/site-packages/airflow/example_dags/example_latest_only_with_trigger.py
[2022-02-28 14:54:53,110] {processor.py:642} INFO - Processing file /opt/anaconda3/envs/airflow/lib/python3.7/site-packages/airflow/example_dags/example_latest_only_with_trigger.py for tasks to queue
[2022-02-28 14:54:53,112] {logging_mixin.py:109} INFO - [2022-02-28 14:54:53,111] {dagbag.py:500} INFO - Filling up the DagBag from /opt/anaconda3/envs/airflow/lib/python3.7/site-packages/airflow/example_dags/example_latest_only_with_trigger.py
[2022-02-28 14:54:53,197] {processor.py:654} INFO - DAG(s) dict_keys(['latest_only_with_trigger']) retrieved from /opt/anaconda3/envs/airflow/lib/python3.7/site-packages/airflow/example_dags/example_latest_only_with_trigger.py
[2022-02-28 14:54:53,222] {logging_mixin.py:109} INFO - [2022-02-28 14:54:53,222] {dag.py:2398} INFO - Sync 1 DAGs
[2022-02-28 14:54:53,249] {logging_mixin.py:109} INFO - [2022-02-28 14:54:53,248] {dag.py:2937} INFO - Setting next_dagrun for latest_only_with_trigger to 2022-02-28T02:54:53.248253+00:00
[2022-02-28 14:54:53,283] {processor.py:171} INFO - Processing /opt/anaconda3/envs/airflow/lib/python3.7/site-packages/airflow/example_dags/example_latest_only_with_trigger.py took 0.186 seconds
[2022-02-28 14:56:46,189] {processor.py:163} INFO - Started process (PID=34091) to work on /opt/anaconda3/envs/airflow/lib/python3.7/site-packages/airflow/example_dags/example_latest_only_with_trigger.py
[2022-02-28 14:56:46,191] {processor.py:642} INFO - Processing file /opt/anaconda3/envs/airflow/lib/python3.7/site-packages/airflow/example_dags/example_latest_only_with_trigger.py for tasks to queue
[2022-02-28 14:56:46,193] {logging_mixin.py:109} INFO - [2022-02-28 14:56:46,192] {dagbag.py:500} INFO - Filling up the DagBag from /opt/anaconda3/envs/airflow/lib/python3.7/site-packages/airflow/example_dags/example_latest_only_with_trigger.py
[2022-02-28 14:56:46,228] {processor.py:654} INFO - DAG(s) dict_keys(['latest_only_with_trigger']) retrieved from /opt/anaconda3/envs/airflow/lib/python3.7/site-packages/airflow/example_dags/example_latest_only_with_trigger.py
[2022-02-28 14:56:46,246] {logging_mixin.py:109} INFO - [2022-02-28 14:56:46,245] {dag.py:2398} INFO - Sync 1 DAGs
[2022-02-28 14:56:46,264] {logging_mixin.py:109} INFO - [2022-02-28 14:56:46,263] {dag.py:2937} INFO - Setting next_dagrun for latest_only_with_trigger to 2022-02-28T02:56:46.263591+00:00
[2022-02-28 14:56:46,277] {processor.py:171} INFO - Processing /opt/anaconda3/envs/airflow/lib/python3.7/site-packages/airflow/example_dags/example_latest_only_with_trigger.py took 0.092 seconds
[2022-02-28 14:58:25,675] {processor.py:163} INFO - Started process (PID=34330) to work on /opt/anaconda3/envs/airflow/lib/python3.7/site-packages/airflow/example_dags/example_latest_only_with_trigger.py
[2022-02-28 14:58:25,677] {processor.py:642} INFO - Processing file /opt/anaconda3/envs/airflow/lib/python3.7/site-packages/airflow/example_dags/example_latest_only_with_trigger.py for tasks to queue
[2022-02-28 14:58:25,678] {logging_mixin.py:109} INFO - [2022-02-28 14:58:25,678] {dagbag.py:500} INFO - Filling up the DagBag from /opt/anaconda3/envs/airflow/lib/python3.7/site-packages/airflow/example_dags/example_latest_only_with_trigger.py
[2022-02-28 14:58:25,720] {processor.py:654} INFO - DAG(s) dict_keys(['latest_only_with_trigger']) retrieved from /opt/anaconda3/envs/airflow/lib/python3.7/site-packages/airflow/example_dags/example_latest_only_with_trigger.py
[2022-02-28 14:58:25,730] {logging_mixin.py:109} INFO - [2022-02-28 14:58:25,730] {dag.py:2398} INFO - Sync 1 DAGs
[2022-02-28 14:58:25,745] {logging_mixin.py:109} INFO - [2022-02-28 14:58:25,745] {dag.py:2937} INFO - Setting next_dagrun for latest_only_with_trigger to 2022-02-28T02:58:25.744831+00:00
[2022-02-28 14:58:25,758] {processor.py:171} INFO - Processing /opt/anaconda3/envs/airflow/lib/python3.7/site-packages/airflow/example_dags/example_latest_only_with_trigger.py took 0.087 seconds
[2022-02-28 15:04:46,220] {processor.py:163} INFO - Started process (PID=34906) to work on /opt/anaconda3/envs/airflow/lib/python3.7/site-packages/airflow/example_dags/example_latest_only_with_trigger.py
[2022-02-28 15:04:46,222] {processor.py:642} INFO - Processing file /opt/anaconda3/envs/airflow/lib/python3.7/site-packages/airflow/example_dags/example_latest_only_with_trigger.py for tasks to queue
[2022-02-28 15:04:46,224] {logging_mixin.py:109} INFO - [2022-02-28 15:04:46,223] {dagbag.py:500} INFO - Filling up the DagBag from /opt/anaconda3/envs/airflow/lib/python3.7/site-packages/airflow/example_dags/example_latest_only_with_trigger.py
[2022-02-28 15:04:46,263] {processor.py:654} INFO - DAG(s) dict_keys(['latest_only_with_trigger']) retrieved from /opt/anaconda3/envs/airflow/lib/python3.7/site-packages/airflow/example_dags/example_latest_only_with_trigger.py
[2022-02-28 15:04:46,283] {logging_mixin.py:109} INFO - [2022-02-28 15:04:46,282] {dag.py:2398} INFO - Sync 1 DAGs
[2022-02-28 15:04:46,304] {logging_mixin.py:109} INFO - [2022-02-28 15:04:46,303] {dag.py:2937} INFO - Setting next_dagrun for latest_only_with_trigger to 2022-02-28T03:04:46.303256+00:00
[2022-02-28 15:04:46,322] {processor.py:171} INFO - Processing /opt/anaconda3/envs/airflow/lib/python3.7/site-packages/airflow/example_dags/example_latest_only_with_trigger.py took 0.107 seconds
[2022-02-28 15:06:16,421] {processor.py:163} INFO - Started process (PID=35057) to work on /opt/anaconda3/envs/airflow/lib/python3.7/site-packages/airflow/example_dags/example_latest_only_with_trigger.py
[2022-02-28 15:06:16,423] {processor.py:642} INFO - Processing file /opt/anaconda3/envs/airflow/lib/python3.7/site-packages/airflow/example_dags/example_latest_only_with_trigger.py for tasks to queue
[2022-02-28 15:06:16,425] {logging_mixin.py:109} INFO - [2022-02-28 15:06:16,424] {dagbag.py:500} INFO - Filling up the DagBag from /opt/anaconda3/envs/airflow/lib/python3.7/site-packages/airflow/example_dags/example_latest_only_with_trigger.py
[2022-02-28 15:06:16,461] {processor.py:654} INFO - DAG(s) dict_keys(['latest_only_with_trigger']) retrieved from /opt/anaconda3/envs/airflow/lib/python3.7/site-packages/airflow/example_dags/example_latest_only_with_trigger.py
[2022-02-28 15:06:16,472] {logging_mixin.py:109} INFO - [2022-02-28 15:06:16,472] {dag.py:2398} INFO - Sync 1 DAGs
[2022-02-28 15:06:16,487] {logging_mixin.py:109} INFO - [2022-02-28 15:06:16,487] {dag.py:2937} INFO - Setting next_dagrun for latest_only_with_trigger to 2022-02-28T03:06:16.486704+00:00
[2022-02-28 15:06:16,497] {processor.py:171} INFO - Processing /opt/anaconda3/envs/airflow/lib/python3.7/site-packages/airflow/example_dags/example_latest_only_with_trigger.py took 0.081 seconds
[2022-02-28 15:06:57,212] {processor.py:163} INFO - Started process (PID=35129) to work on /opt/anaconda3/envs/airflow/lib/python3.7/site-packages/airflow/example_dags/example_latest_only_with_trigger.py
[2022-02-28 15:06:57,215] {processor.py:642} INFO - Processing file /opt/anaconda3/envs/airflow/lib/python3.7/site-packages/airflow/example_dags/example_latest_only_with_trigger.py for tasks to queue
[2022-02-28 15:06:57,216] {logging_mixin.py:109} INFO - [2022-02-28 15:06:57,216] {dagbag.py:500} INFO - Filling up the DagBag from /opt/anaconda3/envs/airflow/lib/python3.7/site-packages/airflow/example_dags/example_latest_only_with_trigger.py
[2022-02-28 15:06:57,249] {processor.py:654} INFO - DAG(s) dict_keys(['latest_only_with_trigger']) retrieved from /opt/anaconda3/envs/airflow/lib/python3.7/site-packages/airflow/example_dags/example_latest_only_with_trigger.py
[2022-02-28 15:06:57,260] {logging_mixin.py:109} INFO - [2022-02-28 15:06:57,260] {dag.py:2398} INFO - Sync 1 DAGs
[2022-02-28 15:06:57,274] {logging_mixin.py:109} INFO - [2022-02-28 15:06:57,274] {dag.py:2937} INFO - Setting next_dagrun for latest_only_with_trigger to 2022-02-28T03:06:57.273754+00:00
[2022-02-28 15:06:57,285] {processor.py:171} INFO - Processing /opt/anaconda3/envs/airflow/lib/python3.7/site-packages/airflow/example_dags/example_latest_only_with_trigger.py took 0.077 seconds
[2022-02-28 15:08:22,868] {processor.py:163} INFO - Started process (PID=35326) to work on /opt/anaconda3/envs/airflow/lib/python3.7/site-packages/airflow/example_dags/example_latest_only_with_trigger.py
[2022-02-28 15:08:22,871] {processor.py:642} INFO - Processing file /opt/anaconda3/envs/airflow/lib/python3.7/site-packages/airflow/example_dags/example_latest_only_with_trigger.py for tasks to queue
[2022-02-28 15:08:22,872] {logging_mixin.py:109} INFO - [2022-02-28 15:08:22,872] {dagbag.py:500} INFO - Filling up the DagBag from /opt/anaconda3/envs/airflow/lib/python3.7/site-packages/airflow/example_dags/example_latest_only_with_trigger.py
[2022-02-28 15:08:22,905] {processor.py:654} INFO - DAG(s) dict_keys(['latest_only_with_trigger']) retrieved from /opt/anaconda3/envs/airflow/lib/python3.7/site-packages/airflow/example_dags/example_latest_only_with_trigger.py
[2022-02-28 15:08:22,916] {logging_mixin.py:109} INFO - [2022-02-28 15:08:22,916] {dag.py:2398} INFO - Sync 1 DAGs
[2022-02-28 15:08:22,936] {logging_mixin.py:109} INFO - [2022-02-28 15:08:22,936] {dag.py:2937} INFO - Setting next_dagrun for latest_only_with_trigger to 2022-02-28T03:08:22.936115+00:00
[2022-02-28 15:08:22,947] {processor.py:171} INFO - Processing /opt/anaconda3/envs/airflow/lib/python3.7/site-packages/airflow/example_dags/example_latest_only_with_trigger.py took 0.083 seconds
[2022-02-28 15:10:10,146] {processor.py:163} INFO - Started process (PID=35575) to work on /opt/anaconda3/envs/airflow/lib/python3.7/site-packages/airflow/example_dags/example_latest_only_with_trigger.py
[2022-02-28 15:10:10,148] {processor.py:642} INFO - Processing file /opt/anaconda3/envs/airflow/lib/python3.7/site-packages/airflow/example_dags/example_latest_only_with_trigger.py for tasks to queue
[2022-02-28 15:10:10,150] {logging_mixin.py:109} INFO - [2022-02-28 15:10:10,149] {dagbag.py:500} INFO - Filling up the DagBag from /opt/anaconda3/envs/airflow/lib/python3.7/site-packages/airflow/example_dags/example_latest_only_with_trigger.py
[2022-02-28 15:10:10,180] {processor.py:654} INFO - DAG(s) dict_keys(['latest_only_with_trigger']) retrieved from /opt/anaconda3/envs/airflow/lib/python3.7/site-packages/airflow/example_dags/example_latest_only_with_trigger.py
[2022-02-28 15:10:10,191] {logging_mixin.py:109} INFO - [2022-02-28 15:10:10,191] {dag.py:2398} INFO - Sync 1 DAGs
[2022-02-28 15:10:10,205] {logging_mixin.py:109} INFO - [2022-02-28 15:10:10,205] {dag.py:2937} INFO - Setting next_dagrun for latest_only_with_trigger to 2022-02-28T03:10:10.204979+00:00
[2022-02-28 15:10:10,215] {processor.py:171} INFO - Processing /opt/anaconda3/envs/airflow/lib/python3.7/site-packages/airflow/example_dags/example_latest_only_with_trigger.py took 0.073 seconds
[2022-02-28 15:16:13,787] {processor.py:163} INFO - Started process (PID=36093) to work on /opt/anaconda3/envs/airflow/lib/python3.7/site-packages/airflow/example_dags/example_latest_only_with_trigger.py
[2022-02-28 15:16:13,791] {processor.py:642} INFO - Processing file /opt/anaconda3/envs/airflow/lib/python3.7/site-packages/airflow/example_dags/example_latest_only_with_trigger.py for tasks to queue
[2022-02-28 15:16:13,792] {logging_mixin.py:109} INFO - [2022-02-28 15:16:13,792] {dagbag.py:500} INFO - Filling up the DagBag from /opt/anaconda3/envs/airflow/lib/python3.7/site-packages/airflow/example_dags/example_latest_only_with_trigger.py
[2022-02-28 15:16:13,826] {processor.py:654} INFO - DAG(s) dict_keys(['latest_only_with_trigger']) retrieved from /opt/anaconda3/envs/airflow/lib/python3.7/site-packages/airflow/example_dags/example_latest_only_with_trigger.py
[2022-02-28 15:16:13,836] {logging_mixin.py:109} INFO - [2022-02-28 15:16:13,836] {dag.py:2398} INFO - Sync 1 DAGs
[2022-02-28 15:16:13,850] {logging_mixin.py:109} INFO - [2022-02-28 15:16:13,849] {dag.py:2937} INFO - Setting next_dagrun for latest_only_with_trigger to 2022-02-28T03:16:13.849360+00:00
[2022-02-28 15:16:13,860] {processor.py:171} INFO - Processing /opt/anaconda3/envs/airflow/lib/python3.7/site-packages/airflow/example_dags/example_latest_only_with_trigger.py took 0.077 seconds
[2022-02-28 15:19:21,614] {processor.py:163} INFO - Started process (PID=36322) to work on /opt/anaconda3/envs/airflow/lib/python3.7/site-packages/airflow/example_dags/example_latest_only_with_trigger.py
[2022-02-28 15:19:21,617] {processor.py:642} INFO - Processing file /opt/anaconda3/envs/airflow/lib/python3.7/site-packages/airflow/example_dags/example_latest_only_with_trigger.py for tasks to queue
[2022-02-28 15:19:21,618] {logging_mixin.py:109} INFO - [2022-02-28 15:19:21,618] {dagbag.py:500} INFO - Filling up the DagBag from /opt/anaconda3/envs/airflow/lib/python3.7/site-packages/airflow/example_dags/example_latest_only_with_trigger.py
[2022-02-28 15:19:21,667] {processor.py:654} INFO - DAG(s) dict_keys(['latest_only_with_trigger']) retrieved from /opt/anaconda3/envs/airflow/lib/python3.7/site-packages/airflow/example_dags/example_latest_only_with_trigger.py
[2022-02-28 15:19:21,683] {logging_mixin.py:109} INFO - [2022-02-28 15:19:21,683] {dag.py:2398} INFO - Sync 1 DAGs
[2022-02-28 15:19:21,698] {logging_mixin.py:109} INFO - [2022-02-28 15:19:21,698] {dag.py:2937} INFO - Setting next_dagrun for latest_only_with_trigger to 2022-02-28T03:19:21.697832+00:00
[2022-02-28 15:19:21,709] {processor.py:171} INFO - Processing /opt/anaconda3/envs/airflow/lib/python3.7/site-packages/airflow/example_dags/example_latest_only_with_trigger.py took 0.104 seconds
[2022-02-28 15:20:00,645] {processor.py:163} INFO - Started process (PID=36398) to work on /opt/anaconda3/envs/airflow/lib/python3.7/site-packages/airflow/example_dags/example_latest_only_with_trigger.py
[2022-02-28 15:20:00,647] {processor.py:642} INFO - Processing file /opt/anaconda3/envs/airflow/lib/python3.7/site-packages/airflow/example_dags/example_latest_only_with_trigger.py for tasks to queue
[2022-02-28 15:20:00,648] {logging_mixin.py:109} INFO - [2022-02-28 15:20:00,648] {dagbag.py:500} INFO - Filling up the DagBag from /opt/anaconda3/envs/airflow/lib/python3.7/site-packages/airflow/example_dags/example_latest_only_with_trigger.py
[2022-02-28 15:20:00,707] {processor.py:654} INFO - DAG(s) dict_keys(['latest_only_with_trigger']) retrieved from /opt/anaconda3/envs/airflow/lib/python3.7/site-packages/airflow/example_dags/example_latest_only_with_trigger.py
[2022-02-28 15:20:00,726] {logging_mixin.py:109} INFO - [2022-02-28 15:20:00,725] {dag.py:2398} INFO - Sync 1 DAGs
[2022-02-28 15:20:00,755] {logging_mixin.py:109} INFO - [2022-02-28 15:20:00,754] {dag.py:2937} INFO - Setting next_dagrun for latest_only_with_trigger to 2022-02-28T03:20:00.754068+00:00
[2022-02-28 15:20:00,769] {processor.py:171} INFO - Processing /opt/anaconda3/envs/airflow/lib/python3.7/site-packages/airflow/example_dags/example_latest_only_with_trigger.py took 0.129 seconds
[2022-02-28 15:20:40,929] {processor.py:163} INFO - Started process (PID=36503) to work on /opt/anaconda3/envs/airflow/lib/python3.7/site-packages/airflow/example_dags/example_latest_only_with_trigger.py
[2022-02-28 15:20:40,935] {processor.py:642} INFO - Processing file /opt/anaconda3/envs/airflow/lib/python3.7/site-packages/airflow/example_dags/example_latest_only_with_trigger.py for tasks to queue
[2022-02-28 15:20:40,944] {logging_mixin.py:109} INFO - [2022-02-28 15:20:40,941] {dagbag.py:500} INFO - Filling up the DagBag from /opt/anaconda3/envs/airflow/lib/python3.7/site-packages/airflow/example_dags/example_latest_only_with_trigger.py
[2022-02-28 15:20:41,011] {processor.py:654} INFO - DAG(s) dict_keys(['latest_only_with_trigger']) retrieved from /opt/anaconda3/envs/airflow/lib/python3.7/site-packages/airflow/example_dags/example_latest_only_with_trigger.py
[2022-02-28 15:20:41,039] {logging_mixin.py:109} INFO - [2022-02-28 15:20:41,039] {dag.py:2398} INFO - Sync 1 DAGs
[2022-02-28 15:20:41,089] {logging_mixin.py:109} INFO - [2022-02-28 15:20:41,087] {dag.py:2937} INFO - Setting next_dagrun for latest_only_with_trigger to 2022-02-28T03:20:41.084780+00:00
[2022-02-28 15:20:41,130] {processor.py:171} INFO - Processing /opt/anaconda3/envs/airflow/lib/python3.7/site-packages/airflow/example_dags/example_latest_only_with_trigger.py took 0.210 seconds
[2022-02-28 15:21:28,459] {processor.py:163} INFO - Started process (PID=36550) to work on /opt/anaconda3/envs/airflow/lib/python3.7/site-packages/airflow/example_dags/example_latest_only_with_trigger.py
[2022-02-28 15:21:28,462] {processor.py:642} INFO - Processing file /opt/anaconda3/envs/airflow/lib/python3.7/site-packages/airflow/example_dags/example_latest_only_with_trigger.py for tasks to queue
[2022-02-28 15:21:28,463] {logging_mixin.py:109} INFO - [2022-02-28 15:21:28,463] {dagbag.py:500} INFO - Filling up the DagBag from /opt/anaconda3/envs/airflow/lib/python3.7/site-packages/airflow/example_dags/example_latest_only_with_trigger.py
[2022-02-28 15:21:28,499] {processor.py:654} INFO - DAG(s) dict_keys(['latest_only_with_trigger']) retrieved from /opt/anaconda3/envs/airflow/lib/python3.7/site-packages/airflow/example_dags/example_latest_only_with_trigger.py
[2022-02-28 15:21:28,510] {logging_mixin.py:109} INFO - [2022-02-28 15:21:28,509] {dag.py:2398} INFO - Sync 1 DAGs
[2022-02-28 15:21:28,524] {logging_mixin.py:109} INFO - [2022-02-28 15:21:28,524] {dag.py:2937} INFO - Setting next_dagrun for latest_only_with_trigger to 2022-02-28T03:21:28.524150+00:00
[2022-02-28 15:21:28,535] {processor.py:171} INFO - Processing /opt/anaconda3/envs/airflow/lib/python3.7/site-packages/airflow/example_dags/example_latest_only_with_trigger.py took 0.079 seconds
[2022-02-28 15:22:08,780] {processor.py:163} INFO - Started process (PID=36586) to work on /opt/anaconda3/envs/airflow/lib/python3.7/site-packages/airflow/example_dags/example_latest_only_with_trigger.py
[2022-02-28 15:22:08,782] {processor.py:642} INFO - Processing file /opt/anaconda3/envs/airflow/lib/python3.7/site-packages/airflow/example_dags/example_latest_only_with_trigger.py for tasks to queue
[2022-02-28 15:22:08,783] {logging_mixin.py:109} INFO - [2022-02-28 15:22:08,783] {dagbag.py:500} INFO - Filling up the DagBag from /opt/anaconda3/envs/airflow/lib/python3.7/site-packages/airflow/example_dags/example_latest_only_with_trigger.py
[2022-02-28 15:22:08,818] {processor.py:654} INFO - DAG(s) dict_keys(['latest_only_with_trigger']) retrieved from /opt/anaconda3/envs/airflow/lib/python3.7/site-packages/airflow/example_dags/example_latest_only_with_trigger.py
[2022-02-28 15:22:08,830] {logging_mixin.py:109} INFO - [2022-02-28 15:22:08,830] {dag.py:2398} INFO - Sync 1 DAGs
[2022-02-28 15:22:08,846] {logging_mixin.py:109} INFO - [2022-02-28 15:22:08,845] {dag.py:2937} INFO - Setting next_dagrun for latest_only_with_trigger to 2022-02-28T03:22:08.845311+00:00
[2022-02-28 15:22:08,857] {processor.py:171} INFO - Processing /opt/anaconda3/envs/airflow/lib/python3.7/site-packages/airflow/example_dags/example_latest_only_with_trigger.py took 0.081 seconds
[2022-02-28 15:22:48,660] {processor.py:163} INFO - Started process (PID=36623) to work on /opt/anaconda3/envs/airflow/lib/python3.7/site-packages/airflow/example_dags/example_latest_only_with_trigger.py
[2022-02-28 15:22:48,662] {processor.py:642} INFO - Processing file /opt/anaconda3/envs/airflow/lib/python3.7/site-packages/airflow/example_dags/example_latest_only_with_trigger.py for tasks to queue
[2022-02-28 15:22:48,664] {logging_mixin.py:109} INFO - [2022-02-28 15:22:48,664] {dagbag.py:500} INFO - Filling up the DagBag from /opt/anaconda3/envs/airflow/lib/python3.7/site-packages/airflow/example_dags/example_latest_only_with_trigger.py
[2022-02-28 15:22:48,697] {processor.py:654} INFO - DAG(s) dict_keys(['latest_only_with_trigger']) retrieved from /opt/anaconda3/envs/airflow/lib/python3.7/site-packages/airflow/example_dags/example_latest_only_with_trigger.py
[2022-02-28 15:22:48,709] {logging_mixin.py:109} INFO - [2022-02-28 15:22:48,709] {dag.py:2398} INFO - Sync 1 DAGs
[2022-02-28 15:22:48,728] {logging_mixin.py:109} INFO - [2022-02-28 15:22:48,728] {dag.py:2937} INFO - Setting next_dagrun for latest_only_with_trigger to 2022-02-28T03:22:48.728168+00:00
[2022-02-28 15:22:48,742] {processor.py:171} INFO - Processing /opt/anaconda3/envs/airflow/lib/python3.7/site-packages/airflow/example_dags/example_latest_only_with_trigger.py took 0.088 seconds
