[2022-02-28 14:25:41,194] {processor.py:163} INFO - Started process (PID=31701) to work on /opt/anaconda3/envs/airflow/lib/python3.7/site-packages/airflow/example_dags/example_python_operator.py
[2022-02-28 14:25:41,195] {processor.py:642} INFO - Processing file /opt/anaconda3/envs/airflow/lib/python3.7/site-packages/airflow/example_dags/example_python_operator.py for tasks to queue
[2022-02-28 14:25:41,196] {logging_mixin.py:109} INFO - [2022-02-28 14:25:41,196] {dagbag.py:500} INFO - Filling up the DagBag from /opt/anaconda3/envs/airflow/lib/python3.7/site-packages/airflow/example_dags/example_python_operator.py
[2022-02-28 14:25:41,210] {logging_mixin.py:109} INFO - [2022-02-28 14:25:41,210] {example_python_operator.py:68} WARNING - The virtalenv_python example task requires virtualenv, please install it.
[2022-02-28 14:25:41,233] {processor.py:654} INFO - DAG(s) dict_keys(['example_python_operator']) retrieved from /opt/anaconda3/envs/airflow/lib/python3.7/site-packages/airflow/example_dags/example_python_operator.py
[2022-02-28 14:25:41,246] {logging_mixin.py:109} INFO - [2022-02-28 14:25:41,245] {dag.py:2398} INFO - Sync 1 DAGs
[2022-02-28 14:25:41,260] {logging_mixin.py:109} INFO - [2022-02-28 14:25:41,260] {dag.py:2937} INFO - Setting next_dagrun for example_python_operator to None
[2022-02-28 14:25:41,270] {processor.py:171} INFO - Processing /opt/anaconda3/envs/airflow/lib/python3.7/site-packages/airflow/example_dags/example_python_operator.py took 0.080 seconds
[2022-02-28 14:26:19,581] {processor.py:163} INFO - Started process (PID=31753) to work on /opt/anaconda3/envs/airflow/lib/python3.7/site-packages/airflow/example_dags/example_python_operator.py
[2022-02-28 14:26:19,583] {processor.py:642} INFO - Processing file /opt/anaconda3/envs/airflow/lib/python3.7/site-packages/airflow/example_dags/example_python_operator.py for tasks to queue
[2022-02-28 14:26:19,585] {logging_mixin.py:109} INFO - [2022-02-28 14:26:19,585] {dagbag.py:500} INFO - Filling up the DagBag from /opt/anaconda3/envs/airflow/lib/python3.7/site-packages/airflow/example_dags/example_python_operator.py
[2022-02-28 14:26:19,602] {logging_mixin.py:109} INFO - [2022-02-28 14:26:19,602] {example_python_operator.py:68} WARNING - The virtalenv_python example task requires virtualenv, please install it.
[2022-02-28 14:26:19,624] {processor.py:654} INFO - DAG(s) dict_keys(['example_python_operator']) retrieved from /opt/anaconda3/envs/airflow/lib/python3.7/site-packages/airflow/example_dags/example_python_operator.py
[2022-02-28 14:26:19,635] {logging_mixin.py:109} INFO - [2022-02-28 14:26:19,635] {dag.py:2398} INFO - Sync 1 DAGs
[2022-02-28 14:26:19,649] {logging_mixin.py:109} INFO - [2022-02-28 14:26:19,649] {dag.py:2937} INFO - Setting next_dagrun for example_python_operator to None
[2022-02-28 14:26:19,658] {processor.py:171} INFO - Processing /opt/anaconda3/envs/airflow/lib/python3.7/site-packages/airflow/example_dags/example_python_operator.py took 0.082 seconds
[2022-02-28 14:27:01,713] {processor.py:163} INFO - Started process (PID=31805) to work on /opt/anaconda3/envs/airflow/lib/python3.7/site-packages/airflow/example_dags/example_python_operator.py
[2022-02-28 14:27:01,716] {processor.py:642} INFO - Processing file /opt/anaconda3/envs/airflow/lib/python3.7/site-packages/airflow/example_dags/example_python_operator.py for tasks to queue
[2022-02-28 14:27:01,717] {logging_mixin.py:109} INFO - [2022-02-28 14:27:01,717] {dagbag.py:500} INFO - Filling up the DagBag from /opt/anaconda3/envs/airflow/lib/python3.7/site-packages/airflow/example_dags/example_python_operator.py
[2022-02-28 14:27:01,739] {logging_mixin.py:109} INFO - [2022-02-28 14:27:01,739] {example_python_operator.py:68} WARNING - The virtalenv_python example task requires virtualenv, please install it.
[2022-02-28 14:27:01,759] {processor.py:654} INFO - DAG(s) dict_keys(['example_python_operator']) retrieved from /opt/anaconda3/envs/airflow/lib/python3.7/site-packages/airflow/example_dags/example_python_operator.py
[2022-02-28 14:27:01,770] {logging_mixin.py:109} INFO - [2022-02-28 14:27:01,770] {dag.py:2398} INFO - Sync 1 DAGs
[2022-02-28 14:27:01,783] {logging_mixin.py:109} INFO - [2022-02-28 14:27:01,783] {dag.py:2937} INFO - Setting next_dagrun for example_python_operator to None
[2022-02-28 14:27:01,794] {processor.py:171} INFO - Processing /opt/anaconda3/envs/airflow/lib/python3.7/site-packages/airflow/example_dags/example_python_operator.py took 0.084 seconds
[2022-02-28 14:27:44,609] {processor.py:163} INFO - Started process (PID=31859) to work on /opt/anaconda3/envs/airflow/lib/python3.7/site-packages/airflow/example_dags/example_python_operator.py
[2022-02-28 14:27:44,612] {processor.py:642} INFO - Processing file /opt/anaconda3/envs/airflow/lib/python3.7/site-packages/airflow/example_dags/example_python_operator.py for tasks to queue
[2022-02-28 14:27:44,613] {logging_mixin.py:109} INFO - [2022-02-28 14:27:44,613] {dagbag.py:500} INFO - Filling up the DagBag from /opt/anaconda3/envs/airflow/lib/python3.7/site-packages/airflow/example_dags/example_python_operator.py
[2022-02-28 14:27:44,637] {logging_mixin.py:109} INFO - [2022-02-28 14:27:44,636] {example_python_operator.py:68} WARNING - The virtalenv_python example task requires virtualenv, please install it.
[2022-02-28 14:27:44,692] {processor.py:654} INFO - DAG(s) dict_keys(['example_python_operator']) retrieved from /opt/anaconda3/envs/airflow/lib/python3.7/site-packages/airflow/example_dags/example_python_operator.py
[2022-02-28 14:27:44,734] {logging_mixin.py:109} INFO - [2022-02-28 14:27:44,734] {dag.py:2398} INFO - Sync 1 DAGs
[2022-02-28 14:27:44,799] {logging_mixin.py:109} INFO - [2022-02-28 14:27:44,799] {dag.py:2937} INFO - Setting next_dagrun for example_python_operator to None
[2022-02-28 14:27:44,851] {processor.py:171} INFO - Processing /opt/anaconda3/envs/airflow/lib/python3.7/site-packages/airflow/example_dags/example_python_operator.py took 0.250 seconds
[2022-02-28 14:29:04,946] {processor.py:163} INFO - Started process (PID=32036) to work on /opt/anaconda3/envs/airflow/lib/python3.7/site-packages/airflow/example_dags/example_python_operator.py
[2022-02-28 14:29:04,949] {processor.py:642} INFO - Processing file /opt/anaconda3/envs/airflow/lib/python3.7/site-packages/airflow/example_dags/example_python_operator.py for tasks to queue
[2022-02-28 14:29:04,951] {logging_mixin.py:109} INFO - [2022-02-28 14:29:04,950] {dagbag.py:500} INFO - Filling up the DagBag from /opt/anaconda3/envs/airflow/lib/python3.7/site-packages/airflow/example_dags/example_python_operator.py
[2022-02-28 14:29:04,978] {logging_mixin.py:109} INFO - [2022-02-28 14:29:04,977] {example_python_operator.py:68} WARNING - The virtalenv_python example task requires virtualenv, please install it.
[2022-02-28 14:29:05,027] {processor.py:654} INFO - DAG(s) dict_keys(['example_python_operator']) retrieved from /opt/anaconda3/envs/airflow/lib/python3.7/site-packages/airflow/example_dags/example_python_operator.py
[2022-02-28 14:29:05,046] {logging_mixin.py:109} INFO - [2022-02-28 14:29:05,045] {dag.py:2398} INFO - Sync 1 DAGs
[2022-02-28 14:29:05,063] {logging_mixin.py:109} INFO - [2022-02-28 14:29:05,063] {dag.py:2937} INFO - Setting next_dagrun for example_python_operator to None
[2022-02-28 14:29:05,074] {processor.py:171} INFO - Processing /opt/anaconda3/envs/airflow/lib/python3.7/site-packages/airflow/example_dags/example_python_operator.py took 0.137 seconds
[2022-02-28 14:29:49,219] {processor.py:163} INFO - Started process (PID=32096) to work on /opt/anaconda3/envs/airflow/lib/python3.7/site-packages/airflow/example_dags/example_python_operator.py
[2022-02-28 14:29:49,221] {processor.py:642} INFO - Processing file /opt/anaconda3/envs/airflow/lib/python3.7/site-packages/airflow/example_dags/example_python_operator.py for tasks to queue
[2022-02-28 14:29:49,223] {logging_mixin.py:109} INFO - [2022-02-28 14:29:49,222] {dagbag.py:500} INFO - Filling up the DagBag from /opt/anaconda3/envs/airflow/lib/python3.7/site-packages/airflow/example_dags/example_python_operator.py
[2022-02-28 14:29:49,246] {logging_mixin.py:109} INFO - [2022-02-28 14:29:49,246] {example_python_operator.py:68} WARNING - The virtalenv_python example task requires virtualenv, please install it.
[2022-02-28 14:29:49,266] {processor.py:654} INFO - DAG(s) dict_keys(['example_python_operator']) retrieved from /opt/anaconda3/envs/airflow/lib/python3.7/site-packages/airflow/example_dags/example_python_operator.py
[2022-02-28 14:29:49,283] {logging_mixin.py:109} INFO - [2022-02-28 14:29:49,282] {dag.py:2398} INFO - Sync 1 DAGs
[2022-02-28 14:29:49,301] {logging_mixin.py:109} INFO - [2022-02-28 14:29:49,300] {dag.py:2937} INFO - Setting next_dagrun for example_python_operator to None
[2022-02-28 14:29:49,311] {processor.py:171} INFO - Processing /opt/anaconda3/envs/airflow/lib/python3.7/site-packages/airflow/example_dags/example_python_operator.py took 0.096 seconds
[2022-02-28 14:30:33,683] {processor.py:163} INFO - Started process (PID=32152) to work on /opt/anaconda3/envs/airflow/lib/python3.7/site-packages/airflow/example_dags/example_python_operator.py
[2022-02-28 14:30:33,686] {processor.py:642} INFO - Processing file /opt/anaconda3/envs/airflow/lib/python3.7/site-packages/airflow/example_dags/example_python_operator.py for tasks to queue
[2022-02-28 14:30:33,687] {logging_mixin.py:109} INFO - [2022-02-28 14:30:33,687] {dagbag.py:500} INFO - Filling up the DagBag from /opt/anaconda3/envs/airflow/lib/python3.7/site-packages/airflow/example_dags/example_python_operator.py
[2022-02-28 14:30:33,707] {logging_mixin.py:109} INFO - [2022-02-28 14:30:33,707] {example_python_operator.py:68} WARNING - The virtalenv_python example task requires virtualenv, please install it.
[2022-02-28 14:30:33,727] {processor.py:654} INFO - DAG(s) dict_keys(['example_python_operator']) retrieved from /opt/anaconda3/envs/airflow/lib/python3.7/site-packages/airflow/example_dags/example_python_operator.py
[2022-02-28 14:30:33,739] {logging_mixin.py:109} INFO - [2022-02-28 14:30:33,739] {dag.py:2398} INFO - Sync 1 DAGs
[2022-02-28 14:30:33,753] {logging_mixin.py:109} INFO - [2022-02-28 14:30:33,753] {dag.py:2937} INFO - Setting next_dagrun for example_python_operator to None
[2022-02-28 14:30:33,763] {processor.py:171} INFO - Processing /opt/anaconda3/envs/airflow/lib/python3.7/site-packages/airflow/example_dags/example_python_operator.py took 0.084 seconds
[2022-02-28 14:31:14,315] {processor.py:163} INFO - Started process (PID=32202) to work on /opt/anaconda3/envs/airflow/lib/python3.7/site-packages/airflow/example_dags/example_python_operator.py
[2022-02-28 14:31:14,318] {processor.py:642} INFO - Processing file /opt/anaconda3/envs/airflow/lib/python3.7/site-packages/airflow/example_dags/example_python_operator.py for tasks to queue
[2022-02-28 14:31:14,319] {logging_mixin.py:109} INFO - [2022-02-28 14:31:14,319] {dagbag.py:500} INFO - Filling up the DagBag from /opt/anaconda3/envs/airflow/lib/python3.7/site-packages/airflow/example_dags/example_python_operator.py
[2022-02-28 14:31:14,339] {logging_mixin.py:109} INFO - [2022-02-28 14:31:14,339] {example_python_operator.py:68} WARNING - The virtalenv_python example task requires virtualenv, please install it.
[2022-02-28 14:31:14,359] {processor.py:654} INFO - DAG(s) dict_keys(['example_python_operator']) retrieved from /opt/anaconda3/envs/airflow/lib/python3.7/site-packages/airflow/example_dags/example_python_operator.py
[2022-02-28 14:31:14,370] {logging_mixin.py:109} INFO - [2022-02-28 14:31:14,370] {dag.py:2398} INFO - Sync 1 DAGs
[2022-02-28 14:31:14,384] {logging_mixin.py:109} INFO - [2022-02-28 14:31:14,383] {dag.py:2937} INFO - Setting next_dagrun for example_python_operator to None
[2022-02-28 14:31:14,392] {processor.py:171} INFO - Processing /opt/anaconda3/envs/airflow/lib/python3.7/site-packages/airflow/example_dags/example_python_operator.py took 0.081 seconds
[2022-02-28 14:33:09,932] {processor.py:163} INFO - Started process (PID=32330) to work on /opt/anaconda3/envs/airflow/lib/python3.7/site-packages/airflow/example_dags/example_python_operator.py
[2022-02-28 14:33:09,934] {processor.py:642} INFO - Processing file /opt/anaconda3/envs/airflow/lib/python3.7/site-packages/airflow/example_dags/example_python_operator.py for tasks to queue
[2022-02-28 14:33:09,936] {logging_mixin.py:109} INFO - [2022-02-28 14:33:09,935] {dagbag.py:500} INFO - Filling up the DagBag from /opt/anaconda3/envs/airflow/lib/python3.7/site-packages/airflow/example_dags/example_python_operator.py
[2022-02-28 14:33:09,951] {logging_mixin.py:109} INFO - [2022-02-28 14:33:09,951] {example_python_operator.py:68} WARNING - The virtalenv_python example task requires virtualenv, please install it.
[2022-02-28 14:33:09,978] {processor.py:654} INFO - DAG(s) dict_keys(['example_python_operator']) retrieved from /opt/anaconda3/envs/airflow/lib/python3.7/site-packages/airflow/example_dags/example_python_operator.py
[2022-02-28 14:33:09,990] {logging_mixin.py:109} INFO - [2022-02-28 14:33:09,989] {dag.py:2398} INFO - Sync 1 DAGs
[2022-02-28 14:33:10,003] {logging_mixin.py:109} INFO - [2022-02-28 14:33:10,002] {dag.py:2937} INFO - Setting next_dagrun for example_python_operator to None
[2022-02-28 14:33:10,014] {processor.py:171} INFO - Processing /opt/anaconda3/envs/airflow/lib/python3.7/site-packages/airflow/example_dags/example_python_operator.py took 0.085 seconds
[2022-02-28 14:33:53,638] {processor.py:163} INFO - Started process (PID=32406) to work on /opt/anaconda3/envs/airflow/lib/python3.7/site-packages/airflow/example_dags/example_python_operator.py
[2022-02-28 14:33:53,639] {processor.py:642} INFO - Processing file /opt/anaconda3/envs/airflow/lib/python3.7/site-packages/airflow/example_dags/example_python_operator.py for tasks to queue
[2022-02-28 14:33:53,641] {logging_mixin.py:109} INFO - [2022-02-28 14:33:53,640] {dagbag.py:500} INFO - Filling up the DagBag from /opt/anaconda3/envs/airflow/lib/python3.7/site-packages/airflow/example_dags/example_python_operator.py
[2022-02-28 14:33:53,659] {logging_mixin.py:109} INFO - [2022-02-28 14:33:53,659] {example_python_operator.py:68} WARNING - The virtalenv_python example task requires virtualenv, please install it.
[2022-02-28 14:33:53,686] {processor.py:654} INFO - DAG(s) dict_keys(['example_python_operator']) retrieved from /opt/anaconda3/envs/airflow/lib/python3.7/site-packages/airflow/example_dags/example_python_operator.py
[2022-02-28 14:33:53,703] {logging_mixin.py:109} INFO - [2022-02-28 14:33:53,701] {dag.py:2398} INFO - Sync 1 DAGs
[2022-02-28 14:33:53,727] {logging_mixin.py:109} INFO - [2022-02-28 14:33:53,727] {dag.py:2937} INFO - Setting next_dagrun for example_python_operator to None
[2022-02-28 14:33:53,743] {processor.py:171} INFO - Processing /opt/anaconda3/envs/airflow/lib/python3.7/site-packages/airflow/example_dags/example_python_operator.py took 0.109 seconds
[2022-02-28 14:34:35,209] {processor.py:163} INFO - Started process (PID=32467) to work on /opt/anaconda3/envs/airflow/lib/python3.7/site-packages/airflow/example_dags/example_python_operator.py
[2022-02-28 14:34:35,211] {processor.py:642} INFO - Processing file /opt/anaconda3/envs/airflow/lib/python3.7/site-packages/airflow/example_dags/example_python_operator.py for tasks to queue
[2022-02-28 14:34:35,213] {logging_mixin.py:109} INFO - [2022-02-28 14:34:35,213] {dagbag.py:500} INFO - Filling up the DagBag from /opt/anaconda3/envs/airflow/lib/python3.7/site-packages/airflow/example_dags/example_python_operator.py
[2022-02-28 14:34:35,240] {logging_mixin.py:109} INFO - [2022-02-28 14:34:35,239] {example_python_operator.py:68} WARNING - The virtalenv_python example task requires virtualenv, please install it.
[2022-02-28 14:34:35,261] {processor.py:654} INFO - DAG(s) dict_keys(['example_python_operator']) retrieved from /opt/anaconda3/envs/airflow/lib/python3.7/site-packages/airflow/example_dags/example_python_operator.py
[2022-02-28 14:34:35,273] {logging_mixin.py:109} INFO - [2022-02-28 14:34:35,273] {dag.py:2398} INFO - Sync 1 DAGs
[2022-02-28 14:34:35,287] {logging_mixin.py:109} INFO - [2022-02-28 14:34:35,287] {dag.py:2937} INFO - Setting next_dagrun for example_python_operator to None
[2022-02-28 14:34:35,297] {processor.py:171} INFO - Processing /opt/anaconda3/envs/airflow/lib/python3.7/site-packages/airflow/example_dags/example_python_operator.py took 0.094 seconds
[2022-02-28 14:35:15,424] {processor.py:163} INFO - Started process (PID=32506) to work on /opt/anaconda3/envs/airflow/lib/python3.7/site-packages/airflow/example_dags/example_python_operator.py
[2022-02-28 14:35:15,426] {processor.py:642} INFO - Processing file /opt/anaconda3/envs/airflow/lib/python3.7/site-packages/airflow/example_dags/example_python_operator.py for tasks to queue
[2022-02-28 14:35:15,428] {logging_mixin.py:109} INFO - [2022-02-28 14:35:15,427] {dagbag.py:500} INFO - Filling up the DagBag from /opt/anaconda3/envs/airflow/lib/python3.7/site-packages/airflow/example_dags/example_python_operator.py
[2022-02-28 14:35:15,450] {logging_mixin.py:109} INFO - [2022-02-28 14:35:15,449] {example_python_operator.py:68} WARNING - The virtalenv_python example task requires virtualenv, please install it.
[2022-02-28 14:35:15,470] {processor.py:654} INFO - DAG(s) dict_keys(['example_python_operator']) retrieved from /opt/anaconda3/envs/airflow/lib/python3.7/site-packages/airflow/example_dags/example_python_operator.py
[2022-02-28 14:35:15,482] {logging_mixin.py:109} INFO - [2022-02-28 14:35:15,482] {dag.py:2398} INFO - Sync 1 DAGs
[2022-02-28 14:35:15,499] {logging_mixin.py:109} INFO - [2022-02-28 14:35:15,498] {dag.py:2937} INFO - Setting next_dagrun for example_python_operator to None
[2022-02-28 14:35:15,509] {processor.py:171} INFO - Processing /opt/anaconda3/envs/airflow/lib/python3.7/site-packages/airflow/example_dags/example_python_operator.py took 0.090 seconds
[2022-02-28 14:35:59,669] {processor.py:163} INFO - Started process (PID=32550) to work on /opt/anaconda3/envs/airflow/lib/python3.7/site-packages/airflow/example_dags/example_python_operator.py
[2022-02-28 14:35:59,672] {processor.py:642} INFO - Processing file /opt/anaconda3/envs/airflow/lib/python3.7/site-packages/airflow/example_dags/example_python_operator.py for tasks to queue
[2022-02-28 14:35:59,673] {logging_mixin.py:109} INFO - [2022-02-28 14:35:59,673] {dagbag.py:500} INFO - Filling up the DagBag from /opt/anaconda3/envs/airflow/lib/python3.7/site-packages/airflow/example_dags/example_python_operator.py
[2022-02-28 14:35:59,694] {logging_mixin.py:109} INFO - [2022-02-28 14:35:59,694] {example_python_operator.py:68} WARNING - The virtalenv_python example task requires virtualenv, please install it.
[2022-02-28 14:35:59,714] {processor.py:654} INFO - DAG(s) dict_keys(['example_python_operator']) retrieved from /opt/anaconda3/envs/airflow/lib/python3.7/site-packages/airflow/example_dags/example_python_operator.py
[2022-02-28 14:35:59,725] {logging_mixin.py:109} INFO - [2022-02-28 14:35:59,724] {dag.py:2398} INFO - Sync 1 DAGs
[2022-02-28 14:35:59,740] {logging_mixin.py:109} INFO - [2022-02-28 14:35:59,739] {dag.py:2937} INFO - Setting next_dagrun for example_python_operator to None
[2022-02-28 14:35:59,750] {processor.py:171} INFO - Processing /opt/anaconda3/envs/airflow/lib/python3.7/site-packages/airflow/example_dags/example_python_operator.py took 0.085 seconds
[2022-02-28 14:36:41,317] {processor.py:163} INFO - Started process (PID=32602) to work on /opt/anaconda3/envs/airflow/lib/python3.7/site-packages/airflow/example_dags/example_python_operator.py
[2022-02-28 14:36:41,319] {processor.py:642} INFO - Processing file /opt/anaconda3/envs/airflow/lib/python3.7/site-packages/airflow/example_dags/example_python_operator.py for tasks to queue
[2022-02-28 14:36:41,320] {logging_mixin.py:109} INFO - [2022-02-28 14:36:41,320] {dagbag.py:500} INFO - Filling up the DagBag from /opt/anaconda3/envs/airflow/lib/python3.7/site-packages/airflow/example_dags/example_python_operator.py
[2022-02-28 14:36:41,337] {logging_mixin.py:109} INFO - [2022-02-28 14:36:41,337] {example_python_operator.py:68} WARNING - The virtalenv_python example task requires virtualenv, please install it.
[2022-02-28 14:36:41,358] {processor.py:654} INFO - DAG(s) dict_keys(['example_python_operator']) retrieved from /opt/anaconda3/envs/airflow/lib/python3.7/site-packages/airflow/example_dags/example_python_operator.py
[2022-02-28 14:36:41,369] {logging_mixin.py:109} INFO - [2022-02-28 14:36:41,369] {dag.py:2398} INFO - Sync 1 DAGs
[2022-02-28 14:36:41,383] {logging_mixin.py:109} INFO - [2022-02-28 14:36:41,383] {dag.py:2937} INFO - Setting next_dagrun for example_python_operator to None
[2022-02-28 14:36:41,392] {processor.py:171} INFO - Processing /opt/anaconda3/envs/airflow/lib/python3.7/site-packages/airflow/example_dags/example_python_operator.py took 0.079 seconds
[2022-02-28 14:37:20,286] {processor.py:163} INFO - Started process (PID=32637) to work on /opt/anaconda3/envs/airflow/lib/python3.7/site-packages/airflow/example_dags/example_python_operator.py
[2022-02-28 14:37:20,289] {processor.py:642} INFO - Processing file /opt/anaconda3/envs/airflow/lib/python3.7/site-packages/airflow/example_dags/example_python_operator.py for tasks to queue
[2022-02-28 14:37:20,290] {logging_mixin.py:109} INFO - [2022-02-28 14:37:20,290] {dagbag.py:500} INFO - Filling up the DagBag from /opt/anaconda3/envs/airflow/lib/python3.7/site-packages/airflow/example_dags/example_python_operator.py
[2022-02-28 14:37:20,307] {logging_mixin.py:109} INFO - [2022-02-28 14:37:20,307] {example_python_operator.py:68} WARNING - The virtalenv_python example task requires virtualenv, please install it.
[2022-02-28 14:37:20,327] {processor.py:654} INFO - DAG(s) dict_keys(['example_python_operator']) retrieved from /opt/anaconda3/envs/airflow/lib/python3.7/site-packages/airflow/example_dags/example_python_operator.py
[2022-02-28 14:37:20,340] {logging_mixin.py:109} INFO - [2022-02-28 14:37:20,340] {dag.py:2398} INFO - Sync 1 DAGs
[2022-02-28 14:37:20,355] {logging_mixin.py:109} INFO - [2022-02-28 14:37:20,354] {dag.py:2937} INFO - Setting next_dagrun for example_python_operator to None
[2022-02-28 14:37:20,365] {processor.py:171} INFO - Processing /opt/anaconda3/envs/airflow/lib/python3.7/site-packages/airflow/example_dags/example_python_operator.py took 0.083 seconds
[2022-02-28 14:37:56,459] {processor.py:163} INFO - Started process (PID=32671) to work on /opt/anaconda3/envs/airflow/lib/python3.7/site-packages/airflow/example_dags/example_python_operator.py
[2022-02-28 14:37:56,461] {processor.py:642} INFO - Processing file /opt/anaconda3/envs/airflow/lib/python3.7/site-packages/airflow/example_dags/example_python_operator.py for tasks to queue
[2022-02-28 14:37:56,463] {logging_mixin.py:109} INFO - [2022-02-28 14:37:56,462] {dagbag.py:500} INFO - Filling up the DagBag from /opt/anaconda3/envs/airflow/lib/python3.7/site-packages/airflow/example_dags/example_python_operator.py
[2022-02-28 14:37:56,480] {logging_mixin.py:109} INFO - [2022-02-28 14:37:56,480] {example_python_operator.py:68} WARNING - The virtalenv_python example task requires virtualenv, please install it.
[2022-02-28 14:37:56,499] {processor.py:654} INFO - DAG(s) dict_keys(['example_python_operator']) retrieved from /opt/anaconda3/envs/airflow/lib/python3.7/site-packages/airflow/example_dags/example_python_operator.py
[2022-02-28 14:37:56,510] {logging_mixin.py:109} INFO - [2022-02-28 14:37:56,510] {dag.py:2398} INFO - Sync 1 DAGs
[2022-02-28 14:37:56,525] {logging_mixin.py:109} INFO - [2022-02-28 14:37:56,524] {dag.py:2937} INFO - Setting next_dagrun for example_python_operator to None
[2022-02-28 14:37:56,537] {processor.py:171} INFO - Processing /opt/anaconda3/envs/airflow/lib/python3.7/site-packages/airflow/example_dags/example_python_operator.py took 0.082 seconds
[2022-02-28 14:38:36,306] {processor.py:163} INFO - Started process (PID=32709) to work on /opt/anaconda3/envs/airflow/lib/python3.7/site-packages/airflow/example_dags/example_python_operator.py
[2022-02-28 14:38:36,308] {processor.py:642} INFO - Processing file /opt/anaconda3/envs/airflow/lib/python3.7/site-packages/airflow/example_dags/example_python_operator.py for tasks to queue
[2022-02-28 14:38:36,309] {logging_mixin.py:109} INFO - [2022-02-28 14:38:36,309] {dagbag.py:500} INFO - Filling up the DagBag from /opt/anaconda3/envs/airflow/lib/python3.7/site-packages/airflow/example_dags/example_python_operator.py
[2022-02-28 14:38:36,326] {logging_mixin.py:109} INFO - [2022-02-28 14:38:36,325] {example_python_operator.py:68} WARNING - The virtalenv_python example task requires virtualenv, please install it.
[2022-02-28 14:38:36,344] {processor.py:654} INFO - DAG(s) dict_keys(['example_python_operator']) retrieved from /opt/anaconda3/envs/airflow/lib/python3.7/site-packages/airflow/example_dags/example_python_operator.py
[2022-02-28 14:38:36,356] {logging_mixin.py:109} INFO - [2022-02-28 14:38:36,356] {dag.py:2398} INFO - Sync 1 DAGs
[2022-02-28 14:38:36,370] {logging_mixin.py:109} INFO - [2022-02-28 14:38:36,370] {dag.py:2937} INFO - Setting next_dagrun for example_python_operator to None
[2022-02-28 14:38:36,382] {processor.py:171} INFO - Processing /opt/anaconda3/envs/airflow/lib/python3.7/site-packages/airflow/example_dags/example_python_operator.py took 0.080 seconds
[2022-02-28 14:39:19,158] {processor.py:163} INFO - Started process (PID=32752) to work on /opt/anaconda3/envs/airflow/lib/python3.7/site-packages/airflow/example_dags/example_python_operator.py
[2022-02-28 14:39:19,160] {processor.py:642} INFO - Processing file /opt/anaconda3/envs/airflow/lib/python3.7/site-packages/airflow/example_dags/example_python_operator.py for tasks to queue
[2022-02-28 14:39:19,161] {logging_mixin.py:109} INFO - [2022-02-28 14:39:19,161] {dagbag.py:500} INFO - Filling up the DagBag from /opt/anaconda3/envs/airflow/lib/python3.7/site-packages/airflow/example_dags/example_python_operator.py
[2022-02-28 14:39:19,182] {logging_mixin.py:109} INFO - [2022-02-28 14:39:19,182] {example_python_operator.py:68} WARNING - The virtalenv_python example task requires virtualenv, please install it.
[2022-02-28 14:39:19,210] {processor.py:654} INFO - DAG(s) dict_keys(['example_python_operator']) retrieved from /opt/anaconda3/envs/airflow/lib/python3.7/site-packages/airflow/example_dags/example_python_operator.py
[2022-02-28 14:39:19,222] {logging_mixin.py:109} INFO - [2022-02-28 14:39:19,221] {dag.py:2398} INFO - Sync 1 DAGs
[2022-02-28 14:39:19,238] {logging_mixin.py:109} INFO - [2022-02-28 14:39:19,237] {dag.py:2937} INFO - Setting next_dagrun for example_python_operator to None
[2022-02-28 14:39:19,250] {processor.py:171} INFO - Processing /opt/anaconda3/envs/airflow/lib/python3.7/site-packages/airflow/example_dags/example_python_operator.py took 0.097 seconds
[2022-02-28 14:40:00,524] {processor.py:163} INFO - Started process (PID=32802) to work on /opt/anaconda3/envs/airflow/lib/python3.7/site-packages/airflow/example_dags/example_python_operator.py
[2022-02-28 14:40:00,526] {processor.py:642} INFO - Processing file /opt/anaconda3/envs/airflow/lib/python3.7/site-packages/airflow/example_dags/example_python_operator.py for tasks to queue
[2022-02-28 14:40:00,527] {logging_mixin.py:109} INFO - [2022-02-28 14:40:00,527] {dagbag.py:500} INFO - Filling up the DagBag from /opt/anaconda3/envs/airflow/lib/python3.7/site-packages/airflow/example_dags/example_python_operator.py
[2022-02-28 14:40:00,546] {logging_mixin.py:109} INFO - [2022-02-28 14:40:00,545] {example_python_operator.py:68} WARNING - The virtalenv_python example task requires virtualenv, please install it.
[2022-02-28 14:40:00,565] {processor.py:654} INFO - DAG(s) dict_keys(['example_python_operator']) retrieved from /opt/anaconda3/envs/airflow/lib/python3.7/site-packages/airflow/example_dags/example_python_operator.py
[2022-02-28 14:40:00,577] {logging_mixin.py:109} INFO - [2022-02-28 14:40:00,577] {dag.py:2398} INFO - Sync 1 DAGs
[2022-02-28 14:40:00,593] {logging_mixin.py:109} INFO - [2022-02-28 14:40:00,592] {dag.py:2937} INFO - Setting next_dagrun for example_python_operator to None
[2022-02-28 14:40:00,604] {processor.py:171} INFO - Processing /opt/anaconda3/envs/airflow/lib/python3.7/site-packages/airflow/example_dags/example_python_operator.py took 0.084 seconds
[2022-02-28 14:40:36,008] {processor.py:163} INFO - Started process (PID=32836) to work on /opt/anaconda3/envs/airflow/lib/python3.7/site-packages/airflow/example_dags/example_python_operator.py
[2022-02-28 14:40:36,009] {processor.py:642} INFO - Processing file /opt/anaconda3/envs/airflow/lib/python3.7/site-packages/airflow/example_dags/example_python_operator.py for tasks to queue
[2022-02-28 14:40:36,010] {logging_mixin.py:109} INFO - [2022-02-28 14:40:36,010] {dagbag.py:500} INFO - Filling up the DagBag from /opt/anaconda3/envs/airflow/lib/python3.7/site-packages/airflow/example_dags/example_python_operator.py
[2022-02-28 14:40:36,027] {logging_mixin.py:109} INFO - [2022-02-28 14:40:36,027] {example_python_operator.py:68} WARNING - The virtalenv_python example task requires virtualenv, please install it.
[2022-02-28 14:40:36,046] {processor.py:654} INFO - DAG(s) dict_keys(['example_python_operator']) retrieved from /opt/anaconda3/envs/airflow/lib/python3.7/site-packages/airflow/example_dags/example_python_operator.py
[2022-02-28 14:40:36,058] {logging_mixin.py:109} INFO - [2022-02-28 14:40:36,058] {dag.py:2398} INFO - Sync 1 DAGs
[2022-02-28 14:40:36,073] {logging_mixin.py:109} INFO - [2022-02-28 14:40:36,073] {dag.py:2937} INFO - Setting next_dagrun for example_python_operator to None
[2022-02-28 14:40:36,084] {processor.py:171} INFO - Processing /opt/anaconda3/envs/airflow/lib/python3.7/site-packages/airflow/example_dags/example_python_operator.py took 0.081 seconds
[2022-02-28 14:41:17,661] {processor.py:163} INFO - Started process (PID=32875) to work on /opt/anaconda3/envs/airflow/lib/python3.7/site-packages/airflow/example_dags/example_python_operator.py
[2022-02-28 14:41:17,662] {processor.py:642} INFO - Processing file /opt/anaconda3/envs/airflow/lib/python3.7/site-packages/airflow/example_dags/example_python_operator.py for tasks to queue
[2022-02-28 14:41:17,663] {logging_mixin.py:109} INFO - [2022-02-28 14:41:17,663] {dagbag.py:500} INFO - Filling up the DagBag from /opt/anaconda3/envs/airflow/lib/python3.7/site-packages/airflow/example_dags/example_python_operator.py
[2022-02-28 14:41:17,679] {logging_mixin.py:109} INFO - [2022-02-28 14:41:17,679] {example_python_operator.py:68} WARNING - The virtalenv_python example task requires virtualenv, please install it.
[2022-02-28 14:41:17,698] {processor.py:654} INFO - DAG(s) dict_keys(['example_python_operator']) retrieved from /opt/anaconda3/envs/airflow/lib/python3.7/site-packages/airflow/example_dags/example_python_operator.py
[2022-02-28 14:41:17,710] {logging_mixin.py:109} INFO - [2022-02-28 14:41:17,709] {dag.py:2398} INFO - Sync 1 DAGs
[2022-02-28 14:41:17,723] {logging_mixin.py:109} INFO - [2022-02-28 14:41:17,723] {dag.py:2937} INFO - Setting next_dagrun for example_python_operator to None
[2022-02-28 14:41:17,734] {processor.py:171} INFO - Processing /opt/anaconda3/envs/airflow/lib/python3.7/site-packages/airflow/example_dags/example_python_operator.py took 0.077 seconds
[2022-02-28 14:41:56,078] {processor.py:163} INFO - Started process (PID=32914) to work on /opt/anaconda3/envs/airflow/lib/python3.7/site-packages/airflow/example_dags/example_python_operator.py
[2022-02-28 14:41:56,080] {processor.py:642} INFO - Processing file /opt/anaconda3/envs/airflow/lib/python3.7/site-packages/airflow/example_dags/example_python_operator.py for tasks to queue
[2022-02-28 14:41:56,081] {logging_mixin.py:109} INFO - [2022-02-28 14:41:56,081] {dagbag.py:500} INFO - Filling up the DagBag from /opt/anaconda3/envs/airflow/lib/python3.7/site-packages/airflow/example_dags/example_python_operator.py
[2022-02-28 14:41:56,100] {logging_mixin.py:109} INFO - [2022-02-28 14:41:56,099] {example_python_operator.py:68} WARNING - The virtalenv_python example task requires virtualenv, please install it.
[2022-02-28 14:41:56,120] {processor.py:654} INFO - DAG(s) dict_keys(['example_python_operator']) retrieved from /opt/anaconda3/envs/airflow/lib/python3.7/site-packages/airflow/example_dags/example_python_operator.py
[2022-02-28 14:41:56,132] {logging_mixin.py:109} INFO - [2022-02-28 14:41:56,132] {dag.py:2398} INFO - Sync 1 DAGs
[2022-02-28 14:41:56,148] {logging_mixin.py:109} INFO - [2022-02-28 14:41:56,148] {dag.py:2937} INFO - Setting next_dagrun for example_python_operator to None
[2022-02-28 14:41:56,158] {processor.py:171} INFO - Processing /opt/anaconda3/envs/airflow/lib/python3.7/site-packages/airflow/example_dags/example_python_operator.py took 0.085 seconds
[2022-02-28 14:42:36,478] {processor.py:163} INFO - Started process (PID=32961) to work on /opt/anaconda3/envs/airflow/lib/python3.7/site-packages/airflow/example_dags/example_python_operator.py
[2022-02-28 14:42:36,481] {processor.py:642} INFO - Processing file /opt/anaconda3/envs/airflow/lib/python3.7/site-packages/airflow/example_dags/example_python_operator.py for tasks to queue
[2022-02-28 14:42:36,482] {logging_mixin.py:109} INFO - [2022-02-28 14:42:36,482] {dagbag.py:500} INFO - Filling up the DagBag from /opt/anaconda3/envs/airflow/lib/python3.7/site-packages/airflow/example_dags/example_python_operator.py
[2022-02-28 14:42:36,502] {logging_mixin.py:109} INFO - [2022-02-28 14:42:36,502] {example_python_operator.py:68} WARNING - The virtalenv_python example task requires virtualenv, please install it.
[2022-02-28 14:42:36,523] {processor.py:654} INFO - DAG(s) dict_keys(['example_python_operator']) retrieved from /opt/anaconda3/envs/airflow/lib/python3.7/site-packages/airflow/example_dags/example_python_operator.py
[2022-02-28 14:42:36,534] {logging_mixin.py:109} INFO - [2022-02-28 14:42:36,533] {dag.py:2398} INFO - Sync 1 DAGs
[2022-02-28 14:42:36,548] {logging_mixin.py:109} INFO - [2022-02-28 14:42:36,548] {dag.py:2937} INFO - Setting next_dagrun for example_python_operator to None
[2022-02-28 14:42:36,558] {processor.py:171} INFO - Processing /opt/anaconda3/envs/airflow/lib/python3.7/site-packages/airflow/example_dags/example_python_operator.py took 0.085 seconds
[2022-02-28 14:43:15,221] {processor.py:163} INFO - Started process (PID=33002) to work on /opt/anaconda3/envs/airflow/lib/python3.7/site-packages/airflow/example_dags/example_python_operator.py
[2022-02-28 14:43:15,223] {processor.py:642} INFO - Processing file /opt/anaconda3/envs/airflow/lib/python3.7/site-packages/airflow/example_dags/example_python_operator.py for tasks to queue
[2022-02-28 14:43:15,224] {logging_mixin.py:109} INFO - [2022-02-28 14:43:15,223] {dagbag.py:500} INFO - Filling up the DagBag from /opt/anaconda3/envs/airflow/lib/python3.7/site-packages/airflow/example_dags/example_python_operator.py
[2022-02-28 14:43:15,239] {logging_mixin.py:109} INFO - [2022-02-28 14:43:15,239] {example_python_operator.py:68} WARNING - The virtalenv_python example task requires virtualenv, please install it.
[2022-02-28 14:43:15,259] {processor.py:654} INFO - DAG(s) dict_keys(['example_python_operator']) retrieved from /opt/anaconda3/envs/airflow/lib/python3.7/site-packages/airflow/example_dags/example_python_operator.py
[2022-02-28 14:43:15,271] {logging_mixin.py:109} INFO - [2022-02-28 14:43:15,270] {dag.py:2398} INFO - Sync 1 DAGs
[2022-02-28 14:43:15,285] {logging_mixin.py:109} INFO - [2022-02-28 14:43:15,284] {dag.py:2937} INFO - Setting next_dagrun for example_python_operator to None
[2022-02-28 14:43:15,297] {processor.py:171} INFO - Processing /opt/anaconda3/envs/airflow/lib/python3.7/site-packages/airflow/example_dags/example_python_operator.py took 0.080 seconds
[2022-02-28 14:43:55,909] {processor.py:163} INFO - Started process (PID=33043) to work on /opt/anaconda3/envs/airflow/lib/python3.7/site-packages/airflow/example_dags/example_python_operator.py
[2022-02-28 14:43:55,912] {processor.py:642} INFO - Processing file /opt/anaconda3/envs/airflow/lib/python3.7/site-packages/airflow/example_dags/example_python_operator.py for tasks to queue
[2022-02-28 14:43:55,913] {logging_mixin.py:109} INFO - [2022-02-28 14:43:55,913] {dagbag.py:500} INFO - Filling up the DagBag from /opt/anaconda3/envs/airflow/lib/python3.7/site-packages/airflow/example_dags/example_python_operator.py
[2022-02-28 14:43:55,930] {logging_mixin.py:109} INFO - [2022-02-28 14:43:55,930] {example_python_operator.py:68} WARNING - The virtalenv_python example task requires virtualenv, please install it.
[2022-02-28 14:43:55,950] {processor.py:654} INFO - DAG(s) dict_keys(['example_python_operator']) retrieved from /opt/anaconda3/envs/airflow/lib/python3.7/site-packages/airflow/example_dags/example_python_operator.py
[2022-02-28 14:43:55,961] {logging_mixin.py:109} INFO - [2022-02-28 14:43:55,961] {dag.py:2398} INFO - Sync 1 DAGs
[2022-02-28 14:43:55,975] {logging_mixin.py:109} INFO - [2022-02-28 14:43:55,975] {dag.py:2937} INFO - Setting next_dagrun for example_python_operator to None
[2022-02-28 14:43:55,987] {processor.py:171} INFO - Processing /opt/anaconda3/envs/airflow/lib/python3.7/site-packages/airflow/example_dags/example_python_operator.py took 0.082 seconds
[2022-02-28 14:44:36,935] {processor.py:163} INFO - Started process (PID=33095) to work on /opt/anaconda3/envs/airflow/lib/python3.7/site-packages/airflow/example_dags/example_python_operator.py
[2022-02-28 14:44:36,939] {processor.py:642} INFO - Processing file /opt/anaconda3/envs/airflow/lib/python3.7/site-packages/airflow/example_dags/example_python_operator.py for tasks to queue
[2022-02-28 14:44:36,940] {logging_mixin.py:109} INFO - [2022-02-28 14:44:36,940] {dagbag.py:500} INFO - Filling up the DagBag from /opt/anaconda3/envs/airflow/lib/python3.7/site-packages/airflow/example_dags/example_python_operator.py
[2022-02-28 14:44:36,959] {logging_mixin.py:109} INFO - [2022-02-28 14:44:36,959] {example_python_operator.py:68} WARNING - The virtalenv_python example task requires virtualenv, please install it.
[2022-02-28 14:44:36,979] {processor.py:654} INFO - DAG(s) dict_keys(['example_python_operator']) retrieved from /opt/anaconda3/envs/airflow/lib/python3.7/site-packages/airflow/example_dags/example_python_operator.py
[2022-02-28 14:44:36,991] {logging_mixin.py:109} INFO - [2022-02-28 14:44:36,991] {dag.py:2398} INFO - Sync 1 DAGs
[2022-02-28 14:44:37,007] {logging_mixin.py:109} INFO - [2022-02-28 14:44:37,007] {dag.py:2937} INFO - Setting next_dagrun for example_python_operator to None
[2022-02-28 14:44:37,019] {processor.py:171} INFO - Processing /opt/anaconda3/envs/airflow/lib/python3.7/site-packages/airflow/example_dags/example_python_operator.py took 0.088 seconds
[2022-02-28 14:45:18,385] {processor.py:163} INFO - Started process (PID=33154) to work on /opt/anaconda3/envs/airflow/lib/python3.7/site-packages/airflow/example_dags/example_python_operator.py
[2022-02-28 14:45:18,389] {processor.py:642} INFO - Processing file /opt/anaconda3/envs/airflow/lib/python3.7/site-packages/airflow/example_dags/example_python_operator.py for tasks to queue
[2022-02-28 14:45:18,390] {logging_mixin.py:109} INFO - [2022-02-28 14:45:18,390] {dagbag.py:500} INFO - Filling up the DagBag from /opt/anaconda3/envs/airflow/lib/python3.7/site-packages/airflow/example_dags/example_python_operator.py
[2022-02-28 14:45:18,408] {logging_mixin.py:109} INFO - [2022-02-28 14:45:18,408] {example_python_operator.py:68} WARNING - The virtalenv_python example task requires virtualenv, please install it.
[2022-02-28 14:45:18,430] {processor.py:654} INFO - DAG(s) dict_keys(['example_python_operator']) retrieved from /opt/anaconda3/envs/airflow/lib/python3.7/site-packages/airflow/example_dags/example_python_operator.py
[2022-02-28 14:45:18,442] {logging_mixin.py:109} INFO - [2022-02-28 14:45:18,441] {dag.py:2398} INFO - Sync 1 DAGs
[2022-02-28 14:45:18,457] {logging_mixin.py:109} INFO - [2022-02-28 14:45:18,457] {dag.py:2937} INFO - Setting next_dagrun for example_python_operator to None
[2022-02-28 14:45:18,469] {processor.py:171} INFO - Processing /opt/anaconda3/envs/airflow/lib/python3.7/site-packages/airflow/example_dags/example_python_operator.py took 0.088 seconds
[2022-02-28 14:45:56,190] {processor.py:163} INFO - Started process (PID=33206) to work on /opt/anaconda3/envs/airflow/lib/python3.7/site-packages/airflow/example_dags/example_python_operator.py
[2022-02-28 14:45:56,192] {processor.py:642} INFO - Processing file /opt/anaconda3/envs/airflow/lib/python3.7/site-packages/airflow/example_dags/example_python_operator.py for tasks to queue
[2022-02-28 14:45:56,193] {logging_mixin.py:109} INFO - [2022-02-28 14:45:56,193] {dagbag.py:500} INFO - Filling up the DagBag from /opt/anaconda3/envs/airflow/lib/python3.7/site-packages/airflow/example_dags/example_python_operator.py
[2022-02-28 14:45:56,216] {logging_mixin.py:109} INFO - [2022-02-28 14:45:56,216] {example_python_operator.py:68} WARNING - The virtalenv_python example task requires virtualenv, please install it.
[2022-02-28 14:45:56,241] {processor.py:654} INFO - DAG(s) dict_keys(['example_python_operator']) retrieved from /opt/anaconda3/envs/airflow/lib/python3.7/site-packages/airflow/example_dags/example_python_operator.py
[2022-02-28 14:45:56,254] {logging_mixin.py:109} INFO - [2022-02-28 14:45:56,254] {dag.py:2398} INFO - Sync 1 DAGs
[2022-02-28 14:45:56,270] {logging_mixin.py:109} INFO - [2022-02-28 14:45:56,269] {dag.py:2937} INFO - Setting next_dagrun for example_python_operator to None
[2022-02-28 14:45:56,284] {processor.py:171} INFO - Processing /opt/anaconda3/envs/airflow/lib/python3.7/site-packages/airflow/example_dags/example_python_operator.py took 0.103 seconds
[2022-02-28 14:46:38,078] {processor.py:163} INFO - Started process (PID=33249) to work on /opt/anaconda3/envs/airflow/lib/python3.7/site-packages/airflow/example_dags/example_python_operator.py
[2022-02-28 14:46:38,080] {processor.py:642} INFO - Processing file /opt/anaconda3/envs/airflow/lib/python3.7/site-packages/airflow/example_dags/example_python_operator.py for tasks to queue
[2022-02-28 14:46:38,082] {logging_mixin.py:109} INFO - [2022-02-28 14:46:38,081] {dagbag.py:500} INFO - Filling up the DagBag from /opt/anaconda3/envs/airflow/lib/python3.7/site-packages/airflow/example_dags/example_python_operator.py
[2022-02-28 14:46:38,115] {logging_mixin.py:109} INFO - [2022-02-28 14:46:38,115] {example_python_operator.py:68} WARNING - The virtalenv_python example task requires virtualenv, please install it.
[2022-02-28 14:46:38,143] {processor.py:654} INFO - DAG(s) dict_keys(['example_python_operator']) retrieved from /opt/anaconda3/envs/airflow/lib/python3.7/site-packages/airflow/example_dags/example_python_operator.py
[2022-02-28 14:46:38,161] {logging_mixin.py:109} INFO - [2022-02-28 14:46:38,161] {dag.py:2398} INFO - Sync 1 DAGs
[2022-02-28 14:46:38,186] {logging_mixin.py:109} INFO - [2022-02-28 14:46:38,185] {dag.py:2937} INFO - Setting next_dagrun for example_python_operator to None
[2022-02-28 14:46:38,197] {processor.py:171} INFO - Processing /opt/anaconda3/envs/airflow/lib/python3.7/site-packages/airflow/example_dags/example_python_operator.py took 0.123 seconds
[2022-02-28 14:47:18,328] {processor.py:163} INFO - Started process (PID=33287) to work on /opt/anaconda3/envs/airflow/lib/python3.7/site-packages/airflow/example_dags/example_python_operator.py
[2022-02-28 14:47:18,329] {processor.py:642} INFO - Processing file /opt/anaconda3/envs/airflow/lib/python3.7/site-packages/airflow/example_dags/example_python_operator.py for tasks to queue
[2022-02-28 14:47:18,331] {logging_mixin.py:109} INFO - [2022-02-28 14:47:18,330] {dagbag.py:500} INFO - Filling up the DagBag from /opt/anaconda3/envs/airflow/lib/python3.7/site-packages/airflow/example_dags/example_python_operator.py
[2022-02-28 14:47:18,347] {logging_mixin.py:109} INFO - [2022-02-28 14:47:18,347] {example_python_operator.py:68} WARNING - The virtalenv_python example task requires virtualenv, please install it.
[2022-02-28 14:47:18,368] {processor.py:654} INFO - DAG(s) dict_keys(['example_python_operator']) retrieved from /opt/anaconda3/envs/airflow/lib/python3.7/site-packages/airflow/example_dags/example_python_operator.py
[2022-02-28 14:47:18,379] {logging_mixin.py:109} INFO - [2022-02-28 14:47:18,378] {dag.py:2398} INFO - Sync 1 DAGs
[2022-02-28 14:47:18,392] {logging_mixin.py:109} INFO - [2022-02-28 14:47:18,392] {dag.py:2937} INFO - Setting next_dagrun for example_python_operator to None
[2022-02-28 14:47:18,403] {processor.py:171} INFO - Processing /opt/anaconda3/envs/airflow/lib/python3.7/site-packages/airflow/example_dags/example_python_operator.py took 0.079 seconds
[2022-02-28 14:47:54,022] {processor.py:163} INFO - Started process (PID=33323) to work on /opt/anaconda3/envs/airflow/lib/python3.7/site-packages/airflow/example_dags/example_python_operator.py
[2022-02-28 14:47:54,024] {processor.py:642} INFO - Processing file /opt/anaconda3/envs/airflow/lib/python3.7/site-packages/airflow/example_dags/example_python_operator.py for tasks to queue
[2022-02-28 14:47:54,025] {logging_mixin.py:109} INFO - [2022-02-28 14:47:54,025] {dagbag.py:500} INFO - Filling up the DagBag from /opt/anaconda3/envs/airflow/lib/python3.7/site-packages/airflow/example_dags/example_python_operator.py
[2022-02-28 14:47:54,043] {logging_mixin.py:109} INFO - [2022-02-28 14:47:54,042] {example_python_operator.py:68} WARNING - The virtalenv_python example task requires virtualenv, please install it.
[2022-02-28 14:47:54,064] {processor.py:654} INFO - DAG(s) dict_keys(['example_python_operator']) retrieved from /opt/anaconda3/envs/airflow/lib/python3.7/site-packages/airflow/example_dags/example_python_operator.py
[2022-02-28 14:47:54,076] {logging_mixin.py:109} INFO - [2022-02-28 14:47:54,075] {dag.py:2398} INFO - Sync 1 DAGs
[2022-02-28 14:47:54,091] {logging_mixin.py:109} INFO - [2022-02-28 14:47:54,090] {dag.py:2937} INFO - Setting next_dagrun for example_python_operator to None
[2022-02-28 14:47:54,101] {processor.py:171} INFO - Processing /opt/anaconda3/envs/airflow/lib/python3.7/site-packages/airflow/example_dags/example_python_operator.py took 0.083 seconds
[2022-02-28 14:48:34,557] {processor.py:163} INFO - Started process (PID=33362) to work on /opt/anaconda3/envs/airflow/lib/python3.7/site-packages/airflow/example_dags/example_python_operator.py
[2022-02-28 14:48:34,559] {processor.py:642} INFO - Processing file /opt/anaconda3/envs/airflow/lib/python3.7/site-packages/airflow/example_dags/example_python_operator.py for tasks to queue
[2022-02-28 14:48:34,560] {logging_mixin.py:109} INFO - [2022-02-28 14:48:34,560] {dagbag.py:500} INFO - Filling up the DagBag from /opt/anaconda3/envs/airflow/lib/python3.7/site-packages/airflow/example_dags/example_python_operator.py
[2022-02-28 14:48:34,578] {logging_mixin.py:109} INFO - [2022-02-28 14:48:34,578] {example_python_operator.py:68} WARNING - The virtalenv_python example task requires virtualenv, please install it.
[2022-02-28 14:48:34,599] {processor.py:654} INFO - DAG(s) dict_keys(['example_python_operator']) retrieved from /opt/anaconda3/envs/airflow/lib/python3.7/site-packages/airflow/example_dags/example_python_operator.py
[2022-02-28 14:48:34,611] {logging_mixin.py:109} INFO - [2022-02-28 14:48:34,610] {dag.py:2398} INFO - Sync 1 DAGs
[2022-02-28 14:48:34,625] {logging_mixin.py:109} INFO - [2022-02-28 14:48:34,624] {dag.py:2937} INFO - Setting next_dagrun for example_python_operator to None
[2022-02-28 14:48:34,635] {processor.py:171} INFO - Processing /opt/anaconda3/envs/airflow/lib/python3.7/site-packages/airflow/example_dags/example_python_operator.py took 0.082 seconds
[2022-02-28 14:49:14,757] {processor.py:163} INFO - Started process (PID=33400) to work on /opt/anaconda3/envs/airflow/lib/python3.7/site-packages/airflow/example_dags/example_python_operator.py
[2022-02-28 14:49:14,759] {processor.py:642} INFO - Processing file /opt/anaconda3/envs/airflow/lib/python3.7/site-packages/airflow/example_dags/example_python_operator.py for tasks to queue
[2022-02-28 14:49:14,760] {logging_mixin.py:109} INFO - [2022-02-28 14:49:14,760] {dagbag.py:500} INFO - Filling up the DagBag from /opt/anaconda3/envs/airflow/lib/python3.7/site-packages/airflow/example_dags/example_python_operator.py
[2022-02-28 14:49:14,777] {logging_mixin.py:109} INFO - [2022-02-28 14:49:14,777] {example_python_operator.py:68} WARNING - The virtalenv_python example task requires virtualenv, please install it.
[2022-02-28 14:49:14,797] {processor.py:654} INFO - DAG(s) dict_keys(['example_python_operator']) retrieved from /opt/anaconda3/envs/airflow/lib/python3.7/site-packages/airflow/example_dags/example_python_operator.py
[2022-02-28 14:49:14,808] {logging_mixin.py:109} INFO - [2022-02-28 14:49:14,808] {dag.py:2398} INFO - Sync 1 DAGs
[2022-02-28 14:49:14,823] {logging_mixin.py:109} INFO - [2022-02-28 14:49:14,823] {dag.py:2937} INFO - Setting next_dagrun for example_python_operator to None
[2022-02-28 14:49:14,833] {processor.py:171} INFO - Processing /opt/anaconda3/envs/airflow/lib/python3.7/site-packages/airflow/example_dags/example_python_operator.py took 0.080 seconds
[2022-02-28 14:49:54,750] {processor.py:163} INFO - Started process (PID=33439) to work on /opt/anaconda3/envs/airflow/lib/python3.7/site-packages/airflow/example_dags/example_python_operator.py
[2022-02-28 14:49:54,751] {processor.py:642} INFO - Processing file /opt/anaconda3/envs/airflow/lib/python3.7/site-packages/airflow/example_dags/example_python_operator.py for tasks to queue
[2022-02-28 14:49:54,753] {logging_mixin.py:109} INFO - [2022-02-28 14:49:54,752] {dagbag.py:500} INFO - Filling up the DagBag from /opt/anaconda3/envs/airflow/lib/python3.7/site-packages/airflow/example_dags/example_python_operator.py
[2022-02-28 14:49:54,772] {logging_mixin.py:109} INFO - [2022-02-28 14:49:54,772] {example_python_operator.py:68} WARNING - The virtalenv_python example task requires virtualenv, please install it.
[2022-02-28 14:49:54,795] {processor.py:654} INFO - DAG(s) dict_keys(['example_python_operator']) retrieved from /opt/anaconda3/envs/airflow/lib/python3.7/site-packages/airflow/example_dags/example_python_operator.py
[2022-02-28 14:49:54,810] {logging_mixin.py:109} INFO - [2022-02-28 14:49:54,810] {dag.py:2398} INFO - Sync 1 DAGs
[2022-02-28 14:49:54,826] {logging_mixin.py:109} INFO - [2022-02-28 14:49:54,825] {dag.py:2937} INFO - Setting next_dagrun for example_python_operator to None
[2022-02-28 14:49:54,836] {processor.py:171} INFO - Processing /opt/anaconda3/envs/airflow/lib/python3.7/site-packages/airflow/example_dags/example_python_operator.py took 0.090 seconds
[2022-02-28 14:50:34,047] {processor.py:163} INFO - Started process (PID=33476) to work on /opt/anaconda3/envs/airflow/lib/python3.7/site-packages/airflow/example_dags/example_python_operator.py
[2022-02-28 14:50:34,049] {processor.py:642} INFO - Processing file /opt/anaconda3/envs/airflow/lib/python3.7/site-packages/airflow/example_dags/example_python_operator.py for tasks to queue
[2022-02-28 14:50:34,051] {logging_mixin.py:109} INFO - [2022-02-28 14:50:34,050] {dagbag.py:500} INFO - Filling up the DagBag from /opt/anaconda3/envs/airflow/lib/python3.7/site-packages/airflow/example_dags/example_python_operator.py
[2022-02-28 14:50:34,081] {logging_mixin.py:109} INFO - [2022-02-28 14:50:34,081] {example_python_operator.py:68} WARNING - The virtalenv_python example task requires virtualenv, please install it.
[2022-02-28 14:50:34,130] {processor.py:654} INFO - DAG(s) dict_keys(['example_python_operator']) retrieved from /opt/anaconda3/envs/airflow/lib/python3.7/site-packages/airflow/example_dags/example_python_operator.py
[2022-02-28 14:50:34,148] {logging_mixin.py:109} INFO - [2022-02-28 14:50:34,147] {dag.py:2398} INFO - Sync 1 DAGs
[2022-02-28 14:50:34,163] {logging_mixin.py:109} INFO - [2022-02-28 14:50:34,162] {dag.py:2937} INFO - Setting next_dagrun for example_python_operator to None
[2022-02-28 14:50:34,173] {processor.py:171} INFO - Processing /opt/anaconda3/envs/airflow/lib/python3.7/site-packages/airflow/example_dags/example_python_operator.py took 0.130 seconds
[2022-02-28 14:51:23,182] {processor.py:163} INFO - Started process (PID=33564) to work on /opt/anaconda3/envs/airflow/lib/python3.7/site-packages/airflow/example_dags/example_python_operator.py
[2022-02-28 14:51:23,185] {processor.py:642} INFO - Processing file /opt/anaconda3/envs/airflow/lib/python3.7/site-packages/airflow/example_dags/example_python_operator.py for tasks to queue
[2022-02-28 14:51:23,186] {logging_mixin.py:109} INFO - [2022-02-28 14:51:23,186] {dagbag.py:500} INFO - Filling up the DagBag from /opt/anaconda3/envs/airflow/lib/python3.7/site-packages/airflow/example_dags/example_python_operator.py
[2022-02-28 14:51:23,203] {logging_mixin.py:109} INFO - [2022-02-28 14:51:23,203] {example_python_operator.py:68} WARNING - The virtalenv_python example task requires virtualenv, please install it.
[2022-02-28 14:51:23,227] {processor.py:654} INFO - DAG(s) dict_keys(['example_python_operator']) retrieved from /opt/anaconda3/envs/airflow/lib/python3.7/site-packages/airflow/example_dags/example_python_operator.py
[2022-02-28 14:51:23,239] {logging_mixin.py:109} INFO - [2022-02-28 14:51:23,239] {dag.py:2398} INFO - Sync 1 DAGs
[2022-02-28 14:51:23,253] {logging_mixin.py:109} INFO - [2022-02-28 14:51:23,253] {dag.py:2937} INFO - Setting next_dagrun for example_python_operator to None
[2022-02-28 14:51:23,264] {processor.py:171} INFO - Processing /opt/anaconda3/envs/airflow/lib/python3.7/site-packages/airflow/example_dags/example_python_operator.py took 0.087 seconds
[2022-02-28 14:52:03,303] {processor.py:163} INFO - Started process (PID=33602) to work on /opt/anaconda3/envs/airflow/lib/python3.7/site-packages/airflow/example_dags/example_python_operator.py
[2022-02-28 14:52:03,305] {processor.py:642} INFO - Processing file /opt/anaconda3/envs/airflow/lib/python3.7/site-packages/airflow/example_dags/example_python_operator.py for tasks to queue
[2022-02-28 14:52:03,306] {logging_mixin.py:109} INFO - [2022-02-28 14:52:03,306] {dagbag.py:500} INFO - Filling up the DagBag from /opt/anaconda3/envs/airflow/lib/python3.7/site-packages/airflow/example_dags/example_python_operator.py
[2022-02-28 14:52:03,324] {logging_mixin.py:109} INFO - [2022-02-28 14:52:03,324] {example_python_operator.py:68} WARNING - The virtalenv_python example task requires virtualenv, please install it.
[2022-02-28 14:52:03,348] {processor.py:654} INFO - DAG(s) dict_keys(['example_python_operator']) retrieved from /opt/anaconda3/envs/airflow/lib/python3.7/site-packages/airflow/example_dags/example_python_operator.py
[2022-02-28 14:52:03,360] {logging_mixin.py:109} INFO - [2022-02-28 14:52:03,360] {dag.py:2398} INFO - Sync 1 DAGs
[2022-02-28 14:52:03,375] {logging_mixin.py:109} INFO - [2022-02-28 14:52:03,374] {dag.py:2937} INFO - Setting next_dagrun for example_python_operator to None
[2022-02-28 14:52:03,385] {processor.py:171} INFO - Processing /opt/anaconda3/envs/airflow/lib/python3.7/site-packages/airflow/example_dags/example_python_operator.py took 0.087 seconds
[2022-02-28 14:52:42,440] {processor.py:163} INFO - Started process (PID=33639) to work on /opt/anaconda3/envs/airflow/lib/python3.7/site-packages/airflow/example_dags/example_python_operator.py
[2022-02-28 14:52:42,442] {processor.py:642} INFO - Processing file /opt/anaconda3/envs/airflow/lib/python3.7/site-packages/airflow/example_dags/example_python_operator.py for tasks to queue
[2022-02-28 14:52:42,443] {logging_mixin.py:109} INFO - [2022-02-28 14:52:42,442] {dagbag.py:500} INFO - Filling up the DagBag from /opt/anaconda3/envs/airflow/lib/python3.7/site-packages/airflow/example_dags/example_python_operator.py
[2022-02-28 14:52:42,461] {logging_mixin.py:109} INFO - [2022-02-28 14:52:42,460] {example_python_operator.py:68} WARNING - The virtalenv_python example task requires virtualenv, please install it.
[2022-02-28 14:52:42,480] {processor.py:654} INFO - DAG(s) dict_keys(['example_python_operator']) retrieved from /opt/anaconda3/envs/airflow/lib/python3.7/site-packages/airflow/example_dags/example_python_operator.py
[2022-02-28 14:52:42,494] {logging_mixin.py:109} INFO - [2022-02-28 14:52:42,494] {dag.py:2398} INFO - Sync 1 DAGs
[2022-02-28 14:52:42,509] {logging_mixin.py:109} INFO - [2022-02-28 14:52:42,508] {dag.py:2937} INFO - Setting next_dagrun for example_python_operator to None
[2022-02-28 14:52:42,519] {processor.py:171} INFO - Processing /opt/anaconda3/envs/airflow/lib/python3.7/site-packages/airflow/example_dags/example_python_operator.py took 0.083 seconds
[2022-02-28 14:53:23,645] {processor.py:163} INFO - Started process (PID=33696) to work on /opt/anaconda3/envs/airflow/lib/python3.7/site-packages/airflow/example_dags/example_python_operator.py
[2022-02-28 14:53:23,650] {processor.py:642} INFO - Processing file /opt/anaconda3/envs/airflow/lib/python3.7/site-packages/airflow/example_dags/example_python_operator.py for tasks to queue
[2022-02-28 14:53:23,655] {logging_mixin.py:109} INFO - [2022-02-28 14:53:23,654] {dagbag.py:500} INFO - Filling up the DagBag from /opt/anaconda3/envs/airflow/lib/python3.7/site-packages/airflow/example_dags/example_python_operator.py
[2022-02-28 14:53:23,714] {logging_mixin.py:109} INFO - [2022-02-28 14:53:23,713] {example_python_operator.py:68} WARNING - The virtalenv_python example task requires virtualenv, please install it.
[2022-02-28 14:53:23,785] {processor.py:654} INFO - DAG(s) dict_keys(['example_python_operator']) retrieved from /opt/anaconda3/envs/airflow/lib/python3.7/site-packages/airflow/example_dags/example_python_operator.py
[2022-02-28 14:53:23,799] {logging_mixin.py:109} INFO - [2022-02-28 14:53:23,799] {dag.py:2398} INFO - Sync 1 DAGs
[2022-02-28 14:53:23,818] {logging_mixin.py:109} INFO - [2022-02-28 14:53:23,816] {dag.py:2937} INFO - Setting next_dagrun for example_python_operator to None
[2022-02-28 14:53:23,828] {processor.py:171} INFO - Processing /opt/anaconda3/envs/airflow/lib/python3.7/site-packages/airflow/example_dags/example_python_operator.py took 0.198 seconds
[2022-02-28 14:54:00,199] {processor.py:163} INFO - Started process (PID=33771) to work on /opt/anaconda3/envs/airflow/lib/python3.7/site-packages/airflow/example_dags/example_python_operator.py
[2022-02-28 14:54:00,202] {processor.py:642} INFO - Processing file /opt/anaconda3/envs/airflow/lib/python3.7/site-packages/airflow/example_dags/example_python_operator.py for tasks to queue
[2022-02-28 14:54:00,203] {logging_mixin.py:109} INFO - [2022-02-28 14:54:00,203] {dagbag.py:500} INFO - Filling up the DagBag from /opt/anaconda3/envs/airflow/lib/python3.7/site-packages/airflow/example_dags/example_python_operator.py
[2022-02-28 14:54:00,227] {logging_mixin.py:109} INFO - [2022-02-28 14:54:00,227] {example_python_operator.py:68} WARNING - The virtalenv_python example task requires virtualenv, please install it.
[2022-02-28 14:54:00,252] {processor.py:654} INFO - DAG(s) dict_keys(['example_python_operator']) retrieved from /opt/anaconda3/envs/airflow/lib/python3.7/site-packages/airflow/example_dags/example_python_operator.py
[2022-02-28 14:54:00,266] {logging_mixin.py:109} INFO - [2022-02-28 14:54:00,266] {dag.py:2398} INFO - Sync 1 DAGs
[2022-02-28 14:54:00,280] {logging_mixin.py:109} INFO - [2022-02-28 14:54:00,280] {dag.py:2937} INFO - Setting next_dagrun for example_python_operator to None
[2022-02-28 14:54:00,292] {processor.py:171} INFO - Processing /opt/anaconda3/envs/airflow/lib/python3.7/site-packages/airflow/example_dags/example_python_operator.py took 0.097 seconds
[2022-02-28 14:54:49,517] {processor.py:163} INFO - Started process (PID=33896) to work on /opt/anaconda3/envs/airflow/lib/python3.7/site-packages/airflow/example_dags/example_python_operator.py
[2022-02-28 14:54:49,519] {processor.py:642} INFO - Processing file /opt/anaconda3/envs/airflow/lib/python3.7/site-packages/airflow/example_dags/example_python_operator.py for tasks to queue
[2022-02-28 14:54:49,521] {logging_mixin.py:109} INFO - [2022-02-28 14:54:49,520] {dagbag.py:500} INFO - Filling up the DagBag from /opt/anaconda3/envs/airflow/lib/python3.7/site-packages/airflow/example_dags/example_python_operator.py
[2022-02-28 14:54:49,537] {logging_mixin.py:109} INFO - [2022-02-28 14:54:49,536] {example_python_operator.py:68} WARNING - The virtalenv_python example task requires virtualenv, please install it.
[2022-02-28 14:54:49,557] {processor.py:654} INFO - DAG(s) dict_keys(['example_python_operator']) retrieved from /opt/anaconda3/envs/airflow/lib/python3.7/site-packages/airflow/example_dags/example_python_operator.py
[2022-02-28 14:54:49,568] {logging_mixin.py:109} INFO - [2022-02-28 14:54:49,568] {dag.py:2398} INFO - Sync 1 DAGs
[2022-02-28 14:54:49,582] {logging_mixin.py:109} INFO - [2022-02-28 14:54:49,582] {dag.py:2937} INFO - Setting next_dagrun for example_python_operator to None
[2022-02-28 14:54:49,593] {processor.py:171} INFO - Processing /opt/anaconda3/envs/airflow/lib/python3.7/site-packages/airflow/example_dags/example_python_operator.py took 0.080 seconds
[2022-02-28 14:56:42,289] {processor.py:163} INFO - Started process (PID=34088) to work on /opt/anaconda3/envs/airflow/lib/python3.7/site-packages/airflow/example_dags/example_python_operator.py
[2022-02-28 14:56:42,293] {processor.py:642} INFO - Processing file /opt/anaconda3/envs/airflow/lib/python3.7/site-packages/airflow/example_dags/example_python_operator.py for tasks to queue
[2022-02-28 14:56:42,295] {logging_mixin.py:109} INFO - [2022-02-28 14:56:42,294] {dagbag.py:500} INFO - Filling up the DagBag from /opt/anaconda3/envs/airflow/lib/python3.7/site-packages/airflow/example_dags/example_python_operator.py
[2022-02-28 14:56:42,319] {logging_mixin.py:109} INFO - [2022-02-28 14:56:42,319] {example_python_operator.py:68} WARNING - The virtalenv_python example task requires virtualenv, please install it.
[2022-02-28 14:56:42,359] {processor.py:654} INFO - DAG(s) dict_keys(['example_python_operator']) retrieved from /opt/anaconda3/envs/airflow/lib/python3.7/site-packages/airflow/example_dags/example_python_operator.py
[2022-02-28 14:56:42,379] {logging_mixin.py:109} INFO - [2022-02-28 14:56:42,378] {dag.py:2398} INFO - Sync 1 DAGs
[2022-02-28 14:56:42,411] {logging_mixin.py:109} INFO - [2022-02-28 14:56:42,410] {dag.py:2937} INFO - Setting next_dagrun for example_python_operator to None
[2022-02-28 14:56:42,425] {processor.py:171} INFO - Processing /opt/anaconda3/envs/airflow/lib/python3.7/site-packages/airflow/example_dags/example_python_operator.py took 0.140 seconds
[2022-02-28 14:58:08,143] {processor.py:163} INFO - Started process (PID=34292) to work on /opt/anaconda3/envs/airflow/lib/python3.7/site-packages/airflow/example_dags/example_python_operator.py
[2022-02-28 14:58:08,145] {processor.py:642} INFO - Processing file /opt/anaconda3/envs/airflow/lib/python3.7/site-packages/airflow/example_dags/example_python_operator.py for tasks to queue
[2022-02-28 14:58:08,147] {logging_mixin.py:109} INFO - [2022-02-28 14:58:08,146] {dagbag.py:500} INFO - Filling up the DagBag from /opt/anaconda3/envs/airflow/lib/python3.7/site-packages/airflow/example_dags/example_python_operator.py
[2022-02-28 14:58:08,171] {logging_mixin.py:109} INFO - [2022-02-28 14:58:08,170] {example_python_operator.py:68} WARNING - The virtalenv_python example task requires virtualenv, please install it.
[2022-02-28 14:58:08,199] {processor.py:654} INFO - DAG(s) dict_keys(['example_python_operator']) retrieved from /opt/anaconda3/envs/airflow/lib/python3.7/site-packages/airflow/example_dags/example_python_operator.py
[2022-02-28 14:58:08,214] {logging_mixin.py:109} INFO - [2022-02-28 14:58:08,214] {dag.py:2398} INFO - Sync 1 DAGs
[2022-02-28 14:58:08,230] {logging_mixin.py:109} INFO - [2022-02-28 14:58:08,230] {dag.py:2937} INFO - Setting next_dagrun for example_python_operator to None
[2022-02-28 14:58:08,244] {processor.py:171} INFO - Processing /opt/anaconda3/envs/airflow/lib/python3.7/site-packages/airflow/example_dags/example_python_operator.py took 0.105 seconds
[2022-02-28 15:04:21,765] {processor.py:163} INFO - Started process (PID=34845) to work on /opt/anaconda3/envs/airflow/lib/python3.7/site-packages/airflow/example_dags/example_python_operator.py
[2022-02-28 15:04:21,767] {processor.py:642} INFO - Processing file /opt/anaconda3/envs/airflow/lib/python3.7/site-packages/airflow/example_dags/example_python_operator.py for tasks to queue
[2022-02-28 15:04:21,768] {logging_mixin.py:109} INFO - [2022-02-28 15:04:21,767] {dagbag.py:500} INFO - Filling up the DagBag from /opt/anaconda3/envs/airflow/lib/python3.7/site-packages/airflow/example_dags/example_python_operator.py
[2022-02-28 15:04:21,782] {logging_mixin.py:109} INFO - [2022-02-28 15:04:21,782] {example_python_operator.py:68} WARNING - The virtalenv_python example task requires virtualenv, please install it.
[2022-02-28 15:04:21,807] {processor.py:654} INFO - DAG(s) dict_keys(['example_python_operator']) retrieved from /opt/anaconda3/envs/airflow/lib/python3.7/site-packages/airflow/example_dags/example_python_operator.py
[2022-02-28 15:04:21,819] {logging_mixin.py:109} INFO - [2022-02-28 15:04:21,818] {dag.py:2398} INFO - Sync 1 DAGs
[2022-02-28 15:04:21,833] {logging_mixin.py:109} INFO - [2022-02-28 15:04:21,832] {dag.py:2937} INFO - Setting next_dagrun for example_python_operator to None
[2022-02-28 15:04:21,845] {processor.py:171} INFO - Processing /opt/anaconda3/envs/airflow/lib/python3.7/site-packages/airflow/example_dags/example_python_operator.py took 0.084 seconds
[2022-02-28 15:06:12,853] {processor.py:163} INFO - Started process (PID=35054) to work on /opt/anaconda3/envs/airflow/lib/python3.7/site-packages/airflow/example_dags/example_python_operator.py
[2022-02-28 15:06:12,856] {processor.py:642} INFO - Processing file /opt/anaconda3/envs/airflow/lib/python3.7/site-packages/airflow/example_dags/example_python_operator.py for tasks to queue
[2022-02-28 15:06:12,857] {logging_mixin.py:109} INFO - [2022-02-28 15:06:12,857] {dagbag.py:500} INFO - Filling up the DagBag from /opt/anaconda3/envs/airflow/lib/python3.7/site-packages/airflow/example_dags/example_python_operator.py
[2022-02-28 15:06:12,878] {logging_mixin.py:109} INFO - [2022-02-28 15:06:12,878] {example_python_operator.py:68} WARNING - The virtalenv_python example task requires virtualenv, please install it.
[2022-02-28 15:06:12,897] {processor.py:654} INFO - DAG(s) dict_keys(['example_python_operator']) retrieved from /opt/anaconda3/envs/airflow/lib/python3.7/site-packages/airflow/example_dags/example_python_operator.py
[2022-02-28 15:06:12,908] {logging_mixin.py:109} INFO - [2022-02-28 15:06:12,907] {dag.py:2398} INFO - Sync 1 DAGs
[2022-02-28 15:06:12,921] {logging_mixin.py:109} INFO - [2022-02-28 15:06:12,920] {dag.py:2937} INFO - Setting next_dagrun for example_python_operator to None
[2022-02-28 15:06:12,931] {processor.py:171} INFO - Processing /opt/anaconda3/envs/airflow/lib/python3.7/site-packages/airflow/example_dags/example_python_operator.py took 0.082 seconds
[2022-02-28 15:06:53,536] {processor.py:163} INFO - Started process (PID=35126) to work on /opt/anaconda3/envs/airflow/lib/python3.7/site-packages/airflow/example_dags/example_python_operator.py
[2022-02-28 15:06:53,539] {processor.py:642} INFO - Processing file /opt/anaconda3/envs/airflow/lib/python3.7/site-packages/airflow/example_dags/example_python_operator.py for tasks to queue
[2022-02-28 15:06:53,540] {logging_mixin.py:109} INFO - [2022-02-28 15:06:53,540] {dagbag.py:500} INFO - Filling up the DagBag from /opt/anaconda3/envs/airflow/lib/python3.7/site-packages/airflow/example_dags/example_python_operator.py
[2022-02-28 15:06:53,559] {logging_mixin.py:109} INFO - [2022-02-28 15:06:53,559] {example_python_operator.py:68} WARNING - The virtalenv_python example task requires virtualenv, please install it.
[2022-02-28 15:06:53,577] {processor.py:654} INFO - DAG(s) dict_keys(['example_python_operator']) retrieved from /opt/anaconda3/envs/airflow/lib/python3.7/site-packages/airflow/example_dags/example_python_operator.py
[2022-02-28 15:06:53,589] {logging_mixin.py:109} INFO - [2022-02-28 15:06:53,588] {dag.py:2398} INFO - Sync 1 DAGs
[2022-02-28 15:06:53,602] {logging_mixin.py:109} INFO - [2022-02-28 15:06:53,602] {dag.py:2937} INFO - Setting next_dagrun for example_python_operator to None
[2022-02-28 15:06:53,613] {processor.py:171} INFO - Processing /opt/anaconda3/envs/airflow/lib/python3.7/site-packages/airflow/example_dags/example_python_operator.py took 0.080 seconds
[2022-02-28 15:08:19,211] {processor.py:163} INFO - Started process (PID=35323) to work on /opt/anaconda3/envs/airflow/lib/python3.7/site-packages/airflow/example_dags/example_python_operator.py
[2022-02-28 15:08:19,213] {processor.py:642} INFO - Processing file /opt/anaconda3/envs/airflow/lib/python3.7/site-packages/airflow/example_dags/example_python_operator.py for tasks to queue
[2022-02-28 15:08:19,214] {logging_mixin.py:109} INFO - [2022-02-28 15:08:19,214] {dagbag.py:500} INFO - Filling up the DagBag from /opt/anaconda3/envs/airflow/lib/python3.7/site-packages/airflow/example_dags/example_python_operator.py
[2022-02-28 15:08:19,233] {logging_mixin.py:109} INFO - [2022-02-28 15:08:19,232] {example_python_operator.py:68} WARNING - The virtalenv_python example task requires virtualenv, please install it.
[2022-02-28 15:08:19,265] {processor.py:654} INFO - DAG(s) dict_keys(['example_python_operator']) retrieved from /opt/anaconda3/envs/airflow/lib/python3.7/site-packages/airflow/example_dags/example_python_operator.py
[2022-02-28 15:08:19,284] {logging_mixin.py:109} INFO - [2022-02-28 15:08:19,283] {dag.py:2398} INFO - Sync 1 DAGs
[2022-02-28 15:08:19,300] {logging_mixin.py:109} INFO - [2022-02-28 15:08:19,300] {dag.py:2937} INFO - Setting next_dagrun for example_python_operator to None
[2022-02-28 15:08:19,316] {processor.py:171} INFO - Processing /opt/anaconda3/envs/airflow/lib/python3.7/site-packages/airflow/example_dags/example_python_operator.py took 0.109 seconds
[2022-02-28 15:10:07,312] {processor.py:163} INFO - Started process (PID=35564) to work on /opt/anaconda3/envs/airflow/lib/python3.7/site-packages/airflow/example_dags/example_python_operator.py
[2022-02-28 15:10:07,314] {processor.py:642} INFO - Processing file /opt/anaconda3/envs/airflow/lib/python3.7/site-packages/airflow/example_dags/example_python_operator.py for tasks to queue
[2022-02-28 15:10:07,315] {logging_mixin.py:109} INFO - [2022-02-28 15:10:07,315] {dagbag.py:500} INFO - Filling up the DagBag from /opt/anaconda3/envs/airflow/lib/python3.7/site-packages/airflow/example_dags/example_python_operator.py
[2022-02-28 15:10:07,332] {logging_mixin.py:109} INFO - [2022-02-28 15:10:07,332] {example_python_operator.py:68} WARNING - The virtalenv_python example task requires virtualenv, please install it.
[2022-02-28 15:10:07,358] {processor.py:654} INFO - DAG(s) dict_keys(['example_python_operator']) retrieved from /opt/anaconda3/envs/airflow/lib/python3.7/site-packages/airflow/example_dags/example_python_operator.py
[2022-02-28 15:10:07,370] {logging_mixin.py:109} INFO - [2022-02-28 15:10:07,369] {dag.py:2398} INFO - Sync 1 DAGs
[2022-02-28 15:10:07,384] {logging_mixin.py:109} INFO - [2022-02-28 15:10:07,383] {dag.py:2937} INFO - Setting next_dagrun for example_python_operator to None
[2022-02-28 15:10:07,393] {processor.py:171} INFO - Processing /opt/anaconda3/envs/airflow/lib/python3.7/site-packages/airflow/example_dags/example_python_operator.py took 0.084 seconds
[2022-02-28 15:10:45,206] {processor.py:163} INFO - Started process (PID=35668) to work on /opt/anaconda3/envs/airflow/lib/python3.7/site-packages/airflow/example_dags/example_python_operator.py
[2022-02-28 15:10:45,209] {processor.py:642} INFO - Processing file /opt/anaconda3/envs/airflow/lib/python3.7/site-packages/airflow/example_dags/example_python_operator.py for tasks to queue
[2022-02-28 15:10:45,210] {logging_mixin.py:109} INFO - [2022-02-28 15:10:45,209] {dagbag.py:500} INFO - Filling up the DagBag from /opt/anaconda3/envs/airflow/lib/python3.7/site-packages/airflow/example_dags/example_python_operator.py
[2022-02-28 15:10:45,238] {logging_mixin.py:109} INFO - [2022-02-28 15:10:45,238] {example_python_operator.py:68} WARNING - The virtalenv_python example task requires virtualenv, please install it.
[2022-02-28 15:10:45,262] {processor.py:654} INFO - DAG(s) dict_keys(['example_python_operator']) retrieved from /opt/anaconda3/envs/airflow/lib/python3.7/site-packages/airflow/example_dags/example_python_operator.py
[2022-02-28 15:10:45,275] {logging_mixin.py:109} INFO - [2022-02-28 15:10:45,275] {dag.py:2398} INFO - Sync 1 DAGs
[2022-02-28 15:10:45,294] {logging_mixin.py:109} INFO - [2022-02-28 15:10:45,293] {dag.py:2937} INFO - Setting next_dagrun for example_python_operator to None
[2022-02-28 15:10:45,306] {processor.py:171} INFO - Processing /opt/anaconda3/envs/airflow/lib/python3.7/site-packages/airflow/example_dags/example_python_operator.py took 0.116 seconds
[2022-02-28 15:16:10,944] {processor.py:163} INFO - Started process (PID=36088) to work on /opt/anaconda3/envs/airflow/lib/python3.7/site-packages/airflow/example_dags/example_python_operator.py
[2022-02-28 15:16:10,947] {processor.py:642} INFO - Processing file /opt/anaconda3/envs/airflow/lib/python3.7/site-packages/airflow/example_dags/example_python_operator.py for tasks to queue
[2022-02-28 15:16:10,948] {logging_mixin.py:109} INFO - [2022-02-28 15:16:10,948] {dagbag.py:500} INFO - Filling up the DagBag from /opt/anaconda3/envs/airflow/lib/python3.7/site-packages/airflow/example_dags/example_python_operator.py
[2022-02-28 15:16:10,962] {logging_mixin.py:109} INFO - [2022-02-28 15:16:10,962] {example_python_operator.py:68} WARNING - The virtalenv_python example task requires virtualenv, please install it.
[2022-02-28 15:16:10,983] {processor.py:654} INFO - DAG(s) dict_keys(['example_python_operator']) retrieved from /opt/anaconda3/envs/airflow/lib/python3.7/site-packages/airflow/example_dags/example_python_operator.py
[2022-02-28 15:16:10,994] {logging_mixin.py:109} INFO - [2022-02-28 15:16:10,994] {dag.py:2398} INFO - Sync 1 DAGs
[2022-02-28 15:16:11,007] {logging_mixin.py:109} INFO - [2022-02-28 15:16:11,007] {dag.py:2937} INFO - Setting next_dagrun for example_python_operator to None
[2022-02-28 15:16:11,017] {processor.py:171} INFO - Processing /opt/anaconda3/envs/airflow/lib/python3.7/site-packages/airflow/example_dags/example_python_operator.py took 0.076 seconds
[2022-02-28 15:19:18,033] {processor.py:163} INFO - Started process (PID=36319) to work on /opt/anaconda3/envs/airflow/lib/python3.7/site-packages/airflow/example_dags/example_python_operator.py
[2022-02-28 15:19:18,036] {processor.py:642} INFO - Processing file /opt/anaconda3/envs/airflow/lib/python3.7/site-packages/airflow/example_dags/example_python_operator.py for tasks to queue
[2022-02-28 15:19:18,037] {logging_mixin.py:109} INFO - [2022-02-28 15:19:18,037] {dagbag.py:500} INFO - Filling up the DagBag from /opt/anaconda3/envs/airflow/lib/python3.7/site-packages/airflow/example_dags/example_python_operator.py
[2022-02-28 15:19:18,053] {logging_mixin.py:109} INFO - [2022-02-28 15:19:18,052] {example_python_operator.py:68} WARNING - The virtalenv_python example task requires virtualenv, please install it.
[2022-02-28 15:19:18,073] {processor.py:654} INFO - DAG(s) dict_keys(['example_python_operator']) retrieved from /opt/anaconda3/envs/airflow/lib/python3.7/site-packages/airflow/example_dags/example_python_operator.py
[2022-02-28 15:19:18,087] {logging_mixin.py:109} INFO - [2022-02-28 15:19:18,087] {dag.py:2398} INFO - Sync 1 DAGs
[2022-02-28 15:19:18,103] {logging_mixin.py:109} INFO - [2022-02-28 15:19:18,102] {dag.py:2937} INFO - Setting next_dagrun for example_python_operator to None
[2022-02-28 15:19:18,113] {processor.py:171} INFO - Processing /opt/anaconda3/envs/airflow/lib/python3.7/site-packages/airflow/example_dags/example_python_operator.py took 0.084 seconds
[2022-02-28 15:19:55,650] {processor.py:163} INFO - Started process (PID=36382) to work on /opt/anaconda3/envs/airflow/lib/python3.7/site-packages/airflow/example_dags/example_python_operator.py
[2022-02-28 15:19:55,651] {processor.py:642} INFO - Processing file /opt/anaconda3/envs/airflow/lib/python3.7/site-packages/airflow/example_dags/example_python_operator.py for tasks to queue
[2022-02-28 15:19:55,653] {logging_mixin.py:109} INFO - [2022-02-28 15:19:55,653] {dagbag.py:500} INFO - Filling up the DagBag from /opt/anaconda3/envs/airflow/lib/python3.7/site-packages/airflow/example_dags/example_python_operator.py
[2022-02-28 15:19:55,676] {logging_mixin.py:109} INFO - [2022-02-28 15:19:55,676] {example_python_operator.py:68} WARNING - The virtalenv_python example task requires virtualenv, please install it.
[2022-02-28 15:19:55,699] {processor.py:654} INFO - DAG(s) dict_keys(['example_python_operator']) retrieved from /opt/anaconda3/envs/airflow/lib/python3.7/site-packages/airflow/example_dags/example_python_operator.py
[2022-02-28 15:19:55,712] {logging_mixin.py:109} INFO - [2022-02-28 15:19:55,712] {dag.py:2398} INFO - Sync 1 DAGs
[2022-02-28 15:19:55,733] {logging_mixin.py:109} INFO - [2022-02-28 15:19:55,732] {dag.py:2937} INFO - Setting next_dagrun for example_python_operator to None
[2022-02-28 15:19:55,746] {processor.py:171} INFO - Processing /opt/anaconda3/envs/airflow/lib/python3.7/site-packages/airflow/example_dags/example_python_operator.py took 0.100 seconds
[2022-02-28 15:20:37,205] {processor.py:163} INFO - Started process (PID=36492) to work on /opt/anaconda3/envs/airflow/lib/python3.7/site-packages/airflow/example_dags/example_python_operator.py
[2022-02-28 15:20:37,209] {processor.py:642} INFO - Processing file /opt/anaconda3/envs/airflow/lib/python3.7/site-packages/airflow/example_dags/example_python_operator.py for tasks to queue
[2022-02-28 15:20:37,211] {logging_mixin.py:109} INFO - [2022-02-28 15:20:37,211] {dagbag.py:500} INFO - Filling up the DagBag from /opt/anaconda3/envs/airflow/lib/python3.7/site-packages/airflow/example_dags/example_python_operator.py
[2022-02-28 15:20:37,234] {logging_mixin.py:109} INFO - [2022-02-28 15:20:37,233] {example_python_operator.py:68} WARNING - The virtalenv_python example task requires virtualenv, please install it.
[2022-02-28 15:20:37,254] {processor.py:654} INFO - DAG(s) dict_keys(['example_python_operator']) retrieved from /opt/anaconda3/envs/airflow/lib/python3.7/site-packages/airflow/example_dags/example_python_operator.py
[2022-02-28 15:20:37,266] {logging_mixin.py:109} INFO - [2022-02-28 15:20:37,266] {dag.py:2398} INFO - Sync 1 DAGs
[2022-02-28 15:20:37,280] {logging_mixin.py:109} INFO - [2022-02-28 15:20:37,280] {dag.py:2937} INFO - Setting next_dagrun for example_python_operator to None
[2022-02-28 15:20:37,290] {processor.py:171} INFO - Processing /opt/anaconda3/envs/airflow/lib/python3.7/site-packages/airflow/example_dags/example_python_operator.py took 0.090 seconds
[2022-02-28 15:21:19,509] {processor.py:163} INFO - Started process (PID=36537) to work on /opt/anaconda3/envs/airflow/lib/python3.7/site-packages/airflow/example_dags/example_python_operator.py
[2022-02-28 15:21:19,513] {processor.py:642} INFO - Processing file /opt/anaconda3/envs/airflow/lib/python3.7/site-packages/airflow/example_dags/example_python_operator.py for tasks to queue
[2022-02-28 15:21:19,515] {logging_mixin.py:109} INFO - [2022-02-28 15:21:19,514] {dagbag.py:500} INFO - Filling up the DagBag from /opt/anaconda3/envs/airflow/lib/python3.7/site-packages/airflow/example_dags/example_python_operator.py
[2022-02-28 15:21:19,543] {logging_mixin.py:109} INFO - [2022-02-28 15:21:19,543] {example_python_operator.py:68} WARNING - The virtalenv_python example task requires virtualenv, please install it.
[2022-02-28 15:21:19,563] {processor.py:654} INFO - DAG(s) dict_keys(['example_python_operator']) retrieved from /opt/anaconda3/envs/airflow/lib/python3.7/site-packages/airflow/example_dags/example_python_operator.py
[2022-02-28 15:21:19,573] {logging_mixin.py:109} INFO - [2022-02-28 15:21:19,573] {dag.py:2398} INFO - Sync 1 DAGs
[2022-02-28 15:21:19,586] {logging_mixin.py:109} INFO - [2022-02-28 15:21:19,586] {dag.py:2937} INFO - Setting next_dagrun for example_python_operator to None
[2022-02-28 15:21:19,596] {processor.py:171} INFO - Processing /opt/anaconda3/envs/airflow/lib/python3.7/site-packages/airflow/example_dags/example_python_operator.py took 0.091 seconds
[2022-02-28 15:22:00,856] {processor.py:163} INFO - Started process (PID=36578) to work on /opt/anaconda3/envs/airflow/lib/python3.7/site-packages/airflow/example_dags/example_python_operator.py
[2022-02-28 15:22:00,857] {processor.py:642} INFO - Processing file /opt/anaconda3/envs/airflow/lib/python3.7/site-packages/airflow/example_dags/example_python_operator.py for tasks to queue
[2022-02-28 15:22:00,858] {logging_mixin.py:109} INFO - [2022-02-28 15:22:00,858] {dagbag.py:500} INFO - Filling up the DagBag from /opt/anaconda3/envs/airflow/lib/python3.7/site-packages/airflow/example_dags/example_python_operator.py
[2022-02-28 15:22:00,873] {logging_mixin.py:109} INFO - [2022-02-28 15:22:00,873] {example_python_operator.py:68} WARNING - The virtalenv_python example task requires virtualenv, please install it.
[2022-02-28 15:22:00,891] {processor.py:654} INFO - DAG(s) dict_keys(['example_python_operator']) retrieved from /opt/anaconda3/envs/airflow/lib/python3.7/site-packages/airflow/example_dags/example_python_operator.py
[2022-02-28 15:22:00,903] {logging_mixin.py:109} INFO - [2022-02-28 15:22:00,902] {dag.py:2398} INFO - Sync 1 DAGs
[2022-02-28 15:22:00,915] {logging_mixin.py:109} INFO - [2022-02-28 15:22:00,915] {dag.py:2937} INFO - Setting next_dagrun for example_python_operator to None
[2022-02-28 15:22:00,925] {processor.py:171} INFO - Processing /opt/anaconda3/envs/airflow/lib/python3.7/site-packages/airflow/example_dags/example_python_operator.py took 0.074 seconds
[2022-02-28 15:22:39,611] {processor.py:163} INFO - Started process (PID=36615) to work on /opt/anaconda3/envs/airflow/lib/python3.7/site-packages/airflow/example_dags/example_python_operator.py
[2022-02-28 15:22:39,612] {processor.py:642} INFO - Processing file /opt/anaconda3/envs/airflow/lib/python3.7/site-packages/airflow/example_dags/example_python_operator.py for tasks to queue
[2022-02-28 15:22:39,614] {logging_mixin.py:109} INFO - [2022-02-28 15:22:39,613] {dagbag.py:500} INFO - Filling up the DagBag from /opt/anaconda3/envs/airflow/lib/python3.7/site-packages/airflow/example_dags/example_python_operator.py
[2022-02-28 15:22:39,632] {logging_mixin.py:109} INFO - [2022-02-28 15:22:39,631] {example_python_operator.py:68} WARNING - The virtalenv_python example task requires virtualenv, please install it.
[2022-02-28 15:22:39,654] {processor.py:654} INFO - DAG(s) dict_keys(['example_python_operator']) retrieved from /opt/anaconda3/envs/airflow/lib/python3.7/site-packages/airflow/example_dags/example_python_operator.py
[2022-02-28 15:22:39,666] {logging_mixin.py:109} INFO - [2022-02-28 15:22:39,666] {dag.py:2398} INFO - Sync 1 DAGs
[2022-02-28 15:22:39,682] {logging_mixin.py:109} INFO - [2022-02-28 15:22:39,681] {dag.py:2937} INFO - Setting next_dagrun for example_python_operator to None
[2022-02-28 15:22:39,692] {processor.py:171} INFO - Processing /opt/anaconda3/envs/airflow/lib/python3.7/site-packages/airflow/example_dags/example_python_operator.py took 0.085 seconds
