[2022-02-28 14:25:46,362] {processor.py:163} INFO - Started process (PID=31706) to work on /opt/anaconda3/envs/airflow/lib/python3.7/site-packages/airflow/example_dags/example_kubernetes_executor.py
[2022-02-28 14:25:46,364] {processor.py:642} INFO - Processing file /opt/anaconda3/envs/airflow/lib/python3.7/site-packages/airflow/example_dags/example_kubernetes_executor.py for tasks to queue
[2022-02-28 14:25:46,365] {logging_mixin.py:109} INFO - [2022-02-28 14:25:46,365] {dagbag.py:500} INFO - Filling up the DagBag from /opt/anaconda3/envs/airflow/lib/python3.7/site-packages/airflow/example_dags/example_kubernetes_executor.py
[2022-02-28 14:25:46,379] {logging_mixin.py:109} INFO - [2022-02-28 14:25:46,379] {example_kubernetes_executor.py:40} WARNING - The example_kubernetes_executor example DAG requires the kubernetes provider. Please install it with: pip install apache-airflow[cncf.kubernetes]
[2022-02-28 14:25:46,389] {processor.py:656} WARNING - No viable dags retrieved from /opt/anaconda3/envs/airflow/lib/python3.7/site-packages/airflow/example_dags/example_kubernetes_executor.py
[2022-02-28 14:25:46,391] {processor.py:171} INFO - Processing /opt/anaconda3/envs/airflow/lib/python3.7/site-packages/airflow/example_dags/example_kubernetes_executor.py took 0.032 seconds
[2022-02-28 14:26:27,165] {processor.py:163} INFO - Started process (PID=31759) to work on /opt/anaconda3/envs/airflow/lib/python3.7/site-packages/airflow/example_dags/example_kubernetes_executor.py
[2022-02-28 14:26:27,168] {processor.py:642} INFO - Processing file /opt/anaconda3/envs/airflow/lib/python3.7/site-packages/airflow/example_dags/example_kubernetes_executor.py for tasks to queue
[2022-02-28 14:26:27,170] {logging_mixin.py:109} INFO - [2022-02-28 14:26:27,169] {dagbag.py:500} INFO - Filling up the DagBag from /opt/anaconda3/envs/airflow/lib/python3.7/site-packages/airflow/example_dags/example_kubernetes_executor.py
[2022-02-28 14:26:27,190] {logging_mixin.py:109} INFO - [2022-02-28 14:26:27,190] {example_kubernetes_executor.py:40} WARNING - The example_kubernetes_executor example DAG requires the kubernetes provider. Please install it with: pip install apache-airflow[cncf.kubernetes]
[2022-02-28 14:26:27,201] {processor.py:656} WARNING - No viable dags retrieved from /opt/anaconda3/envs/airflow/lib/python3.7/site-packages/airflow/example_dags/example_kubernetes_executor.py
[2022-02-28 14:26:27,207] {processor.py:171} INFO - Processing /opt/anaconda3/envs/airflow/lib/python3.7/site-packages/airflow/example_dags/example_kubernetes_executor.py took 0.048 seconds
[2022-02-28 14:27:10,819] {processor.py:163} INFO - Started process (PID=31814) to work on /opt/anaconda3/envs/airflow/lib/python3.7/site-packages/airflow/example_dags/example_kubernetes_executor.py
[2022-02-28 14:27:10,821] {processor.py:642} INFO - Processing file /opt/anaconda3/envs/airflow/lib/python3.7/site-packages/airflow/example_dags/example_kubernetes_executor.py for tasks to queue
[2022-02-28 14:27:10,823] {logging_mixin.py:109} INFO - [2022-02-28 14:27:10,822] {dagbag.py:500} INFO - Filling up the DagBag from /opt/anaconda3/envs/airflow/lib/python3.7/site-packages/airflow/example_dags/example_kubernetes_executor.py
[2022-02-28 14:27:10,839] {logging_mixin.py:109} INFO - [2022-02-28 14:27:10,839] {example_kubernetes_executor.py:40} WARNING - The example_kubernetes_executor example DAG requires the kubernetes provider. Please install it with: pip install apache-airflow[cncf.kubernetes]
[2022-02-28 14:27:10,848] {processor.py:656} WARNING - No viable dags retrieved from /opt/anaconda3/envs/airflow/lib/python3.7/site-packages/airflow/example_dags/example_kubernetes_executor.py
[2022-02-28 14:27:10,850] {processor.py:171} INFO - Processing /opt/anaconda3/envs/airflow/lib/python3.7/site-packages/airflow/example_dags/example_kubernetes_executor.py took 0.035 seconds
[2022-02-28 14:27:56,324] {processor.py:163} INFO - Started process (PID=31878) to work on /opt/anaconda3/envs/airflow/lib/python3.7/site-packages/airflow/example_dags/example_kubernetes_executor.py
[2022-02-28 14:27:56,327] {processor.py:642} INFO - Processing file /opt/anaconda3/envs/airflow/lib/python3.7/site-packages/airflow/example_dags/example_kubernetes_executor.py for tasks to queue
[2022-02-28 14:27:56,329] {logging_mixin.py:109} INFO - [2022-02-28 14:27:56,328] {dagbag.py:500} INFO - Filling up the DagBag from /opt/anaconda3/envs/airflow/lib/python3.7/site-packages/airflow/example_dags/example_kubernetes_executor.py
[2022-02-28 14:27:56,346] {logging_mixin.py:109} INFO - [2022-02-28 14:27:56,345] {example_kubernetes_executor.py:40} WARNING - The example_kubernetes_executor example DAG requires the kubernetes provider. Please install it with: pip install apache-airflow[cncf.kubernetes]
[2022-02-28 14:27:56,354] {processor.py:656} WARNING - No viable dags retrieved from /opt/anaconda3/envs/airflow/lib/python3.7/site-packages/airflow/example_dags/example_kubernetes_executor.py
[2022-02-28 14:27:56,357] {processor.py:171} INFO - Processing /opt/anaconda3/envs/airflow/lib/python3.7/site-packages/airflow/example_dags/example_kubernetes_executor.py took 0.037 seconds
[2022-02-28 14:29:12,854] {processor.py:163} INFO - Started process (PID=32047) to work on /opt/anaconda3/envs/airflow/lib/python3.7/site-packages/airflow/example_dags/example_kubernetes_executor.py
[2022-02-28 14:29:12,856] {processor.py:642} INFO - Processing file /opt/anaconda3/envs/airflow/lib/python3.7/site-packages/airflow/example_dags/example_kubernetes_executor.py for tasks to queue
[2022-02-28 14:29:12,857] {logging_mixin.py:109} INFO - [2022-02-28 14:29:12,857] {dagbag.py:500} INFO - Filling up the DagBag from /opt/anaconda3/envs/airflow/lib/python3.7/site-packages/airflow/example_dags/example_kubernetes_executor.py
[2022-02-28 14:29:12,870] {logging_mixin.py:109} INFO - [2022-02-28 14:29:12,870] {example_kubernetes_executor.py:40} WARNING - The example_kubernetes_executor example DAG requires the kubernetes provider. Please install it with: pip install apache-airflow[cncf.kubernetes]
[2022-02-28 14:29:12,881] {processor.py:656} WARNING - No viable dags retrieved from /opt/anaconda3/envs/airflow/lib/python3.7/site-packages/airflow/example_dags/example_kubernetes_executor.py
[2022-02-28 14:29:12,884] {processor.py:171} INFO - Processing /opt/anaconda3/envs/airflow/lib/python3.7/site-packages/airflow/example_dags/example_kubernetes_executor.py took 0.033 seconds
[2022-02-28 14:29:55,765] {processor.py:163} INFO - Started process (PID=32102) to work on /opt/anaconda3/envs/airflow/lib/python3.7/site-packages/airflow/example_dags/example_kubernetes_executor.py
[2022-02-28 14:29:55,767] {processor.py:642} INFO - Processing file /opt/anaconda3/envs/airflow/lib/python3.7/site-packages/airflow/example_dags/example_kubernetes_executor.py for tasks to queue
[2022-02-28 14:29:55,768] {logging_mixin.py:109} INFO - [2022-02-28 14:29:55,767] {dagbag.py:500} INFO - Filling up the DagBag from /opt/anaconda3/envs/airflow/lib/python3.7/site-packages/airflow/example_dags/example_kubernetes_executor.py
[2022-02-28 14:29:55,784] {logging_mixin.py:109} INFO - [2022-02-28 14:29:55,784] {example_kubernetes_executor.py:40} WARNING - The example_kubernetes_executor example DAG requires the kubernetes provider. Please install it with: pip install apache-airflow[cncf.kubernetes]
[2022-02-28 14:29:55,796] {processor.py:656} WARNING - No viable dags retrieved from /opt/anaconda3/envs/airflow/lib/python3.7/site-packages/airflow/example_dags/example_kubernetes_executor.py
[2022-02-28 14:29:55,799] {processor.py:171} INFO - Processing /opt/anaconda3/envs/airflow/lib/python3.7/site-packages/airflow/example_dags/example_kubernetes_executor.py took 0.039 seconds
[2022-02-28 14:30:38,843] {processor.py:163} INFO - Started process (PID=32157) to work on /opt/anaconda3/envs/airflow/lib/python3.7/site-packages/airflow/example_dags/example_kubernetes_executor.py
[2022-02-28 14:30:38,845] {processor.py:642} INFO - Processing file /opt/anaconda3/envs/airflow/lib/python3.7/site-packages/airflow/example_dags/example_kubernetes_executor.py for tasks to queue
[2022-02-28 14:30:38,847] {logging_mixin.py:109} INFO - [2022-02-28 14:30:38,846] {dagbag.py:500} INFO - Filling up the DagBag from /opt/anaconda3/envs/airflow/lib/python3.7/site-packages/airflow/example_dags/example_kubernetes_executor.py
[2022-02-28 14:30:38,886] {logging_mixin.py:109} INFO - [2022-02-28 14:30:38,886] {example_kubernetes_executor.py:40} WARNING - The example_kubernetes_executor example DAG requires the kubernetes provider. Please install it with: pip install apache-airflow[cncf.kubernetes]
[2022-02-28 14:30:38,910] {processor.py:656} WARNING - No viable dags retrieved from /opt/anaconda3/envs/airflow/lib/python3.7/site-packages/airflow/example_dags/example_kubernetes_executor.py
[2022-02-28 14:30:38,919] {processor.py:171} INFO - Processing /opt/anaconda3/envs/airflow/lib/python3.7/site-packages/airflow/example_dags/example_kubernetes_executor.py took 0.082 seconds
[2022-02-28 14:31:19,998] {processor.py:163} INFO - Started process (PID=32208) to work on /opt/anaconda3/envs/airflow/lib/python3.7/site-packages/airflow/example_dags/example_kubernetes_executor.py
[2022-02-28 14:31:20,002] {processor.py:642} INFO - Processing file /opt/anaconda3/envs/airflow/lib/python3.7/site-packages/airflow/example_dags/example_kubernetes_executor.py for tasks to queue
[2022-02-28 14:31:20,003] {logging_mixin.py:109} INFO - [2022-02-28 14:31:20,003] {dagbag.py:500} INFO - Filling up the DagBag from /opt/anaconda3/envs/airflow/lib/python3.7/site-packages/airflow/example_dags/example_kubernetes_executor.py
[2022-02-28 14:31:20,021] {logging_mixin.py:109} INFO - [2022-02-28 14:31:20,021] {example_kubernetes_executor.py:40} WARNING - The example_kubernetes_executor example DAG requires the kubernetes provider. Please install it with: pip install apache-airflow[cncf.kubernetes]
[2022-02-28 14:31:20,030] {processor.py:656} WARNING - No viable dags retrieved from /opt/anaconda3/envs/airflow/lib/python3.7/site-packages/airflow/example_dags/example_kubernetes_executor.py
[2022-02-28 14:31:20,033] {processor.py:171} INFO - Processing /opt/anaconda3/envs/airflow/lib/python3.7/site-packages/airflow/example_dags/example_kubernetes_executor.py took 0.038 seconds
[2022-02-28 14:33:15,780] {processor.py:163} INFO - Started process (PID=32338) to work on /opt/anaconda3/envs/airflow/lib/python3.7/site-packages/airflow/example_dags/example_kubernetes_executor.py
[2022-02-28 14:33:15,782] {processor.py:642} INFO - Processing file /opt/anaconda3/envs/airflow/lib/python3.7/site-packages/airflow/example_dags/example_kubernetes_executor.py for tasks to queue
[2022-02-28 14:33:15,784] {logging_mixin.py:109} INFO - [2022-02-28 14:33:15,784] {dagbag.py:500} INFO - Filling up the DagBag from /opt/anaconda3/envs/airflow/lib/python3.7/site-packages/airflow/example_dags/example_kubernetes_executor.py
[2022-02-28 14:33:15,800] {logging_mixin.py:109} INFO - [2022-02-28 14:33:15,800] {example_kubernetes_executor.py:40} WARNING - The example_kubernetes_executor example DAG requires the kubernetes provider. Please install it with: pip install apache-airflow[cncf.kubernetes]
[2022-02-28 14:33:15,811] {processor.py:656} WARNING - No viable dags retrieved from /opt/anaconda3/envs/airflow/lib/python3.7/site-packages/airflow/example_dags/example_kubernetes_executor.py
[2022-02-28 14:33:15,813] {processor.py:171} INFO - Processing /opt/anaconda3/envs/airflow/lib/python3.7/site-packages/airflow/example_dags/example_kubernetes_executor.py took 0.038 seconds
[2022-02-28 14:33:58,816] {processor.py:163} INFO - Started process (PID=32411) to work on /opt/anaconda3/envs/airflow/lib/python3.7/site-packages/airflow/example_dags/example_kubernetes_executor.py
[2022-02-28 14:33:58,819] {processor.py:642} INFO - Processing file /opt/anaconda3/envs/airflow/lib/python3.7/site-packages/airflow/example_dags/example_kubernetes_executor.py for tasks to queue
[2022-02-28 14:33:58,820] {logging_mixin.py:109} INFO - [2022-02-28 14:33:58,820] {dagbag.py:500} INFO - Filling up the DagBag from /opt/anaconda3/envs/airflow/lib/python3.7/site-packages/airflow/example_dags/example_kubernetes_executor.py
[2022-02-28 14:33:58,836] {logging_mixin.py:109} INFO - [2022-02-28 14:33:58,836] {example_kubernetes_executor.py:40} WARNING - The example_kubernetes_executor example DAG requires the kubernetes provider. Please install it with: pip install apache-airflow[cncf.kubernetes]
[2022-02-28 14:33:58,845] {processor.py:656} WARNING - No viable dags retrieved from /opt/anaconda3/envs/airflow/lib/python3.7/site-packages/airflow/example_dags/example_kubernetes_executor.py
[2022-02-28 14:33:58,848] {processor.py:171} INFO - Processing /opt/anaconda3/envs/airflow/lib/python3.7/site-packages/airflow/example_dags/example_kubernetes_executor.py took 0.036 seconds
[2022-02-28 14:34:44,033] {processor.py:163} INFO - Started process (PID=32476) to work on /opt/anaconda3/envs/airflow/lib/python3.7/site-packages/airflow/example_dags/example_kubernetes_executor.py
[2022-02-28 14:34:44,036] {processor.py:642} INFO - Processing file /opt/anaconda3/envs/airflow/lib/python3.7/site-packages/airflow/example_dags/example_kubernetes_executor.py for tasks to queue
[2022-02-28 14:34:44,037] {logging_mixin.py:109} INFO - [2022-02-28 14:34:44,037] {dagbag.py:500} INFO - Filling up the DagBag from /opt/anaconda3/envs/airflow/lib/python3.7/site-packages/airflow/example_dags/example_kubernetes_executor.py
[2022-02-28 14:34:44,057] {logging_mixin.py:109} INFO - [2022-02-28 14:34:44,057] {example_kubernetes_executor.py:40} WARNING - The example_kubernetes_executor example DAG requires the kubernetes provider. Please install it with: pip install apache-airflow[cncf.kubernetes]
[2022-02-28 14:34:44,068] {processor.py:656} WARNING - No viable dags retrieved from /opt/anaconda3/envs/airflow/lib/python3.7/site-packages/airflow/example_dags/example_kubernetes_executor.py
[2022-02-28 14:34:44,071] {processor.py:171} INFO - Processing /opt/anaconda3/envs/airflow/lib/python3.7/site-packages/airflow/example_dags/example_kubernetes_executor.py took 0.042 seconds
[2022-02-28 14:35:23,552] {processor.py:163} INFO - Started process (PID=32518) to work on /opt/anaconda3/envs/airflow/lib/python3.7/site-packages/airflow/example_dags/example_kubernetes_executor.py
[2022-02-28 14:35:23,555] {processor.py:642} INFO - Processing file /opt/anaconda3/envs/airflow/lib/python3.7/site-packages/airflow/example_dags/example_kubernetes_executor.py for tasks to queue
[2022-02-28 14:35:23,556] {logging_mixin.py:109} INFO - [2022-02-28 14:35:23,556] {dagbag.py:500} INFO - Filling up the DagBag from /opt/anaconda3/envs/airflow/lib/python3.7/site-packages/airflow/example_dags/example_kubernetes_executor.py
[2022-02-28 14:35:23,581] {logging_mixin.py:109} INFO - [2022-02-28 14:35:23,580] {example_kubernetes_executor.py:40} WARNING - The example_kubernetes_executor example DAG requires the kubernetes provider. Please install it with: pip install apache-airflow[cncf.kubernetes]
[2022-02-28 14:35:23,594] {processor.py:656} WARNING - No viable dags retrieved from /opt/anaconda3/envs/airflow/lib/python3.7/site-packages/airflow/example_dags/example_kubernetes_executor.py
[2022-02-28 14:35:23,600] {processor.py:171} INFO - Processing /opt/anaconda3/envs/airflow/lib/python3.7/site-packages/airflow/example_dags/example_kubernetes_executor.py took 0.056 seconds
[2022-02-28 14:36:09,865] {processor.py:163} INFO - Started process (PID=32566) to work on /opt/anaconda3/envs/airflow/lib/python3.7/site-packages/airflow/example_dags/example_kubernetes_executor.py
[2022-02-28 14:36:09,866] {processor.py:642} INFO - Processing file /opt/anaconda3/envs/airflow/lib/python3.7/site-packages/airflow/example_dags/example_kubernetes_executor.py for tasks to queue
[2022-02-28 14:36:09,867] {logging_mixin.py:109} INFO - [2022-02-28 14:36:09,867] {dagbag.py:500} INFO - Filling up the DagBag from /opt/anaconda3/envs/airflow/lib/python3.7/site-packages/airflow/example_dags/example_kubernetes_executor.py
[2022-02-28 14:36:09,881] {logging_mixin.py:109} INFO - [2022-02-28 14:36:09,881] {example_kubernetes_executor.py:40} WARNING - The example_kubernetes_executor example DAG requires the kubernetes provider. Please install it with: pip install apache-airflow[cncf.kubernetes]
[2022-02-28 14:36:09,892] {processor.py:656} WARNING - No viable dags retrieved from /opt/anaconda3/envs/airflow/lib/python3.7/site-packages/airflow/example_dags/example_kubernetes_executor.py
[2022-02-28 14:36:09,894] {processor.py:171} INFO - Processing /opt/anaconda3/envs/airflow/lib/python3.7/site-packages/airflow/example_dags/example_kubernetes_executor.py took 0.033 seconds
[2022-02-28 14:36:50,378] {processor.py:163} INFO - Started process (PID=32610) to work on /opt/anaconda3/envs/airflow/lib/python3.7/site-packages/airflow/example_dags/example_kubernetes_executor.py
[2022-02-28 14:36:50,379] {processor.py:642} INFO - Processing file /opt/anaconda3/envs/airflow/lib/python3.7/site-packages/airflow/example_dags/example_kubernetes_executor.py for tasks to queue
[2022-02-28 14:36:50,380] {logging_mixin.py:109} INFO - [2022-02-28 14:36:50,380] {dagbag.py:500} INFO - Filling up the DagBag from /opt/anaconda3/envs/airflow/lib/python3.7/site-packages/airflow/example_dags/example_kubernetes_executor.py
[2022-02-28 14:36:50,396] {logging_mixin.py:109} INFO - [2022-02-28 14:36:50,396] {example_kubernetes_executor.py:40} WARNING - The example_kubernetes_executor example DAG requires the kubernetes provider. Please install it with: pip install apache-airflow[cncf.kubernetes]
[2022-02-28 14:36:50,407] {processor.py:656} WARNING - No viable dags retrieved from /opt/anaconda3/envs/airflow/lib/python3.7/site-packages/airflow/example_dags/example_kubernetes_executor.py
[2022-02-28 14:36:50,410] {processor.py:171} INFO - Processing /opt/anaconda3/envs/airflow/lib/python3.7/site-packages/airflow/example_dags/example_kubernetes_executor.py took 0.037 seconds
[2022-02-28 14:37:30,469] {processor.py:163} INFO - Started process (PID=32646) to work on /opt/anaconda3/envs/airflow/lib/python3.7/site-packages/airflow/example_dags/example_kubernetes_executor.py
[2022-02-28 14:37:30,473] {processor.py:642} INFO - Processing file /opt/anaconda3/envs/airflow/lib/python3.7/site-packages/airflow/example_dags/example_kubernetes_executor.py for tasks to queue
[2022-02-28 14:37:30,474] {logging_mixin.py:109} INFO - [2022-02-28 14:37:30,474] {dagbag.py:500} INFO - Filling up the DagBag from /opt/anaconda3/envs/airflow/lib/python3.7/site-packages/airflow/example_dags/example_kubernetes_executor.py
[2022-02-28 14:37:30,489] {logging_mixin.py:109} INFO - [2022-02-28 14:37:30,489] {example_kubernetes_executor.py:40} WARNING - The example_kubernetes_executor example DAG requires the kubernetes provider. Please install it with: pip install apache-airflow[cncf.kubernetes]
[2022-02-28 14:37:30,501] {processor.py:656} WARNING - No viable dags retrieved from /opt/anaconda3/envs/airflow/lib/python3.7/site-packages/airflow/example_dags/example_kubernetes_executor.py
[2022-02-28 14:37:30,504] {processor.py:171} INFO - Processing /opt/anaconda3/envs/airflow/lib/python3.7/site-packages/airflow/example_dags/example_kubernetes_executor.py took 0.039 seconds
[2022-02-28 14:38:13,273] {processor.py:163} INFO - Started process (PID=32686) to work on /opt/anaconda3/envs/airflow/lib/python3.7/site-packages/airflow/example_dags/example_kubernetes_executor.py
[2022-02-28 14:38:13,276] {processor.py:642} INFO - Processing file /opt/anaconda3/envs/airflow/lib/python3.7/site-packages/airflow/example_dags/example_kubernetes_executor.py for tasks to queue
[2022-02-28 14:38:13,277] {logging_mixin.py:109} INFO - [2022-02-28 14:38:13,277] {dagbag.py:500} INFO - Filling up the DagBag from /opt/anaconda3/envs/airflow/lib/python3.7/site-packages/airflow/example_dags/example_kubernetes_executor.py
[2022-02-28 14:38:13,290] {logging_mixin.py:109} INFO - [2022-02-28 14:38:13,290] {example_kubernetes_executor.py:40} WARNING - The example_kubernetes_executor example DAG requires the kubernetes provider. Please install it with: pip install apache-airflow[cncf.kubernetes]
[2022-02-28 14:38:13,301] {processor.py:656} WARNING - No viable dags retrieved from /opt/anaconda3/envs/airflow/lib/python3.7/site-packages/airflow/example_dags/example_kubernetes_executor.py
[2022-02-28 14:38:13,304] {processor.py:171} INFO - Processing /opt/anaconda3/envs/airflow/lib/python3.7/site-packages/airflow/example_dags/example_kubernetes_executor.py took 0.035 seconds
[2022-02-28 14:38:51,202] {processor.py:163} INFO - Started process (PID=32723) to work on /opt/anaconda3/envs/airflow/lib/python3.7/site-packages/airflow/example_dags/example_kubernetes_executor.py
[2022-02-28 14:38:51,205] {processor.py:642} INFO - Processing file /opt/anaconda3/envs/airflow/lib/python3.7/site-packages/airflow/example_dags/example_kubernetes_executor.py for tasks to queue
[2022-02-28 14:38:51,206] {logging_mixin.py:109} INFO - [2022-02-28 14:38:51,206] {dagbag.py:500} INFO - Filling up the DagBag from /opt/anaconda3/envs/airflow/lib/python3.7/site-packages/airflow/example_dags/example_kubernetes_executor.py
[2022-02-28 14:38:51,222] {logging_mixin.py:109} INFO - [2022-02-28 14:38:51,222] {example_kubernetes_executor.py:40} WARNING - The example_kubernetes_executor example DAG requires the kubernetes provider. Please install it with: pip install apache-airflow[cncf.kubernetes]
[2022-02-28 14:38:51,232] {processor.py:656} WARNING - No viable dags retrieved from /opt/anaconda3/envs/airflow/lib/python3.7/site-packages/airflow/example_dags/example_kubernetes_executor.py
[2022-02-28 14:38:51,234] {processor.py:171} INFO - Processing /opt/anaconda3/envs/airflow/lib/python3.7/site-packages/airflow/example_dags/example_kubernetes_executor.py took 0.036 seconds
[2022-02-28 14:39:30,226] {processor.py:163} INFO - Started process (PID=32763) to work on /opt/anaconda3/envs/airflow/lib/python3.7/site-packages/airflow/example_dags/example_kubernetes_executor.py
[2022-02-28 14:39:30,228] {processor.py:642} INFO - Processing file /opt/anaconda3/envs/airflow/lib/python3.7/site-packages/airflow/example_dags/example_kubernetes_executor.py for tasks to queue
[2022-02-28 14:39:30,229] {logging_mixin.py:109} INFO - [2022-02-28 14:39:30,229] {dagbag.py:500} INFO - Filling up the DagBag from /opt/anaconda3/envs/airflow/lib/python3.7/site-packages/airflow/example_dags/example_kubernetes_executor.py
[2022-02-28 14:39:30,245] {logging_mixin.py:109} INFO - [2022-02-28 14:39:30,245] {example_kubernetes_executor.py:40} WARNING - The example_kubernetes_executor example DAG requires the kubernetes provider. Please install it with: pip install apache-airflow[cncf.kubernetes]
[2022-02-28 14:39:30,255] {processor.py:656} WARNING - No viable dags retrieved from /opt/anaconda3/envs/airflow/lib/python3.7/site-packages/airflow/example_dags/example_kubernetes_executor.py
[2022-02-28 14:39:30,257] {processor.py:171} INFO - Processing /opt/anaconda3/envs/airflow/lib/python3.7/site-packages/airflow/example_dags/example_kubernetes_executor.py took 0.035 seconds
[2022-02-28 14:40:11,247] {processor.py:163} INFO - Started process (PID=32812) to work on /opt/anaconda3/envs/airflow/lib/python3.7/site-packages/airflow/example_dags/example_kubernetes_executor.py
[2022-02-28 14:40:11,250] {processor.py:642} INFO - Processing file /opt/anaconda3/envs/airflow/lib/python3.7/site-packages/airflow/example_dags/example_kubernetes_executor.py for tasks to queue
[2022-02-28 14:40:11,251] {logging_mixin.py:109} INFO - [2022-02-28 14:40:11,251] {dagbag.py:500} INFO - Filling up the DagBag from /opt/anaconda3/envs/airflow/lib/python3.7/site-packages/airflow/example_dags/example_kubernetes_executor.py
[2022-02-28 14:40:11,272] {logging_mixin.py:109} INFO - [2022-02-28 14:40:11,272] {example_kubernetes_executor.py:40} WARNING - The example_kubernetes_executor example DAG requires the kubernetes provider. Please install it with: pip install apache-airflow[cncf.kubernetes]
[2022-02-28 14:40:11,286] {processor.py:656} WARNING - No viable dags retrieved from /opt/anaconda3/envs/airflow/lib/python3.7/site-packages/airflow/example_dags/example_kubernetes_executor.py
[2022-02-28 14:40:11,290] {processor.py:171} INFO - Processing /opt/anaconda3/envs/airflow/lib/python3.7/site-packages/airflow/example_dags/example_kubernetes_executor.py took 0.047 seconds
[2022-02-28 14:40:51,758] {processor.py:163} INFO - Started process (PID=32851) to work on /opt/anaconda3/envs/airflow/lib/python3.7/site-packages/airflow/example_dags/example_kubernetes_executor.py
[2022-02-28 14:40:51,761] {processor.py:642} INFO - Processing file /opt/anaconda3/envs/airflow/lib/python3.7/site-packages/airflow/example_dags/example_kubernetes_executor.py for tasks to queue
[2022-02-28 14:40:51,762] {logging_mixin.py:109} INFO - [2022-02-28 14:40:51,762] {dagbag.py:500} INFO - Filling up the DagBag from /opt/anaconda3/envs/airflow/lib/python3.7/site-packages/airflow/example_dags/example_kubernetes_executor.py
[2022-02-28 14:40:51,778] {logging_mixin.py:109} INFO - [2022-02-28 14:40:51,778] {example_kubernetes_executor.py:40} WARNING - The example_kubernetes_executor example DAG requires the kubernetes provider. Please install it with: pip install apache-airflow[cncf.kubernetes]
[2022-02-28 14:40:51,788] {processor.py:656} WARNING - No viable dags retrieved from /opt/anaconda3/envs/airflow/lib/python3.7/site-packages/airflow/example_dags/example_kubernetes_executor.py
[2022-02-28 14:40:51,790] {processor.py:171} INFO - Processing /opt/anaconda3/envs/airflow/lib/python3.7/site-packages/airflow/example_dags/example_kubernetes_executor.py took 0.040 seconds
[2022-02-28 14:41:35,267] {processor.py:163} INFO - Started process (PID=32893) to work on /opt/anaconda3/envs/airflow/lib/python3.7/site-packages/airflow/example_dags/example_kubernetes_executor.py
[2022-02-28 14:41:35,268] {processor.py:642} INFO - Processing file /opt/anaconda3/envs/airflow/lib/python3.7/site-packages/airflow/example_dags/example_kubernetes_executor.py for tasks to queue
[2022-02-28 14:41:35,270] {logging_mixin.py:109} INFO - [2022-02-28 14:41:35,269] {dagbag.py:500} INFO - Filling up the DagBag from /opt/anaconda3/envs/airflow/lib/python3.7/site-packages/airflow/example_dags/example_kubernetes_executor.py
[2022-02-28 14:41:35,290] {logging_mixin.py:109} INFO - [2022-02-28 14:41:35,290] {example_kubernetes_executor.py:40} WARNING - The example_kubernetes_executor example DAG requires the kubernetes provider. Please install it with: pip install apache-airflow[cncf.kubernetes]
[2022-02-28 14:41:35,302] {processor.py:656} WARNING - No viable dags retrieved from /opt/anaconda3/envs/airflow/lib/python3.7/site-packages/airflow/example_dags/example_kubernetes_executor.py
[2022-02-28 14:41:35,306] {processor.py:171} INFO - Processing /opt/anaconda3/envs/airflow/lib/python3.7/site-packages/airflow/example_dags/example_kubernetes_executor.py took 0.043 seconds
[2022-02-28 14:42:12,814] {processor.py:163} INFO - Started process (PID=32932) to work on /opt/anaconda3/envs/airflow/lib/python3.7/site-packages/airflow/example_dags/example_kubernetes_executor.py
[2022-02-28 14:42:12,818] {processor.py:642} INFO - Processing file /opt/anaconda3/envs/airflow/lib/python3.7/site-packages/airflow/example_dags/example_kubernetes_executor.py for tasks to queue
[2022-02-28 14:42:12,822] {logging_mixin.py:109} INFO - [2022-02-28 14:42:12,821] {dagbag.py:500} INFO - Filling up the DagBag from /opt/anaconda3/envs/airflow/lib/python3.7/site-packages/airflow/example_dags/example_kubernetes_executor.py
[2022-02-28 14:42:12,841] {logging_mixin.py:109} INFO - [2022-02-28 14:42:12,841] {example_kubernetes_executor.py:40} WARNING - The example_kubernetes_executor example DAG requires the kubernetes provider. Please install it with: pip install apache-airflow[cncf.kubernetes]
[2022-02-28 14:42:12,854] {processor.py:656} WARNING - No viable dags retrieved from /opt/anaconda3/envs/airflow/lib/python3.7/site-packages/airflow/example_dags/example_kubernetes_executor.py
[2022-02-28 14:42:12,857] {processor.py:171} INFO - Processing /opt/anaconda3/envs/airflow/lib/python3.7/site-packages/airflow/example_dags/example_kubernetes_executor.py took 0.048 seconds
[2022-02-28 14:43:03,318] {processor.py:163} INFO - Started process (PID=32991) to work on /opt/anaconda3/envs/airflow/lib/python3.7/site-packages/airflow/example_dags/example_kubernetes_executor.py
[2022-02-28 14:43:03,320] {processor.py:642} INFO - Processing file /opt/anaconda3/envs/airflow/lib/python3.7/site-packages/airflow/example_dags/example_kubernetes_executor.py for tasks to queue
[2022-02-28 14:43:03,322] {logging_mixin.py:109} INFO - [2022-02-28 14:43:03,322] {dagbag.py:500} INFO - Filling up the DagBag from /opt/anaconda3/envs/airflow/lib/python3.7/site-packages/airflow/example_dags/example_kubernetes_executor.py
[2022-02-28 14:43:03,340] {logging_mixin.py:109} INFO - [2022-02-28 14:43:03,339] {example_kubernetes_executor.py:40} WARNING - The example_kubernetes_executor example DAG requires the kubernetes provider. Please install it with: pip install apache-airflow[cncf.kubernetes]
[2022-02-28 14:43:03,353] {processor.py:656} WARNING - No viable dags retrieved from /opt/anaconda3/envs/airflow/lib/python3.7/site-packages/airflow/example_dags/example_kubernetes_executor.py
[2022-02-28 14:43:03,356] {processor.py:171} INFO - Processing /opt/anaconda3/envs/airflow/lib/python3.7/site-packages/airflow/example_dags/example_kubernetes_executor.py took 0.043 seconds
[2022-02-28 14:43:42,876] {processor.py:163} INFO - Started process (PID=33032) to work on /opt/anaconda3/envs/airflow/lib/python3.7/site-packages/airflow/example_dags/example_kubernetes_executor.py
[2022-02-28 14:43:42,879] {processor.py:642} INFO - Processing file /opt/anaconda3/envs/airflow/lib/python3.7/site-packages/airflow/example_dags/example_kubernetes_executor.py for tasks to queue
[2022-02-28 14:43:42,880] {logging_mixin.py:109} INFO - [2022-02-28 14:43:42,880] {dagbag.py:500} INFO - Filling up the DagBag from /opt/anaconda3/envs/airflow/lib/python3.7/site-packages/airflow/example_dags/example_kubernetes_executor.py
[2022-02-28 14:43:42,894] {logging_mixin.py:109} INFO - [2022-02-28 14:43:42,893] {example_kubernetes_executor.py:40} WARNING - The example_kubernetes_executor example DAG requires the kubernetes provider. Please install it with: pip install apache-airflow[cncf.kubernetes]
[2022-02-28 14:43:42,904] {processor.py:656} WARNING - No viable dags retrieved from /opt/anaconda3/envs/airflow/lib/python3.7/site-packages/airflow/example_dags/example_kubernetes_executor.py
[2022-02-28 14:43:42,907] {processor.py:171} INFO - Processing /opt/anaconda3/envs/airflow/lib/python3.7/site-packages/airflow/example_dags/example_kubernetes_executor.py took 0.035 seconds
[2022-02-28 14:44:38,086] {processor.py:163} INFO - Started process (PID=33096) to work on /opt/anaconda3/envs/airflow/lib/python3.7/site-packages/airflow/example_dags/example_kubernetes_executor.py
[2022-02-28 14:44:38,089] {processor.py:642} INFO - Processing file /opt/anaconda3/envs/airflow/lib/python3.7/site-packages/airflow/example_dags/example_kubernetes_executor.py for tasks to queue
[2022-02-28 14:44:38,090] {logging_mixin.py:109} INFO - [2022-02-28 14:44:38,090] {dagbag.py:500} INFO - Filling up the DagBag from /opt/anaconda3/envs/airflow/lib/python3.7/site-packages/airflow/example_dags/example_kubernetes_executor.py
[2022-02-28 14:44:38,104] {logging_mixin.py:109} INFO - [2022-02-28 14:44:38,103] {example_kubernetes_executor.py:40} WARNING - The example_kubernetes_executor example DAG requires the kubernetes provider. Please install it with: pip install apache-airflow[cncf.kubernetes]
[2022-02-28 14:44:38,113] {processor.py:656} WARNING - No viable dags retrieved from /opt/anaconda3/envs/airflow/lib/python3.7/site-packages/airflow/example_dags/example_kubernetes_executor.py
[2022-02-28 14:44:38,116] {processor.py:171} INFO - Processing /opt/anaconda3/envs/airflow/lib/python3.7/site-packages/airflow/example_dags/example_kubernetes_executor.py took 0.034 seconds
[2022-02-28 14:45:19,541] {processor.py:163} INFO - Started process (PID=33155) to work on /opt/anaconda3/envs/airflow/lib/python3.7/site-packages/airflow/example_dags/example_kubernetes_executor.py
[2022-02-28 14:45:19,545] {processor.py:642} INFO - Processing file /opt/anaconda3/envs/airflow/lib/python3.7/site-packages/airflow/example_dags/example_kubernetes_executor.py for tasks to queue
[2022-02-28 14:45:19,546] {logging_mixin.py:109} INFO - [2022-02-28 14:45:19,546] {dagbag.py:500} INFO - Filling up the DagBag from /opt/anaconda3/envs/airflow/lib/python3.7/site-packages/airflow/example_dags/example_kubernetes_executor.py
[2022-02-28 14:45:19,562] {logging_mixin.py:109} INFO - [2022-02-28 14:45:19,562] {example_kubernetes_executor.py:40} WARNING - The example_kubernetes_executor example DAG requires the kubernetes provider. Please install it with: pip install apache-airflow[cncf.kubernetes]
[2022-02-28 14:45:19,573] {processor.py:656} WARNING - No viable dags retrieved from /opt/anaconda3/envs/airflow/lib/python3.7/site-packages/airflow/example_dags/example_kubernetes_executor.py
[2022-02-28 14:45:19,576] {processor.py:171} INFO - Processing /opt/anaconda3/envs/airflow/lib/python3.7/site-packages/airflow/example_dags/example_kubernetes_executor.py took 0.039 seconds
[2022-02-28 14:46:06,928] {processor.py:163} INFO - Started process (PID=33220) to work on /opt/anaconda3/envs/airflow/lib/python3.7/site-packages/airflow/example_dags/example_kubernetes_executor.py
[2022-02-28 14:46:06,930] {processor.py:642} INFO - Processing file /opt/anaconda3/envs/airflow/lib/python3.7/site-packages/airflow/example_dags/example_kubernetes_executor.py for tasks to queue
[2022-02-28 14:46:06,932] {logging_mixin.py:109} INFO - [2022-02-28 14:46:06,931] {dagbag.py:500} INFO - Filling up the DagBag from /opt/anaconda3/envs/airflow/lib/python3.7/site-packages/airflow/example_dags/example_kubernetes_executor.py
[2022-02-28 14:46:06,950] {logging_mixin.py:109} INFO - [2022-02-28 14:46:06,949] {example_kubernetes_executor.py:40} WARNING - The example_kubernetes_executor example DAG requires the kubernetes provider. Please install it with: pip install apache-airflow[cncf.kubernetes]
[2022-02-28 14:46:06,961] {processor.py:656} WARNING - No viable dags retrieved from /opt/anaconda3/envs/airflow/lib/python3.7/site-packages/airflow/example_dags/example_kubernetes_executor.py
[2022-02-28 14:46:06,964] {processor.py:171} INFO - Processing /opt/anaconda3/envs/airflow/lib/python3.7/site-packages/airflow/example_dags/example_kubernetes_executor.py took 0.039 seconds
[2022-02-28 14:46:46,747] {processor.py:163} INFO - Started process (PID=33258) to work on /opt/anaconda3/envs/airflow/lib/python3.7/site-packages/airflow/example_dags/example_kubernetes_executor.py
[2022-02-28 14:46:46,750] {processor.py:642} INFO - Processing file /opt/anaconda3/envs/airflow/lib/python3.7/site-packages/airflow/example_dags/example_kubernetes_executor.py for tasks to queue
[2022-02-28 14:46:46,751] {logging_mixin.py:109} INFO - [2022-02-28 14:46:46,751] {dagbag.py:500} INFO - Filling up the DagBag from /opt/anaconda3/envs/airflow/lib/python3.7/site-packages/airflow/example_dags/example_kubernetes_executor.py
[2022-02-28 14:46:46,767] {logging_mixin.py:109} INFO - [2022-02-28 14:46:46,767] {example_kubernetes_executor.py:40} WARNING - The example_kubernetes_executor example DAG requires the kubernetes provider. Please install it with: pip install apache-airflow[cncf.kubernetes]
[2022-02-28 14:46:46,778] {processor.py:656} WARNING - No viable dags retrieved from /opt/anaconda3/envs/airflow/lib/python3.7/site-packages/airflow/example_dags/example_kubernetes_executor.py
[2022-02-28 14:46:46,780] {processor.py:171} INFO - Processing /opt/anaconda3/envs/airflow/lib/python3.7/site-packages/airflow/example_dags/example_kubernetes_executor.py took 0.038 seconds
[2022-02-28 14:47:29,212] {processor.py:163} INFO - Started process (PID=33297) to work on /opt/anaconda3/envs/airflow/lib/python3.7/site-packages/airflow/example_dags/example_kubernetes_executor.py
[2022-02-28 14:47:29,214] {processor.py:642} INFO - Processing file /opt/anaconda3/envs/airflow/lib/python3.7/site-packages/airflow/example_dags/example_kubernetes_executor.py for tasks to queue
[2022-02-28 14:47:29,216] {logging_mixin.py:109} INFO - [2022-02-28 14:47:29,215] {dagbag.py:500} INFO - Filling up the DagBag from /opt/anaconda3/envs/airflow/lib/python3.7/site-packages/airflow/example_dags/example_kubernetes_executor.py
[2022-02-28 14:47:29,230] {logging_mixin.py:109} INFO - [2022-02-28 14:47:29,230] {example_kubernetes_executor.py:40} WARNING - The example_kubernetes_executor example DAG requires the kubernetes provider. Please install it with: pip install apache-airflow[cncf.kubernetes]
[2022-02-28 14:47:29,240] {processor.py:656} WARNING - No viable dags retrieved from /opt/anaconda3/envs/airflow/lib/python3.7/site-packages/airflow/example_dags/example_kubernetes_executor.py
[2022-02-28 14:47:29,243] {processor.py:171} INFO - Processing /opt/anaconda3/envs/airflow/lib/python3.7/site-packages/airflow/example_dags/example_kubernetes_executor.py took 0.035 seconds
[2022-02-28 14:48:07,321] {processor.py:163} INFO - Started process (PID=33336) to work on /opt/anaconda3/envs/airflow/lib/python3.7/site-packages/airflow/example_dags/example_kubernetes_executor.py
[2022-02-28 14:48:07,323] {processor.py:642} INFO - Processing file /opt/anaconda3/envs/airflow/lib/python3.7/site-packages/airflow/example_dags/example_kubernetes_executor.py for tasks to queue
[2022-02-28 14:48:07,324] {logging_mixin.py:109} INFO - [2022-02-28 14:48:07,323] {dagbag.py:500} INFO - Filling up the DagBag from /opt/anaconda3/envs/airflow/lib/python3.7/site-packages/airflow/example_dags/example_kubernetes_executor.py
[2022-02-28 14:48:07,338] {logging_mixin.py:109} INFO - [2022-02-28 14:48:07,338] {example_kubernetes_executor.py:40} WARNING - The example_kubernetes_executor example DAG requires the kubernetes provider. Please install it with: pip install apache-airflow[cncf.kubernetes]
[2022-02-28 14:48:07,348] {processor.py:656} WARNING - No viable dags retrieved from /opt/anaconda3/envs/airflow/lib/python3.7/site-packages/airflow/example_dags/example_kubernetes_executor.py
[2022-02-28 14:48:07,351] {processor.py:171} INFO - Processing /opt/anaconda3/envs/airflow/lib/python3.7/site-packages/airflow/example_dags/example_kubernetes_executor.py took 0.034 seconds
[2022-02-28 14:48:43,724] {processor.py:163} INFO - Started process (PID=33371) to work on /opt/anaconda3/envs/airflow/lib/python3.7/site-packages/airflow/example_dags/example_kubernetes_executor.py
[2022-02-28 14:48:43,727] {processor.py:642} INFO - Processing file /opt/anaconda3/envs/airflow/lib/python3.7/site-packages/airflow/example_dags/example_kubernetes_executor.py for tasks to queue
[2022-02-28 14:48:43,728] {logging_mixin.py:109} INFO - [2022-02-28 14:48:43,728] {dagbag.py:500} INFO - Filling up the DagBag from /opt/anaconda3/envs/airflow/lib/python3.7/site-packages/airflow/example_dags/example_kubernetes_executor.py
[2022-02-28 14:48:43,742] {logging_mixin.py:109} INFO - [2022-02-28 14:48:43,742] {example_kubernetes_executor.py:40} WARNING - The example_kubernetes_executor example DAG requires the kubernetes provider. Please install it with: pip install apache-airflow[cncf.kubernetes]
[2022-02-28 14:48:43,752] {processor.py:656} WARNING - No viable dags retrieved from /opt/anaconda3/envs/airflow/lib/python3.7/site-packages/airflow/example_dags/example_kubernetes_executor.py
[2022-02-28 14:48:43,754] {processor.py:171} INFO - Processing /opt/anaconda3/envs/airflow/lib/python3.7/site-packages/airflow/example_dags/example_kubernetes_executor.py took 0.035 seconds
[2022-02-28 14:49:23,392] {processor.py:163} INFO - Started process (PID=33408) to work on /opt/anaconda3/envs/airflow/lib/python3.7/site-packages/airflow/example_dags/example_kubernetes_executor.py
[2022-02-28 14:49:23,393] {processor.py:642} INFO - Processing file /opt/anaconda3/envs/airflow/lib/python3.7/site-packages/airflow/example_dags/example_kubernetes_executor.py for tasks to queue
[2022-02-28 14:49:23,395] {logging_mixin.py:109} INFO - [2022-02-28 14:49:23,394] {dagbag.py:500} INFO - Filling up the DagBag from /opt/anaconda3/envs/airflow/lib/python3.7/site-packages/airflow/example_dags/example_kubernetes_executor.py
[2022-02-28 14:49:23,408] {logging_mixin.py:109} INFO - [2022-02-28 14:49:23,407] {example_kubernetes_executor.py:40} WARNING - The example_kubernetes_executor example DAG requires the kubernetes provider. Please install it with: pip install apache-airflow[cncf.kubernetes]
[2022-02-28 14:49:23,417] {processor.py:656} WARNING - No viable dags retrieved from /opt/anaconda3/envs/airflow/lib/python3.7/site-packages/airflow/example_dags/example_kubernetes_executor.py
[2022-02-28 14:49:23,420] {processor.py:171} INFO - Processing /opt/anaconda3/envs/airflow/lib/python3.7/site-packages/airflow/example_dags/example_kubernetes_executor.py took 0.032 seconds
[2022-02-28 14:50:02,961] {processor.py:163} INFO - Started process (PID=33447) to work on /opt/anaconda3/envs/airflow/lib/python3.7/site-packages/airflow/example_dags/example_kubernetes_executor.py
[2022-02-28 14:50:02,964] {processor.py:642} INFO - Processing file /opt/anaconda3/envs/airflow/lib/python3.7/site-packages/airflow/example_dags/example_kubernetes_executor.py for tasks to queue
[2022-02-28 14:50:02,965] {logging_mixin.py:109} INFO - [2022-02-28 14:50:02,965] {dagbag.py:500} INFO - Filling up the DagBag from /opt/anaconda3/envs/airflow/lib/python3.7/site-packages/airflow/example_dags/example_kubernetes_executor.py
[2022-02-28 14:50:02,983] {logging_mixin.py:109} INFO - [2022-02-28 14:50:02,983] {example_kubernetes_executor.py:40} WARNING - The example_kubernetes_executor example DAG requires the kubernetes provider. Please install it with: pip install apache-airflow[cncf.kubernetes]
[2022-02-28 14:50:02,994] {processor.py:656} WARNING - No viable dags retrieved from /opt/anaconda3/envs/airflow/lib/python3.7/site-packages/airflow/example_dags/example_kubernetes_executor.py
[2022-02-28 14:50:02,997] {processor.py:171} INFO - Processing /opt/anaconda3/envs/airflow/lib/python3.7/site-packages/airflow/example_dags/example_kubernetes_executor.py took 0.040 seconds
[2022-02-28 14:50:44,792] {processor.py:163} INFO - Started process (PID=33500) to work on /opt/anaconda3/envs/airflow/lib/python3.7/site-packages/airflow/example_dags/example_kubernetes_executor.py
[2022-02-28 14:50:44,795] {processor.py:642} INFO - Processing file /opt/anaconda3/envs/airflow/lib/python3.7/site-packages/airflow/example_dags/example_kubernetes_executor.py for tasks to queue
[2022-02-28 14:50:44,797] {logging_mixin.py:109} INFO - [2022-02-28 14:50:44,796] {dagbag.py:500} INFO - Filling up the DagBag from /opt/anaconda3/envs/airflow/lib/python3.7/site-packages/airflow/example_dags/example_kubernetes_executor.py
[2022-02-28 14:50:44,824] {logging_mixin.py:109} INFO - [2022-02-28 14:50:44,823] {example_kubernetes_executor.py:40} WARNING - The example_kubernetes_executor example DAG requires the kubernetes provider. Please install it with: pip install apache-airflow[cncf.kubernetes]
[2022-02-28 14:50:44,840] {processor.py:656} WARNING - No viable dags retrieved from /opt/anaconda3/envs/airflow/lib/python3.7/site-packages/airflow/example_dags/example_kubernetes_executor.py
[2022-02-28 14:50:44,846] {processor.py:171} INFO - Processing /opt/anaconda3/envs/airflow/lib/python3.7/site-packages/airflow/example_dags/example_kubernetes_executor.py took 0.061 seconds
[2022-02-28 14:51:28,345] {processor.py:163} INFO - Started process (PID=33569) to work on /opt/anaconda3/envs/airflow/lib/python3.7/site-packages/airflow/example_dags/example_kubernetes_executor.py
[2022-02-28 14:51:28,347] {processor.py:642} INFO - Processing file /opt/anaconda3/envs/airflow/lib/python3.7/site-packages/airflow/example_dags/example_kubernetes_executor.py for tasks to queue
[2022-02-28 14:51:28,349] {logging_mixin.py:109} INFO - [2022-02-28 14:51:28,349] {dagbag.py:500} INFO - Filling up the DagBag from /opt/anaconda3/envs/airflow/lib/python3.7/site-packages/airflow/example_dags/example_kubernetes_executor.py
[2022-02-28 14:51:28,366] {logging_mixin.py:109} INFO - [2022-02-28 14:51:28,365] {example_kubernetes_executor.py:40} WARNING - The example_kubernetes_executor example DAG requires the kubernetes provider. Please install it with: pip install apache-airflow[cncf.kubernetes]
[2022-02-28 14:51:28,376] {processor.py:656} WARNING - No viable dags retrieved from /opt/anaconda3/envs/airflow/lib/python3.7/site-packages/airflow/example_dags/example_kubernetes_executor.py
[2022-02-28 14:51:28,378] {processor.py:171} INFO - Processing /opt/anaconda3/envs/airflow/lib/python3.7/site-packages/airflow/example_dags/example_kubernetes_executor.py took 0.037 seconds
[2022-02-28 14:52:08,475] {processor.py:163} INFO - Started process (PID=33607) to work on /opt/anaconda3/envs/airflow/lib/python3.7/site-packages/airflow/example_dags/example_kubernetes_executor.py
[2022-02-28 14:52:08,476] {processor.py:642} INFO - Processing file /opt/anaconda3/envs/airflow/lib/python3.7/site-packages/airflow/example_dags/example_kubernetes_executor.py for tasks to queue
[2022-02-28 14:52:08,477] {logging_mixin.py:109} INFO - [2022-02-28 14:52:08,477] {dagbag.py:500} INFO - Filling up the DagBag from /opt/anaconda3/envs/airflow/lib/python3.7/site-packages/airflow/example_dags/example_kubernetes_executor.py
[2022-02-28 14:52:08,492] {logging_mixin.py:109} INFO - [2022-02-28 14:52:08,491] {example_kubernetes_executor.py:40} WARNING - The example_kubernetes_executor example DAG requires the kubernetes provider. Please install it with: pip install apache-airflow[cncf.kubernetes]
[2022-02-28 14:52:08,501] {processor.py:656} WARNING - No viable dags retrieved from /opt/anaconda3/envs/airflow/lib/python3.7/site-packages/airflow/example_dags/example_kubernetes_executor.py
[2022-02-28 14:52:08,504] {processor.py:171} INFO - Processing /opt/anaconda3/envs/airflow/lib/python3.7/site-packages/airflow/example_dags/example_kubernetes_executor.py took 0.035 seconds
[2022-02-28 14:52:55,905] {processor.py:163} INFO - Started process (PID=33655) to work on /opt/anaconda3/envs/airflow/lib/python3.7/site-packages/airflow/example_dags/example_kubernetes_executor.py
[2022-02-28 14:52:55,908] {processor.py:642} INFO - Processing file /opt/anaconda3/envs/airflow/lib/python3.7/site-packages/airflow/example_dags/example_kubernetes_executor.py for tasks to queue
[2022-02-28 14:52:55,910] {logging_mixin.py:109} INFO - [2022-02-28 14:52:55,909] {dagbag.py:500} INFO - Filling up the DagBag from /opt/anaconda3/envs/airflow/lib/python3.7/site-packages/airflow/example_dags/example_kubernetes_executor.py
[2022-02-28 14:52:55,936] {logging_mixin.py:109} INFO - [2022-02-28 14:52:55,936] {example_kubernetes_executor.py:40} WARNING - The example_kubernetes_executor example DAG requires the kubernetes provider. Please install it with: pip install apache-airflow[cncf.kubernetes]
[2022-02-28 14:52:55,957] {processor.py:656} WARNING - No viable dags retrieved from /opt/anaconda3/envs/airflow/lib/python3.7/site-packages/airflow/example_dags/example_kubernetes_executor.py
[2022-02-28 14:52:55,960] {processor.py:171} INFO - Processing /opt/anaconda3/envs/airflow/lib/python3.7/site-packages/airflow/example_dags/example_kubernetes_executor.py took 0.059 seconds
[2022-02-28 14:53:41,818] {processor.py:163} INFO - Started process (PID=33730) to work on /opt/anaconda3/envs/airflow/lib/python3.7/site-packages/airflow/example_dags/example_kubernetes_executor.py
[2022-02-28 14:53:41,821] {processor.py:642} INFO - Processing file /opt/anaconda3/envs/airflow/lib/python3.7/site-packages/airflow/example_dags/example_kubernetes_executor.py for tasks to queue
[2022-02-28 14:53:41,823] {logging_mixin.py:109} INFO - [2022-02-28 14:53:41,822] {dagbag.py:500} INFO - Filling up the DagBag from /opt/anaconda3/envs/airflow/lib/python3.7/site-packages/airflow/example_dags/example_kubernetes_executor.py
[2022-02-28 14:53:41,839] {logging_mixin.py:109} INFO - [2022-02-28 14:53:41,839] {example_kubernetes_executor.py:40} WARNING - The example_kubernetes_executor example DAG requires the kubernetes provider. Please install it with: pip install apache-airflow[cncf.kubernetes]
[2022-02-28 14:53:41,849] {processor.py:656} WARNING - No viable dags retrieved from /opt/anaconda3/envs/airflow/lib/python3.7/site-packages/airflow/example_dags/example_kubernetes_executor.py
[2022-02-28 14:53:41,852] {processor.py:171} INFO - Processing /opt/anaconda3/envs/airflow/lib/python3.7/site-packages/airflow/example_dags/example_kubernetes_executor.py took 0.037 seconds
[2022-02-28 14:54:54,682] {processor.py:163} INFO - Started process (PID=33910) to work on /opt/anaconda3/envs/airflow/lib/python3.7/site-packages/airflow/example_dags/example_kubernetes_executor.py
[2022-02-28 14:54:54,685] {processor.py:642} INFO - Processing file /opt/anaconda3/envs/airflow/lib/python3.7/site-packages/airflow/example_dags/example_kubernetes_executor.py for tasks to queue
[2022-02-28 14:54:54,686] {logging_mixin.py:109} INFO - [2022-02-28 14:54:54,685] {dagbag.py:500} INFO - Filling up the DagBag from /opt/anaconda3/envs/airflow/lib/python3.7/site-packages/airflow/example_dags/example_kubernetes_executor.py
[2022-02-28 14:54:54,704] {logging_mixin.py:109} INFO - [2022-02-28 14:54:54,703] {example_kubernetes_executor.py:40} WARNING - The example_kubernetes_executor example DAG requires the kubernetes provider. Please install it with: pip install apache-airflow[cncf.kubernetes]
[2022-02-28 14:54:54,713] {processor.py:656} WARNING - No viable dags retrieved from /opt/anaconda3/envs/airflow/lib/python3.7/site-packages/airflow/example_dags/example_kubernetes_executor.py
[2022-02-28 14:54:54,717] {processor.py:171} INFO - Processing /opt/anaconda3/envs/airflow/lib/python3.7/site-packages/airflow/example_dags/example_kubernetes_executor.py took 0.039 seconds
[2022-02-28 14:58:38,945] {processor.py:163} INFO - Started process (PID=34359) to work on /opt/anaconda3/envs/airflow/lib/python3.7/site-packages/airflow/example_dags/example_kubernetes_executor.py
[2022-02-28 14:58:38,947] {processor.py:642} INFO - Processing file /opt/anaconda3/envs/airflow/lib/python3.7/site-packages/airflow/example_dags/example_kubernetes_executor.py for tasks to queue
[2022-02-28 14:58:38,949] {logging_mixin.py:109} INFO - [2022-02-28 14:58:38,948] {dagbag.py:500} INFO - Filling up the DagBag from /opt/anaconda3/envs/airflow/lib/python3.7/site-packages/airflow/example_dags/example_kubernetes_executor.py
[2022-02-28 14:58:38,966] {logging_mixin.py:109} INFO - [2022-02-28 14:58:38,965] {example_kubernetes_executor.py:40} WARNING - The example_kubernetes_executor example DAG requires the kubernetes provider. Please install it with: pip install apache-airflow[cncf.kubernetes]
[2022-02-28 14:58:38,976] {processor.py:656} WARNING - No viable dags retrieved from /opt/anaconda3/envs/airflow/lib/python3.7/site-packages/airflow/example_dags/example_kubernetes_executor.py
[2022-02-28 14:58:38,978] {processor.py:171} INFO - Processing /opt/anaconda3/envs/airflow/lib/python3.7/site-packages/airflow/example_dags/example_kubernetes_executor.py took 0.037 seconds
[2022-02-28 15:04:58,153] {processor.py:163} INFO - Started process (PID=34927) to work on /opt/anaconda3/envs/airflow/lib/python3.7/site-packages/airflow/example_dags/example_kubernetes_executor.py
[2022-02-28 15:04:58,155] {processor.py:642} INFO - Processing file /opt/anaconda3/envs/airflow/lib/python3.7/site-packages/airflow/example_dags/example_kubernetes_executor.py for tasks to queue
[2022-02-28 15:04:58,156] {logging_mixin.py:109} INFO - [2022-02-28 15:04:58,156] {dagbag.py:500} INFO - Filling up the DagBag from /opt/anaconda3/envs/airflow/lib/python3.7/site-packages/airflow/example_dags/example_kubernetes_executor.py
[2022-02-28 15:04:58,169] {logging_mixin.py:109} INFO - [2022-02-28 15:04:58,169] {example_kubernetes_executor.py:40} WARNING - The example_kubernetes_executor example DAG requires the kubernetes provider. Please install it with: pip install apache-airflow[cncf.kubernetes]
[2022-02-28 15:04:58,178] {processor.py:656} WARNING - No viable dags retrieved from /opt/anaconda3/envs/airflow/lib/python3.7/site-packages/airflow/example_dags/example_kubernetes_executor.py
[2022-02-28 15:04:58,181] {processor.py:171} INFO - Processing /opt/anaconda3/envs/airflow/lib/python3.7/site-packages/airflow/example_dags/example_kubernetes_executor.py took 0.032 seconds
[2022-02-28 15:06:18,008] {processor.py:163} INFO - Started process (PID=35059) to work on /opt/anaconda3/envs/airflow/lib/python3.7/site-packages/airflow/example_dags/example_kubernetes_executor.py
[2022-02-28 15:06:18,011] {processor.py:642} INFO - Processing file /opt/anaconda3/envs/airflow/lib/python3.7/site-packages/airflow/example_dags/example_kubernetes_executor.py for tasks to queue
[2022-02-28 15:06:18,012] {logging_mixin.py:109} INFO - [2022-02-28 15:06:18,012] {dagbag.py:500} INFO - Filling up the DagBag from /opt/anaconda3/envs/airflow/lib/python3.7/site-packages/airflow/example_dags/example_kubernetes_executor.py
[2022-02-28 15:06:18,029] {logging_mixin.py:109} INFO - [2022-02-28 15:06:18,029] {example_kubernetes_executor.py:40} WARNING - The example_kubernetes_executor example DAG requires the kubernetes provider. Please install it with: pip install apache-airflow[cncf.kubernetes]
[2022-02-28 15:06:18,038] {processor.py:656} WARNING - No viable dags retrieved from /opt/anaconda3/envs/airflow/lib/python3.7/site-packages/airflow/example_dags/example_kubernetes_executor.py
[2022-02-28 15:06:18,040] {processor.py:171} INFO - Processing /opt/anaconda3/envs/airflow/lib/python3.7/site-packages/airflow/example_dags/example_kubernetes_executor.py took 0.036 seconds
[2022-02-28 15:06:58,710] {processor.py:163} INFO - Started process (PID=35139) to work on /opt/anaconda3/envs/airflow/lib/python3.7/site-packages/airflow/example_dags/example_kubernetes_executor.py
[2022-02-28 15:06:58,713] {processor.py:642} INFO - Processing file /opt/anaconda3/envs/airflow/lib/python3.7/site-packages/airflow/example_dags/example_kubernetes_executor.py for tasks to queue
[2022-02-28 15:06:58,714] {logging_mixin.py:109} INFO - [2022-02-28 15:06:58,713] {dagbag.py:500} INFO - Filling up the DagBag from /opt/anaconda3/envs/airflow/lib/python3.7/site-packages/airflow/example_dags/example_kubernetes_executor.py
[2022-02-28 15:06:58,731] {logging_mixin.py:109} INFO - [2022-02-28 15:06:58,731] {example_kubernetes_executor.py:40} WARNING - The example_kubernetes_executor example DAG requires the kubernetes provider. Please install it with: pip install apache-airflow[cncf.kubernetes]
[2022-02-28 15:06:58,744] {processor.py:656} WARNING - No viable dags retrieved from /opt/anaconda3/envs/airflow/lib/python3.7/site-packages/airflow/example_dags/example_kubernetes_executor.py
[2022-02-28 15:06:58,746] {processor.py:171} INFO - Processing /opt/anaconda3/envs/airflow/lib/python3.7/site-packages/airflow/example_dags/example_kubernetes_executor.py took 0.040 seconds
[2022-02-28 15:08:24,371] {processor.py:163} INFO - Started process (PID=35328) to work on /opt/anaconda3/envs/airflow/lib/python3.7/site-packages/airflow/example_dags/example_kubernetes_executor.py
[2022-02-28 15:08:24,373] {processor.py:642} INFO - Processing file /opt/anaconda3/envs/airflow/lib/python3.7/site-packages/airflow/example_dags/example_kubernetes_executor.py for tasks to queue
[2022-02-28 15:08:24,374] {logging_mixin.py:109} INFO - [2022-02-28 15:08:24,374] {dagbag.py:500} INFO - Filling up the DagBag from /opt/anaconda3/envs/airflow/lib/python3.7/site-packages/airflow/example_dags/example_kubernetes_executor.py
[2022-02-28 15:08:24,386] {logging_mixin.py:109} INFO - [2022-02-28 15:08:24,386] {example_kubernetes_executor.py:40} WARNING - The example_kubernetes_executor example DAG requires the kubernetes provider. Please install it with: pip install apache-airflow[cncf.kubernetes]
[2022-02-28 15:08:24,396] {processor.py:656} WARNING - No viable dags retrieved from /opt/anaconda3/envs/airflow/lib/python3.7/site-packages/airflow/example_dags/example_kubernetes_executor.py
[2022-02-28 15:08:24,399] {processor.py:171} INFO - Processing /opt/anaconda3/envs/airflow/lib/python3.7/site-packages/airflow/example_dags/example_kubernetes_executor.py took 0.031 seconds
[2022-02-28 15:10:12,454] {processor.py:163} INFO - Started process (PID=35577) to work on /opt/anaconda3/envs/airflow/lib/python3.7/site-packages/airflow/example_dags/example_kubernetes_executor.py
[2022-02-28 15:10:12,455] {processor.py:642} INFO - Processing file /opt/anaconda3/envs/airflow/lib/python3.7/site-packages/airflow/example_dags/example_kubernetes_executor.py for tasks to queue
[2022-02-28 15:10:12,456] {logging_mixin.py:109} INFO - [2022-02-28 15:10:12,456] {dagbag.py:500} INFO - Filling up the DagBag from /opt/anaconda3/envs/airflow/lib/python3.7/site-packages/airflow/example_dags/example_kubernetes_executor.py
[2022-02-28 15:10:12,468] {logging_mixin.py:109} INFO - [2022-02-28 15:10:12,468] {example_kubernetes_executor.py:40} WARNING - The example_kubernetes_executor example DAG requires the kubernetes provider. Please install it with: pip install apache-airflow[cncf.kubernetes]
[2022-02-28 15:10:12,477] {processor.py:656} WARNING - No viable dags retrieved from /opt/anaconda3/envs/airflow/lib/python3.7/site-packages/airflow/example_dags/example_kubernetes_executor.py
[2022-02-28 15:10:12,480] {processor.py:171} INFO - Processing /opt/anaconda3/envs/airflow/lib/python3.7/site-packages/airflow/example_dags/example_kubernetes_executor.py took 0.030 seconds
[2022-02-28 15:16:16,114] {processor.py:163} INFO - Started process (PID=36098) to work on /opt/anaconda3/envs/airflow/lib/python3.7/site-packages/airflow/example_dags/example_kubernetes_executor.py
[2022-02-28 15:16:16,117] {processor.py:642} INFO - Processing file /opt/anaconda3/envs/airflow/lib/python3.7/site-packages/airflow/example_dags/example_kubernetes_executor.py for tasks to queue
[2022-02-28 15:16:16,118] {logging_mixin.py:109} INFO - [2022-02-28 15:16:16,118] {dagbag.py:500} INFO - Filling up the DagBag from /opt/anaconda3/envs/airflow/lib/python3.7/site-packages/airflow/example_dags/example_kubernetes_executor.py
[2022-02-28 15:16:16,130] {logging_mixin.py:109} INFO - [2022-02-28 15:16:16,130] {example_kubernetes_executor.py:40} WARNING - The example_kubernetes_executor example DAG requires the kubernetes provider. Please install it with: pip install apache-airflow[cncf.kubernetes]
[2022-02-28 15:16:16,140] {processor.py:656} WARNING - No viable dags retrieved from /opt/anaconda3/envs/airflow/lib/python3.7/site-packages/airflow/example_dags/example_kubernetes_executor.py
[2022-02-28 15:16:16,142] {processor.py:171} INFO - Processing /opt/anaconda3/envs/airflow/lib/python3.7/site-packages/airflow/example_dags/example_kubernetes_executor.py took 0.031 seconds
[2022-02-28 15:19:24,108] {processor.py:163} INFO - Started process (PID=36324) to work on /opt/anaconda3/envs/airflow/lib/python3.7/site-packages/airflow/example_dags/example_kubernetes_executor.py
[2022-02-28 15:19:24,112] {processor.py:642} INFO - Processing file /opt/anaconda3/envs/airflow/lib/python3.7/site-packages/airflow/example_dags/example_kubernetes_executor.py for tasks to queue
[2022-02-28 15:19:24,113] {logging_mixin.py:109} INFO - [2022-02-28 15:19:24,113] {dagbag.py:500} INFO - Filling up the DagBag from /opt/anaconda3/envs/airflow/lib/python3.7/site-packages/airflow/example_dags/example_kubernetes_executor.py
[2022-02-28 15:19:24,127] {logging_mixin.py:109} INFO - [2022-02-28 15:19:24,126] {example_kubernetes_executor.py:40} WARNING - The example_kubernetes_executor example DAG requires the kubernetes provider. Please install it with: pip install apache-airflow[cncf.kubernetes]
[2022-02-28 15:19:24,138] {processor.py:656} WARNING - No viable dags retrieved from /opt/anaconda3/envs/airflow/lib/python3.7/site-packages/airflow/example_dags/example_kubernetes_executor.py
[2022-02-28 15:19:24,141] {processor.py:171} INFO - Processing /opt/anaconda3/envs/airflow/lib/python3.7/site-packages/airflow/example_dags/example_kubernetes_executor.py took 0.037 seconds
[2022-02-28 15:20:03,097] {processor.py:163} INFO - Started process (PID=36408) to work on /opt/anaconda3/envs/airflow/lib/python3.7/site-packages/airflow/example_dags/example_kubernetes_executor.py
[2022-02-28 15:20:03,103] {processor.py:642} INFO - Processing file /opt/anaconda3/envs/airflow/lib/python3.7/site-packages/airflow/example_dags/example_kubernetes_executor.py for tasks to queue
[2022-02-28 15:20:03,107] {logging_mixin.py:109} INFO - [2022-02-28 15:20:03,104] {dagbag.py:500} INFO - Filling up the DagBag from /opt/anaconda3/envs/airflow/lib/python3.7/site-packages/airflow/example_dags/example_kubernetes_executor.py
[2022-02-28 15:20:03,149] {logging_mixin.py:109} INFO - [2022-02-28 15:20:03,148] {example_kubernetes_executor.py:40} WARNING - The example_kubernetes_executor example DAG requires the kubernetes provider. Please install it with: pip install apache-airflow[cncf.kubernetes]
[2022-02-28 15:20:03,167] {processor.py:656} WARNING - No viable dags retrieved from /opt/anaconda3/envs/airflow/lib/python3.7/site-packages/airflow/example_dags/example_kubernetes_executor.py
[2022-02-28 15:20:03,179] {processor.py:171} INFO - Processing /opt/anaconda3/envs/airflow/lib/python3.7/site-packages/airflow/example_dags/example_kubernetes_executor.py took 0.090 seconds
[2022-02-28 15:20:43,916] {processor.py:163} INFO - Started process (PID=36506) to work on /opt/anaconda3/envs/airflow/lib/python3.7/site-packages/airflow/example_dags/example_kubernetes_executor.py
[2022-02-28 15:20:43,922] {processor.py:642} INFO - Processing file /opt/anaconda3/envs/airflow/lib/python3.7/site-packages/airflow/example_dags/example_kubernetes_executor.py for tasks to queue
[2022-02-28 15:20:43,924] {logging_mixin.py:109} INFO - [2022-02-28 15:20:43,923] {dagbag.py:500} INFO - Filling up the DagBag from /opt/anaconda3/envs/airflow/lib/python3.7/site-packages/airflow/example_dags/example_kubernetes_executor.py
[2022-02-28 15:20:43,952] {logging_mixin.py:109} INFO - [2022-02-28 15:20:43,952] {example_kubernetes_executor.py:40} WARNING - The example_kubernetes_executor example DAG requires the kubernetes provider. Please install it with: pip install apache-airflow[cncf.kubernetes]
[2022-02-28 15:20:43,965] {processor.py:656} WARNING - No viable dags retrieved from /opt/anaconda3/envs/airflow/lib/python3.7/site-packages/airflow/example_dags/example_kubernetes_executor.py
[2022-02-28 15:20:43,969] {processor.py:171} INFO - Processing /opt/anaconda3/envs/airflow/lib/python3.7/site-packages/airflow/example_dags/example_kubernetes_executor.py took 0.058 seconds
[2022-02-28 15:21:29,854] {processor.py:163} INFO - Started process (PID=36552) to work on /opt/anaconda3/envs/airflow/lib/python3.7/site-packages/airflow/example_dags/example_kubernetes_executor.py
[2022-02-28 15:21:29,857] {processor.py:642} INFO - Processing file /opt/anaconda3/envs/airflow/lib/python3.7/site-packages/airflow/example_dags/example_kubernetes_executor.py for tasks to queue
[2022-02-28 15:21:29,858] {logging_mixin.py:109} INFO - [2022-02-28 15:21:29,858] {dagbag.py:500} INFO - Filling up the DagBag from /opt/anaconda3/envs/airflow/lib/python3.7/site-packages/airflow/example_dags/example_kubernetes_executor.py
[2022-02-28 15:21:29,887] {logging_mixin.py:109} INFO - [2022-02-28 15:21:29,887] {example_kubernetes_executor.py:40} WARNING - The example_kubernetes_executor example DAG requires the kubernetes provider. Please install it with: pip install apache-airflow[cncf.kubernetes]
[2022-02-28 15:21:29,902] {processor.py:656} WARNING - No viable dags retrieved from /opt/anaconda3/envs/airflow/lib/python3.7/site-packages/airflow/example_dags/example_kubernetes_executor.py
[2022-02-28 15:21:29,907] {processor.py:171} INFO - Processing /opt/anaconda3/envs/airflow/lib/python3.7/site-packages/airflow/example_dags/example_kubernetes_executor.py took 0.056 seconds
[2022-02-28 15:22:11,077] {processor.py:163} INFO - Started process (PID=36588) to work on /opt/anaconda3/envs/airflow/lib/python3.7/site-packages/airflow/example_dags/example_kubernetes_executor.py
[2022-02-28 15:22:11,079] {processor.py:642} INFO - Processing file /opt/anaconda3/envs/airflow/lib/python3.7/site-packages/airflow/example_dags/example_kubernetes_executor.py for tasks to queue
[2022-02-28 15:22:11,080] {logging_mixin.py:109} INFO - [2022-02-28 15:22:11,079] {dagbag.py:500} INFO - Filling up the DagBag from /opt/anaconda3/envs/airflow/lib/python3.7/site-packages/airflow/example_dags/example_kubernetes_executor.py
[2022-02-28 15:22:11,093] {logging_mixin.py:109} INFO - [2022-02-28 15:22:11,092] {example_kubernetes_executor.py:40} WARNING - The example_kubernetes_executor example DAG requires the kubernetes provider. Please install it with: pip install apache-airflow[cncf.kubernetes]
[2022-02-28 15:22:11,101] {processor.py:656} WARNING - No viable dags retrieved from /opt/anaconda3/envs/airflow/lib/python3.7/site-packages/airflow/example_dags/example_kubernetes_executor.py
[2022-02-28 15:22:11,104] {processor.py:171} INFO - Processing /opt/anaconda3/envs/airflow/lib/python3.7/site-packages/airflow/example_dags/example_kubernetes_executor.py took 0.031 seconds
[2022-02-28 15:22:55,542] {processor.py:163} INFO - Started process (PID=36630) to work on /opt/anaconda3/envs/airflow/lib/python3.7/site-packages/airflow/example_dags/example_kubernetes_executor.py
[2022-02-28 15:22:55,544] {processor.py:642} INFO - Processing file /opt/anaconda3/envs/airflow/lib/python3.7/site-packages/airflow/example_dags/example_kubernetes_executor.py for tasks to queue
[2022-02-28 15:22:55,545] {logging_mixin.py:109} INFO - [2022-02-28 15:22:55,545] {dagbag.py:500} INFO - Filling up the DagBag from /opt/anaconda3/envs/airflow/lib/python3.7/site-packages/airflow/example_dags/example_kubernetes_executor.py
[2022-02-28 15:22:55,593] {logging_mixin.py:109} INFO - [2022-02-28 15:22:55,592] {example_kubernetes_executor.py:40} WARNING - The example_kubernetes_executor example DAG requires the kubernetes provider. Please install it with: pip install apache-airflow[cncf.kubernetes]
[2022-02-28 15:22:55,620] {processor.py:656} WARNING - No viable dags retrieved from /opt/anaconda3/envs/airflow/lib/python3.7/site-packages/airflow/example_dags/example_kubernetes_executor.py
[2022-02-28 15:22:55,623] {processor.py:171} INFO - Processing /opt/anaconda3/envs/airflow/lib/python3.7/site-packages/airflow/example_dags/example_kubernetes_executor.py took 0.090 seconds
