[2022-02-28 14:25:55,707] {processor.py:163} INFO - Started process (PID=31715) to work on /opt/anaconda3/envs/airflow/lib/python3.7/site-packages/airflow/example_dags/example_bash_operator.py
[2022-02-28 14:25:55,709] {processor.py:642} INFO - Processing file /opt/anaconda3/envs/airflow/lib/python3.7/site-packages/airflow/example_dags/example_bash_operator.py for tasks to queue
[2022-02-28 14:25:55,710] {logging_mixin.py:109} INFO - [2022-02-28 14:25:55,709] {dagbag.py:500} INFO - Filling up the DagBag from /opt/anaconda3/envs/airflow/lib/python3.7/site-packages/airflow/example_dags/example_bash_operator.py
[2022-02-28 14:25:55,745] {processor.py:654} INFO - DAG(s) dict_keys(['example_bash_operator']) retrieved from /opt/anaconda3/envs/airflow/lib/python3.7/site-packages/airflow/example_dags/example_bash_operator.py
[2022-02-28 14:25:55,757] {logging_mixin.py:109} INFO - [2022-02-28 14:25:55,756] {dag.py:2398} INFO - Sync 1 DAGs
[2022-02-28 14:25:55,771] {logging_mixin.py:109} INFO - [2022-02-28 14:25:55,771] {dag.py:2937} INFO - Setting next_dagrun for example_bash_operator to 2022-02-27 00:00:00+00:00
[2022-02-28 14:25:55,782] {processor.py:171} INFO - Processing /opt/anaconda3/envs/airflow/lib/python3.7/site-packages/airflow/example_dags/example_bash_operator.py took 0.079 seconds
[2022-02-28 14:26:45,051] {processor.py:163} INFO - Started process (PID=31790) to work on /opt/anaconda3/envs/airflow/lib/python3.7/site-packages/airflow/example_dags/example_bash_operator.py
[2022-02-28 14:26:45,055] {processor.py:642} INFO - Processing file /opt/anaconda3/envs/airflow/lib/python3.7/site-packages/airflow/example_dags/example_bash_operator.py for tasks to queue
[2022-02-28 14:26:45,057] {logging_mixin.py:109} INFO - [2022-02-28 14:26:45,056] {dagbag.py:500} INFO - Filling up the DagBag from /opt/anaconda3/envs/airflow/lib/python3.7/site-packages/airflow/example_dags/example_bash_operator.py
[2022-02-28 14:26:45,097] {processor.py:654} INFO - DAG(s) dict_keys(['example_bash_operator']) retrieved from /opt/anaconda3/envs/airflow/lib/python3.7/site-packages/airflow/example_dags/example_bash_operator.py
[2022-02-28 14:26:45,111] {logging_mixin.py:109} INFO - [2022-02-28 14:26:45,110] {dag.py:2398} INFO - Sync 1 DAGs
[2022-02-28 14:26:45,126] {logging_mixin.py:109} INFO - [2022-02-28 14:26:45,126] {dag.py:2937} INFO - Setting next_dagrun for example_bash_operator to 2022-02-27 00:00:00+00:00
[2022-02-28 14:26:45,136] {processor.py:171} INFO - Processing /opt/anaconda3/envs/airflow/lib/python3.7/site-packages/airflow/example_dags/example_bash_operator.py took 0.089 seconds
[2022-02-28 14:27:24,736] {processor.py:163} INFO - Started process (PID=31843) to work on /opt/anaconda3/envs/airflow/lib/python3.7/site-packages/airflow/example_dags/example_bash_operator.py
[2022-02-28 14:27:24,738] {processor.py:642} INFO - Processing file /opt/anaconda3/envs/airflow/lib/python3.7/site-packages/airflow/example_dags/example_bash_operator.py for tasks to queue
[2022-02-28 14:27:24,739] {logging_mixin.py:109} INFO - [2022-02-28 14:27:24,739] {dagbag.py:500} INFO - Filling up the DagBag from /opt/anaconda3/envs/airflow/lib/python3.7/site-packages/airflow/example_dags/example_bash_operator.py
[2022-02-28 14:27:24,796] {processor.py:654} INFO - DAG(s) dict_keys(['example_bash_operator']) retrieved from /opt/anaconda3/envs/airflow/lib/python3.7/site-packages/airflow/example_dags/example_bash_operator.py
[2022-02-28 14:27:24,812] {logging_mixin.py:109} INFO - [2022-02-28 14:27:24,812] {dag.py:2398} INFO - Sync 1 DAGs
[2022-02-28 14:27:24,836] {logging_mixin.py:109} INFO - [2022-02-28 14:27:24,835] {dag.py:2937} INFO - Setting next_dagrun for example_bash_operator to 2022-02-27 00:00:00+00:00
[2022-02-28 14:27:24,849] {processor.py:171} INFO - Processing /opt/anaconda3/envs/airflow/lib/python3.7/site-packages/airflow/example_dags/example_bash_operator.py took 0.121 seconds
[2022-02-28 14:29:26,748] {processor.py:163} INFO - Started process (PID=32070) to work on /opt/anaconda3/envs/airflow/lib/python3.7/site-packages/airflow/example_dags/example_bash_operator.py
[2022-02-28 14:29:26,752] {processor.py:642} INFO - Processing file /opt/anaconda3/envs/airflow/lib/python3.7/site-packages/airflow/example_dags/example_bash_operator.py for tasks to queue
[2022-02-28 14:29:26,754] {logging_mixin.py:109} INFO - [2022-02-28 14:29:26,753] {dagbag.py:500} INFO - Filling up the DagBag from /opt/anaconda3/envs/airflow/lib/python3.7/site-packages/airflow/example_dags/example_bash_operator.py
[2022-02-28 14:29:26,789] {processor.py:654} INFO - DAG(s) dict_keys(['example_bash_operator']) retrieved from /opt/anaconda3/envs/airflow/lib/python3.7/site-packages/airflow/example_dags/example_bash_operator.py
[2022-02-28 14:29:26,801] {logging_mixin.py:109} INFO - [2022-02-28 14:29:26,800] {dag.py:2398} INFO - Sync 1 DAGs
[2022-02-28 14:29:26,816] {logging_mixin.py:109} INFO - [2022-02-28 14:29:26,815] {dag.py:2937} INFO - Setting next_dagrun for example_bash_operator to 2022-02-27 00:00:00+00:00
[2022-02-28 14:29:26,824] {processor.py:171} INFO - Processing /opt/anaconda3/envs/airflow/lib/python3.7/site-packages/airflow/example_dags/example_bash_operator.py took 0.079 seconds
[2022-02-28 14:30:25,365] {processor.py:163} INFO - Started process (PID=32143) to work on /opt/anaconda3/envs/airflow/lib/python3.7/site-packages/airflow/example_dags/example_bash_operator.py
[2022-02-28 14:30:25,368] {processor.py:642} INFO - Processing file /opt/anaconda3/envs/airflow/lib/python3.7/site-packages/airflow/example_dags/example_bash_operator.py for tasks to queue
[2022-02-28 14:30:25,370] {logging_mixin.py:109} INFO - [2022-02-28 14:30:25,370] {dagbag.py:500} INFO - Filling up the DagBag from /opt/anaconda3/envs/airflow/lib/python3.7/site-packages/airflow/example_dags/example_bash_operator.py
[2022-02-28 14:30:25,408] {processor.py:654} INFO - DAG(s) dict_keys(['example_bash_operator']) retrieved from /opt/anaconda3/envs/airflow/lib/python3.7/site-packages/airflow/example_dags/example_bash_operator.py
[2022-02-28 14:30:25,418] {logging_mixin.py:109} INFO - [2022-02-28 14:30:25,418] {dag.py:2398} INFO - Sync 1 DAGs
[2022-02-28 14:30:25,433] {logging_mixin.py:109} INFO - [2022-02-28 14:30:25,433] {dag.py:2937} INFO - Setting next_dagrun for example_bash_operator to 2022-02-27 00:00:00+00:00
[2022-02-28 14:30:25,442] {processor.py:171} INFO - Processing /opt/anaconda3/envs/airflow/lib/python3.7/site-packages/airflow/example_dags/example_bash_operator.py took 0.081 seconds
[2022-02-28 14:31:03,685] {processor.py:163} INFO - Started process (PID=32185) to work on /opt/anaconda3/envs/airflow/lib/python3.7/site-packages/airflow/example_dags/example_bash_operator.py
[2022-02-28 14:31:03,688] {processor.py:642} INFO - Processing file /opt/anaconda3/envs/airflow/lib/python3.7/site-packages/airflow/example_dags/example_bash_operator.py for tasks to queue
[2022-02-28 14:31:03,690] {logging_mixin.py:109} INFO - [2022-02-28 14:31:03,689] {dagbag.py:500} INFO - Filling up the DagBag from /opt/anaconda3/envs/airflow/lib/python3.7/site-packages/airflow/example_dags/example_bash_operator.py
[2022-02-28 14:31:03,726] {processor.py:654} INFO - DAG(s) dict_keys(['example_bash_operator']) retrieved from /opt/anaconda3/envs/airflow/lib/python3.7/site-packages/airflow/example_dags/example_bash_operator.py
[2022-02-28 14:31:03,738] {logging_mixin.py:109} INFO - [2022-02-28 14:31:03,738] {dag.py:2398} INFO - Sync 1 DAGs
[2022-02-28 14:31:03,754] {logging_mixin.py:109} INFO - [2022-02-28 14:31:03,754] {dag.py:2937} INFO - Setting next_dagrun for example_bash_operator to 2022-02-27 00:00:00+00:00
[2022-02-28 14:31:03,768] {processor.py:171} INFO - Processing /opt/anaconda3/envs/airflow/lib/python3.7/site-packages/airflow/example_dags/example_bash_operator.py took 0.086 seconds
[2022-02-28 14:33:26,825] {processor.py:163} INFO - Started process (PID=32361) to work on /opt/anaconda3/envs/airflow/lib/python3.7/site-packages/airflow/example_dags/example_bash_operator.py
[2022-02-28 14:33:26,828] {processor.py:642} INFO - Processing file /opt/anaconda3/envs/airflow/lib/python3.7/site-packages/airflow/example_dags/example_bash_operator.py for tasks to queue
[2022-02-28 14:33:26,829] {logging_mixin.py:109} INFO - [2022-02-28 14:33:26,829] {dagbag.py:500} INFO - Filling up the DagBag from /opt/anaconda3/envs/airflow/lib/python3.7/site-packages/airflow/example_dags/example_bash_operator.py
[2022-02-28 14:33:26,870] {processor.py:654} INFO - DAG(s) dict_keys(['example_bash_operator']) retrieved from /opt/anaconda3/envs/airflow/lib/python3.7/site-packages/airflow/example_dags/example_bash_operator.py
[2022-02-28 14:33:26,883] {logging_mixin.py:109} INFO - [2022-02-28 14:33:26,883] {dag.py:2398} INFO - Sync 1 DAGs
[2022-02-28 14:33:26,903] {logging_mixin.py:109} INFO - [2022-02-28 14:33:26,903] {dag.py:2937} INFO - Setting next_dagrun for example_bash_operator to 2022-02-27 00:00:00+00:00
[2022-02-28 14:33:26,915] {processor.py:171} INFO - Processing /opt/anaconda3/envs/airflow/lib/python3.7/site-packages/airflow/example_dags/example_bash_operator.py took 0.093 seconds
[2022-02-28 14:34:13,383] {processor.py:163} INFO - Started process (PID=32440) to work on /opt/anaconda3/envs/airflow/lib/python3.7/site-packages/airflow/example_dags/example_bash_operator.py
[2022-02-28 14:34:13,385] {processor.py:642} INFO - Processing file /opt/anaconda3/envs/airflow/lib/python3.7/site-packages/airflow/example_dags/example_bash_operator.py for tasks to queue
[2022-02-28 14:34:13,387] {logging_mixin.py:109} INFO - [2022-02-28 14:34:13,386] {dagbag.py:500} INFO - Filling up the DagBag from /opt/anaconda3/envs/airflow/lib/python3.7/site-packages/airflow/example_dags/example_bash_operator.py
[2022-02-28 14:34:13,427] {processor.py:654} INFO - DAG(s) dict_keys(['example_bash_operator']) retrieved from /opt/anaconda3/envs/airflow/lib/python3.7/site-packages/airflow/example_dags/example_bash_operator.py
[2022-02-28 14:34:13,439] {logging_mixin.py:109} INFO - [2022-02-28 14:34:13,439] {dag.py:2398} INFO - Sync 1 DAGs
[2022-02-28 14:34:13,455] {logging_mixin.py:109} INFO - [2022-02-28 14:34:13,455] {dag.py:2937} INFO - Setting next_dagrun for example_bash_operator to 2022-02-27 00:00:00+00:00
[2022-02-28 14:34:13,466] {processor.py:171} INFO - Processing /opt/anaconda3/envs/airflow/lib/python3.7/site-packages/airflow/example_dags/example_bash_operator.py took 0.090 seconds
[2022-02-28 14:34:59,461] {processor.py:163} INFO - Started process (PID=32491) to work on /opt/anaconda3/envs/airflow/lib/python3.7/site-packages/airflow/example_dags/example_bash_operator.py
[2022-02-28 14:34:59,464] {processor.py:642} INFO - Processing file /opt/anaconda3/envs/airflow/lib/python3.7/site-packages/airflow/example_dags/example_bash_operator.py for tasks to queue
[2022-02-28 14:34:59,465] {logging_mixin.py:109} INFO - [2022-02-28 14:34:59,465] {dagbag.py:500} INFO - Filling up the DagBag from /opt/anaconda3/envs/airflow/lib/python3.7/site-packages/airflow/example_dags/example_bash_operator.py
[2022-02-28 14:34:59,503] {processor.py:654} INFO - DAG(s) dict_keys(['example_bash_operator']) retrieved from /opt/anaconda3/envs/airflow/lib/python3.7/site-packages/airflow/example_dags/example_bash_operator.py
[2022-02-28 14:34:59,516] {logging_mixin.py:109} INFO - [2022-02-28 14:34:59,515] {dag.py:2398} INFO - Sync 1 DAGs
[2022-02-28 14:34:59,533] {logging_mixin.py:109} INFO - [2022-02-28 14:34:59,533] {dag.py:2937} INFO - Setting next_dagrun for example_bash_operator to 2022-02-27 00:00:00+00:00
[2022-02-28 14:34:59,543] {processor.py:171} INFO - Processing /opt/anaconda3/envs/airflow/lib/python3.7/site-packages/airflow/example_dags/example_bash_operator.py took 0.086 seconds
[2022-02-28 14:35:50,929] {processor.py:163} INFO - Started process (PID=32541) to work on /opt/anaconda3/envs/airflow/lib/python3.7/site-packages/airflow/example_dags/example_bash_operator.py
[2022-02-28 14:35:50,932] {processor.py:642} INFO - Processing file /opt/anaconda3/envs/airflow/lib/python3.7/site-packages/airflow/example_dags/example_bash_operator.py for tasks to queue
[2022-02-28 14:35:50,933] {logging_mixin.py:109} INFO - [2022-02-28 14:35:50,933] {dagbag.py:500} INFO - Filling up the DagBag from /opt/anaconda3/envs/airflow/lib/python3.7/site-packages/airflow/example_dags/example_bash_operator.py
[2022-02-28 14:35:50,972] {processor.py:654} INFO - DAG(s) dict_keys(['example_bash_operator']) retrieved from /opt/anaconda3/envs/airflow/lib/python3.7/site-packages/airflow/example_dags/example_bash_operator.py
[2022-02-28 14:35:50,983] {logging_mixin.py:109} INFO - [2022-02-28 14:35:50,983] {dag.py:2398} INFO - Sync 1 DAGs
[2022-02-28 14:35:50,999] {logging_mixin.py:109} INFO - [2022-02-28 14:35:50,999] {dag.py:2937} INFO - Setting next_dagrun for example_bash_operator to 2022-02-27 00:00:00+00:00
[2022-02-28 14:35:51,010] {processor.py:171} INFO - Processing /opt/anaconda3/envs/airflow/lib/python3.7/site-packages/airflow/example_dags/example_bash_operator.py took 0.085 seconds
[2022-02-28 14:36:34,993] {processor.py:163} INFO - Started process (PID=32595) to work on /opt/anaconda3/envs/airflow/lib/python3.7/site-packages/airflow/example_dags/example_bash_operator.py
[2022-02-28 14:36:34,994] {processor.py:642} INFO - Processing file /opt/anaconda3/envs/airflow/lib/python3.7/site-packages/airflow/example_dags/example_bash_operator.py for tasks to queue
[2022-02-28 14:36:34,996] {logging_mixin.py:109} INFO - [2022-02-28 14:36:34,995] {dagbag.py:500} INFO - Filling up the DagBag from /opt/anaconda3/envs/airflow/lib/python3.7/site-packages/airflow/example_dags/example_bash_operator.py
[2022-02-28 14:36:35,043] {processor.py:654} INFO - DAG(s) dict_keys(['example_bash_operator']) retrieved from /opt/anaconda3/envs/airflow/lib/python3.7/site-packages/airflow/example_dags/example_bash_operator.py
[2022-02-28 14:36:35,067] {logging_mixin.py:109} INFO - [2022-02-28 14:36:35,066] {dag.py:2398} INFO - Sync 1 DAGs
[2022-02-28 14:36:35,093] {logging_mixin.py:109} INFO - [2022-02-28 14:36:35,092] {dag.py:2937} INFO - Setting next_dagrun for example_bash_operator to 2022-02-27 00:00:00+00:00
[2022-02-28 14:36:35,177] {processor.py:171} INFO - Processing /opt/anaconda3/envs/airflow/lib/python3.7/site-packages/airflow/example_dags/example_bash_operator.py took 0.188 seconds
[2022-02-28 14:37:24,704] {processor.py:163} INFO - Started process (PID=32641) to work on /opt/anaconda3/envs/airflow/lib/python3.7/site-packages/airflow/example_dags/example_bash_operator.py
[2022-02-28 14:37:24,707] {processor.py:642} INFO - Processing file /opt/anaconda3/envs/airflow/lib/python3.7/site-packages/airflow/example_dags/example_bash_operator.py for tasks to queue
[2022-02-28 14:37:24,708] {logging_mixin.py:109} INFO - [2022-02-28 14:37:24,708] {dagbag.py:500} INFO - Filling up the DagBag from /opt/anaconda3/envs/airflow/lib/python3.7/site-packages/airflow/example_dags/example_bash_operator.py
[2022-02-28 14:37:24,744] {processor.py:654} INFO - DAG(s) dict_keys(['example_bash_operator']) retrieved from /opt/anaconda3/envs/airflow/lib/python3.7/site-packages/airflow/example_dags/example_bash_operator.py
[2022-02-28 14:37:24,757] {logging_mixin.py:109} INFO - [2022-02-28 14:37:24,757] {dag.py:2398} INFO - Sync 1 DAGs
[2022-02-28 14:37:24,774] {logging_mixin.py:109} INFO - [2022-02-28 14:37:24,774] {dag.py:2937} INFO - Setting next_dagrun for example_bash_operator to 2022-02-27 00:00:00+00:00
[2022-02-28 14:37:24,784] {processor.py:171} INFO - Processing /opt/anaconda3/envs/airflow/lib/python3.7/site-packages/airflow/example_dags/example_bash_operator.py took 0.084 seconds
[2022-02-28 14:38:07,805] {processor.py:163} INFO - Started process (PID=32681) to work on /opt/anaconda3/envs/airflow/lib/python3.7/site-packages/airflow/example_dags/example_bash_operator.py
[2022-02-28 14:38:07,807] {processor.py:642} INFO - Processing file /opt/anaconda3/envs/airflow/lib/python3.7/site-packages/airflow/example_dags/example_bash_operator.py for tasks to queue
[2022-02-28 14:38:07,808] {logging_mixin.py:109} INFO - [2022-02-28 14:38:07,808] {dagbag.py:500} INFO - Filling up the DagBag from /opt/anaconda3/envs/airflow/lib/python3.7/site-packages/airflow/example_dags/example_bash_operator.py
[2022-02-28 14:38:07,843] {processor.py:654} INFO - DAG(s) dict_keys(['example_bash_operator']) retrieved from /opt/anaconda3/envs/airflow/lib/python3.7/site-packages/airflow/example_dags/example_bash_operator.py
[2022-02-28 14:38:07,855] {logging_mixin.py:109} INFO - [2022-02-28 14:38:07,854] {dag.py:2398} INFO - Sync 1 DAGs
[2022-02-28 14:38:07,871] {logging_mixin.py:109} INFO - [2022-02-28 14:38:07,871] {dag.py:2937} INFO - Setting next_dagrun for example_bash_operator to 2022-02-27 00:00:00+00:00
[2022-02-28 14:38:07,883] {processor.py:171} INFO - Processing /opt/anaconda3/envs/airflow/lib/python3.7/site-packages/airflow/example_dags/example_bash_operator.py took 0.082 seconds
[2022-02-28 14:38:53,507] {processor.py:163} INFO - Started process (PID=32725) to work on /opt/anaconda3/envs/airflow/lib/python3.7/site-packages/airflow/example_dags/example_bash_operator.py
[2022-02-28 14:38:53,510] {processor.py:642} INFO - Processing file /opt/anaconda3/envs/airflow/lib/python3.7/site-packages/airflow/example_dags/example_bash_operator.py for tasks to queue
[2022-02-28 14:38:53,511] {logging_mixin.py:109} INFO - [2022-02-28 14:38:53,511] {dagbag.py:500} INFO - Filling up the DagBag from /opt/anaconda3/envs/airflow/lib/python3.7/site-packages/airflow/example_dags/example_bash_operator.py
[2022-02-28 14:38:53,549] {processor.py:654} INFO - DAG(s) dict_keys(['example_bash_operator']) retrieved from /opt/anaconda3/envs/airflow/lib/python3.7/site-packages/airflow/example_dags/example_bash_operator.py
[2022-02-28 14:38:53,561] {logging_mixin.py:109} INFO - [2022-02-28 14:38:53,560] {dag.py:2398} INFO - Sync 1 DAGs
[2022-02-28 14:38:53,576] {logging_mixin.py:109} INFO - [2022-02-28 14:38:53,576] {dag.py:2937} INFO - Setting next_dagrun for example_bash_operator to 2022-02-27 00:00:00+00:00
[2022-02-28 14:38:53,588] {processor.py:171} INFO - Processing /opt/anaconda3/envs/airflow/lib/python3.7/site-packages/airflow/example_dags/example_bash_operator.py took 0.085 seconds
[2022-02-28 14:39:33,831] {processor.py:163} INFO - Started process (PID=32769) to work on /opt/anaconda3/envs/airflow/lib/python3.7/site-packages/airflow/example_dags/example_bash_operator.py
[2022-02-28 14:39:33,840] {processor.py:642} INFO - Processing file /opt/anaconda3/envs/airflow/lib/python3.7/site-packages/airflow/example_dags/example_bash_operator.py for tasks to queue
[2022-02-28 14:39:33,842] {logging_mixin.py:109} INFO - [2022-02-28 14:39:33,841] {dagbag.py:500} INFO - Filling up the DagBag from /opt/anaconda3/envs/airflow/lib/python3.7/site-packages/airflow/example_dags/example_bash_operator.py
[2022-02-28 14:39:33,914] {processor.py:654} INFO - DAG(s) dict_keys(['example_bash_operator']) retrieved from /opt/anaconda3/envs/airflow/lib/python3.7/site-packages/airflow/example_dags/example_bash_operator.py
[2022-02-28 14:39:33,983] {logging_mixin.py:109} INFO - [2022-02-28 14:39:33,982] {dag.py:2398} INFO - Sync 1 DAGs
[2022-02-28 14:39:34,018] {logging_mixin.py:109} INFO - [2022-02-28 14:39:34,017] {dag.py:2937} INFO - Setting next_dagrun for example_bash_operator to 2022-02-27 00:00:00+00:00
[2022-02-28 14:39:34,051] {processor.py:171} INFO - Processing /opt/anaconda3/envs/airflow/lib/python3.7/site-packages/airflow/example_dags/example_bash_operator.py took 0.228 seconds
[2022-02-28 14:40:13,912] {processor.py:163} INFO - Started process (PID=32815) to work on /opt/anaconda3/envs/airflow/lib/python3.7/site-packages/airflow/example_dags/example_bash_operator.py
[2022-02-28 14:40:13,915] {processor.py:642} INFO - Processing file /opt/anaconda3/envs/airflow/lib/python3.7/site-packages/airflow/example_dags/example_bash_operator.py for tasks to queue
[2022-02-28 14:40:13,916] {logging_mixin.py:109} INFO - [2022-02-28 14:40:13,916] {dagbag.py:500} INFO - Filling up the DagBag from /opt/anaconda3/envs/airflow/lib/python3.7/site-packages/airflow/example_dags/example_bash_operator.py
[2022-02-28 14:40:13,953] {processor.py:654} INFO - DAG(s) dict_keys(['example_bash_operator']) retrieved from /opt/anaconda3/envs/airflow/lib/python3.7/site-packages/airflow/example_dags/example_bash_operator.py
[2022-02-28 14:40:13,964] {logging_mixin.py:109} INFO - [2022-02-28 14:40:13,964] {dag.py:2398} INFO - Sync 1 DAGs
[2022-02-28 14:40:13,980] {logging_mixin.py:109} INFO - [2022-02-28 14:40:13,980] {dag.py:2937} INFO - Setting next_dagrun for example_bash_operator to 2022-02-27 00:00:00+00:00
[2022-02-28 14:40:13,992] {processor.py:171} INFO - Processing /opt/anaconda3/envs/airflow/lib/python3.7/site-packages/airflow/example_dags/example_bash_operator.py took 0.084 seconds
[2022-02-28 14:40:54,304] {processor.py:163} INFO - Started process (PID=32854) to work on /opt/anaconda3/envs/airflow/lib/python3.7/site-packages/airflow/example_dags/example_bash_operator.py
[2022-02-28 14:40:54,305] {processor.py:642} INFO - Processing file /opt/anaconda3/envs/airflow/lib/python3.7/site-packages/airflow/example_dags/example_bash_operator.py for tasks to queue
[2022-02-28 14:40:54,307] {logging_mixin.py:109} INFO - [2022-02-28 14:40:54,306] {dagbag.py:500} INFO - Filling up the DagBag from /opt/anaconda3/envs/airflow/lib/python3.7/site-packages/airflow/example_dags/example_bash_operator.py
[2022-02-28 14:40:54,342] {processor.py:654} INFO - DAG(s) dict_keys(['example_bash_operator']) retrieved from /opt/anaconda3/envs/airflow/lib/python3.7/site-packages/airflow/example_dags/example_bash_operator.py
[2022-02-28 14:40:54,355] {logging_mixin.py:109} INFO - [2022-02-28 14:40:54,355] {dag.py:2398} INFO - Sync 1 DAGs
[2022-02-28 14:40:54,371] {logging_mixin.py:109} INFO - [2022-02-28 14:40:54,371] {dag.py:2937} INFO - Setting next_dagrun for example_bash_operator to 2022-02-27 00:00:00+00:00
[2022-02-28 14:40:54,381] {processor.py:171} INFO - Processing /opt/anaconda3/envs/airflow/lib/python3.7/site-packages/airflow/example_dags/example_bash_operator.py took 0.081 seconds
[2022-02-28 14:41:38,729] {processor.py:163} INFO - Started process (PID=32896) to work on /opt/anaconda3/envs/airflow/lib/python3.7/site-packages/airflow/example_dags/example_bash_operator.py
[2022-02-28 14:41:38,730] {processor.py:642} INFO - Processing file /opt/anaconda3/envs/airflow/lib/python3.7/site-packages/airflow/example_dags/example_bash_operator.py for tasks to queue
[2022-02-28 14:41:38,732] {logging_mixin.py:109} INFO - [2022-02-28 14:41:38,731] {dagbag.py:500} INFO - Filling up the DagBag from /opt/anaconda3/envs/airflow/lib/python3.7/site-packages/airflow/example_dags/example_bash_operator.py
[2022-02-28 14:41:38,765] {processor.py:654} INFO - DAG(s) dict_keys(['example_bash_operator']) retrieved from /opt/anaconda3/envs/airflow/lib/python3.7/site-packages/airflow/example_dags/example_bash_operator.py
[2022-02-28 14:41:38,779] {logging_mixin.py:109} INFO - [2022-02-28 14:41:38,779] {dag.py:2398} INFO - Sync 1 DAGs
[2022-02-28 14:41:38,797] {logging_mixin.py:109} INFO - [2022-02-28 14:41:38,797] {dag.py:2937} INFO - Setting next_dagrun for example_bash_operator to 2022-02-27 00:00:00+00:00
[2022-02-28 14:41:38,809] {processor.py:171} INFO - Processing /opt/anaconda3/envs/airflow/lib/python3.7/site-packages/airflow/example_dags/example_bash_operator.py took 0.084 seconds
[2022-02-28 14:42:25,429] {processor.py:163} INFO - Started process (PID=32945) to work on /opt/anaconda3/envs/airflow/lib/python3.7/site-packages/airflow/example_dags/example_bash_operator.py
[2022-02-28 14:42:25,431] {processor.py:642} INFO - Processing file /opt/anaconda3/envs/airflow/lib/python3.7/site-packages/airflow/example_dags/example_bash_operator.py for tasks to queue
[2022-02-28 14:42:25,432] {logging_mixin.py:109} INFO - [2022-02-28 14:42:25,432] {dagbag.py:500} INFO - Filling up the DagBag from /opt/anaconda3/envs/airflow/lib/python3.7/site-packages/airflow/example_dags/example_bash_operator.py
[2022-02-28 14:42:25,474] {processor.py:654} INFO - DAG(s) dict_keys(['example_bash_operator']) retrieved from /opt/anaconda3/envs/airflow/lib/python3.7/site-packages/airflow/example_dags/example_bash_operator.py
[2022-02-28 14:42:25,488] {logging_mixin.py:109} INFO - [2022-02-28 14:42:25,487] {dag.py:2398} INFO - Sync 1 DAGs
[2022-02-28 14:42:25,507] {logging_mixin.py:109} INFO - [2022-02-28 14:42:25,506] {dag.py:2937} INFO - Setting next_dagrun for example_bash_operator to 2022-02-27 00:00:00+00:00
[2022-02-28 14:42:25,520] {processor.py:171} INFO - Processing /opt/anaconda3/envs/airflow/lib/python3.7/site-packages/airflow/example_dags/example_bash_operator.py took 0.097 seconds
[2022-02-28 14:43:16,390] {processor.py:163} INFO - Started process (PID=33003) to work on /opt/anaconda3/envs/airflow/lib/python3.7/site-packages/airflow/example_dags/example_bash_operator.py
[2022-02-28 14:43:16,392] {processor.py:642} INFO - Processing file /opt/anaconda3/envs/airflow/lib/python3.7/site-packages/airflow/example_dags/example_bash_operator.py for tasks to queue
[2022-02-28 14:43:16,394] {logging_mixin.py:109} INFO - [2022-02-28 14:43:16,393] {dagbag.py:500} INFO - Filling up the DagBag from /opt/anaconda3/envs/airflow/lib/python3.7/site-packages/airflow/example_dags/example_bash_operator.py
[2022-02-28 14:43:16,429] {processor.py:654} INFO - DAG(s) dict_keys(['example_bash_operator']) retrieved from /opt/anaconda3/envs/airflow/lib/python3.7/site-packages/airflow/example_dags/example_bash_operator.py
[2022-02-28 14:43:16,441] {logging_mixin.py:109} INFO - [2022-02-28 14:43:16,440] {dag.py:2398} INFO - Sync 1 DAGs
[2022-02-28 14:43:16,459] {logging_mixin.py:109} INFO - [2022-02-28 14:43:16,459] {dag.py:2937} INFO - Setting next_dagrun for example_bash_operator to 2022-02-27 00:00:00+00:00
[2022-02-28 14:43:16,470] {processor.py:171} INFO - Processing /opt/anaconda3/envs/airflow/lib/python3.7/site-packages/airflow/example_dags/example_bash_operator.py took 0.084 seconds
[2022-02-28 14:43:56,362] {processor.py:163} INFO - Started process (PID=33044) to work on /opt/anaconda3/envs/airflow/lib/python3.7/site-packages/airflow/example_dags/example_bash_operator.py
[2022-02-28 14:43:56,366] {processor.py:642} INFO - Processing file /opt/anaconda3/envs/airflow/lib/python3.7/site-packages/airflow/example_dags/example_bash_operator.py for tasks to queue
[2022-02-28 14:43:56,368] {logging_mixin.py:109} INFO - [2022-02-28 14:43:56,367] {dagbag.py:500} INFO - Filling up the DagBag from /opt/anaconda3/envs/airflow/lib/python3.7/site-packages/airflow/example_dags/example_bash_operator.py
[2022-02-28 14:43:56,403] {processor.py:654} INFO - DAG(s) dict_keys(['example_bash_operator']) retrieved from /opt/anaconda3/envs/airflow/lib/python3.7/site-packages/airflow/example_dags/example_bash_operator.py
[2022-02-28 14:43:56,414] {logging_mixin.py:109} INFO - [2022-02-28 14:43:56,414] {dag.py:2398} INFO - Sync 1 DAGs
[2022-02-28 14:43:56,430] {logging_mixin.py:109} INFO - [2022-02-28 14:43:56,429] {dag.py:2937} INFO - Setting next_dagrun for example_bash_operator to 2022-02-27 00:00:00+00:00
[2022-02-28 14:43:56,441] {processor.py:171} INFO - Processing /opt/anaconda3/envs/airflow/lib/python3.7/site-packages/airflow/example_dags/example_bash_operator.py took 0.082 seconds
[2022-02-28 14:44:42,108] {processor.py:163} INFO - Started process (PID=33100) to work on /opt/anaconda3/envs/airflow/lib/python3.7/site-packages/airflow/example_dags/example_bash_operator.py
[2022-02-28 14:44:42,111] {processor.py:642} INFO - Processing file /opt/anaconda3/envs/airflow/lib/python3.7/site-packages/airflow/example_dags/example_bash_operator.py for tasks to queue
[2022-02-28 14:44:42,112] {logging_mixin.py:109} INFO - [2022-02-28 14:44:42,112] {dagbag.py:500} INFO - Filling up the DagBag from /opt/anaconda3/envs/airflow/lib/python3.7/site-packages/airflow/example_dags/example_bash_operator.py
[2022-02-28 14:44:42,151] {processor.py:654} INFO - DAG(s) dict_keys(['example_bash_operator']) retrieved from /opt/anaconda3/envs/airflow/lib/python3.7/site-packages/airflow/example_dags/example_bash_operator.py
[2022-02-28 14:44:42,164] {logging_mixin.py:109} INFO - [2022-02-28 14:44:42,163] {dag.py:2398} INFO - Sync 1 DAGs
[2022-02-28 14:44:42,181] {logging_mixin.py:109} INFO - [2022-02-28 14:44:42,181] {dag.py:2937} INFO - Setting next_dagrun for example_bash_operator to 2022-02-27 00:00:00+00:00
[2022-02-28 14:44:42,192] {processor.py:171} INFO - Processing /opt/anaconda3/envs/airflow/lib/python3.7/site-packages/airflow/example_dags/example_bash_operator.py took 0.088 seconds
[2022-02-28 14:45:35,374] {processor.py:163} INFO - Started process (PID=33183) to work on /opt/anaconda3/envs/airflow/lib/python3.7/site-packages/airflow/example_dags/example_bash_operator.py
[2022-02-28 14:45:35,376] {processor.py:642} INFO - Processing file /opt/anaconda3/envs/airflow/lib/python3.7/site-packages/airflow/example_dags/example_bash_operator.py for tasks to queue
[2022-02-28 14:45:35,377] {logging_mixin.py:109} INFO - [2022-02-28 14:45:35,376] {dagbag.py:500} INFO - Filling up the DagBag from /opt/anaconda3/envs/airflow/lib/python3.7/site-packages/airflow/example_dags/example_bash_operator.py
[2022-02-28 14:45:35,426] {processor.py:654} INFO - DAG(s) dict_keys(['example_bash_operator']) retrieved from /opt/anaconda3/envs/airflow/lib/python3.7/site-packages/airflow/example_dags/example_bash_operator.py
[2022-02-28 14:45:35,440] {logging_mixin.py:109} INFO - [2022-02-28 14:45:35,439] {dag.py:2398} INFO - Sync 1 DAGs
[2022-02-28 14:45:35,463] {logging_mixin.py:109} INFO - [2022-02-28 14:45:35,462] {dag.py:2937} INFO - Setting next_dagrun for example_bash_operator to 2022-02-27 00:00:00+00:00
[2022-02-28 14:45:35,476] {processor.py:171} INFO - Processing /opt/anaconda3/envs/airflow/lib/python3.7/site-packages/airflow/example_dags/example_bash_operator.py took 0.107 seconds
[2022-02-28 14:46:21,030] {processor.py:163} INFO - Started process (PID=33233) to work on /opt/anaconda3/envs/airflow/lib/python3.7/site-packages/airflow/example_dags/example_bash_operator.py
[2022-02-28 14:46:21,034] {processor.py:642} INFO - Processing file /opt/anaconda3/envs/airflow/lib/python3.7/site-packages/airflow/example_dags/example_bash_operator.py for tasks to queue
[2022-02-28 14:46:21,035] {logging_mixin.py:109} INFO - [2022-02-28 14:46:21,035] {dagbag.py:500} INFO - Filling up the DagBag from /opt/anaconda3/envs/airflow/lib/python3.7/site-packages/airflow/example_dags/example_bash_operator.py
[2022-02-28 14:46:21,071] {processor.py:654} INFO - DAG(s) dict_keys(['example_bash_operator']) retrieved from /opt/anaconda3/envs/airflow/lib/python3.7/site-packages/airflow/example_dags/example_bash_operator.py
[2022-02-28 14:46:21,083] {logging_mixin.py:109} INFO - [2022-02-28 14:46:21,083] {dag.py:2398} INFO - Sync 1 DAGs
[2022-02-28 14:46:21,101] {logging_mixin.py:109} INFO - [2022-02-28 14:46:21,101] {dag.py:2937} INFO - Setting next_dagrun for example_bash_operator to 2022-02-27 00:00:00+00:00
[2022-02-28 14:46:21,112] {processor.py:171} INFO - Processing /opt/anaconda3/envs/airflow/lib/python3.7/site-packages/airflow/example_dags/example_bash_operator.py took 0.086 seconds
[2022-02-28 14:47:00,689] {processor.py:163} INFO - Started process (PID=33270) to work on /opt/anaconda3/envs/airflow/lib/python3.7/site-packages/airflow/example_dags/example_bash_operator.py
[2022-02-28 14:47:00,691] {processor.py:642} INFO - Processing file /opt/anaconda3/envs/airflow/lib/python3.7/site-packages/airflow/example_dags/example_bash_operator.py for tasks to queue
[2022-02-28 14:47:00,692] {logging_mixin.py:109} INFO - [2022-02-28 14:47:00,691] {dagbag.py:500} INFO - Filling up the DagBag from /opt/anaconda3/envs/airflow/lib/python3.7/site-packages/airflow/example_dags/example_bash_operator.py
[2022-02-28 14:47:00,751] {processor.py:654} INFO - DAG(s) dict_keys(['example_bash_operator']) retrieved from /opt/anaconda3/envs/airflow/lib/python3.7/site-packages/airflow/example_dags/example_bash_operator.py
[2022-02-28 14:47:00,769] {logging_mixin.py:109} INFO - [2022-02-28 14:47:00,768] {dag.py:2398} INFO - Sync 1 DAGs
[2022-02-28 14:47:00,795] {logging_mixin.py:109} INFO - [2022-02-28 14:47:00,795] {dag.py:2937} INFO - Setting next_dagrun for example_bash_operator to 2022-02-27 00:00:00+00:00
[2022-02-28 14:47:00,807] {processor.py:171} INFO - Processing /opt/anaconda3/envs/airflow/lib/python3.7/site-packages/airflow/example_dags/example_bash_operator.py took 0.124 seconds
[2022-02-28 14:47:40,677] {processor.py:163} INFO - Started process (PID=33308) to work on /opt/anaconda3/envs/airflow/lib/python3.7/site-packages/airflow/example_dags/example_bash_operator.py
[2022-02-28 14:47:40,679] {processor.py:642} INFO - Processing file /opt/anaconda3/envs/airflow/lib/python3.7/site-packages/airflow/example_dags/example_bash_operator.py for tasks to queue
[2022-02-28 14:47:40,680] {logging_mixin.py:109} INFO - [2022-02-28 14:47:40,680] {dagbag.py:500} INFO - Filling up the DagBag from /opt/anaconda3/envs/airflow/lib/python3.7/site-packages/airflow/example_dags/example_bash_operator.py
[2022-02-28 14:47:40,717] {processor.py:654} INFO - DAG(s) dict_keys(['example_bash_operator']) retrieved from /opt/anaconda3/envs/airflow/lib/python3.7/site-packages/airflow/example_dags/example_bash_operator.py
[2022-02-28 14:47:40,729] {logging_mixin.py:109} INFO - [2022-02-28 14:47:40,728] {dag.py:2398} INFO - Sync 1 DAGs
[2022-02-28 14:47:40,745] {logging_mixin.py:109} INFO - [2022-02-28 14:47:40,744] {dag.py:2937} INFO - Setting next_dagrun for example_bash_operator to 2022-02-27 00:00:00+00:00
[2022-02-28 14:47:40,755] {processor.py:171} INFO - Processing /opt/anaconda3/envs/airflow/lib/python3.7/site-packages/airflow/example_dags/example_bash_operator.py took 0.082 seconds
[2022-02-28 14:48:19,155] {processor.py:163} INFO - Started process (PID=33347) to work on /opt/anaconda3/envs/airflow/lib/python3.7/site-packages/airflow/example_dags/example_bash_operator.py
[2022-02-28 14:48:19,156] {processor.py:642} INFO - Processing file /opt/anaconda3/envs/airflow/lib/python3.7/site-packages/airflow/example_dags/example_bash_operator.py for tasks to queue
[2022-02-28 14:48:19,157] {logging_mixin.py:109} INFO - [2022-02-28 14:48:19,157] {dagbag.py:500} INFO - Filling up the DagBag from /opt/anaconda3/envs/airflow/lib/python3.7/site-packages/airflow/example_dags/example_bash_operator.py
[2022-02-28 14:48:19,192] {processor.py:654} INFO - DAG(s) dict_keys(['example_bash_operator']) retrieved from /opt/anaconda3/envs/airflow/lib/python3.7/site-packages/airflow/example_dags/example_bash_operator.py
[2022-02-28 14:48:19,203] {logging_mixin.py:109} INFO - [2022-02-28 14:48:19,203] {dag.py:2398} INFO - Sync 1 DAGs
[2022-02-28 14:48:19,221] {logging_mixin.py:109} INFO - [2022-02-28 14:48:19,220] {dag.py:2937} INFO - Setting next_dagrun for example_bash_operator to 2022-02-27 00:00:00+00:00
[2022-02-28 14:48:19,231] {processor.py:171} INFO - Processing /opt/anaconda3/envs/airflow/lib/python3.7/site-packages/airflow/example_dags/example_bash_operator.py took 0.082 seconds
[2022-02-28 14:49:00,492] {processor.py:163} INFO - Started process (PID=33387) to work on /opt/anaconda3/envs/airflow/lib/python3.7/site-packages/airflow/example_dags/example_bash_operator.py
[2022-02-28 14:49:00,493] {processor.py:642} INFO - Processing file /opt/anaconda3/envs/airflow/lib/python3.7/site-packages/airflow/example_dags/example_bash_operator.py for tasks to queue
[2022-02-28 14:49:00,494] {logging_mixin.py:109} INFO - [2022-02-28 14:49:00,494] {dagbag.py:500} INFO - Filling up the DagBag from /opt/anaconda3/envs/airflow/lib/python3.7/site-packages/airflow/example_dags/example_bash_operator.py
[2022-02-28 14:49:00,530] {processor.py:654} INFO - DAG(s) dict_keys(['example_bash_operator']) retrieved from /opt/anaconda3/envs/airflow/lib/python3.7/site-packages/airflow/example_dags/example_bash_operator.py
[2022-02-28 14:49:00,543] {logging_mixin.py:109} INFO - [2022-02-28 14:49:00,542] {dag.py:2398} INFO - Sync 1 DAGs
[2022-02-28 14:49:00,560] {logging_mixin.py:109} INFO - [2022-02-28 14:49:00,559] {dag.py:2937} INFO - Setting next_dagrun for example_bash_operator to 2022-02-27 00:00:00+00:00
[2022-02-28 14:49:00,571] {processor.py:171} INFO - Processing /opt/anaconda3/envs/airflow/lib/python3.7/site-packages/airflow/example_dags/example_bash_operator.py took 0.084 seconds
[2022-02-28 14:49:44,203] {processor.py:163} INFO - Started process (PID=33427) to work on /opt/anaconda3/envs/airflow/lib/python3.7/site-packages/airflow/example_dags/example_bash_operator.py
[2022-02-28 14:49:44,206] {processor.py:642} INFO - Processing file /opt/anaconda3/envs/airflow/lib/python3.7/site-packages/airflow/example_dags/example_bash_operator.py for tasks to queue
[2022-02-28 14:49:44,207] {logging_mixin.py:109} INFO - [2022-02-28 14:49:44,207] {dagbag.py:500} INFO - Filling up the DagBag from /opt/anaconda3/envs/airflow/lib/python3.7/site-packages/airflow/example_dags/example_bash_operator.py
[2022-02-28 14:49:44,245] {processor.py:654} INFO - DAG(s) dict_keys(['example_bash_operator']) retrieved from /opt/anaconda3/envs/airflow/lib/python3.7/site-packages/airflow/example_dags/example_bash_operator.py
[2022-02-28 14:49:44,258] {logging_mixin.py:109} INFO - [2022-02-28 14:49:44,257] {dag.py:2398} INFO - Sync 1 DAGs
[2022-02-28 14:49:44,274] {logging_mixin.py:109} INFO - [2022-02-28 14:49:44,274] {dag.py:2937} INFO - Setting next_dagrun for example_bash_operator to 2022-02-27 00:00:00+00:00
[2022-02-28 14:49:44,284] {processor.py:171} INFO - Processing /opt/anaconda3/envs/airflow/lib/python3.7/site-packages/airflow/example_dags/example_bash_operator.py took 0.085 seconds
[2022-02-28 14:50:23,849] {processor.py:163} INFO - Started process (PID=33467) to work on /opt/anaconda3/envs/airflow/lib/python3.7/site-packages/airflow/example_dags/example_bash_operator.py
[2022-02-28 14:50:23,852] {processor.py:642} INFO - Processing file /opt/anaconda3/envs/airflow/lib/python3.7/site-packages/airflow/example_dags/example_bash_operator.py for tasks to queue
[2022-02-28 14:50:23,853] {logging_mixin.py:109} INFO - [2022-02-28 14:50:23,853] {dagbag.py:500} INFO - Filling up the DagBag from /opt/anaconda3/envs/airflow/lib/python3.7/site-packages/airflow/example_dags/example_bash_operator.py
[2022-02-28 14:50:23,891] {processor.py:654} INFO - DAG(s) dict_keys(['example_bash_operator']) retrieved from /opt/anaconda3/envs/airflow/lib/python3.7/site-packages/airflow/example_dags/example_bash_operator.py
[2022-02-28 14:50:23,904] {logging_mixin.py:109} INFO - [2022-02-28 14:50:23,904] {dag.py:2398} INFO - Sync 1 DAGs
[2022-02-28 14:50:23,922] {logging_mixin.py:109} INFO - [2022-02-28 14:50:23,922] {dag.py:2937} INFO - Setting next_dagrun for example_bash_operator to 2022-02-27 00:00:00+00:00
[2022-02-28 14:50:23,934] {processor.py:171} INFO - Processing /opt/anaconda3/envs/airflow/lib/python3.7/site-packages/airflow/example_dags/example_bash_operator.py took 0.089 seconds
[2022-02-28 14:51:18,964] {processor.py:163} INFO - Started process (PID=33558) to work on /opt/anaconda3/envs/airflow/lib/python3.7/site-packages/airflow/example_dags/example_bash_operator.py
[2022-02-28 14:51:18,967] {processor.py:642} INFO - Processing file /opt/anaconda3/envs/airflow/lib/python3.7/site-packages/airflow/example_dags/example_bash_operator.py for tasks to queue
[2022-02-28 14:51:18,968] {logging_mixin.py:109} INFO - [2022-02-28 14:51:18,968] {dagbag.py:500} INFO - Filling up the DagBag from /opt/anaconda3/envs/airflow/lib/python3.7/site-packages/airflow/example_dags/example_bash_operator.py
[2022-02-28 14:51:19,006] {processor.py:654} INFO - DAG(s) dict_keys(['example_bash_operator']) retrieved from /opt/anaconda3/envs/airflow/lib/python3.7/site-packages/airflow/example_dags/example_bash_operator.py
[2022-02-28 14:51:19,019] {logging_mixin.py:109} INFO - [2022-02-28 14:51:19,018] {dag.py:2398} INFO - Sync 1 DAGs
[2022-02-28 14:51:19,035] {logging_mixin.py:109} INFO - [2022-02-28 14:51:19,035] {dag.py:2937} INFO - Setting next_dagrun for example_bash_operator to 2022-02-27 00:00:00+00:00
[2022-02-28 14:51:19,046] {processor.py:171} INFO - Processing /opt/anaconda3/envs/airflow/lib/python3.7/site-packages/airflow/example_dags/example_bash_operator.py took 0.087 seconds
[2022-02-28 14:51:58,269] {processor.py:163} INFO - Started process (PID=33598) to work on /opt/anaconda3/envs/airflow/lib/python3.7/site-packages/airflow/example_dags/example_bash_operator.py
[2022-02-28 14:51:58,271] {processor.py:642} INFO - Processing file /opt/anaconda3/envs/airflow/lib/python3.7/site-packages/airflow/example_dags/example_bash_operator.py for tasks to queue
[2022-02-28 14:51:58,272] {logging_mixin.py:109} INFO - [2022-02-28 14:51:58,272] {dagbag.py:500} INFO - Filling up the DagBag from /opt/anaconda3/envs/airflow/lib/python3.7/site-packages/airflow/example_dags/example_bash_operator.py
[2022-02-28 14:51:58,306] {processor.py:654} INFO - DAG(s) dict_keys(['example_bash_operator']) retrieved from /opt/anaconda3/envs/airflow/lib/python3.7/site-packages/airflow/example_dags/example_bash_operator.py
[2022-02-28 14:51:58,320] {logging_mixin.py:109} INFO - [2022-02-28 14:51:58,320] {dag.py:2398} INFO - Sync 1 DAGs
[2022-02-28 14:51:58,337] {logging_mixin.py:109} INFO - [2022-02-28 14:51:58,336] {dag.py:2937} INFO - Setting next_dagrun for example_bash_operator to 2022-02-27 00:00:00+00:00
[2022-02-28 14:51:58,349] {processor.py:171} INFO - Processing /opt/anaconda3/envs/airflow/lib/python3.7/site-packages/airflow/example_dags/example_bash_operator.py took 0.086 seconds
[2022-02-28 14:52:37,905] {processor.py:163} INFO - Started process (PID=33635) to work on /opt/anaconda3/envs/airflow/lib/python3.7/site-packages/airflow/example_dags/example_bash_operator.py
[2022-02-28 14:52:37,907] {processor.py:642} INFO - Processing file /opt/anaconda3/envs/airflow/lib/python3.7/site-packages/airflow/example_dags/example_bash_operator.py for tasks to queue
[2022-02-28 14:52:37,908] {logging_mixin.py:109} INFO - [2022-02-28 14:52:37,907] {dagbag.py:500} INFO - Filling up the DagBag from /opt/anaconda3/envs/airflow/lib/python3.7/site-packages/airflow/example_dags/example_bash_operator.py
[2022-02-28 14:52:37,944] {processor.py:654} INFO - DAG(s) dict_keys(['example_bash_operator']) retrieved from /opt/anaconda3/envs/airflow/lib/python3.7/site-packages/airflow/example_dags/example_bash_operator.py
[2022-02-28 14:52:37,956] {logging_mixin.py:109} INFO - [2022-02-28 14:52:37,955] {dag.py:2398} INFO - Sync 1 DAGs
[2022-02-28 14:52:37,973] {logging_mixin.py:109} INFO - [2022-02-28 14:52:37,973] {dag.py:2937} INFO - Setting next_dagrun for example_bash_operator to 2022-02-27 00:00:00+00:00
[2022-02-28 14:52:37,983] {processor.py:171} INFO - Processing /opt/anaconda3/envs/airflow/lib/python3.7/site-packages/airflow/example_dags/example_bash_operator.py took 0.082 seconds
[2022-02-28 14:53:29,696] {processor.py:163} INFO - Started process (PID=33709) to work on /opt/anaconda3/envs/airflow/lib/python3.7/site-packages/airflow/example_dags/example_bash_operator.py
[2022-02-28 14:53:29,699] {processor.py:642} INFO - Processing file /opt/anaconda3/envs/airflow/lib/python3.7/site-packages/airflow/example_dags/example_bash_operator.py for tasks to queue
[2022-02-28 14:53:29,700] {logging_mixin.py:109} INFO - [2022-02-28 14:53:29,700] {dagbag.py:500} INFO - Filling up the DagBag from /opt/anaconda3/envs/airflow/lib/python3.7/site-packages/airflow/example_dags/example_bash_operator.py
[2022-02-28 14:53:29,752] {processor.py:654} INFO - DAG(s) dict_keys(['example_bash_operator']) retrieved from /opt/anaconda3/envs/airflow/lib/python3.7/site-packages/airflow/example_dags/example_bash_operator.py
[2022-02-28 14:53:29,775] {logging_mixin.py:109} INFO - [2022-02-28 14:53:29,775] {dag.py:2398} INFO - Sync 1 DAGs
[2022-02-28 14:53:29,814] {logging_mixin.py:109} INFO - [2022-02-28 14:53:29,814] {dag.py:2937} INFO - Setting next_dagrun for example_bash_operator to 2022-02-27 00:00:00+00:00
[2022-02-28 14:53:29,836] {processor.py:171} INFO - Processing /opt/anaconda3/envs/airflow/lib/python3.7/site-packages/airflow/example_dags/example_bash_operator.py took 0.145 seconds
[2022-02-28 14:55:04,661] {processor.py:163} INFO - Started process (PID=33936) to work on /opt/anaconda3/envs/airflow/lib/python3.7/site-packages/airflow/example_dags/example_bash_operator.py
[2022-02-28 14:55:04,669] {processor.py:642} INFO - Processing file /opt/anaconda3/envs/airflow/lib/python3.7/site-packages/airflow/example_dags/example_bash_operator.py for tasks to queue
[2022-02-28 14:55:04,672] {logging_mixin.py:109} INFO - [2022-02-28 14:55:04,671] {dagbag.py:500} INFO - Filling up the DagBag from /opt/anaconda3/envs/airflow/lib/python3.7/site-packages/airflow/example_dags/example_bash_operator.py
[2022-02-28 14:55:04,989] {processor.py:654} INFO - DAG(s) dict_keys(['example_bash_operator']) retrieved from /opt/anaconda3/envs/airflow/lib/python3.7/site-packages/airflow/example_dags/example_bash_operator.py
[2022-02-28 14:55:05,055] {logging_mixin.py:109} INFO - [2022-02-28 14:55:05,052] {dag.py:2398} INFO - Sync 1 DAGs
[2022-02-28 14:55:05,104] {logging_mixin.py:109} INFO - [2022-02-28 14:55:05,103] {dag.py:2937} INFO - Setting next_dagrun for example_bash_operator to 2022-02-27 00:00:00+00:00
[2022-02-28 14:55:05,115] {processor.py:171} INFO - Processing /opt/anaconda3/envs/airflow/lib/python3.7/site-packages/airflow/example_dags/example_bash_operator.py took 0.461 seconds
[2022-02-28 14:59:11,684] {processor.py:163} INFO - Started process (PID=34427) to work on /opt/anaconda3/envs/airflow/lib/python3.7/site-packages/airflow/example_dags/example_bash_operator.py
[2022-02-28 14:59:11,686] {processor.py:642} INFO - Processing file /opt/anaconda3/envs/airflow/lib/python3.7/site-packages/airflow/example_dags/example_bash_operator.py for tasks to queue
[2022-02-28 14:59:11,687] {logging_mixin.py:109} INFO - [2022-02-28 14:59:11,687] {dagbag.py:500} INFO - Filling up the DagBag from /opt/anaconda3/envs/airflow/lib/python3.7/site-packages/airflow/example_dags/example_bash_operator.py
[2022-02-28 14:59:11,726] {processor.py:654} INFO - DAG(s) dict_keys(['example_bash_operator']) retrieved from /opt/anaconda3/envs/airflow/lib/python3.7/site-packages/airflow/example_dags/example_bash_operator.py
[2022-02-28 14:59:11,738] {logging_mixin.py:109} INFO - [2022-02-28 14:59:11,738] {dag.py:2398} INFO - Sync 1 DAGs
[2022-02-28 14:59:11,755] {logging_mixin.py:109} INFO - [2022-02-28 14:59:11,754] {dag.py:2937} INFO - Setting next_dagrun for example_bash_operator to 2022-02-27 00:00:00+00:00
[2022-02-28 14:59:11,766] {processor.py:171} INFO - Processing /opt/anaconda3/envs/airflow/lib/python3.7/site-packages/airflow/example_dags/example_bash_operator.py took 0.085 seconds
[2022-02-28 15:05:36,737] {processor.py:163} INFO - Started process (PID=34999) to work on /opt/anaconda3/envs/airflow/lib/python3.7/site-packages/airflow/example_dags/example_bash_operator.py
[2022-02-28 15:05:36,740] {processor.py:642} INFO - Processing file /opt/anaconda3/envs/airflow/lib/python3.7/site-packages/airflow/example_dags/example_bash_operator.py for tasks to queue
[2022-02-28 15:05:36,741] {logging_mixin.py:109} INFO - [2022-02-28 15:05:36,741] {dagbag.py:500} INFO - Filling up the DagBag from /opt/anaconda3/envs/airflow/lib/python3.7/site-packages/airflow/example_dags/example_bash_operator.py
[2022-02-28 15:05:36,777] {processor.py:654} INFO - DAG(s) dict_keys(['example_bash_operator']) retrieved from /opt/anaconda3/envs/airflow/lib/python3.7/site-packages/airflow/example_dags/example_bash_operator.py
[2022-02-28 15:05:36,790] {logging_mixin.py:109} INFO - [2022-02-28 15:05:36,790] {dag.py:2398} INFO - Sync 1 DAGs
[2022-02-28 15:05:36,806] {logging_mixin.py:109} INFO - [2022-02-28 15:05:36,806] {dag.py:2937} INFO - Setting next_dagrun for example_bash_operator to 2022-02-27 00:00:00+00:00
[2022-02-28 15:05:36,815] {processor.py:171} INFO - Processing /opt/anaconda3/envs/airflow/lib/python3.7/site-packages/airflow/example_dags/example_bash_operator.py took 0.081 seconds
[2022-02-28 15:06:30,748] {processor.py:163} INFO - Started process (PID=35071) to work on /opt/anaconda3/envs/airflow/lib/python3.7/site-packages/airflow/example_dags/example_bash_operator.py
[2022-02-28 15:06:30,754] {processor.py:642} INFO - Processing file /opt/anaconda3/envs/airflow/lib/python3.7/site-packages/airflow/example_dags/example_bash_operator.py for tasks to queue
[2022-02-28 15:06:30,757] {logging_mixin.py:109} INFO - [2022-02-28 15:06:30,756] {dagbag.py:500} INFO - Filling up the DagBag from /opt/anaconda3/envs/airflow/lib/python3.7/site-packages/airflow/example_dags/example_bash_operator.py
[2022-02-28 15:06:30,819] {processor.py:654} INFO - DAG(s) dict_keys(['example_bash_operator']) retrieved from /opt/anaconda3/envs/airflow/lib/python3.7/site-packages/airflow/example_dags/example_bash_operator.py
[2022-02-28 15:06:30,833] {logging_mixin.py:109} INFO - [2022-02-28 15:06:30,832] {dag.py:2398} INFO - Sync 1 DAGs
[2022-02-28 15:06:30,852] {logging_mixin.py:109} INFO - [2022-02-28 15:06:30,851] {dag.py:2937} INFO - Setting next_dagrun for example_bash_operator to 2022-02-27 00:00:00+00:00
[2022-02-28 15:06:30,869] {processor.py:171} INFO - Processing /opt/anaconda3/envs/airflow/lib/python3.7/site-packages/airflow/example_dags/example_bash_operator.py took 0.127 seconds
[2022-02-28 15:08:33,658] {processor.py:163} INFO - Started process (PID=35350) to work on /opt/anaconda3/envs/airflow/lib/python3.7/site-packages/airflow/example_dags/example_bash_operator.py
[2022-02-28 15:08:33,660] {processor.py:642} INFO - Processing file /opt/anaconda3/envs/airflow/lib/python3.7/site-packages/airflow/example_dags/example_bash_operator.py for tasks to queue
[2022-02-28 15:08:33,665] {logging_mixin.py:109} INFO - [2022-02-28 15:08:33,664] {dagbag.py:500} INFO - Filling up the DagBag from /opt/anaconda3/envs/airflow/lib/python3.7/site-packages/airflow/example_dags/example_bash_operator.py
[2022-02-28 15:08:33,732] {processor.py:654} INFO - DAG(s) dict_keys(['example_bash_operator']) retrieved from /opt/anaconda3/envs/airflow/lib/python3.7/site-packages/airflow/example_dags/example_bash_operator.py
[2022-02-28 15:08:33,755] {logging_mixin.py:109} INFO - [2022-02-28 15:08:33,754] {dag.py:2398} INFO - Sync 1 DAGs
[2022-02-28 15:08:33,784] {logging_mixin.py:109} INFO - [2022-02-28 15:08:33,784] {dag.py:2937} INFO - Setting next_dagrun for example_bash_operator to 2022-02-27 00:00:00+00:00
[2022-02-28 15:08:33,800] {processor.py:171} INFO - Processing /opt/anaconda3/envs/airflow/lib/python3.7/site-packages/airflow/example_dags/example_bash_operator.py took 0.145 seconds
[2022-02-28 15:10:21,631] {processor.py:163} INFO - Started process (PID=35602) to work on /opt/anaconda3/envs/airflow/lib/python3.7/site-packages/airflow/example_dags/example_bash_operator.py
[2022-02-28 15:10:21,633] {processor.py:642} INFO - Processing file /opt/anaconda3/envs/airflow/lib/python3.7/site-packages/airflow/example_dags/example_bash_operator.py for tasks to queue
[2022-02-28 15:10:21,634] {logging_mixin.py:109} INFO - [2022-02-28 15:10:21,634] {dagbag.py:500} INFO - Filling up the DagBag from /opt/anaconda3/envs/airflow/lib/python3.7/site-packages/airflow/example_dags/example_bash_operator.py
[2022-02-28 15:10:21,667] {processor.py:654} INFO - DAG(s) dict_keys(['example_bash_operator']) retrieved from /opt/anaconda3/envs/airflow/lib/python3.7/site-packages/airflow/example_dags/example_bash_operator.py
[2022-02-28 15:10:21,678] {logging_mixin.py:109} INFO - [2022-02-28 15:10:21,678] {dag.py:2398} INFO - Sync 1 DAGs
[2022-02-28 15:10:21,693] {logging_mixin.py:109} INFO - [2022-02-28 15:10:21,693] {dag.py:2937} INFO - Setting next_dagrun for example_bash_operator to 2022-02-27 00:00:00+00:00
[2022-02-28 15:10:21,702] {processor.py:171} INFO - Processing /opt/anaconda3/envs/airflow/lib/python3.7/site-packages/airflow/example_dags/example_bash_operator.py took 0.075 seconds
[2022-02-28 15:17:38,894] {processor.py:163} INFO - Started process (PID=36120) to work on /opt/anaconda3/envs/airflow/lib/python3.7/site-packages/airflow/example_dags/example_bash_operator.py
[2022-02-28 15:17:38,897] {processor.py:642} INFO - Processing file /opt/anaconda3/envs/airflow/lib/python3.7/site-packages/airflow/example_dags/example_bash_operator.py for tasks to queue
[2022-02-28 15:17:38,899] {logging_mixin.py:109} INFO - [2022-02-28 15:17:38,898] {dagbag.py:500} INFO - Filling up the DagBag from /opt/anaconda3/envs/airflow/lib/python3.7/site-packages/airflow/example_dags/example_bash_operator.py
[2022-02-28 15:17:38,942] {processor.py:654} INFO - DAG(s) dict_keys(['example_bash_operator']) retrieved from /opt/anaconda3/envs/airflow/lib/python3.7/site-packages/airflow/example_dags/example_bash_operator.py
[2022-02-28 15:17:38,956] {logging_mixin.py:109} INFO - [2022-02-28 15:17:38,956] {dag.py:2398} INFO - Sync 1 DAGs
[2022-02-28 15:17:38,975] {logging_mixin.py:109} INFO - [2022-02-28 15:17:38,974] {dag.py:2937} INFO - Setting next_dagrun for example_bash_operator to 2022-02-27 00:00:00+00:00
[2022-02-28 15:17:38,986] {processor.py:171} INFO - Processing /opt/anaconda3/envs/airflow/lib/python3.7/site-packages/airflow/example_dags/example_bash_operator.py took 0.096 seconds
[2022-02-28 15:19:33,283] {processor.py:163} INFO - Started process (PID=36333) to work on /opt/anaconda3/envs/airflow/lib/python3.7/site-packages/airflow/example_dags/example_bash_operator.py
[2022-02-28 15:19:33,285] {processor.py:642} INFO - Processing file /opt/anaconda3/envs/airflow/lib/python3.7/site-packages/airflow/example_dags/example_bash_operator.py for tasks to queue
[2022-02-28 15:19:33,286] {logging_mixin.py:109} INFO - [2022-02-28 15:19:33,286] {dagbag.py:500} INFO - Filling up the DagBag from /opt/anaconda3/envs/airflow/lib/python3.7/site-packages/airflow/example_dags/example_bash_operator.py
[2022-02-28 15:19:33,329] {processor.py:654} INFO - DAG(s) dict_keys(['example_bash_operator']) retrieved from /opt/anaconda3/envs/airflow/lib/python3.7/site-packages/airflow/example_dags/example_bash_operator.py
[2022-02-28 15:19:33,343] {logging_mixin.py:109} INFO - [2022-02-28 15:19:33,343] {dag.py:2398} INFO - Sync 1 DAGs
[2022-02-28 15:19:33,362] {logging_mixin.py:109} INFO - [2022-02-28 15:19:33,361] {dag.py:2937} INFO - Setting next_dagrun for example_bash_operator to 2022-02-27 00:00:00+00:00
[2022-02-28 15:19:33,372] {processor.py:171} INFO - Processing /opt/anaconda3/envs/airflow/lib/python3.7/site-packages/airflow/example_dags/example_bash_operator.py took 0.094 seconds
[2022-02-28 15:20:19,949] {processor.py:163} INFO - Started process (PID=36451) to work on /opt/anaconda3/envs/airflow/lib/python3.7/site-packages/airflow/example_dags/example_bash_operator.py
[2022-02-28 15:20:19,952] {processor.py:642} INFO - Processing file /opt/anaconda3/envs/airflow/lib/python3.7/site-packages/airflow/example_dags/example_bash_operator.py for tasks to queue
[2022-02-28 15:20:19,953] {logging_mixin.py:109} INFO - [2022-02-28 15:20:19,953] {dagbag.py:500} INFO - Filling up the DagBag from /opt/anaconda3/envs/airflow/lib/python3.7/site-packages/airflow/example_dags/example_bash_operator.py
[2022-02-28 15:20:19,993] {processor.py:654} INFO - DAG(s) dict_keys(['example_bash_operator']) retrieved from /opt/anaconda3/envs/airflow/lib/python3.7/site-packages/airflow/example_dags/example_bash_operator.py
[2022-02-28 15:20:20,005] {logging_mixin.py:109} INFO - [2022-02-28 15:20:20,005] {dag.py:2398} INFO - Sync 1 DAGs
[2022-02-28 15:20:20,021] {logging_mixin.py:109} INFO - [2022-02-28 15:20:20,021] {dag.py:2937} INFO - Setting next_dagrun for example_bash_operator to 2022-02-27 00:00:00+00:00
[2022-02-28 15:20:20,033] {processor.py:171} INFO - Processing /opt/anaconda3/envs/airflow/lib/python3.7/site-packages/airflow/example_dags/example_bash_operator.py took 0.087 seconds
[2022-02-28 15:21:08,527] {processor.py:163} INFO - Started process (PID=36526) to work on /opt/anaconda3/envs/airflow/lib/python3.7/site-packages/airflow/example_dags/example_bash_operator.py
[2022-02-28 15:21:08,529] {processor.py:642} INFO - Processing file /opt/anaconda3/envs/airflow/lib/python3.7/site-packages/airflow/example_dags/example_bash_operator.py for tasks to queue
[2022-02-28 15:21:08,530] {logging_mixin.py:109} INFO - [2022-02-28 15:21:08,530] {dagbag.py:500} INFO - Filling up the DagBag from /opt/anaconda3/envs/airflow/lib/python3.7/site-packages/airflow/example_dags/example_bash_operator.py
[2022-02-28 15:21:08,577] {processor.py:654} INFO - DAG(s) dict_keys(['example_bash_operator']) retrieved from /opt/anaconda3/envs/airflow/lib/python3.7/site-packages/airflow/example_dags/example_bash_operator.py
[2022-02-28 15:21:08,591] {logging_mixin.py:109} INFO - [2022-02-28 15:21:08,591] {dag.py:2398} INFO - Sync 1 DAGs
[2022-02-28 15:21:08,606] {logging_mixin.py:109} INFO - [2022-02-28 15:21:08,606] {dag.py:2937} INFO - Setting next_dagrun for example_bash_operator to 2022-02-27 00:00:00+00:00
[2022-02-28 15:21:08,615] {processor.py:171} INFO - Processing /opt/anaconda3/envs/airflow/lib/python3.7/site-packages/airflow/example_dags/example_bash_operator.py took 0.093 seconds
[2022-02-28 15:21:48,968] {processor.py:163} INFO - Started process (PID=36568) to work on /opt/anaconda3/envs/airflow/lib/python3.7/site-packages/airflow/example_dags/example_bash_operator.py
[2022-02-28 15:21:48,969] {processor.py:642} INFO - Processing file /opt/anaconda3/envs/airflow/lib/python3.7/site-packages/airflow/example_dags/example_bash_operator.py for tasks to queue
[2022-02-28 15:21:48,971] {logging_mixin.py:109} INFO - [2022-02-28 15:21:48,970] {dagbag.py:500} INFO - Filling up the DagBag from /opt/anaconda3/envs/airflow/lib/python3.7/site-packages/airflow/example_dags/example_bash_operator.py
[2022-02-28 15:21:49,005] {processor.py:654} INFO - DAG(s) dict_keys(['example_bash_operator']) retrieved from /opt/anaconda3/envs/airflow/lib/python3.7/site-packages/airflow/example_dags/example_bash_operator.py
[2022-02-28 15:21:49,017] {logging_mixin.py:109} INFO - [2022-02-28 15:21:49,017] {dag.py:2398} INFO - Sync 1 DAGs
[2022-02-28 15:21:49,033] {logging_mixin.py:109} INFO - [2022-02-28 15:21:49,033] {dag.py:2937} INFO - Setting next_dagrun for example_bash_operator to 2022-02-27 00:00:00+00:00
[2022-02-28 15:21:49,041] {processor.py:171} INFO - Processing /opt/anaconda3/envs/airflow/lib/python3.7/site-packages/airflow/example_dags/example_bash_operator.py took 0.078 seconds
[2022-02-28 15:22:30,028] {processor.py:163} INFO - Started process (PID=36606) to work on /opt/anaconda3/envs/airflow/lib/python3.7/site-packages/airflow/example_dags/example_bash_operator.py
[2022-02-28 15:22:30,030] {processor.py:642} INFO - Processing file /opt/anaconda3/envs/airflow/lib/python3.7/site-packages/airflow/example_dags/example_bash_operator.py for tasks to queue
[2022-02-28 15:22:30,032] {logging_mixin.py:109} INFO - [2022-02-28 15:22:30,032] {dagbag.py:500} INFO - Filling up the DagBag from /opt/anaconda3/envs/airflow/lib/python3.7/site-packages/airflow/example_dags/example_bash_operator.py
[2022-02-28 15:22:30,063] {processor.py:654} INFO - DAG(s) dict_keys(['example_bash_operator']) retrieved from /opt/anaconda3/envs/airflow/lib/python3.7/site-packages/airflow/example_dags/example_bash_operator.py
[2022-02-28 15:22:30,074] {logging_mixin.py:109} INFO - [2022-02-28 15:22:30,073] {dag.py:2398} INFO - Sync 1 DAGs
[2022-02-28 15:22:30,088] {logging_mixin.py:109} INFO - [2022-02-28 15:22:30,088] {dag.py:2937} INFO - Setting next_dagrun for example_bash_operator to 2022-02-27 00:00:00+00:00
[2022-02-28 15:22:30,099] {processor.py:171} INFO - Processing /opt/anaconda3/envs/airflow/lib/python3.7/site-packages/airflow/example_dags/example_bash_operator.py took 0.075 seconds
[2022-02-28 15:23:09,743] {processor.py:163} INFO - Started process (PID=36644) to work on /opt/anaconda3/envs/airflow/lib/python3.7/site-packages/airflow/example_dags/example_bash_operator.py
[2022-02-28 15:23:09,744] {processor.py:642} INFO - Processing file /opt/anaconda3/envs/airflow/lib/python3.7/site-packages/airflow/example_dags/example_bash_operator.py for tasks to queue
[2022-02-28 15:23:09,746] {logging_mixin.py:109} INFO - [2022-02-28 15:23:09,745] {dagbag.py:500} INFO - Filling up the DagBag from /opt/anaconda3/envs/airflow/lib/python3.7/site-packages/airflow/example_dags/example_bash_operator.py
[2022-02-28 15:23:09,817] {processor.py:654} INFO - DAG(s) dict_keys(['example_bash_operator']) retrieved from /opt/anaconda3/envs/airflow/lib/python3.7/site-packages/airflow/example_dags/example_bash_operator.py
[2022-02-28 15:23:09,844] {logging_mixin.py:109} INFO - [2022-02-28 15:23:09,843] {dag.py:2398} INFO - Sync 1 DAGs
[2022-02-28 15:23:09,878] {logging_mixin.py:109} INFO - [2022-02-28 15:23:09,877] {dag.py:2937} INFO - Setting next_dagrun for example_bash_operator to 2022-02-27 00:00:00+00:00
[2022-02-28 15:23:09,907] {processor.py:171} INFO - Processing /opt/anaconda3/envs/airflow/lib/python3.7/site-packages/airflow/example_dags/example_bash_operator.py took 0.168 seconds
