[2022-02-28 14:25:35,029] {processor.py:163} INFO - Started process (PID=31695) to work on /opt/anaconda3/envs/airflow/lib/python3.7/site-packages/airflow/example_dags/example_task_group.py
[2022-02-28 14:25:35,031] {processor.py:642} INFO - Processing file /opt/anaconda3/envs/airflow/lib/python3.7/site-packages/airflow/example_dags/example_task_group.py for tasks to queue
[2022-02-28 14:25:35,032] {logging_mixin.py:109} INFO - [2022-02-28 14:25:35,031] {dagbag.py:500} INFO - Filling up the DagBag from /opt/anaconda3/envs/airflow/lib/python3.7/site-packages/airflow/example_dags/example_task_group.py
[2022-02-28 14:25:35,069] {processor.py:654} INFO - DAG(s) dict_keys(['example_task_group']) retrieved from /opt/anaconda3/envs/airflow/lib/python3.7/site-packages/airflow/example_dags/example_task_group.py
[2022-02-28 14:25:35,085] {logging_mixin.py:109} INFO - [2022-02-28 14:25:35,084] {dag.py:2398} INFO - Sync 1 DAGs
[2022-02-28 14:25:35,100] {logging_mixin.py:109} INFO - [2022-02-28 14:25:35,099] {dag.py:2937} INFO - Setting next_dagrun for example_task_group to 2022-02-27T06:25:35.099398+00:00
[2022-02-28 14:25:35,109] {processor.py:171} INFO - Processing /opt/anaconda3/envs/airflow/lib/python3.7/site-packages/airflow/example_dags/example_task_group.py took 0.084 seconds
[2022-02-28 14:26:15,062] {processor.py:163} INFO - Started process (PID=31748) to work on /opt/anaconda3/envs/airflow/lib/python3.7/site-packages/airflow/example_dags/example_task_group.py
[2022-02-28 14:26:15,068] {processor.py:642} INFO - Processing file /opt/anaconda3/envs/airflow/lib/python3.7/site-packages/airflow/example_dags/example_task_group.py for tasks to queue
[2022-02-28 14:26:15,069] {logging_mixin.py:109} INFO - [2022-02-28 14:26:15,069] {dagbag.py:500} INFO - Filling up the DagBag from /opt/anaconda3/envs/airflow/lib/python3.7/site-packages/airflow/example_dags/example_task_group.py
[2022-02-28 14:26:15,108] {processor.py:654} INFO - DAG(s) dict_keys(['example_task_group']) retrieved from /opt/anaconda3/envs/airflow/lib/python3.7/site-packages/airflow/example_dags/example_task_group.py
[2022-02-28 14:26:15,121] {logging_mixin.py:109} INFO - [2022-02-28 14:26:15,121] {dag.py:2398} INFO - Sync 1 DAGs
[2022-02-28 14:26:15,136] {logging_mixin.py:109} INFO - [2022-02-28 14:26:15,135] {dag.py:2937} INFO - Setting next_dagrun for example_task_group to 2022-02-27T06:26:15.135599+00:00
[2022-02-28 14:26:15,147] {processor.py:171} INFO - Processing /opt/anaconda3/envs/airflow/lib/python3.7/site-packages/airflow/example_dags/example_task_group.py took 0.091 seconds
[2022-02-28 14:26:54,427] {processor.py:163} INFO - Started process (PID=31799) to work on /opt/anaconda3/envs/airflow/lib/python3.7/site-packages/airflow/example_dags/example_task_group.py
[2022-02-28 14:26:54,430] {processor.py:642} INFO - Processing file /opt/anaconda3/envs/airflow/lib/python3.7/site-packages/airflow/example_dags/example_task_group.py for tasks to queue
[2022-02-28 14:26:54,431] {logging_mixin.py:109} INFO - [2022-02-28 14:26:54,430] {dagbag.py:500} INFO - Filling up the DagBag from /opt/anaconda3/envs/airflow/lib/python3.7/site-packages/airflow/example_dags/example_task_group.py
[2022-02-28 14:26:54,466] {processor.py:654} INFO - DAG(s) dict_keys(['example_task_group']) retrieved from /opt/anaconda3/envs/airflow/lib/python3.7/site-packages/airflow/example_dags/example_task_group.py
[2022-02-28 14:26:54,478] {logging_mixin.py:109} INFO - [2022-02-28 14:26:54,477] {dag.py:2398} INFO - Sync 1 DAGs
[2022-02-28 14:26:54,491] {logging_mixin.py:109} INFO - [2022-02-28 14:26:54,490] {dag.py:2937} INFO - Setting next_dagrun for example_task_group to 2022-02-27T06:26:54.490637+00:00
[2022-02-28 14:26:54,500] {processor.py:171} INFO - Processing /opt/anaconda3/envs/airflow/lib/python3.7/site-packages/airflow/example_dags/example_task_group.py took 0.078 seconds
[2022-02-28 14:27:35,754] {processor.py:163} INFO - Started process (PID=31852) to work on /opt/anaconda3/envs/airflow/lib/python3.7/site-packages/airflow/example_dags/example_task_group.py
[2022-02-28 14:27:35,758] {processor.py:642} INFO - Processing file /opt/anaconda3/envs/airflow/lib/python3.7/site-packages/airflow/example_dags/example_task_group.py for tasks to queue
[2022-02-28 14:27:35,759] {logging_mixin.py:109} INFO - [2022-02-28 14:27:35,759] {dagbag.py:500} INFO - Filling up the DagBag from /opt/anaconda3/envs/airflow/lib/python3.7/site-packages/airflow/example_dags/example_task_group.py
[2022-02-28 14:27:35,794] {processor.py:654} INFO - DAG(s) dict_keys(['example_task_group']) retrieved from /opt/anaconda3/envs/airflow/lib/python3.7/site-packages/airflow/example_dags/example_task_group.py
[2022-02-28 14:27:35,805] {logging_mixin.py:109} INFO - [2022-02-28 14:27:35,804] {dag.py:2398} INFO - Sync 1 DAGs
[2022-02-28 14:27:35,819] {logging_mixin.py:109} INFO - [2022-02-28 14:27:35,818] {dag.py:2937} INFO - Setting next_dagrun for example_task_group to 2022-02-27T06:27:35.818594+00:00
[2022-02-28 14:27:35,830] {processor.py:171} INFO - Processing /opt/anaconda3/envs/airflow/lib/python3.7/site-packages/airflow/example_dags/example_task_group.py took 0.082 seconds
[2022-02-28 14:28:59,707] {processor.py:163} INFO - Started process (PID=32021) to work on /opt/anaconda3/envs/airflow/lib/python3.7/site-packages/airflow/example_dags/example_task_group.py
[2022-02-28 14:28:59,710] {processor.py:642} INFO - Processing file /opt/anaconda3/envs/airflow/lib/python3.7/site-packages/airflow/example_dags/example_task_group.py for tasks to queue
[2022-02-28 14:28:59,712] {logging_mixin.py:109} INFO - [2022-02-28 14:28:59,712] {dagbag.py:500} INFO - Filling up the DagBag from /opt/anaconda3/envs/airflow/lib/python3.7/site-packages/airflow/example_dags/example_task_group.py
[2022-02-28 14:28:59,757] {processor.py:654} INFO - DAG(s) dict_keys(['example_task_group']) retrieved from /opt/anaconda3/envs/airflow/lib/python3.7/site-packages/airflow/example_dags/example_task_group.py
[2022-02-28 14:28:59,771] {logging_mixin.py:109} INFO - [2022-02-28 14:28:59,771] {dag.py:2398} INFO - Sync 1 DAGs
[2022-02-28 14:28:59,786] {logging_mixin.py:109} INFO - [2022-02-28 14:28:59,786] {dag.py:2937} INFO - Setting next_dagrun for example_task_group to 2022-02-27T06:28:59.785931+00:00
[2022-02-28 14:28:59,796] {processor.py:171} INFO - Processing /opt/anaconda3/envs/airflow/lib/python3.7/site-packages/airflow/example_dags/example_task_group.py took 0.094 seconds
[2022-02-28 14:29:44,047] {processor.py:163} INFO - Started process (PID=32086) to work on /opt/anaconda3/envs/airflow/lib/python3.7/site-packages/airflow/example_dags/example_task_group.py
[2022-02-28 14:29:44,049] {processor.py:642} INFO - Processing file /opt/anaconda3/envs/airflow/lib/python3.7/site-packages/airflow/example_dags/example_task_group.py for tasks to queue
[2022-02-28 14:29:44,050] {logging_mixin.py:109} INFO - [2022-02-28 14:29:44,049] {dagbag.py:500} INFO - Filling up the DagBag from /opt/anaconda3/envs/airflow/lib/python3.7/site-packages/airflow/example_dags/example_task_group.py
[2022-02-28 14:29:44,083] {processor.py:654} INFO - DAG(s) dict_keys(['example_task_group']) retrieved from /opt/anaconda3/envs/airflow/lib/python3.7/site-packages/airflow/example_dags/example_task_group.py
[2022-02-28 14:29:44,095] {logging_mixin.py:109} INFO - [2022-02-28 14:29:44,094] {dag.py:2398} INFO - Sync 1 DAGs
[2022-02-28 14:29:44,109] {logging_mixin.py:109} INFO - [2022-02-28 14:29:44,108] {dag.py:2937} INFO - Setting next_dagrun for example_task_group to 2022-02-27T06:29:44.108463+00:00
[2022-02-28 14:29:44,119] {processor.py:171} INFO - Processing /opt/anaconda3/envs/airflow/lib/python3.7/site-packages/airflow/example_dags/example_task_group.py took 0.075 seconds
[2022-02-28 14:30:29,678] {processor.py:163} INFO - Started process (PID=32147) to work on /opt/anaconda3/envs/airflow/lib/python3.7/site-packages/airflow/example_dags/example_task_group.py
[2022-02-28 14:30:29,680] {processor.py:642} INFO - Processing file /opt/anaconda3/envs/airflow/lib/python3.7/site-packages/airflow/example_dags/example_task_group.py for tasks to queue
[2022-02-28 14:30:29,682] {logging_mixin.py:109} INFO - [2022-02-28 14:30:29,681] {dagbag.py:500} INFO - Filling up the DagBag from /opt/anaconda3/envs/airflow/lib/python3.7/site-packages/airflow/example_dags/example_task_group.py
[2022-02-28 14:30:29,716] {processor.py:654} INFO - DAG(s) dict_keys(['example_task_group']) retrieved from /opt/anaconda3/envs/airflow/lib/python3.7/site-packages/airflow/example_dags/example_task_group.py
[2022-02-28 14:30:29,728] {logging_mixin.py:109} INFO - [2022-02-28 14:30:29,728] {dag.py:2398} INFO - Sync 1 DAGs
[2022-02-28 14:30:29,743] {logging_mixin.py:109} INFO - [2022-02-28 14:30:29,743] {dag.py:2937} INFO - Setting next_dagrun for example_task_group to 2022-02-27T06:30:29.742669+00:00
[2022-02-28 14:30:29,753] {processor.py:171} INFO - Processing /opt/anaconda3/envs/airflow/lib/python3.7/site-packages/airflow/example_dags/example_task_group.py took 0.079 seconds
[2022-02-28 14:31:08,449] {processor.py:163} INFO - Started process (PID=32193) to work on /opt/anaconda3/envs/airflow/lib/python3.7/site-packages/airflow/example_dags/example_task_group.py
[2022-02-28 14:31:08,452] {processor.py:642} INFO - Processing file /opt/anaconda3/envs/airflow/lib/python3.7/site-packages/airflow/example_dags/example_task_group.py for tasks to queue
[2022-02-28 14:31:08,453] {logging_mixin.py:109} INFO - [2022-02-28 14:31:08,453] {dagbag.py:500} INFO - Filling up the DagBag from /opt/anaconda3/envs/airflow/lib/python3.7/site-packages/airflow/example_dags/example_task_group.py
[2022-02-28 14:31:08,488] {processor.py:654} INFO - DAG(s) dict_keys(['example_task_group']) retrieved from /opt/anaconda3/envs/airflow/lib/python3.7/site-packages/airflow/example_dags/example_task_group.py
[2022-02-28 14:31:08,499] {logging_mixin.py:109} INFO - [2022-02-28 14:31:08,498] {dag.py:2398} INFO - Sync 1 DAGs
[2022-02-28 14:31:08,515] {logging_mixin.py:109} INFO - [2022-02-28 14:31:08,514] {dag.py:2937} INFO - Setting next_dagrun for example_task_group to 2022-02-27T06:31:08.514645+00:00
[2022-02-28 14:31:08,525] {processor.py:171} INFO - Processing /opt/anaconda3/envs/airflow/lib/python3.7/site-packages/airflow/example_dags/example_task_group.py took 0.080 seconds
[2022-02-28 14:33:04,766] {processor.py:163} INFO - Started process (PID=32325) to work on /opt/anaconda3/envs/airflow/lib/python3.7/site-packages/airflow/example_dags/example_task_group.py
[2022-02-28 14:33:04,769] {processor.py:642} INFO - Processing file /opt/anaconda3/envs/airflow/lib/python3.7/site-packages/airflow/example_dags/example_task_group.py for tasks to queue
[2022-02-28 14:33:04,770] {logging_mixin.py:109} INFO - [2022-02-28 14:33:04,770] {dagbag.py:500} INFO - Filling up the DagBag from /opt/anaconda3/envs/airflow/lib/python3.7/site-packages/airflow/example_dags/example_task_group.py
[2022-02-28 14:33:04,817] {processor.py:654} INFO - DAG(s) dict_keys(['example_task_group']) retrieved from /opt/anaconda3/envs/airflow/lib/python3.7/site-packages/airflow/example_dags/example_task_group.py
[2022-02-28 14:33:04,834] {logging_mixin.py:109} INFO - [2022-02-28 14:33:04,833] {dag.py:2398} INFO - Sync 1 DAGs
[2022-02-28 14:33:04,865] {logging_mixin.py:109} INFO - [2022-02-28 14:33:04,865] {dag.py:2937} INFO - Setting next_dagrun for example_task_group to 2022-02-27T06:33:04.859677+00:00
[2022-02-28 14:33:04,883] {processor.py:171} INFO - Processing /opt/anaconda3/envs/airflow/lib/python3.7/site-packages/airflow/example_dags/example_task_group.py took 0.122 seconds
[2022-02-28 14:33:45,984] {processor.py:163} INFO - Started process (PID=32393) to work on /opt/anaconda3/envs/airflow/lib/python3.7/site-packages/airflow/example_dags/example_task_group.py
[2022-02-28 14:33:45,986] {processor.py:642} INFO - Processing file /opt/anaconda3/envs/airflow/lib/python3.7/site-packages/airflow/example_dags/example_task_group.py for tasks to queue
[2022-02-28 14:33:45,987] {logging_mixin.py:109} INFO - [2022-02-28 14:33:45,987] {dagbag.py:500} INFO - Filling up the DagBag from /opt/anaconda3/envs/airflow/lib/python3.7/site-packages/airflow/example_dags/example_task_group.py
[2022-02-28 14:33:46,028] {processor.py:654} INFO - DAG(s) dict_keys(['example_task_group']) retrieved from /opt/anaconda3/envs/airflow/lib/python3.7/site-packages/airflow/example_dags/example_task_group.py
[2022-02-28 14:33:46,041] {logging_mixin.py:109} INFO - [2022-02-28 14:33:46,041] {dag.py:2398} INFO - Sync 1 DAGs
[2022-02-28 14:33:46,056] {logging_mixin.py:109} INFO - [2022-02-28 14:33:46,056] {dag.py:2937} INFO - Setting next_dagrun for example_task_group to 2022-02-27T06:33:46.056003+00:00
[2022-02-28 14:33:46,069] {processor.py:171} INFO - Processing /opt/anaconda3/envs/airflow/lib/python3.7/site-packages/airflow/example_dags/example_task_group.py took 0.090 seconds
[2022-02-28 14:34:30,249] {processor.py:163} INFO - Started process (PID=32462) to work on /opt/anaconda3/envs/airflow/lib/python3.7/site-packages/airflow/example_dags/example_task_group.py
[2022-02-28 14:34:30,251] {processor.py:642} INFO - Processing file /opt/anaconda3/envs/airflow/lib/python3.7/site-packages/airflow/example_dags/example_task_group.py for tasks to queue
[2022-02-28 14:34:30,252] {logging_mixin.py:109} INFO - [2022-02-28 14:34:30,252] {dagbag.py:500} INFO - Filling up the DagBag from /opt/anaconda3/envs/airflow/lib/python3.7/site-packages/airflow/example_dags/example_task_group.py
[2022-02-28 14:34:30,289] {processor.py:654} INFO - DAG(s) dict_keys(['example_task_group']) retrieved from /opt/anaconda3/envs/airflow/lib/python3.7/site-packages/airflow/example_dags/example_task_group.py
[2022-02-28 14:34:30,303] {logging_mixin.py:109} INFO - [2022-02-28 14:34:30,303] {dag.py:2398} INFO - Sync 1 DAGs
[2022-02-28 14:34:30,319] {logging_mixin.py:109} INFO - [2022-02-28 14:34:30,318] {dag.py:2937} INFO - Setting next_dagrun for example_task_group to 2022-02-27T06:34:30.317829+00:00
[2022-02-28 14:34:30,329] {processor.py:171} INFO - Processing /opt/anaconda3/envs/airflow/lib/python3.7/site-packages/airflow/example_dags/example_task_group.py took 0.084 seconds
[2022-02-28 14:35:09,493] {processor.py:163} INFO - Started process (PID=32500) to work on /opt/anaconda3/envs/airflow/lib/python3.7/site-packages/airflow/example_dags/example_task_group.py
[2022-02-28 14:35:09,495] {processor.py:642} INFO - Processing file /opt/anaconda3/envs/airflow/lib/python3.7/site-packages/airflow/example_dags/example_task_group.py for tasks to queue
[2022-02-28 14:35:09,496] {logging_mixin.py:109} INFO - [2022-02-28 14:35:09,496] {dagbag.py:500} INFO - Filling up the DagBag from /opt/anaconda3/envs/airflow/lib/python3.7/site-packages/airflow/example_dags/example_task_group.py
[2022-02-28 14:35:09,545] {processor.py:654} INFO - DAG(s) dict_keys(['example_task_group']) retrieved from /opt/anaconda3/envs/airflow/lib/python3.7/site-packages/airflow/example_dags/example_task_group.py
[2022-02-28 14:35:09,557] {logging_mixin.py:109} INFO - [2022-02-28 14:35:09,557] {dag.py:2398} INFO - Sync 1 DAGs
[2022-02-28 14:35:09,577] {logging_mixin.py:109} INFO - [2022-02-28 14:35:09,577] {dag.py:2937} INFO - Setting next_dagrun for example_task_group to 2022-02-27T06:35:09.576820+00:00
[2022-02-28 14:35:09,590] {processor.py:171} INFO - Processing /opt/anaconda3/envs/airflow/lib/python3.7/site-packages/airflow/example_dags/example_task_group.py took 0.101 seconds
[2022-02-28 14:35:49,783] {processor.py:163} INFO - Started process (PID=32540) to work on /opt/anaconda3/envs/airflow/lib/python3.7/site-packages/airflow/example_dags/example_task_group.py
[2022-02-28 14:35:49,786] {processor.py:642} INFO - Processing file /opt/anaconda3/envs/airflow/lib/python3.7/site-packages/airflow/example_dags/example_task_group.py for tasks to queue
[2022-02-28 14:35:49,787] {logging_mixin.py:109} INFO - [2022-02-28 14:35:49,787] {dagbag.py:500} INFO - Filling up the DagBag from /opt/anaconda3/envs/airflow/lib/python3.7/site-packages/airflow/example_dags/example_task_group.py
[2022-02-28 14:35:49,823] {processor.py:654} INFO - DAG(s) dict_keys(['example_task_group']) retrieved from /opt/anaconda3/envs/airflow/lib/python3.7/site-packages/airflow/example_dags/example_task_group.py
[2022-02-28 14:35:49,837] {logging_mixin.py:109} INFO - [2022-02-28 14:35:49,837] {dag.py:2398} INFO - Sync 1 DAGs
[2022-02-28 14:35:49,851] {logging_mixin.py:109} INFO - [2022-02-28 14:35:49,851] {dag.py:2937} INFO - Setting next_dagrun for example_task_group to 2022-02-27T06:35:49.851133+00:00
[2022-02-28 14:35:49,863] {processor.py:171} INFO - Processing /opt/anaconda3/envs/airflow/lib/python3.7/site-packages/airflow/example_dags/example_task_group.py took 0.084 seconds
[2022-02-28 14:36:33,481] {processor.py:163} INFO - Started process (PID=32591) to work on /opt/anaconda3/envs/airflow/lib/python3.7/site-packages/airflow/example_dags/example_task_group.py
[2022-02-28 14:36:33,483] {processor.py:642} INFO - Processing file /opt/anaconda3/envs/airflow/lib/python3.7/site-packages/airflow/example_dags/example_task_group.py for tasks to queue
[2022-02-28 14:36:33,484] {logging_mixin.py:109} INFO - [2022-02-28 14:36:33,483] {dagbag.py:500} INFO - Filling up the DagBag from /opt/anaconda3/envs/airflow/lib/python3.7/site-packages/airflow/example_dags/example_task_group.py
[2022-02-28 14:36:33,517] {processor.py:654} INFO - DAG(s) dict_keys(['example_task_group']) retrieved from /opt/anaconda3/envs/airflow/lib/python3.7/site-packages/airflow/example_dags/example_task_group.py
[2022-02-28 14:36:33,529] {logging_mixin.py:109} INFO - [2022-02-28 14:36:33,529] {dag.py:2398} INFO - Sync 1 DAGs
[2022-02-28 14:36:33,553] {logging_mixin.py:109} INFO - [2022-02-28 14:36:33,553] {dag.py:2937} INFO - Setting next_dagrun for example_task_group to 2022-02-27T06:36:33.552571+00:00
[2022-02-28 14:36:33,565] {processor.py:171} INFO - Processing /opt/anaconda3/envs/airflow/lib/python3.7/site-packages/airflow/example_dags/example_task_group.py took 0.089 seconds
[2022-02-28 14:37:11,023] {processor.py:163} INFO - Started process (PID=32628) to work on /opt/anaconda3/envs/airflow/lib/python3.7/site-packages/airflow/example_dags/example_task_group.py
[2022-02-28 14:37:11,026] {processor.py:642} INFO - Processing file /opt/anaconda3/envs/airflow/lib/python3.7/site-packages/airflow/example_dags/example_task_group.py for tasks to queue
[2022-02-28 14:37:11,028] {logging_mixin.py:109} INFO - [2022-02-28 14:37:11,027] {dagbag.py:500} INFO - Filling up the DagBag from /opt/anaconda3/envs/airflow/lib/python3.7/site-packages/airflow/example_dags/example_task_group.py
[2022-02-28 14:37:11,064] {processor.py:654} INFO - DAG(s) dict_keys(['example_task_group']) retrieved from /opt/anaconda3/envs/airflow/lib/python3.7/site-packages/airflow/example_dags/example_task_group.py
[2022-02-28 14:37:11,078] {logging_mixin.py:109} INFO - [2022-02-28 14:37:11,077] {dag.py:2398} INFO - Sync 1 DAGs
[2022-02-28 14:37:11,091] {logging_mixin.py:109} INFO - [2022-02-28 14:37:11,091] {dag.py:2937} INFO - Setting next_dagrun for example_task_group to 2022-02-27T06:37:11.091159+00:00
[2022-02-28 14:37:11,102] {processor.py:171} INFO - Processing /opt/anaconda3/envs/airflow/lib/python3.7/site-packages/airflow/example_dags/example_task_group.py took 0.082 seconds
[2022-02-28 14:37:49,406] {processor.py:163} INFO - Started process (PID=32664) to work on /opt/anaconda3/envs/airflow/lib/python3.7/site-packages/airflow/example_dags/example_task_group.py
[2022-02-28 14:37:49,408] {processor.py:642} INFO - Processing file /opt/anaconda3/envs/airflow/lib/python3.7/site-packages/airflow/example_dags/example_task_group.py for tasks to queue
[2022-02-28 14:37:49,410] {logging_mixin.py:109} INFO - [2022-02-28 14:37:49,409] {dagbag.py:500} INFO - Filling up the DagBag from /opt/anaconda3/envs/airflow/lib/python3.7/site-packages/airflow/example_dags/example_task_group.py
[2022-02-28 14:37:49,444] {processor.py:654} INFO - DAG(s) dict_keys(['example_task_group']) retrieved from /opt/anaconda3/envs/airflow/lib/python3.7/site-packages/airflow/example_dags/example_task_group.py
[2022-02-28 14:37:49,457] {logging_mixin.py:109} INFO - [2022-02-28 14:37:49,456] {dag.py:2398} INFO - Sync 1 DAGs
[2022-02-28 14:37:49,471] {logging_mixin.py:109} INFO - [2022-02-28 14:37:49,471] {dag.py:2937} INFO - Setting next_dagrun for example_task_group to 2022-02-27T06:37:49.471223+00:00
[2022-02-28 14:37:49,481] {processor.py:171} INFO - Processing /opt/anaconda3/envs/airflow/lib/python3.7/site-packages/airflow/example_dags/example_task_group.py took 0.080 seconds
[2022-02-28 14:38:30,320] {processor.py:163} INFO - Started process (PID=32703) to work on /opt/anaconda3/envs/airflow/lib/python3.7/site-packages/airflow/example_dags/example_task_group.py
[2022-02-28 14:38:30,321] {processor.py:642} INFO - Processing file /opt/anaconda3/envs/airflow/lib/python3.7/site-packages/airflow/example_dags/example_task_group.py for tasks to queue
[2022-02-28 14:38:30,322] {logging_mixin.py:109} INFO - [2022-02-28 14:38:30,322] {dagbag.py:500} INFO - Filling up the DagBag from /opt/anaconda3/envs/airflow/lib/python3.7/site-packages/airflow/example_dags/example_task_group.py
[2022-02-28 14:38:30,357] {processor.py:654} INFO - DAG(s) dict_keys(['example_task_group']) retrieved from /opt/anaconda3/envs/airflow/lib/python3.7/site-packages/airflow/example_dags/example_task_group.py
[2022-02-28 14:38:30,370] {logging_mixin.py:109} INFO - [2022-02-28 14:38:30,370] {dag.py:2398} INFO - Sync 1 DAGs
[2022-02-28 14:38:30,386] {logging_mixin.py:109} INFO - [2022-02-28 14:38:30,386] {dag.py:2937} INFO - Setting next_dagrun for example_task_group to 2022-02-27T06:38:30.385706+00:00
[2022-02-28 14:38:30,397] {processor.py:171} INFO - Processing /opt/anaconda3/envs/airflow/lib/python3.7/site-packages/airflow/example_dags/example_task_group.py took 0.081 seconds
[2022-02-28 14:39:07,817] {processor.py:163} INFO - Started process (PID=32738) to work on /opt/anaconda3/envs/airflow/lib/python3.7/site-packages/airflow/example_dags/example_task_group.py
[2022-02-28 14:39:07,820] {processor.py:642} INFO - Processing file /opt/anaconda3/envs/airflow/lib/python3.7/site-packages/airflow/example_dags/example_task_group.py for tasks to queue
[2022-02-28 14:39:07,821] {logging_mixin.py:109} INFO - [2022-02-28 14:39:07,821] {dagbag.py:500} INFO - Filling up the DagBag from /opt/anaconda3/envs/airflow/lib/python3.7/site-packages/airflow/example_dags/example_task_group.py
[2022-02-28 14:39:07,858] {processor.py:654} INFO - DAG(s) dict_keys(['example_task_group']) retrieved from /opt/anaconda3/envs/airflow/lib/python3.7/site-packages/airflow/example_dags/example_task_group.py
[2022-02-28 14:39:07,872] {logging_mixin.py:109} INFO - [2022-02-28 14:39:07,872] {dag.py:2398} INFO - Sync 1 DAGs
[2022-02-28 14:39:07,889] {logging_mixin.py:109} INFO - [2022-02-28 14:39:07,888] {dag.py:2937} INFO - Setting next_dagrun for example_task_group to 2022-02-27T06:39:07.888618+00:00
[2022-02-28 14:39:07,899] {processor.py:171} INFO - Processing /opt/anaconda3/envs/airflow/lib/python3.7/site-packages/airflow/example_dags/example_task_group.py took 0.087 seconds
[2022-02-28 14:39:50,751] {processor.py:163} INFO - Started process (PID=32792) to work on /opt/anaconda3/envs/airflow/lib/python3.7/site-packages/airflow/example_dags/example_task_group.py
[2022-02-28 14:39:50,755] {processor.py:642} INFO - Processing file /opt/anaconda3/envs/airflow/lib/python3.7/site-packages/airflow/example_dags/example_task_group.py for tasks to queue
[2022-02-28 14:39:50,756] {logging_mixin.py:109} INFO - [2022-02-28 14:39:50,755] {dagbag.py:500} INFO - Filling up the DagBag from /opt/anaconda3/envs/airflow/lib/python3.7/site-packages/airflow/example_dags/example_task_group.py
[2022-02-28 14:39:50,793] {processor.py:654} INFO - DAG(s) dict_keys(['example_task_group']) retrieved from /opt/anaconda3/envs/airflow/lib/python3.7/site-packages/airflow/example_dags/example_task_group.py
[2022-02-28 14:39:50,805] {logging_mixin.py:109} INFO - [2022-02-28 14:39:50,805] {dag.py:2398} INFO - Sync 1 DAGs
[2022-02-28 14:39:50,819] {logging_mixin.py:109} INFO - [2022-02-28 14:39:50,819] {dag.py:2937} INFO - Setting next_dagrun for example_task_group to 2022-02-27T06:39:50.818913+00:00
[2022-02-28 14:39:50,829] {processor.py:171} INFO - Processing /opt/anaconda3/envs/airflow/lib/python3.7/site-packages/airflow/example_dags/example_task_group.py took 0.082 seconds
[2022-02-28 14:40:28,562] {processor.py:163} INFO - Started process (PID=32829) to work on /opt/anaconda3/envs/airflow/lib/python3.7/site-packages/airflow/example_dags/example_task_group.py
[2022-02-28 14:40:28,564] {processor.py:642} INFO - Processing file /opt/anaconda3/envs/airflow/lib/python3.7/site-packages/airflow/example_dags/example_task_group.py for tasks to queue
[2022-02-28 14:40:28,565] {logging_mixin.py:109} INFO - [2022-02-28 14:40:28,565] {dagbag.py:500} INFO - Filling up the DagBag from /opt/anaconda3/envs/airflow/lib/python3.7/site-packages/airflow/example_dags/example_task_group.py
[2022-02-28 14:40:28,599] {processor.py:654} INFO - DAG(s) dict_keys(['example_task_group']) retrieved from /opt/anaconda3/envs/airflow/lib/python3.7/site-packages/airflow/example_dags/example_task_group.py
[2022-02-28 14:40:28,612] {logging_mixin.py:109} INFO - [2022-02-28 14:40:28,612] {dag.py:2398} INFO - Sync 1 DAGs
[2022-02-28 14:40:28,627] {logging_mixin.py:109} INFO - [2022-02-28 14:40:28,627] {dag.py:2937} INFO - Setting next_dagrun for example_task_group to 2022-02-27T06:40:28.626912+00:00
[2022-02-28 14:40:28,638] {processor.py:171} INFO - Processing /opt/anaconda3/envs/airflow/lib/python3.7/site-packages/airflow/example_dags/example_task_group.py took 0.079 seconds
[2022-02-28 14:41:08,734] {processor.py:163} INFO - Started process (PID=32867) to work on /opt/anaconda3/envs/airflow/lib/python3.7/site-packages/airflow/example_dags/example_task_group.py
[2022-02-28 14:41:08,736] {processor.py:642} INFO - Processing file /opt/anaconda3/envs/airflow/lib/python3.7/site-packages/airflow/example_dags/example_task_group.py for tasks to queue
[2022-02-28 14:41:08,737] {logging_mixin.py:109} INFO - [2022-02-28 14:41:08,737] {dagbag.py:500} INFO - Filling up the DagBag from /opt/anaconda3/envs/airflow/lib/python3.7/site-packages/airflow/example_dags/example_task_group.py
[2022-02-28 14:41:08,769] {processor.py:654} INFO - DAG(s) dict_keys(['example_task_group']) retrieved from /opt/anaconda3/envs/airflow/lib/python3.7/site-packages/airflow/example_dags/example_task_group.py
[2022-02-28 14:41:08,781] {logging_mixin.py:109} INFO - [2022-02-28 14:41:08,781] {dag.py:2398} INFO - Sync 1 DAGs
[2022-02-28 14:41:08,797] {logging_mixin.py:109} INFO - [2022-02-28 14:41:08,797] {dag.py:2937} INFO - Setting next_dagrun for example_task_group to 2022-02-27T06:41:08.796817+00:00
[2022-02-28 14:41:08,809] {processor.py:171} INFO - Processing /opt/anaconda3/envs/airflow/lib/python3.7/site-packages/airflow/example_dags/example_task_group.py took 0.078 seconds
[2022-02-28 14:41:43,973] {processor.py:163} INFO - Started process (PID=32902) to work on /opt/anaconda3/envs/airflow/lib/python3.7/site-packages/airflow/example_dags/example_task_group.py
[2022-02-28 14:41:43,974] {processor.py:642} INFO - Processing file /opt/anaconda3/envs/airflow/lib/python3.7/site-packages/airflow/example_dags/example_task_group.py for tasks to queue
[2022-02-28 14:41:43,976] {logging_mixin.py:109} INFO - [2022-02-28 14:41:43,975] {dagbag.py:500} INFO - Filling up the DagBag from /opt/anaconda3/envs/airflow/lib/python3.7/site-packages/airflow/example_dags/example_task_group.py
[2022-02-28 14:41:44,013] {processor.py:654} INFO - DAG(s) dict_keys(['example_task_group']) retrieved from /opt/anaconda3/envs/airflow/lib/python3.7/site-packages/airflow/example_dags/example_task_group.py
[2022-02-28 14:41:44,028] {logging_mixin.py:109} INFO - [2022-02-28 14:41:44,027] {dag.py:2398} INFO - Sync 1 DAGs
[2022-02-28 14:41:44,062] {logging_mixin.py:109} INFO - [2022-02-28 14:41:44,061] {dag.py:2937} INFO - Setting next_dagrun for example_task_group to 2022-02-27T06:41:44.058122+00:00
[2022-02-28 14:41:44,079] {processor.py:171} INFO - Processing /opt/anaconda3/envs/airflow/lib/python3.7/site-packages/airflow/example_dags/example_task_group.py took 0.111 seconds
[2022-02-28 14:42:21,644] {processor.py:163} INFO - Started process (PID=32942) to work on /opt/anaconda3/envs/airflow/lib/python3.7/site-packages/airflow/example_dags/example_task_group.py
[2022-02-28 14:42:21,647] {processor.py:642} INFO - Processing file /opt/anaconda3/envs/airflow/lib/python3.7/site-packages/airflow/example_dags/example_task_group.py for tasks to queue
[2022-02-28 14:42:21,648] {logging_mixin.py:109} INFO - [2022-02-28 14:42:21,648] {dagbag.py:500} INFO - Filling up the DagBag from /opt/anaconda3/envs/airflow/lib/python3.7/site-packages/airflow/example_dags/example_task_group.py
[2022-02-28 14:42:21,689] {processor.py:654} INFO - DAG(s) dict_keys(['example_task_group']) retrieved from /opt/anaconda3/envs/airflow/lib/python3.7/site-packages/airflow/example_dags/example_task_group.py
[2022-02-28 14:42:21,704] {logging_mixin.py:109} INFO - [2022-02-28 14:42:21,704] {dag.py:2398} INFO - Sync 1 DAGs
[2022-02-28 14:42:21,722] {logging_mixin.py:109} INFO - [2022-02-28 14:42:21,721] {dag.py:2937} INFO - Setting next_dagrun for example_task_group to 2022-02-27T06:42:21.721299+00:00
[2022-02-28 14:42:21,734] {processor.py:171} INFO - Processing /opt/anaconda3/envs/airflow/lib/python3.7/site-packages/airflow/example_dags/example_task_group.py took 0.096 seconds
[2022-02-28 14:42:59,862] {processor.py:163} INFO - Started process (PID=32988) to work on /opt/anaconda3/envs/airflow/lib/python3.7/site-packages/airflow/example_dags/example_task_group.py
[2022-02-28 14:42:59,865] {processor.py:642} INFO - Processing file /opt/anaconda3/envs/airflow/lib/python3.7/site-packages/airflow/example_dags/example_task_group.py for tasks to queue
[2022-02-28 14:42:59,866] {logging_mixin.py:109} INFO - [2022-02-28 14:42:59,866] {dagbag.py:500} INFO - Filling up the DagBag from /opt/anaconda3/envs/airflow/lib/python3.7/site-packages/airflow/example_dags/example_task_group.py
[2022-02-28 14:42:59,899] {processor.py:654} INFO - DAG(s) dict_keys(['example_task_group']) retrieved from /opt/anaconda3/envs/airflow/lib/python3.7/site-packages/airflow/example_dags/example_task_group.py
[2022-02-28 14:42:59,910] {logging_mixin.py:109} INFO - [2022-02-28 14:42:59,910] {dag.py:2398} INFO - Sync 1 DAGs
[2022-02-28 14:42:59,924] {logging_mixin.py:109} INFO - [2022-02-28 14:42:59,923] {dag.py:2937} INFO - Setting next_dagrun for example_task_group to 2022-02-27T06:42:59.923643+00:00
[2022-02-28 14:42:59,935] {processor.py:171} INFO - Processing /opt/anaconda3/envs/airflow/lib/python3.7/site-packages/airflow/example_dags/example_task_group.py took 0.078 seconds
[2022-02-28 14:43:39,742] {processor.py:163} INFO - Started process (PID=33029) to work on /opt/anaconda3/envs/airflow/lib/python3.7/site-packages/airflow/example_dags/example_task_group.py
[2022-02-28 14:43:39,744] {processor.py:642} INFO - Processing file /opt/anaconda3/envs/airflow/lib/python3.7/site-packages/airflow/example_dags/example_task_group.py for tasks to queue
[2022-02-28 14:43:39,746] {logging_mixin.py:109} INFO - [2022-02-28 14:43:39,745] {dagbag.py:500} INFO - Filling up the DagBag from /opt/anaconda3/envs/airflow/lib/python3.7/site-packages/airflow/example_dags/example_task_group.py
[2022-02-28 14:43:39,779] {processor.py:654} INFO - DAG(s) dict_keys(['example_task_group']) retrieved from /opt/anaconda3/envs/airflow/lib/python3.7/site-packages/airflow/example_dags/example_task_group.py
[2022-02-28 14:43:39,791] {logging_mixin.py:109} INFO - [2022-02-28 14:43:39,791] {dag.py:2398} INFO - Sync 1 DAGs
[2022-02-28 14:43:39,806] {logging_mixin.py:109} INFO - [2022-02-28 14:43:39,806] {dag.py:2937} INFO - Setting next_dagrun for example_task_group to 2022-02-27T06:43:39.806190+00:00
[2022-02-28 14:43:39,817] {processor.py:171} INFO - Processing /opt/anaconda3/envs/airflow/lib/python3.7/site-packages/airflow/example_dags/example_task_group.py took 0.080 seconds
[2022-02-28 14:44:20,686] {processor.py:163} INFO - Started process (PID=33080) to work on /opt/anaconda3/envs/airflow/lib/python3.7/site-packages/airflow/example_dags/example_task_group.py
[2022-02-28 14:44:20,689] {processor.py:642} INFO - Processing file /opt/anaconda3/envs/airflow/lib/python3.7/site-packages/airflow/example_dags/example_task_group.py for tasks to queue
[2022-02-28 14:44:20,691] {logging_mixin.py:109} INFO - [2022-02-28 14:44:20,691] {dagbag.py:500} INFO - Filling up the DagBag from /opt/anaconda3/envs/airflow/lib/python3.7/site-packages/airflow/example_dags/example_task_group.py
[2022-02-28 14:44:20,743] {processor.py:654} INFO - DAG(s) dict_keys(['example_task_group']) retrieved from /opt/anaconda3/envs/airflow/lib/python3.7/site-packages/airflow/example_dags/example_task_group.py
[2022-02-28 14:44:20,762] {logging_mixin.py:109} INFO - [2022-02-28 14:44:20,761] {dag.py:2398} INFO - Sync 1 DAGs
[2022-02-28 14:44:20,778] {logging_mixin.py:109} INFO - [2022-02-28 14:44:20,778] {dag.py:2937} INFO - Setting next_dagrun for example_task_group to 2022-02-27T06:44:20.777938+00:00
[2022-02-28 14:44:20,795] {processor.py:171} INFO - Processing /opt/anaconda3/envs/airflow/lib/python3.7/site-packages/airflow/example_dags/example_task_group.py took 0.116 seconds
[2022-02-28 14:44:59,301] {processor.py:163} INFO - Started process (PID=33122) to work on /opt/anaconda3/envs/airflow/lib/python3.7/site-packages/airflow/example_dags/example_task_group.py
[2022-02-28 14:44:59,305] {processor.py:642} INFO - Processing file /opt/anaconda3/envs/airflow/lib/python3.7/site-packages/airflow/example_dags/example_task_group.py for tasks to queue
[2022-02-28 14:44:59,308] {logging_mixin.py:109} INFO - [2022-02-28 14:44:59,307] {dagbag.py:500} INFO - Filling up the DagBag from /opt/anaconda3/envs/airflow/lib/python3.7/site-packages/airflow/example_dags/example_task_group.py
[2022-02-28 14:44:59,363] {processor.py:654} INFO - DAG(s) dict_keys(['example_task_group']) retrieved from /opt/anaconda3/envs/airflow/lib/python3.7/site-packages/airflow/example_dags/example_task_group.py
[2022-02-28 14:44:59,388] {logging_mixin.py:109} INFO - [2022-02-28 14:44:59,384] {dag.py:2398} INFO - Sync 1 DAGs
[2022-02-28 14:44:59,412] {logging_mixin.py:109} INFO - [2022-02-28 14:44:59,411] {dag.py:2937} INFO - Setting next_dagrun for example_task_group to 2022-02-27T06:44:59.411626+00:00
[2022-02-28 14:44:59,427] {processor.py:171} INFO - Processing /opt/anaconda3/envs/airflow/lib/python3.7/site-packages/airflow/example_dags/example_task_group.py took 0.133 seconds
[2022-02-28 14:45:45,766] {processor.py:163} INFO - Started process (PID=33193) to work on /opt/anaconda3/envs/airflow/lib/python3.7/site-packages/airflow/example_dags/example_task_group.py
[2022-02-28 14:45:45,769] {processor.py:642} INFO - Processing file /opt/anaconda3/envs/airflow/lib/python3.7/site-packages/airflow/example_dags/example_task_group.py for tasks to queue
[2022-02-28 14:45:45,771] {logging_mixin.py:109} INFO - [2022-02-28 14:45:45,770] {dagbag.py:500} INFO - Filling up the DagBag from /opt/anaconda3/envs/airflow/lib/python3.7/site-packages/airflow/example_dags/example_task_group.py
[2022-02-28 14:45:45,820] {processor.py:654} INFO - DAG(s) dict_keys(['example_task_group']) retrieved from /opt/anaconda3/envs/airflow/lib/python3.7/site-packages/airflow/example_dags/example_task_group.py
[2022-02-28 14:45:45,836] {logging_mixin.py:109} INFO - [2022-02-28 14:45:45,836] {dag.py:2398} INFO - Sync 1 DAGs
[2022-02-28 14:45:45,857] {logging_mixin.py:109} INFO - [2022-02-28 14:45:45,856] {dag.py:2937} INFO - Setting next_dagrun for example_task_group to 2022-02-27T06:45:45.856385+00:00
[2022-02-28 14:45:45,884] {processor.py:171} INFO - Processing /opt/anaconda3/envs/airflow/lib/python3.7/site-packages/airflow/example_dags/example_task_group.py took 0.123 seconds
[2022-02-28 14:46:27,955] {processor.py:163} INFO - Started process (PID=33239) to work on /opt/anaconda3/envs/airflow/lib/python3.7/site-packages/airflow/example_dags/example_task_group.py
[2022-02-28 14:46:27,958] {processor.py:642} INFO - Processing file /opt/anaconda3/envs/airflow/lib/python3.7/site-packages/airflow/example_dags/example_task_group.py for tasks to queue
[2022-02-28 14:46:27,961] {logging_mixin.py:109} INFO - [2022-02-28 14:46:27,960] {dagbag.py:500} INFO - Filling up the DagBag from /opt/anaconda3/envs/airflow/lib/python3.7/site-packages/airflow/example_dags/example_task_group.py
[2022-02-28 14:46:28,013] {processor.py:654} INFO - DAG(s) dict_keys(['example_task_group']) retrieved from /opt/anaconda3/envs/airflow/lib/python3.7/site-packages/airflow/example_dags/example_task_group.py
[2022-02-28 14:46:28,036] {logging_mixin.py:109} INFO - [2022-02-28 14:46:28,036] {dag.py:2398} INFO - Sync 1 DAGs
[2022-02-28 14:46:28,053] {logging_mixin.py:109} INFO - [2022-02-28 14:46:28,052] {dag.py:2937} INFO - Setting next_dagrun for example_task_group to 2022-02-27T06:46:28.052450+00:00
[2022-02-28 14:46:28,064] {processor.py:171} INFO - Processing /opt/anaconda3/envs/airflow/lib/python3.7/site-packages/airflow/example_dags/example_task_group.py took 0.114 seconds
[2022-02-28 14:47:08,673] {processor.py:163} INFO - Started process (PID=33277) to work on /opt/anaconda3/envs/airflow/lib/python3.7/site-packages/airflow/example_dags/example_task_group.py
[2022-02-28 14:47:08,675] {processor.py:642} INFO - Processing file /opt/anaconda3/envs/airflow/lib/python3.7/site-packages/airflow/example_dags/example_task_group.py for tasks to queue
[2022-02-28 14:47:08,676] {logging_mixin.py:109} INFO - [2022-02-28 14:47:08,675] {dagbag.py:500} INFO - Filling up the DagBag from /opt/anaconda3/envs/airflow/lib/python3.7/site-packages/airflow/example_dags/example_task_group.py
[2022-02-28 14:47:08,719] {processor.py:654} INFO - DAG(s) dict_keys(['example_task_group']) retrieved from /opt/anaconda3/envs/airflow/lib/python3.7/site-packages/airflow/example_dags/example_task_group.py
[2022-02-28 14:47:08,738] {logging_mixin.py:109} INFO - [2022-02-28 14:47:08,737] {dag.py:2398} INFO - Sync 1 DAGs
[2022-02-28 14:47:08,756] {logging_mixin.py:109} INFO - [2022-02-28 14:47:08,756] {dag.py:2937} INFO - Setting next_dagrun for example_task_group to 2022-02-27T06:47:08.756014+00:00
[2022-02-28 14:47:08,770] {processor.py:171} INFO - Processing /opt/anaconda3/envs/airflow/lib/python3.7/site-packages/airflow/example_dags/example_task_group.py took 0.101 seconds
[2022-02-28 14:47:47,348] {processor.py:163} INFO - Started process (PID=33314) to work on /opt/anaconda3/envs/airflow/lib/python3.7/site-packages/airflow/example_dags/example_task_group.py
[2022-02-28 14:47:47,349] {processor.py:642} INFO - Processing file /opt/anaconda3/envs/airflow/lib/python3.7/site-packages/airflow/example_dags/example_task_group.py for tasks to queue
[2022-02-28 14:47:47,350] {logging_mixin.py:109} INFO - [2022-02-28 14:47:47,350] {dagbag.py:500} INFO - Filling up the DagBag from /opt/anaconda3/envs/airflow/lib/python3.7/site-packages/airflow/example_dags/example_task_group.py
[2022-02-28 14:47:47,384] {processor.py:654} INFO - DAG(s) dict_keys(['example_task_group']) retrieved from /opt/anaconda3/envs/airflow/lib/python3.7/site-packages/airflow/example_dags/example_task_group.py
[2022-02-28 14:47:47,397] {logging_mixin.py:109} INFO - [2022-02-28 14:47:47,397] {dag.py:2398} INFO - Sync 1 DAGs
[2022-02-28 14:47:47,413] {logging_mixin.py:109} INFO - [2022-02-28 14:47:47,413] {dag.py:2937} INFO - Setting next_dagrun for example_task_group to 2022-02-27T06:47:47.412886+00:00
[2022-02-28 14:47:47,423] {processor.py:171} INFO - Processing /opt/anaconda3/envs/airflow/lib/python3.7/site-packages/airflow/example_dags/example_task_group.py took 0.080 seconds
[2022-02-28 14:48:27,882] {processor.py:163} INFO - Started process (PID=33354) to work on /opt/anaconda3/envs/airflow/lib/python3.7/site-packages/airflow/example_dags/example_task_group.py
[2022-02-28 14:48:27,884] {processor.py:642} INFO - Processing file /opt/anaconda3/envs/airflow/lib/python3.7/site-packages/airflow/example_dags/example_task_group.py for tasks to queue
[2022-02-28 14:48:27,886] {logging_mixin.py:109} INFO - [2022-02-28 14:48:27,885] {dagbag.py:500} INFO - Filling up the DagBag from /opt/anaconda3/envs/airflow/lib/python3.7/site-packages/airflow/example_dags/example_task_group.py
[2022-02-28 14:48:27,921] {processor.py:654} INFO - DAG(s) dict_keys(['example_task_group']) retrieved from /opt/anaconda3/envs/airflow/lib/python3.7/site-packages/airflow/example_dags/example_task_group.py
[2022-02-28 14:48:27,933] {logging_mixin.py:109} INFO - [2022-02-28 14:48:27,932] {dag.py:2398} INFO - Sync 1 DAGs
[2022-02-28 14:48:27,947] {logging_mixin.py:109} INFO - [2022-02-28 14:48:27,947] {dag.py:2937} INFO - Setting next_dagrun for example_task_group to 2022-02-27T06:48:27.946691+00:00
[2022-02-28 14:48:27,958] {processor.py:171} INFO - Processing /opt/anaconda3/envs/airflow/lib/python3.7/site-packages/airflow/example_dags/example_task_group.py took 0.080 seconds
[2022-02-28 14:49:07,094] {processor.py:163} INFO - Started process (PID=33393) to work on /opt/anaconda3/envs/airflow/lib/python3.7/site-packages/airflow/example_dags/example_task_group.py
[2022-02-28 14:49:07,096] {processor.py:642} INFO - Processing file /opt/anaconda3/envs/airflow/lib/python3.7/site-packages/airflow/example_dags/example_task_group.py for tasks to queue
[2022-02-28 14:49:07,097] {logging_mixin.py:109} INFO - [2022-02-28 14:49:07,097] {dagbag.py:500} INFO - Filling up the DagBag from /opt/anaconda3/envs/airflow/lib/python3.7/site-packages/airflow/example_dags/example_task_group.py
[2022-02-28 14:49:07,130] {processor.py:654} INFO - DAG(s) dict_keys(['example_task_group']) retrieved from /opt/anaconda3/envs/airflow/lib/python3.7/site-packages/airflow/example_dags/example_task_group.py
[2022-02-28 14:49:07,144] {logging_mixin.py:109} INFO - [2022-02-28 14:49:07,143] {dag.py:2398} INFO - Sync 1 DAGs
[2022-02-28 14:49:07,158] {logging_mixin.py:109} INFO - [2022-02-28 14:49:07,157] {dag.py:2937} INFO - Setting next_dagrun for example_task_group to 2022-02-27T06:49:07.157374+00:00
[2022-02-28 14:49:07,168] {processor.py:171} INFO - Processing /opt/anaconda3/envs/airflow/lib/python3.7/site-packages/airflow/example_dags/example_task_group.py took 0.078 seconds
[2022-02-28 14:49:49,032] {processor.py:163} INFO - Started process (PID=33434) to work on /opt/anaconda3/envs/airflow/lib/python3.7/site-packages/airflow/example_dags/example_task_group.py
[2022-02-28 14:49:49,037] {processor.py:642} INFO - Processing file /opt/anaconda3/envs/airflow/lib/python3.7/site-packages/airflow/example_dags/example_task_group.py for tasks to queue
[2022-02-28 14:49:49,040] {logging_mixin.py:109} INFO - [2022-02-28 14:49:49,039] {dagbag.py:500} INFO - Filling up the DagBag from /opt/anaconda3/envs/airflow/lib/python3.7/site-packages/airflow/example_dags/example_task_group.py
[2022-02-28 14:49:49,115] {processor.py:654} INFO - DAG(s) dict_keys(['example_task_group']) retrieved from /opt/anaconda3/envs/airflow/lib/python3.7/site-packages/airflow/example_dags/example_task_group.py
[2022-02-28 14:49:49,147] {logging_mixin.py:109} INFO - [2022-02-28 14:49:49,146] {dag.py:2398} INFO - Sync 1 DAGs
[2022-02-28 14:49:49,237] {logging_mixin.py:109} INFO - [2022-02-28 14:49:49,237] {dag.py:2937} INFO - Setting next_dagrun for example_task_group to 2022-02-27T06:49:49.236593+00:00
[2022-02-28 14:49:49,268] {processor.py:171} INFO - Processing /opt/anaconda3/envs/airflow/lib/python3.7/site-packages/airflow/example_dags/example_task_group.py took 0.244 seconds
[2022-02-28 14:50:28,872] {processor.py:163} INFO - Started process (PID=33471) to work on /opt/anaconda3/envs/airflow/lib/python3.7/site-packages/airflow/example_dags/example_task_group.py
[2022-02-28 14:50:28,874] {processor.py:642} INFO - Processing file /opt/anaconda3/envs/airflow/lib/python3.7/site-packages/airflow/example_dags/example_task_group.py for tasks to queue
[2022-02-28 14:50:28,875] {logging_mixin.py:109} INFO - [2022-02-28 14:50:28,874] {dagbag.py:500} INFO - Filling up the DagBag from /opt/anaconda3/envs/airflow/lib/python3.7/site-packages/airflow/example_dags/example_task_group.py
[2022-02-28 14:50:28,910] {processor.py:654} INFO - DAG(s) dict_keys(['example_task_group']) retrieved from /opt/anaconda3/envs/airflow/lib/python3.7/site-packages/airflow/example_dags/example_task_group.py
[2022-02-28 14:50:28,922] {logging_mixin.py:109} INFO - [2022-02-28 14:50:28,922] {dag.py:2398} INFO - Sync 1 DAGs
[2022-02-28 14:50:28,939] {logging_mixin.py:109} INFO - [2022-02-28 14:50:28,938] {dag.py:2937} INFO - Setting next_dagrun for example_task_group to 2022-02-27T06:50:28.938289+00:00
[2022-02-28 14:50:28,950] {processor.py:171} INFO - Processing /opt/anaconda3/envs/airflow/lib/python3.7/site-packages/airflow/example_dags/example_task_group.py took 0.082 seconds
[2022-02-28 14:51:09,874] {processor.py:163} INFO - Started process (PID=33548) to work on /opt/anaconda3/envs/airflow/lib/python3.7/site-packages/airflow/example_dags/example_task_group.py
[2022-02-28 14:51:09,878] {processor.py:642} INFO - Processing file /opt/anaconda3/envs/airflow/lib/python3.7/site-packages/airflow/example_dags/example_task_group.py for tasks to queue
[2022-02-28 14:51:09,880] {logging_mixin.py:109} INFO - [2022-02-28 14:51:09,879] {dagbag.py:500} INFO - Filling up the DagBag from /opt/anaconda3/envs/airflow/lib/python3.7/site-packages/airflow/example_dags/example_task_group.py
[2022-02-28 14:51:09,962] {processor.py:654} INFO - DAG(s) dict_keys(['example_task_group']) retrieved from /opt/anaconda3/envs/airflow/lib/python3.7/site-packages/airflow/example_dags/example_task_group.py
[2022-02-28 14:51:10,000] {logging_mixin.py:109} INFO - [2022-02-28 14:51:09,999] {dag.py:2398} INFO - Sync 1 DAGs
[2022-02-28 14:51:10,038] {logging_mixin.py:109} INFO - [2022-02-28 14:51:10,037] {dag.py:2937} INFO - Setting next_dagrun for example_task_group to 2022-02-27T06:51:10.036496+00:00
[2022-02-28 14:51:10,063] {processor.py:171} INFO - Processing /opt/anaconda3/envs/airflow/lib/python3.7/site-packages/airflow/example_dags/example_task_group.py took 0.194 seconds
[2022-02-28 14:51:46,676] {processor.py:163} INFO - Started process (PID=33586) to work on /opt/anaconda3/envs/airflow/lib/python3.7/site-packages/airflow/example_dags/example_task_group.py
[2022-02-28 14:51:46,678] {processor.py:642} INFO - Processing file /opt/anaconda3/envs/airflow/lib/python3.7/site-packages/airflow/example_dags/example_task_group.py for tasks to queue
[2022-02-28 14:51:46,679] {logging_mixin.py:109} INFO - [2022-02-28 14:51:46,678] {dagbag.py:500} INFO - Filling up the DagBag from /opt/anaconda3/envs/airflow/lib/python3.7/site-packages/airflow/example_dags/example_task_group.py
[2022-02-28 14:51:46,719] {processor.py:654} INFO - DAG(s) dict_keys(['example_task_group']) retrieved from /opt/anaconda3/envs/airflow/lib/python3.7/site-packages/airflow/example_dags/example_task_group.py
[2022-02-28 14:51:46,733] {logging_mixin.py:109} INFO - [2022-02-28 14:51:46,732] {dag.py:2398} INFO - Sync 1 DAGs
[2022-02-28 14:51:46,749] {logging_mixin.py:109} INFO - [2022-02-28 14:51:46,749] {dag.py:2937} INFO - Setting next_dagrun for example_task_group to 2022-02-27T06:51:46.748668+00:00
[2022-02-28 14:51:46,777] {processor.py:171} INFO - Processing /opt/anaconda3/envs/airflow/lib/python3.7/site-packages/airflow/example_dags/example_task_group.py took 0.106 seconds
[2022-02-28 14:52:25,680] {processor.py:163} INFO - Started process (PID=33623) to work on /opt/anaconda3/envs/airflow/lib/python3.7/site-packages/airflow/example_dags/example_task_group.py
[2022-02-28 14:52:25,681] {processor.py:642} INFO - Processing file /opt/anaconda3/envs/airflow/lib/python3.7/site-packages/airflow/example_dags/example_task_group.py for tasks to queue
[2022-02-28 14:52:25,683] {logging_mixin.py:109} INFO - [2022-02-28 14:52:25,682] {dagbag.py:500} INFO - Filling up the DagBag from /opt/anaconda3/envs/airflow/lib/python3.7/site-packages/airflow/example_dags/example_task_group.py
[2022-02-28 14:52:25,717] {processor.py:654} INFO - DAG(s) dict_keys(['example_task_group']) retrieved from /opt/anaconda3/envs/airflow/lib/python3.7/site-packages/airflow/example_dags/example_task_group.py
[2022-02-28 14:52:25,731] {logging_mixin.py:109} INFO - [2022-02-28 14:52:25,731] {dag.py:2398} INFO - Sync 1 DAGs
[2022-02-28 14:52:25,745] {logging_mixin.py:109} INFO - [2022-02-28 14:52:25,745] {dag.py:2937} INFO - Setting next_dagrun for example_task_group to 2022-02-27T06:52:25.745154+00:00
[2022-02-28 14:52:25,757] {processor.py:171} INFO - Processing /opt/anaconda3/envs/airflow/lib/python3.7/site-packages/airflow/example_dags/example_task_group.py took 0.082 seconds
[2022-02-28 14:53:02,716] {processor.py:163} INFO - Started process (PID=33662) to work on /opt/anaconda3/envs/airflow/lib/python3.7/site-packages/airflow/example_dags/example_task_group.py
[2022-02-28 14:53:02,719] {processor.py:642} INFO - Processing file /opt/anaconda3/envs/airflow/lib/python3.7/site-packages/airflow/example_dags/example_task_group.py for tasks to queue
[2022-02-28 14:53:02,720] {logging_mixin.py:109} INFO - [2022-02-28 14:53:02,720] {dagbag.py:500} INFO - Filling up the DagBag from /opt/anaconda3/envs/airflow/lib/python3.7/site-packages/airflow/example_dags/example_task_group.py
[2022-02-28 14:53:02,763] {processor.py:654} INFO - DAG(s) dict_keys(['example_task_group']) retrieved from /opt/anaconda3/envs/airflow/lib/python3.7/site-packages/airflow/example_dags/example_task_group.py
[2022-02-28 14:53:02,778] {logging_mixin.py:109} INFO - [2022-02-28 14:53:02,778] {dag.py:2398} INFO - Sync 1 DAGs
[2022-02-28 14:53:02,796] {logging_mixin.py:109} INFO - [2022-02-28 14:53:02,796] {dag.py:2937} INFO - Setting next_dagrun for example_task_group to 2022-02-27T06:53:02.795688+00:00
[2022-02-28 14:53:02,811] {processor.py:171} INFO - Processing /opt/anaconda3/envs/airflow/lib/python3.7/site-packages/airflow/example_dags/example_task_group.py took 0.099 seconds
[2022-02-28 14:53:46,016] {processor.py:163} INFO - Started process (PID=33741) to work on /opt/anaconda3/envs/airflow/lib/python3.7/site-packages/airflow/example_dags/example_task_group.py
[2022-02-28 14:53:46,018] {processor.py:642} INFO - Processing file /opt/anaconda3/envs/airflow/lib/python3.7/site-packages/airflow/example_dags/example_task_group.py for tasks to queue
[2022-02-28 14:53:46,020] {logging_mixin.py:109} INFO - [2022-02-28 14:53:46,019] {dagbag.py:500} INFO - Filling up the DagBag from /opt/anaconda3/envs/airflow/lib/python3.7/site-packages/airflow/example_dags/example_task_group.py
[2022-02-28 14:53:46,052] {processor.py:654} INFO - DAG(s) dict_keys(['example_task_group']) retrieved from /opt/anaconda3/envs/airflow/lib/python3.7/site-packages/airflow/example_dags/example_task_group.py
[2022-02-28 14:53:46,064] {logging_mixin.py:109} INFO - [2022-02-28 14:53:46,063] {dag.py:2398} INFO - Sync 1 DAGs
[2022-02-28 14:53:46,077] {logging_mixin.py:109} INFO - [2022-02-28 14:53:46,077] {dag.py:2937} INFO - Setting next_dagrun for example_task_group to 2022-02-27T06:53:46.076853+00:00
[2022-02-28 14:53:46,087] {processor.py:171} INFO - Processing /opt/anaconda3/envs/airflow/lib/python3.7/site-packages/airflow/example_dags/example_task_group.py took 0.074 seconds
[2022-02-28 14:54:44,355] {processor.py:163} INFO - Started process (PID=33883) to work on /opt/anaconda3/envs/airflow/lib/python3.7/site-packages/airflow/example_dags/example_task_group.py
[2022-02-28 14:54:44,359] {processor.py:642} INFO - Processing file /opt/anaconda3/envs/airflow/lib/python3.7/site-packages/airflow/example_dags/example_task_group.py for tasks to queue
[2022-02-28 14:54:44,361] {logging_mixin.py:109} INFO - [2022-02-28 14:54:44,361] {dagbag.py:500} INFO - Filling up the DagBag from /opt/anaconda3/envs/airflow/lib/python3.7/site-packages/airflow/example_dags/example_task_group.py
[2022-02-28 14:54:44,395] {processor.py:654} INFO - DAG(s) dict_keys(['example_task_group']) retrieved from /opt/anaconda3/envs/airflow/lib/python3.7/site-packages/airflow/example_dags/example_task_group.py
[2022-02-28 14:54:44,406] {logging_mixin.py:109} INFO - [2022-02-28 14:54:44,406] {dag.py:2398} INFO - Sync 1 DAGs
[2022-02-28 14:54:44,420] {logging_mixin.py:109} INFO - [2022-02-28 14:54:44,420] {dag.py:2937} INFO - Setting next_dagrun for example_task_group to 2022-02-27T06:54:44.420082+00:00
[2022-02-28 14:54:44,429] {processor.py:171} INFO - Processing /opt/anaconda3/envs/airflow/lib/python3.7/site-packages/airflow/example_dags/example_task_group.py took 0.078 seconds
[2022-02-28 14:56:35,691] {processor.py:163} INFO - Started process (PID=34083) to work on /opt/anaconda3/envs/airflow/lib/python3.7/site-packages/airflow/example_dags/example_task_group.py
[2022-02-28 14:56:35,695] {processor.py:642} INFO - Processing file /opt/anaconda3/envs/airflow/lib/python3.7/site-packages/airflow/example_dags/example_task_group.py for tasks to queue
[2022-02-28 14:56:35,696] {logging_mixin.py:109} INFO - [2022-02-28 14:56:35,696] {dagbag.py:500} INFO - Filling up the DagBag from /opt/anaconda3/envs/airflow/lib/python3.7/site-packages/airflow/example_dags/example_task_group.py
[2022-02-28 14:56:35,741] {processor.py:654} INFO - DAG(s) dict_keys(['example_task_group']) retrieved from /opt/anaconda3/envs/airflow/lib/python3.7/site-packages/airflow/example_dags/example_task_group.py
[2022-02-28 14:56:35,755] {logging_mixin.py:109} INFO - [2022-02-28 14:56:35,754] {dag.py:2398} INFO - Sync 1 DAGs
[2022-02-28 14:56:35,771] {logging_mixin.py:109} INFO - [2022-02-28 14:56:35,770] {dag.py:2937} INFO - Setting next_dagrun for example_task_group to 2022-02-27T06:56:35.770288+00:00
[2022-02-28 14:56:35,783] {processor.py:171} INFO - Processing /opt/anaconda3/envs/airflow/lib/python3.7/site-packages/airflow/example_dags/example_task_group.py took 0.095 seconds
[2022-02-28 14:57:57,089] {processor.py:163} INFO - Started process (PID=34275) to work on /opt/anaconda3/envs/airflow/lib/python3.7/site-packages/airflow/example_dags/example_task_group.py
[2022-02-28 14:57:57,092] {processor.py:642} INFO - Processing file /opt/anaconda3/envs/airflow/lib/python3.7/site-packages/airflow/example_dags/example_task_group.py for tasks to queue
[2022-02-28 14:57:57,093] {logging_mixin.py:109} INFO - [2022-02-28 14:57:57,093] {dagbag.py:500} INFO - Filling up the DagBag from /opt/anaconda3/envs/airflow/lib/python3.7/site-packages/airflow/example_dags/example_task_group.py
[2022-02-28 14:57:57,133] {processor.py:654} INFO - DAG(s) dict_keys(['example_task_group']) retrieved from /opt/anaconda3/envs/airflow/lib/python3.7/site-packages/airflow/example_dags/example_task_group.py
[2022-02-28 14:57:57,144] {logging_mixin.py:109} INFO - [2022-02-28 14:57:57,143] {dag.py:2398} INFO - Sync 1 DAGs
[2022-02-28 14:57:57,158] {logging_mixin.py:109} INFO - [2022-02-28 14:57:57,157] {dag.py:2937} INFO - Setting next_dagrun for example_task_group to 2022-02-27T06:57:57.157550+00:00
[2022-02-28 14:57:57,168] {processor.py:171} INFO - Processing /opt/anaconda3/envs/airflow/lib/python3.7/site-packages/airflow/example_dags/example_task_group.py took 0.084 seconds
[2022-02-28 15:04:08,114] {processor.py:163} INFO - Started process (PID=34814) to work on /opt/anaconda3/envs/airflow/lib/python3.7/site-packages/airflow/example_dags/example_task_group.py
[2022-02-28 15:04:08,117] {processor.py:642} INFO - Processing file /opt/anaconda3/envs/airflow/lib/python3.7/site-packages/airflow/example_dags/example_task_group.py for tasks to queue
[2022-02-28 15:04:08,118] {logging_mixin.py:109} INFO - [2022-02-28 15:04:08,118] {dagbag.py:500} INFO - Filling up the DagBag from /opt/anaconda3/envs/airflow/lib/python3.7/site-packages/airflow/example_dags/example_task_group.py
[2022-02-28 15:04:08,154] {processor.py:654} INFO - DAG(s) dict_keys(['example_task_group']) retrieved from /opt/anaconda3/envs/airflow/lib/python3.7/site-packages/airflow/example_dags/example_task_group.py
[2022-02-28 15:04:08,170] {logging_mixin.py:109} INFO - [2022-02-28 15:04:08,169] {dag.py:2398} INFO - Sync 1 DAGs
[2022-02-28 15:04:08,185] {logging_mixin.py:109} INFO - [2022-02-28 15:04:08,184] {dag.py:2937} INFO - Setting next_dagrun for example_task_group to 2022-02-27T07:04:08.184347+00:00
[2022-02-28 15:04:08,194] {processor.py:171} INFO - Processing /opt/anaconda3/envs/airflow/lib/python3.7/site-packages/airflow/example_dags/example_task_group.py took 0.084 seconds
[2022-02-28 15:06:07,687] {processor.py:163} INFO - Started process (PID=35047) to work on /opt/anaconda3/envs/airflow/lib/python3.7/site-packages/airflow/example_dags/example_task_group.py
[2022-02-28 15:06:07,690] {processor.py:642} INFO - Processing file /opt/anaconda3/envs/airflow/lib/python3.7/site-packages/airflow/example_dags/example_task_group.py for tasks to queue
[2022-02-28 15:06:07,692] {logging_mixin.py:109} INFO - [2022-02-28 15:06:07,692] {dagbag.py:500} INFO - Filling up the DagBag from /opt/anaconda3/envs/airflow/lib/python3.7/site-packages/airflow/example_dags/example_task_group.py
[2022-02-28 15:06:07,725] {processor.py:654} INFO - DAG(s) dict_keys(['example_task_group']) retrieved from /opt/anaconda3/envs/airflow/lib/python3.7/site-packages/airflow/example_dags/example_task_group.py
[2022-02-28 15:06:07,738] {logging_mixin.py:109} INFO - [2022-02-28 15:06:07,738] {dag.py:2398} INFO - Sync 1 DAGs
[2022-02-28 15:06:07,752] {logging_mixin.py:109} INFO - [2022-02-28 15:06:07,751] {dag.py:2937} INFO - Setting next_dagrun for example_task_group to 2022-02-27T07:06:07.751430+00:00
[2022-02-28 15:06:07,761] {processor.py:171} INFO - Processing /opt/anaconda3/envs/airflow/lib/python3.7/site-packages/airflow/example_dags/example_task_group.py took 0.078 seconds
[2022-02-28 15:06:47,090] {processor.py:163} INFO - Started process (PID=35104) to work on /opt/anaconda3/envs/airflow/lib/python3.7/site-packages/airflow/example_dags/example_task_group.py
[2022-02-28 15:06:47,093] {processor.py:642} INFO - Processing file /opt/anaconda3/envs/airflow/lib/python3.7/site-packages/airflow/example_dags/example_task_group.py for tasks to queue
[2022-02-28 15:06:47,095] {logging_mixin.py:109} INFO - [2022-02-28 15:06:47,094] {dagbag.py:500} INFO - Filling up the DagBag from /opt/anaconda3/envs/airflow/lib/python3.7/site-packages/airflow/example_dags/example_task_group.py
[2022-02-28 15:06:47,135] {processor.py:654} INFO - DAG(s) dict_keys(['example_task_group']) retrieved from /opt/anaconda3/envs/airflow/lib/python3.7/site-packages/airflow/example_dags/example_task_group.py
[2022-02-28 15:06:47,150] {logging_mixin.py:109} INFO - [2022-02-28 15:06:47,150] {dag.py:2398} INFO - Sync 1 DAGs
[2022-02-28 15:06:47,166] {logging_mixin.py:109} INFO - [2022-02-28 15:06:47,166] {dag.py:2937} INFO - Setting next_dagrun for example_task_group to 2022-02-27T07:06:47.165835+00:00
[2022-02-28 15:06:47,177] {processor.py:171} INFO - Processing /opt/anaconda3/envs/airflow/lib/python3.7/site-packages/airflow/example_dags/example_task_group.py took 0.091 seconds
[2022-02-28 15:08:12,943] {processor.py:163} INFO - Started process (PID=35316) to work on /opt/anaconda3/envs/airflow/lib/python3.7/site-packages/airflow/example_dags/example_task_group.py
[2022-02-28 15:08:12,948] {processor.py:642} INFO - Processing file /opt/anaconda3/envs/airflow/lib/python3.7/site-packages/airflow/example_dags/example_task_group.py for tasks to queue
[2022-02-28 15:08:12,950] {logging_mixin.py:109} INFO - [2022-02-28 15:08:12,949] {dagbag.py:500} INFO - Filling up the DagBag from /opt/anaconda3/envs/airflow/lib/python3.7/site-packages/airflow/example_dags/example_task_group.py
[2022-02-28 15:08:13,012] {processor.py:654} INFO - DAG(s) dict_keys(['example_task_group']) retrieved from /opt/anaconda3/envs/airflow/lib/python3.7/site-packages/airflow/example_dags/example_task_group.py
[2022-02-28 15:08:13,049] {logging_mixin.py:109} INFO - [2022-02-28 15:08:13,047] {dag.py:2398} INFO - Sync 1 DAGs
[2022-02-28 15:08:13,103] {logging_mixin.py:109} INFO - [2022-02-28 15:08:13,102] {dag.py:2937} INFO - Setting next_dagrun for example_task_group to 2022-02-27T07:08:13.101539+00:00
[2022-02-28 15:08:13,128] {processor.py:171} INFO - Processing /opt/anaconda3/envs/airflow/lib/python3.7/site-packages/airflow/example_dags/example_task_group.py took 0.189 seconds
[2022-02-28 15:08:51,563] {processor.py:163} INFO - Started process (PID=35373) to work on /opt/anaconda3/envs/airflow/lib/python3.7/site-packages/airflow/example_dags/example_task_group.py
[2022-02-28 15:08:51,564] {processor.py:642} INFO - Processing file /opt/anaconda3/envs/airflow/lib/python3.7/site-packages/airflow/example_dags/example_task_group.py for tasks to queue
[2022-02-28 15:08:51,565] {logging_mixin.py:109} INFO - [2022-02-28 15:08:51,565] {dagbag.py:500} INFO - Filling up the DagBag from /opt/anaconda3/envs/airflow/lib/python3.7/site-packages/airflow/example_dags/example_task_group.py
[2022-02-28 15:08:51,599] {processor.py:654} INFO - DAG(s) dict_keys(['example_task_group']) retrieved from /opt/anaconda3/envs/airflow/lib/python3.7/site-packages/airflow/example_dags/example_task_group.py
[2022-02-28 15:08:51,610] {logging_mixin.py:109} INFO - [2022-02-28 15:08:51,610] {dag.py:2398} INFO - Sync 1 DAGs
[2022-02-28 15:08:51,625] {logging_mixin.py:109} INFO - [2022-02-28 15:08:51,625] {dag.py:2937} INFO - Setting next_dagrun for example_task_group to 2022-02-27T07:08:51.624681+00:00
[2022-02-28 15:08:51,642] {processor.py:171} INFO - Processing /opt/anaconda3/envs/airflow/lib/python3.7/site-packages/airflow/example_dags/example_task_group.py took 0.083 seconds
[2022-02-28 15:10:01,588] {processor.py:163} INFO - Started process (PID=35549) to work on /opt/anaconda3/envs/airflow/lib/python3.7/site-packages/airflow/example_dags/example_task_group.py
[2022-02-28 15:10:01,590] {processor.py:642} INFO - Processing file /opt/anaconda3/envs/airflow/lib/python3.7/site-packages/airflow/example_dags/example_task_group.py for tasks to queue
[2022-02-28 15:10:01,592] {logging_mixin.py:109} INFO - [2022-02-28 15:10:01,591] {dagbag.py:500} INFO - Filling up the DagBag from /opt/anaconda3/envs/airflow/lib/python3.7/site-packages/airflow/example_dags/example_task_group.py
[2022-02-28 15:10:01,624] {processor.py:654} INFO - DAG(s) dict_keys(['example_task_group']) retrieved from /opt/anaconda3/envs/airflow/lib/python3.7/site-packages/airflow/example_dags/example_task_group.py
[2022-02-28 15:10:01,635] {logging_mixin.py:109} INFO - [2022-02-28 15:10:01,635] {dag.py:2398} INFO - Sync 1 DAGs
[2022-02-28 15:10:01,649] {logging_mixin.py:109} INFO - [2022-02-28 15:10:01,649] {dag.py:2937} INFO - Setting next_dagrun for example_task_group to 2022-02-27T07:10:01.648708+00:00
[2022-02-28 15:10:01,659] {processor.py:171} INFO - Processing /opt/anaconda3/envs/airflow/lib/python3.7/site-packages/airflow/example_dags/example_task_group.py took 0.075 seconds
[2022-02-28 15:10:37,637] {processor.py:163} INFO - Started process (PID=35641) to work on /opt/anaconda3/envs/airflow/lib/python3.7/site-packages/airflow/example_dags/example_task_group.py
[2022-02-28 15:10:37,639] {processor.py:642} INFO - Processing file /opt/anaconda3/envs/airflow/lib/python3.7/site-packages/airflow/example_dags/example_task_group.py for tasks to queue
[2022-02-28 15:10:37,641] {logging_mixin.py:109} INFO - [2022-02-28 15:10:37,640] {dagbag.py:500} INFO - Filling up the DagBag from /opt/anaconda3/envs/airflow/lib/python3.7/site-packages/airflow/example_dags/example_task_group.py
[2022-02-28 15:10:37,710] {processor.py:654} INFO - DAG(s) dict_keys(['example_task_group']) retrieved from /opt/anaconda3/envs/airflow/lib/python3.7/site-packages/airflow/example_dags/example_task_group.py
[2022-02-28 15:10:37,725] {logging_mixin.py:109} INFO - [2022-02-28 15:10:37,725] {dag.py:2398} INFO - Sync 1 DAGs
[2022-02-28 15:10:37,747] {logging_mixin.py:109} INFO - [2022-02-28 15:10:37,746] {dag.py:2937} INFO - Setting next_dagrun for example_task_group to 2022-02-27T07:10:37.746332+00:00
[2022-02-28 15:10:37,762] {processor.py:171} INFO - Processing /opt/anaconda3/envs/airflow/lib/python3.7/site-packages/airflow/example_dags/example_task_group.py took 0.133 seconds
[2022-02-28 15:14:46,056] {processor.py:163} INFO - Started process (PID=35911) to work on /opt/anaconda3/envs/airflow/lib/python3.7/site-packages/airflow/example_dags/example_task_group.py
[2022-02-28 15:14:46,057] {processor.py:642} INFO - Processing file /opt/anaconda3/envs/airflow/lib/python3.7/site-packages/airflow/example_dags/example_task_group.py for tasks to queue
[2022-02-28 15:14:46,059] {logging_mixin.py:109} INFO - [2022-02-28 15:14:46,058] {dagbag.py:500} INFO - Filling up the DagBag from /opt/anaconda3/envs/airflow/lib/python3.7/site-packages/airflow/example_dags/example_task_group.py
[2022-02-28 15:14:46,095] {processor.py:654} INFO - DAG(s) dict_keys(['example_task_group']) retrieved from /opt/anaconda3/envs/airflow/lib/python3.7/site-packages/airflow/example_dags/example_task_group.py
[2022-02-28 15:14:46,107] {logging_mixin.py:109} INFO - [2022-02-28 15:14:46,107] {dag.py:2398} INFO - Sync 1 DAGs
[2022-02-28 15:14:46,121] {logging_mixin.py:109} INFO - [2022-02-28 15:14:46,120] {dag.py:2937} INFO - Setting next_dagrun for example_task_group to 2022-02-27T07:14:46.120367+00:00
[2022-02-28 15:14:46,131] {processor.py:171} INFO - Processing /opt/anaconda3/envs/airflow/lib/python3.7/site-packages/airflow/example_dags/example_task_group.py took 0.078 seconds
[2022-02-28 15:16:05,539] {processor.py:163} INFO - Started process (PID=36077) to work on /opt/anaconda3/envs/airflow/lib/python3.7/site-packages/airflow/example_dags/example_task_group.py
[2022-02-28 15:16:05,541] {processor.py:642} INFO - Processing file /opt/anaconda3/envs/airflow/lib/python3.7/site-packages/airflow/example_dags/example_task_group.py for tasks to queue
[2022-02-28 15:16:05,542] {logging_mixin.py:109} INFO - [2022-02-28 15:16:05,542] {dagbag.py:500} INFO - Filling up the DagBag from /opt/anaconda3/envs/airflow/lib/python3.7/site-packages/airflow/example_dags/example_task_group.py
[2022-02-28 15:16:05,574] {processor.py:654} INFO - DAG(s) dict_keys(['example_task_group']) retrieved from /opt/anaconda3/envs/airflow/lib/python3.7/site-packages/airflow/example_dags/example_task_group.py
[2022-02-28 15:16:05,586] {logging_mixin.py:109} INFO - [2022-02-28 15:16:05,585] {dag.py:2398} INFO - Sync 1 DAGs
[2022-02-28 15:16:05,600] {logging_mixin.py:109} INFO - [2022-02-28 15:16:05,600] {dag.py:2937} INFO - Setting next_dagrun for example_task_group to 2022-02-27T07:16:05.600146+00:00
[2022-02-28 15:16:05,611] {processor.py:171} INFO - Processing /opt/anaconda3/envs/airflow/lib/python3.7/site-packages/airflow/example_dags/example_task_group.py took 0.076 seconds
[2022-02-28 15:18:50,823] {processor.py:163} INFO - Started process (PID=36268) to work on /opt/anaconda3/envs/airflow/lib/python3.7/site-packages/airflow/example_dags/example_task_group.py
[2022-02-28 15:18:50,824] {processor.py:642} INFO - Processing file /opt/anaconda3/envs/airflow/lib/python3.7/site-packages/airflow/example_dags/example_task_group.py for tasks to queue
[2022-02-28 15:18:50,826] {logging_mixin.py:109} INFO - [2022-02-28 15:18:50,825] {dagbag.py:500} INFO - Filling up the DagBag from /opt/anaconda3/envs/airflow/lib/python3.7/site-packages/airflow/example_dags/example_task_group.py
[2022-02-28 15:18:50,867] {processor.py:654} INFO - DAG(s) dict_keys(['example_task_group']) retrieved from /opt/anaconda3/envs/airflow/lib/python3.7/site-packages/airflow/example_dags/example_task_group.py
[2022-02-28 15:18:50,880] {logging_mixin.py:109} INFO - [2022-02-28 15:18:50,879] {dag.py:2398} INFO - Sync 1 DAGs
[2022-02-28 15:18:50,896] {logging_mixin.py:109} INFO - [2022-02-28 15:18:50,896] {dag.py:2937} INFO - Setting next_dagrun for example_task_group to 2022-02-27T07:18:50.895482+00:00
[2022-02-28 15:18:50,907] {processor.py:171} INFO - Processing /opt/anaconda3/envs/airflow/lib/python3.7/site-packages/airflow/example_dags/example_task_group.py took 0.089 seconds
[2022-02-28 15:19:48,187] {processor.py:163} INFO - Started process (PID=36356) to work on /opt/anaconda3/envs/airflow/lib/python3.7/site-packages/airflow/example_dags/example_task_group.py
[2022-02-28 15:19:48,189] {processor.py:642} INFO - Processing file /opt/anaconda3/envs/airflow/lib/python3.7/site-packages/airflow/example_dags/example_task_group.py for tasks to queue
[2022-02-28 15:19:48,190] {logging_mixin.py:109} INFO - [2022-02-28 15:19:48,190] {dagbag.py:500} INFO - Filling up the DagBag from /opt/anaconda3/envs/airflow/lib/python3.7/site-packages/airflow/example_dags/example_task_group.py
[2022-02-28 15:19:48,224] {processor.py:654} INFO - DAG(s) dict_keys(['example_task_group']) retrieved from /opt/anaconda3/envs/airflow/lib/python3.7/site-packages/airflow/example_dags/example_task_group.py
[2022-02-28 15:19:48,236] {logging_mixin.py:109} INFO - [2022-02-28 15:19:48,236] {dag.py:2398} INFO - Sync 1 DAGs
[2022-02-28 15:19:48,252] {logging_mixin.py:109} INFO - [2022-02-28 15:19:48,251] {dag.py:2937} INFO - Setting next_dagrun for example_task_group to 2022-02-27T07:19:48.251291+00:00
[2022-02-28 15:19:48,265] {processor.py:171} INFO - Processing /opt/anaconda3/envs/airflow/lib/python3.7/site-packages/airflow/example_dags/example_task_group.py took 0.082 seconds
[2022-02-28 15:20:31,492] {processor.py:163} INFO - Started process (PID=36477) to work on /opt/anaconda3/envs/airflow/lib/python3.7/site-packages/airflow/example_dags/example_task_group.py
[2022-02-28 15:20:31,495] {processor.py:642} INFO - Processing file /opt/anaconda3/envs/airflow/lib/python3.7/site-packages/airflow/example_dags/example_task_group.py for tasks to queue
[2022-02-28 15:20:31,496] {logging_mixin.py:109} INFO - [2022-02-28 15:20:31,496] {dagbag.py:500} INFO - Filling up the DagBag from /opt/anaconda3/envs/airflow/lib/python3.7/site-packages/airflow/example_dags/example_task_group.py
[2022-02-28 15:20:31,532] {processor.py:654} INFO - DAG(s) dict_keys(['example_task_group']) retrieved from /opt/anaconda3/envs/airflow/lib/python3.7/site-packages/airflow/example_dags/example_task_group.py
[2022-02-28 15:20:31,543] {logging_mixin.py:109} INFO - [2022-02-28 15:20:31,542] {dag.py:2398} INFO - Sync 1 DAGs
[2022-02-28 15:20:31,556] {logging_mixin.py:109} INFO - [2022-02-28 15:20:31,556] {dag.py:2937} INFO - Setting next_dagrun for example_task_group to 2022-02-27T07:20:31.555918+00:00
[2022-02-28 15:20:31,565] {processor.py:171} INFO - Processing /opt/anaconda3/envs/airflow/lib/python3.7/site-packages/airflow/example_dags/example_task_group.py took 0.076 seconds
[2022-02-28 15:21:14,342] {processor.py:163} INFO - Started process (PID=36532) to work on /opt/anaconda3/envs/airflow/lib/python3.7/site-packages/airflow/example_dags/example_task_group.py
[2022-02-28 15:21:14,345] {processor.py:642} INFO - Processing file /opt/anaconda3/envs/airflow/lib/python3.7/site-packages/airflow/example_dags/example_task_group.py for tasks to queue
[2022-02-28 15:21:14,346] {logging_mixin.py:109} INFO - [2022-02-28 15:21:14,346] {dagbag.py:500} INFO - Filling up the DagBag from /opt/anaconda3/envs/airflow/lib/python3.7/site-packages/airflow/example_dags/example_task_group.py
[2022-02-28 15:21:14,384] {processor.py:654} INFO - DAG(s) dict_keys(['example_task_group']) retrieved from /opt/anaconda3/envs/airflow/lib/python3.7/site-packages/airflow/example_dags/example_task_group.py
[2022-02-28 15:21:14,396] {logging_mixin.py:109} INFO - [2022-02-28 15:21:14,396] {dag.py:2398} INFO - Sync 1 DAGs
[2022-02-28 15:21:14,411] {logging_mixin.py:109} INFO - [2022-02-28 15:21:14,411] {dag.py:2937} INFO - Setting next_dagrun for example_task_group to 2022-02-27T07:21:14.410829+00:00
[2022-02-28 15:21:14,422] {processor.py:171} INFO - Processing /opt/anaconda3/envs/airflow/lib/python3.7/site-packages/airflow/example_dags/example_task_group.py took 0.084 seconds
[2022-02-28 15:21:54,640] {processor.py:163} INFO - Started process (PID=36573) to work on /opt/anaconda3/envs/airflow/lib/python3.7/site-packages/airflow/example_dags/example_task_group.py
[2022-02-28 15:21:54,642] {processor.py:642} INFO - Processing file /opt/anaconda3/envs/airflow/lib/python3.7/site-packages/airflow/example_dags/example_task_group.py for tasks to queue
[2022-02-28 15:21:54,644] {logging_mixin.py:109} INFO - [2022-02-28 15:21:54,643] {dagbag.py:500} INFO - Filling up the DagBag from /opt/anaconda3/envs/airflow/lib/python3.7/site-packages/airflow/example_dags/example_task_group.py
[2022-02-28 15:21:54,694] {processor.py:654} INFO - DAG(s) dict_keys(['example_task_group']) retrieved from /opt/anaconda3/envs/airflow/lib/python3.7/site-packages/airflow/example_dags/example_task_group.py
[2022-02-28 15:21:54,709] {logging_mixin.py:109} INFO - [2022-02-28 15:21:54,709] {dag.py:2398} INFO - Sync 1 DAGs
[2022-02-28 15:21:54,735] {logging_mixin.py:109} INFO - [2022-02-28 15:21:54,734] {dag.py:2937} INFO - Setting next_dagrun for example_task_group to 2022-02-27T07:21:54.734339+00:00
[2022-02-28 15:21:54,749] {processor.py:171} INFO - Processing /opt/anaconda3/envs/airflow/lib/python3.7/site-packages/airflow/example_dags/example_task_group.py took 0.115 seconds
[2022-02-28 15:22:34,341] {processor.py:163} INFO - Started process (PID=36610) to work on /opt/anaconda3/envs/airflow/lib/python3.7/site-packages/airflow/example_dags/example_task_group.py
[2022-02-28 15:22:34,343] {processor.py:642} INFO - Processing file /opt/anaconda3/envs/airflow/lib/python3.7/site-packages/airflow/example_dags/example_task_group.py for tasks to queue
[2022-02-28 15:22:34,344] {logging_mixin.py:109} INFO - [2022-02-28 15:22:34,344] {dagbag.py:500} INFO - Filling up the DagBag from /opt/anaconda3/envs/airflow/lib/python3.7/site-packages/airflow/example_dags/example_task_group.py
[2022-02-28 15:22:34,373] {processor.py:654} INFO - DAG(s) dict_keys(['example_task_group']) retrieved from /opt/anaconda3/envs/airflow/lib/python3.7/site-packages/airflow/example_dags/example_task_group.py
[2022-02-28 15:22:34,385] {logging_mixin.py:109} INFO - [2022-02-28 15:22:34,385] {dag.py:2398} INFO - Sync 1 DAGs
[2022-02-28 15:22:34,398] {logging_mixin.py:109} INFO - [2022-02-28 15:22:34,398] {dag.py:2937} INFO - Setting next_dagrun for example_task_group to 2022-02-27T07:22:34.398121+00:00
[2022-02-28 15:22:34,408] {processor.py:171} INFO - Processing /opt/anaconda3/envs/airflow/lib/python3.7/site-packages/airflow/example_dags/example_task_group.py took 0.071 seconds
