[2022-02-28 14:25:45,215] {processor.py:163} INFO - Started process (PID=31705) to work on /opt/anaconda3/envs/airflow/lib/python3.7/site-packages/airflow/example_dags/example_latest_only.py
[2022-02-28 14:25:45,217] {processor.py:642} INFO - Processing file /opt/anaconda3/envs/airflow/lib/python3.7/site-packages/airflow/example_dags/example_latest_only.py for tasks to queue
[2022-02-28 14:25:45,218] {logging_mixin.py:109} INFO - [2022-02-28 14:25:45,217] {dagbag.py:500} INFO - Filling up the DagBag from /opt/anaconda3/envs/airflow/lib/python3.7/site-packages/airflow/example_dags/example_latest_only.py
[2022-02-28 14:25:45,247] {processor.py:654} INFO - DAG(s) dict_keys(['latest_only']) retrieved from /opt/anaconda3/envs/airflow/lib/python3.7/site-packages/airflow/example_dags/example_latest_only.py
[2022-02-28 14:25:45,257] {logging_mixin.py:109} INFO - [2022-02-28 14:25:45,256] {dag.py:2398} INFO - Sync 1 DAGs
[2022-02-28 14:25:45,270] {logging_mixin.py:109} INFO - [2022-02-28 14:25:45,270] {dag.py:2937} INFO - Setting next_dagrun for latest_only to 2022-02-28T02:25:45.270102+00:00
[2022-02-28 14:25:45,281] {processor.py:171} INFO - Processing /opt/anaconda3/envs/airflow/lib/python3.7/site-packages/airflow/example_dags/example_latest_only.py took 0.069 seconds
[2022-02-28 14:26:25,999] {processor.py:163} INFO - Started process (PID=31758) to work on /opt/anaconda3/envs/airflow/lib/python3.7/site-packages/airflow/example_dags/example_latest_only.py
[2022-02-28 14:26:26,003] {processor.py:642} INFO - Processing file /opt/anaconda3/envs/airflow/lib/python3.7/site-packages/airflow/example_dags/example_latest_only.py for tasks to queue
[2022-02-28 14:26:26,004] {logging_mixin.py:109} INFO - [2022-02-28 14:26:26,004] {dagbag.py:500} INFO - Filling up the DagBag from /opt/anaconda3/envs/airflow/lib/python3.7/site-packages/airflow/example_dags/example_latest_only.py
[2022-02-28 14:26:26,035] {processor.py:654} INFO - DAG(s) dict_keys(['latest_only']) retrieved from /opt/anaconda3/envs/airflow/lib/python3.7/site-packages/airflow/example_dags/example_latest_only.py
[2022-02-28 14:26:26,046] {logging_mixin.py:109} INFO - [2022-02-28 14:26:26,045] {dag.py:2398} INFO - Sync 1 DAGs
[2022-02-28 14:26:26,060] {logging_mixin.py:109} INFO - [2022-02-28 14:26:26,060] {dag.py:2937} INFO - Setting next_dagrun for latest_only to 2022-02-28T02:26:26.060177+00:00
[2022-02-28 14:26:26,070] {processor.py:171} INFO - Processing /opt/anaconda3/envs/airflow/lib/python3.7/site-packages/airflow/example_dags/example_latest_only.py took 0.075 seconds
[2022-02-28 14:27:05,450] {processor.py:163} INFO - Started process (PID=31809) to work on /opt/anaconda3/envs/airflow/lib/python3.7/site-packages/airflow/example_dags/example_latest_only.py
[2022-02-28 14:27:05,453] {processor.py:642} INFO - Processing file /opt/anaconda3/envs/airflow/lib/python3.7/site-packages/airflow/example_dags/example_latest_only.py for tasks to queue
[2022-02-28 14:27:05,455] {logging_mixin.py:109} INFO - [2022-02-28 14:27:05,454] {dagbag.py:500} INFO - Filling up the DagBag from /opt/anaconda3/envs/airflow/lib/python3.7/site-packages/airflow/example_dags/example_latest_only.py
[2022-02-28 14:27:05,486] {processor.py:654} INFO - DAG(s) dict_keys(['latest_only']) retrieved from /opt/anaconda3/envs/airflow/lib/python3.7/site-packages/airflow/example_dags/example_latest_only.py
[2022-02-28 14:27:05,496] {logging_mixin.py:109} INFO - [2022-02-28 14:27:05,496] {dag.py:2398} INFO - Sync 1 DAGs
[2022-02-28 14:27:05,509] {logging_mixin.py:109} INFO - [2022-02-28 14:27:05,509] {dag.py:2937} INFO - Setting next_dagrun for latest_only to 2022-02-28T02:27:05.509275+00:00
[2022-02-28 14:27:05,520] {processor.py:171} INFO - Processing /opt/anaconda3/envs/airflow/lib/python3.7/site-packages/airflow/example_dags/example_latest_only.py took 0.074 seconds
[2022-02-28 14:27:49,674] {processor.py:163} INFO - Started process (PID=31864) to work on /opt/anaconda3/envs/airflow/lib/python3.7/site-packages/airflow/example_dags/example_latest_only.py
[2022-02-28 14:27:49,676] {processor.py:642} INFO - Processing file /opt/anaconda3/envs/airflow/lib/python3.7/site-packages/airflow/example_dags/example_latest_only.py for tasks to queue
[2022-02-28 14:27:49,677] {logging_mixin.py:109} INFO - [2022-02-28 14:27:49,677] {dagbag.py:500} INFO - Filling up the DagBag from /opt/anaconda3/envs/airflow/lib/python3.7/site-packages/airflow/example_dags/example_latest_only.py
[2022-02-28 14:27:49,708] {processor.py:654} INFO - DAG(s) dict_keys(['latest_only']) retrieved from /opt/anaconda3/envs/airflow/lib/python3.7/site-packages/airflow/example_dags/example_latest_only.py
[2022-02-28 14:27:49,719] {logging_mixin.py:109} INFO - [2022-02-28 14:27:49,718] {dag.py:2398} INFO - Sync 1 DAGs
[2022-02-28 14:27:49,732] {logging_mixin.py:109} INFO - [2022-02-28 14:27:49,731] {dag.py:2937} INFO - Setting next_dagrun for latest_only to 2022-02-28T02:27:49.731669+00:00
[2022-02-28 14:27:49,741] {processor.py:171} INFO - Processing /opt/anaconda3/envs/airflow/lib/python3.7/site-packages/airflow/example_dags/example_latest_only.py took 0.071 seconds
[2022-02-28 14:29:08,962] {processor.py:163} INFO - Started process (PID=32040) to work on /opt/anaconda3/envs/airflow/lib/python3.7/site-packages/airflow/example_dags/example_latest_only.py
[2022-02-28 14:29:08,964] {processor.py:642} INFO - Processing file /opt/anaconda3/envs/airflow/lib/python3.7/site-packages/airflow/example_dags/example_latest_only.py for tasks to queue
[2022-02-28 14:29:08,965] {logging_mixin.py:109} INFO - [2022-02-28 14:29:08,965] {dagbag.py:500} INFO - Filling up the DagBag from /opt/anaconda3/envs/airflow/lib/python3.7/site-packages/airflow/example_dags/example_latest_only.py
[2022-02-28 14:29:09,018] {processor.py:654} INFO - DAG(s) dict_keys(['latest_only']) retrieved from /opt/anaconda3/envs/airflow/lib/python3.7/site-packages/airflow/example_dags/example_latest_only.py
[2022-02-28 14:29:09,039] {logging_mixin.py:109} INFO - [2022-02-28 14:29:09,039] {dag.py:2398} INFO - Sync 1 DAGs
[2022-02-28 14:29:09,067] {logging_mixin.py:109} INFO - [2022-02-28 14:29:09,066] {dag.py:2937} INFO - Setting next_dagrun for latest_only to 2022-02-28T02:29:09.066399+00:00
[2022-02-28 14:29:09,082] {processor.py:171} INFO - Processing /opt/anaconda3/envs/airflow/lib/python3.7/site-packages/airflow/example_dags/example_latest_only.py took 0.125 seconds
[2022-02-28 14:29:54,024] {processor.py:163} INFO - Started process (PID=32100) to work on /opt/anaconda3/envs/airflow/lib/python3.7/site-packages/airflow/example_dags/example_latest_only.py
[2022-02-28 14:29:54,027] {processor.py:642} INFO - Processing file /opt/anaconda3/envs/airflow/lib/python3.7/site-packages/airflow/example_dags/example_latest_only.py for tasks to queue
[2022-02-28 14:29:54,028] {logging_mixin.py:109} INFO - [2022-02-28 14:29:54,028] {dagbag.py:500} INFO - Filling up the DagBag from /opt/anaconda3/envs/airflow/lib/python3.7/site-packages/airflow/example_dags/example_latest_only.py
[2022-02-28 14:29:54,057] {processor.py:654} INFO - DAG(s) dict_keys(['latest_only']) retrieved from /opt/anaconda3/envs/airflow/lib/python3.7/site-packages/airflow/example_dags/example_latest_only.py
[2022-02-28 14:29:54,067] {logging_mixin.py:109} INFO - [2022-02-28 14:29:54,066] {dag.py:2398} INFO - Sync 1 DAGs
[2022-02-28 14:29:54,080] {logging_mixin.py:109} INFO - [2022-02-28 14:29:54,080] {dag.py:2937} INFO - Setting next_dagrun for latest_only to 2022-02-28T02:29:54.079787+00:00
[2022-02-28 14:29:54,091] {processor.py:171} INFO - Processing /opt/anaconda3/envs/airflow/lib/python3.7/site-packages/airflow/example_dags/example_latest_only.py took 0.070 seconds
[2022-02-28 14:30:38,286] {processor.py:163} INFO - Started process (PID=32156) to work on /opt/anaconda3/envs/airflow/lib/python3.7/site-packages/airflow/example_dags/example_latest_only.py
[2022-02-28 14:30:38,290] {processor.py:642} INFO - Processing file /opt/anaconda3/envs/airflow/lib/python3.7/site-packages/airflow/example_dags/example_latest_only.py for tasks to queue
[2022-02-28 14:30:38,291] {logging_mixin.py:109} INFO - [2022-02-28 14:30:38,291] {dagbag.py:500} INFO - Filling up the DagBag from /opt/anaconda3/envs/airflow/lib/python3.7/site-packages/airflow/example_dags/example_latest_only.py
[2022-02-28 14:30:38,321] {processor.py:654} INFO - DAG(s) dict_keys(['latest_only']) retrieved from /opt/anaconda3/envs/airflow/lib/python3.7/site-packages/airflow/example_dags/example_latest_only.py
[2022-02-28 14:30:38,331] {logging_mixin.py:109} INFO - [2022-02-28 14:30:38,331] {dag.py:2398} INFO - Sync 1 DAGs
[2022-02-28 14:30:38,345] {logging_mixin.py:109} INFO - [2022-02-28 14:30:38,344] {dag.py:2937} INFO - Setting next_dagrun for latest_only to 2022-02-28T02:30:38.344385+00:00
[2022-02-28 14:30:38,355] {processor.py:171} INFO - Processing /opt/anaconda3/envs/airflow/lib/python3.7/site-packages/airflow/example_dags/example_latest_only.py took 0.072 seconds
[2022-02-28 14:31:18,855] {processor.py:163} INFO - Started process (PID=32207) to work on /opt/anaconda3/envs/airflow/lib/python3.7/site-packages/airflow/example_dags/example_latest_only.py
[2022-02-28 14:31:18,857] {processor.py:642} INFO - Processing file /opt/anaconda3/envs/airflow/lib/python3.7/site-packages/airflow/example_dags/example_latest_only.py for tasks to queue
[2022-02-28 14:31:18,860] {logging_mixin.py:109} INFO - [2022-02-28 14:31:18,860] {dagbag.py:500} INFO - Filling up the DagBag from /opt/anaconda3/envs/airflow/lib/python3.7/site-packages/airflow/example_dags/example_latest_only.py
[2022-02-28 14:31:18,895] {processor.py:654} INFO - DAG(s) dict_keys(['latest_only']) retrieved from /opt/anaconda3/envs/airflow/lib/python3.7/site-packages/airflow/example_dags/example_latest_only.py
[2022-02-28 14:31:18,904] {logging_mixin.py:109} INFO - [2022-02-28 14:31:18,904] {dag.py:2398} INFO - Sync 1 DAGs
[2022-02-28 14:31:18,917] {logging_mixin.py:109} INFO - [2022-02-28 14:31:18,917] {dag.py:2937} INFO - Setting next_dagrun for latest_only to 2022-02-28T02:31:18.917005+00:00
[2022-02-28 14:31:18,928] {processor.py:171} INFO - Processing /opt/anaconda3/envs/airflow/lib/python3.7/site-packages/airflow/example_dags/example_latest_only.py took 0.077 seconds
[2022-02-28 14:33:13,972] {processor.py:163} INFO - Started process (PID=32336) to work on /opt/anaconda3/envs/airflow/lib/python3.7/site-packages/airflow/example_dags/example_latest_only.py
[2022-02-28 14:33:13,974] {processor.py:642} INFO - Processing file /opt/anaconda3/envs/airflow/lib/python3.7/site-packages/airflow/example_dags/example_latest_only.py for tasks to queue
[2022-02-28 14:33:13,976] {logging_mixin.py:109} INFO - [2022-02-28 14:33:13,976] {dagbag.py:500} INFO - Filling up the DagBag from /opt/anaconda3/envs/airflow/lib/python3.7/site-packages/airflow/example_dags/example_latest_only.py
[2022-02-28 14:33:14,064] {processor.py:654} INFO - DAG(s) dict_keys(['latest_only']) retrieved from /opt/anaconda3/envs/airflow/lib/python3.7/site-packages/airflow/example_dags/example_latest_only.py
[2022-02-28 14:33:14,464] {logging_mixin.py:109} INFO - [2022-02-28 14:33:14,464] {dag.py:2398} INFO - Sync 1 DAGs
[2022-02-28 14:33:14,566] {logging_mixin.py:109} INFO - [2022-02-28 14:33:14,566] {dag.py:2937} INFO - Setting next_dagrun for latest_only to 2022-02-28T02:33:14.564424+00:00
[2022-02-28 14:33:14,618] {processor.py:171} INFO - Processing /opt/anaconda3/envs/airflow/lib/python3.7/site-packages/airflow/example_dags/example_latest_only.py took 0.653 seconds
[2022-02-28 14:33:57,635] {processor.py:163} INFO - Started process (PID=32410) to work on /opt/anaconda3/envs/airflow/lib/python3.7/site-packages/airflow/example_dags/example_latest_only.py
[2022-02-28 14:33:57,638] {processor.py:642} INFO - Processing file /opt/anaconda3/envs/airflow/lib/python3.7/site-packages/airflow/example_dags/example_latest_only.py for tasks to queue
[2022-02-28 14:33:57,639] {logging_mixin.py:109} INFO - [2022-02-28 14:33:57,639] {dagbag.py:500} INFO - Filling up the DagBag from /opt/anaconda3/envs/airflow/lib/python3.7/site-packages/airflow/example_dags/example_latest_only.py
[2022-02-28 14:33:57,675] {processor.py:654} INFO - DAG(s) dict_keys(['latest_only']) retrieved from /opt/anaconda3/envs/airflow/lib/python3.7/site-packages/airflow/example_dags/example_latest_only.py
[2022-02-28 14:33:57,687] {logging_mixin.py:109} INFO - [2022-02-28 14:33:57,687] {dag.py:2398} INFO - Sync 1 DAGs
[2022-02-28 14:33:57,702] {logging_mixin.py:109} INFO - [2022-02-28 14:33:57,702] {dag.py:2937} INFO - Setting next_dagrun for latest_only to 2022-02-28T02:33:57.702169+00:00
[2022-02-28 14:33:57,712] {processor.py:171} INFO - Processing /opt/anaconda3/envs/airflow/lib/python3.7/site-packages/airflow/example_dags/example_latest_only.py took 0.082 seconds
[2022-02-28 14:34:42,878] {processor.py:163} INFO - Started process (PID=32475) to work on /opt/anaconda3/envs/airflow/lib/python3.7/site-packages/airflow/example_dags/example_latest_only.py
[2022-02-28 14:34:42,881] {processor.py:642} INFO - Processing file /opt/anaconda3/envs/airflow/lib/python3.7/site-packages/airflow/example_dags/example_latest_only.py for tasks to queue
[2022-02-28 14:34:42,882] {logging_mixin.py:109} INFO - [2022-02-28 14:34:42,882] {dagbag.py:500} INFO - Filling up the DagBag from /opt/anaconda3/envs/airflow/lib/python3.7/site-packages/airflow/example_dags/example_latest_only.py
[2022-02-28 14:34:42,916] {processor.py:654} INFO - DAG(s) dict_keys(['latest_only']) retrieved from /opt/anaconda3/envs/airflow/lib/python3.7/site-packages/airflow/example_dags/example_latest_only.py
[2022-02-28 14:34:42,927] {logging_mixin.py:109} INFO - [2022-02-28 14:34:42,927] {dag.py:2398} INFO - Sync 1 DAGs
[2022-02-28 14:34:42,942] {logging_mixin.py:109} INFO - [2022-02-28 14:34:42,942] {dag.py:2937} INFO - Setting next_dagrun for latest_only to 2022-02-28T02:34:42.941976+00:00
[2022-02-28 14:34:42,954] {processor.py:171} INFO - Processing /opt/anaconda3/envs/airflow/lib/python3.7/site-packages/airflow/example_dags/example_latest_only.py took 0.080 seconds
[2022-02-28 14:35:22,288] {processor.py:163} INFO - Started process (PID=32517) to work on /opt/anaconda3/envs/airflow/lib/python3.7/site-packages/airflow/example_dags/example_latest_only.py
[2022-02-28 14:35:22,292] {processor.py:642} INFO - Processing file /opt/anaconda3/envs/airflow/lib/python3.7/site-packages/airflow/example_dags/example_latest_only.py for tasks to queue
[2022-02-28 14:35:22,295] {logging_mixin.py:109} INFO - [2022-02-28 14:35:22,294] {dagbag.py:500} INFO - Filling up the DagBag from /opt/anaconda3/envs/airflow/lib/python3.7/site-packages/airflow/example_dags/example_latest_only.py
[2022-02-28 14:35:22,357] {processor.py:654} INFO - DAG(s) dict_keys(['latest_only']) retrieved from /opt/anaconda3/envs/airflow/lib/python3.7/site-packages/airflow/example_dags/example_latest_only.py
[2022-02-28 14:35:22,380] {logging_mixin.py:109} INFO - [2022-02-28 14:35:22,379] {dag.py:2398} INFO - Sync 1 DAGs
[2022-02-28 14:35:22,410] {logging_mixin.py:109} INFO - [2022-02-28 14:35:22,409] {dag.py:2937} INFO - Setting next_dagrun for latest_only to 2022-02-28T02:35:22.408703+00:00
[2022-02-28 14:35:22,427] {processor.py:171} INFO - Processing /opt/anaconda3/envs/airflow/lib/python3.7/site-packages/airflow/example_dags/example_latest_only.py took 0.144 seconds
[2022-02-28 14:36:08,716] {processor.py:163} INFO - Started process (PID=32565) to work on /opt/anaconda3/envs/airflow/lib/python3.7/site-packages/airflow/example_dags/example_latest_only.py
[2022-02-28 14:36:08,718] {processor.py:642} INFO - Processing file /opt/anaconda3/envs/airflow/lib/python3.7/site-packages/airflow/example_dags/example_latest_only.py for tasks to queue
[2022-02-28 14:36:08,720] {logging_mixin.py:109} INFO - [2022-02-28 14:36:08,719] {dagbag.py:500} INFO - Filling up the DagBag from /opt/anaconda3/envs/airflow/lib/python3.7/site-packages/airflow/example_dags/example_latest_only.py
[2022-02-28 14:36:08,750] {processor.py:654} INFO - DAG(s) dict_keys(['latest_only']) retrieved from /opt/anaconda3/envs/airflow/lib/python3.7/site-packages/airflow/example_dags/example_latest_only.py
[2022-02-28 14:36:08,762] {logging_mixin.py:109} INFO - [2022-02-28 14:36:08,762] {dag.py:2398} INFO - Sync 1 DAGs
[2022-02-28 14:36:08,778] {logging_mixin.py:109} INFO - [2022-02-28 14:36:08,778] {dag.py:2937} INFO - Setting next_dagrun for latest_only to 2022-02-28T02:36:08.777838+00:00
[2022-02-28 14:36:08,788] {processor.py:171} INFO - Processing /opt/anaconda3/envs/airflow/lib/python3.7/site-packages/airflow/example_dags/example_latest_only.py took 0.077 seconds
[2022-02-28 14:36:49,204] {processor.py:163} INFO - Started process (PID=32609) to work on /opt/anaconda3/envs/airflow/lib/python3.7/site-packages/airflow/example_dags/example_latest_only.py
[2022-02-28 14:36:49,205] {processor.py:642} INFO - Processing file /opt/anaconda3/envs/airflow/lib/python3.7/site-packages/airflow/example_dags/example_latest_only.py for tasks to queue
[2022-02-28 14:36:49,207] {logging_mixin.py:109} INFO - [2022-02-28 14:36:49,206] {dagbag.py:500} INFO - Filling up the DagBag from /opt/anaconda3/envs/airflow/lib/python3.7/site-packages/airflow/example_dags/example_latest_only.py
[2022-02-28 14:36:49,238] {processor.py:654} INFO - DAG(s) dict_keys(['latest_only']) retrieved from /opt/anaconda3/envs/airflow/lib/python3.7/site-packages/airflow/example_dags/example_latest_only.py
[2022-02-28 14:36:49,249] {logging_mixin.py:109} INFO - [2022-02-28 14:36:49,249] {dag.py:2398} INFO - Sync 1 DAGs
[2022-02-28 14:36:49,264] {logging_mixin.py:109} INFO - [2022-02-28 14:36:49,264] {dag.py:2937} INFO - Setting next_dagrun for latest_only to 2022-02-28T02:36:49.264069+00:00
[2022-02-28 14:36:49,276] {processor.py:171} INFO - Processing /opt/anaconda3/envs/airflow/lib/python3.7/site-packages/airflow/example_dags/example_latest_only.py took 0.076 seconds
[2022-02-28 14:37:29,320] {processor.py:163} INFO - Started process (PID=32645) to work on /opt/anaconda3/envs/airflow/lib/python3.7/site-packages/airflow/example_dags/example_latest_only.py
[2022-02-28 14:37:29,322] {processor.py:642} INFO - Processing file /opt/anaconda3/envs/airflow/lib/python3.7/site-packages/airflow/example_dags/example_latest_only.py for tasks to queue
[2022-02-28 14:37:29,323] {logging_mixin.py:109} INFO - [2022-02-28 14:37:29,323] {dagbag.py:500} INFO - Filling up the DagBag from /opt/anaconda3/envs/airflow/lib/python3.7/site-packages/airflow/example_dags/example_latest_only.py
[2022-02-28 14:37:29,352] {processor.py:654} INFO - DAG(s) dict_keys(['latest_only']) retrieved from /opt/anaconda3/envs/airflow/lib/python3.7/site-packages/airflow/example_dags/example_latest_only.py
[2022-02-28 14:37:29,364] {logging_mixin.py:109} INFO - [2022-02-28 14:37:29,364] {dag.py:2398} INFO - Sync 1 DAGs
[2022-02-28 14:37:29,380] {logging_mixin.py:109} INFO - [2022-02-28 14:37:29,379] {dag.py:2937} INFO - Setting next_dagrun for latest_only to 2022-02-28T02:37:29.379584+00:00
[2022-02-28 14:37:29,391] {processor.py:171} INFO - Processing /opt/anaconda3/envs/airflow/lib/python3.7/site-packages/airflow/example_dags/example_latest_only.py took 0.075 seconds
[2022-02-28 14:38:06,641] {processor.py:163} INFO - Started process (PID=32680) to work on /opt/anaconda3/envs/airflow/lib/python3.7/site-packages/airflow/example_dags/example_latest_only.py
[2022-02-28 14:38:06,643] {processor.py:642} INFO - Processing file /opt/anaconda3/envs/airflow/lib/python3.7/site-packages/airflow/example_dags/example_latest_only.py for tasks to queue
[2022-02-28 14:38:06,644] {logging_mixin.py:109} INFO - [2022-02-28 14:38:06,644] {dagbag.py:500} INFO - Filling up the DagBag from /opt/anaconda3/envs/airflow/lib/python3.7/site-packages/airflow/example_dags/example_latest_only.py
[2022-02-28 14:38:06,680] {processor.py:654} INFO - DAG(s) dict_keys(['latest_only']) retrieved from /opt/anaconda3/envs/airflow/lib/python3.7/site-packages/airflow/example_dags/example_latest_only.py
[2022-02-28 14:38:06,691] {logging_mixin.py:109} INFO - [2022-02-28 14:38:06,691] {dag.py:2398} INFO - Sync 1 DAGs
[2022-02-28 14:38:06,708] {logging_mixin.py:109} INFO - [2022-02-28 14:38:06,707] {dag.py:2937} INFO - Setting next_dagrun for latest_only to 2022-02-28T02:38:06.707264+00:00
[2022-02-28 14:38:06,720] {processor.py:171} INFO - Processing /opt/anaconda3/envs/airflow/lib/python3.7/site-packages/airflow/example_dags/example_latest_only.py took 0.082 seconds
[2022-02-28 14:38:43,191] {processor.py:163} INFO - Started process (PID=32716) to work on /opt/anaconda3/envs/airflow/lib/python3.7/site-packages/airflow/example_dags/example_latest_only.py
[2022-02-28 14:38:43,192] {processor.py:642} INFO - Processing file /opt/anaconda3/envs/airflow/lib/python3.7/site-packages/airflow/example_dags/example_latest_only.py for tasks to queue
[2022-02-28 14:38:43,193] {logging_mixin.py:109} INFO - [2022-02-28 14:38:43,193] {dagbag.py:500} INFO - Filling up the DagBag from /opt/anaconda3/envs/airflow/lib/python3.7/site-packages/airflow/example_dags/example_latest_only.py
[2022-02-28 14:38:43,223] {processor.py:654} INFO - DAG(s) dict_keys(['latest_only']) retrieved from /opt/anaconda3/envs/airflow/lib/python3.7/site-packages/airflow/example_dags/example_latest_only.py
[2022-02-28 14:38:43,234] {logging_mixin.py:109} INFO - [2022-02-28 14:38:43,233] {dag.py:2398} INFO - Sync 1 DAGs
[2022-02-28 14:38:43,249] {logging_mixin.py:109} INFO - [2022-02-28 14:38:43,249] {dag.py:2937} INFO - Setting next_dagrun for latest_only to 2022-02-28T02:38:43.248684+00:00
[2022-02-28 14:38:43,260] {processor.py:171} INFO - Processing /opt/anaconda3/envs/airflow/lib/python3.7/site-packages/airflow/example_dags/example_latest_only.py took 0.073 seconds
[2022-02-28 14:39:23,263] {processor.py:163} INFO - Started process (PID=32757) to work on /opt/anaconda3/envs/airflow/lib/python3.7/site-packages/airflow/example_dags/example_latest_only.py
[2022-02-28 14:39:23,266] {processor.py:642} INFO - Processing file /opt/anaconda3/envs/airflow/lib/python3.7/site-packages/airflow/example_dags/example_latest_only.py for tasks to queue
[2022-02-28 14:39:23,267] {logging_mixin.py:109} INFO - [2022-02-28 14:39:23,267] {dagbag.py:500} INFO - Filling up the DagBag from /opt/anaconda3/envs/airflow/lib/python3.7/site-packages/airflow/example_dags/example_latest_only.py
[2022-02-28 14:39:23,298] {processor.py:654} INFO - DAG(s) dict_keys(['latest_only']) retrieved from /opt/anaconda3/envs/airflow/lib/python3.7/site-packages/airflow/example_dags/example_latest_only.py
[2022-02-28 14:39:23,310] {logging_mixin.py:109} INFO - [2022-02-28 14:39:23,310] {dag.py:2398} INFO - Sync 1 DAGs
[2022-02-28 14:39:23,329] {logging_mixin.py:109} INFO - [2022-02-28 14:39:23,328] {dag.py:2937} INFO - Setting next_dagrun for latest_only to 2022-02-28T02:39:23.328520+00:00
[2022-02-28 14:39:23,342] {processor.py:171} INFO - Processing /opt/anaconda3/envs/airflow/lib/python3.7/site-packages/airflow/example_dags/example_latest_only.py took 0.083 seconds
[2022-02-28 14:40:04,623] {processor.py:163} INFO - Started process (PID=32806) to work on /opt/anaconda3/envs/airflow/lib/python3.7/site-packages/airflow/example_dags/example_latest_only.py
[2022-02-28 14:40:04,626] {processor.py:642} INFO - Processing file /opt/anaconda3/envs/airflow/lib/python3.7/site-packages/airflow/example_dags/example_latest_only.py for tasks to queue
[2022-02-28 14:40:04,628] {logging_mixin.py:109} INFO - [2022-02-28 14:40:04,627] {dagbag.py:500} INFO - Filling up the DagBag from /opt/anaconda3/envs/airflow/lib/python3.7/site-packages/airflow/example_dags/example_latest_only.py
[2022-02-28 14:40:04,659] {processor.py:654} INFO - DAG(s) dict_keys(['latest_only']) retrieved from /opt/anaconda3/envs/airflow/lib/python3.7/site-packages/airflow/example_dags/example_latest_only.py
[2022-02-28 14:40:04,670] {logging_mixin.py:109} INFO - [2022-02-28 14:40:04,670] {dag.py:2398} INFO - Sync 1 DAGs
[2022-02-28 14:40:04,685] {logging_mixin.py:109} INFO - [2022-02-28 14:40:04,684] {dag.py:2937} INFO - Setting next_dagrun for latest_only to 2022-02-28T02:40:04.684640+00:00
[2022-02-28 14:40:04,696] {processor.py:171} INFO - Processing /opt/anaconda3/envs/airflow/lib/python3.7/site-packages/airflow/example_dags/example_latest_only.py took 0.077 seconds
[2022-02-28 14:40:45,129] {processor.py:163} INFO - Started process (PID=32845) to work on /opt/anaconda3/envs/airflow/lib/python3.7/site-packages/airflow/example_dags/example_latest_only.py
[2022-02-28 14:40:45,130] {processor.py:642} INFO - Processing file /opt/anaconda3/envs/airflow/lib/python3.7/site-packages/airflow/example_dags/example_latest_only.py for tasks to queue
[2022-02-28 14:40:45,131] {logging_mixin.py:109} INFO - [2022-02-28 14:40:45,131] {dagbag.py:500} INFO - Filling up the DagBag from /opt/anaconda3/envs/airflow/lib/python3.7/site-packages/airflow/example_dags/example_latest_only.py
[2022-02-28 14:40:45,160] {processor.py:654} INFO - DAG(s) dict_keys(['latest_only']) retrieved from /opt/anaconda3/envs/airflow/lib/python3.7/site-packages/airflow/example_dags/example_latest_only.py
[2022-02-28 14:40:45,172] {logging_mixin.py:109} INFO - [2022-02-28 14:40:45,171] {dag.py:2398} INFO - Sync 1 DAGs
[2022-02-28 14:40:45,188] {logging_mixin.py:109} INFO - [2022-02-28 14:40:45,188] {dag.py:2937} INFO - Setting next_dagrun for latest_only to 2022-02-28T02:40:45.187778+00:00
[2022-02-28 14:40:45,199] {processor.py:171} INFO - Processing /opt/anaconda3/envs/airflow/lib/python3.7/site-packages/airflow/example_dags/example_latest_only.py took 0.075 seconds
[2022-02-28 14:41:28,282] {processor.py:163} INFO - Started process (PID=32886) to work on /opt/anaconda3/envs/airflow/lib/python3.7/site-packages/airflow/example_dags/example_latest_only.py
[2022-02-28 14:41:28,285] {processor.py:642} INFO - Processing file /opt/anaconda3/envs/airflow/lib/python3.7/site-packages/airflow/example_dags/example_latest_only.py for tasks to queue
[2022-02-28 14:41:28,287] {logging_mixin.py:109} INFO - [2022-02-28 14:41:28,286] {dagbag.py:500} INFO - Filling up the DagBag from /opt/anaconda3/envs/airflow/lib/python3.7/site-packages/airflow/example_dags/example_latest_only.py
[2022-02-28 14:41:28,320] {processor.py:654} INFO - DAG(s) dict_keys(['latest_only']) retrieved from /opt/anaconda3/envs/airflow/lib/python3.7/site-packages/airflow/example_dags/example_latest_only.py
[2022-02-28 14:41:28,333] {logging_mixin.py:109} INFO - [2022-02-28 14:41:28,332] {dag.py:2398} INFO - Sync 1 DAGs
[2022-02-28 14:41:28,351] {logging_mixin.py:109} INFO - [2022-02-28 14:41:28,350] {dag.py:2937} INFO - Setting next_dagrun for latest_only to 2022-02-28T02:41:28.350574+00:00
[2022-02-28 14:41:28,363] {processor.py:171} INFO - Processing /opt/anaconda3/envs/airflow/lib/python3.7/site-packages/airflow/example_dags/example_latest_only.py took 0.084 seconds
[2022-02-28 14:42:11,659] {processor.py:163} INFO - Started process (PID=32931) to work on /opt/anaconda3/envs/airflow/lib/python3.7/site-packages/airflow/example_dags/example_latest_only.py
[2022-02-28 14:42:11,662] {processor.py:642} INFO - Processing file /opt/anaconda3/envs/airflow/lib/python3.7/site-packages/airflow/example_dags/example_latest_only.py for tasks to queue
[2022-02-28 14:42:11,663] {logging_mixin.py:109} INFO - [2022-02-28 14:42:11,663] {dagbag.py:500} INFO - Filling up the DagBag from /opt/anaconda3/envs/airflow/lib/python3.7/site-packages/airflow/example_dags/example_latest_only.py
[2022-02-28 14:42:11,694] {processor.py:654} INFO - DAG(s) dict_keys(['latest_only']) retrieved from /opt/anaconda3/envs/airflow/lib/python3.7/site-packages/airflow/example_dags/example_latest_only.py
[2022-02-28 14:42:11,705] {logging_mixin.py:109} INFO - [2022-02-28 14:42:11,705] {dag.py:2398} INFO - Sync 1 DAGs
[2022-02-28 14:42:11,720] {logging_mixin.py:109} INFO - [2022-02-28 14:42:11,720] {dag.py:2937} INFO - Setting next_dagrun for latest_only to 2022-02-28T02:42:11.719781+00:00
[2022-02-28 14:42:11,732] {processor.py:171} INFO - Processing /opt/anaconda3/envs/airflow/lib/python3.7/site-packages/airflow/example_dags/example_latest_only.py took 0.078 seconds
[2022-02-28 14:43:02,173] {processor.py:163} INFO - Started process (PID=32990) to work on /opt/anaconda3/envs/airflow/lib/python3.7/site-packages/airflow/example_dags/example_latest_only.py
[2022-02-28 14:43:02,176] {processor.py:642} INFO - Processing file /opt/anaconda3/envs/airflow/lib/python3.7/site-packages/airflow/example_dags/example_latest_only.py for tasks to queue
[2022-02-28 14:43:02,178] {logging_mixin.py:109} INFO - [2022-02-28 14:43:02,178] {dagbag.py:500} INFO - Filling up the DagBag from /opt/anaconda3/envs/airflow/lib/python3.7/site-packages/airflow/example_dags/example_latest_only.py
[2022-02-28 14:43:02,208] {processor.py:654} INFO - DAG(s) dict_keys(['latest_only']) retrieved from /opt/anaconda3/envs/airflow/lib/python3.7/site-packages/airflow/example_dags/example_latest_only.py
[2022-02-28 14:43:02,219] {logging_mixin.py:109} INFO - [2022-02-28 14:43:02,218] {dag.py:2398} INFO - Sync 1 DAGs
[2022-02-28 14:43:02,233] {logging_mixin.py:109} INFO - [2022-02-28 14:43:02,233] {dag.py:2937} INFO - Setting next_dagrun for latest_only to 2022-02-28T02:43:02.233122+00:00
[2022-02-28 14:43:02,245] {processor.py:171} INFO - Processing /opt/anaconda3/envs/airflow/lib/python3.7/site-packages/airflow/example_dags/example_latest_only.py took 0.076 seconds
[2022-02-28 14:43:42,058] {processor.py:163} INFO - Started process (PID=33031) to work on /opt/anaconda3/envs/airflow/lib/python3.7/site-packages/airflow/example_dags/example_latest_only.py
[2022-02-28 14:43:42,061] {processor.py:642} INFO - Processing file /opt/anaconda3/envs/airflow/lib/python3.7/site-packages/airflow/example_dags/example_latest_only.py for tasks to queue
[2022-02-28 14:43:42,063] {logging_mixin.py:109} INFO - [2022-02-28 14:43:42,063] {dagbag.py:500} INFO - Filling up the DagBag from /opt/anaconda3/envs/airflow/lib/python3.7/site-packages/airflow/example_dags/example_latest_only.py
[2022-02-28 14:43:42,091] {processor.py:654} INFO - DAG(s) dict_keys(['latest_only']) retrieved from /opt/anaconda3/envs/airflow/lib/python3.7/site-packages/airflow/example_dags/example_latest_only.py
[2022-02-28 14:43:42,102] {logging_mixin.py:109} INFO - [2022-02-28 14:43:42,101] {dag.py:2398} INFO - Sync 1 DAGs
[2022-02-28 14:43:42,118] {logging_mixin.py:109} INFO - [2022-02-28 14:43:42,117] {dag.py:2937} INFO - Setting next_dagrun for latest_only to 2022-02-28T02:43:42.117381+00:00
[2022-02-28 14:43:42,129] {processor.py:171} INFO - Processing /opt/anaconda3/envs/airflow/lib/python3.7/site-packages/airflow/example_dags/example_latest_only.py took 0.075 seconds
[2022-02-28 14:44:25,341] {processor.py:163} INFO - Started process (PID=33084) to work on /opt/anaconda3/envs/airflow/lib/python3.7/site-packages/airflow/example_dags/example_latest_only.py
[2022-02-28 14:44:25,344] {processor.py:642} INFO - Processing file /opt/anaconda3/envs/airflow/lib/python3.7/site-packages/airflow/example_dags/example_latest_only.py for tasks to queue
[2022-02-28 14:44:25,345] {logging_mixin.py:109} INFO - [2022-02-28 14:44:25,345] {dagbag.py:500} INFO - Filling up the DagBag from /opt/anaconda3/envs/airflow/lib/python3.7/site-packages/airflow/example_dags/example_latest_only.py
[2022-02-28 14:44:25,381] {processor.py:654} INFO - DAG(s) dict_keys(['latest_only']) retrieved from /opt/anaconda3/envs/airflow/lib/python3.7/site-packages/airflow/example_dags/example_latest_only.py
[2022-02-28 14:44:25,394] {logging_mixin.py:109} INFO - [2022-02-28 14:44:25,394] {dag.py:2398} INFO - Sync 1 DAGs
[2022-02-28 14:44:25,418] {logging_mixin.py:109} INFO - [2022-02-28 14:44:25,417] {dag.py:2937} INFO - Setting next_dagrun for latest_only to 2022-02-28T02:44:25.417175+00:00
[2022-02-28 14:44:25,430] {processor.py:171} INFO - Processing /opt/anaconda3/envs/airflow/lib/python3.7/site-packages/airflow/example_dags/example_latest_only.py took 0.093 seconds
[2022-02-28 14:45:07,112] {processor.py:163} INFO - Started process (PID=33131) to work on /opt/anaconda3/envs/airflow/lib/python3.7/site-packages/airflow/example_dags/example_latest_only.py
[2022-02-28 14:45:07,114] {processor.py:642} INFO - Processing file /opt/anaconda3/envs/airflow/lib/python3.7/site-packages/airflow/example_dags/example_latest_only.py for tasks to queue
[2022-02-28 14:45:07,116] {logging_mixin.py:109} INFO - [2022-02-28 14:45:07,115] {dagbag.py:500} INFO - Filling up the DagBag from /opt/anaconda3/envs/airflow/lib/python3.7/site-packages/airflow/example_dags/example_latest_only.py
[2022-02-28 14:45:07,212] {processor.py:654} INFO - DAG(s) dict_keys(['latest_only']) retrieved from /opt/anaconda3/envs/airflow/lib/python3.7/site-packages/airflow/example_dags/example_latest_only.py
[2022-02-28 14:45:07,227] {logging_mixin.py:109} INFO - [2022-02-28 14:45:07,226] {dag.py:2398} INFO - Sync 1 DAGs
[2022-02-28 14:45:07,249] {logging_mixin.py:109} INFO - [2022-02-28 14:45:07,248] {dag.py:2937} INFO - Setting next_dagrun for latest_only to 2022-02-28T02:45:07.248207+00:00
[2022-02-28 14:45:07,261] {processor.py:171} INFO - Processing /opt/anaconda3/envs/airflow/lib/python3.7/site-packages/airflow/example_dags/example_latest_only.py took 0.158 seconds
[2022-02-28 14:45:57,766] {processor.py:163} INFO - Started process (PID=33208) to work on /opt/anaconda3/envs/airflow/lib/python3.7/site-packages/airflow/example_dags/example_latest_only.py
[2022-02-28 14:45:57,771] {processor.py:642} INFO - Processing file /opt/anaconda3/envs/airflow/lib/python3.7/site-packages/airflow/example_dags/example_latest_only.py for tasks to queue
[2022-02-28 14:45:57,773] {logging_mixin.py:109} INFO - [2022-02-28 14:45:57,772] {dagbag.py:500} INFO - Filling up the DagBag from /opt/anaconda3/envs/airflow/lib/python3.7/site-packages/airflow/example_dags/example_latest_only.py
[2022-02-28 14:45:57,818] {processor.py:654} INFO - DAG(s) dict_keys(['latest_only']) retrieved from /opt/anaconda3/envs/airflow/lib/python3.7/site-packages/airflow/example_dags/example_latest_only.py
[2022-02-28 14:45:57,828] {logging_mixin.py:109} INFO - [2022-02-28 14:45:57,828] {dag.py:2398} INFO - Sync 1 DAGs
[2022-02-28 14:45:57,845] {logging_mixin.py:109} INFO - [2022-02-28 14:45:57,845] {dag.py:2937} INFO - Setting next_dagrun for latest_only to 2022-02-28T02:45:57.845277+00:00
[2022-02-28 14:45:57,856] {processor.py:171} INFO - Processing /opt/anaconda3/envs/airflow/lib/python3.7/site-packages/airflow/example_dags/example_latest_only.py took 0.098 seconds
[2022-02-28 14:46:39,659] {processor.py:163} INFO - Started process (PID=33251) to work on /opt/anaconda3/envs/airflow/lib/python3.7/site-packages/airflow/example_dags/example_latest_only.py
[2022-02-28 14:46:39,661] {processor.py:642} INFO - Processing file /opt/anaconda3/envs/airflow/lib/python3.7/site-packages/airflow/example_dags/example_latest_only.py for tasks to queue
[2022-02-28 14:46:39,662] {logging_mixin.py:109} INFO - [2022-02-28 14:46:39,662] {dagbag.py:500} INFO - Filling up the DagBag from /opt/anaconda3/envs/airflow/lib/python3.7/site-packages/airflow/example_dags/example_latest_only.py
[2022-02-28 14:46:39,701] {processor.py:654} INFO - DAG(s) dict_keys(['latest_only']) retrieved from /opt/anaconda3/envs/airflow/lib/python3.7/site-packages/airflow/example_dags/example_latest_only.py
[2022-02-28 14:46:39,715] {logging_mixin.py:109} INFO - [2022-02-28 14:46:39,715] {dag.py:2398} INFO - Sync 1 DAGs
[2022-02-28 14:46:39,737] {logging_mixin.py:109} INFO - [2022-02-28 14:46:39,737] {dag.py:2937} INFO - Setting next_dagrun for latest_only to 2022-02-28T02:46:39.736040+00:00
[2022-02-28 14:46:39,750] {processor.py:171} INFO - Processing /opt/anaconda3/envs/airflow/lib/python3.7/site-packages/airflow/example_dags/example_latest_only.py took 0.096 seconds
[2022-02-28 14:47:20,276] {processor.py:163} INFO - Started process (PID=33289) to work on /opt/anaconda3/envs/airflow/lib/python3.7/site-packages/airflow/example_dags/example_latest_only.py
[2022-02-28 14:47:20,278] {processor.py:642} INFO - Processing file /opt/anaconda3/envs/airflow/lib/python3.7/site-packages/airflow/example_dags/example_latest_only.py for tasks to queue
[2022-02-28 14:47:20,279] {logging_mixin.py:109} INFO - [2022-02-28 14:47:20,279] {dagbag.py:500} INFO - Filling up the DagBag from /opt/anaconda3/envs/airflow/lib/python3.7/site-packages/airflow/example_dags/example_latest_only.py
[2022-02-28 14:47:20,308] {processor.py:654} INFO - DAG(s) dict_keys(['latest_only']) retrieved from /opt/anaconda3/envs/airflow/lib/python3.7/site-packages/airflow/example_dags/example_latest_only.py
[2022-02-28 14:47:20,321] {logging_mixin.py:109} INFO - [2022-02-28 14:47:20,321] {dag.py:2398} INFO - Sync 1 DAGs
[2022-02-28 14:47:20,335] {logging_mixin.py:109} INFO - [2022-02-28 14:47:20,335] {dag.py:2937} INFO - Setting next_dagrun for latest_only to 2022-02-28T02:47:20.334804+00:00
[2022-02-28 14:47:20,348] {processor.py:171} INFO - Processing /opt/anaconda3/envs/airflow/lib/python3.7/site-packages/airflow/example_dags/example_latest_only.py took 0.076 seconds
[2022-02-28 14:48:01,611] {processor.py:163} INFO - Started process (PID=33330) to work on /opt/anaconda3/envs/airflow/lib/python3.7/site-packages/airflow/example_dags/example_latest_only.py
[2022-02-28 14:48:01,612] {processor.py:642} INFO - Processing file /opt/anaconda3/envs/airflow/lib/python3.7/site-packages/airflow/example_dags/example_latest_only.py for tasks to queue
[2022-02-28 14:48:01,613] {logging_mixin.py:109} INFO - [2022-02-28 14:48:01,613] {dagbag.py:500} INFO - Filling up the DagBag from /opt/anaconda3/envs/airflow/lib/python3.7/site-packages/airflow/example_dags/example_latest_only.py
[2022-02-28 14:48:01,643] {processor.py:654} INFO - DAG(s) dict_keys(['latest_only']) retrieved from /opt/anaconda3/envs/airflow/lib/python3.7/site-packages/airflow/example_dags/example_latest_only.py
[2022-02-28 14:48:01,655] {logging_mixin.py:109} INFO - [2022-02-28 14:48:01,655] {dag.py:2398} INFO - Sync 1 DAGs
[2022-02-28 14:48:01,670] {logging_mixin.py:109} INFO - [2022-02-28 14:48:01,669] {dag.py:2937} INFO - Setting next_dagrun for latest_only to 2022-02-28T02:48:01.669319+00:00
[2022-02-28 14:48:01,681] {processor.py:171} INFO - Processing /opt/anaconda3/envs/airflow/lib/python3.7/site-packages/airflow/example_dags/example_latest_only.py took 0.075 seconds
[2022-02-28 14:48:43,477] {processor.py:163} INFO - Started process (PID=33370) to work on /opt/anaconda3/envs/airflow/lib/python3.7/site-packages/airflow/example_dags/example_latest_only.py
[2022-02-28 14:48:43,479] {processor.py:642} INFO - Processing file /opt/anaconda3/envs/airflow/lib/python3.7/site-packages/airflow/example_dags/example_latest_only.py for tasks to queue
[2022-02-28 14:48:43,480] {logging_mixin.py:109} INFO - [2022-02-28 14:48:43,479] {dagbag.py:500} INFO - Filling up the DagBag from /opt/anaconda3/envs/airflow/lib/python3.7/site-packages/airflow/example_dags/example_latest_only.py
[2022-02-28 14:48:43,510] {processor.py:654} INFO - DAG(s) dict_keys(['latest_only']) retrieved from /opt/anaconda3/envs/airflow/lib/python3.7/site-packages/airflow/example_dags/example_latest_only.py
[2022-02-28 14:48:43,521] {logging_mixin.py:109} INFO - [2022-02-28 14:48:43,521] {dag.py:2398} INFO - Sync 1 DAGs
[2022-02-28 14:48:43,536] {logging_mixin.py:109} INFO - [2022-02-28 14:48:43,536] {dag.py:2937} INFO - Setting next_dagrun for latest_only to 2022-02-28T02:48:43.535825+00:00
[2022-02-28 14:48:43,546] {processor.py:171} INFO - Processing /opt/anaconda3/envs/airflow/lib/python3.7/site-packages/airflow/example_dags/example_latest_only.py took 0.074 seconds
[2022-02-28 14:49:22,242] {processor.py:163} INFO - Started process (PID=33407) to work on /opt/anaconda3/envs/airflow/lib/python3.7/site-packages/airflow/example_dags/example_latest_only.py
[2022-02-28 14:49:22,244] {processor.py:642} INFO - Processing file /opt/anaconda3/envs/airflow/lib/python3.7/site-packages/airflow/example_dags/example_latest_only.py for tasks to queue
[2022-02-28 14:49:22,245] {logging_mixin.py:109} INFO - [2022-02-28 14:49:22,245] {dagbag.py:500} INFO - Filling up the DagBag from /opt/anaconda3/envs/airflow/lib/python3.7/site-packages/airflow/example_dags/example_latest_only.py
[2022-02-28 14:49:22,274] {processor.py:654} INFO - DAG(s) dict_keys(['latest_only']) retrieved from /opt/anaconda3/envs/airflow/lib/python3.7/site-packages/airflow/example_dags/example_latest_only.py
[2022-02-28 14:49:22,286] {logging_mixin.py:109} INFO - [2022-02-28 14:49:22,285] {dag.py:2398} INFO - Sync 1 DAGs
[2022-02-28 14:49:22,300] {logging_mixin.py:109} INFO - [2022-02-28 14:49:22,300] {dag.py:2937} INFO - Setting next_dagrun for latest_only to 2022-02-28T02:49:22.299718+00:00
[2022-02-28 14:49:22,311] {processor.py:171} INFO - Processing /opt/anaconda3/envs/airflow/lib/python3.7/site-packages/airflow/example_dags/example_latest_only.py took 0.073 seconds
[2022-02-28 14:50:01,795] {processor.py:163} INFO - Started process (PID=33446) to work on /opt/anaconda3/envs/airflow/lib/python3.7/site-packages/airflow/example_dags/example_latest_only.py
[2022-02-28 14:50:01,798] {processor.py:642} INFO - Processing file /opt/anaconda3/envs/airflow/lib/python3.7/site-packages/airflow/example_dags/example_latest_only.py for tasks to queue
[2022-02-28 14:50:01,799] {logging_mixin.py:109} INFO - [2022-02-28 14:50:01,798] {dagbag.py:500} INFO - Filling up the DagBag from /opt/anaconda3/envs/airflow/lib/python3.7/site-packages/airflow/example_dags/example_latest_only.py
[2022-02-28 14:50:01,830] {processor.py:654} INFO - DAG(s) dict_keys(['latest_only']) retrieved from /opt/anaconda3/envs/airflow/lib/python3.7/site-packages/airflow/example_dags/example_latest_only.py
[2022-02-28 14:50:01,842] {logging_mixin.py:109} INFO - [2022-02-28 14:50:01,841] {dag.py:2398} INFO - Sync 1 DAGs
[2022-02-28 14:50:01,856] {logging_mixin.py:109} INFO - [2022-02-28 14:50:01,855] {dag.py:2937} INFO - Setting next_dagrun for latest_only to 2022-02-28T02:50:01.855489+00:00
[2022-02-28 14:50:01,866] {processor.py:171} INFO - Processing /opt/anaconda3/envs/airflow/lib/python3.7/site-packages/airflow/example_dags/example_latest_only.py took 0.076 seconds
[2022-02-28 14:50:43,182] {processor.py:163} INFO - Started process (PID=33496) to work on /opt/anaconda3/envs/airflow/lib/python3.7/site-packages/airflow/example_dags/example_latest_only.py
[2022-02-28 14:50:43,184] {processor.py:642} INFO - Processing file /opt/anaconda3/envs/airflow/lib/python3.7/site-packages/airflow/example_dags/example_latest_only.py for tasks to queue
[2022-02-28 14:50:43,187] {logging_mixin.py:109} INFO - [2022-02-28 14:50:43,185] {dagbag.py:500} INFO - Filling up the DagBag from /opt/anaconda3/envs/airflow/lib/python3.7/site-packages/airflow/example_dags/example_latest_only.py
[2022-02-28 14:50:43,469] {processor.py:654} INFO - DAG(s) dict_keys(['latest_only']) retrieved from /opt/anaconda3/envs/airflow/lib/python3.7/site-packages/airflow/example_dags/example_latest_only.py
[2022-02-28 14:50:43,513] {logging_mixin.py:109} INFO - [2022-02-28 14:50:43,513] {dag.py:2398} INFO - Sync 1 DAGs
[2022-02-28 14:50:43,609] {logging_mixin.py:109} INFO - [2022-02-28 14:50:43,607] {dag.py:2937} INFO - Setting next_dagrun for latest_only to 2022-02-28T02:50:43.607230+00:00
[2022-02-28 14:50:43,651] {processor.py:171} INFO - Processing /opt/anaconda3/envs/airflow/lib/python3.7/site-packages/airflow/example_dags/example_latest_only.py took 0.479 seconds
[2022-02-28 14:51:27,192] {processor.py:163} INFO - Started process (PID=33568) to work on /opt/anaconda3/envs/airflow/lib/python3.7/site-packages/airflow/example_dags/example_latest_only.py
[2022-02-28 14:51:27,195] {processor.py:642} INFO - Processing file /opt/anaconda3/envs/airflow/lib/python3.7/site-packages/airflow/example_dags/example_latest_only.py for tasks to queue
[2022-02-28 14:51:27,197] {logging_mixin.py:109} INFO - [2022-02-28 14:51:27,196] {dagbag.py:500} INFO - Filling up the DagBag from /opt/anaconda3/envs/airflow/lib/python3.7/site-packages/airflow/example_dags/example_latest_only.py
[2022-02-28 14:51:27,229] {processor.py:654} INFO - DAG(s) dict_keys(['latest_only']) retrieved from /opt/anaconda3/envs/airflow/lib/python3.7/site-packages/airflow/example_dags/example_latest_only.py
[2022-02-28 14:51:27,241] {logging_mixin.py:109} INFO - [2022-02-28 14:51:27,240] {dag.py:2398} INFO - Sync 1 DAGs
[2022-02-28 14:51:27,256] {logging_mixin.py:109} INFO - [2022-02-28 14:51:27,256] {dag.py:2937} INFO - Setting next_dagrun for latest_only to 2022-02-28T02:51:27.256011+00:00
[2022-02-28 14:51:27,267] {processor.py:171} INFO - Processing /opt/anaconda3/envs/airflow/lib/python3.7/site-packages/airflow/example_dags/example_latest_only.py took 0.079 seconds
[2022-02-28 14:52:07,309] {processor.py:163} INFO - Started process (PID=33606) to work on /opt/anaconda3/envs/airflow/lib/python3.7/site-packages/airflow/example_dags/example_latest_only.py
[2022-02-28 14:52:07,310] {processor.py:642} INFO - Processing file /opt/anaconda3/envs/airflow/lib/python3.7/site-packages/airflow/example_dags/example_latest_only.py for tasks to queue
[2022-02-28 14:52:07,312] {logging_mixin.py:109} INFO - [2022-02-28 14:52:07,311] {dagbag.py:500} INFO - Filling up the DagBag from /opt/anaconda3/envs/airflow/lib/python3.7/site-packages/airflow/example_dags/example_latest_only.py
[2022-02-28 14:52:07,345] {processor.py:654} INFO - DAG(s) dict_keys(['latest_only']) retrieved from /opt/anaconda3/envs/airflow/lib/python3.7/site-packages/airflow/example_dags/example_latest_only.py
[2022-02-28 14:52:07,357] {logging_mixin.py:109} INFO - [2022-02-28 14:52:07,356] {dag.py:2398} INFO - Sync 1 DAGs
[2022-02-28 14:52:07,372] {logging_mixin.py:109} INFO - [2022-02-28 14:52:07,372] {dag.py:2937} INFO - Setting next_dagrun for latest_only to 2022-02-28T02:52:07.371997+00:00
[2022-02-28 14:52:07,383] {processor.py:171} INFO - Processing /opt/anaconda3/envs/airflow/lib/python3.7/site-packages/airflow/example_dags/example_latest_only.py took 0.078 seconds
[2022-02-28 14:52:47,175] {processor.py:163} INFO - Started process (PID=33643) to work on /opt/anaconda3/envs/airflow/lib/python3.7/site-packages/airflow/example_dags/example_latest_only.py
[2022-02-28 14:52:47,179] {processor.py:642} INFO - Processing file /opt/anaconda3/envs/airflow/lib/python3.7/site-packages/airflow/example_dags/example_latest_only.py for tasks to queue
[2022-02-28 14:52:47,180] {logging_mixin.py:109} INFO - [2022-02-28 14:52:47,180] {dagbag.py:500} INFO - Filling up the DagBag from /opt/anaconda3/envs/airflow/lib/python3.7/site-packages/airflow/example_dags/example_latest_only.py
[2022-02-28 14:52:47,220] {processor.py:654} INFO - DAG(s) dict_keys(['latest_only']) retrieved from /opt/anaconda3/envs/airflow/lib/python3.7/site-packages/airflow/example_dags/example_latest_only.py
[2022-02-28 14:52:47,233] {logging_mixin.py:109} INFO - [2022-02-28 14:52:47,232] {dag.py:2398} INFO - Sync 1 DAGs
[2022-02-28 14:52:47,251] {logging_mixin.py:109} INFO - [2022-02-28 14:52:47,251] {dag.py:2937} INFO - Setting next_dagrun for latest_only to 2022-02-28T02:52:47.251086+00:00
[2022-02-28 14:52:47,263] {processor.py:171} INFO - Processing /opt/anaconda3/envs/airflow/lib/python3.7/site-packages/airflow/example_dags/example_latest_only.py took 0.092 seconds
[2022-02-28 14:53:28,451] {processor.py:163} INFO - Started process (PID=33708) to work on /opt/anaconda3/envs/airflow/lib/python3.7/site-packages/airflow/example_dags/example_latest_only.py
[2022-02-28 14:53:28,454] {processor.py:642} INFO - Processing file /opt/anaconda3/envs/airflow/lib/python3.7/site-packages/airflow/example_dags/example_latest_only.py for tasks to queue
[2022-02-28 14:53:28,457] {logging_mixin.py:109} INFO - [2022-02-28 14:53:28,456] {dagbag.py:500} INFO - Filling up the DagBag from /opt/anaconda3/envs/airflow/lib/python3.7/site-packages/airflow/example_dags/example_latest_only.py
[2022-02-28 14:53:28,520] {processor.py:654} INFO - DAG(s) dict_keys(['latest_only']) retrieved from /opt/anaconda3/envs/airflow/lib/python3.7/site-packages/airflow/example_dags/example_latest_only.py
[2022-02-28 14:53:28,547] {logging_mixin.py:109} INFO - [2022-02-28 14:53:28,546] {dag.py:2398} INFO - Sync 1 DAGs
[2022-02-28 14:53:28,577] {logging_mixin.py:109} INFO - [2022-02-28 14:53:28,576] {dag.py:2937} INFO - Setting next_dagrun for latest_only to 2022-02-28T02:53:28.576250+00:00
[2022-02-28 14:53:28,592] {processor.py:171} INFO - Processing /opt/anaconda3/envs/airflow/lib/python3.7/site-packages/airflow/example_dags/example_latest_only.py took 0.155 seconds
[2022-02-28 14:54:54,381] {processor.py:163} INFO - Started process (PID=33909) to work on /opt/anaconda3/envs/airflow/lib/python3.7/site-packages/airflow/example_dags/example_latest_only.py
[2022-02-28 14:54:54,383] {processor.py:642} INFO - Processing file /opt/anaconda3/envs/airflow/lib/python3.7/site-packages/airflow/example_dags/example_latest_only.py for tasks to queue
[2022-02-28 14:54:54,386] {logging_mixin.py:109} INFO - [2022-02-28 14:54:54,386] {dagbag.py:500} INFO - Filling up the DagBag from /opt/anaconda3/envs/airflow/lib/python3.7/site-packages/airflow/example_dags/example_latest_only.py
[2022-02-28 14:54:54,432] {processor.py:654} INFO - DAG(s) dict_keys(['latest_only']) retrieved from /opt/anaconda3/envs/airflow/lib/python3.7/site-packages/airflow/example_dags/example_latest_only.py
[2022-02-28 14:54:54,478] {logging_mixin.py:109} INFO - [2022-02-28 14:54:54,478] {dag.py:2398} INFO - Sync 1 DAGs
[2022-02-28 14:54:54,501] {logging_mixin.py:109} INFO - [2022-02-28 14:54:54,501] {dag.py:2937} INFO - Setting next_dagrun for latest_only to 2022-02-28T02:54:54.500679+00:00
[2022-02-28 14:54:54,517] {processor.py:171} INFO - Processing /opt/anaconda3/envs/airflow/lib/python3.7/site-packages/airflow/example_dags/example_latest_only.py took 0.139 seconds
[2022-02-28 14:56:47,407] {processor.py:163} INFO - Started process (PID=34101) to work on /opt/anaconda3/envs/airflow/lib/python3.7/site-packages/airflow/example_dags/example_latest_only.py
[2022-02-28 14:56:47,411] {processor.py:642} INFO - Processing file /opt/anaconda3/envs/airflow/lib/python3.7/site-packages/airflow/example_dags/example_latest_only.py for tasks to queue
[2022-02-28 14:56:47,412] {logging_mixin.py:109} INFO - [2022-02-28 14:56:47,412] {dagbag.py:500} INFO - Filling up the DagBag from /opt/anaconda3/envs/airflow/lib/python3.7/site-packages/airflow/example_dags/example_latest_only.py
[2022-02-28 14:56:47,459] {processor.py:654} INFO - DAG(s) dict_keys(['latest_only']) retrieved from /opt/anaconda3/envs/airflow/lib/python3.7/site-packages/airflow/example_dags/example_latest_only.py
[2022-02-28 14:56:47,473] {logging_mixin.py:109} INFO - [2022-02-28 14:56:47,473] {dag.py:2398} INFO - Sync 1 DAGs
[2022-02-28 14:56:47,489] {logging_mixin.py:109} INFO - [2022-02-28 14:56:47,489] {dag.py:2937} INFO - Setting next_dagrun for latest_only to 2022-02-28T02:56:47.488495+00:00
[2022-02-28 14:56:47,500] {processor.py:171} INFO - Processing /opt/anaconda3/envs/airflow/lib/python3.7/site-packages/airflow/example_dags/example_latest_only.py took 0.099 seconds
[2022-02-28 14:58:32,660] {processor.py:163} INFO - Started process (PID=34345) to work on /opt/anaconda3/envs/airflow/lib/python3.7/site-packages/airflow/example_dags/example_latest_only.py
[2022-02-28 14:58:32,662] {processor.py:642} INFO - Processing file /opt/anaconda3/envs/airflow/lib/python3.7/site-packages/airflow/example_dags/example_latest_only.py for tasks to queue
[2022-02-28 14:58:32,663] {logging_mixin.py:109} INFO - [2022-02-28 14:58:32,663] {dagbag.py:500} INFO - Filling up the DagBag from /opt/anaconda3/envs/airflow/lib/python3.7/site-packages/airflow/example_dags/example_latest_only.py
[2022-02-28 14:58:32,697] {processor.py:654} INFO - DAG(s) dict_keys(['latest_only']) retrieved from /opt/anaconda3/envs/airflow/lib/python3.7/site-packages/airflow/example_dags/example_latest_only.py
[2022-02-28 14:58:32,710] {logging_mixin.py:109} INFO - [2022-02-28 14:58:32,710] {dag.py:2398} INFO - Sync 1 DAGs
[2022-02-28 14:58:32,724] {logging_mixin.py:109} INFO - [2022-02-28 14:58:32,723] {dag.py:2937} INFO - Setting next_dagrun for latest_only to 2022-02-28T02:58:32.723524+00:00
[2022-02-28 14:58:32,733] {processor.py:171} INFO - Processing /opt/anaconda3/envs/airflow/lib/python3.7/site-packages/airflow/example_dags/example_latest_only.py took 0.078 seconds
[2022-02-28 15:04:52,677] {processor.py:163} INFO - Started process (PID=34918) to work on /opt/anaconda3/envs/airflow/lib/python3.7/site-packages/airflow/example_dags/example_latest_only.py
[2022-02-28 15:04:52,679] {processor.py:642} INFO - Processing file /opt/anaconda3/envs/airflow/lib/python3.7/site-packages/airflow/example_dags/example_latest_only.py for tasks to queue
[2022-02-28 15:04:52,681] {logging_mixin.py:109} INFO - [2022-02-28 15:04:52,680] {dagbag.py:500} INFO - Filling up the DagBag from /opt/anaconda3/envs/airflow/lib/python3.7/site-packages/airflow/example_dags/example_latest_only.py
[2022-02-28 15:04:52,718] {processor.py:654} INFO - DAG(s) dict_keys(['latest_only']) retrieved from /opt/anaconda3/envs/airflow/lib/python3.7/site-packages/airflow/example_dags/example_latest_only.py
[2022-02-28 15:04:52,730] {logging_mixin.py:109} INFO - [2022-02-28 15:04:52,729] {dag.py:2398} INFO - Sync 1 DAGs
[2022-02-28 15:04:52,750] {logging_mixin.py:109} INFO - [2022-02-28 15:04:52,749] {dag.py:2937} INFO - Setting next_dagrun for latest_only to 2022-02-28T03:04:52.749104+00:00
[2022-02-28 15:04:52,762] {processor.py:171} INFO - Processing /opt/anaconda3/envs/airflow/lib/python3.7/site-packages/airflow/example_dags/example_latest_only.py took 0.090 seconds
[2022-02-28 15:06:16,851] {processor.py:163} INFO - Started process (PID=35058) to work on /opt/anaconda3/envs/airflow/lib/python3.7/site-packages/airflow/example_dags/example_latest_only.py
[2022-02-28 15:06:16,854] {processor.py:642} INFO - Processing file /opt/anaconda3/envs/airflow/lib/python3.7/site-packages/airflow/example_dags/example_latest_only.py for tasks to queue
[2022-02-28 15:06:16,855] {logging_mixin.py:109} INFO - [2022-02-28 15:06:16,855] {dagbag.py:500} INFO - Filling up the DagBag from /opt/anaconda3/envs/airflow/lib/python3.7/site-packages/airflow/example_dags/example_latest_only.py
[2022-02-28 15:06:16,889] {processor.py:654} INFO - DAG(s) dict_keys(['latest_only']) retrieved from /opt/anaconda3/envs/airflow/lib/python3.7/site-packages/airflow/example_dags/example_latest_only.py
[2022-02-28 15:06:16,899] {logging_mixin.py:109} INFO - [2022-02-28 15:06:16,899] {dag.py:2398} INFO - Sync 1 DAGs
[2022-02-28 15:06:16,913] {logging_mixin.py:109} INFO - [2022-02-28 15:06:16,913] {dag.py:2937} INFO - Setting next_dagrun for latest_only to 2022-02-28T03:06:16.912662+00:00
[2022-02-28 15:06:16,923] {processor.py:171} INFO - Processing /opt/anaconda3/envs/airflow/lib/python3.7/site-packages/airflow/example_dags/example_latest_only.py took 0.075 seconds
[2022-02-28 15:06:58,360] {processor.py:163} INFO - Started process (PID=35130) to work on /opt/anaconda3/envs/airflow/lib/python3.7/site-packages/airflow/example_dags/example_latest_only.py
[2022-02-28 15:06:58,363] {processor.py:642} INFO - Processing file /opt/anaconda3/envs/airflow/lib/python3.7/site-packages/airflow/example_dags/example_latest_only.py for tasks to queue
[2022-02-28 15:06:58,364] {logging_mixin.py:109} INFO - [2022-02-28 15:06:58,363] {dagbag.py:500} INFO - Filling up the DagBag from /opt/anaconda3/envs/airflow/lib/python3.7/site-packages/airflow/example_dags/example_latest_only.py
[2022-02-28 15:06:58,395] {processor.py:654} INFO - DAG(s) dict_keys(['latest_only']) retrieved from /opt/anaconda3/envs/airflow/lib/python3.7/site-packages/airflow/example_dags/example_latest_only.py
[2022-02-28 15:06:58,407] {logging_mixin.py:109} INFO - [2022-02-28 15:06:58,406] {dag.py:2398} INFO - Sync 1 DAGs
[2022-02-28 15:06:58,422] {logging_mixin.py:109} INFO - [2022-02-28 15:06:58,422] {dag.py:2937} INFO - Setting next_dagrun for latest_only to 2022-02-28T03:06:58.422100+00:00
[2022-02-28 15:06:58,434] {processor.py:171} INFO - Processing /opt/anaconda3/envs/airflow/lib/python3.7/site-packages/airflow/example_dags/example_latest_only.py took 0.078 seconds
[2022-02-28 15:08:23,209] {processor.py:163} INFO - Started process (PID=35327) to work on /opt/anaconda3/envs/airflow/lib/python3.7/site-packages/airflow/example_dags/example_latest_only.py
[2022-02-28 15:08:23,212] {processor.py:642} INFO - Processing file /opt/anaconda3/envs/airflow/lib/python3.7/site-packages/airflow/example_dags/example_latest_only.py for tasks to queue
[2022-02-28 15:08:23,214] {logging_mixin.py:109} INFO - [2022-02-28 15:08:23,213] {dagbag.py:500} INFO - Filling up the DagBag from /opt/anaconda3/envs/airflow/lib/python3.7/site-packages/airflow/example_dags/example_latest_only.py
[2022-02-28 15:08:23,243] {processor.py:654} INFO - DAG(s) dict_keys(['latest_only']) retrieved from /opt/anaconda3/envs/airflow/lib/python3.7/site-packages/airflow/example_dags/example_latest_only.py
[2022-02-28 15:08:23,255] {logging_mixin.py:109} INFO - [2022-02-28 15:08:23,254] {dag.py:2398} INFO - Sync 1 DAGs
[2022-02-28 15:08:23,269] {logging_mixin.py:109} INFO - [2022-02-28 15:08:23,269] {dag.py:2937} INFO - Setting next_dagrun for latest_only to 2022-02-28T03:08:23.268663+00:00
[2022-02-28 15:08:23,280] {processor.py:171} INFO - Processing /opt/anaconda3/envs/airflow/lib/python3.7/site-packages/airflow/example_dags/example_latest_only.py took 0.074 seconds
[2022-02-28 15:10:11,306] {processor.py:163} INFO - Started process (PID=35576) to work on /opt/anaconda3/envs/airflow/lib/python3.7/site-packages/airflow/example_dags/example_latest_only.py
[2022-02-28 15:10:11,310] {processor.py:642} INFO - Processing file /opt/anaconda3/envs/airflow/lib/python3.7/site-packages/airflow/example_dags/example_latest_only.py for tasks to queue
[2022-02-28 15:10:11,311] {logging_mixin.py:109} INFO - [2022-02-28 15:10:11,311] {dagbag.py:500} INFO - Filling up the DagBag from /opt/anaconda3/envs/airflow/lib/python3.7/site-packages/airflow/example_dags/example_latest_only.py
[2022-02-28 15:10:11,340] {processor.py:654} INFO - DAG(s) dict_keys(['latest_only']) retrieved from /opt/anaconda3/envs/airflow/lib/python3.7/site-packages/airflow/example_dags/example_latest_only.py
[2022-02-28 15:10:11,350] {logging_mixin.py:109} INFO - [2022-02-28 15:10:11,349] {dag.py:2398} INFO - Sync 1 DAGs
[2022-02-28 15:10:11,363] {logging_mixin.py:109} INFO - [2022-02-28 15:10:11,362] {dag.py:2937} INFO - Setting next_dagrun for latest_only to 2022-02-28T03:10:11.362530+00:00
[2022-02-28 15:10:11,374] {processor.py:171} INFO - Processing /opt/anaconda3/envs/airflow/lib/python3.7/site-packages/airflow/example_dags/example_latest_only.py took 0.072 seconds
[2022-02-28 15:16:14,955] {processor.py:163} INFO - Started process (PID=36097) to work on /opt/anaconda3/envs/airflow/lib/python3.7/site-packages/airflow/example_dags/example_latest_only.py
[2022-02-28 15:16:14,958] {processor.py:642} INFO - Processing file /opt/anaconda3/envs/airflow/lib/python3.7/site-packages/airflow/example_dags/example_latest_only.py for tasks to queue
[2022-02-28 15:16:14,960] {logging_mixin.py:109} INFO - [2022-02-28 15:16:14,959] {dagbag.py:500} INFO - Filling up the DagBag from /opt/anaconda3/envs/airflow/lib/python3.7/site-packages/airflow/example_dags/example_latest_only.py
[2022-02-28 15:16:14,991] {processor.py:654} INFO - DAG(s) dict_keys(['latest_only']) retrieved from /opt/anaconda3/envs/airflow/lib/python3.7/site-packages/airflow/example_dags/example_latest_only.py
[2022-02-28 15:16:15,001] {logging_mixin.py:109} INFO - [2022-02-28 15:16:15,001] {dag.py:2398} INFO - Sync 1 DAGs
[2022-02-28 15:16:15,015] {logging_mixin.py:109} INFO - [2022-02-28 15:16:15,014] {dag.py:2937} INFO - Setting next_dagrun for latest_only to 2022-02-28T03:16:15.014639+00:00
[2022-02-28 15:16:15,025] {processor.py:171} INFO - Processing /opt/anaconda3/envs/airflow/lib/python3.7/site-packages/airflow/example_dags/example_latest_only.py took 0.074 seconds
[2022-02-28 15:19:22,858] {processor.py:163} INFO - Started process (PID=36323) to work on /opt/anaconda3/envs/airflow/lib/python3.7/site-packages/airflow/example_dags/example_latest_only.py
[2022-02-28 15:19:22,862] {processor.py:642} INFO - Processing file /opt/anaconda3/envs/airflow/lib/python3.7/site-packages/airflow/example_dags/example_latest_only.py for tasks to queue
[2022-02-28 15:19:22,864] {logging_mixin.py:109} INFO - [2022-02-28 15:19:22,863] {dagbag.py:500} INFO - Filling up the DagBag from /opt/anaconda3/envs/airflow/lib/python3.7/site-packages/airflow/example_dags/example_latest_only.py
[2022-02-28 15:19:22,907] {processor.py:654} INFO - DAG(s) dict_keys(['latest_only']) retrieved from /opt/anaconda3/envs/airflow/lib/python3.7/site-packages/airflow/example_dags/example_latest_only.py
[2022-02-28 15:19:22,922] {logging_mixin.py:109} INFO - [2022-02-28 15:19:22,921] {dag.py:2398} INFO - Sync 1 DAGs
[2022-02-28 15:19:22,940] {logging_mixin.py:109} INFO - [2022-02-28 15:19:22,939] {dag.py:2937} INFO - Setting next_dagrun for latest_only to 2022-02-28T03:19:22.939414+00:00
[2022-02-28 15:19:22,953] {processor.py:171} INFO - Processing /opt/anaconda3/envs/airflow/lib/python3.7/site-packages/airflow/example_dags/example_latest_only.py took 0.099 seconds
[2022-02-28 15:20:01,935] {processor.py:163} INFO - Started process (PID=36399) to work on /opt/anaconda3/envs/airflow/lib/python3.7/site-packages/airflow/example_dags/example_latest_only.py
[2022-02-28 15:20:01,936] {processor.py:642} INFO - Processing file /opt/anaconda3/envs/airflow/lib/python3.7/site-packages/airflow/example_dags/example_latest_only.py for tasks to queue
[2022-02-28 15:20:01,937] {logging_mixin.py:109} INFO - [2022-02-28 15:20:01,937] {dagbag.py:500} INFO - Filling up the DagBag from /opt/anaconda3/envs/airflow/lib/python3.7/site-packages/airflow/example_dags/example_latest_only.py
[2022-02-28 15:20:01,970] {processor.py:654} INFO - DAG(s) dict_keys(['latest_only']) retrieved from /opt/anaconda3/envs/airflow/lib/python3.7/site-packages/airflow/example_dags/example_latest_only.py
[2022-02-28 15:20:01,979] {logging_mixin.py:109} INFO - [2022-02-28 15:20:01,979] {dag.py:2398} INFO - Sync 1 DAGs
[2022-02-28 15:20:01,993] {logging_mixin.py:109} INFO - [2022-02-28 15:20:01,992] {dag.py:2937} INFO - Setting next_dagrun for latest_only to 2022-02-28T03:20:01.992588+00:00
[2022-02-28 15:20:02,002] {processor.py:171} INFO - Processing /opt/anaconda3/envs/airflow/lib/python3.7/site-packages/airflow/example_dags/example_latest_only.py took 0.072 seconds
[2022-02-28 15:20:42,329] {processor.py:163} INFO - Started process (PID=36504) to work on /opt/anaconda3/envs/airflow/lib/python3.7/site-packages/airflow/example_dags/example_latest_only.py
[2022-02-28 15:20:42,337] {processor.py:642} INFO - Processing file /opt/anaconda3/envs/airflow/lib/python3.7/site-packages/airflow/example_dags/example_latest_only.py for tasks to queue
[2022-02-28 15:20:42,341] {logging_mixin.py:109} INFO - [2022-02-28 15:20:42,340] {dagbag.py:500} INFO - Filling up the DagBag from /opt/anaconda3/envs/airflow/lib/python3.7/site-packages/airflow/example_dags/example_latest_only.py
[2022-02-28 15:20:42,508] {processor.py:654} INFO - DAG(s) dict_keys(['latest_only']) retrieved from /opt/anaconda3/envs/airflow/lib/python3.7/site-packages/airflow/example_dags/example_latest_only.py
[2022-02-28 15:20:42,558] {logging_mixin.py:109} INFO - [2022-02-28 15:20:42,558] {dag.py:2398} INFO - Sync 1 DAGs
[2022-02-28 15:20:42,642] {logging_mixin.py:109} INFO - [2022-02-28 15:20:42,641] {dag.py:2937} INFO - Setting next_dagrun for latest_only to 2022-02-28T03:20:42.637337+00:00
[2022-02-28 15:20:42,700] {processor.py:171} INFO - Processing /opt/anaconda3/envs/airflow/lib/python3.7/site-packages/airflow/example_dags/example_latest_only.py took 0.379 seconds
[2022-02-28 15:21:29,612] {processor.py:163} INFO - Started process (PID=36551) to work on /opt/anaconda3/envs/airflow/lib/python3.7/site-packages/airflow/example_dags/example_latest_only.py
[2022-02-28 15:21:29,615] {processor.py:642} INFO - Processing file /opt/anaconda3/envs/airflow/lib/python3.7/site-packages/airflow/example_dags/example_latest_only.py for tasks to queue
[2022-02-28 15:21:29,616] {logging_mixin.py:109} INFO - [2022-02-28 15:21:29,616] {dagbag.py:500} INFO - Filling up the DagBag from /opt/anaconda3/envs/airflow/lib/python3.7/site-packages/airflow/example_dags/example_latest_only.py
[2022-02-28 15:21:29,647] {processor.py:654} INFO - DAG(s) dict_keys(['latest_only']) retrieved from /opt/anaconda3/envs/airflow/lib/python3.7/site-packages/airflow/example_dags/example_latest_only.py
[2022-02-28 15:21:29,661] {logging_mixin.py:109} INFO - [2022-02-28 15:21:29,660] {dag.py:2398} INFO - Sync 1 DAGs
[2022-02-28 15:21:29,684] {logging_mixin.py:109} INFO - [2022-02-28 15:21:29,683] {dag.py:2937} INFO - Setting next_dagrun for latest_only to 2022-02-28T03:21:29.683348+00:00
[2022-02-28 15:21:29,699] {processor.py:171} INFO - Processing /opt/anaconda3/envs/airflow/lib/python3.7/site-packages/airflow/example_dags/example_latest_only.py took 0.091 seconds
[2022-02-28 15:22:09,929] {processor.py:163} INFO - Started process (PID=36587) to work on /opt/anaconda3/envs/airflow/lib/python3.7/site-packages/airflow/example_dags/example_latest_only.py
[2022-02-28 15:22:09,930] {processor.py:642} INFO - Processing file /opt/anaconda3/envs/airflow/lib/python3.7/site-packages/airflow/example_dags/example_latest_only.py for tasks to queue
[2022-02-28 15:22:09,931] {logging_mixin.py:109} INFO - [2022-02-28 15:22:09,931] {dagbag.py:500} INFO - Filling up the DagBag from /opt/anaconda3/envs/airflow/lib/python3.7/site-packages/airflow/example_dags/example_latest_only.py
[2022-02-28 15:22:09,960] {processor.py:654} INFO - DAG(s) dict_keys(['latest_only']) retrieved from /opt/anaconda3/envs/airflow/lib/python3.7/site-packages/airflow/example_dags/example_latest_only.py
[2022-02-28 15:22:09,972] {logging_mixin.py:109} INFO - [2022-02-28 15:22:09,971] {dag.py:2398} INFO - Sync 1 DAGs
[2022-02-28 15:22:09,990] {logging_mixin.py:109} INFO - [2022-02-28 15:22:09,990] {dag.py:2937} INFO - Setting next_dagrun for latest_only to 2022-02-28T03:22:09.989664+00:00
[2022-02-28 15:22:10,003] {processor.py:171} INFO - Processing /opt/anaconda3/envs/airflow/lib/python3.7/site-packages/airflow/example_dags/example_latest_only.py took 0.078 seconds
[2022-02-28 15:22:49,819] {processor.py:163} INFO - Started process (PID=36624) to work on /opt/anaconda3/envs/airflow/lib/python3.7/site-packages/airflow/example_dags/example_latest_only.py
[2022-02-28 15:22:49,820] {processor.py:642} INFO - Processing file /opt/anaconda3/envs/airflow/lib/python3.7/site-packages/airflow/example_dags/example_latest_only.py for tasks to queue
[2022-02-28 15:22:49,821] {logging_mixin.py:109} INFO - [2022-02-28 15:22:49,821] {dagbag.py:500} INFO - Filling up the DagBag from /opt/anaconda3/envs/airflow/lib/python3.7/site-packages/airflow/example_dags/example_latest_only.py
[2022-02-28 15:22:49,851] {processor.py:654} INFO - DAG(s) dict_keys(['latest_only']) retrieved from /opt/anaconda3/envs/airflow/lib/python3.7/site-packages/airflow/example_dags/example_latest_only.py
[2022-02-28 15:22:49,863] {logging_mixin.py:109} INFO - [2022-02-28 15:22:49,862] {dag.py:2398} INFO - Sync 1 DAGs
[2022-02-28 15:22:49,878] {logging_mixin.py:109} INFO - [2022-02-28 15:22:49,878] {dag.py:2937} INFO - Setting next_dagrun for latest_only to 2022-02-28T03:22:49.877897+00:00
[2022-02-28 15:22:49,889] {processor.py:171} INFO - Processing /opt/anaconda3/envs/airflow/lib/python3.7/site-packages/airflow/example_dags/example_latest_only.py took 0.074 seconds
