[2022-02-28 14:25:54,431] {processor.py:163} INFO - Started process (PID=31714) to work on /opt/anaconda3/envs/airflow/lib/python3.7/site-packages/airflow/example_dags/example_branch_datetime_operator.py
[2022-02-28 14:25:54,433] {processor.py:642} INFO - Processing file /opt/anaconda3/envs/airflow/lib/python3.7/site-packages/airflow/example_dags/example_branch_datetime_operator.py for tasks to queue
[2022-02-28 14:25:54,435] {logging_mixin.py:109} INFO - [2022-02-28 14:25:54,434] {dagbag.py:500} INFO - Filling up the DagBag from /opt/anaconda3/envs/airflow/lib/python3.7/site-packages/airflow/example_dags/example_branch_datetime_operator.py
[2022-02-28 14:25:54,474] {processor.py:654} INFO - DAG(s) dict_keys(['example_branch_datetime_operator_2']) retrieved from /opt/anaconda3/envs/airflow/lib/python3.7/site-packages/airflow/example_dags/example_branch_datetime_operator.py
[2022-02-28 14:25:54,489] {logging_mixin.py:109} INFO - [2022-02-28 14:25:54,488] {dag.py:2398} INFO - Sync 1 DAGs
[2022-02-28 14:25:54,511] {logging_mixin.py:109} INFO - [2022-02-28 14:25:54,510] {dag.py:2937} INFO - Setting next_dagrun for example_branch_datetime_operator_2 to 2022-02-27 00:00:00+00:00
[2022-02-28 14:25:54,521] {processor.py:171} INFO - Processing /opt/anaconda3/envs/airflow/lib/python3.7/site-packages/airflow/example_dags/example_branch_datetime_operator.py took 0.095 seconds
[2022-02-28 14:26:43,899] {processor.py:163} INFO - Started process (PID=31789) to work on /opt/anaconda3/envs/airflow/lib/python3.7/site-packages/airflow/example_dags/example_branch_datetime_operator.py
[2022-02-28 14:26:43,902] {processor.py:642} INFO - Processing file /opt/anaconda3/envs/airflow/lib/python3.7/site-packages/airflow/example_dags/example_branch_datetime_operator.py for tasks to queue
[2022-02-28 14:26:43,903] {logging_mixin.py:109} INFO - [2022-02-28 14:26:43,903] {dagbag.py:500} INFO - Filling up the DagBag from /opt/anaconda3/envs/airflow/lib/python3.7/site-packages/airflow/example_dags/example_branch_datetime_operator.py
[2022-02-28 14:26:43,936] {processor.py:654} INFO - DAG(s) dict_keys(['example_branch_datetime_operator_2']) retrieved from /opt/anaconda3/envs/airflow/lib/python3.7/site-packages/airflow/example_dags/example_branch_datetime_operator.py
[2022-02-28 14:26:43,947] {logging_mixin.py:109} INFO - [2022-02-28 14:26:43,947] {dag.py:2398} INFO - Sync 1 DAGs
[2022-02-28 14:26:43,964] {logging_mixin.py:109} INFO - [2022-02-28 14:26:43,963] {dag.py:2937} INFO - Setting next_dagrun for example_branch_datetime_operator_2 to 2022-02-27 00:00:00+00:00
[2022-02-28 14:26:43,974] {processor.py:171} INFO - Processing /opt/anaconda3/envs/airflow/lib/python3.7/site-packages/airflow/example_dags/example_branch_datetime_operator.py took 0.078 seconds
[2022-02-28 14:27:23,448] {processor.py:163} INFO - Started process (PID=31842) to work on /opt/anaconda3/envs/airflow/lib/python3.7/site-packages/airflow/example_dags/example_branch_datetime_operator.py
[2022-02-28 14:27:23,451] {processor.py:642} INFO - Processing file /opt/anaconda3/envs/airflow/lib/python3.7/site-packages/airflow/example_dags/example_branch_datetime_operator.py for tasks to queue
[2022-02-28 14:27:23,452] {logging_mixin.py:109} INFO - [2022-02-28 14:27:23,452] {dagbag.py:500} INFO - Filling up the DagBag from /opt/anaconda3/envs/airflow/lib/python3.7/site-packages/airflow/example_dags/example_branch_datetime_operator.py
[2022-02-28 14:27:23,495] {processor.py:654} INFO - DAG(s) dict_keys(['example_branch_datetime_operator_2']) retrieved from /opt/anaconda3/envs/airflow/lib/python3.7/site-packages/airflow/example_dags/example_branch_datetime_operator.py
[2022-02-28 14:27:23,509] {logging_mixin.py:109} INFO - [2022-02-28 14:27:23,508] {dag.py:2398} INFO - Sync 1 DAGs
[2022-02-28 14:27:23,532] {logging_mixin.py:109} INFO - [2022-02-28 14:27:23,531] {dag.py:2937} INFO - Setting next_dagrun for example_branch_datetime_operator_2 to 2022-02-27 00:00:00+00:00
[2022-02-28 14:27:23,544] {processor.py:171} INFO - Processing /opt/anaconda3/envs/airflow/lib/python3.7/site-packages/airflow/example_dags/example_branch_datetime_operator.py took 0.101 seconds
[2022-02-28 14:29:25,599] {processor.py:163} INFO - Started process (PID=32069) to work on /opt/anaconda3/envs/airflow/lib/python3.7/site-packages/airflow/example_dags/example_branch_datetime_operator.py
[2022-02-28 14:29:25,602] {processor.py:642} INFO - Processing file /opt/anaconda3/envs/airflow/lib/python3.7/site-packages/airflow/example_dags/example_branch_datetime_operator.py for tasks to queue
[2022-02-28 14:29:25,603] {logging_mixin.py:109} INFO - [2022-02-28 14:29:25,603] {dagbag.py:500} INFO - Filling up the DagBag from /opt/anaconda3/envs/airflow/lib/python3.7/site-packages/airflow/example_dags/example_branch_datetime_operator.py
[2022-02-28 14:29:25,638] {processor.py:654} INFO - DAG(s) dict_keys(['example_branch_datetime_operator_2']) retrieved from /opt/anaconda3/envs/airflow/lib/python3.7/site-packages/airflow/example_dags/example_branch_datetime_operator.py
[2022-02-28 14:29:25,650] {logging_mixin.py:109} INFO - [2022-02-28 14:29:25,649] {dag.py:2398} INFO - Sync 1 DAGs
[2022-02-28 14:29:25,665] {logging_mixin.py:109} INFO - [2022-02-28 14:29:25,665] {dag.py:2937} INFO - Setting next_dagrun for example_branch_datetime_operator_2 to 2022-02-27 00:00:00+00:00
[2022-02-28 14:29:25,675] {processor.py:171} INFO - Processing /opt/anaconda3/envs/airflow/lib/python3.7/site-packages/airflow/example_dags/example_branch_datetime_operator.py took 0.079 seconds
[2022-02-28 14:30:24,218] {processor.py:163} INFO - Started process (PID=32142) to work on /opt/anaconda3/envs/airflow/lib/python3.7/site-packages/airflow/example_dags/example_branch_datetime_operator.py
[2022-02-28 14:30:24,221] {processor.py:642} INFO - Processing file /opt/anaconda3/envs/airflow/lib/python3.7/site-packages/airflow/example_dags/example_branch_datetime_operator.py for tasks to queue
[2022-02-28 14:30:24,222] {logging_mixin.py:109} INFO - [2022-02-28 14:30:24,222] {dagbag.py:500} INFO - Filling up the DagBag from /opt/anaconda3/envs/airflow/lib/python3.7/site-packages/airflow/example_dags/example_branch_datetime_operator.py
[2022-02-28 14:30:24,253] {processor.py:654} INFO - DAG(s) dict_keys(['example_branch_datetime_operator_2']) retrieved from /opt/anaconda3/envs/airflow/lib/python3.7/site-packages/airflow/example_dags/example_branch_datetime_operator.py
[2022-02-28 14:30:24,262] {logging_mixin.py:109} INFO - [2022-02-28 14:30:24,262] {dag.py:2398} INFO - Sync 1 DAGs
[2022-02-28 14:30:24,278] {logging_mixin.py:109} INFO - [2022-02-28 14:30:24,277] {dag.py:2937} INFO - Setting next_dagrun for example_branch_datetime_operator_2 to 2022-02-27 00:00:00+00:00
[2022-02-28 14:30:24,287] {processor.py:171} INFO - Processing /opt/anaconda3/envs/airflow/lib/python3.7/site-packages/airflow/example_dags/example_branch_datetime_operator.py took 0.072 seconds
[2022-02-28 14:31:02,531] {processor.py:163} INFO - Started process (PID=32183) to work on /opt/anaconda3/envs/airflow/lib/python3.7/site-packages/airflow/example_dags/example_branch_datetime_operator.py
[2022-02-28 14:31:02,534] {processor.py:642} INFO - Processing file /opt/anaconda3/envs/airflow/lib/python3.7/site-packages/airflow/example_dags/example_branch_datetime_operator.py for tasks to queue
[2022-02-28 14:31:02,535] {logging_mixin.py:109} INFO - [2022-02-28 14:31:02,535] {dagbag.py:500} INFO - Filling up the DagBag from /opt/anaconda3/envs/airflow/lib/python3.7/site-packages/airflow/example_dags/example_branch_datetime_operator.py
[2022-02-28 14:31:02,569] {processor.py:654} INFO - DAG(s) dict_keys(['example_branch_datetime_operator_2']) retrieved from /opt/anaconda3/envs/airflow/lib/python3.7/site-packages/airflow/example_dags/example_branch_datetime_operator.py
[2022-02-28 14:31:02,580] {logging_mixin.py:109} INFO - [2022-02-28 14:31:02,580] {dag.py:2398} INFO - Sync 1 DAGs
[2022-02-28 14:31:02,595] {logging_mixin.py:109} INFO - [2022-02-28 14:31:02,594] {dag.py:2937} INFO - Setting next_dagrun for example_branch_datetime_operator_2 to 2022-02-27 00:00:00+00:00
[2022-02-28 14:31:02,604] {processor.py:171} INFO - Processing /opt/anaconda3/envs/airflow/lib/python3.7/site-packages/airflow/example_dags/example_branch_datetime_operator.py took 0.077 seconds
[2022-02-28 14:33:25,550] {processor.py:163} INFO - Started process (PID=32359) to work on /opt/anaconda3/envs/airflow/lib/python3.7/site-packages/airflow/example_dags/example_branch_datetime_operator.py
[2022-02-28 14:33:25,553] {processor.py:642} INFO - Processing file /opt/anaconda3/envs/airflow/lib/python3.7/site-packages/airflow/example_dags/example_branch_datetime_operator.py for tasks to queue
[2022-02-28 14:33:25,555] {logging_mixin.py:109} INFO - [2022-02-28 14:33:25,554] {dagbag.py:500} INFO - Filling up the DagBag from /opt/anaconda3/envs/airflow/lib/python3.7/site-packages/airflow/example_dags/example_branch_datetime_operator.py
[2022-02-28 14:33:25,596] {processor.py:654} INFO - DAG(s) dict_keys(['example_branch_datetime_operator_2']) retrieved from /opt/anaconda3/envs/airflow/lib/python3.7/site-packages/airflow/example_dags/example_branch_datetime_operator.py
[2022-02-28 14:33:25,606] {logging_mixin.py:109} INFO - [2022-02-28 14:33:25,605] {dag.py:2398} INFO - Sync 1 DAGs
[2022-02-28 14:33:25,626] {logging_mixin.py:109} INFO - [2022-02-28 14:33:25,625] {dag.py:2937} INFO - Setting next_dagrun for example_branch_datetime_operator_2 to 2022-02-27 00:00:00+00:00
[2022-02-28 14:33:25,637] {processor.py:171} INFO - Processing /opt/anaconda3/envs/airflow/lib/python3.7/site-packages/airflow/example_dags/example_branch_datetime_operator.py took 0.093 seconds
[2022-02-28 14:34:12,105] {processor.py:163} INFO - Started process (PID=32439) to work on /opt/anaconda3/envs/airflow/lib/python3.7/site-packages/airflow/example_dags/example_branch_datetime_operator.py
[2022-02-28 14:34:12,108] {processor.py:642} INFO - Processing file /opt/anaconda3/envs/airflow/lib/python3.7/site-packages/airflow/example_dags/example_branch_datetime_operator.py for tasks to queue
[2022-02-28 14:34:12,111] {logging_mixin.py:109} INFO - [2022-02-28 14:34:12,110] {dagbag.py:500} INFO - Filling up the DagBag from /opt/anaconda3/envs/airflow/lib/python3.7/site-packages/airflow/example_dags/example_branch_datetime_operator.py
[2022-02-28 14:34:12,239] {processor.py:654} INFO - DAG(s) dict_keys(['example_branch_datetime_operator_2']) retrieved from /opt/anaconda3/envs/airflow/lib/python3.7/site-packages/airflow/example_dags/example_branch_datetime_operator.py
[2022-02-28 14:34:12,312] {logging_mixin.py:109} INFO - [2022-02-28 14:34:12,312] {dag.py:2398} INFO - Sync 1 DAGs
[2022-02-28 14:34:12,368] {logging_mixin.py:109} INFO - [2022-02-28 14:34:12,367] {dag.py:2937} INFO - Setting next_dagrun for example_branch_datetime_operator_2 to 2022-02-27 00:00:00+00:00
[2022-02-28 14:34:12,386] {processor.py:171} INFO - Processing /opt/anaconda3/envs/airflow/lib/python3.7/site-packages/airflow/example_dags/example_branch_datetime_operator.py took 0.295 seconds
[2022-02-28 14:34:58,309] {processor.py:163} INFO - Started process (PID=32490) to work on /opt/anaconda3/envs/airflow/lib/python3.7/site-packages/airflow/example_dags/example_branch_datetime_operator.py
[2022-02-28 14:34:58,312] {processor.py:642} INFO - Processing file /opt/anaconda3/envs/airflow/lib/python3.7/site-packages/airflow/example_dags/example_branch_datetime_operator.py for tasks to queue
[2022-02-28 14:34:58,313] {logging_mixin.py:109} INFO - [2022-02-28 14:34:58,313] {dagbag.py:500} INFO - Filling up the DagBag from /opt/anaconda3/envs/airflow/lib/python3.7/site-packages/airflow/example_dags/example_branch_datetime_operator.py
[2022-02-28 14:34:58,351] {processor.py:654} INFO - DAG(s) dict_keys(['example_branch_datetime_operator_2']) retrieved from /opt/anaconda3/envs/airflow/lib/python3.7/site-packages/airflow/example_dags/example_branch_datetime_operator.py
[2022-02-28 14:34:58,362] {logging_mixin.py:109} INFO - [2022-02-28 14:34:58,362] {dag.py:2398} INFO - Sync 1 DAGs
[2022-02-28 14:34:58,379] {logging_mixin.py:109} INFO - [2022-02-28 14:34:58,378] {dag.py:2937} INFO - Setting next_dagrun for example_branch_datetime_operator_2 to 2022-02-27 00:00:00+00:00
[2022-02-28 14:34:58,390] {processor.py:171} INFO - Processing /opt/anaconda3/envs/airflow/lib/python3.7/site-packages/airflow/example_dags/example_branch_datetime_operator.py took 0.084 seconds
[2022-02-28 14:35:39,420] {processor.py:163} INFO - Started process (PID=32532) to work on /opt/anaconda3/envs/airflow/lib/python3.7/site-packages/airflow/example_dags/example_branch_datetime_operator.py
[2022-02-28 14:35:39,422] {processor.py:642} INFO - Processing file /opt/anaconda3/envs/airflow/lib/python3.7/site-packages/airflow/example_dags/example_branch_datetime_operator.py for tasks to queue
[2022-02-28 14:35:39,424] {logging_mixin.py:109} INFO - [2022-02-28 14:35:39,423] {dagbag.py:500} INFO - Filling up the DagBag from /opt/anaconda3/envs/airflow/lib/python3.7/site-packages/airflow/example_dags/example_branch_datetime_operator.py
[2022-02-28 14:35:39,465] {processor.py:654} INFO - DAG(s) dict_keys(['example_branch_datetime_operator_2']) retrieved from /opt/anaconda3/envs/airflow/lib/python3.7/site-packages/airflow/example_dags/example_branch_datetime_operator.py
[2022-02-28 14:35:39,476] {logging_mixin.py:109} INFO - [2022-02-28 14:35:39,475] {dag.py:2398} INFO - Sync 1 DAGs
[2022-02-28 14:35:39,493] {logging_mixin.py:109} INFO - [2022-02-28 14:35:39,492] {dag.py:2937} INFO - Setting next_dagrun for example_branch_datetime_operator_2 to 2022-02-27 00:00:00+00:00
[2022-02-28 14:35:39,504] {processor.py:171} INFO - Processing /opt/anaconda3/envs/airflow/lib/python3.7/site-packages/airflow/example_dags/example_branch_datetime_operator.py took 0.089 seconds
[2022-02-28 14:36:25,716] {processor.py:163} INFO - Started process (PID=32583) to work on /opt/anaconda3/envs/airflow/lib/python3.7/site-packages/airflow/example_dags/example_branch_datetime_operator.py
[2022-02-28 14:36:25,718] {processor.py:642} INFO - Processing file /opt/anaconda3/envs/airflow/lib/python3.7/site-packages/airflow/example_dags/example_branch_datetime_operator.py for tasks to queue
[2022-02-28 14:36:25,719] {logging_mixin.py:109} INFO - [2022-02-28 14:36:25,719] {dagbag.py:500} INFO - Filling up the DagBag from /opt/anaconda3/envs/airflow/lib/python3.7/site-packages/airflow/example_dags/example_branch_datetime_operator.py
[2022-02-28 14:36:25,770] {processor.py:654} INFO - DAG(s) dict_keys(['example_branch_datetime_operator_2']) retrieved from /opt/anaconda3/envs/airflow/lib/python3.7/site-packages/airflow/example_dags/example_branch_datetime_operator.py
[2022-02-28 14:36:25,784] {logging_mixin.py:109} INFO - [2022-02-28 14:36:25,783] {dag.py:2398} INFO - Sync 1 DAGs
[2022-02-28 14:36:25,806] {logging_mixin.py:109} INFO - [2022-02-28 14:36:25,806] {dag.py:2937} INFO - Setting next_dagrun for example_branch_datetime_operator_2 to 2022-02-27 00:00:00+00:00
[2022-02-28 14:36:25,817] {processor.py:171} INFO - Processing /opt/anaconda3/envs/airflow/lib/python3.7/site-packages/airflow/example_dags/example_branch_datetime_operator.py took 0.106 seconds
[2022-02-28 14:37:14,683] {processor.py:163} INFO - Started process (PID=32631) to work on /opt/anaconda3/envs/airflow/lib/python3.7/site-packages/airflow/example_dags/example_branch_datetime_operator.py
[2022-02-28 14:37:14,686] {processor.py:642} INFO - Processing file /opt/anaconda3/envs/airflow/lib/python3.7/site-packages/airflow/example_dags/example_branch_datetime_operator.py for tasks to queue
[2022-02-28 14:37:14,687] {logging_mixin.py:109} INFO - [2022-02-28 14:37:14,686] {dagbag.py:500} INFO - Filling up the DagBag from /opt/anaconda3/envs/airflow/lib/python3.7/site-packages/airflow/example_dags/example_branch_datetime_operator.py
[2022-02-28 14:37:14,719] {processor.py:654} INFO - DAG(s) dict_keys(['example_branch_datetime_operator_2']) retrieved from /opt/anaconda3/envs/airflow/lib/python3.7/site-packages/airflow/example_dags/example_branch_datetime_operator.py
[2022-02-28 14:37:14,730] {logging_mixin.py:109} INFO - [2022-02-28 14:37:14,729] {dag.py:2398} INFO - Sync 1 DAGs
[2022-02-28 14:37:14,747] {logging_mixin.py:109} INFO - [2022-02-28 14:37:14,747] {dag.py:2937} INFO - Setting next_dagrun for example_branch_datetime_operator_2 to 2022-02-27 00:00:00+00:00
[2022-02-28 14:37:14,758] {processor.py:171} INFO - Processing /opt/anaconda3/envs/airflow/lib/python3.7/site-packages/airflow/example_dags/example_branch_datetime_operator.py took 0.080 seconds
[2022-02-28 14:37:58,772] {processor.py:163} INFO - Started process (PID=32673) to work on /opt/anaconda3/envs/airflow/lib/python3.7/site-packages/airflow/example_dags/example_branch_datetime_operator.py
[2022-02-28 14:37:58,775] {processor.py:642} INFO - Processing file /opt/anaconda3/envs/airflow/lib/python3.7/site-packages/airflow/example_dags/example_branch_datetime_operator.py for tasks to queue
[2022-02-28 14:37:58,776] {logging_mixin.py:109} INFO - [2022-02-28 14:37:58,776] {dagbag.py:500} INFO - Filling up the DagBag from /opt/anaconda3/envs/airflow/lib/python3.7/site-packages/airflow/example_dags/example_branch_datetime_operator.py
[2022-02-28 14:37:58,813] {processor.py:654} INFO - DAG(s) dict_keys(['example_branch_datetime_operator_2']) retrieved from /opt/anaconda3/envs/airflow/lib/python3.7/site-packages/airflow/example_dags/example_branch_datetime_operator.py
[2022-02-28 14:37:58,825] {logging_mixin.py:109} INFO - [2022-02-28 14:37:58,824] {dag.py:2398} INFO - Sync 1 DAGs
[2022-02-28 14:37:58,841] {logging_mixin.py:109} INFO - [2022-02-28 14:37:58,841] {dag.py:2937} INFO - Setting next_dagrun for example_branch_datetime_operator_2 to 2022-02-27 00:00:00+00:00
[2022-02-28 14:37:58,852] {processor.py:171} INFO - Processing /opt/anaconda3/envs/airflow/lib/python3.7/site-packages/airflow/example_dags/example_branch_datetime_operator.py took 0.084 seconds
[2022-02-28 14:38:44,630] {processor.py:163} INFO - Started process (PID=32718) to work on /opt/anaconda3/envs/airflow/lib/python3.7/site-packages/airflow/example_dags/example_branch_datetime_operator.py
[2022-02-28 14:38:44,632] {processor.py:642} INFO - Processing file /opt/anaconda3/envs/airflow/lib/python3.7/site-packages/airflow/example_dags/example_branch_datetime_operator.py for tasks to queue
[2022-02-28 14:38:44,633] {logging_mixin.py:109} INFO - [2022-02-28 14:38:44,633] {dagbag.py:500} INFO - Filling up the DagBag from /opt/anaconda3/envs/airflow/lib/python3.7/site-packages/airflow/example_dags/example_branch_datetime_operator.py
[2022-02-28 14:38:44,664] {processor.py:654} INFO - DAG(s) dict_keys(['example_branch_datetime_operator_2']) retrieved from /opt/anaconda3/envs/airflow/lib/python3.7/site-packages/airflow/example_dags/example_branch_datetime_operator.py
[2022-02-28 14:38:44,675] {logging_mixin.py:109} INFO - [2022-02-28 14:38:44,675] {dag.py:2398} INFO - Sync 1 DAGs
[2022-02-28 14:38:44,693] {logging_mixin.py:109} INFO - [2022-02-28 14:38:44,693] {dag.py:2937} INFO - Setting next_dagrun for example_branch_datetime_operator_2 to 2022-02-27 00:00:00+00:00
[2022-02-28 14:38:44,703] {processor.py:171} INFO - Processing /opt/anaconda3/envs/airflow/lib/python3.7/site-packages/airflow/example_dags/example_branch_datetime_operator.py took 0.077 seconds
[2022-02-28 14:39:32,568] {processor.py:163} INFO - Started process (PID=32767) to work on /opt/anaconda3/envs/airflow/lib/python3.7/site-packages/airflow/example_dags/example_branch_datetime_operator.py
[2022-02-28 14:39:32,571] {processor.py:642} INFO - Processing file /opt/anaconda3/envs/airflow/lib/python3.7/site-packages/airflow/example_dags/example_branch_datetime_operator.py for tasks to queue
[2022-02-28 14:39:32,574] {logging_mixin.py:109} INFO - [2022-02-28 14:39:32,573] {dagbag.py:500} INFO - Filling up the DagBag from /opt/anaconda3/envs/airflow/lib/python3.7/site-packages/airflow/example_dags/example_branch_datetime_operator.py
[2022-02-28 14:39:32,618] {processor.py:654} INFO - DAG(s) dict_keys(['example_branch_datetime_operator_2']) retrieved from /opt/anaconda3/envs/airflow/lib/python3.7/site-packages/airflow/example_dags/example_branch_datetime_operator.py
[2022-02-28 14:39:32,630] {logging_mixin.py:109} INFO - [2022-02-28 14:39:32,630] {dag.py:2398} INFO - Sync 1 DAGs
[2022-02-28 14:39:32,694] {logging_mixin.py:109} INFO - [2022-02-28 14:39:32,694] {dag.py:2937} INFO - Setting next_dagrun for example_branch_datetime_operator_2 to 2022-02-27 00:00:00+00:00
[2022-02-28 14:39:32,730] {processor.py:171} INFO - Processing /opt/anaconda3/envs/airflow/lib/python3.7/site-packages/airflow/example_dags/example_branch_datetime_operator.py took 0.166 seconds
[2022-02-28 14:40:12,762] {processor.py:163} INFO - Started process (PID=32814) to work on /opt/anaconda3/envs/airflow/lib/python3.7/site-packages/airflow/example_dags/example_branch_datetime_operator.py
[2022-02-28 14:40:12,766] {processor.py:642} INFO - Processing file /opt/anaconda3/envs/airflow/lib/python3.7/site-packages/airflow/example_dags/example_branch_datetime_operator.py for tasks to queue
[2022-02-28 14:40:12,767] {logging_mixin.py:109} INFO - [2022-02-28 14:40:12,767] {dagbag.py:500} INFO - Filling up the DagBag from /opt/anaconda3/envs/airflow/lib/python3.7/site-packages/airflow/example_dags/example_branch_datetime_operator.py
[2022-02-28 14:40:12,802] {processor.py:654} INFO - DAG(s) dict_keys(['example_branch_datetime_operator_2']) retrieved from /opt/anaconda3/envs/airflow/lib/python3.7/site-packages/airflow/example_dags/example_branch_datetime_operator.py
[2022-02-28 14:40:12,814] {logging_mixin.py:109} INFO - [2022-02-28 14:40:12,813] {dag.py:2398} INFO - Sync 1 DAGs
[2022-02-28 14:40:12,830] {logging_mixin.py:109} INFO - [2022-02-28 14:40:12,830] {dag.py:2937} INFO - Setting next_dagrun for example_branch_datetime_operator_2 to 2022-02-27 00:00:00+00:00
[2022-02-28 14:40:12,844] {processor.py:171} INFO - Processing /opt/anaconda3/envs/airflow/lib/python3.7/site-packages/airflow/example_dags/example_branch_datetime_operator.py took 0.086 seconds
[2022-02-28 14:40:53,143] {processor.py:163} INFO - Started process (PID=32853) to work on /opt/anaconda3/envs/airflow/lib/python3.7/site-packages/airflow/example_dags/example_branch_datetime_operator.py
[2022-02-28 14:40:53,145] {processor.py:642} INFO - Processing file /opt/anaconda3/envs/airflow/lib/python3.7/site-packages/airflow/example_dags/example_branch_datetime_operator.py for tasks to queue
[2022-02-28 14:40:53,146] {logging_mixin.py:109} INFO - [2022-02-28 14:40:53,146] {dagbag.py:500} INFO - Filling up the DagBag from /opt/anaconda3/envs/airflow/lib/python3.7/site-packages/airflow/example_dags/example_branch_datetime_operator.py
[2022-02-28 14:40:53,181] {processor.py:654} INFO - DAG(s) dict_keys(['example_branch_datetime_operator_2']) retrieved from /opt/anaconda3/envs/airflow/lib/python3.7/site-packages/airflow/example_dags/example_branch_datetime_operator.py
[2022-02-28 14:40:53,192] {logging_mixin.py:109} INFO - [2022-02-28 14:40:53,192] {dag.py:2398} INFO - Sync 1 DAGs
[2022-02-28 14:40:53,210] {logging_mixin.py:109} INFO - [2022-02-28 14:40:53,209] {dag.py:2937} INFO - Setting next_dagrun for example_branch_datetime_operator_2 to 2022-02-27 00:00:00+00:00
[2022-02-28 14:40:53,221] {processor.py:171} INFO - Processing /opt/anaconda3/envs/airflow/lib/python3.7/site-packages/airflow/example_dags/example_branch_datetime_operator.py took 0.083 seconds
[2022-02-28 14:41:37,580] {processor.py:163} INFO - Started process (PID=32895) to work on /opt/anaconda3/envs/airflow/lib/python3.7/site-packages/airflow/example_dags/example_branch_datetime_operator.py
[2022-02-28 14:41:37,581] {processor.py:642} INFO - Processing file /opt/anaconda3/envs/airflow/lib/python3.7/site-packages/airflow/example_dags/example_branch_datetime_operator.py for tasks to queue
[2022-02-28 14:41:37,582] {logging_mixin.py:109} INFO - [2022-02-28 14:41:37,582] {dagbag.py:500} INFO - Filling up the DagBag from /opt/anaconda3/envs/airflow/lib/python3.7/site-packages/airflow/example_dags/example_branch_datetime_operator.py
[2022-02-28 14:41:37,613] {processor.py:654} INFO - DAG(s) dict_keys(['example_branch_datetime_operator_2']) retrieved from /opt/anaconda3/envs/airflow/lib/python3.7/site-packages/airflow/example_dags/example_branch_datetime_operator.py
[2022-02-28 14:41:37,624] {logging_mixin.py:109} INFO - [2022-02-28 14:41:37,624] {dag.py:2398} INFO - Sync 1 DAGs
[2022-02-28 14:41:37,641] {logging_mixin.py:109} INFO - [2022-02-28 14:41:37,641] {dag.py:2937} INFO - Setting next_dagrun for example_branch_datetime_operator_2 to 2022-02-27 00:00:00+00:00
[2022-02-28 14:41:37,652] {processor.py:171} INFO - Processing /opt/anaconda3/envs/airflow/lib/python3.7/site-packages/airflow/example_dags/example_branch_datetime_operator.py took 0.077 seconds
[2022-02-28 14:42:24,178] {processor.py:163} INFO - Started process (PID=32944) to work on /opt/anaconda3/envs/airflow/lib/python3.7/site-packages/airflow/example_dags/example_branch_datetime_operator.py
[2022-02-28 14:42:24,181] {processor.py:642} INFO - Processing file /opt/anaconda3/envs/airflow/lib/python3.7/site-packages/airflow/example_dags/example_branch_datetime_operator.py for tasks to queue
[2022-02-28 14:42:24,182] {logging_mixin.py:109} INFO - [2022-02-28 14:42:24,182] {dagbag.py:500} INFO - Filling up the DagBag from /opt/anaconda3/envs/airflow/lib/python3.7/site-packages/airflow/example_dags/example_branch_datetime_operator.py
[2022-02-28 14:42:24,223] {processor.py:654} INFO - DAG(s) dict_keys(['example_branch_datetime_operator_2']) retrieved from /opt/anaconda3/envs/airflow/lib/python3.7/site-packages/airflow/example_dags/example_branch_datetime_operator.py
[2022-02-28 14:42:24,236] {logging_mixin.py:109} INFO - [2022-02-28 14:42:24,236] {dag.py:2398} INFO - Sync 1 DAGs
[2022-02-28 14:42:24,257] {logging_mixin.py:109} INFO - [2022-02-28 14:42:24,256] {dag.py:2937} INFO - Setting next_dagrun for example_branch_datetime_operator_2 to 2022-02-27 00:00:00+00:00
[2022-02-28 14:42:24,269] {processor.py:171} INFO - Processing /opt/anaconda3/envs/airflow/lib/python3.7/site-packages/airflow/example_dags/example_branch_datetime_operator.py took 0.097 seconds
[2022-02-28 14:43:06,203] {processor.py:163} INFO - Started process (PID=32994) to work on /opt/anaconda3/envs/airflow/lib/python3.7/site-packages/airflow/example_dags/example_branch_datetime_operator.py
[2022-02-28 14:43:06,205] {processor.py:642} INFO - Processing file /opt/anaconda3/envs/airflow/lib/python3.7/site-packages/airflow/example_dags/example_branch_datetime_operator.py for tasks to queue
[2022-02-28 14:43:06,207] {logging_mixin.py:109} INFO - [2022-02-28 14:43:06,206] {dagbag.py:500} INFO - Filling up the DagBag from /opt/anaconda3/envs/airflow/lib/python3.7/site-packages/airflow/example_dags/example_branch_datetime_operator.py
[2022-02-28 14:43:06,237] {processor.py:654} INFO - DAG(s) dict_keys(['example_branch_datetime_operator_2']) retrieved from /opt/anaconda3/envs/airflow/lib/python3.7/site-packages/airflow/example_dags/example_branch_datetime_operator.py
[2022-02-28 14:43:06,249] {logging_mixin.py:109} INFO - [2022-02-28 14:43:06,249] {dag.py:2398} INFO - Sync 1 DAGs
[2022-02-28 14:43:06,267] {logging_mixin.py:109} INFO - [2022-02-28 14:43:06,266] {dag.py:2937} INFO - Setting next_dagrun for example_branch_datetime_operator_2 to 2022-02-27 00:00:00+00:00
[2022-02-28 14:43:06,280] {processor.py:171} INFO - Processing /opt/anaconda3/envs/airflow/lib/python3.7/site-packages/airflow/example_dags/example_branch_datetime_operator.py took 0.081 seconds
[2022-02-28 14:43:46,058] {processor.py:163} INFO - Started process (PID=33035) to work on /opt/anaconda3/envs/airflow/lib/python3.7/site-packages/airflow/example_dags/example_branch_datetime_operator.py
[2022-02-28 14:43:46,061] {processor.py:642} INFO - Processing file /opt/anaconda3/envs/airflow/lib/python3.7/site-packages/airflow/example_dags/example_branch_datetime_operator.py for tasks to queue
[2022-02-28 14:43:46,063] {logging_mixin.py:109} INFO - [2022-02-28 14:43:46,062] {dagbag.py:500} INFO - Filling up the DagBag from /opt/anaconda3/envs/airflow/lib/python3.7/site-packages/airflow/example_dags/example_branch_datetime_operator.py
[2022-02-28 14:43:46,094] {processor.py:654} INFO - DAG(s) dict_keys(['example_branch_datetime_operator_2']) retrieved from /opt/anaconda3/envs/airflow/lib/python3.7/site-packages/airflow/example_dags/example_branch_datetime_operator.py
[2022-02-28 14:43:46,106] {logging_mixin.py:109} INFO - [2022-02-28 14:43:46,106] {dag.py:2398} INFO - Sync 1 DAGs
[2022-02-28 14:43:46,123] {logging_mixin.py:109} INFO - [2022-02-28 14:43:46,123] {dag.py:2937} INFO - Setting next_dagrun for example_branch_datetime_operator_2 to 2022-02-27 00:00:00+00:00
[2022-02-28 14:43:46,135] {processor.py:171} INFO - Processing /opt/anaconda3/envs/airflow/lib/python3.7/site-packages/airflow/example_dags/example_branch_datetime_operator.py took 0.081 seconds
[2022-02-28 14:44:40,965] {processor.py:163} INFO - Started process (PID=33099) to work on /opt/anaconda3/envs/airflow/lib/python3.7/site-packages/airflow/example_dags/example_branch_datetime_operator.py
[2022-02-28 14:44:40,968] {processor.py:642} INFO - Processing file /opt/anaconda3/envs/airflow/lib/python3.7/site-packages/airflow/example_dags/example_branch_datetime_operator.py for tasks to queue
[2022-02-28 14:44:40,969] {logging_mixin.py:109} INFO - [2022-02-28 14:44:40,968] {dagbag.py:500} INFO - Filling up the DagBag from /opt/anaconda3/envs/airflow/lib/python3.7/site-packages/airflow/example_dags/example_branch_datetime_operator.py
[2022-02-28 14:44:41,003] {processor.py:654} INFO - DAG(s) dict_keys(['example_branch_datetime_operator_2']) retrieved from /opt/anaconda3/envs/airflow/lib/python3.7/site-packages/airflow/example_dags/example_branch_datetime_operator.py
[2022-02-28 14:44:41,015] {logging_mixin.py:109} INFO - [2022-02-28 14:44:41,014] {dag.py:2398} INFO - Sync 1 DAGs
[2022-02-28 14:44:41,032] {logging_mixin.py:109} INFO - [2022-02-28 14:44:41,031] {dag.py:2937} INFO - Setting next_dagrun for example_branch_datetime_operator_2 to 2022-02-27 00:00:00+00:00
[2022-02-28 14:44:41,043] {processor.py:171} INFO - Processing /opt/anaconda3/envs/airflow/lib/python3.7/site-packages/airflow/example_dags/example_branch_datetime_operator.py took 0.083 seconds
[2022-02-28 14:45:34,219] {processor.py:163} INFO - Started process (PID=33182) to work on /opt/anaconda3/envs/airflow/lib/python3.7/site-packages/airflow/example_dags/example_branch_datetime_operator.py
[2022-02-28 14:45:34,222] {processor.py:642} INFO - Processing file /opt/anaconda3/envs/airflow/lib/python3.7/site-packages/airflow/example_dags/example_branch_datetime_operator.py for tasks to queue
[2022-02-28 14:45:34,224] {logging_mixin.py:109} INFO - [2022-02-28 14:45:34,224] {dagbag.py:500} INFO - Filling up the DagBag from /opt/anaconda3/envs/airflow/lib/python3.7/site-packages/airflow/example_dags/example_branch_datetime_operator.py
[2022-02-28 14:45:34,263] {processor.py:654} INFO - DAG(s) dict_keys(['example_branch_datetime_operator_2']) retrieved from /opt/anaconda3/envs/airflow/lib/python3.7/site-packages/airflow/example_dags/example_branch_datetime_operator.py
[2022-02-28 14:45:34,275] {logging_mixin.py:109} INFO - [2022-02-28 14:45:34,275] {dag.py:2398} INFO - Sync 1 DAGs
[2022-02-28 14:45:34,296] {logging_mixin.py:109} INFO - [2022-02-28 14:45:34,295] {dag.py:2937} INFO - Setting next_dagrun for example_branch_datetime_operator_2 to 2022-02-27 00:00:00+00:00
[2022-02-28 14:45:34,305] {processor.py:171} INFO - Processing /opt/anaconda3/envs/airflow/lib/python3.7/site-packages/airflow/example_dags/example_branch_datetime_operator.py took 0.090 seconds
[2022-02-28 14:46:19,767] {processor.py:163} INFO - Started process (PID=33232) to work on /opt/anaconda3/envs/airflow/lib/python3.7/site-packages/airflow/example_dags/example_branch_datetime_operator.py
[2022-02-28 14:46:19,769] {processor.py:642} INFO - Processing file /opt/anaconda3/envs/airflow/lib/python3.7/site-packages/airflow/example_dags/example_branch_datetime_operator.py for tasks to queue
[2022-02-28 14:46:19,771] {logging_mixin.py:109} INFO - [2022-02-28 14:46:19,770] {dagbag.py:500} INFO - Filling up the DagBag from /opt/anaconda3/envs/airflow/lib/python3.7/site-packages/airflow/example_dags/example_branch_datetime_operator.py
[2022-02-28 14:46:19,824] {processor.py:654} INFO - DAG(s) dict_keys(['example_branch_datetime_operator_2']) retrieved from /opt/anaconda3/envs/airflow/lib/python3.7/site-packages/airflow/example_dags/example_branch_datetime_operator.py
[2022-02-28 14:46:19,842] {logging_mixin.py:109} INFO - [2022-02-28 14:46:19,842] {dag.py:2398} INFO - Sync 1 DAGs
[2022-02-28 14:46:19,865] {logging_mixin.py:109} INFO - [2022-02-28 14:46:19,864] {dag.py:2937} INFO - Setting next_dagrun for example_branch_datetime_operator_2 to 2022-02-27 00:00:00+00:00
[2022-02-28 14:46:19,876] {processor.py:171} INFO - Processing /opt/anaconda3/envs/airflow/lib/python3.7/site-packages/airflow/example_dags/example_branch_datetime_operator.py took 0.114 seconds
[2022-02-28 14:46:59,524] {processor.py:163} INFO - Started process (PID=33269) to work on /opt/anaconda3/envs/airflow/lib/python3.7/site-packages/airflow/example_dags/example_branch_datetime_operator.py
[2022-02-28 14:46:59,527] {processor.py:642} INFO - Processing file /opt/anaconda3/envs/airflow/lib/python3.7/site-packages/airflow/example_dags/example_branch_datetime_operator.py for tasks to queue
[2022-02-28 14:46:59,528] {logging_mixin.py:109} INFO - [2022-02-28 14:46:59,528] {dagbag.py:500} INFO - Filling up the DagBag from /opt/anaconda3/envs/airflow/lib/python3.7/site-packages/airflow/example_dags/example_branch_datetime_operator.py
[2022-02-28 14:46:59,566] {processor.py:654} INFO - DAG(s) dict_keys(['example_branch_datetime_operator_2']) retrieved from /opt/anaconda3/envs/airflow/lib/python3.7/site-packages/airflow/example_dags/example_branch_datetime_operator.py
[2022-02-28 14:46:59,580] {logging_mixin.py:109} INFO - [2022-02-28 14:46:59,580] {dag.py:2398} INFO - Sync 1 DAGs
[2022-02-28 14:46:59,600] {logging_mixin.py:109} INFO - [2022-02-28 14:46:59,600] {dag.py:2937} INFO - Setting next_dagrun for example_branch_datetime_operator_2 to 2022-02-27 00:00:00+00:00
[2022-02-28 14:46:59,612] {processor.py:171} INFO - Processing /opt/anaconda3/envs/airflow/lib/python3.7/site-packages/airflow/example_dags/example_branch_datetime_operator.py took 0.092 seconds
[2022-02-28 14:47:39,529] {processor.py:163} INFO - Started process (PID=33307) to work on /opt/anaconda3/envs/airflow/lib/python3.7/site-packages/airflow/example_dags/example_branch_datetime_operator.py
[2022-02-28 14:47:39,531] {processor.py:642} INFO - Processing file /opt/anaconda3/envs/airflow/lib/python3.7/site-packages/airflow/example_dags/example_branch_datetime_operator.py for tasks to queue
[2022-02-28 14:47:39,533] {logging_mixin.py:109} INFO - [2022-02-28 14:47:39,532] {dagbag.py:500} INFO - Filling up the DagBag from /opt/anaconda3/envs/airflow/lib/python3.7/site-packages/airflow/example_dags/example_branch_datetime_operator.py
[2022-02-28 14:47:39,569] {processor.py:654} INFO - DAG(s) dict_keys(['example_branch_datetime_operator_2']) retrieved from /opt/anaconda3/envs/airflow/lib/python3.7/site-packages/airflow/example_dags/example_branch_datetime_operator.py
[2022-02-28 14:47:39,581] {logging_mixin.py:109} INFO - [2022-02-28 14:47:39,580] {dag.py:2398} INFO - Sync 1 DAGs
[2022-02-28 14:47:39,599] {logging_mixin.py:109} INFO - [2022-02-28 14:47:39,599] {dag.py:2937} INFO - Setting next_dagrun for example_branch_datetime_operator_2 to 2022-02-27 00:00:00+00:00
[2022-02-28 14:47:39,609] {processor.py:171} INFO - Processing /opt/anaconda3/envs/airflow/lib/python3.7/site-packages/airflow/example_dags/example_branch_datetime_operator.py took 0.084 seconds
[2022-02-28 14:48:17,989] {processor.py:163} INFO - Started process (PID=33346) to work on /opt/anaconda3/envs/airflow/lib/python3.7/site-packages/airflow/example_dags/example_branch_datetime_operator.py
[2022-02-28 14:48:17,991] {processor.py:642} INFO - Processing file /opt/anaconda3/envs/airflow/lib/python3.7/site-packages/airflow/example_dags/example_branch_datetime_operator.py for tasks to queue
[2022-02-28 14:48:17,992] {logging_mixin.py:109} INFO - [2022-02-28 14:48:17,992] {dagbag.py:500} INFO - Filling up the DagBag from /opt/anaconda3/envs/airflow/lib/python3.7/site-packages/airflow/example_dags/example_branch_datetime_operator.py
[2022-02-28 14:48:18,024] {processor.py:654} INFO - DAG(s) dict_keys(['example_branch_datetime_operator_2']) retrieved from /opt/anaconda3/envs/airflow/lib/python3.7/site-packages/airflow/example_dags/example_branch_datetime_operator.py
[2022-02-28 14:48:18,037] {logging_mixin.py:109} INFO - [2022-02-28 14:48:18,036] {dag.py:2398} INFO - Sync 1 DAGs
[2022-02-28 14:48:18,054] {logging_mixin.py:109} INFO - [2022-02-28 14:48:18,053] {dag.py:2937} INFO - Setting next_dagrun for example_branch_datetime_operator_2 to 2022-02-27 00:00:00+00:00
[2022-02-28 14:48:18,064] {processor.py:171} INFO - Processing /opt/anaconda3/envs/airflow/lib/python3.7/site-packages/airflow/example_dags/example_branch_datetime_operator.py took 0.079 seconds
[2022-02-28 14:48:59,320] {processor.py:163} INFO - Started process (PID=33386) to work on /opt/anaconda3/envs/airflow/lib/python3.7/site-packages/airflow/example_dags/example_branch_datetime_operator.py
[2022-02-28 14:48:59,321] {processor.py:642} INFO - Processing file /opt/anaconda3/envs/airflow/lib/python3.7/site-packages/airflow/example_dags/example_branch_datetime_operator.py for tasks to queue
[2022-02-28 14:48:59,322] {logging_mixin.py:109} INFO - [2022-02-28 14:48:59,322] {dagbag.py:500} INFO - Filling up the DagBag from /opt/anaconda3/envs/airflow/lib/python3.7/site-packages/airflow/example_dags/example_branch_datetime_operator.py
[2022-02-28 14:48:59,359] {processor.py:654} INFO - DAG(s) dict_keys(['example_branch_datetime_operator_2']) retrieved from /opt/anaconda3/envs/airflow/lib/python3.7/site-packages/airflow/example_dags/example_branch_datetime_operator.py
[2022-02-28 14:48:59,370] {logging_mixin.py:109} INFO - [2022-02-28 14:48:59,370] {dag.py:2398} INFO - Sync 1 DAGs
[2022-02-28 14:48:59,386] {logging_mixin.py:109} INFO - [2022-02-28 14:48:59,386] {dag.py:2937} INFO - Setting next_dagrun for example_branch_datetime_operator_2 to 2022-02-27 00:00:00+00:00
[2022-02-28 14:48:59,396] {processor.py:171} INFO - Processing /opt/anaconda3/envs/airflow/lib/python3.7/site-packages/airflow/example_dags/example_branch_datetime_operator.py took 0.081 seconds
[2022-02-28 14:49:43,055] {processor.py:163} INFO - Started process (PID=33426) to work on /opt/anaconda3/envs/airflow/lib/python3.7/site-packages/airflow/example_dags/example_branch_datetime_operator.py
[2022-02-28 14:49:43,057] {processor.py:642} INFO - Processing file /opt/anaconda3/envs/airflow/lib/python3.7/site-packages/airflow/example_dags/example_branch_datetime_operator.py for tasks to queue
[2022-02-28 14:49:43,058] {logging_mixin.py:109} INFO - [2022-02-28 14:49:43,058] {dagbag.py:500} INFO - Filling up the DagBag from /opt/anaconda3/envs/airflow/lib/python3.7/site-packages/airflow/example_dags/example_branch_datetime_operator.py
[2022-02-28 14:49:43,093] {processor.py:654} INFO - DAG(s) dict_keys(['example_branch_datetime_operator_2']) retrieved from /opt/anaconda3/envs/airflow/lib/python3.7/site-packages/airflow/example_dags/example_branch_datetime_operator.py
[2022-02-28 14:49:43,106] {logging_mixin.py:109} INFO - [2022-02-28 14:49:43,105] {dag.py:2398} INFO - Sync 1 DAGs
[2022-02-28 14:49:43,123] {logging_mixin.py:109} INFO - [2022-02-28 14:49:43,122] {dag.py:2937} INFO - Setting next_dagrun for example_branch_datetime_operator_2 to 2022-02-27 00:00:00+00:00
[2022-02-28 14:49:43,132] {processor.py:171} INFO - Processing /opt/anaconda3/envs/airflow/lib/python3.7/site-packages/airflow/example_dags/example_branch_datetime_operator.py took 0.082 seconds
[2022-02-28 14:50:22,575] {processor.py:163} INFO - Started process (PID=33466) to work on /opt/anaconda3/envs/airflow/lib/python3.7/site-packages/airflow/example_dags/example_branch_datetime_operator.py
[2022-02-28 14:50:22,578] {processor.py:642} INFO - Processing file /opt/anaconda3/envs/airflow/lib/python3.7/site-packages/airflow/example_dags/example_branch_datetime_operator.py for tasks to queue
[2022-02-28 14:50:22,579] {logging_mixin.py:109} INFO - [2022-02-28 14:50:22,579] {dagbag.py:500} INFO - Filling up the DagBag from /opt/anaconda3/envs/airflow/lib/python3.7/site-packages/airflow/example_dags/example_branch_datetime_operator.py
[2022-02-28 14:50:22,621] {processor.py:654} INFO - DAG(s) dict_keys(['example_branch_datetime_operator_2']) retrieved from /opt/anaconda3/envs/airflow/lib/python3.7/site-packages/airflow/example_dags/example_branch_datetime_operator.py
[2022-02-28 14:50:22,635] {logging_mixin.py:109} INFO - [2022-02-28 14:50:22,634] {dag.py:2398} INFO - Sync 1 DAGs
[2022-02-28 14:50:22,654] {logging_mixin.py:109} INFO - [2022-02-28 14:50:22,653] {dag.py:2937} INFO - Setting next_dagrun for example_branch_datetime_operator_2 to 2022-02-27 00:00:00+00:00
[2022-02-28 14:50:22,668] {processor.py:171} INFO - Processing /opt/anaconda3/envs/airflow/lib/python3.7/site-packages/airflow/example_dags/example_branch_datetime_operator.py took 0.097 seconds
[2022-02-28 14:51:17,812] {processor.py:163} INFO - Started process (PID=33557) to work on /opt/anaconda3/envs/airflow/lib/python3.7/site-packages/airflow/example_dags/example_branch_datetime_operator.py
[2022-02-28 14:51:17,815] {processor.py:642} INFO - Processing file /opt/anaconda3/envs/airflow/lib/python3.7/site-packages/airflow/example_dags/example_branch_datetime_operator.py for tasks to queue
[2022-02-28 14:51:17,816] {logging_mixin.py:109} INFO - [2022-02-28 14:51:17,815] {dagbag.py:500} INFO - Filling up the DagBag from /opt/anaconda3/envs/airflow/lib/python3.7/site-packages/airflow/example_dags/example_branch_datetime_operator.py
[2022-02-28 14:51:17,851] {processor.py:654} INFO - DAG(s) dict_keys(['example_branch_datetime_operator_2']) retrieved from /opt/anaconda3/envs/airflow/lib/python3.7/site-packages/airflow/example_dags/example_branch_datetime_operator.py
[2022-02-28 14:51:17,862] {logging_mixin.py:109} INFO - [2022-02-28 14:51:17,862] {dag.py:2398} INFO - Sync 1 DAGs
[2022-02-28 14:51:17,879] {logging_mixin.py:109} INFO - [2022-02-28 14:51:17,878] {dag.py:2937} INFO - Setting next_dagrun for example_branch_datetime_operator_2 to 2022-02-27 00:00:00+00:00
[2022-02-28 14:51:17,889] {processor.py:171} INFO - Processing /opt/anaconda3/envs/airflow/lib/python3.7/site-packages/airflow/example_dags/example_branch_datetime_operator.py took 0.082 seconds
[2022-02-28 14:51:57,103] {processor.py:163} INFO - Started process (PID=33597) to work on /opt/anaconda3/envs/airflow/lib/python3.7/site-packages/airflow/example_dags/example_branch_datetime_operator.py
[2022-02-28 14:51:57,104] {processor.py:642} INFO - Processing file /opt/anaconda3/envs/airflow/lib/python3.7/site-packages/airflow/example_dags/example_branch_datetime_operator.py for tasks to queue
[2022-02-28 14:51:57,105] {logging_mixin.py:109} INFO - [2022-02-28 14:51:57,105] {dagbag.py:500} INFO - Filling up the DagBag from /opt/anaconda3/envs/airflow/lib/python3.7/site-packages/airflow/example_dags/example_branch_datetime_operator.py
[2022-02-28 14:51:57,140] {processor.py:654} INFO - DAG(s) dict_keys(['example_branch_datetime_operator_2']) retrieved from /opt/anaconda3/envs/airflow/lib/python3.7/site-packages/airflow/example_dags/example_branch_datetime_operator.py
[2022-02-28 14:51:57,152] {logging_mixin.py:109} INFO - [2022-02-28 14:51:57,152] {dag.py:2398} INFO - Sync 1 DAGs
[2022-02-28 14:51:57,168] {logging_mixin.py:109} INFO - [2022-02-28 14:51:57,168] {dag.py:2937} INFO - Setting next_dagrun for example_branch_datetime_operator_2 to 2022-02-27 00:00:00+00:00
[2022-02-28 14:51:57,180] {processor.py:171} INFO - Processing /opt/anaconda3/envs/airflow/lib/python3.7/site-packages/airflow/example_dags/example_branch_datetime_operator.py took 0.081 seconds
[2022-02-28 14:52:36,745] {processor.py:163} INFO - Started process (PID=33634) to work on /opt/anaconda3/envs/airflow/lib/python3.7/site-packages/airflow/example_dags/example_branch_datetime_operator.py
[2022-02-28 14:52:36,747] {processor.py:642} INFO - Processing file /opt/anaconda3/envs/airflow/lib/python3.7/site-packages/airflow/example_dags/example_branch_datetime_operator.py for tasks to queue
[2022-02-28 14:52:36,748] {logging_mixin.py:109} INFO - [2022-02-28 14:52:36,748] {dagbag.py:500} INFO - Filling up the DagBag from /opt/anaconda3/envs/airflow/lib/python3.7/site-packages/airflow/example_dags/example_branch_datetime_operator.py
[2022-02-28 14:52:36,782] {processor.py:654} INFO - DAG(s) dict_keys(['example_branch_datetime_operator_2']) retrieved from /opt/anaconda3/envs/airflow/lib/python3.7/site-packages/airflow/example_dags/example_branch_datetime_operator.py
[2022-02-28 14:52:36,792] {logging_mixin.py:109} INFO - [2022-02-28 14:52:36,792] {dag.py:2398} INFO - Sync 1 DAGs
[2022-02-28 14:52:36,807] {logging_mixin.py:109} INFO - [2022-02-28 14:52:36,807] {dag.py:2937} INFO - Setting next_dagrun for example_branch_datetime_operator_2 to 2022-02-27 00:00:00+00:00
[2022-02-28 14:52:36,817] {processor.py:171} INFO - Processing /opt/anaconda3/envs/airflow/lib/python3.7/site-packages/airflow/example_dags/example_branch_datetime_operator.py took 0.077 seconds
[2022-02-28 14:53:17,796] {processor.py:163} INFO - Started process (PID=33685) to work on /opt/anaconda3/envs/airflow/lib/python3.7/site-packages/airflow/example_dags/example_branch_datetime_operator.py
[2022-02-28 14:53:17,798] {processor.py:642} INFO - Processing file /opt/anaconda3/envs/airflow/lib/python3.7/site-packages/airflow/example_dags/example_branch_datetime_operator.py for tasks to queue
[2022-02-28 14:53:17,800] {logging_mixin.py:109} INFO - [2022-02-28 14:53:17,799] {dagbag.py:500} INFO - Filling up the DagBag from /opt/anaconda3/envs/airflow/lib/python3.7/site-packages/airflow/example_dags/example_branch_datetime_operator.py
[2022-02-28 14:53:17,836] {processor.py:654} INFO - DAG(s) dict_keys(['example_branch_datetime_operator_2']) retrieved from /opt/anaconda3/envs/airflow/lib/python3.7/site-packages/airflow/example_dags/example_branch_datetime_operator.py
[2022-02-28 14:53:17,847] {logging_mixin.py:109} INFO - [2022-02-28 14:53:17,847] {dag.py:2398} INFO - Sync 1 DAGs
[2022-02-28 14:53:17,868] {logging_mixin.py:109} INFO - [2022-02-28 14:53:17,868] {dag.py:2937} INFO - Setting next_dagrun for example_branch_datetime_operator_2 to 2022-02-27 00:00:00+00:00
[2022-02-28 14:53:17,877] {processor.py:171} INFO - Processing /opt/anaconda3/envs/airflow/lib/python3.7/site-packages/airflow/example_dags/example_branch_datetime_operator.py took 0.085 seconds
[2022-02-28 14:54:06,626] {processor.py:163} INFO - Started process (PID=33794) to work on /opt/anaconda3/envs/airflow/lib/python3.7/site-packages/airflow/example_dags/example_branch_datetime_operator.py
[2022-02-28 14:54:06,628] {processor.py:642} INFO - Processing file /opt/anaconda3/envs/airflow/lib/python3.7/site-packages/airflow/example_dags/example_branch_datetime_operator.py for tasks to queue
[2022-02-28 14:54:06,629] {logging_mixin.py:109} INFO - [2022-02-28 14:54:06,629] {dagbag.py:500} INFO - Filling up the DagBag from /opt/anaconda3/envs/airflow/lib/python3.7/site-packages/airflow/example_dags/example_branch_datetime_operator.py
[2022-02-28 14:54:06,667] {processor.py:654} INFO - DAG(s) dict_keys(['example_branch_datetime_operator_2']) retrieved from /opt/anaconda3/envs/airflow/lib/python3.7/site-packages/airflow/example_dags/example_branch_datetime_operator.py
[2022-02-28 14:54:06,679] {logging_mixin.py:109} INFO - [2022-02-28 14:54:06,679] {dag.py:2398} INFO - Sync 1 DAGs
[2022-02-28 14:54:06,694] {logging_mixin.py:109} INFO - [2022-02-28 14:54:06,694] {dag.py:2937} INFO - Setting next_dagrun for example_branch_datetime_operator_2 to 2022-02-27 00:00:00+00:00
[2022-02-28 14:54:06,703] {processor.py:171} INFO - Processing /opt/anaconda3/envs/airflow/lib/python3.7/site-packages/airflow/example_dags/example_branch_datetime_operator.py took 0.082 seconds
[2022-02-28 14:55:03,476] {processor.py:163} INFO - Started process (PID=33935) to work on /opt/anaconda3/envs/airflow/lib/python3.7/site-packages/airflow/example_dags/example_branch_datetime_operator.py
[2022-02-28 14:55:03,479] {processor.py:642} INFO - Processing file /opt/anaconda3/envs/airflow/lib/python3.7/site-packages/airflow/example_dags/example_branch_datetime_operator.py for tasks to queue
[2022-02-28 14:55:03,480] {logging_mixin.py:109} INFO - [2022-02-28 14:55:03,480] {dagbag.py:500} INFO - Filling up the DagBag from /opt/anaconda3/envs/airflow/lib/python3.7/site-packages/airflow/example_dags/example_branch_datetime_operator.py
[2022-02-28 14:55:03,511] {processor.py:654} INFO - DAG(s) dict_keys(['example_branch_datetime_operator_2']) retrieved from /opt/anaconda3/envs/airflow/lib/python3.7/site-packages/airflow/example_dags/example_branch_datetime_operator.py
[2022-02-28 14:55:03,521] {logging_mixin.py:109} INFO - [2022-02-28 14:55:03,521] {dag.py:2398} INFO - Sync 1 DAGs
[2022-02-28 14:55:03,536] {logging_mixin.py:109} INFO - [2022-02-28 14:55:03,536] {dag.py:2937} INFO - Setting next_dagrun for example_branch_datetime_operator_2 to 2022-02-27 00:00:00+00:00
[2022-02-28 14:55:03,547] {processor.py:171} INFO - Processing /opt/anaconda3/envs/airflow/lib/python3.7/site-packages/airflow/example_dags/example_branch_datetime_operator.py took 0.074 seconds
[2022-02-28 14:59:04,434] {processor.py:163} INFO - Started process (PID=34411) to work on /opt/anaconda3/envs/airflow/lib/python3.7/site-packages/airflow/example_dags/example_branch_datetime_operator.py
[2022-02-28 14:59:04,436] {processor.py:642} INFO - Processing file /opt/anaconda3/envs/airflow/lib/python3.7/site-packages/airflow/example_dags/example_branch_datetime_operator.py for tasks to queue
[2022-02-28 14:59:04,437] {logging_mixin.py:109} INFO - [2022-02-28 14:59:04,436] {dagbag.py:500} INFO - Filling up the DagBag from /opt/anaconda3/envs/airflow/lib/python3.7/site-packages/airflow/example_dags/example_branch_datetime_operator.py
[2022-02-28 14:59:04,475] {processor.py:654} INFO - DAG(s) dict_keys(['example_branch_datetime_operator_2']) retrieved from /opt/anaconda3/envs/airflow/lib/python3.7/site-packages/airflow/example_dags/example_branch_datetime_operator.py
[2022-02-28 14:59:04,485] {logging_mixin.py:109} INFO - [2022-02-28 14:59:04,485] {dag.py:2398} INFO - Sync 1 DAGs
[2022-02-28 14:59:04,503] {logging_mixin.py:109} INFO - [2022-02-28 14:59:04,503] {dag.py:2937} INFO - Setting next_dagrun for example_branch_datetime_operator_2 to 2022-02-27 00:00:00+00:00
[2022-02-28 14:59:04,513] {processor.py:171} INFO - Processing /opt/anaconda3/envs/airflow/lib/python3.7/site-packages/airflow/example_dags/example_branch_datetime_operator.py took 0.083 seconds
[2022-02-28 15:05:34,629] {processor.py:163} INFO - Started process (PID=34994) to work on /opt/anaconda3/envs/airflow/lib/python3.7/site-packages/airflow/example_dags/example_branch_datetime_operator.py
[2022-02-28 15:05:34,631] {processor.py:642} INFO - Processing file /opt/anaconda3/envs/airflow/lib/python3.7/site-packages/airflow/example_dags/example_branch_datetime_operator.py for tasks to queue
[2022-02-28 15:05:34,632] {logging_mixin.py:109} INFO - [2022-02-28 15:05:34,632] {dagbag.py:500} INFO - Filling up the DagBag from /opt/anaconda3/envs/airflow/lib/python3.7/site-packages/airflow/example_dags/example_branch_datetime_operator.py
[2022-02-28 15:05:34,669] {processor.py:654} INFO - DAG(s) dict_keys(['example_branch_datetime_operator_2']) retrieved from /opt/anaconda3/envs/airflow/lib/python3.7/site-packages/airflow/example_dags/example_branch_datetime_operator.py
[2022-02-28 15:05:34,683] {logging_mixin.py:109} INFO - [2022-02-28 15:05:34,683] {dag.py:2398} INFO - Sync 1 DAGs
[2022-02-28 15:05:34,701] {logging_mixin.py:109} INFO - [2022-02-28 15:05:34,701] {dag.py:2937} INFO - Setting next_dagrun for example_branch_datetime_operator_2 to 2022-02-27 00:00:00+00:00
[2022-02-28 15:05:34,712] {processor.py:171} INFO - Processing /opt/anaconda3/envs/airflow/lib/python3.7/site-packages/airflow/example_dags/example_branch_datetime_operator.py took 0.087 seconds
[2022-02-28 15:06:29,593] {processor.py:163} INFO - Started process (PID=35070) to work on /opt/anaconda3/envs/airflow/lib/python3.7/site-packages/airflow/example_dags/example_branch_datetime_operator.py
[2022-02-28 15:06:29,596] {processor.py:642} INFO - Processing file /opt/anaconda3/envs/airflow/lib/python3.7/site-packages/airflow/example_dags/example_branch_datetime_operator.py for tasks to queue
[2022-02-28 15:06:29,597] {logging_mixin.py:109} INFO - [2022-02-28 15:06:29,597] {dagbag.py:500} INFO - Filling up the DagBag from /opt/anaconda3/envs/airflow/lib/python3.7/site-packages/airflow/example_dags/example_branch_datetime_operator.py
[2022-02-28 15:06:29,631] {processor.py:654} INFO - DAG(s) dict_keys(['example_branch_datetime_operator_2']) retrieved from /opt/anaconda3/envs/airflow/lib/python3.7/site-packages/airflow/example_dags/example_branch_datetime_operator.py
[2022-02-28 15:06:29,641] {logging_mixin.py:109} INFO - [2022-02-28 15:06:29,641] {dag.py:2398} INFO - Sync 1 DAGs
[2022-02-28 15:06:29,657] {logging_mixin.py:109} INFO - [2022-02-28 15:06:29,657] {dag.py:2937} INFO - Setting next_dagrun for example_branch_datetime_operator_2 to 2022-02-27 00:00:00+00:00
[2022-02-28 15:06:29,668] {processor.py:171} INFO - Processing /opt/anaconda3/envs/airflow/lib/python3.7/site-packages/airflow/example_dags/example_branch_datetime_operator.py took 0.079 seconds
[2022-02-28 15:08:33,254] {processor.py:163} INFO - Started process (PID=35346) to work on /opt/anaconda3/envs/airflow/lib/python3.7/site-packages/airflow/example_dags/example_branch_datetime_operator.py
[2022-02-28 15:08:33,257] {processor.py:642} INFO - Processing file /opt/anaconda3/envs/airflow/lib/python3.7/site-packages/airflow/example_dags/example_branch_datetime_operator.py for tasks to queue
[2022-02-28 15:08:33,259] {logging_mixin.py:109} INFO - [2022-02-28 15:08:33,258] {dagbag.py:500} INFO - Filling up the DagBag from /opt/anaconda3/envs/airflow/lib/python3.7/site-packages/airflow/example_dags/example_branch_datetime_operator.py
[2022-02-28 15:08:33,294] {processor.py:654} INFO - DAG(s) dict_keys(['example_branch_datetime_operator_2']) retrieved from /opt/anaconda3/envs/airflow/lib/python3.7/site-packages/airflow/example_dags/example_branch_datetime_operator.py
[2022-02-28 15:08:33,310] {logging_mixin.py:109} INFO - [2022-02-28 15:08:33,310] {dag.py:2398} INFO - Sync 1 DAGs
[2022-02-28 15:08:33,334] {logging_mixin.py:109} INFO - [2022-02-28 15:08:33,333] {dag.py:2937} INFO - Setting next_dagrun for example_branch_datetime_operator_2 to 2022-02-27 00:00:00+00:00
[2022-02-28 15:08:33,345] {processor.py:171} INFO - Processing /opt/anaconda3/envs/airflow/lib/python3.7/site-packages/airflow/example_dags/example_branch_datetime_operator.py took 0.094 seconds
[2022-02-28 15:10:20,469] {processor.py:163} INFO - Started process (PID=35601) to work on /opt/anaconda3/envs/airflow/lib/python3.7/site-packages/airflow/example_dags/example_branch_datetime_operator.py
[2022-02-28 15:10:20,473] {processor.py:642} INFO - Processing file /opt/anaconda3/envs/airflow/lib/python3.7/site-packages/airflow/example_dags/example_branch_datetime_operator.py for tasks to queue
[2022-02-28 15:10:20,474] {logging_mixin.py:109} INFO - [2022-02-28 15:10:20,474] {dagbag.py:500} INFO - Filling up the DagBag from /opt/anaconda3/envs/airflow/lib/python3.7/site-packages/airflow/example_dags/example_branch_datetime_operator.py
[2022-02-28 15:10:20,507] {processor.py:654} INFO - DAG(s) dict_keys(['example_branch_datetime_operator_2']) retrieved from /opt/anaconda3/envs/airflow/lib/python3.7/site-packages/airflow/example_dags/example_branch_datetime_operator.py
[2022-02-28 15:10:20,517] {logging_mixin.py:109} INFO - [2022-02-28 15:10:20,517] {dag.py:2398} INFO - Sync 1 DAGs
[2022-02-28 15:10:20,532] {logging_mixin.py:109} INFO - [2022-02-28 15:10:20,531] {dag.py:2937} INFO - Setting next_dagrun for example_branch_datetime_operator_2 to 2022-02-27 00:00:00+00:00
[2022-02-28 15:10:20,542] {processor.py:171} INFO - Processing /opt/anaconda3/envs/airflow/lib/python3.7/site-packages/airflow/example_dags/example_branch_datetime_operator.py took 0.076 seconds
[2022-02-28 15:17:37,649] {processor.py:163} INFO - Started process (PID=36119) to work on /opt/anaconda3/envs/airflow/lib/python3.7/site-packages/airflow/example_dags/example_branch_datetime_operator.py
[2022-02-28 15:17:37,651] {processor.py:642} INFO - Processing file /opt/anaconda3/envs/airflow/lib/python3.7/site-packages/airflow/example_dags/example_branch_datetime_operator.py for tasks to queue
[2022-02-28 15:17:37,653] {logging_mixin.py:109} INFO - [2022-02-28 15:17:37,653] {dagbag.py:500} INFO - Filling up the DagBag from /opt/anaconda3/envs/airflow/lib/python3.7/site-packages/airflow/example_dags/example_branch_datetime_operator.py
[2022-02-28 15:17:37,697] {processor.py:654} INFO - DAG(s) dict_keys(['example_branch_datetime_operator_2']) retrieved from /opt/anaconda3/envs/airflow/lib/python3.7/site-packages/airflow/example_dags/example_branch_datetime_operator.py
[2022-02-28 15:17:37,714] {logging_mixin.py:109} INFO - [2022-02-28 15:17:37,713] {dag.py:2398} INFO - Sync 1 DAGs
[2022-02-28 15:17:37,735] {logging_mixin.py:109} INFO - [2022-02-28 15:17:37,735] {dag.py:2937} INFO - Setting next_dagrun for example_branch_datetime_operator_2 to 2022-02-27 00:00:00+00:00
[2022-02-28 15:17:37,745] {processor.py:171} INFO - Processing /opt/anaconda3/envs/airflow/lib/python3.7/site-packages/airflow/example_dags/example_branch_datetime_operator.py took 0.101 seconds
[2022-02-28 15:19:32,137] {processor.py:163} INFO - Started process (PID=36332) to work on /opt/anaconda3/envs/airflow/lib/python3.7/site-packages/airflow/example_dags/example_branch_datetime_operator.py
[2022-02-28 15:19:32,139] {processor.py:642} INFO - Processing file /opt/anaconda3/envs/airflow/lib/python3.7/site-packages/airflow/example_dags/example_branch_datetime_operator.py for tasks to queue
[2022-02-28 15:19:32,140] {logging_mixin.py:109} INFO - [2022-02-28 15:19:32,140] {dagbag.py:500} INFO - Filling up the DagBag from /opt/anaconda3/envs/airflow/lib/python3.7/site-packages/airflow/example_dags/example_branch_datetime_operator.py
[2022-02-28 15:19:32,178] {processor.py:654} INFO - DAG(s) dict_keys(['example_branch_datetime_operator_2']) retrieved from /opt/anaconda3/envs/airflow/lib/python3.7/site-packages/airflow/example_dags/example_branch_datetime_operator.py
[2022-02-28 15:19:32,191] {logging_mixin.py:109} INFO - [2022-02-28 15:19:32,191] {dag.py:2398} INFO - Sync 1 DAGs
[2022-02-28 15:19:32,209] {logging_mixin.py:109} INFO - [2022-02-28 15:19:32,209] {dag.py:2937} INFO - Setting next_dagrun for example_branch_datetime_operator_2 to 2022-02-27 00:00:00+00:00
[2022-02-28 15:19:32,219] {processor.py:171} INFO - Processing /opt/anaconda3/envs/airflow/lib/python3.7/site-packages/airflow/example_dags/example_branch_datetime_operator.py took 0.087 seconds
[2022-02-28 15:20:18,797] {processor.py:163} INFO - Started process (PID=36450) to work on /opt/anaconda3/envs/airflow/lib/python3.7/site-packages/airflow/example_dags/example_branch_datetime_operator.py
[2022-02-28 15:20:18,800] {processor.py:642} INFO - Processing file /opt/anaconda3/envs/airflow/lib/python3.7/site-packages/airflow/example_dags/example_branch_datetime_operator.py for tasks to queue
[2022-02-28 15:20:18,801] {logging_mixin.py:109} INFO - [2022-02-28 15:20:18,801] {dagbag.py:500} INFO - Filling up the DagBag from /opt/anaconda3/envs/airflow/lib/python3.7/site-packages/airflow/example_dags/example_branch_datetime_operator.py
[2022-02-28 15:20:18,835] {processor.py:654} INFO - DAG(s) dict_keys(['example_branch_datetime_operator_2']) retrieved from /opt/anaconda3/envs/airflow/lib/python3.7/site-packages/airflow/example_dags/example_branch_datetime_operator.py
[2022-02-28 15:20:18,847] {logging_mixin.py:109} INFO - [2022-02-28 15:20:18,846] {dag.py:2398} INFO - Sync 1 DAGs
[2022-02-28 15:20:18,863] {logging_mixin.py:109} INFO - [2022-02-28 15:20:18,862] {dag.py:2937} INFO - Setting next_dagrun for example_branch_datetime_operator_2 to 2022-02-27 00:00:00+00:00
[2022-02-28 15:20:18,874] {processor.py:171} INFO - Processing /opt/anaconda3/envs/airflow/lib/python3.7/site-packages/airflow/example_dags/example_branch_datetime_operator.py took 0.081 seconds
[2022-02-28 15:21:07,377] {processor.py:163} INFO - Started process (PID=36525) to work on /opt/anaconda3/envs/airflow/lib/python3.7/site-packages/airflow/example_dags/example_branch_datetime_operator.py
[2022-02-28 15:21:07,379] {processor.py:642} INFO - Processing file /opt/anaconda3/envs/airflow/lib/python3.7/site-packages/airflow/example_dags/example_branch_datetime_operator.py for tasks to queue
[2022-02-28 15:21:07,381] {logging_mixin.py:109} INFO - [2022-02-28 15:21:07,380] {dagbag.py:500} INFO - Filling up the DagBag from /opt/anaconda3/envs/airflow/lib/python3.7/site-packages/airflow/example_dags/example_branch_datetime_operator.py
[2022-02-28 15:21:07,417] {processor.py:654} INFO - DAG(s) dict_keys(['example_branch_datetime_operator_2']) retrieved from /opt/anaconda3/envs/airflow/lib/python3.7/site-packages/airflow/example_dags/example_branch_datetime_operator.py
[2022-02-28 15:21:07,427] {logging_mixin.py:109} INFO - [2022-02-28 15:21:07,426] {dag.py:2398} INFO - Sync 1 DAGs
[2022-02-28 15:21:07,442] {logging_mixin.py:109} INFO - [2022-02-28 15:21:07,441] {dag.py:2937} INFO - Setting next_dagrun for example_branch_datetime_operator_2 to 2022-02-27 00:00:00+00:00
[2022-02-28 15:21:07,451] {processor.py:171} INFO - Processing /opt/anaconda3/envs/airflow/lib/python3.7/site-packages/airflow/example_dags/example_branch_datetime_operator.py took 0.078 seconds
[2022-02-28 15:21:47,817] {processor.py:163} INFO - Started process (PID=36567) to work on /opt/anaconda3/envs/airflow/lib/python3.7/site-packages/airflow/example_dags/example_branch_datetime_operator.py
[2022-02-28 15:21:47,820] {processor.py:642} INFO - Processing file /opt/anaconda3/envs/airflow/lib/python3.7/site-packages/airflow/example_dags/example_branch_datetime_operator.py for tasks to queue
[2022-02-28 15:21:47,821] {logging_mixin.py:109} INFO - [2022-02-28 15:21:47,821] {dagbag.py:500} INFO - Filling up the DagBag from /opt/anaconda3/envs/airflow/lib/python3.7/site-packages/airflow/example_dags/example_branch_datetime_operator.py
[2022-02-28 15:21:47,851] {processor.py:654} INFO - DAG(s) dict_keys(['example_branch_datetime_operator_2']) retrieved from /opt/anaconda3/envs/airflow/lib/python3.7/site-packages/airflow/example_dags/example_branch_datetime_operator.py
[2022-02-28 15:21:47,862] {logging_mixin.py:109} INFO - [2022-02-28 15:21:47,861] {dag.py:2398} INFO - Sync 1 DAGs
[2022-02-28 15:21:47,877] {logging_mixin.py:109} INFO - [2022-02-28 15:21:47,877] {dag.py:2937} INFO - Setting next_dagrun for example_branch_datetime_operator_2 to 2022-02-27 00:00:00+00:00
[2022-02-28 15:21:47,886] {processor.py:171} INFO - Processing /opt/anaconda3/envs/airflow/lib/python3.7/site-packages/airflow/example_dags/example_branch_datetime_operator.py took 0.073 seconds
[2022-02-28 15:22:28,878] {processor.py:163} INFO - Started process (PID=36605) to work on /opt/anaconda3/envs/airflow/lib/python3.7/site-packages/airflow/example_dags/example_branch_datetime_operator.py
[2022-02-28 15:22:28,879] {processor.py:642} INFO - Processing file /opt/anaconda3/envs/airflow/lib/python3.7/site-packages/airflow/example_dags/example_branch_datetime_operator.py for tasks to queue
[2022-02-28 15:22:28,880] {logging_mixin.py:109} INFO - [2022-02-28 15:22:28,880] {dagbag.py:500} INFO - Filling up the DagBag from /opt/anaconda3/envs/airflow/lib/python3.7/site-packages/airflow/example_dags/example_branch_datetime_operator.py
[2022-02-28 15:22:28,911] {processor.py:654} INFO - DAG(s) dict_keys(['example_branch_datetime_operator_2']) retrieved from /opt/anaconda3/envs/airflow/lib/python3.7/site-packages/airflow/example_dags/example_branch_datetime_operator.py
[2022-02-28 15:22:28,920] {logging_mixin.py:109} INFO - [2022-02-28 15:22:28,920] {dag.py:2398} INFO - Sync 1 DAGs
[2022-02-28 15:22:28,935] {logging_mixin.py:109} INFO - [2022-02-28 15:22:28,935] {dag.py:2937} INFO - Setting next_dagrun for example_branch_datetime_operator_2 to 2022-02-27 00:00:00+00:00
[2022-02-28 15:22:28,946] {processor.py:171} INFO - Processing /opt/anaconda3/envs/airflow/lib/python3.7/site-packages/airflow/example_dags/example_branch_datetime_operator.py took 0.072 seconds
[2022-02-28 15:23:09,340] {processor.py:163} INFO - Started process (PID=36643) to work on /opt/anaconda3/envs/airflow/lib/python3.7/site-packages/airflow/example_dags/example_branch_datetime_operator.py
[2022-02-28 15:23:09,343] {processor.py:642} INFO - Processing file /opt/anaconda3/envs/airflow/lib/python3.7/site-packages/airflow/example_dags/example_branch_datetime_operator.py for tasks to queue
[2022-02-28 15:23:09,344] {logging_mixin.py:109} INFO - [2022-02-28 15:23:09,344] {dagbag.py:500} INFO - Filling up the DagBag from /opt/anaconda3/envs/airflow/lib/python3.7/site-packages/airflow/example_dags/example_branch_datetime_operator.py
[2022-02-28 15:23:09,381] {processor.py:654} INFO - DAG(s) dict_keys(['example_branch_datetime_operator_2']) retrieved from /opt/anaconda3/envs/airflow/lib/python3.7/site-packages/airflow/example_dags/example_branch_datetime_operator.py
[2022-02-28 15:23:09,393] {logging_mixin.py:109} INFO - [2022-02-28 15:23:09,392] {dag.py:2398} INFO - Sync 1 DAGs
[2022-02-28 15:23:09,410] {logging_mixin.py:109} INFO - [2022-02-28 15:23:09,409] {dag.py:2937} INFO - Setting next_dagrun for example_branch_datetime_operator_2 to 2022-02-27 00:00:00+00:00
[2022-02-28 15:23:09,423] {processor.py:171} INFO - Processing /opt/anaconda3/envs/airflow/lib/python3.7/site-packages/airflow/example_dags/example_branch_datetime_operator.py took 0.094 seconds
