[2022-02-28 14:25:40,052] {processor.py:163} INFO - Started process (PID=31700) to work on /opt/anaconda3/envs/airflow/lib/python3.7/site-packages/airflow/example_dags/example_short_circuit_operator.py
[2022-02-28 14:25:40,054] {processor.py:642} INFO - Processing file /opt/anaconda3/envs/airflow/lib/python3.7/site-packages/airflow/example_dags/example_short_circuit_operator.py for tasks to queue
[2022-02-28 14:25:40,055] {logging_mixin.py:109} INFO - [2022-02-28 14:25:40,054] {dagbag.py:500} INFO - Filling up the DagBag from /opt/anaconda3/envs/airflow/lib/python3.7/site-packages/airflow/example_dags/example_short_circuit_operator.py
[2022-02-28 14:25:40,100] {processor.py:654} INFO - DAG(s) dict_keys(['example_short_circuit_operator']) retrieved from /opt/anaconda3/envs/airflow/lib/python3.7/site-packages/airflow/example_dags/example_short_circuit_operator.py
[2022-02-28 14:25:40,112] {logging_mixin.py:109} INFO - [2022-02-28 14:25:40,111] {dag.py:2398} INFO - Sync 1 DAGs
[2022-02-28 14:25:40,125] {logging_mixin.py:109} INFO - [2022-02-28 14:25:40,125] {dag.py:2937} INFO - Setting next_dagrun for example_short_circuit_operator to 2022-02-27T06:25:40.124840+00:00
[2022-02-28 14:25:40,135] {processor.py:171} INFO - Processing /opt/anaconda3/envs/airflow/lib/python3.7/site-packages/airflow/example_dags/example_short_circuit_operator.py took 0.086 seconds
[2022-02-28 14:26:18,415] {processor.py:163} INFO - Started process (PID=31752) to work on /opt/anaconda3/envs/airflow/lib/python3.7/site-packages/airflow/example_dags/example_short_circuit_operator.py
[2022-02-28 14:26:18,418] {processor.py:642} INFO - Processing file /opt/anaconda3/envs/airflow/lib/python3.7/site-packages/airflow/example_dags/example_short_circuit_operator.py for tasks to queue
[2022-02-28 14:26:18,419] {logging_mixin.py:109} INFO - [2022-02-28 14:26:18,418] {dagbag.py:500} INFO - Filling up the DagBag from /opt/anaconda3/envs/airflow/lib/python3.7/site-packages/airflow/example_dags/example_short_circuit_operator.py
[2022-02-28 14:26:18,457] {processor.py:654} INFO - DAG(s) dict_keys(['example_short_circuit_operator']) retrieved from /opt/anaconda3/envs/airflow/lib/python3.7/site-packages/airflow/example_dags/example_short_circuit_operator.py
[2022-02-28 14:26:18,469] {logging_mixin.py:109} INFO - [2022-02-28 14:26:18,469] {dag.py:2398} INFO - Sync 1 DAGs
[2022-02-28 14:26:18,483] {logging_mixin.py:109} INFO - [2022-02-28 14:26:18,482] {dag.py:2937} INFO - Setting next_dagrun for example_short_circuit_operator to 2022-02-27T06:26:18.482419+00:00
[2022-02-28 14:26:18,492] {processor.py:171} INFO - Processing /opt/anaconda3/envs/airflow/lib/python3.7/site-packages/airflow/example_dags/example_short_circuit_operator.py took 0.080 seconds
[2022-02-28 14:27:00,555] {processor.py:163} INFO - Started process (PID=31804) to work on /opt/anaconda3/envs/airflow/lib/python3.7/site-packages/airflow/example_dags/example_short_circuit_operator.py
[2022-02-28 14:27:00,557] {processor.py:642} INFO - Processing file /opt/anaconda3/envs/airflow/lib/python3.7/site-packages/airflow/example_dags/example_short_circuit_operator.py for tasks to queue
[2022-02-28 14:27:00,559] {logging_mixin.py:109} INFO - [2022-02-28 14:27:00,558] {dagbag.py:500} INFO - Filling up the DagBag from /opt/anaconda3/envs/airflow/lib/python3.7/site-packages/airflow/example_dags/example_short_circuit_operator.py
[2022-02-28 14:27:00,595] {processor.py:654} INFO - DAG(s) dict_keys(['example_short_circuit_operator']) retrieved from /opt/anaconda3/envs/airflow/lib/python3.7/site-packages/airflow/example_dags/example_short_circuit_operator.py
[2022-02-28 14:27:00,608] {logging_mixin.py:109} INFO - [2022-02-28 14:27:00,607] {dag.py:2398} INFO - Sync 1 DAGs
[2022-02-28 14:27:00,622] {logging_mixin.py:109} INFO - [2022-02-28 14:27:00,621] {dag.py:2937} INFO - Setting next_dagrun for example_short_circuit_operator to 2022-02-27T06:27:00.621453+00:00
[2022-02-28 14:27:00,632] {processor.py:171} INFO - Processing /opt/anaconda3/envs/airflow/lib/python3.7/site-packages/airflow/example_dags/example_short_circuit_operator.py took 0.081 seconds
[2022-02-28 14:27:43,246] {processor.py:163} INFO - Started process (PID=31858) to work on /opt/anaconda3/envs/airflow/lib/python3.7/site-packages/airflow/example_dags/example_short_circuit_operator.py
[2022-02-28 14:27:43,248] {processor.py:642} INFO - Processing file /opt/anaconda3/envs/airflow/lib/python3.7/site-packages/airflow/example_dags/example_short_circuit_operator.py for tasks to queue
[2022-02-28 14:27:43,250] {logging_mixin.py:109} INFO - [2022-02-28 14:27:43,250] {dagbag.py:500} INFO - Filling up the DagBag from /opt/anaconda3/envs/airflow/lib/python3.7/site-packages/airflow/example_dags/example_short_circuit_operator.py
[2022-02-28 14:27:43,315] {processor.py:654} INFO - DAG(s) dict_keys(['example_short_circuit_operator']) retrieved from /opt/anaconda3/envs/airflow/lib/python3.7/site-packages/airflow/example_dags/example_short_circuit_operator.py
[2022-02-28 14:27:43,356] {logging_mixin.py:109} INFO - [2022-02-28 14:27:43,354] {dag.py:2398} INFO - Sync 1 DAGs
[2022-02-28 14:27:43,391] {logging_mixin.py:109} INFO - [2022-02-28 14:27:43,391] {dag.py:2937} INFO - Setting next_dagrun for example_short_circuit_operator to 2022-02-27T06:27:43.390390+00:00
[2022-02-28 14:27:43,415] {processor.py:171} INFO - Processing /opt/anaconda3/envs/airflow/lib/python3.7/site-packages/airflow/example_dags/example_short_circuit_operator.py took 0.175 seconds
[2022-02-28 14:29:03,793] {processor.py:163} INFO - Started process (PID=32035) to work on /opt/anaconda3/envs/airflow/lib/python3.7/site-packages/airflow/example_dags/example_short_circuit_operator.py
[2022-02-28 14:29:03,795] {processor.py:642} INFO - Processing file /opt/anaconda3/envs/airflow/lib/python3.7/site-packages/airflow/example_dags/example_short_circuit_operator.py for tasks to queue
[2022-02-28 14:29:03,796] {logging_mixin.py:109} INFO - [2022-02-28 14:29:03,796] {dagbag.py:500} INFO - Filling up the DagBag from /opt/anaconda3/envs/airflow/lib/python3.7/site-packages/airflow/example_dags/example_short_circuit_operator.py
[2022-02-28 14:29:03,832] {processor.py:654} INFO - DAG(s) dict_keys(['example_short_circuit_operator']) retrieved from /opt/anaconda3/envs/airflow/lib/python3.7/site-packages/airflow/example_dags/example_short_circuit_operator.py
[2022-02-28 14:29:03,844] {logging_mixin.py:109} INFO - [2022-02-28 14:29:03,844] {dag.py:2398} INFO - Sync 1 DAGs
[2022-02-28 14:29:03,861] {logging_mixin.py:109} INFO - [2022-02-28 14:29:03,860] {dag.py:2937} INFO - Setting next_dagrun for example_short_circuit_operator to 2022-02-27T06:29:03.860437+00:00
[2022-02-28 14:29:03,871] {processor.py:171} INFO - Processing /opt/anaconda3/envs/airflow/lib/python3.7/site-packages/airflow/example_dags/example_short_circuit_operator.py took 0.082 seconds
[2022-02-28 14:29:48,881] {processor.py:163} INFO - Started process (PID=32095) to work on /opt/anaconda3/envs/airflow/lib/python3.7/site-packages/airflow/example_dags/example_short_circuit_operator.py
[2022-02-28 14:29:48,882] {processor.py:642} INFO - Processing file /opt/anaconda3/envs/airflow/lib/python3.7/site-packages/airflow/example_dags/example_short_circuit_operator.py for tasks to queue
[2022-02-28 14:29:48,883] {logging_mixin.py:109} INFO - [2022-02-28 14:29:48,883] {dagbag.py:500} INFO - Filling up the DagBag from /opt/anaconda3/envs/airflow/lib/python3.7/site-packages/airflow/example_dags/example_short_circuit_operator.py
[2022-02-28 14:29:48,914] {processor.py:654} INFO - DAG(s) dict_keys(['example_short_circuit_operator']) retrieved from /opt/anaconda3/envs/airflow/lib/python3.7/site-packages/airflow/example_dags/example_short_circuit_operator.py
[2022-02-28 14:29:48,925] {logging_mixin.py:109} INFO - [2022-02-28 14:29:48,925] {dag.py:2398} INFO - Sync 1 DAGs
[2022-02-28 14:29:48,939] {logging_mixin.py:109} INFO - [2022-02-28 14:29:48,938] {dag.py:2937} INFO - Setting next_dagrun for example_short_circuit_operator to 2022-02-27T06:29:48.938492+00:00
[2022-02-28 14:29:48,949] {processor.py:171} INFO - Processing /opt/anaconda3/envs/airflow/lib/python3.7/site-packages/airflow/example_dags/example_short_circuit_operator.py took 0.073 seconds
[2022-02-28 14:30:33,513] {processor.py:163} INFO - Started process (PID=32151) to work on /opt/anaconda3/envs/airflow/lib/python3.7/site-packages/airflow/example_dags/example_short_circuit_operator.py
[2022-02-28 14:30:33,516] {processor.py:642} INFO - Processing file /opt/anaconda3/envs/airflow/lib/python3.7/site-packages/airflow/example_dags/example_short_circuit_operator.py for tasks to queue
[2022-02-28 14:30:33,518] {logging_mixin.py:109} INFO - [2022-02-28 14:30:33,517] {dagbag.py:500} INFO - Filling up the DagBag from /opt/anaconda3/envs/airflow/lib/python3.7/site-packages/airflow/example_dags/example_short_circuit_operator.py
[2022-02-28 14:30:33,552] {processor.py:654} INFO - DAG(s) dict_keys(['example_short_circuit_operator']) retrieved from /opt/anaconda3/envs/airflow/lib/python3.7/site-packages/airflow/example_dags/example_short_circuit_operator.py
[2022-02-28 14:30:33,563] {logging_mixin.py:109} INFO - [2022-02-28 14:30:33,562] {dag.py:2398} INFO - Sync 1 DAGs
[2022-02-28 14:30:33,576] {logging_mixin.py:109} INFO - [2022-02-28 14:30:33,576] {dag.py:2937} INFO - Setting next_dagrun for example_short_circuit_operator to 2022-02-27T06:30:33.575687+00:00
[2022-02-28 14:30:33,586] {processor.py:171} INFO - Processing /opt/anaconda3/envs/airflow/lib/python3.7/site-packages/airflow/example_dags/example_short_circuit_operator.py took 0.076 seconds
[2022-02-28 14:31:13,164] {processor.py:163} INFO - Started process (PID=32201) to work on /opt/anaconda3/envs/airflow/lib/python3.7/site-packages/airflow/example_dags/example_short_circuit_operator.py
[2022-02-28 14:31:13,166] {processor.py:642} INFO - Processing file /opt/anaconda3/envs/airflow/lib/python3.7/site-packages/airflow/example_dags/example_short_circuit_operator.py for tasks to queue
[2022-02-28 14:31:13,171] {logging_mixin.py:109} INFO - [2022-02-28 14:31:13,171] {dagbag.py:500} INFO - Filling up the DagBag from /opt/anaconda3/envs/airflow/lib/python3.7/site-packages/airflow/example_dags/example_short_circuit_operator.py
[2022-02-28 14:31:13,204] {processor.py:654} INFO - DAG(s) dict_keys(['example_short_circuit_operator']) retrieved from /opt/anaconda3/envs/airflow/lib/python3.7/site-packages/airflow/example_dags/example_short_circuit_operator.py
[2022-02-28 14:31:13,216] {logging_mixin.py:109} INFO - [2022-02-28 14:31:13,216] {dag.py:2398} INFO - Sync 1 DAGs
[2022-02-28 14:31:13,232] {logging_mixin.py:109} INFO - [2022-02-28 14:31:13,232] {dag.py:2937} INFO - Setting next_dagrun for example_short_circuit_operator to 2022-02-27T06:31:13.232008+00:00
[2022-02-28 14:31:13,244] {processor.py:171} INFO - Processing /opt/anaconda3/envs/airflow/lib/python3.7/site-packages/airflow/example_dags/example_short_circuit_operator.py took 0.083 seconds
[2022-02-28 14:33:08,765] {processor.py:163} INFO - Started process (PID=32329) to work on /opt/anaconda3/envs/airflow/lib/python3.7/site-packages/airflow/example_dags/example_short_circuit_operator.py
[2022-02-28 14:33:08,767] {processor.py:642} INFO - Processing file /opt/anaconda3/envs/airflow/lib/python3.7/site-packages/airflow/example_dags/example_short_circuit_operator.py for tasks to queue
[2022-02-28 14:33:08,769] {logging_mixin.py:109} INFO - [2022-02-28 14:33:08,768] {dagbag.py:500} INFO - Filling up the DagBag from /opt/anaconda3/envs/airflow/lib/python3.7/site-packages/airflow/example_dags/example_short_circuit_operator.py
[2022-02-28 14:33:08,808] {processor.py:654} INFO - DAG(s) dict_keys(['example_short_circuit_operator']) retrieved from /opt/anaconda3/envs/airflow/lib/python3.7/site-packages/airflow/example_dags/example_short_circuit_operator.py
[2022-02-28 14:33:08,824] {logging_mixin.py:109} INFO - [2022-02-28 14:33:08,824] {dag.py:2398} INFO - Sync 1 DAGs
[2022-02-28 14:33:08,842] {logging_mixin.py:109} INFO - [2022-02-28 14:33:08,842] {dag.py:2937} INFO - Setting next_dagrun for example_short_circuit_operator to 2022-02-27T06:33:08.841797+00:00
[2022-02-28 14:33:08,853] {processor.py:171} INFO - Processing /opt/anaconda3/envs/airflow/lib/python3.7/site-packages/airflow/example_dags/example_short_circuit_operator.py took 0.092 seconds
[2022-02-28 14:33:52,364] {processor.py:163} INFO - Started process (PID=32405) to work on /opt/anaconda3/envs/airflow/lib/python3.7/site-packages/airflow/example_dags/example_short_circuit_operator.py
[2022-02-28 14:33:52,367] {processor.py:642} INFO - Processing file /opt/anaconda3/envs/airflow/lib/python3.7/site-packages/airflow/example_dags/example_short_circuit_operator.py for tasks to queue
[2022-02-28 14:33:52,371] {logging_mixin.py:109} INFO - [2022-02-28 14:33:52,370] {dagbag.py:500} INFO - Filling up the DagBag from /opt/anaconda3/envs/airflow/lib/python3.7/site-packages/airflow/example_dags/example_short_circuit_operator.py
[2022-02-28 14:33:52,466] {processor.py:654} INFO - DAG(s) dict_keys(['example_short_circuit_operator']) retrieved from /opt/anaconda3/envs/airflow/lib/python3.7/site-packages/airflow/example_dags/example_short_circuit_operator.py
[2022-02-28 14:33:52,491] {logging_mixin.py:109} INFO - [2022-02-28 14:33:52,491] {dag.py:2398} INFO - Sync 1 DAGs
[2022-02-28 14:33:52,513] {logging_mixin.py:109} INFO - [2022-02-28 14:33:52,513] {dag.py:2937} INFO - Setting next_dagrun for example_short_circuit_operator to 2022-02-27T06:33:52.512892+00:00
[2022-02-28 14:33:52,530] {processor.py:171} INFO - Processing /opt/anaconda3/envs/airflow/lib/python3.7/site-packages/airflow/example_dags/example_short_circuit_operator.py took 0.170 seconds
[2022-02-28 14:34:34,250] {processor.py:163} INFO - Started process (PID=32466) to work on /opt/anaconda3/envs/airflow/lib/python3.7/site-packages/airflow/example_dags/example_short_circuit_operator.py
[2022-02-28 14:34:34,253] {processor.py:642} INFO - Processing file /opt/anaconda3/envs/airflow/lib/python3.7/site-packages/airflow/example_dags/example_short_circuit_operator.py for tasks to queue
[2022-02-28 14:34:34,255] {logging_mixin.py:109} INFO - [2022-02-28 14:34:34,254] {dagbag.py:500} INFO - Filling up the DagBag from /opt/anaconda3/envs/airflow/lib/python3.7/site-packages/airflow/example_dags/example_short_circuit_operator.py
[2022-02-28 14:34:34,292] {processor.py:654} INFO - DAG(s) dict_keys(['example_short_circuit_operator']) retrieved from /opt/anaconda3/envs/airflow/lib/python3.7/site-packages/airflow/example_dags/example_short_circuit_operator.py
[2022-02-28 14:34:34,304] {logging_mixin.py:109} INFO - [2022-02-28 14:34:34,303] {dag.py:2398} INFO - Sync 1 DAGs
[2022-02-28 14:34:34,318] {logging_mixin.py:109} INFO - [2022-02-28 14:34:34,317] {dag.py:2937} INFO - Setting next_dagrun for example_short_circuit_operator to 2022-02-27T06:34:34.317361+00:00
[2022-02-28 14:34:34,328] {processor.py:171} INFO - Processing /opt/anaconda3/envs/airflow/lib/python3.7/site-packages/airflow/example_dags/example_short_circuit_operator.py took 0.082 seconds
[2022-02-28 14:35:14,144] {processor.py:163} INFO - Started process (PID=32505) to work on /opt/anaconda3/envs/airflow/lib/python3.7/site-packages/airflow/example_dags/example_short_circuit_operator.py
[2022-02-28 14:35:14,147] {processor.py:642} INFO - Processing file /opt/anaconda3/envs/airflow/lib/python3.7/site-packages/airflow/example_dags/example_short_circuit_operator.py for tasks to queue
[2022-02-28 14:35:14,148] {logging_mixin.py:109} INFO - [2022-02-28 14:35:14,148] {dagbag.py:500} INFO - Filling up the DagBag from /opt/anaconda3/envs/airflow/lib/python3.7/site-packages/airflow/example_dags/example_short_circuit_operator.py
[2022-02-28 14:35:14,196] {processor.py:654} INFO - DAG(s) dict_keys(['example_short_circuit_operator']) retrieved from /opt/anaconda3/envs/airflow/lib/python3.7/site-packages/airflow/example_dags/example_short_circuit_operator.py
[2022-02-28 14:35:14,222] {logging_mixin.py:109} INFO - [2022-02-28 14:35:14,221] {dag.py:2398} INFO - Sync 1 DAGs
[2022-02-28 14:35:14,255] {logging_mixin.py:109} INFO - [2022-02-28 14:35:14,254] {dag.py:2937} INFO - Setting next_dagrun for example_short_circuit_operator to 2022-02-27T06:35:14.253464+00:00
[2022-02-28 14:35:14,275] {processor.py:171} INFO - Processing /opt/anaconda3/envs/airflow/lib/python3.7/site-packages/airflow/example_dags/example_short_circuit_operator.py took 0.138 seconds
[2022-02-28 14:35:58,521] {processor.py:163} INFO - Started process (PID=32549) to work on /opt/anaconda3/envs/airflow/lib/python3.7/site-packages/airflow/example_dags/example_short_circuit_operator.py
[2022-02-28 14:35:58,524] {processor.py:642} INFO - Processing file /opt/anaconda3/envs/airflow/lib/python3.7/site-packages/airflow/example_dags/example_short_circuit_operator.py for tasks to queue
[2022-02-28 14:35:58,526] {logging_mixin.py:109} INFO - [2022-02-28 14:35:58,525] {dagbag.py:500} INFO - Filling up the DagBag from /opt/anaconda3/envs/airflow/lib/python3.7/site-packages/airflow/example_dags/example_short_circuit_operator.py
[2022-02-28 14:35:58,560] {processor.py:654} INFO - DAG(s) dict_keys(['example_short_circuit_operator']) retrieved from /opt/anaconda3/envs/airflow/lib/python3.7/site-packages/airflow/example_dags/example_short_circuit_operator.py
[2022-02-28 14:35:58,573] {logging_mixin.py:109} INFO - [2022-02-28 14:35:58,573] {dag.py:2398} INFO - Sync 1 DAGs
[2022-02-28 14:35:58,589] {logging_mixin.py:109} INFO - [2022-02-28 14:35:58,588] {dag.py:2937} INFO - Setting next_dagrun for example_short_circuit_operator to 2022-02-27T06:35:58.588390+00:00
[2022-02-28 14:35:58,600] {processor.py:171} INFO - Processing /opt/anaconda3/envs/airflow/lib/python3.7/site-packages/airflow/example_dags/example_short_circuit_operator.py took 0.083 seconds
[2022-02-28 14:36:40,166] {processor.py:163} INFO - Started process (PID=32601) to work on /opt/anaconda3/envs/airflow/lib/python3.7/site-packages/airflow/example_dags/example_short_circuit_operator.py
[2022-02-28 14:36:40,168] {processor.py:642} INFO - Processing file /opt/anaconda3/envs/airflow/lib/python3.7/site-packages/airflow/example_dags/example_short_circuit_operator.py for tasks to queue
[2022-02-28 14:36:40,170] {logging_mixin.py:109} INFO - [2022-02-28 14:36:40,169] {dagbag.py:500} INFO - Filling up the DagBag from /opt/anaconda3/envs/airflow/lib/python3.7/site-packages/airflow/example_dags/example_short_circuit_operator.py
[2022-02-28 14:36:40,203] {processor.py:654} INFO - DAG(s) dict_keys(['example_short_circuit_operator']) retrieved from /opt/anaconda3/envs/airflow/lib/python3.7/site-packages/airflow/example_dags/example_short_circuit_operator.py
[2022-02-28 14:36:40,214] {logging_mixin.py:109} INFO - [2022-02-28 14:36:40,214] {dag.py:2398} INFO - Sync 1 DAGs
[2022-02-28 14:36:40,229] {logging_mixin.py:109} INFO - [2022-02-28 14:36:40,229] {dag.py:2937} INFO - Setting next_dagrun for example_short_circuit_operator to 2022-02-27T06:36:40.228998+00:00
[2022-02-28 14:36:40,242] {processor.py:171} INFO - Processing /opt/anaconda3/envs/airflow/lib/python3.7/site-packages/airflow/example_dags/example_short_circuit_operator.py took 0.081 seconds
[2022-02-28 14:37:19,732] {processor.py:163} INFO - Started process (PID=32636) to work on /opt/anaconda3/envs/airflow/lib/python3.7/site-packages/airflow/example_dags/example_short_circuit_operator.py
[2022-02-28 14:37:19,734] {processor.py:642} INFO - Processing file /opt/anaconda3/envs/airflow/lib/python3.7/site-packages/airflow/example_dags/example_short_circuit_operator.py for tasks to queue
[2022-02-28 14:37:19,736] {logging_mixin.py:109} INFO - [2022-02-28 14:37:19,735] {dagbag.py:500} INFO - Filling up the DagBag from /opt/anaconda3/envs/airflow/lib/python3.7/site-packages/airflow/example_dags/example_short_circuit_operator.py
[2022-02-28 14:37:19,770] {processor.py:654} INFO - DAG(s) dict_keys(['example_short_circuit_operator']) retrieved from /opt/anaconda3/envs/airflow/lib/python3.7/site-packages/airflow/example_dags/example_short_circuit_operator.py
[2022-02-28 14:37:19,782] {logging_mixin.py:109} INFO - [2022-02-28 14:37:19,781] {dag.py:2398} INFO - Sync 1 DAGs
[2022-02-28 14:37:19,796] {logging_mixin.py:109} INFO - [2022-02-28 14:37:19,796] {dag.py:2937} INFO - Setting next_dagrun for example_short_circuit_operator to 2022-02-27T06:37:19.796200+00:00
[2022-02-28 14:37:19,808] {processor.py:171} INFO - Processing /opt/anaconda3/envs/airflow/lib/python3.7/site-packages/airflow/example_dags/example_short_circuit_operator.py took 0.079 seconds
[2022-02-28 14:37:55,311] {processor.py:163} INFO - Started process (PID=32670) to work on /opt/anaconda3/envs/airflow/lib/python3.7/site-packages/airflow/example_dags/example_short_circuit_operator.py
[2022-02-28 14:37:55,315] {processor.py:642} INFO - Processing file /opt/anaconda3/envs/airflow/lib/python3.7/site-packages/airflow/example_dags/example_short_circuit_operator.py for tasks to queue
[2022-02-28 14:37:55,317] {logging_mixin.py:109} INFO - [2022-02-28 14:37:55,316] {dagbag.py:500} INFO - Filling up the DagBag from /opt/anaconda3/envs/airflow/lib/python3.7/site-packages/airflow/example_dags/example_short_circuit_operator.py
[2022-02-28 14:37:55,353] {processor.py:654} INFO - DAG(s) dict_keys(['example_short_circuit_operator']) retrieved from /opt/anaconda3/envs/airflow/lib/python3.7/site-packages/airflow/example_dags/example_short_circuit_operator.py
[2022-02-28 14:37:55,366] {logging_mixin.py:109} INFO - [2022-02-28 14:37:55,365] {dag.py:2398} INFO - Sync 1 DAGs
[2022-02-28 14:37:55,380] {logging_mixin.py:109} INFO - [2022-02-28 14:37:55,380] {dag.py:2937} INFO - Setting next_dagrun for example_short_circuit_operator to 2022-02-27T06:37:55.379945+00:00
[2022-02-28 14:37:55,391] {processor.py:171} INFO - Processing /opt/anaconda3/envs/airflow/lib/python3.7/site-packages/airflow/example_dags/example_short_circuit_operator.py took 0.084 seconds
[2022-02-28 14:38:35,155] {processor.py:163} INFO - Started process (PID=32708) to work on /opt/anaconda3/envs/airflow/lib/python3.7/site-packages/airflow/example_dags/example_short_circuit_operator.py
[2022-02-28 14:38:35,156] {processor.py:642} INFO - Processing file /opt/anaconda3/envs/airflow/lib/python3.7/site-packages/airflow/example_dags/example_short_circuit_operator.py for tasks to queue
[2022-02-28 14:38:35,158] {logging_mixin.py:109} INFO - [2022-02-28 14:38:35,157] {dagbag.py:500} INFO - Filling up the DagBag from /opt/anaconda3/envs/airflow/lib/python3.7/site-packages/airflow/example_dags/example_short_circuit_operator.py
[2022-02-28 14:38:35,190] {processor.py:654} INFO - DAG(s) dict_keys(['example_short_circuit_operator']) retrieved from /opt/anaconda3/envs/airflow/lib/python3.7/site-packages/airflow/example_dags/example_short_circuit_operator.py
[2022-02-28 14:38:35,201] {logging_mixin.py:109} INFO - [2022-02-28 14:38:35,201] {dag.py:2398} INFO - Sync 1 DAGs
[2022-02-28 14:38:35,215] {logging_mixin.py:109} INFO - [2022-02-28 14:38:35,215] {dag.py:2937} INFO - Setting next_dagrun for example_short_circuit_operator to 2022-02-27T06:38:35.214944+00:00
[2022-02-28 14:38:35,227] {processor.py:171} INFO - Processing /opt/anaconda3/envs/airflow/lib/python3.7/site-packages/airflow/example_dags/example_short_circuit_operator.py took 0.076 seconds
[2022-02-28 14:39:18,007] {processor.py:163} INFO - Started process (PID=32750) to work on /opt/anaconda3/envs/airflow/lib/python3.7/site-packages/airflow/example_dags/example_short_circuit_operator.py
[2022-02-28 14:39:18,009] {processor.py:642} INFO - Processing file /opt/anaconda3/envs/airflow/lib/python3.7/site-packages/airflow/example_dags/example_short_circuit_operator.py for tasks to queue
[2022-02-28 14:39:18,011] {logging_mixin.py:109} INFO - [2022-02-28 14:39:18,010] {dagbag.py:500} INFO - Filling up the DagBag from /opt/anaconda3/envs/airflow/lib/python3.7/site-packages/airflow/example_dags/example_short_circuit_operator.py
[2022-02-28 14:39:18,043] {processor.py:654} INFO - DAG(s) dict_keys(['example_short_circuit_operator']) retrieved from /opt/anaconda3/envs/airflow/lib/python3.7/site-packages/airflow/example_dags/example_short_circuit_operator.py
[2022-02-28 14:39:18,056] {logging_mixin.py:109} INFO - [2022-02-28 14:39:18,055] {dag.py:2398} INFO - Sync 1 DAGs
[2022-02-28 14:39:18,070] {logging_mixin.py:109} INFO - [2022-02-28 14:39:18,070] {dag.py:2937} INFO - Setting next_dagrun for example_short_circuit_operator to 2022-02-27T06:39:18.069545+00:00
[2022-02-28 14:39:18,082] {processor.py:171} INFO - Processing /opt/anaconda3/envs/airflow/lib/python3.7/site-packages/airflow/example_dags/example_short_circuit_operator.py took 0.079 seconds
[2022-02-28 14:39:59,374] {processor.py:163} INFO - Started process (PID=32801) to work on /opt/anaconda3/envs/airflow/lib/python3.7/site-packages/airflow/example_dags/example_short_circuit_operator.py
[2022-02-28 14:39:59,377] {processor.py:642} INFO - Processing file /opt/anaconda3/envs/airflow/lib/python3.7/site-packages/airflow/example_dags/example_short_circuit_operator.py for tasks to queue
[2022-02-28 14:39:59,378] {logging_mixin.py:109} INFO - [2022-02-28 14:39:59,378] {dagbag.py:500} INFO - Filling up the DagBag from /opt/anaconda3/envs/airflow/lib/python3.7/site-packages/airflow/example_dags/example_short_circuit_operator.py
[2022-02-28 14:39:59,411] {processor.py:654} INFO - DAG(s) dict_keys(['example_short_circuit_operator']) retrieved from /opt/anaconda3/envs/airflow/lib/python3.7/site-packages/airflow/example_dags/example_short_circuit_operator.py
[2022-02-28 14:39:59,424] {logging_mixin.py:109} INFO - [2022-02-28 14:39:59,423] {dag.py:2398} INFO - Sync 1 DAGs
[2022-02-28 14:39:59,438] {logging_mixin.py:109} INFO - [2022-02-28 14:39:59,437] {dag.py:2937} INFO - Setting next_dagrun for example_short_circuit_operator to 2022-02-27T06:39:59.437299+00:00
[2022-02-28 14:39:59,447] {processor.py:171} INFO - Processing /opt/anaconda3/envs/airflow/lib/python3.7/site-packages/airflow/example_dags/example_short_circuit_operator.py took 0.078 seconds
[2022-02-28 14:40:34,862] {processor.py:163} INFO - Started process (PID=32835) to work on /opt/anaconda3/envs/airflow/lib/python3.7/site-packages/airflow/example_dags/example_short_circuit_operator.py
[2022-02-28 14:40:34,864] {processor.py:642} INFO - Processing file /opt/anaconda3/envs/airflow/lib/python3.7/site-packages/airflow/example_dags/example_short_circuit_operator.py for tasks to queue
[2022-02-28 14:40:34,866] {logging_mixin.py:109} INFO - [2022-02-28 14:40:34,865] {dagbag.py:500} INFO - Filling up the DagBag from /opt/anaconda3/envs/airflow/lib/python3.7/site-packages/airflow/example_dags/example_short_circuit_operator.py
[2022-02-28 14:40:34,899] {processor.py:654} INFO - DAG(s) dict_keys(['example_short_circuit_operator']) retrieved from /opt/anaconda3/envs/airflow/lib/python3.7/site-packages/airflow/example_dags/example_short_circuit_operator.py
[2022-02-28 14:40:34,911] {logging_mixin.py:109} INFO - [2022-02-28 14:40:34,911] {dag.py:2398} INFO - Sync 1 DAGs
[2022-02-28 14:40:34,925] {logging_mixin.py:109} INFO - [2022-02-28 14:40:34,925] {dag.py:2937} INFO - Setting next_dagrun for example_short_circuit_operator to 2022-02-27T06:40:34.925306+00:00
[2022-02-28 14:40:34,936] {processor.py:171} INFO - Processing /opt/anaconda3/envs/airflow/lib/python3.7/site-packages/airflow/example_dags/example_short_circuit_operator.py took 0.078 seconds
[2022-02-28 14:41:16,511] {processor.py:163} INFO - Started process (PID=32874) to work on /opt/anaconda3/envs/airflow/lib/python3.7/site-packages/airflow/example_dags/example_short_circuit_operator.py
[2022-02-28 14:41:16,513] {processor.py:642} INFO - Processing file /opt/anaconda3/envs/airflow/lib/python3.7/site-packages/airflow/example_dags/example_short_circuit_operator.py for tasks to queue
[2022-02-28 14:41:16,514] {logging_mixin.py:109} INFO - [2022-02-28 14:41:16,514] {dagbag.py:500} INFO - Filling up the DagBag from /opt/anaconda3/envs/airflow/lib/python3.7/site-packages/airflow/example_dags/example_short_circuit_operator.py
[2022-02-28 14:41:16,545] {processor.py:654} INFO - DAG(s) dict_keys(['example_short_circuit_operator']) retrieved from /opt/anaconda3/envs/airflow/lib/python3.7/site-packages/airflow/example_dags/example_short_circuit_operator.py
[2022-02-28 14:41:16,557] {logging_mixin.py:109} INFO - [2022-02-28 14:41:16,556] {dag.py:2398} INFO - Sync 1 DAGs
[2022-02-28 14:41:16,570] {logging_mixin.py:109} INFO - [2022-02-28 14:41:16,570] {dag.py:2937} INFO - Setting next_dagrun for example_short_circuit_operator to 2022-02-27T06:41:16.570240+00:00
[2022-02-28 14:41:16,581] {processor.py:171} INFO - Processing /opt/anaconda3/envs/airflow/lib/python3.7/site-packages/airflow/example_dags/example_short_circuit_operator.py took 0.074 seconds
[2022-02-28 14:41:55,642] {processor.py:163} INFO - Started process (PID=32913) to work on /opt/anaconda3/envs/airflow/lib/python3.7/site-packages/airflow/example_dags/example_short_circuit_operator.py
[2022-02-28 14:41:55,644] {processor.py:642} INFO - Processing file /opt/anaconda3/envs/airflow/lib/python3.7/site-packages/airflow/example_dags/example_short_circuit_operator.py for tasks to queue
[2022-02-28 14:41:55,645] {logging_mixin.py:109} INFO - [2022-02-28 14:41:55,645] {dagbag.py:500} INFO - Filling up the DagBag from /opt/anaconda3/envs/airflow/lib/python3.7/site-packages/airflow/example_dags/example_short_circuit_operator.py
[2022-02-28 14:41:55,675] {processor.py:654} INFO - DAG(s) dict_keys(['example_short_circuit_operator']) retrieved from /opt/anaconda3/envs/airflow/lib/python3.7/site-packages/airflow/example_dags/example_short_circuit_operator.py
[2022-02-28 14:41:55,688] {logging_mixin.py:109} INFO - [2022-02-28 14:41:55,688] {dag.py:2398} INFO - Sync 1 DAGs
[2022-02-28 14:41:55,704] {logging_mixin.py:109} INFO - [2022-02-28 14:41:55,703] {dag.py:2937} INFO - Setting next_dagrun for example_short_circuit_operator to 2022-02-27T06:41:55.703632+00:00
[2022-02-28 14:41:55,715] {processor.py:171} INFO - Processing /opt/anaconda3/envs/airflow/lib/python3.7/site-packages/airflow/example_dags/example_short_circuit_operator.py took 0.078 seconds
[2022-02-28 14:42:35,224] {processor.py:163} INFO - Started process (PID=32960) to work on /opt/anaconda3/envs/airflow/lib/python3.7/site-packages/airflow/example_dags/example_short_circuit_operator.py
[2022-02-28 14:42:35,226] {processor.py:642} INFO - Processing file /opt/anaconda3/envs/airflow/lib/python3.7/site-packages/airflow/example_dags/example_short_circuit_operator.py for tasks to queue
[2022-02-28 14:42:35,227] {logging_mixin.py:109} INFO - [2022-02-28 14:42:35,227] {dagbag.py:500} INFO - Filling up the DagBag from /opt/anaconda3/envs/airflow/lib/python3.7/site-packages/airflow/example_dags/example_short_circuit_operator.py
[2022-02-28 14:42:35,268] {processor.py:654} INFO - DAG(s) dict_keys(['example_short_circuit_operator']) retrieved from /opt/anaconda3/envs/airflow/lib/python3.7/site-packages/airflow/example_dags/example_short_circuit_operator.py
[2022-02-28 14:42:35,284] {logging_mixin.py:109} INFO - [2022-02-28 14:42:35,284] {dag.py:2398} INFO - Sync 1 DAGs
[2022-02-28 14:42:35,303] {logging_mixin.py:109} INFO - [2022-02-28 14:42:35,303] {dag.py:2937} INFO - Setting next_dagrun for example_short_circuit_operator to 2022-02-27T06:42:35.302731+00:00
[2022-02-28 14:42:35,316] {processor.py:171} INFO - Processing /opt/anaconda3/envs/airflow/lib/python3.7/site-packages/airflow/example_dags/example_short_circuit_operator.py took 0.096 seconds
[2022-02-28 14:43:14,761] {processor.py:163} INFO - Started process (PID=33001) to work on /opt/anaconda3/envs/airflow/lib/python3.7/site-packages/airflow/example_dags/example_short_circuit_operator.py
[2022-02-28 14:43:14,763] {processor.py:642} INFO - Processing file /opt/anaconda3/envs/airflow/lib/python3.7/site-packages/airflow/example_dags/example_short_circuit_operator.py for tasks to queue
[2022-02-28 14:43:14,764] {logging_mixin.py:109} INFO - [2022-02-28 14:43:14,764] {dagbag.py:500} INFO - Filling up the DagBag from /opt/anaconda3/envs/airflow/lib/python3.7/site-packages/airflow/example_dags/example_short_circuit_operator.py
[2022-02-28 14:43:14,795] {processor.py:654} INFO - DAG(s) dict_keys(['example_short_circuit_operator']) retrieved from /opt/anaconda3/envs/airflow/lib/python3.7/site-packages/airflow/example_dags/example_short_circuit_operator.py
[2022-02-28 14:43:14,806] {logging_mixin.py:109} INFO - [2022-02-28 14:43:14,806] {dag.py:2398} INFO - Sync 1 DAGs
[2022-02-28 14:43:14,821] {logging_mixin.py:109} INFO - [2022-02-28 14:43:14,821] {dag.py:2937} INFO - Setting next_dagrun for example_short_circuit_operator to 2022-02-27T06:43:14.820855+00:00
[2022-02-28 14:43:14,833] {processor.py:171} INFO - Processing /opt/anaconda3/envs/airflow/lib/python3.7/site-packages/airflow/example_dags/example_short_circuit_operator.py took 0.076 seconds
[2022-02-28 14:43:54,662] {processor.py:163} INFO - Started process (PID=33042) to work on /opt/anaconda3/envs/airflow/lib/python3.7/site-packages/airflow/example_dags/example_short_circuit_operator.py
[2022-02-28 14:43:54,664] {processor.py:642} INFO - Processing file /opt/anaconda3/envs/airflow/lib/python3.7/site-packages/airflow/example_dags/example_short_circuit_operator.py for tasks to queue
[2022-02-28 14:43:54,666] {logging_mixin.py:109} INFO - [2022-02-28 14:43:54,666] {dagbag.py:500} INFO - Filling up the DagBag from /opt/anaconda3/envs/airflow/lib/python3.7/site-packages/airflow/example_dags/example_short_circuit_operator.py
[2022-02-28 14:43:54,706] {processor.py:654} INFO - DAG(s) dict_keys(['example_short_circuit_operator']) retrieved from /opt/anaconda3/envs/airflow/lib/python3.7/site-packages/airflow/example_dags/example_short_circuit_operator.py
[2022-02-28 14:43:54,724] {logging_mixin.py:109} INFO - [2022-02-28 14:43:54,723] {dag.py:2398} INFO - Sync 1 DAGs
[2022-02-28 14:43:54,743] {logging_mixin.py:109} INFO - [2022-02-28 14:43:54,743] {dag.py:2937} INFO - Setting next_dagrun for example_short_circuit_operator to 2022-02-27T06:43:54.742761+00:00
[2022-02-28 14:43:54,756] {processor.py:171} INFO - Processing /opt/anaconda3/envs/airflow/lib/python3.7/site-packages/airflow/example_dags/example_short_circuit_operator.py took 0.099 seconds
[2022-02-28 14:44:35,786] {processor.py:163} INFO - Started process (PID=33094) to work on /opt/anaconda3/envs/airflow/lib/python3.7/site-packages/airflow/example_dags/example_short_circuit_operator.py
[2022-02-28 14:44:35,789] {processor.py:642} INFO - Processing file /opt/anaconda3/envs/airflow/lib/python3.7/site-packages/airflow/example_dags/example_short_circuit_operator.py for tasks to queue
[2022-02-28 14:44:35,791] {logging_mixin.py:109} INFO - [2022-02-28 14:44:35,790] {dagbag.py:500} INFO - Filling up the DagBag from /opt/anaconda3/envs/airflow/lib/python3.7/site-packages/airflow/example_dags/example_short_circuit_operator.py
[2022-02-28 14:44:35,824] {processor.py:654} INFO - DAG(s) dict_keys(['example_short_circuit_operator']) retrieved from /opt/anaconda3/envs/airflow/lib/python3.7/site-packages/airflow/example_dags/example_short_circuit_operator.py
[2022-02-28 14:44:35,836] {logging_mixin.py:109} INFO - [2022-02-28 14:44:35,836] {dag.py:2398} INFO - Sync 1 DAGs
[2022-02-28 14:44:35,852] {logging_mixin.py:109} INFO - [2022-02-28 14:44:35,851] {dag.py:2937} INFO - Setting next_dagrun for example_short_circuit_operator to 2022-02-27T06:44:35.851382+00:00
[2022-02-28 14:44:35,863] {processor.py:171} INFO - Processing /opt/anaconda3/envs/airflow/lib/python3.7/site-packages/airflow/example_dags/example_short_circuit_operator.py took 0.081 seconds
[2022-02-28 14:45:17,236] {processor.py:163} INFO - Started process (PID=33153) to work on /opt/anaconda3/envs/airflow/lib/python3.7/site-packages/airflow/example_dags/example_short_circuit_operator.py
[2022-02-28 14:45:17,238] {processor.py:642} INFO - Processing file /opt/anaconda3/envs/airflow/lib/python3.7/site-packages/airflow/example_dags/example_short_circuit_operator.py for tasks to queue
[2022-02-28 14:45:17,239] {logging_mixin.py:109} INFO - [2022-02-28 14:45:17,238] {dagbag.py:500} INFO - Filling up the DagBag from /opt/anaconda3/envs/airflow/lib/python3.7/site-packages/airflow/example_dags/example_short_circuit_operator.py
[2022-02-28 14:45:17,275] {processor.py:654} INFO - DAG(s) dict_keys(['example_short_circuit_operator']) retrieved from /opt/anaconda3/envs/airflow/lib/python3.7/site-packages/airflow/example_dags/example_short_circuit_operator.py
[2022-02-28 14:45:17,287] {logging_mixin.py:109} INFO - [2022-02-28 14:45:17,286] {dag.py:2398} INFO - Sync 1 DAGs
[2022-02-28 14:45:17,304] {logging_mixin.py:109} INFO - [2022-02-28 14:45:17,303] {dag.py:2937} INFO - Setting next_dagrun for example_short_circuit_operator to 2022-02-27T06:45:17.303510+00:00
[2022-02-28 14:45:17,315] {processor.py:171} INFO - Processing /opt/anaconda3/envs/airflow/lib/python3.7/site-packages/airflow/example_dags/example_short_circuit_operator.py took 0.083 seconds
[2022-02-28 14:45:54,917] {processor.py:163} INFO - Started process (PID=33204) to work on /opt/anaconda3/envs/airflow/lib/python3.7/site-packages/airflow/example_dags/example_short_circuit_operator.py
[2022-02-28 14:45:54,920] {processor.py:642} INFO - Processing file /opt/anaconda3/envs/airflow/lib/python3.7/site-packages/airflow/example_dags/example_short_circuit_operator.py for tasks to queue
[2022-02-28 14:45:54,921] {logging_mixin.py:109} INFO - [2022-02-28 14:45:54,921] {dagbag.py:500} INFO - Filling up the DagBag from /opt/anaconda3/envs/airflow/lib/python3.7/site-packages/airflow/example_dags/example_short_circuit_operator.py
[2022-02-28 14:45:54,965] {processor.py:654} INFO - DAG(s) dict_keys(['example_short_circuit_operator']) retrieved from /opt/anaconda3/envs/airflow/lib/python3.7/site-packages/airflow/example_dags/example_short_circuit_operator.py
[2022-02-28 14:45:54,986] {logging_mixin.py:109} INFO - [2022-02-28 14:45:54,985] {dag.py:2398} INFO - Sync 1 DAGs
[2022-02-28 14:45:55,011] {logging_mixin.py:109} INFO - [2022-02-28 14:45:55,010] {dag.py:2937} INFO - Setting next_dagrun for example_short_circuit_operator to 2022-02-27T06:45:55.009975+00:00
[2022-02-28 14:45:55,028] {processor.py:171} INFO - Processing /opt/anaconda3/envs/airflow/lib/python3.7/site-packages/airflow/example_dags/example_short_circuit_operator.py took 0.118 seconds
[2022-02-28 14:46:36,926] {processor.py:163} INFO - Started process (PID=33248) to work on /opt/anaconda3/envs/airflow/lib/python3.7/site-packages/airflow/example_dags/example_short_circuit_operator.py
[2022-02-28 14:46:36,928] {processor.py:642} INFO - Processing file /opt/anaconda3/envs/airflow/lib/python3.7/site-packages/airflow/example_dags/example_short_circuit_operator.py for tasks to queue
[2022-02-28 14:46:36,929] {logging_mixin.py:109} INFO - [2022-02-28 14:46:36,929] {dagbag.py:500} INFO - Filling up the DagBag from /opt/anaconda3/envs/airflow/lib/python3.7/site-packages/airflow/example_dags/example_short_circuit_operator.py
[2022-02-28 14:46:36,961] {processor.py:654} INFO - DAG(s) dict_keys(['example_short_circuit_operator']) retrieved from /opt/anaconda3/envs/airflow/lib/python3.7/site-packages/airflow/example_dags/example_short_circuit_operator.py
[2022-02-28 14:46:36,973] {logging_mixin.py:109} INFO - [2022-02-28 14:46:36,973] {dag.py:2398} INFO - Sync 1 DAGs
[2022-02-28 14:46:36,988] {logging_mixin.py:109} INFO - [2022-02-28 14:46:36,987] {dag.py:2937} INFO - Setting next_dagrun for example_short_circuit_operator to 2022-02-27T06:46:36.987386+00:00
[2022-02-28 14:46:36,999] {processor.py:171} INFO - Processing /opt/anaconda3/envs/airflow/lib/python3.7/site-packages/airflow/example_dags/example_short_circuit_operator.py took 0.077 seconds
[2022-02-28 14:47:17,174] {processor.py:163} INFO - Started process (PID=33286) to work on /opt/anaconda3/envs/airflow/lib/python3.7/site-packages/airflow/example_dags/example_short_circuit_operator.py
[2022-02-28 14:47:17,175] {processor.py:642} INFO - Processing file /opt/anaconda3/envs/airflow/lib/python3.7/site-packages/airflow/example_dags/example_short_circuit_operator.py for tasks to queue
[2022-02-28 14:47:17,176] {logging_mixin.py:109} INFO - [2022-02-28 14:47:17,176] {dagbag.py:500} INFO - Filling up the DagBag from /opt/anaconda3/envs/airflow/lib/python3.7/site-packages/airflow/example_dags/example_short_circuit_operator.py
[2022-02-28 14:47:17,208] {processor.py:654} INFO - DAG(s) dict_keys(['example_short_circuit_operator']) retrieved from /opt/anaconda3/envs/airflow/lib/python3.7/site-packages/airflow/example_dags/example_short_circuit_operator.py
[2022-02-28 14:47:17,221] {logging_mixin.py:109} INFO - [2022-02-28 14:47:17,221] {dag.py:2398} INFO - Sync 1 DAGs
[2022-02-28 14:47:17,237] {logging_mixin.py:109} INFO - [2022-02-28 14:47:17,237] {dag.py:2937} INFO - Setting next_dagrun for example_short_circuit_operator to 2022-02-27T06:47:17.236814+00:00
[2022-02-28 14:47:17,248] {processor.py:171} INFO - Processing /opt/anaconda3/envs/airflow/lib/python3.7/site-packages/airflow/example_dags/example_short_circuit_operator.py took 0.079 seconds
[2022-02-28 14:47:52,876] {processor.py:163} INFO - Started process (PID=33322) to work on /opt/anaconda3/envs/airflow/lib/python3.7/site-packages/airflow/example_dags/example_short_circuit_operator.py
[2022-02-28 14:47:52,877] {processor.py:642} INFO - Processing file /opt/anaconda3/envs/airflow/lib/python3.7/site-packages/airflow/example_dags/example_short_circuit_operator.py for tasks to queue
[2022-02-28 14:47:52,878] {logging_mixin.py:109} INFO - [2022-02-28 14:47:52,878] {dagbag.py:500} INFO - Filling up the DagBag from /opt/anaconda3/envs/airflow/lib/python3.7/site-packages/airflow/example_dags/example_short_circuit_operator.py
[2022-02-28 14:47:52,913] {processor.py:654} INFO - DAG(s) dict_keys(['example_short_circuit_operator']) retrieved from /opt/anaconda3/envs/airflow/lib/python3.7/site-packages/airflow/example_dags/example_short_circuit_operator.py
[2022-02-28 14:47:52,926] {logging_mixin.py:109} INFO - [2022-02-28 14:47:52,925] {dag.py:2398} INFO - Sync 1 DAGs
[2022-02-28 14:47:52,942] {logging_mixin.py:109} INFO - [2022-02-28 14:47:52,941] {dag.py:2937} INFO - Setting next_dagrun for example_short_circuit_operator to 2022-02-27T06:47:52.941356+00:00
[2022-02-28 14:47:52,952] {processor.py:171} INFO - Processing /opt/anaconda3/envs/airflow/lib/python3.7/site-packages/airflow/example_dags/example_short_circuit_operator.py took 0.080 seconds
[2022-02-28 14:48:33,395] {processor.py:163} INFO - Started process (PID=33361) to work on /opt/anaconda3/envs/airflow/lib/python3.7/site-packages/airflow/example_dags/example_short_circuit_operator.py
[2022-02-28 14:48:33,397] {processor.py:642} INFO - Processing file /opt/anaconda3/envs/airflow/lib/python3.7/site-packages/airflow/example_dags/example_short_circuit_operator.py for tasks to queue
[2022-02-28 14:48:33,398] {logging_mixin.py:109} INFO - [2022-02-28 14:48:33,398] {dagbag.py:500} INFO - Filling up the DagBag from /opt/anaconda3/envs/airflow/lib/python3.7/site-packages/airflow/example_dags/example_short_circuit_operator.py
[2022-02-28 14:48:33,430] {processor.py:654} INFO - DAG(s) dict_keys(['example_short_circuit_operator']) retrieved from /opt/anaconda3/envs/airflow/lib/python3.7/site-packages/airflow/example_dags/example_short_circuit_operator.py
[2022-02-28 14:48:33,442] {logging_mixin.py:109} INFO - [2022-02-28 14:48:33,442] {dag.py:2398} INFO - Sync 1 DAGs
[2022-02-28 14:48:33,457] {logging_mixin.py:109} INFO - [2022-02-28 14:48:33,456] {dag.py:2937} INFO - Setting next_dagrun for example_short_circuit_operator to 2022-02-27T06:48:33.456328+00:00
[2022-02-28 14:48:33,467] {processor.py:171} INFO - Processing /opt/anaconda3/envs/airflow/lib/python3.7/site-packages/airflow/example_dags/example_short_circuit_operator.py took 0.077 seconds
[2022-02-28 14:49:14,223] {processor.py:163} INFO - Started process (PID=33399) to work on /opt/anaconda3/envs/airflow/lib/python3.7/site-packages/airflow/example_dags/example_short_circuit_operator.py
[2022-02-28 14:49:14,225] {processor.py:642} INFO - Processing file /opt/anaconda3/envs/airflow/lib/python3.7/site-packages/airflow/example_dags/example_short_circuit_operator.py for tasks to queue
[2022-02-28 14:49:14,226] {logging_mixin.py:109} INFO - [2022-02-28 14:49:14,226] {dagbag.py:500} INFO - Filling up the DagBag from /opt/anaconda3/envs/airflow/lib/python3.7/site-packages/airflow/example_dags/example_short_circuit_operator.py
[2022-02-28 14:49:14,259] {processor.py:654} INFO - DAG(s) dict_keys(['example_short_circuit_operator']) retrieved from /opt/anaconda3/envs/airflow/lib/python3.7/site-packages/airflow/example_dags/example_short_circuit_operator.py
[2022-02-28 14:49:14,271] {logging_mixin.py:109} INFO - [2022-02-28 14:49:14,270] {dag.py:2398} INFO - Sync 1 DAGs
[2022-02-28 14:49:14,284] {logging_mixin.py:109} INFO - [2022-02-28 14:49:14,284] {dag.py:2937} INFO - Setting next_dagrun for example_short_circuit_operator to 2022-02-27T06:49:14.284035+00:00
[2022-02-28 14:49:14,294] {processor.py:171} INFO - Processing /opt/anaconda3/envs/airflow/lib/python3.7/site-packages/airflow/example_dags/example_short_circuit_operator.py took 0.075 seconds
[2022-02-28 14:49:53,499] {processor.py:163} INFO - Started process (PID=33438) to work on /opt/anaconda3/envs/airflow/lib/python3.7/site-packages/airflow/example_dags/example_short_circuit_operator.py
[2022-02-28 14:49:53,501] {processor.py:642} INFO - Processing file /opt/anaconda3/envs/airflow/lib/python3.7/site-packages/airflow/example_dags/example_short_circuit_operator.py for tasks to queue
[2022-02-28 14:49:53,502] {logging_mixin.py:109} INFO - [2022-02-28 14:49:53,502] {dagbag.py:500} INFO - Filling up the DagBag from /opt/anaconda3/envs/airflow/lib/python3.7/site-packages/airflow/example_dags/example_short_circuit_operator.py
[2022-02-28 14:49:53,546] {processor.py:654} INFO - DAG(s) dict_keys(['example_short_circuit_operator']) retrieved from /opt/anaconda3/envs/airflow/lib/python3.7/site-packages/airflow/example_dags/example_short_circuit_operator.py
[2022-02-28 14:49:53,560] {logging_mixin.py:109} INFO - [2022-02-28 14:49:53,559] {dag.py:2398} INFO - Sync 1 DAGs
[2022-02-28 14:49:53,579] {logging_mixin.py:109} INFO - [2022-02-28 14:49:53,578] {dag.py:2937} INFO - Setting next_dagrun for example_short_circuit_operator to 2022-02-27T06:49:53.578514+00:00
[2022-02-28 14:49:53,589] {processor.py:171} INFO - Processing /opt/anaconda3/envs/airflow/lib/python3.7/site-packages/airflow/example_dags/example_short_circuit_operator.py took 0.096 seconds
[2022-02-28 14:50:32,872] {processor.py:163} INFO - Started process (PID=33475) to work on /opt/anaconda3/envs/airflow/lib/python3.7/site-packages/airflow/example_dags/example_short_circuit_operator.py
[2022-02-28 14:50:32,874] {processor.py:642} INFO - Processing file /opt/anaconda3/envs/airflow/lib/python3.7/site-packages/airflow/example_dags/example_short_circuit_operator.py for tasks to queue
[2022-02-28 14:50:32,875] {logging_mixin.py:109} INFO - [2022-02-28 14:50:32,874] {dagbag.py:500} INFO - Filling up the DagBag from /opt/anaconda3/envs/airflow/lib/python3.7/site-packages/airflow/example_dags/example_short_circuit_operator.py
[2022-02-28 14:50:32,908] {processor.py:654} INFO - DAG(s) dict_keys(['example_short_circuit_operator']) retrieved from /opt/anaconda3/envs/airflow/lib/python3.7/site-packages/airflow/example_dags/example_short_circuit_operator.py
[2022-02-28 14:50:32,925] {logging_mixin.py:109} INFO - [2022-02-28 14:50:32,925] {dag.py:2398} INFO - Sync 1 DAGs
[2022-02-28 14:50:32,942] {logging_mixin.py:109} INFO - [2022-02-28 14:50:32,942] {dag.py:2937} INFO - Setting next_dagrun for example_short_circuit_operator to 2022-02-27T06:50:32.941739+00:00
[2022-02-28 14:50:32,955] {processor.py:171} INFO - Processing /opt/anaconda3/envs/airflow/lib/python3.7/site-packages/airflow/example_dags/example_short_circuit_operator.py took 0.087 seconds
[2022-02-28 14:51:15,059] {processor.py:163} INFO - Started process (PID=33553) to work on /opt/anaconda3/envs/airflow/lib/python3.7/site-packages/airflow/example_dags/example_short_circuit_operator.py
[2022-02-28 14:51:15,061] {processor.py:642} INFO - Processing file /opt/anaconda3/envs/airflow/lib/python3.7/site-packages/airflow/example_dags/example_short_circuit_operator.py for tasks to queue
[2022-02-28 14:51:15,062] {logging_mixin.py:109} INFO - [2022-02-28 14:51:15,062] {dagbag.py:500} INFO - Filling up the DagBag from /opt/anaconda3/envs/airflow/lib/python3.7/site-packages/airflow/example_dags/example_short_circuit_operator.py
[2022-02-28 14:51:15,096] {processor.py:654} INFO - DAG(s) dict_keys(['example_short_circuit_operator']) retrieved from /opt/anaconda3/envs/airflow/lib/python3.7/site-packages/airflow/example_dags/example_short_circuit_operator.py
[2022-02-28 14:51:15,108] {logging_mixin.py:109} INFO - [2022-02-28 14:51:15,108] {dag.py:2398} INFO - Sync 1 DAGs
[2022-02-28 14:51:15,127] {logging_mixin.py:109} INFO - [2022-02-28 14:51:15,126] {dag.py:2937} INFO - Setting next_dagrun for example_short_circuit_operator to 2022-02-27T06:51:15.125706+00:00
[2022-02-28 14:51:15,138] {processor.py:171} INFO - Processing /opt/anaconda3/envs/airflow/lib/python3.7/site-packages/airflow/example_dags/example_short_circuit_operator.py took 0.085 seconds
[2022-02-28 14:51:54,252] {processor.py:163} INFO - Started process (PID=33594) to work on /opt/anaconda3/envs/airflow/lib/python3.7/site-packages/airflow/example_dags/example_short_circuit_operator.py
[2022-02-28 14:51:54,253] {processor.py:642} INFO - Processing file /opt/anaconda3/envs/airflow/lib/python3.7/site-packages/airflow/example_dags/example_short_circuit_operator.py for tasks to queue
[2022-02-28 14:51:54,254] {logging_mixin.py:109} INFO - [2022-02-28 14:51:54,254] {dagbag.py:500} INFO - Filling up the DagBag from /opt/anaconda3/envs/airflow/lib/python3.7/site-packages/airflow/example_dags/example_short_circuit_operator.py
[2022-02-28 14:51:54,288] {processor.py:654} INFO - DAG(s) dict_keys(['example_short_circuit_operator']) retrieved from /opt/anaconda3/envs/airflow/lib/python3.7/site-packages/airflow/example_dags/example_short_circuit_operator.py
[2022-02-28 14:51:54,300] {logging_mixin.py:109} INFO - [2022-02-28 14:51:54,299] {dag.py:2398} INFO - Sync 1 DAGs
[2022-02-28 14:51:54,314] {logging_mixin.py:109} INFO - [2022-02-28 14:51:54,314] {dag.py:2937} INFO - Setting next_dagrun for example_short_circuit_operator to 2022-02-27T06:51:54.313934+00:00
[2022-02-28 14:51:54,325] {processor.py:171} INFO - Processing /opt/anaconda3/envs/airflow/lib/python3.7/site-packages/airflow/example_dags/example_short_circuit_operator.py took 0.078 seconds
[2022-02-28 14:52:33,286] {processor.py:163} INFO - Started process (PID=33631) to work on /opt/anaconda3/envs/airflow/lib/python3.7/site-packages/airflow/example_dags/example_short_circuit_operator.py
[2022-02-28 14:52:33,287] {processor.py:642} INFO - Processing file /opt/anaconda3/envs/airflow/lib/python3.7/site-packages/airflow/example_dags/example_short_circuit_operator.py for tasks to queue
[2022-02-28 14:52:33,288] {logging_mixin.py:109} INFO - [2022-02-28 14:52:33,288] {dagbag.py:500} INFO - Filling up the DagBag from /opt/anaconda3/envs/airflow/lib/python3.7/site-packages/airflow/example_dags/example_short_circuit_operator.py
[2022-02-28 14:52:33,322] {processor.py:654} INFO - DAG(s) dict_keys(['example_short_circuit_operator']) retrieved from /opt/anaconda3/envs/airflow/lib/python3.7/site-packages/airflow/example_dags/example_short_circuit_operator.py
[2022-02-28 14:52:33,338] {logging_mixin.py:109} INFO - [2022-02-28 14:52:33,337] {dag.py:2398} INFO - Sync 1 DAGs
[2022-02-28 14:52:33,358] {logging_mixin.py:109} INFO - [2022-02-28 14:52:33,358] {dag.py:2937} INFO - Setting next_dagrun for example_short_circuit_operator to 2022-02-27T06:52:33.357863+00:00
[2022-02-28 14:52:33,371] {processor.py:171} INFO - Processing /opt/anaconda3/envs/airflow/lib/python3.7/site-packages/airflow/example_dags/example_short_circuit_operator.py took 0.091 seconds
[2022-02-28 14:53:11,494] {processor.py:163} INFO - Started process (PID=33680) to work on /opt/anaconda3/envs/airflow/lib/python3.7/site-packages/airflow/example_dags/example_short_circuit_operator.py
[2022-02-28 14:53:11,497] {processor.py:642} INFO - Processing file /opt/anaconda3/envs/airflow/lib/python3.7/site-packages/airflow/example_dags/example_short_circuit_operator.py for tasks to queue
[2022-02-28 14:53:11,500] {logging_mixin.py:109} INFO - [2022-02-28 14:53:11,499] {dagbag.py:500} INFO - Filling up the DagBag from /opt/anaconda3/envs/airflow/lib/python3.7/site-packages/airflow/example_dags/example_short_circuit_operator.py
[2022-02-28 14:53:11,539] {processor.py:654} INFO - DAG(s) dict_keys(['example_short_circuit_operator']) retrieved from /opt/anaconda3/envs/airflow/lib/python3.7/site-packages/airflow/example_dags/example_short_circuit_operator.py
[2022-02-28 14:53:11,561] {logging_mixin.py:109} INFO - [2022-02-28 14:53:11,560] {dag.py:2398} INFO - Sync 1 DAGs
[2022-02-28 14:53:11,582] {logging_mixin.py:109} INFO - [2022-02-28 14:53:11,582] {dag.py:2937} INFO - Setting next_dagrun for example_short_circuit_operator to 2022-02-27T06:53:11.581394+00:00
[2022-02-28 14:53:11,598] {processor.py:171} INFO - Processing /opt/anaconda3/envs/airflow/lib/python3.7/site-packages/airflow/example_dags/example_short_circuit_operator.py took 0.110 seconds
[2022-02-28 14:53:50,877] {processor.py:163} INFO - Started process (PID=33755) to work on /opt/anaconda3/envs/airflow/lib/python3.7/site-packages/airflow/example_dags/example_short_circuit_operator.py
[2022-02-28 14:53:50,881] {processor.py:642} INFO - Processing file /opt/anaconda3/envs/airflow/lib/python3.7/site-packages/airflow/example_dags/example_short_circuit_operator.py for tasks to queue
[2022-02-28 14:53:50,882] {logging_mixin.py:109} INFO - [2022-02-28 14:53:50,882] {dagbag.py:500} INFO - Filling up the DagBag from /opt/anaconda3/envs/airflow/lib/python3.7/site-packages/airflow/example_dags/example_short_circuit_operator.py
[2022-02-28 14:53:50,925] {processor.py:654} INFO - DAG(s) dict_keys(['example_short_circuit_operator']) retrieved from /opt/anaconda3/envs/airflow/lib/python3.7/site-packages/airflow/example_dags/example_short_circuit_operator.py
[2022-02-28 14:53:50,941] {logging_mixin.py:109} INFO - [2022-02-28 14:53:50,941] {dag.py:2398} INFO - Sync 1 DAGs
[2022-02-28 14:53:50,962] {logging_mixin.py:109} INFO - [2022-02-28 14:53:50,962] {dag.py:2937} INFO - Setting next_dagrun for example_short_circuit_operator to 2022-02-27T06:53:50.961902+00:00
[2022-02-28 14:53:50,977] {processor.py:171} INFO - Processing /opt/anaconda3/envs/airflow/lib/python3.7/site-packages/airflow/example_dags/example_short_circuit_operator.py took 0.105 seconds
[2022-02-28 14:54:49,140] {processor.py:163} INFO - Started process (PID=33895) to work on /opt/anaconda3/envs/airflow/lib/python3.7/site-packages/airflow/example_dags/example_short_circuit_operator.py
[2022-02-28 14:54:49,146] {processor.py:642} INFO - Processing file /opt/anaconda3/envs/airflow/lib/python3.7/site-packages/airflow/example_dags/example_short_circuit_operator.py for tasks to queue
[2022-02-28 14:54:49,148] {logging_mixin.py:109} INFO - [2022-02-28 14:54:49,147] {dagbag.py:500} INFO - Filling up the DagBag from /opt/anaconda3/envs/airflow/lib/python3.7/site-packages/airflow/example_dags/example_short_circuit_operator.py
[2022-02-28 14:54:49,208] {processor.py:654} INFO - DAG(s) dict_keys(['example_short_circuit_operator']) retrieved from /opt/anaconda3/envs/airflow/lib/python3.7/site-packages/airflow/example_dags/example_short_circuit_operator.py
[2022-02-28 14:54:49,221] {logging_mixin.py:109} INFO - [2022-02-28 14:54:49,220] {dag.py:2398} INFO - Sync 1 DAGs
[2022-02-28 14:54:49,236] {logging_mixin.py:109} INFO - [2022-02-28 14:54:49,236] {dag.py:2937} INFO - Setting next_dagrun for example_short_circuit_operator to 2022-02-27T06:54:49.235709+00:00
[2022-02-28 14:54:49,247] {processor.py:171} INFO - Processing /opt/anaconda3/envs/airflow/lib/python3.7/site-packages/airflow/example_dags/example_short_circuit_operator.py took 0.116 seconds
[2022-02-28 14:56:40,972] {processor.py:163} INFO - Started process (PID=34087) to work on /opt/anaconda3/envs/airflow/lib/python3.7/site-packages/airflow/example_dags/example_short_circuit_operator.py
[2022-02-28 14:56:40,974] {processor.py:642} INFO - Processing file /opt/anaconda3/envs/airflow/lib/python3.7/site-packages/airflow/example_dags/example_short_circuit_operator.py for tasks to queue
[2022-02-28 14:56:40,975] {logging_mixin.py:109} INFO - [2022-02-28 14:56:40,975] {dagbag.py:500} INFO - Filling up the DagBag from /opt/anaconda3/envs/airflow/lib/python3.7/site-packages/airflow/example_dags/example_short_circuit_operator.py
[2022-02-28 14:56:41,030] {processor.py:654} INFO - DAG(s) dict_keys(['example_short_circuit_operator']) retrieved from /opt/anaconda3/envs/airflow/lib/python3.7/site-packages/airflow/example_dags/example_short_circuit_operator.py
[2022-02-28 14:56:41,063] {logging_mixin.py:109} INFO - [2022-02-28 14:56:41,062] {dag.py:2398} INFO - Sync 1 DAGs
[2022-02-28 14:56:41,083] {logging_mixin.py:109} INFO - [2022-02-28 14:56:41,082] {dag.py:2937} INFO - Setting next_dagrun for example_short_circuit_operator to 2022-02-27T06:56:41.082508+00:00
[2022-02-28 14:56:41,095] {processor.py:171} INFO - Processing /opt/anaconda3/envs/airflow/lib/python3.7/site-packages/airflow/example_dags/example_short_circuit_operator.py took 0.127 seconds
[2022-02-28 14:58:03,266] {processor.py:163} INFO - Started process (PID=34284) to work on /opt/anaconda3/envs/airflow/lib/python3.7/site-packages/airflow/example_dags/example_short_circuit_operator.py
[2022-02-28 14:58:03,268] {processor.py:642} INFO - Processing file /opt/anaconda3/envs/airflow/lib/python3.7/site-packages/airflow/example_dags/example_short_circuit_operator.py for tasks to queue
[2022-02-28 14:58:03,270] {logging_mixin.py:109} INFO - [2022-02-28 14:58:03,269] {dagbag.py:500} INFO - Filling up the DagBag from /opt/anaconda3/envs/airflow/lib/python3.7/site-packages/airflow/example_dags/example_short_circuit_operator.py
[2022-02-28 14:58:03,305] {processor.py:654} INFO - DAG(s) dict_keys(['example_short_circuit_operator']) retrieved from /opt/anaconda3/envs/airflow/lib/python3.7/site-packages/airflow/example_dags/example_short_circuit_operator.py
[2022-02-28 14:58:03,316] {logging_mixin.py:109} INFO - [2022-02-28 14:58:03,316] {dag.py:2398} INFO - Sync 1 DAGs
[2022-02-28 14:58:03,330] {logging_mixin.py:109} INFO - [2022-02-28 14:58:03,330] {dag.py:2937} INFO - Setting next_dagrun for example_short_circuit_operator to 2022-02-27T06:58:03.330208+00:00
[2022-02-28 14:58:03,341] {processor.py:171} INFO - Processing /opt/anaconda3/envs/airflow/lib/python3.7/site-packages/airflow/example_dags/example_short_circuit_operator.py took 0.079 seconds
[2022-02-28 15:04:17,734] {processor.py:163} INFO - Started process (PID=34836) to work on /opt/anaconda3/envs/airflow/lib/python3.7/site-packages/airflow/example_dags/example_short_circuit_operator.py
[2022-02-28 15:04:17,737] {processor.py:642} INFO - Processing file /opt/anaconda3/envs/airflow/lib/python3.7/site-packages/airflow/example_dags/example_short_circuit_operator.py for tasks to queue
[2022-02-28 15:04:17,738] {logging_mixin.py:109} INFO - [2022-02-28 15:04:17,738] {dagbag.py:500} INFO - Filling up the DagBag from /opt/anaconda3/envs/airflow/lib/python3.7/site-packages/airflow/example_dags/example_short_circuit_operator.py
[2022-02-28 15:04:17,772] {processor.py:654} INFO - DAG(s) dict_keys(['example_short_circuit_operator']) retrieved from /opt/anaconda3/envs/airflow/lib/python3.7/site-packages/airflow/example_dags/example_short_circuit_operator.py
[2022-02-28 15:04:17,783] {logging_mixin.py:109} INFO - [2022-02-28 15:04:17,783] {dag.py:2398} INFO - Sync 1 DAGs
[2022-02-28 15:04:17,799] {logging_mixin.py:109} INFO - [2022-02-28 15:04:17,799] {dag.py:2937} INFO - Setting next_dagrun for example_short_circuit_operator to 2022-02-27T07:04:17.798980+00:00
[2022-02-28 15:04:17,809] {processor.py:171} INFO - Processing /opt/anaconda3/envs/airflow/lib/python3.7/site-packages/airflow/example_dags/example_short_circuit_operator.py took 0.079 seconds
[2022-02-28 15:06:11,692] {processor.py:163} INFO - Started process (PID=35053) to work on /opt/anaconda3/envs/airflow/lib/python3.7/site-packages/airflow/example_dags/example_short_circuit_operator.py
[2022-02-28 15:06:11,695] {processor.py:642} INFO - Processing file /opt/anaconda3/envs/airflow/lib/python3.7/site-packages/airflow/example_dags/example_short_circuit_operator.py for tasks to queue
[2022-02-28 15:06:11,696] {logging_mixin.py:109} INFO - [2022-02-28 15:06:11,695] {dagbag.py:500} INFO - Filling up the DagBag from /opt/anaconda3/envs/airflow/lib/python3.7/site-packages/airflow/example_dags/example_short_circuit_operator.py
[2022-02-28 15:06:11,727] {processor.py:654} INFO - DAG(s) dict_keys(['example_short_circuit_operator']) retrieved from /opt/anaconda3/envs/airflow/lib/python3.7/site-packages/airflow/example_dags/example_short_circuit_operator.py
[2022-02-28 15:06:11,738] {logging_mixin.py:109} INFO - [2022-02-28 15:06:11,738] {dag.py:2398} INFO - Sync 1 DAGs
[2022-02-28 15:06:11,752] {logging_mixin.py:109} INFO - [2022-02-28 15:06:11,752] {dag.py:2937} INFO - Setting next_dagrun for example_short_circuit_operator to 2022-02-27T07:06:11.751696+00:00
[2022-02-28 15:06:11,762] {processor.py:171} INFO - Processing /opt/anaconda3/envs/airflow/lib/python3.7/site-packages/airflow/example_dags/example_short_circuit_operator.py took 0.074 seconds
[2022-02-28 15:06:53,190] {processor.py:163} INFO - Started process (PID=35117) to work on /opt/anaconda3/envs/airflow/lib/python3.7/site-packages/airflow/example_dags/example_short_circuit_operator.py
[2022-02-28 15:06:53,193] {processor.py:642} INFO - Processing file /opt/anaconda3/envs/airflow/lib/python3.7/site-packages/airflow/example_dags/example_short_circuit_operator.py for tasks to queue
[2022-02-28 15:06:53,194] {logging_mixin.py:109} INFO - [2022-02-28 15:06:53,194] {dagbag.py:500} INFO - Filling up the DagBag from /opt/anaconda3/envs/airflow/lib/python3.7/site-packages/airflow/example_dags/example_short_circuit_operator.py
[2022-02-28 15:06:53,233] {processor.py:654} INFO - DAG(s) dict_keys(['example_short_circuit_operator']) retrieved from /opt/anaconda3/envs/airflow/lib/python3.7/site-packages/airflow/example_dags/example_short_circuit_operator.py
[2022-02-28 15:06:53,244] {logging_mixin.py:109} INFO - [2022-02-28 15:06:53,244] {dag.py:2398} INFO - Sync 1 DAGs
[2022-02-28 15:06:53,258] {logging_mixin.py:109} INFO - [2022-02-28 15:06:53,258] {dag.py:2937} INFO - Setting next_dagrun for example_short_circuit_operator to 2022-02-27T07:06:53.257849+00:00
[2022-02-28 15:06:53,269] {processor.py:171} INFO - Processing /opt/anaconda3/envs/airflow/lib/python3.7/site-packages/airflow/example_dags/example_short_circuit_operator.py took 0.082 seconds
[2022-02-28 15:08:17,940] {processor.py:163} INFO - Started process (PID=35322) to work on /opt/anaconda3/envs/airflow/lib/python3.7/site-packages/airflow/example_dags/example_short_circuit_operator.py
[2022-02-28 15:08:17,943] {processor.py:642} INFO - Processing file /opt/anaconda3/envs/airflow/lib/python3.7/site-packages/airflow/example_dags/example_short_circuit_operator.py for tasks to queue
[2022-02-28 15:08:17,945] {logging_mixin.py:109} INFO - [2022-02-28 15:08:17,944] {dagbag.py:500} INFO - Filling up the DagBag from /opt/anaconda3/envs/airflow/lib/python3.7/site-packages/airflow/example_dags/example_short_circuit_operator.py
[2022-02-28 15:08:17,988] {processor.py:654} INFO - DAG(s) dict_keys(['example_short_circuit_operator']) retrieved from /opt/anaconda3/envs/airflow/lib/python3.7/site-packages/airflow/example_dags/example_short_circuit_operator.py
[2022-02-28 15:08:18,007] {logging_mixin.py:109} INFO - [2022-02-28 15:08:18,006] {dag.py:2398} INFO - Sync 1 DAGs
[2022-02-28 15:08:18,039] {logging_mixin.py:109} INFO - [2022-02-28 15:08:18,038] {dag.py:2937} INFO - Setting next_dagrun for example_short_circuit_operator to 2022-02-27T07:08:18.038233+00:00
[2022-02-28 15:08:18,053] {processor.py:171} INFO - Processing /opt/anaconda3/envs/airflow/lib/python3.7/site-packages/airflow/example_dags/example_short_circuit_operator.py took 0.117 seconds
[2022-02-28 15:08:55,590] {processor.py:163} INFO - Started process (PID=35379) to work on /opt/anaconda3/envs/airflow/lib/python3.7/site-packages/airflow/example_dags/example_short_circuit_operator.py
[2022-02-28 15:08:55,592] {processor.py:642} INFO - Processing file /opt/anaconda3/envs/airflow/lib/python3.7/site-packages/airflow/example_dags/example_short_circuit_operator.py for tasks to queue
[2022-02-28 15:08:55,595] {logging_mixin.py:109} INFO - [2022-02-28 15:08:55,593] {dagbag.py:500} INFO - Filling up the DagBag from /opt/anaconda3/envs/airflow/lib/python3.7/site-packages/airflow/example_dags/example_short_circuit_operator.py
[2022-02-28 15:08:55,687] {processor.py:654} INFO - DAG(s) dict_keys(['example_short_circuit_operator']) retrieved from /opt/anaconda3/envs/airflow/lib/python3.7/site-packages/airflow/example_dags/example_short_circuit_operator.py
[2022-02-28 15:08:55,736] {logging_mixin.py:109} INFO - [2022-02-28 15:08:55,736] {dag.py:2398} INFO - Sync 1 DAGs
[2022-02-28 15:08:55,772] {logging_mixin.py:109} INFO - [2022-02-28 15:08:55,771] {dag.py:2937} INFO - Setting next_dagrun for example_short_circuit_operator to 2022-02-27T07:08:55.770776+00:00
[2022-02-28 15:08:55,791] {processor.py:171} INFO - Processing /opt/anaconda3/envs/airflow/lib/python3.7/site-packages/airflow/example_dags/example_short_circuit_operator.py took 0.206 seconds
[2022-02-28 15:10:06,156] {processor.py:163} INFO - Started process (PID=35563) to work on /opt/anaconda3/envs/airflow/lib/python3.7/site-packages/airflow/example_dags/example_short_circuit_operator.py
[2022-02-28 15:10:06,158] {processor.py:642} INFO - Processing file /opt/anaconda3/envs/airflow/lib/python3.7/site-packages/airflow/example_dags/example_short_circuit_operator.py for tasks to queue
[2022-02-28 15:10:06,159] {logging_mixin.py:109} INFO - [2022-02-28 15:10:06,159] {dagbag.py:500} INFO - Filling up the DagBag from /opt/anaconda3/envs/airflow/lib/python3.7/site-packages/airflow/example_dags/example_short_circuit_operator.py
[2022-02-28 15:10:06,196] {processor.py:654} INFO - DAG(s) dict_keys(['example_short_circuit_operator']) retrieved from /opt/anaconda3/envs/airflow/lib/python3.7/site-packages/airflow/example_dags/example_short_circuit_operator.py
[2022-02-28 15:10:06,206] {logging_mixin.py:109} INFO - [2022-02-28 15:10:06,205] {dag.py:2398} INFO - Sync 1 DAGs
[2022-02-28 15:10:06,219] {logging_mixin.py:109} INFO - [2022-02-28 15:10:06,218] {dag.py:2937} INFO - Setting next_dagrun for example_short_circuit_operator to 2022-02-27T07:10:06.218649+00:00
[2022-02-28 15:10:06,229] {processor.py:171} INFO - Processing /opt/anaconda3/envs/airflow/lib/python3.7/site-packages/airflow/example_dags/example_short_circuit_operator.py took 0.076 seconds
[2022-02-28 15:10:44,029] {processor.py:163} INFO - Started process (PID=35667) to work on /opt/anaconda3/envs/airflow/lib/python3.7/site-packages/airflow/example_dags/example_short_circuit_operator.py
[2022-02-28 15:10:44,031] {processor.py:642} INFO - Processing file /opt/anaconda3/envs/airflow/lib/python3.7/site-packages/airflow/example_dags/example_short_circuit_operator.py for tasks to queue
[2022-02-28 15:10:44,032] {logging_mixin.py:109} INFO - [2022-02-28 15:10:44,031] {dagbag.py:500} INFO - Filling up the DagBag from /opt/anaconda3/envs/airflow/lib/python3.7/site-packages/airflow/example_dags/example_short_circuit_operator.py
[2022-02-28 15:10:44,065] {processor.py:654} INFO - DAG(s) dict_keys(['example_short_circuit_operator']) retrieved from /opt/anaconda3/envs/airflow/lib/python3.7/site-packages/airflow/example_dags/example_short_circuit_operator.py
[2022-02-28 15:10:44,076] {logging_mixin.py:109} INFO - [2022-02-28 15:10:44,076] {dag.py:2398} INFO - Sync 1 DAGs
[2022-02-28 15:10:44,090] {logging_mixin.py:109} INFO - [2022-02-28 15:10:44,090] {dag.py:2937} INFO - Setting next_dagrun for example_short_circuit_operator to 2022-02-27T07:10:44.090092+00:00
[2022-02-28 15:10:44,103] {processor.py:171} INFO - Processing /opt/anaconda3/envs/airflow/lib/python3.7/site-packages/airflow/example_dags/example_short_circuit_operator.py took 0.078 seconds
[2022-02-28 15:16:09,783] {processor.py:163} INFO - Started process (PID=36085) to work on /opt/anaconda3/envs/airflow/lib/python3.7/site-packages/airflow/example_dags/example_short_circuit_operator.py
[2022-02-28 15:16:09,786] {processor.py:642} INFO - Processing file /opt/anaconda3/envs/airflow/lib/python3.7/site-packages/airflow/example_dags/example_short_circuit_operator.py for tasks to queue
[2022-02-28 15:16:09,787] {logging_mixin.py:109} INFO - [2022-02-28 15:16:09,787] {dagbag.py:500} INFO - Filling up the DagBag from /opt/anaconda3/envs/airflow/lib/python3.7/site-packages/airflow/example_dags/example_short_circuit_operator.py
[2022-02-28 15:16:09,819] {processor.py:654} INFO - DAG(s) dict_keys(['example_short_circuit_operator']) retrieved from /opt/anaconda3/envs/airflow/lib/python3.7/site-packages/airflow/example_dags/example_short_circuit_operator.py
[2022-02-28 15:16:09,831] {logging_mixin.py:109} INFO - [2022-02-28 15:16:09,831] {dag.py:2398} INFO - Sync 1 DAGs
[2022-02-28 15:16:09,848] {logging_mixin.py:109} INFO - [2022-02-28 15:16:09,847] {dag.py:2937} INFO - Setting next_dagrun for example_short_circuit_operator to 2022-02-27T07:16:09.847488+00:00
[2022-02-28 15:16:09,857] {processor.py:171} INFO - Processing /opt/anaconda3/envs/airflow/lib/python3.7/site-packages/airflow/example_dags/example_short_circuit_operator.py took 0.077 seconds
[2022-02-28 15:19:16,764] {processor.py:163} INFO - Started process (PID=36317) to work on /opt/anaconda3/envs/airflow/lib/python3.7/site-packages/airflow/example_dags/example_short_circuit_operator.py
[2022-02-28 15:19:16,766] {processor.py:642} INFO - Processing file /opt/anaconda3/envs/airflow/lib/python3.7/site-packages/airflow/example_dags/example_short_circuit_operator.py for tasks to queue
[2022-02-28 15:19:16,768] {logging_mixin.py:109} INFO - [2022-02-28 15:19:16,768] {dagbag.py:500} INFO - Filling up the DagBag from /opt/anaconda3/envs/airflow/lib/python3.7/site-packages/airflow/example_dags/example_short_circuit_operator.py
[2022-02-28 15:19:16,824] {processor.py:654} INFO - DAG(s) dict_keys(['example_short_circuit_operator']) retrieved from /opt/anaconda3/envs/airflow/lib/python3.7/site-packages/airflow/example_dags/example_short_circuit_operator.py
[2022-02-28 15:19:16,839] {logging_mixin.py:109} INFO - [2022-02-28 15:19:16,838] {dag.py:2398} INFO - Sync 1 DAGs
[2022-02-28 15:19:16,863] {logging_mixin.py:109} INFO - [2022-02-28 15:19:16,862] {dag.py:2937} INFO - Setting next_dagrun for example_short_circuit_operator to 2022-02-27T07:19:16.862344+00:00
[2022-02-28 15:19:16,889] {processor.py:171} INFO - Processing /opt/anaconda3/envs/airflow/lib/python3.7/site-packages/airflow/example_dags/example_short_circuit_operator.py took 0.130 seconds
[2022-02-28 15:19:54,382] {processor.py:163} INFO - Started process (PID=36380) to work on /opt/anaconda3/envs/airflow/lib/python3.7/site-packages/airflow/example_dags/example_short_circuit_operator.py
[2022-02-28 15:19:54,386] {processor.py:642} INFO - Processing file /opt/anaconda3/envs/airflow/lib/python3.7/site-packages/airflow/example_dags/example_short_circuit_operator.py for tasks to queue
[2022-02-28 15:19:54,387] {logging_mixin.py:109} INFO - [2022-02-28 15:19:54,387] {dagbag.py:500} INFO - Filling up the DagBag from /opt/anaconda3/envs/airflow/lib/python3.7/site-packages/airflow/example_dags/example_short_circuit_operator.py
[2022-02-28 15:19:54,454] {processor.py:654} INFO - DAG(s) dict_keys(['example_short_circuit_operator']) retrieved from /opt/anaconda3/envs/airflow/lib/python3.7/site-packages/airflow/example_dags/example_short_circuit_operator.py
[2022-02-28 15:19:54,468] {logging_mixin.py:109} INFO - [2022-02-28 15:19:54,468] {dag.py:2398} INFO - Sync 1 DAGs
[2022-02-28 15:19:54,500] {logging_mixin.py:109} INFO - [2022-02-28 15:19:54,499] {dag.py:2937} INFO - Setting next_dagrun for example_short_circuit_operator to 2022-02-27T07:19:54.498649+00:00
[2022-02-28 15:19:54,522] {processor.py:171} INFO - Processing /opt/anaconda3/envs/airflow/lib/python3.7/site-packages/airflow/example_dags/example_short_circuit_operator.py took 0.144 seconds
[2022-02-28 15:20:36,786] {processor.py:163} INFO - Started process (PID=36491) to work on /opt/anaconda3/envs/airflow/lib/python3.7/site-packages/airflow/example_dags/example_short_circuit_operator.py
[2022-02-28 15:20:36,789] {processor.py:642} INFO - Processing file /opt/anaconda3/envs/airflow/lib/python3.7/site-packages/airflow/example_dags/example_short_circuit_operator.py for tasks to queue
[2022-02-28 15:20:36,790] {logging_mixin.py:109} INFO - [2022-02-28 15:20:36,790] {dagbag.py:500} INFO - Filling up the DagBag from /opt/anaconda3/envs/airflow/lib/python3.7/site-packages/airflow/example_dags/example_short_circuit_operator.py
[2022-02-28 15:20:36,832] {processor.py:654} INFO - DAG(s) dict_keys(['example_short_circuit_operator']) retrieved from /opt/anaconda3/envs/airflow/lib/python3.7/site-packages/airflow/example_dags/example_short_circuit_operator.py
[2022-02-28 15:20:36,848] {logging_mixin.py:109} INFO - [2022-02-28 15:20:36,847] {dag.py:2398} INFO - Sync 1 DAGs
[2022-02-28 15:20:36,869] {logging_mixin.py:109} INFO - [2022-02-28 15:20:36,869] {dag.py:2937} INFO - Setting next_dagrun for example_short_circuit_operator to 2022-02-27T07:20:36.868838+00:00
[2022-02-28 15:20:36,884] {processor.py:171} INFO - Processing /opt/anaconda3/envs/airflow/lib/python3.7/site-packages/airflow/example_dags/example_short_circuit_operator.py took 0.103 seconds
[2022-02-28 15:21:18,879] {processor.py:163} INFO - Started process (PID=36536) to work on /opt/anaconda3/envs/airflow/lib/python3.7/site-packages/airflow/example_dags/example_short_circuit_operator.py
[2022-02-28 15:21:18,883] {processor.py:642} INFO - Processing file /opt/anaconda3/envs/airflow/lib/python3.7/site-packages/airflow/example_dags/example_short_circuit_operator.py for tasks to queue
[2022-02-28 15:21:18,886] {logging_mixin.py:109} INFO - [2022-02-28 15:21:18,885] {dagbag.py:500} INFO - Filling up the DagBag from /opt/anaconda3/envs/airflow/lib/python3.7/site-packages/airflow/example_dags/example_short_circuit_operator.py
[2022-02-28 15:21:18,926] {processor.py:654} INFO - DAG(s) dict_keys(['example_short_circuit_operator']) retrieved from /opt/anaconda3/envs/airflow/lib/python3.7/site-packages/airflow/example_dags/example_short_circuit_operator.py
[2022-02-28 15:21:18,942] {logging_mixin.py:109} INFO - [2022-02-28 15:21:18,941] {dag.py:2398} INFO - Sync 1 DAGs
[2022-02-28 15:21:18,959] {logging_mixin.py:109} INFO - [2022-02-28 15:21:18,959] {dag.py:2937} INFO - Setting next_dagrun for example_short_circuit_operator to 2022-02-27T07:21:18.958645+00:00
[2022-02-28 15:21:18,973] {processor.py:171} INFO - Processing /opt/anaconda3/envs/airflow/lib/python3.7/site-packages/airflow/example_dags/example_short_circuit_operator.py took 0.098 seconds
[2022-02-28 15:21:59,612] {processor.py:163} INFO - Started process (PID=36577) to work on /opt/anaconda3/envs/airflow/lib/python3.7/site-packages/airflow/example_dags/example_short_circuit_operator.py
[2022-02-28 15:21:59,614] {processor.py:642} INFO - Processing file /opt/anaconda3/envs/airflow/lib/python3.7/site-packages/airflow/example_dags/example_short_circuit_operator.py for tasks to queue
[2022-02-28 15:21:59,617] {logging_mixin.py:109} INFO - [2022-02-28 15:21:59,615] {dagbag.py:500} INFO - Filling up the DagBag from /opt/anaconda3/envs/airflow/lib/python3.7/site-packages/airflow/example_dags/example_short_circuit_operator.py
[2022-02-28 15:21:59,696] {processor.py:654} INFO - DAG(s) dict_keys(['example_short_circuit_operator']) retrieved from /opt/anaconda3/envs/airflow/lib/python3.7/site-packages/airflow/example_dags/example_short_circuit_operator.py
[2022-02-28 15:21:59,726] {logging_mixin.py:109} INFO - [2022-02-28 15:21:59,726] {dag.py:2398} INFO - Sync 1 DAGs
[2022-02-28 15:21:59,761] {logging_mixin.py:109} INFO - [2022-02-28 15:21:59,761] {dag.py:2937} INFO - Setting next_dagrun for example_short_circuit_operator to 2022-02-27T07:21:59.760775+00:00
[2022-02-28 15:21:59,781] {processor.py:171} INFO - Processing /opt/anaconda3/envs/airflow/lib/python3.7/site-packages/airflow/example_dags/example_short_circuit_operator.py took 0.178 seconds
[2022-02-28 15:22:38,365] {processor.py:163} INFO - Started process (PID=36614) to work on /opt/anaconda3/envs/airflow/lib/python3.7/site-packages/airflow/example_dags/example_short_circuit_operator.py
[2022-02-28 15:22:38,367] {processor.py:642} INFO - Processing file /opt/anaconda3/envs/airflow/lib/python3.7/site-packages/airflow/example_dags/example_short_circuit_operator.py for tasks to queue
[2022-02-28 15:22:38,368] {logging_mixin.py:109} INFO - [2022-02-28 15:22:38,367] {dagbag.py:500} INFO - Filling up the DagBag from /opt/anaconda3/envs/airflow/lib/python3.7/site-packages/airflow/example_dags/example_short_circuit_operator.py
[2022-02-28 15:22:38,444] {processor.py:654} INFO - DAG(s) dict_keys(['example_short_circuit_operator']) retrieved from /opt/anaconda3/envs/airflow/lib/python3.7/site-packages/airflow/example_dags/example_short_circuit_operator.py
[2022-02-28 15:22:38,456] {logging_mixin.py:109} INFO - [2022-02-28 15:22:38,456] {dag.py:2398} INFO - Sync 1 DAGs
[2022-02-28 15:22:38,472] {logging_mixin.py:109} INFO - [2022-02-28 15:22:38,472] {dag.py:2937} INFO - Setting next_dagrun for example_short_circuit_operator to 2022-02-27T07:22:38.471842+00:00
[2022-02-28 15:22:38,482] {processor.py:171} INFO - Processing /opt/anaconda3/envs/airflow/lib/python3.7/site-packages/airflow/example_dags/example_short_circuit_operator.py took 0.126 seconds
