[2022-02-28 14:25:47,508] {processor.py:163} INFO - Started process (PID=31707) to work on /opt/anaconda3/envs/airflow/lib/python3.7/site-packages/airflow/example_dags/example_external_task_marker_dag.py
[2022-02-28 14:25:47,510] {processor.py:642} INFO - Processing file /opt/anaconda3/envs/airflow/lib/python3.7/site-packages/airflow/example_dags/example_external_task_marker_dag.py for tasks to queue
[2022-02-28 14:25:47,511] {logging_mixin.py:109} INFO - [2022-02-28 14:25:47,510] {dagbag.py:500} INFO - Filling up the DagBag from /opt/anaconda3/envs/airflow/lib/python3.7/site-packages/airflow/example_dags/example_external_task_marker_dag.py
[2022-02-28 14:25:47,542] {processor.py:654} INFO - DAG(s) dict_keys(['example_external_task_marker_parent', 'example_external_task_marker_child']) retrieved from /opt/anaconda3/envs/airflow/lib/python3.7/site-packages/airflow/example_dags/example_external_task_marker_dag.py
[2022-02-28 14:25:47,555] {logging_mixin.py:109} INFO - [2022-02-28 14:25:47,555] {dag.py:2398} INFO - Sync 2 DAGs
[2022-02-28 14:25:47,569] {logging_mixin.py:109} INFO - [2022-02-28 14:25:47,569] {dag.py:2937} INFO - Setting next_dagrun for example_external_task_marker_child to None
[2022-02-28 14:25:47,570] {logging_mixin.py:109} INFO - [2022-02-28 14:25:47,569] {dag.py:2937} INFO - Setting next_dagrun for example_external_task_marker_parent to None
[2022-02-28 14:25:47,579] {processor.py:171} INFO - Processing /opt/anaconda3/envs/airflow/lib/python3.7/site-packages/airflow/example_dags/example_external_task_marker_dag.py took 0.075 seconds
[2022-02-28 14:26:28,340] {processor.py:163} INFO - Started process (PID=31760) to work on /opt/anaconda3/envs/airflow/lib/python3.7/site-packages/airflow/example_dags/example_external_task_marker_dag.py
[2022-02-28 14:26:28,343] {processor.py:642} INFO - Processing file /opt/anaconda3/envs/airflow/lib/python3.7/site-packages/airflow/example_dags/example_external_task_marker_dag.py for tasks to queue
[2022-02-28 14:26:28,345] {logging_mixin.py:109} INFO - [2022-02-28 14:26:28,344] {dagbag.py:500} INFO - Filling up the DagBag from /opt/anaconda3/envs/airflow/lib/python3.7/site-packages/airflow/example_dags/example_external_task_marker_dag.py
[2022-02-28 14:26:28,407] {processor.py:654} INFO - DAG(s) dict_keys(['example_external_task_marker_parent', 'example_external_task_marker_child']) retrieved from /opt/anaconda3/envs/airflow/lib/python3.7/site-packages/airflow/example_dags/example_external_task_marker_dag.py
[2022-02-28 14:26:28,433] {logging_mixin.py:109} INFO - [2022-02-28 14:26:28,432] {dag.py:2398} INFO - Sync 2 DAGs
[2022-02-28 14:26:28,459] {logging_mixin.py:109} INFO - [2022-02-28 14:26:28,459] {dag.py:2937} INFO - Setting next_dagrun for example_external_task_marker_child to None
[2022-02-28 14:26:28,460] {logging_mixin.py:109} INFO - [2022-02-28 14:26:28,460] {dag.py:2937} INFO - Setting next_dagrun for example_external_task_marker_parent to None
[2022-02-28 14:26:28,473] {processor.py:171} INFO - Processing /opt/anaconda3/envs/airflow/lib/python3.7/site-packages/airflow/example_dags/example_external_task_marker_dag.py took 0.141 seconds
[2022-02-28 14:27:11,975] {processor.py:163} INFO - Started process (PID=31815) to work on /opt/anaconda3/envs/airflow/lib/python3.7/site-packages/airflow/example_dags/example_external_task_marker_dag.py
[2022-02-28 14:27:11,977] {processor.py:642} INFO - Processing file /opt/anaconda3/envs/airflow/lib/python3.7/site-packages/airflow/example_dags/example_external_task_marker_dag.py for tasks to queue
[2022-02-28 14:27:11,978] {logging_mixin.py:109} INFO - [2022-02-28 14:27:11,977] {dagbag.py:500} INFO - Filling up the DagBag from /opt/anaconda3/envs/airflow/lib/python3.7/site-packages/airflow/example_dags/example_external_task_marker_dag.py
[2022-02-28 14:27:12,008] {processor.py:654} INFO - DAG(s) dict_keys(['example_external_task_marker_parent', 'example_external_task_marker_child']) retrieved from /opt/anaconda3/envs/airflow/lib/python3.7/site-packages/airflow/example_dags/example_external_task_marker_dag.py
[2022-02-28 14:27:12,023] {logging_mixin.py:109} INFO - [2022-02-28 14:27:12,023] {dag.py:2398} INFO - Sync 2 DAGs
[2022-02-28 14:27:12,037] {logging_mixin.py:109} INFO - [2022-02-28 14:27:12,036] {dag.py:2937} INFO - Setting next_dagrun for example_external_task_marker_child to None
[2022-02-28 14:27:12,038] {logging_mixin.py:109} INFO - [2022-02-28 14:27:12,037] {dag.py:2937} INFO - Setting next_dagrun for example_external_task_marker_parent to None
[2022-02-28 14:27:12,047] {processor.py:171} INFO - Processing /opt/anaconda3/envs/airflow/lib/python3.7/site-packages/airflow/example_dags/example_external_task_marker_dag.py took 0.076 seconds
[2022-02-28 14:27:57,471] {processor.py:163} INFO - Started process (PID=31887) to work on /opt/anaconda3/envs/airflow/lib/python3.7/site-packages/airflow/example_dags/example_external_task_marker_dag.py
[2022-02-28 14:27:57,474] {processor.py:642} INFO - Processing file /opt/anaconda3/envs/airflow/lib/python3.7/site-packages/airflow/example_dags/example_external_task_marker_dag.py for tasks to queue
[2022-02-28 14:27:57,475] {logging_mixin.py:109} INFO - [2022-02-28 14:27:57,475] {dagbag.py:500} INFO - Filling up the DagBag from /opt/anaconda3/envs/airflow/lib/python3.7/site-packages/airflow/example_dags/example_external_task_marker_dag.py
[2022-02-28 14:27:57,512] {processor.py:654} INFO - DAG(s) dict_keys(['example_external_task_marker_parent', 'example_external_task_marker_child']) retrieved from /opt/anaconda3/envs/airflow/lib/python3.7/site-packages/airflow/example_dags/example_external_task_marker_dag.py
[2022-02-28 14:27:57,526] {logging_mixin.py:109} INFO - [2022-02-28 14:27:57,526] {dag.py:2398} INFO - Sync 2 DAGs
[2022-02-28 14:27:57,540] {logging_mixin.py:109} INFO - [2022-02-28 14:27:57,540] {dag.py:2937} INFO - Setting next_dagrun for example_external_task_marker_child to None
[2022-02-28 14:27:57,540] {logging_mixin.py:109} INFO - [2022-02-28 14:27:57,540] {dag.py:2937} INFO - Setting next_dagrun for example_external_task_marker_parent to None
[2022-02-28 14:27:57,551] {processor.py:171} INFO - Processing /opt/anaconda3/envs/airflow/lib/python3.7/site-packages/airflow/example_dags/example_external_task_marker_dag.py took 0.084 seconds
[2022-02-28 14:29:15,254] {processor.py:163} INFO - Started process (PID=32054) to work on /opt/anaconda3/envs/airflow/lib/python3.7/site-packages/airflow/example_dags/example_external_task_marker_dag.py
[2022-02-28 14:29:15,256] {processor.py:642} INFO - Processing file /opt/anaconda3/envs/airflow/lib/python3.7/site-packages/airflow/example_dags/example_external_task_marker_dag.py for tasks to queue
[2022-02-28 14:29:15,257] {logging_mixin.py:109} INFO - [2022-02-28 14:29:15,257] {dagbag.py:500} INFO - Filling up the DagBag from /opt/anaconda3/envs/airflow/lib/python3.7/site-packages/airflow/example_dags/example_external_task_marker_dag.py
[2022-02-28 14:29:15,298] {processor.py:654} INFO - DAG(s) dict_keys(['example_external_task_marker_parent', 'example_external_task_marker_child']) retrieved from /opt/anaconda3/envs/airflow/lib/python3.7/site-packages/airflow/example_dags/example_external_task_marker_dag.py
[2022-02-28 14:29:15,319] {logging_mixin.py:109} INFO - [2022-02-28 14:29:15,318] {dag.py:2398} INFO - Sync 2 DAGs
[2022-02-28 14:29:15,338] {logging_mixin.py:109} INFO - [2022-02-28 14:29:15,338] {dag.py:2937} INFO - Setting next_dagrun for example_external_task_marker_child to None
[2022-02-28 14:29:15,339] {logging_mixin.py:109} INFO - [2022-02-28 14:29:15,339] {dag.py:2937} INFO - Setting next_dagrun for example_external_task_marker_parent to None
[2022-02-28 14:29:15,363] {processor.py:171} INFO - Processing /opt/anaconda3/envs/airflow/lib/python3.7/site-packages/airflow/example_dags/example_external_task_marker_dag.py took 0.113 seconds
[2022-02-28 14:29:56,925] {processor.py:163} INFO - Started process (PID=32103) to work on /opt/anaconda3/envs/airflow/lib/python3.7/site-packages/airflow/example_dags/example_external_task_marker_dag.py
[2022-02-28 14:29:56,927] {processor.py:642} INFO - Processing file /opt/anaconda3/envs/airflow/lib/python3.7/site-packages/airflow/example_dags/example_external_task_marker_dag.py for tasks to queue
[2022-02-28 14:29:56,928] {logging_mixin.py:109} INFO - [2022-02-28 14:29:56,927] {dagbag.py:500} INFO - Filling up the DagBag from /opt/anaconda3/envs/airflow/lib/python3.7/site-packages/airflow/example_dags/example_external_task_marker_dag.py
[2022-02-28 14:29:56,961] {processor.py:654} INFO - DAG(s) dict_keys(['example_external_task_marker_parent', 'example_external_task_marker_child']) retrieved from /opt/anaconda3/envs/airflow/lib/python3.7/site-packages/airflow/example_dags/example_external_task_marker_dag.py
[2022-02-28 14:29:56,977] {logging_mixin.py:109} INFO - [2022-02-28 14:29:56,976] {dag.py:2398} INFO - Sync 2 DAGs
[2022-02-28 14:29:56,992] {logging_mixin.py:109} INFO - [2022-02-28 14:29:56,992] {dag.py:2937} INFO - Setting next_dagrun for example_external_task_marker_child to None
[2022-02-28 14:29:56,993] {logging_mixin.py:109} INFO - [2022-02-28 14:29:56,993] {dag.py:2937} INFO - Setting next_dagrun for example_external_task_marker_parent to None
[2022-02-28 14:29:57,006] {processor.py:171} INFO - Processing /opt/anaconda3/envs/airflow/lib/python3.7/site-packages/airflow/example_dags/example_external_task_marker_dag.py took 0.084 seconds
[2022-02-28 14:30:41,315] {processor.py:163} INFO - Started process (PID=32159) to work on /opt/anaconda3/envs/airflow/lib/python3.7/site-packages/airflow/example_dags/example_external_task_marker_dag.py
[2022-02-28 14:30:41,317] {processor.py:642} INFO - Processing file /opt/anaconda3/envs/airflow/lib/python3.7/site-packages/airflow/example_dags/example_external_task_marker_dag.py for tasks to queue
[2022-02-28 14:30:41,318] {logging_mixin.py:109} INFO - [2022-02-28 14:30:41,318] {dagbag.py:500} INFO - Filling up the DagBag from /opt/anaconda3/envs/airflow/lib/python3.7/site-packages/airflow/example_dags/example_external_task_marker_dag.py
[2022-02-28 14:30:41,353] {processor.py:654} INFO - DAG(s) dict_keys(['example_external_task_marker_parent', 'example_external_task_marker_child']) retrieved from /opt/anaconda3/envs/airflow/lib/python3.7/site-packages/airflow/example_dags/example_external_task_marker_dag.py
[2022-02-28 14:30:41,367] {logging_mixin.py:109} INFO - [2022-02-28 14:30:41,367] {dag.py:2398} INFO - Sync 2 DAGs
[2022-02-28 14:30:41,387] {logging_mixin.py:109} INFO - [2022-02-28 14:30:41,386] {dag.py:2937} INFO - Setting next_dagrun for example_external_task_marker_child to None
[2022-02-28 14:30:41,387] {logging_mixin.py:109} INFO - [2022-02-28 14:30:41,387] {dag.py:2937} INFO - Setting next_dagrun for example_external_task_marker_parent to None
[2022-02-28 14:30:41,396] {processor.py:171} INFO - Processing /opt/anaconda3/envs/airflow/lib/python3.7/site-packages/airflow/example_dags/example_external_task_marker_dag.py took 0.086 seconds
[2022-02-28 14:31:21,169] {processor.py:163} INFO - Started process (PID=32209) to work on /opt/anaconda3/envs/airflow/lib/python3.7/site-packages/airflow/example_dags/example_external_task_marker_dag.py
[2022-02-28 14:31:21,172] {processor.py:642} INFO - Processing file /opt/anaconda3/envs/airflow/lib/python3.7/site-packages/airflow/example_dags/example_external_task_marker_dag.py for tasks to queue
[2022-02-28 14:31:21,173] {logging_mixin.py:109} INFO - [2022-02-28 14:31:21,173] {dagbag.py:500} INFO - Filling up the DagBag from /opt/anaconda3/envs/airflow/lib/python3.7/site-packages/airflow/example_dags/example_external_task_marker_dag.py
[2022-02-28 14:31:21,206] {processor.py:654} INFO - DAG(s) dict_keys(['example_external_task_marker_parent', 'example_external_task_marker_child']) retrieved from /opt/anaconda3/envs/airflow/lib/python3.7/site-packages/airflow/example_dags/example_external_task_marker_dag.py
[2022-02-28 14:31:21,219] {logging_mixin.py:109} INFO - [2022-02-28 14:31:21,218] {dag.py:2398} INFO - Sync 2 DAGs
[2022-02-28 14:31:21,234] {logging_mixin.py:109} INFO - [2022-02-28 14:31:21,233] {dag.py:2937} INFO - Setting next_dagrun for example_external_task_marker_child to None
[2022-02-28 14:31:21,234] {logging_mixin.py:109} INFO - [2022-02-28 14:31:21,234] {dag.py:2937} INFO - Setting next_dagrun for example_external_task_marker_parent to None
[2022-02-28 14:31:21,244] {processor.py:171} INFO - Processing /opt/anaconda3/envs/airflow/lib/python3.7/site-packages/airflow/example_dags/example_external_task_marker_dag.py took 0.079 seconds
[2022-02-28 14:33:16,933] {processor.py:163} INFO - Started process (PID=32339) to work on /opt/anaconda3/envs/airflow/lib/python3.7/site-packages/airflow/example_dags/example_external_task_marker_dag.py
[2022-02-28 14:33:16,935] {processor.py:642} INFO - Processing file /opt/anaconda3/envs/airflow/lib/python3.7/site-packages/airflow/example_dags/example_external_task_marker_dag.py for tasks to queue
[2022-02-28 14:33:16,936] {logging_mixin.py:109} INFO - [2022-02-28 14:33:16,936] {dagbag.py:500} INFO - Filling up the DagBag from /opt/anaconda3/envs/airflow/lib/python3.7/site-packages/airflow/example_dags/example_external_task_marker_dag.py
[2022-02-28 14:33:16,976] {processor.py:654} INFO - DAG(s) dict_keys(['example_external_task_marker_parent', 'example_external_task_marker_child']) retrieved from /opt/anaconda3/envs/airflow/lib/python3.7/site-packages/airflow/example_dags/example_external_task_marker_dag.py
[2022-02-28 14:33:16,992] {logging_mixin.py:109} INFO - [2022-02-28 14:33:16,992] {dag.py:2398} INFO - Sync 2 DAGs
[2022-02-28 14:33:17,010] {logging_mixin.py:109} INFO - [2022-02-28 14:33:17,010] {dag.py:2937} INFO - Setting next_dagrun for example_external_task_marker_child to None
[2022-02-28 14:33:17,011] {logging_mixin.py:109} INFO - [2022-02-28 14:33:17,011] {dag.py:2937} INFO - Setting next_dagrun for example_external_task_marker_parent to None
[2022-02-28 14:33:17,023] {processor.py:171} INFO - Processing /opt/anaconda3/envs/airflow/lib/python3.7/site-packages/airflow/example_dags/example_external_task_marker_dag.py took 0.095 seconds
[2022-02-28 14:33:59,965] {processor.py:163} INFO - Started process (PID=32412) to work on /opt/anaconda3/envs/airflow/lib/python3.7/site-packages/airflow/example_dags/example_external_task_marker_dag.py
[2022-02-28 14:33:59,968] {processor.py:642} INFO - Processing file /opt/anaconda3/envs/airflow/lib/python3.7/site-packages/airflow/example_dags/example_external_task_marker_dag.py for tasks to queue
[2022-02-28 14:33:59,971] {logging_mixin.py:109} INFO - [2022-02-28 14:33:59,970] {dagbag.py:500} INFO - Filling up the DagBag from /opt/anaconda3/envs/airflow/lib/python3.7/site-packages/airflow/example_dags/example_external_task_marker_dag.py
[2022-02-28 14:34:00,007] {processor.py:654} INFO - DAG(s) dict_keys(['example_external_task_marker_parent', 'example_external_task_marker_child']) retrieved from /opt/anaconda3/envs/airflow/lib/python3.7/site-packages/airflow/example_dags/example_external_task_marker_dag.py
[2022-02-28 14:34:00,022] {logging_mixin.py:109} INFO - [2022-02-28 14:34:00,022] {dag.py:2398} INFO - Sync 2 DAGs
[2022-02-28 14:34:00,037] {logging_mixin.py:109} INFO - [2022-02-28 14:34:00,037] {dag.py:2937} INFO - Setting next_dagrun for example_external_task_marker_child to None
[2022-02-28 14:34:00,040] {logging_mixin.py:109} INFO - [2022-02-28 14:34:00,038] {dag.py:2937} INFO - Setting next_dagrun for example_external_task_marker_parent to None
[2022-02-28 14:34:00,051] {processor.py:171} INFO - Processing /opt/anaconda3/envs/airflow/lib/python3.7/site-packages/airflow/example_dags/example_external_task_marker_dag.py took 0.091 seconds
[2022-02-28 14:34:44,574] {processor.py:163} INFO - Started process (PID=32477) to work on /opt/anaconda3/envs/airflow/lib/python3.7/site-packages/airflow/example_dags/example_external_task_marker_dag.py
[2022-02-28 14:34:44,576] {processor.py:642} INFO - Processing file /opt/anaconda3/envs/airflow/lib/python3.7/site-packages/airflow/example_dags/example_external_task_marker_dag.py for tasks to queue
[2022-02-28 14:34:44,578] {logging_mixin.py:109} INFO - [2022-02-28 14:34:44,577] {dagbag.py:500} INFO - Filling up the DagBag from /opt/anaconda3/envs/airflow/lib/python3.7/site-packages/airflow/example_dags/example_external_task_marker_dag.py
[2022-02-28 14:34:44,613] {processor.py:654} INFO - DAG(s) dict_keys(['example_external_task_marker_parent', 'example_external_task_marker_child']) retrieved from /opt/anaconda3/envs/airflow/lib/python3.7/site-packages/airflow/example_dags/example_external_task_marker_dag.py
[2022-02-28 14:34:44,634] {logging_mixin.py:109} INFO - [2022-02-28 14:34:44,634] {dag.py:2398} INFO - Sync 2 DAGs
[2022-02-28 14:34:44,656] {logging_mixin.py:109} INFO - [2022-02-28 14:34:44,656] {dag.py:2937} INFO - Setting next_dagrun for example_external_task_marker_child to None
[2022-02-28 14:34:44,657] {logging_mixin.py:109} INFO - [2022-02-28 14:34:44,657] {dag.py:2937} INFO - Setting next_dagrun for example_external_task_marker_parent to None
[2022-02-28 14:34:44,669] {processor.py:171} INFO - Processing /opt/anaconda3/envs/airflow/lib/python3.7/site-packages/airflow/example_dags/example_external_task_marker_dag.py took 0.099 seconds
[2022-02-28 14:35:24,703] {processor.py:163} INFO - Started process (PID=32519) to work on /opt/anaconda3/envs/airflow/lib/python3.7/site-packages/airflow/example_dags/example_external_task_marker_dag.py
[2022-02-28 14:35:24,705] {processor.py:642} INFO - Processing file /opt/anaconda3/envs/airflow/lib/python3.7/site-packages/airflow/example_dags/example_external_task_marker_dag.py for tasks to queue
[2022-02-28 14:35:24,713] {logging_mixin.py:109} INFO - [2022-02-28 14:35:24,713] {dagbag.py:500} INFO - Filling up the DagBag from /opt/anaconda3/envs/airflow/lib/python3.7/site-packages/airflow/example_dags/example_external_task_marker_dag.py
[2022-02-28 14:35:24,751] {processor.py:654} INFO - DAG(s) dict_keys(['example_external_task_marker_parent', 'example_external_task_marker_child']) retrieved from /opt/anaconda3/envs/airflow/lib/python3.7/site-packages/airflow/example_dags/example_external_task_marker_dag.py
[2022-02-28 14:35:24,765] {logging_mixin.py:109} INFO - [2022-02-28 14:35:24,765] {dag.py:2398} INFO - Sync 2 DAGs
[2022-02-28 14:35:24,780] {logging_mixin.py:109} INFO - [2022-02-28 14:35:24,780] {dag.py:2937} INFO - Setting next_dagrun for example_external_task_marker_child to None
[2022-02-28 14:35:24,781] {logging_mixin.py:109} INFO - [2022-02-28 14:35:24,781] {dag.py:2937} INFO - Setting next_dagrun for example_external_task_marker_parent to None
[2022-02-28 14:35:24,792] {processor.py:171} INFO - Processing /opt/anaconda3/envs/airflow/lib/python3.7/site-packages/airflow/example_dags/example_external_task_marker_dag.py took 0.095 seconds
[2022-02-28 14:36:11,017] {processor.py:163} INFO - Started process (PID=32567) to work on /opt/anaconda3/envs/airflow/lib/python3.7/site-packages/airflow/example_dags/example_external_task_marker_dag.py
[2022-02-28 14:36:11,018] {processor.py:642} INFO - Processing file /opt/anaconda3/envs/airflow/lib/python3.7/site-packages/airflow/example_dags/example_external_task_marker_dag.py for tasks to queue
[2022-02-28 14:36:11,020] {logging_mixin.py:109} INFO - [2022-02-28 14:36:11,020] {dagbag.py:500} INFO - Filling up the DagBag from /opt/anaconda3/envs/airflow/lib/python3.7/site-packages/airflow/example_dags/example_external_task_marker_dag.py
[2022-02-28 14:36:11,053] {processor.py:654} INFO - DAG(s) dict_keys(['example_external_task_marker_parent', 'example_external_task_marker_child']) retrieved from /opt/anaconda3/envs/airflow/lib/python3.7/site-packages/airflow/example_dags/example_external_task_marker_dag.py
[2022-02-28 14:36:11,073] {logging_mixin.py:109} INFO - [2022-02-28 14:36:11,073] {dag.py:2398} INFO - Sync 2 DAGs
[2022-02-28 14:36:11,090] {logging_mixin.py:109} INFO - [2022-02-28 14:36:11,089] {dag.py:2937} INFO - Setting next_dagrun for example_external_task_marker_child to None
[2022-02-28 14:36:11,090] {logging_mixin.py:109} INFO - [2022-02-28 14:36:11,090] {dag.py:2937} INFO - Setting next_dagrun for example_external_task_marker_parent to None
[2022-02-28 14:36:11,100] {processor.py:171} INFO - Processing /opt/anaconda3/envs/airflow/lib/python3.7/site-packages/airflow/example_dags/example_external_task_marker_dag.py took 0.087 seconds
[2022-02-28 14:36:51,529] {processor.py:163} INFO - Started process (PID=32611) to work on /opt/anaconda3/envs/airflow/lib/python3.7/site-packages/airflow/example_dags/example_external_task_marker_dag.py
[2022-02-28 14:36:51,530] {processor.py:642} INFO - Processing file /opt/anaconda3/envs/airflow/lib/python3.7/site-packages/airflow/example_dags/example_external_task_marker_dag.py for tasks to queue
[2022-02-28 14:36:51,531] {logging_mixin.py:109} INFO - [2022-02-28 14:36:51,531] {dagbag.py:500} INFO - Filling up the DagBag from /opt/anaconda3/envs/airflow/lib/python3.7/site-packages/airflow/example_dags/example_external_task_marker_dag.py
[2022-02-28 14:36:51,565] {processor.py:654} INFO - DAG(s) dict_keys(['example_external_task_marker_parent', 'example_external_task_marker_child']) retrieved from /opt/anaconda3/envs/airflow/lib/python3.7/site-packages/airflow/example_dags/example_external_task_marker_dag.py
[2022-02-28 14:36:51,581] {logging_mixin.py:109} INFO - [2022-02-28 14:36:51,580] {dag.py:2398} INFO - Sync 2 DAGs
[2022-02-28 14:36:51,597] {logging_mixin.py:109} INFO - [2022-02-28 14:36:51,596] {dag.py:2937} INFO - Setting next_dagrun for example_external_task_marker_child to None
[2022-02-28 14:36:51,597] {logging_mixin.py:109} INFO - [2022-02-28 14:36:51,597] {dag.py:2937} INFO - Setting next_dagrun for example_external_task_marker_parent to None
[2022-02-28 14:36:51,607] {processor.py:171} INFO - Processing /opt/anaconda3/envs/airflow/lib/python3.7/site-packages/airflow/example_dags/example_external_task_marker_dag.py took 0.084 seconds
[2022-02-28 14:37:30,720] {processor.py:163} INFO - Started process (PID=32647) to work on /opt/anaconda3/envs/airflow/lib/python3.7/site-packages/airflow/example_dags/example_external_task_marker_dag.py
[2022-02-28 14:37:30,722] {processor.py:642} INFO - Processing file /opt/anaconda3/envs/airflow/lib/python3.7/site-packages/airflow/example_dags/example_external_task_marker_dag.py for tasks to queue
[2022-02-28 14:37:30,724] {logging_mixin.py:109} INFO - [2022-02-28 14:37:30,723] {dagbag.py:500} INFO - Filling up the DagBag from /opt/anaconda3/envs/airflow/lib/python3.7/site-packages/airflow/example_dags/example_external_task_marker_dag.py
[2022-02-28 14:37:30,755] {processor.py:654} INFO - DAG(s) dict_keys(['example_external_task_marker_parent', 'example_external_task_marker_child']) retrieved from /opt/anaconda3/envs/airflow/lib/python3.7/site-packages/airflow/example_dags/example_external_task_marker_dag.py
[2022-02-28 14:37:30,770] {logging_mixin.py:109} INFO - [2022-02-28 14:37:30,770] {dag.py:2398} INFO - Sync 2 DAGs
[2022-02-28 14:37:30,784] {logging_mixin.py:109} INFO - [2022-02-28 14:37:30,784] {dag.py:2937} INFO - Setting next_dagrun for example_external_task_marker_child to None
[2022-02-28 14:37:30,785] {logging_mixin.py:109} INFO - [2022-02-28 14:37:30,785] {dag.py:2937} INFO - Setting next_dagrun for example_external_task_marker_parent to None
[2022-02-28 14:37:30,797] {processor.py:171} INFO - Processing /opt/anaconda3/envs/airflow/lib/python3.7/site-packages/airflow/example_dags/example_external_task_marker_dag.py took 0.081 seconds
[2022-02-28 14:38:14,426] {processor.py:163} INFO - Started process (PID=32687) to work on /opt/anaconda3/envs/airflow/lib/python3.7/site-packages/airflow/example_dags/example_external_task_marker_dag.py
[2022-02-28 14:38:14,429] {processor.py:642} INFO - Processing file /opt/anaconda3/envs/airflow/lib/python3.7/site-packages/airflow/example_dags/example_external_task_marker_dag.py for tasks to queue
[2022-02-28 14:38:14,430] {logging_mixin.py:109} INFO - [2022-02-28 14:38:14,430] {dagbag.py:500} INFO - Filling up the DagBag from /opt/anaconda3/envs/airflow/lib/python3.7/site-packages/airflow/example_dags/example_external_task_marker_dag.py
[2022-02-28 14:38:14,461] {processor.py:654} INFO - DAG(s) dict_keys(['example_external_task_marker_parent', 'example_external_task_marker_child']) retrieved from /opt/anaconda3/envs/airflow/lib/python3.7/site-packages/airflow/example_dags/example_external_task_marker_dag.py
[2022-02-28 14:38:14,474] {logging_mixin.py:109} INFO - [2022-02-28 14:38:14,474] {dag.py:2398} INFO - Sync 2 DAGs
[2022-02-28 14:38:14,490] {logging_mixin.py:109} INFO - [2022-02-28 14:38:14,490] {dag.py:2937} INFO - Setting next_dagrun for example_external_task_marker_child to None
[2022-02-28 14:38:14,491] {logging_mixin.py:109} INFO - [2022-02-28 14:38:14,490] {dag.py:2937} INFO - Setting next_dagrun for example_external_task_marker_parent to None
[2022-02-28 14:38:14,502] {processor.py:171} INFO - Processing /opt/anaconda3/envs/airflow/lib/python3.7/site-packages/airflow/example_dags/example_external_task_marker_dag.py took 0.080 seconds
[2022-02-28 14:38:52,358] {processor.py:163} INFO - Started process (PID=32724) to work on /opt/anaconda3/envs/airflow/lib/python3.7/site-packages/airflow/example_dags/example_external_task_marker_dag.py
[2022-02-28 14:38:52,360] {processor.py:642} INFO - Processing file /opt/anaconda3/envs/airflow/lib/python3.7/site-packages/airflow/example_dags/example_external_task_marker_dag.py for tasks to queue
[2022-02-28 14:38:52,361] {logging_mixin.py:109} INFO - [2022-02-28 14:38:52,361] {dagbag.py:500} INFO - Filling up the DagBag from /opt/anaconda3/envs/airflow/lib/python3.7/site-packages/airflow/example_dags/example_external_task_marker_dag.py
[2022-02-28 14:38:52,393] {processor.py:654} INFO - DAG(s) dict_keys(['example_external_task_marker_parent', 'example_external_task_marker_child']) retrieved from /opt/anaconda3/envs/airflow/lib/python3.7/site-packages/airflow/example_dags/example_external_task_marker_dag.py
[2022-02-28 14:38:52,409] {logging_mixin.py:109} INFO - [2022-02-28 14:38:52,409] {dag.py:2398} INFO - Sync 2 DAGs
[2022-02-28 14:38:52,424] {logging_mixin.py:109} INFO - [2022-02-28 14:38:52,423] {dag.py:2937} INFO - Setting next_dagrun for example_external_task_marker_child to None
[2022-02-28 14:38:52,424] {logging_mixin.py:109} INFO - [2022-02-28 14:38:52,424] {dag.py:2937} INFO - Setting next_dagrun for example_external_task_marker_parent to None
[2022-02-28 14:38:52,436] {processor.py:171} INFO - Processing /opt/anaconda3/envs/airflow/lib/python3.7/site-packages/airflow/example_dags/example_external_task_marker_dag.py took 0.082 seconds
[2022-02-28 14:39:31,388] {processor.py:163} INFO - Started process (PID=32765) to work on /opt/anaconda3/envs/airflow/lib/python3.7/site-packages/airflow/example_dags/example_external_task_marker_dag.py
[2022-02-28 14:39:31,391] {processor.py:642} INFO - Processing file /opt/anaconda3/envs/airflow/lib/python3.7/site-packages/airflow/example_dags/example_external_task_marker_dag.py for tasks to queue
[2022-02-28 14:39:31,392] {logging_mixin.py:109} INFO - [2022-02-28 14:39:31,392] {dagbag.py:500} INFO - Filling up the DagBag from /opt/anaconda3/envs/airflow/lib/python3.7/site-packages/airflow/example_dags/example_external_task_marker_dag.py
[2022-02-28 14:39:31,429] {processor.py:654} INFO - DAG(s) dict_keys(['example_external_task_marker_parent', 'example_external_task_marker_child']) retrieved from /opt/anaconda3/envs/airflow/lib/python3.7/site-packages/airflow/example_dags/example_external_task_marker_dag.py
[2022-02-28 14:39:31,446] {logging_mixin.py:109} INFO - [2022-02-28 14:39:31,446] {dag.py:2398} INFO - Sync 2 DAGs
[2022-02-28 14:39:31,461] {logging_mixin.py:109} INFO - [2022-02-28 14:39:31,460] {dag.py:2937} INFO - Setting next_dagrun for example_external_task_marker_child to None
[2022-02-28 14:39:31,462] {logging_mixin.py:109} INFO - [2022-02-28 14:39:31,461] {dag.py:2937} INFO - Setting next_dagrun for example_external_task_marker_parent to None
[2022-02-28 14:39:31,476] {processor.py:171} INFO - Processing /opt/anaconda3/envs/airflow/lib/python3.7/site-packages/airflow/example_dags/example_external_task_marker_dag.py took 0.092 seconds
[2022-02-28 14:40:11,599] {processor.py:163} INFO - Started process (PID=32813) to work on /opt/anaconda3/envs/airflow/lib/python3.7/site-packages/airflow/example_dags/example_external_task_marker_dag.py
[2022-02-28 14:40:11,601] {processor.py:642} INFO - Processing file /opt/anaconda3/envs/airflow/lib/python3.7/site-packages/airflow/example_dags/example_external_task_marker_dag.py for tasks to queue
[2022-02-28 14:40:11,602] {logging_mixin.py:109} INFO - [2022-02-28 14:40:11,602] {dagbag.py:500} INFO - Filling up the DagBag from /opt/anaconda3/envs/airflow/lib/python3.7/site-packages/airflow/example_dags/example_external_task_marker_dag.py
[2022-02-28 14:40:11,637] {processor.py:654} INFO - DAG(s) dict_keys(['example_external_task_marker_parent', 'example_external_task_marker_child']) retrieved from /opt/anaconda3/envs/airflow/lib/python3.7/site-packages/airflow/example_dags/example_external_task_marker_dag.py
[2022-02-28 14:40:11,653] {logging_mixin.py:109} INFO - [2022-02-28 14:40:11,653] {dag.py:2398} INFO - Sync 2 DAGs
[2022-02-28 14:40:11,670] {logging_mixin.py:109} INFO - [2022-02-28 14:40:11,669] {dag.py:2937} INFO - Setting next_dagrun for example_external_task_marker_child to None
[2022-02-28 14:40:11,670] {logging_mixin.py:109} INFO - [2022-02-28 14:40:11,670] {dag.py:2937} INFO - Setting next_dagrun for example_external_task_marker_parent to None
[2022-02-28 14:40:11,682] {processor.py:171} INFO - Processing /opt/anaconda3/envs/airflow/lib/python3.7/site-packages/airflow/example_dags/example_external_task_marker_dag.py took 0.088 seconds
[2022-02-28 14:40:52,902] {processor.py:163} INFO - Started process (PID=32852) to work on /opt/anaconda3/envs/airflow/lib/python3.7/site-packages/airflow/example_dags/example_external_task_marker_dag.py
[2022-02-28 14:40:52,903] {processor.py:642} INFO - Processing file /opt/anaconda3/envs/airflow/lib/python3.7/site-packages/airflow/example_dags/example_external_task_marker_dag.py for tasks to queue
[2022-02-28 14:40:52,904] {logging_mixin.py:109} INFO - [2022-02-28 14:40:52,904] {dagbag.py:500} INFO - Filling up the DagBag from /opt/anaconda3/envs/airflow/lib/python3.7/site-packages/airflow/example_dags/example_external_task_marker_dag.py
[2022-02-28 14:40:52,934] {processor.py:654} INFO - DAG(s) dict_keys(['example_external_task_marker_parent', 'example_external_task_marker_child']) retrieved from /opt/anaconda3/envs/airflow/lib/python3.7/site-packages/airflow/example_dags/example_external_task_marker_dag.py
[2022-02-28 14:40:52,951] {logging_mixin.py:109} INFO - [2022-02-28 14:40:52,951] {dag.py:2398} INFO - Sync 2 DAGs
[2022-02-28 14:40:52,965] {logging_mixin.py:109} INFO - [2022-02-28 14:40:52,965] {dag.py:2937} INFO - Setting next_dagrun for example_external_task_marker_child to None
[2022-02-28 14:40:52,966] {logging_mixin.py:109} INFO - [2022-02-28 14:40:52,965] {dag.py:2937} INFO - Setting next_dagrun for example_external_task_marker_parent to None
[2022-02-28 14:40:52,977] {processor.py:171} INFO - Processing /opt/anaconda3/envs/airflow/lib/python3.7/site-packages/airflow/example_dags/example_external_task_marker_dag.py took 0.080 seconds
[2022-02-28 14:41:36,429] {processor.py:163} INFO - Started process (PID=32894) to work on /opt/anaconda3/envs/airflow/lib/python3.7/site-packages/airflow/example_dags/example_external_task_marker_dag.py
[2022-02-28 14:41:36,431] {processor.py:642} INFO - Processing file /opt/anaconda3/envs/airflow/lib/python3.7/site-packages/airflow/example_dags/example_external_task_marker_dag.py for tasks to queue
[2022-02-28 14:41:36,432] {logging_mixin.py:109} INFO - [2022-02-28 14:41:36,432] {dagbag.py:500} INFO - Filling up the DagBag from /opt/anaconda3/envs/airflow/lib/python3.7/site-packages/airflow/example_dags/example_external_task_marker_dag.py
[2022-02-28 14:41:36,466] {processor.py:654} INFO - DAG(s) dict_keys(['example_external_task_marker_parent', 'example_external_task_marker_child']) retrieved from /opt/anaconda3/envs/airflow/lib/python3.7/site-packages/airflow/example_dags/example_external_task_marker_dag.py
[2022-02-28 14:41:36,481] {logging_mixin.py:109} INFO - [2022-02-28 14:41:36,481] {dag.py:2398} INFO - Sync 2 DAGs
[2022-02-28 14:41:36,496] {logging_mixin.py:109} INFO - [2022-02-28 14:41:36,495] {dag.py:2937} INFO - Setting next_dagrun for example_external_task_marker_child to None
[2022-02-28 14:41:36,496] {logging_mixin.py:109} INFO - [2022-02-28 14:41:36,496] {dag.py:2937} INFO - Setting next_dagrun for example_external_task_marker_parent to None
[2022-02-28 14:41:36,507] {processor.py:171} INFO - Processing /opt/anaconda3/envs/airflow/lib/python3.7/site-packages/airflow/example_dags/example_external_task_marker_dag.py took 0.082 seconds
[2022-02-28 14:42:22,898] {processor.py:163} INFO - Started process (PID=32943) to work on /opt/anaconda3/envs/airflow/lib/python3.7/site-packages/airflow/example_dags/example_external_task_marker_dag.py
[2022-02-28 14:42:22,901] {processor.py:642} INFO - Processing file /opt/anaconda3/envs/airflow/lib/python3.7/site-packages/airflow/example_dags/example_external_task_marker_dag.py for tasks to queue
[2022-02-28 14:42:22,903] {logging_mixin.py:109} INFO - [2022-02-28 14:42:22,903] {dagbag.py:500} INFO - Filling up the DagBag from /opt/anaconda3/envs/airflow/lib/python3.7/site-packages/airflow/example_dags/example_external_task_marker_dag.py
[2022-02-28 14:42:22,940] {processor.py:654} INFO - DAG(s) dict_keys(['example_external_task_marker_parent', 'example_external_task_marker_child']) retrieved from /opt/anaconda3/envs/airflow/lib/python3.7/site-packages/airflow/example_dags/example_external_task_marker_dag.py
[2022-02-28 14:42:22,960] {logging_mixin.py:109} INFO - [2022-02-28 14:42:22,959] {dag.py:2398} INFO - Sync 2 DAGs
[2022-02-28 14:42:22,977] {logging_mixin.py:109} INFO - [2022-02-28 14:42:22,976] {dag.py:2937} INFO - Setting next_dagrun for example_external_task_marker_child to None
[2022-02-28 14:42:22,978] {logging_mixin.py:109} INFO - [2022-02-28 14:42:22,978] {dag.py:2937} INFO - Setting next_dagrun for example_external_task_marker_parent to None
[2022-02-28 14:42:22,988] {processor.py:171} INFO - Processing /opt/anaconda3/envs/airflow/lib/python3.7/site-packages/airflow/example_dags/example_external_task_marker_dag.py took 0.095 seconds
[2022-02-28 14:43:04,468] {processor.py:163} INFO - Started process (PID=32992) to work on /opt/anaconda3/envs/airflow/lib/python3.7/site-packages/airflow/example_dags/example_external_task_marker_dag.py
[2022-02-28 14:43:04,471] {processor.py:642} INFO - Processing file /opt/anaconda3/envs/airflow/lib/python3.7/site-packages/airflow/example_dags/example_external_task_marker_dag.py for tasks to queue
[2022-02-28 14:43:04,472] {logging_mixin.py:109} INFO - [2022-02-28 14:43:04,472] {dagbag.py:500} INFO - Filling up the DagBag from /opt/anaconda3/envs/airflow/lib/python3.7/site-packages/airflow/example_dags/example_external_task_marker_dag.py
[2022-02-28 14:43:04,503] {processor.py:654} INFO - DAG(s) dict_keys(['example_external_task_marker_parent', 'example_external_task_marker_child']) retrieved from /opt/anaconda3/envs/airflow/lib/python3.7/site-packages/airflow/example_dags/example_external_task_marker_dag.py
[2022-02-28 14:43:04,517] {logging_mixin.py:109} INFO - [2022-02-28 14:43:04,517] {dag.py:2398} INFO - Sync 2 DAGs
[2022-02-28 14:43:04,531] {logging_mixin.py:109} INFO - [2022-02-28 14:43:04,531] {dag.py:2937} INFO - Setting next_dagrun for example_external_task_marker_child to None
[2022-02-28 14:43:04,531] {logging_mixin.py:109} INFO - [2022-02-28 14:43:04,531] {dag.py:2937} INFO - Setting next_dagrun for example_external_task_marker_parent to None
[2022-02-28 14:43:04,543] {processor.py:171} INFO - Processing /opt/anaconda3/envs/airflow/lib/python3.7/site-packages/airflow/example_dags/example_external_task_marker_dag.py took 0.079 seconds
[2022-02-28 14:43:44,034] {processor.py:163} INFO - Started process (PID=33033) to work on /opt/anaconda3/envs/airflow/lib/python3.7/site-packages/airflow/example_dags/example_external_task_marker_dag.py
[2022-02-28 14:43:44,035] {processor.py:642} INFO - Processing file /opt/anaconda3/envs/airflow/lib/python3.7/site-packages/airflow/example_dags/example_external_task_marker_dag.py for tasks to queue
[2022-02-28 14:43:44,037] {logging_mixin.py:109} INFO - [2022-02-28 14:43:44,036] {dagbag.py:500} INFO - Filling up the DagBag from /opt/anaconda3/envs/airflow/lib/python3.7/site-packages/airflow/example_dags/example_external_task_marker_dag.py
[2022-02-28 14:43:44,070] {processor.py:654} INFO - DAG(s) dict_keys(['example_external_task_marker_parent', 'example_external_task_marker_child']) retrieved from /opt/anaconda3/envs/airflow/lib/python3.7/site-packages/airflow/example_dags/example_external_task_marker_dag.py
[2022-02-28 14:43:44,085] {logging_mixin.py:109} INFO - [2022-02-28 14:43:44,085] {dag.py:2398} INFO - Sync 2 DAGs
[2022-02-28 14:43:44,100] {logging_mixin.py:109} INFO - [2022-02-28 14:43:44,100] {dag.py:2937} INFO - Setting next_dagrun for example_external_task_marker_child to None
[2022-02-28 14:43:44,101] {logging_mixin.py:109} INFO - [2022-02-28 14:43:44,100] {dag.py:2937} INFO - Setting next_dagrun for example_external_task_marker_parent to None
[2022-02-28 14:43:44,110] {processor.py:171} INFO - Processing /opt/anaconda3/envs/airflow/lib/python3.7/site-packages/airflow/example_dags/example_external_task_marker_dag.py took 0.081 seconds
[2022-02-28 14:44:38,636] {processor.py:163} INFO - Started process (PID=33097) to work on /opt/anaconda3/envs/airflow/lib/python3.7/site-packages/airflow/example_dags/example_external_task_marker_dag.py
[2022-02-28 14:44:38,637] {processor.py:642} INFO - Processing file /opt/anaconda3/envs/airflow/lib/python3.7/site-packages/airflow/example_dags/example_external_task_marker_dag.py for tasks to queue
[2022-02-28 14:44:38,639] {logging_mixin.py:109} INFO - [2022-02-28 14:44:38,638] {dagbag.py:500} INFO - Filling up the DagBag from /opt/anaconda3/envs/airflow/lib/python3.7/site-packages/airflow/example_dags/example_external_task_marker_dag.py
[2022-02-28 14:44:38,676] {processor.py:654} INFO - DAG(s) dict_keys(['example_external_task_marker_parent', 'example_external_task_marker_child']) retrieved from /opt/anaconda3/envs/airflow/lib/python3.7/site-packages/airflow/example_dags/example_external_task_marker_dag.py
[2022-02-28 14:44:38,691] {logging_mixin.py:109} INFO - [2022-02-28 14:44:38,691] {dag.py:2398} INFO - Sync 2 DAGs
[2022-02-28 14:44:38,708] {logging_mixin.py:109} INFO - [2022-02-28 14:44:38,708] {dag.py:2937} INFO - Setting next_dagrun for example_external_task_marker_child to None
[2022-02-28 14:44:38,709] {logging_mixin.py:109} INFO - [2022-02-28 14:44:38,709] {dag.py:2937} INFO - Setting next_dagrun for example_external_task_marker_parent to None
[2022-02-28 14:44:38,719] {processor.py:171} INFO - Processing /opt/anaconda3/envs/airflow/lib/python3.7/site-packages/airflow/example_dags/example_external_task_marker_dag.py took 0.087 seconds
[2022-02-28 14:45:20,099] {processor.py:163} INFO - Started process (PID=33156) to work on /opt/anaconda3/envs/airflow/lib/python3.7/site-packages/airflow/example_dags/example_external_task_marker_dag.py
[2022-02-28 14:45:20,101] {processor.py:642} INFO - Processing file /opt/anaconda3/envs/airflow/lib/python3.7/site-packages/airflow/example_dags/example_external_task_marker_dag.py for tasks to queue
[2022-02-28 14:45:20,104] {logging_mixin.py:109} INFO - [2022-02-28 14:45:20,104] {dagbag.py:500} INFO - Filling up the DagBag from /opt/anaconda3/envs/airflow/lib/python3.7/site-packages/airflow/example_dags/example_external_task_marker_dag.py
[2022-02-28 14:45:20,177] {processor.py:654} INFO - DAG(s) dict_keys(['example_external_task_marker_parent', 'example_external_task_marker_child']) retrieved from /opt/anaconda3/envs/airflow/lib/python3.7/site-packages/airflow/example_dags/example_external_task_marker_dag.py
[2022-02-28 14:45:20,203] {logging_mixin.py:109} INFO - [2022-02-28 14:45:20,203] {dag.py:2398} INFO - Sync 2 DAGs
[2022-02-28 14:45:20,232] {logging_mixin.py:109} INFO - [2022-02-28 14:45:20,232] {dag.py:2937} INFO - Setting next_dagrun for example_external_task_marker_child to None
[2022-02-28 14:45:20,235] {logging_mixin.py:109} INFO - [2022-02-28 14:45:20,233] {dag.py:2937} INFO - Setting next_dagrun for example_external_task_marker_parent to None
[2022-02-28 14:45:20,254] {processor.py:171} INFO - Processing /opt/anaconda3/envs/airflow/lib/python3.7/site-packages/airflow/example_dags/example_external_task_marker_dag.py took 0.164 seconds
[2022-02-28 14:46:08,103] {processor.py:163} INFO - Started process (PID=33221) to work on /opt/anaconda3/envs/airflow/lib/python3.7/site-packages/airflow/example_dags/example_external_task_marker_dag.py
[2022-02-28 14:46:08,106] {processor.py:642} INFO - Processing file /opt/anaconda3/envs/airflow/lib/python3.7/site-packages/airflow/example_dags/example_external_task_marker_dag.py for tasks to queue
[2022-02-28 14:46:08,107] {logging_mixin.py:109} INFO - [2022-02-28 14:46:08,107] {dagbag.py:500} INFO - Filling up the DagBag from /opt/anaconda3/envs/airflow/lib/python3.7/site-packages/airflow/example_dags/example_external_task_marker_dag.py
[2022-02-28 14:46:08,140] {processor.py:654} INFO - DAG(s) dict_keys(['example_external_task_marker_parent', 'example_external_task_marker_child']) retrieved from /opt/anaconda3/envs/airflow/lib/python3.7/site-packages/airflow/example_dags/example_external_task_marker_dag.py
[2022-02-28 14:46:08,154] {logging_mixin.py:109} INFO - [2022-02-28 14:46:08,154] {dag.py:2398} INFO - Sync 2 DAGs
[2022-02-28 14:46:08,168] {logging_mixin.py:109} INFO - [2022-02-28 14:46:08,168] {dag.py:2937} INFO - Setting next_dagrun for example_external_task_marker_child to None
[2022-02-28 14:46:08,169] {logging_mixin.py:109} INFO - [2022-02-28 14:46:08,168] {dag.py:2937} INFO - Setting next_dagrun for example_external_task_marker_parent to None
[2022-02-28 14:46:08,179] {processor.py:171} INFO - Processing /opt/anaconda3/envs/airflow/lib/python3.7/site-packages/airflow/example_dags/example_external_task_marker_dag.py took 0.082 seconds
[2022-02-28 14:46:47,903] {processor.py:163} INFO - Started process (PID=33259) to work on /opt/anaconda3/envs/airflow/lib/python3.7/site-packages/airflow/example_dags/example_external_task_marker_dag.py
[2022-02-28 14:46:47,906] {processor.py:642} INFO - Processing file /opt/anaconda3/envs/airflow/lib/python3.7/site-packages/airflow/example_dags/example_external_task_marker_dag.py for tasks to queue
[2022-02-28 14:46:47,908] {logging_mixin.py:109} INFO - [2022-02-28 14:46:47,907] {dagbag.py:500} INFO - Filling up the DagBag from /opt/anaconda3/envs/airflow/lib/python3.7/site-packages/airflow/example_dags/example_external_task_marker_dag.py
[2022-02-28 14:46:47,941] {processor.py:654} INFO - DAG(s) dict_keys(['example_external_task_marker_parent', 'example_external_task_marker_child']) retrieved from /opt/anaconda3/envs/airflow/lib/python3.7/site-packages/airflow/example_dags/example_external_task_marker_dag.py
[2022-02-28 14:46:47,955] {logging_mixin.py:109} INFO - [2022-02-28 14:46:47,954] {dag.py:2398} INFO - Sync 2 DAGs
[2022-02-28 14:46:47,970] {logging_mixin.py:109} INFO - [2022-02-28 14:46:47,970] {dag.py:2937} INFO - Setting next_dagrun for example_external_task_marker_child to None
[2022-02-28 14:46:47,970] {logging_mixin.py:109} INFO - [2022-02-28 14:46:47,970] {dag.py:2937} INFO - Setting next_dagrun for example_external_task_marker_parent to None
[2022-02-28 14:46:47,981] {processor.py:171} INFO - Processing /opt/anaconda3/envs/airflow/lib/python3.7/site-packages/airflow/example_dags/example_external_task_marker_dag.py took 0.083 seconds
[2022-02-28 14:47:30,364] {processor.py:163} INFO - Started process (PID=33298) to work on /opt/anaconda3/envs/airflow/lib/python3.7/site-packages/airflow/example_dags/example_external_task_marker_dag.py
[2022-02-28 14:47:30,365] {processor.py:642} INFO - Processing file /opt/anaconda3/envs/airflow/lib/python3.7/site-packages/airflow/example_dags/example_external_task_marker_dag.py for tasks to queue
[2022-02-28 14:47:30,367] {logging_mixin.py:109} INFO - [2022-02-28 14:47:30,366] {dagbag.py:500} INFO - Filling up the DagBag from /opt/anaconda3/envs/airflow/lib/python3.7/site-packages/airflow/example_dags/example_external_task_marker_dag.py
[2022-02-28 14:47:30,397] {processor.py:654} INFO - DAG(s) dict_keys(['example_external_task_marker_parent', 'example_external_task_marker_child']) retrieved from /opt/anaconda3/envs/airflow/lib/python3.7/site-packages/airflow/example_dags/example_external_task_marker_dag.py
[2022-02-28 14:47:30,412] {logging_mixin.py:109} INFO - [2022-02-28 14:47:30,412] {dag.py:2398} INFO - Sync 2 DAGs
[2022-02-28 14:47:30,427] {logging_mixin.py:109} INFO - [2022-02-28 14:47:30,427] {dag.py:2937} INFO - Setting next_dagrun for example_external_task_marker_child to None
[2022-02-28 14:47:30,428] {logging_mixin.py:109} INFO - [2022-02-28 14:47:30,427] {dag.py:2937} INFO - Setting next_dagrun for example_external_task_marker_parent to None
[2022-02-28 14:47:30,438] {processor.py:171} INFO - Processing /opt/anaconda3/envs/airflow/lib/python3.7/site-packages/airflow/example_dags/example_external_task_marker_dag.py took 0.078 seconds
[2022-02-28 14:48:08,489] {processor.py:163} INFO - Started process (PID=33337) to work on /opt/anaconda3/envs/airflow/lib/python3.7/site-packages/airflow/example_dags/example_external_task_marker_dag.py
[2022-02-28 14:48:08,490] {processor.py:642} INFO - Processing file /opt/anaconda3/envs/airflow/lib/python3.7/site-packages/airflow/example_dags/example_external_task_marker_dag.py for tasks to queue
[2022-02-28 14:48:08,492] {logging_mixin.py:109} INFO - [2022-02-28 14:48:08,491] {dagbag.py:500} INFO - Filling up the DagBag from /opt/anaconda3/envs/airflow/lib/python3.7/site-packages/airflow/example_dags/example_external_task_marker_dag.py
[2022-02-28 14:48:08,523] {processor.py:654} INFO - DAG(s) dict_keys(['example_external_task_marker_parent', 'example_external_task_marker_child']) retrieved from /opt/anaconda3/envs/airflow/lib/python3.7/site-packages/airflow/example_dags/example_external_task_marker_dag.py
[2022-02-28 14:48:08,538] {logging_mixin.py:109} INFO - [2022-02-28 14:48:08,538] {dag.py:2398} INFO - Sync 2 DAGs
[2022-02-28 14:48:08,552] {logging_mixin.py:109} INFO - [2022-02-28 14:48:08,552] {dag.py:2937} INFO - Setting next_dagrun for example_external_task_marker_child to None
[2022-02-28 14:48:08,553] {logging_mixin.py:109} INFO - [2022-02-28 14:48:08,553] {dag.py:2937} INFO - Setting next_dagrun for example_external_task_marker_parent to None
[2022-02-28 14:48:08,563] {processor.py:171} INFO - Processing /opt/anaconda3/envs/airflow/lib/python3.7/site-packages/airflow/example_dags/example_external_task_marker_dag.py took 0.078 seconds
[2022-02-28 14:48:51,203] {processor.py:163} INFO - Started process (PID=33378) to work on /opt/anaconda3/envs/airflow/lib/python3.7/site-packages/airflow/example_dags/example_external_task_marker_dag.py
[2022-02-28 14:48:51,204] {processor.py:642} INFO - Processing file /opt/anaconda3/envs/airflow/lib/python3.7/site-packages/airflow/example_dags/example_external_task_marker_dag.py for tasks to queue
[2022-02-28 14:48:51,205] {logging_mixin.py:109} INFO - [2022-02-28 14:48:51,205] {dagbag.py:500} INFO - Filling up the DagBag from /opt/anaconda3/envs/airflow/lib/python3.7/site-packages/airflow/example_dags/example_external_task_marker_dag.py
[2022-02-28 14:48:51,235] {processor.py:654} INFO - DAG(s) dict_keys(['example_external_task_marker_parent', 'example_external_task_marker_child']) retrieved from /opt/anaconda3/envs/airflow/lib/python3.7/site-packages/airflow/example_dags/example_external_task_marker_dag.py
[2022-02-28 14:48:51,250] {logging_mixin.py:109} INFO - [2022-02-28 14:48:51,250] {dag.py:2398} INFO - Sync 2 DAGs
[2022-02-28 14:48:51,265] {logging_mixin.py:109} INFO - [2022-02-28 14:48:51,265] {dag.py:2937} INFO - Setting next_dagrun for example_external_task_marker_child to None
[2022-02-28 14:48:51,266] {logging_mixin.py:109} INFO - [2022-02-28 14:48:51,266] {dag.py:2937} INFO - Setting next_dagrun for example_external_task_marker_parent to None
[2022-02-28 14:48:51,279] {processor.py:171} INFO - Processing /opt/anaconda3/envs/airflow/lib/python3.7/site-packages/airflow/example_dags/example_external_task_marker_dag.py took 0.080 seconds
[2022-02-28 14:49:32,517] {processor.py:163} INFO - Started process (PID=33416) to work on /opt/anaconda3/envs/airflow/lib/python3.7/site-packages/airflow/example_dags/example_external_task_marker_dag.py
[2022-02-28 14:49:32,519] {processor.py:642} INFO - Processing file /opt/anaconda3/envs/airflow/lib/python3.7/site-packages/airflow/example_dags/example_external_task_marker_dag.py for tasks to queue
[2022-02-28 14:49:32,521] {logging_mixin.py:109} INFO - [2022-02-28 14:49:32,520] {dagbag.py:500} INFO - Filling up the DagBag from /opt/anaconda3/envs/airflow/lib/python3.7/site-packages/airflow/example_dags/example_external_task_marker_dag.py
[2022-02-28 14:49:32,557] {processor.py:654} INFO - DAG(s) dict_keys(['example_external_task_marker_parent', 'example_external_task_marker_child']) retrieved from /opt/anaconda3/envs/airflow/lib/python3.7/site-packages/airflow/example_dags/example_external_task_marker_dag.py
[2022-02-28 14:49:32,579] {logging_mixin.py:109} INFO - [2022-02-28 14:49:32,579] {dag.py:2398} INFO - Sync 2 DAGs
[2022-02-28 14:49:32,596] {logging_mixin.py:109} INFO - [2022-02-28 14:49:32,596] {dag.py:2937} INFO - Setting next_dagrun for example_external_task_marker_child to None
[2022-02-28 14:49:32,597] {logging_mixin.py:109} INFO - [2022-02-28 14:49:32,596] {dag.py:2937} INFO - Setting next_dagrun for example_external_task_marker_parent to None
[2022-02-28 14:49:32,607] {processor.py:171} INFO - Processing /opt/anaconda3/envs/airflow/lib/python3.7/site-packages/airflow/example_dags/example_external_task_marker_dag.py took 0.095 seconds
[2022-02-28 14:50:11,735] {processor.py:163} INFO - Started process (PID=33455) to work on /opt/anaconda3/envs/airflow/lib/python3.7/site-packages/airflow/example_dags/example_external_task_marker_dag.py
[2022-02-28 14:50:11,738] {processor.py:642} INFO - Processing file /opt/anaconda3/envs/airflow/lib/python3.7/site-packages/airflow/example_dags/example_external_task_marker_dag.py for tasks to queue
[2022-02-28 14:50:11,739] {logging_mixin.py:109} INFO - [2022-02-28 14:50:11,739] {dagbag.py:500} INFO - Filling up the DagBag from /opt/anaconda3/envs/airflow/lib/python3.7/site-packages/airflow/example_dags/example_external_task_marker_dag.py
[2022-02-28 14:50:11,776] {processor.py:654} INFO - DAG(s) dict_keys(['example_external_task_marker_parent', 'example_external_task_marker_child']) retrieved from /opt/anaconda3/envs/airflow/lib/python3.7/site-packages/airflow/example_dags/example_external_task_marker_dag.py
[2022-02-28 14:50:11,793] {logging_mixin.py:109} INFO - [2022-02-28 14:50:11,793] {dag.py:2398} INFO - Sync 2 DAGs
[2022-02-28 14:50:11,810] {logging_mixin.py:109} INFO - [2022-02-28 14:50:11,810] {dag.py:2937} INFO - Setting next_dagrun for example_external_task_marker_child to None
[2022-02-28 14:50:11,811] {logging_mixin.py:109} INFO - [2022-02-28 14:50:11,810] {dag.py:2937} INFO - Setting next_dagrun for example_external_task_marker_parent to None
[2022-02-28 14:50:11,822] {processor.py:171} INFO - Processing /opt/anaconda3/envs/airflow/lib/python3.7/site-packages/airflow/example_dags/example_external_task_marker_dag.py took 0.093 seconds
[2022-02-28 14:50:59,377] {processor.py:163} INFO - Started process (PID=33536) to work on /opt/anaconda3/envs/airflow/lib/python3.7/site-packages/airflow/example_dags/example_external_task_marker_dag.py
[2022-02-28 14:50:59,381] {processor.py:642} INFO - Processing file /opt/anaconda3/envs/airflow/lib/python3.7/site-packages/airflow/example_dags/example_external_task_marker_dag.py for tasks to queue
[2022-02-28 14:50:59,384] {logging_mixin.py:109} INFO - [2022-02-28 14:50:59,383] {dagbag.py:500} INFO - Filling up the DagBag from /opt/anaconda3/envs/airflow/lib/python3.7/site-packages/airflow/example_dags/example_external_task_marker_dag.py
[2022-02-28 14:50:59,443] {processor.py:654} INFO - DAG(s) dict_keys(['example_external_task_marker_parent', 'example_external_task_marker_child']) retrieved from /opt/anaconda3/envs/airflow/lib/python3.7/site-packages/airflow/example_dags/example_external_task_marker_dag.py
[2022-02-28 14:50:59,466] {logging_mixin.py:109} INFO - [2022-02-28 14:50:59,466] {dag.py:2398} INFO - Sync 2 DAGs
[2022-02-28 14:50:59,491] {logging_mixin.py:109} INFO - [2022-02-28 14:50:59,491] {dag.py:2937} INFO - Setting next_dagrun for example_external_task_marker_child to None
[2022-02-28 14:50:59,492] {logging_mixin.py:109} INFO - [2022-02-28 14:50:59,492] {dag.py:2937} INFO - Setting next_dagrun for example_external_task_marker_parent to None
[2022-02-28 14:50:59,509] {processor.py:171} INFO - Processing /opt/anaconda3/envs/airflow/lib/python3.7/site-packages/airflow/example_dags/example_external_task_marker_dag.py took 0.138 seconds
[2022-02-28 14:51:39,086] {processor.py:163} INFO - Started process (PID=33580) to work on /opt/anaconda3/envs/airflow/lib/python3.7/site-packages/airflow/example_dags/example_external_task_marker_dag.py
[2022-02-28 14:51:39,087] {processor.py:642} INFO - Processing file /opt/anaconda3/envs/airflow/lib/python3.7/site-packages/airflow/example_dags/example_external_task_marker_dag.py for tasks to queue
[2022-02-28 14:51:39,089] {logging_mixin.py:109} INFO - [2022-02-28 14:51:39,088] {dagbag.py:500} INFO - Filling up the DagBag from /opt/anaconda3/envs/airflow/lib/python3.7/site-packages/airflow/example_dags/example_external_task_marker_dag.py
[2022-02-28 14:51:39,122] {processor.py:654} INFO - DAG(s) dict_keys(['example_external_task_marker_parent', 'example_external_task_marker_child']) retrieved from /opt/anaconda3/envs/airflow/lib/python3.7/site-packages/airflow/example_dags/example_external_task_marker_dag.py
[2022-02-28 14:51:39,137] {logging_mixin.py:109} INFO - [2022-02-28 14:51:39,137] {dag.py:2398} INFO - Sync 2 DAGs
[2022-02-28 14:51:39,150] {logging_mixin.py:109} INFO - [2022-02-28 14:51:39,150] {dag.py:2937} INFO - Setting next_dagrun for example_external_task_marker_child to None
[2022-02-28 14:51:39,151] {logging_mixin.py:109} INFO - [2022-02-28 14:51:39,151] {dag.py:2937} INFO - Setting next_dagrun for example_external_task_marker_parent to None
[2022-02-28 14:51:39,163] {processor.py:171} INFO - Processing /opt/anaconda3/envs/airflow/lib/python3.7/site-packages/airflow/example_dags/example_external_task_marker_dag.py took 0.081 seconds
[2022-02-28 14:52:17,790] {processor.py:163} INFO - Started process (PID=33615) to work on /opt/anaconda3/envs/airflow/lib/python3.7/site-packages/airflow/example_dags/example_external_task_marker_dag.py
[2022-02-28 14:52:17,792] {processor.py:642} INFO - Processing file /opt/anaconda3/envs/airflow/lib/python3.7/site-packages/airflow/example_dags/example_external_task_marker_dag.py for tasks to queue
[2022-02-28 14:52:17,794] {logging_mixin.py:109} INFO - [2022-02-28 14:52:17,793] {dagbag.py:500} INFO - Filling up the DagBag from /opt/anaconda3/envs/airflow/lib/python3.7/site-packages/airflow/example_dags/example_external_task_marker_dag.py
[2022-02-28 14:52:17,824] {processor.py:654} INFO - DAG(s) dict_keys(['example_external_task_marker_parent', 'example_external_task_marker_child']) retrieved from /opt/anaconda3/envs/airflow/lib/python3.7/site-packages/airflow/example_dags/example_external_task_marker_dag.py
[2022-02-28 14:52:17,840] {logging_mixin.py:109} INFO - [2022-02-28 14:52:17,839] {dag.py:2398} INFO - Sync 2 DAGs
[2022-02-28 14:52:17,855] {logging_mixin.py:109} INFO - [2022-02-28 14:52:17,854] {dag.py:2937} INFO - Setting next_dagrun for example_external_task_marker_child to None
[2022-02-28 14:52:17,855] {logging_mixin.py:109} INFO - [2022-02-28 14:52:17,855] {dag.py:2937} INFO - Setting next_dagrun for example_external_task_marker_parent to None
[2022-02-28 14:52:17,866] {processor.py:171} INFO - Processing /opt/anaconda3/envs/airflow/lib/python3.7/site-packages/airflow/example_dags/example_external_task_marker_dag.py took 0.081 seconds
[2022-02-28 14:53:04,031] {processor.py:163} INFO - Started process (PID=33664) to work on /opt/anaconda3/envs/airflow/lib/python3.7/site-packages/airflow/example_dags/example_external_task_marker_dag.py
[2022-02-28 14:53:04,033] {processor.py:642} INFO - Processing file /opt/anaconda3/envs/airflow/lib/python3.7/site-packages/airflow/example_dags/example_external_task_marker_dag.py for tasks to queue
[2022-02-28 14:53:04,037] {logging_mixin.py:109} INFO - [2022-02-28 14:53:04,036] {dagbag.py:500} INFO - Filling up the DagBag from /opt/anaconda3/envs/airflow/lib/python3.7/site-packages/airflow/example_dags/example_external_task_marker_dag.py
[2022-02-28 14:53:04,070] {processor.py:654} INFO - DAG(s) dict_keys(['example_external_task_marker_parent', 'example_external_task_marker_child']) retrieved from /opt/anaconda3/envs/airflow/lib/python3.7/site-packages/airflow/example_dags/example_external_task_marker_dag.py
[2022-02-28 14:53:04,091] {logging_mixin.py:109} INFO - [2022-02-28 14:53:04,091] {dag.py:2398} INFO - Sync 2 DAGs
[2022-02-28 14:53:04,106] {logging_mixin.py:109} INFO - [2022-02-28 14:53:04,106] {dag.py:2937} INFO - Setting next_dagrun for example_external_task_marker_child to None
[2022-02-28 14:53:04,107] {logging_mixin.py:109} INFO - [2022-02-28 14:53:04,107] {dag.py:2937} INFO - Setting next_dagrun for example_external_task_marker_parent to None
[2022-02-28 14:53:04,117] {processor.py:171} INFO - Processing /opt/anaconda3/envs/airflow/lib/python3.7/site-packages/airflow/example_dags/example_external_task_marker_dag.py took 0.095 seconds
[2022-02-28 14:53:52,134] {processor.py:163} INFO - Started process (PID=33756) to work on /opt/anaconda3/envs/airflow/lib/python3.7/site-packages/airflow/example_dags/example_external_task_marker_dag.py
[2022-02-28 14:53:52,138] {processor.py:642} INFO - Processing file /opt/anaconda3/envs/airflow/lib/python3.7/site-packages/airflow/example_dags/example_external_task_marker_dag.py for tasks to queue
[2022-02-28 14:53:52,140] {logging_mixin.py:109} INFO - [2022-02-28 14:53:52,139] {dagbag.py:500} INFO - Filling up the DagBag from /opt/anaconda3/envs/airflow/lib/python3.7/site-packages/airflow/example_dags/example_external_task_marker_dag.py
[2022-02-28 14:53:52,174] {processor.py:654} INFO - DAG(s) dict_keys(['example_external_task_marker_parent', 'example_external_task_marker_child']) retrieved from /opt/anaconda3/envs/airflow/lib/python3.7/site-packages/airflow/example_dags/example_external_task_marker_dag.py
[2022-02-28 14:53:52,189] {logging_mixin.py:109} INFO - [2022-02-28 14:53:52,188] {dag.py:2398} INFO - Sync 2 DAGs
[2022-02-28 14:53:52,204] {logging_mixin.py:109} INFO - [2022-02-28 14:53:52,204] {dag.py:2937} INFO - Setting next_dagrun for example_external_task_marker_child to None
[2022-02-28 14:53:52,205] {logging_mixin.py:109} INFO - [2022-02-28 14:53:52,205] {dag.py:2937} INFO - Setting next_dagrun for example_external_task_marker_parent to None
[2022-02-28 14:53:52,215] {processor.py:171} INFO - Processing /opt/anaconda3/envs/airflow/lib/python3.7/site-packages/airflow/example_dags/example_external_task_marker_dag.py took 0.088 seconds
[2022-02-28 14:54:55,877] {processor.py:163} INFO - Started process (PID=33911) to work on /opt/anaconda3/envs/airflow/lib/python3.7/site-packages/airflow/example_dags/example_external_task_marker_dag.py
[2022-02-28 14:54:55,882] {processor.py:642} INFO - Processing file /opt/anaconda3/envs/airflow/lib/python3.7/site-packages/airflow/example_dags/example_external_task_marker_dag.py for tasks to queue
[2022-02-28 14:54:55,883] {logging_mixin.py:109} INFO - [2022-02-28 14:54:55,883] {dagbag.py:500} INFO - Filling up the DagBag from /opt/anaconda3/envs/airflow/lib/python3.7/site-packages/airflow/example_dags/example_external_task_marker_dag.py
[2022-02-28 14:54:55,947] {processor.py:654} INFO - DAG(s) dict_keys(['example_external_task_marker_parent', 'example_external_task_marker_child']) retrieved from /opt/anaconda3/envs/airflow/lib/python3.7/site-packages/airflow/example_dags/example_external_task_marker_dag.py
[2022-02-28 14:54:55,983] {logging_mixin.py:109} INFO - [2022-02-28 14:54:55,982] {dag.py:2398} INFO - Sync 2 DAGs
[2022-02-28 14:54:56,006] {logging_mixin.py:109} INFO - [2022-02-28 14:54:56,005] {dag.py:2937} INFO - Setting next_dagrun for example_external_task_marker_child to None
[2022-02-28 14:54:56,007] {logging_mixin.py:109} INFO - [2022-02-28 14:54:56,007] {dag.py:2937} INFO - Setting next_dagrun for example_external_task_marker_parent to None
[2022-02-28 14:54:56,020] {processor.py:171} INFO - Processing /opt/anaconda3/envs/airflow/lib/python3.7/site-packages/airflow/example_dags/example_external_task_marker_dag.py took 0.149 seconds
[2022-02-28 14:58:44,021] {processor.py:163} INFO - Started process (PID=34370) to work on /opt/anaconda3/envs/airflow/lib/python3.7/site-packages/airflow/example_dags/example_external_task_marker_dag.py
[2022-02-28 14:58:44,023] {processor.py:642} INFO - Processing file /opt/anaconda3/envs/airflow/lib/python3.7/site-packages/airflow/example_dags/example_external_task_marker_dag.py for tasks to queue
[2022-02-28 14:58:44,024] {logging_mixin.py:109} INFO - [2022-02-28 14:58:44,024] {dagbag.py:500} INFO - Filling up the DagBag from /opt/anaconda3/envs/airflow/lib/python3.7/site-packages/airflow/example_dags/example_external_task_marker_dag.py
[2022-02-28 14:58:44,058] {processor.py:654} INFO - DAG(s) dict_keys(['example_external_task_marker_parent', 'example_external_task_marker_child']) retrieved from /opt/anaconda3/envs/airflow/lib/python3.7/site-packages/airflow/example_dags/example_external_task_marker_dag.py
[2022-02-28 14:58:44,074] {logging_mixin.py:109} INFO - [2022-02-28 14:58:44,074] {dag.py:2398} INFO - Sync 2 DAGs
[2022-02-28 14:58:44,092] {logging_mixin.py:109} INFO - [2022-02-28 14:58:44,092] {dag.py:2937} INFO - Setting next_dagrun for example_external_task_marker_child to None
[2022-02-28 14:58:44,093] {logging_mixin.py:109} INFO - [2022-02-28 14:58:44,093] {dag.py:2937} INFO - Setting next_dagrun for example_external_task_marker_parent to None
[2022-02-28 14:58:44,103] {processor.py:171} INFO - Processing /opt/anaconda3/envs/airflow/lib/python3.7/site-packages/airflow/example_dags/example_external_task_marker_dag.py took 0.086 seconds
[2022-02-28 15:05:04,521] {processor.py:163} INFO - Started process (PID=34939) to work on /opt/anaconda3/envs/airflow/lib/python3.7/site-packages/airflow/example_dags/example_external_task_marker_dag.py
[2022-02-28 15:05:04,523] {processor.py:642} INFO - Processing file /opt/anaconda3/envs/airflow/lib/python3.7/site-packages/airflow/example_dags/example_external_task_marker_dag.py for tasks to queue
[2022-02-28 15:05:04,524] {logging_mixin.py:109} INFO - [2022-02-28 15:05:04,524] {dagbag.py:500} INFO - Filling up the DagBag from /opt/anaconda3/envs/airflow/lib/python3.7/site-packages/airflow/example_dags/example_external_task_marker_dag.py
[2022-02-28 15:05:04,561] {processor.py:654} INFO - DAG(s) dict_keys(['example_external_task_marker_parent', 'example_external_task_marker_child']) retrieved from /opt/anaconda3/envs/airflow/lib/python3.7/site-packages/airflow/example_dags/example_external_task_marker_dag.py
[2022-02-28 15:05:04,575] {logging_mixin.py:109} INFO - [2022-02-28 15:05:04,574] {dag.py:2398} INFO - Sync 2 DAGs
[2022-02-28 15:05:04,590] {logging_mixin.py:109} INFO - [2022-02-28 15:05:04,589] {dag.py:2937} INFO - Setting next_dagrun for example_external_task_marker_child to None
[2022-02-28 15:05:04,590] {logging_mixin.py:109} INFO - [2022-02-28 15:05:04,590] {dag.py:2937} INFO - Setting next_dagrun for example_external_task_marker_parent to None
[2022-02-28 15:05:04,601] {processor.py:171} INFO - Processing /opt/anaconda3/envs/airflow/lib/python3.7/site-packages/airflow/example_dags/example_external_task_marker_dag.py took 0.083 seconds
[2022-02-28 15:06:19,152] {processor.py:163} INFO - Started process (PID=35060) to work on /opt/anaconda3/envs/airflow/lib/python3.7/site-packages/airflow/example_dags/example_external_task_marker_dag.py
[2022-02-28 15:06:19,156] {processor.py:642} INFO - Processing file /opt/anaconda3/envs/airflow/lib/python3.7/site-packages/airflow/example_dags/example_external_task_marker_dag.py for tasks to queue
[2022-02-28 15:06:19,157] {logging_mixin.py:109} INFO - [2022-02-28 15:06:19,157] {dagbag.py:500} INFO - Filling up the DagBag from /opt/anaconda3/envs/airflow/lib/python3.7/site-packages/airflow/example_dags/example_external_task_marker_dag.py
[2022-02-28 15:06:19,191] {processor.py:654} INFO - DAG(s) dict_keys(['example_external_task_marker_parent', 'example_external_task_marker_child']) retrieved from /opt/anaconda3/envs/airflow/lib/python3.7/site-packages/airflow/example_dags/example_external_task_marker_dag.py
[2022-02-28 15:06:19,205] {logging_mixin.py:109} INFO - [2022-02-28 15:06:19,205] {dag.py:2398} INFO - Sync 2 DAGs
[2022-02-28 15:06:19,218] {logging_mixin.py:109} INFO - [2022-02-28 15:06:19,218] {dag.py:2937} INFO - Setting next_dagrun for example_external_task_marker_child to None
[2022-02-28 15:06:19,219] {logging_mixin.py:109} INFO - [2022-02-28 15:06:19,219] {dag.py:2937} INFO - Setting next_dagrun for example_external_task_marker_parent to None
[2022-02-28 15:06:19,229] {processor.py:171} INFO - Processing /opt/anaconda3/envs/airflow/lib/python3.7/site-packages/airflow/example_dags/example_external_task_marker_dag.py took 0.081 seconds
[2022-02-28 15:06:59,888] {processor.py:163} INFO - Started process (PID=35140) to work on /opt/anaconda3/envs/airflow/lib/python3.7/site-packages/airflow/example_dags/example_external_task_marker_dag.py
[2022-02-28 15:06:59,901] {processor.py:642} INFO - Processing file /opt/anaconda3/envs/airflow/lib/python3.7/site-packages/airflow/example_dags/example_external_task_marker_dag.py for tasks to queue
[2022-02-28 15:06:59,902] {logging_mixin.py:109} INFO - [2022-02-28 15:06:59,902] {dagbag.py:500} INFO - Filling up the DagBag from /opt/anaconda3/envs/airflow/lib/python3.7/site-packages/airflow/example_dags/example_external_task_marker_dag.py
[2022-02-28 15:06:59,961] {processor.py:654} INFO - DAG(s) dict_keys(['example_external_task_marker_parent', 'example_external_task_marker_child']) retrieved from /opt/anaconda3/envs/airflow/lib/python3.7/site-packages/airflow/example_dags/example_external_task_marker_dag.py
[2022-02-28 15:06:59,984] {logging_mixin.py:109} INFO - [2022-02-28 15:06:59,983] {dag.py:2398} INFO - Sync 2 DAGs
[2022-02-28 15:07:00,000] {logging_mixin.py:109} INFO - [2022-02-28 15:07:00,000] {dag.py:2937} INFO - Setting next_dagrun for example_external_task_marker_child to None
[2022-02-28 15:07:00,001] {logging_mixin.py:109} INFO - [2022-02-28 15:07:00,001] {dag.py:2937} INFO - Setting next_dagrun for example_external_task_marker_parent to None
[2022-02-28 15:07:00,012] {processor.py:171} INFO - Processing /opt/anaconda3/envs/airflow/lib/python3.7/site-packages/airflow/example_dags/example_external_task_marker_dag.py took 0.139 seconds
[2022-02-28 15:08:25,518] {processor.py:163} INFO - Started process (PID=35329) to work on /opt/anaconda3/envs/airflow/lib/python3.7/site-packages/airflow/example_dags/example_external_task_marker_dag.py
[2022-02-28 15:08:25,521] {processor.py:642} INFO - Processing file /opt/anaconda3/envs/airflow/lib/python3.7/site-packages/airflow/example_dags/example_external_task_marker_dag.py for tasks to queue
[2022-02-28 15:08:25,522] {logging_mixin.py:109} INFO - [2022-02-28 15:08:25,521] {dagbag.py:500} INFO - Filling up the DagBag from /opt/anaconda3/envs/airflow/lib/python3.7/site-packages/airflow/example_dags/example_external_task_marker_dag.py
[2022-02-28 15:08:25,562] {processor.py:654} INFO - DAG(s) dict_keys(['example_external_task_marker_parent', 'example_external_task_marker_child']) retrieved from /opt/anaconda3/envs/airflow/lib/python3.7/site-packages/airflow/example_dags/example_external_task_marker_dag.py
[2022-02-28 15:08:25,586] {logging_mixin.py:109} INFO - [2022-02-28 15:08:25,585] {dag.py:2398} INFO - Sync 2 DAGs
[2022-02-28 15:08:25,602] {logging_mixin.py:109} INFO - [2022-02-28 15:08:25,601] {dag.py:2937} INFO - Setting next_dagrun for example_external_task_marker_child to None
[2022-02-28 15:08:25,602] {logging_mixin.py:109} INFO - [2022-02-28 15:08:25,602] {dag.py:2937} INFO - Setting next_dagrun for example_external_task_marker_parent to None
[2022-02-28 15:08:25,614] {processor.py:171} INFO - Processing /opt/anaconda3/envs/airflow/lib/python3.7/site-packages/airflow/example_dags/example_external_task_marker_dag.py took 0.100 seconds
[2022-02-28 15:10:13,602] {processor.py:163} INFO - Started process (PID=35586) to work on /opt/anaconda3/envs/airflow/lib/python3.7/site-packages/airflow/example_dags/example_external_task_marker_dag.py
[2022-02-28 15:10:13,606] {processor.py:642} INFO - Processing file /opt/anaconda3/envs/airflow/lib/python3.7/site-packages/airflow/example_dags/example_external_task_marker_dag.py for tasks to queue
[2022-02-28 15:10:13,607] {logging_mixin.py:109} INFO - [2022-02-28 15:10:13,607] {dagbag.py:500} INFO - Filling up the DagBag from /opt/anaconda3/envs/airflow/lib/python3.7/site-packages/airflow/example_dags/example_external_task_marker_dag.py
[2022-02-28 15:10:13,639] {processor.py:654} INFO - DAG(s) dict_keys(['example_external_task_marker_parent', 'example_external_task_marker_child']) retrieved from /opt/anaconda3/envs/airflow/lib/python3.7/site-packages/airflow/example_dags/example_external_task_marker_dag.py
[2022-02-28 15:10:13,653] {logging_mixin.py:109} INFO - [2022-02-28 15:10:13,652] {dag.py:2398} INFO - Sync 2 DAGs
[2022-02-28 15:10:13,667] {logging_mixin.py:109} INFO - [2022-02-28 15:10:13,667] {dag.py:2937} INFO - Setting next_dagrun for example_external_task_marker_child to None
[2022-02-28 15:10:13,668] {logging_mixin.py:109} INFO - [2022-02-28 15:10:13,667] {dag.py:2937} INFO - Setting next_dagrun for example_external_task_marker_parent to None
[2022-02-28 15:10:13,679] {processor.py:171} INFO - Processing /opt/anaconda3/envs/airflow/lib/python3.7/site-packages/airflow/example_dags/example_external_task_marker_dag.py took 0.081 seconds
[2022-02-28 15:16:17,267] {processor.py:163} INFO - Started process (PID=36099) to work on /opt/anaconda3/envs/airflow/lib/python3.7/site-packages/airflow/example_dags/example_external_task_marker_dag.py
[2022-02-28 15:16:17,269] {processor.py:642} INFO - Processing file /opt/anaconda3/envs/airflow/lib/python3.7/site-packages/airflow/example_dags/example_external_task_marker_dag.py for tasks to queue
[2022-02-28 15:16:17,271] {logging_mixin.py:109} INFO - [2022-02-28 15:16:17,270] {dagbag.py:500} INFO - Filling up the DagBag from /opt/anaconda3/envs/airflow/lib/python3.7/site-packages/airflow/example_dags/example_external_task_marker_dag.py
[2022-02-28 15:16:17,301] {processor.py:654} INFO - DAG(s) dict_keys(['example_external_task_marker_parent', 'example_external_task_marker_child']) retrieved from /opt/anaconda3/envs/airflow/lib/python3.7/site-packages/airflow/example_dags/example_external_task_marker_dag.py
[2022-02-28 15:16:17,314] {logging_mixin.py:109} INFO - [2022-02-28 15:16:17,313] {dag.py:2398} INFO - Sync 2 DAGs
[2022-02-28 15:16:17,327] {logging_mixin.py:109} INFO - [2022-02-28 15:16:17,327] {dag.py:2937} INFO - Setting next_dagrun for example_external_task_marker_child to None
[2022-02-28 15:16:17,328] {logging_mixin.py:109} INFO - [2022-02-28 15:16:17,327] {dag.py:2937} INFO - Setting next_dagrun for example_external_task_marker_parent to None
[2022-02-28 15:16:17,338] {processor.py:171} INFO - Processing /opt/anaconda3/envs/airflow/lib/python3.7/site-packages/airflow/example_dags/example_external_task_marker_dag.py took 0.074 seconds
[2022-02-28 15:19:24,458] {processor.py:163} INFO - Started process (PID=36325) to work on /opt/anaconda3/envs/airflow/lib/python3.7/site-packages/airflow/example_dags/example_external_task_marker_dag.py
[2022-02-28 15:19:24,460] {processor.py:642} INFO - Processing file /opt/anaconda3/envs/airflow/lib/python3.7/site-packages/airflow/example_dags/example_external_task_marker_dag.py for tasks to queue
[2022-02-28 15:19:24,462] {logging_mixin.py:109} INFO - [2022-02-28 15:19:24,462] {dagbag.py:500} INFO - Filling up the DagBag from /opt/anaconda3/envs/airflow/lib/python3.7/site-packages/airflow/example_dags/example_external_task_marker_dag.py
[2022-02-28 15:19:24,499] {processor.py:654} INFO - DAG(s) dict_keys(['example_external_task_marker_parent', 'example_external_task_marker_child']) retrieved from /opt/anaconda3/envs/airflow/lib/python3.7/site-packages/airflow/example_dags/example_external_task_marker_dag.py
[2022-02-28 15:19:24,513] {logging_mixin.py:109} INFO - [2022-02-28 15:19:24,513] {dag.py:2398} INFO - Sync 2 DAGs
[2022-02-28 15:19:24,527] {logging_mixin.py:109} INFO - [2022-02-28 15:19:24,527] {dag.py:2937} INFO - Setting next_dagrun for example_external_task_marker_child to None
[2022-02-28 15:19:24,528] {logging_mixin.py:109} INFO - [2022-02-28 15:19:24,528] {dag.py:2937} INFO - Setting next_dagrun for example_external_task_marker_parent to None
[2022-02-28 15:19:24,538] {processor.py:171} INFO - Processing /opt/anaconda3/envs/airflow/lib/python3.7/site-packages/airflow/example_dags/example_external_task_marker_dag.py took 0.084 seconds
[2022-02-28 15:20:04,259] {processor.py:163} INFO - Started process (PID=36409) to work on /opt/anaconda3/envs/airflow/lib/python3.7/site-packages/airflow/example_dags/example_external_task_marker_dag.py
[2022-02-28 15:20:04,262] {processor.py:642} INFO - Processing file /opt/anaconda3/envs/airflow/lib/python3.7/site-packages/airflow/example_dags/example_external_task_marker_dag.py for tasks to queue
[2022-02-28 15:20:04,263] {logging_mixin.py:109} INFO - [2022-02-28 15:20:04,263] {dagbag.py:500} INFO - Filling up the DagBag from /opt/anaconda3/envs/airflow/lib/python3.7/site-packages/airflow/example_dags/example_external_task_marker_dag.py
[2022-02-28 15:20:04,301] {processor.py:654} INFO - DAG(s) dict_keys(['example_external_task_marker_parent', 'example_external_task_marker_child']) retrieved from /opt/anaconda3/envs/airflow/lib/python3.7/site-packages/airflow/example_dags/example_external_task_marker_dag.py
[2022-02-28 15:20:04,317] {logging_mixin.py:109} INFO - [2022-02-28 15:20:04,317] {dag.py:2398} INFO - Sync 2 DAGs
[2022-02-28 15:20:04,343] {logging_mixin.py:109} INFO - [2022-02-28 15:20:04,343] {dag.py:2937} INFO - Setting next_dagrun for example_external_task_marker_child to None
[2022-02-28 15:20:04,344] {logging_mixin.py:109} INFO - [2022-02-28 15:20:04,344] {dag.py:2937} INFO - Setting next_dagrun for example_external_task_marker_parent to None
[2022-02-28 15:20:04,359] {processor.py:171} INFO - Processing /opt/anaconda3/envs/airflow/lib/python3.7/site-packages/airflow/example_dags/example_external_task_marker_dag.py took 0.105 seconds
[2022-02-28 15:20:52,081] {processor.py:163} INFO - Started process (PID=36512) to work on /opt/anaconda3/envs/airflow/lib/python3.7/site-packages/airflow/example_dags/example_external_task_marker_dag.py
[2022-02-28 15:20:52,084] {processor.py:642} INFO - Processing file /opt/anaconda3/envs/airflow/lib/python3.7/site-packages/airflow/example_dags/example_external_task_marker_dag.py for tasks to queue
[2022-02-28 15:20:52,088] {logging_mixin.py:109} INFO - [2022-02-28 15:20:52,085] {dagbag.py:500} INFO - Filling up the DagBag from /opt/anaconda3/envs/airflow/lib/python3.7/site-packages/airflow/example_dags/example_external_task_marker_dag.py
[2022-02-28 15:20:52,264] {processor.py:654} INFO - DAG(s) dict_keys(['example_external_task_marker_parent', 'example_external_task_marker_child']) retrieved from /opt/anaconda3/envs/airflow/lib/python3.7/site-packages/airflow/example_dags/example_external_task_marker_dag.py
[2022-02-28 15:20:52,313] {logging_mixin.py:109} INFO - [2022-02-28 15:20:52,313] {dag.py:2398} INFO - Sync 2 DAGs
[2022-02-28 15:20:52,394] {logging_mixin.py:109} INFO - [2022-02-28 15:20:52,387] {dag.py:2937} INFO - Setting next_dagrun for example_external_task_marker_child to None
[2022-02-28 15:20:52,397] {logging_mixin.py:109} INFO - [2022-02-28 15:20:52,395] {dag.py:2937} INFO - Setting next_dagrun for example_external_task_marker_parent to None
[2022-02-28 15:20:52,429] {processor.py:171} INFO - Processing /opt/anaconda3/envs/airflow/lib/python3.7/site-packages/airflow/example_dags/example_external_task_marker_dag.py took 0.362 seconds
[2022-02-28 15:21:35,007] {processor.py:163} INFO - Started process (PID=36557) to work on /opt/anaconda3/envs/airflow/lib/python3.7/site-packages/airflow/example_dags/example_external_task_marker_dag.py
[2022-02-28 15:21:35,010] {processor.py:642} INFO - Processing file /opt/anaconda3/envs/airflow/lib/python3.7/site-packages/airflow/example_dags/example_external_task_marker_dag.py for tasks to queue
[2022-02-28 15:21:35,013] {logging_mixin.py:109} INFO - [2022-02-28 15:21:35,012] {dagbag.py:500} INFO - Filling up the DagBag from /opt/anaconda3/envs/airflow/lib/python3.7/site-packages/airflow/example_dags/example_external_task_marker_dag.py
[2022-02-28 15:21:35,045] {processor.py:654} INFO - DAG(s) dict_keys(['example_external_task_marker_parent', 'example_external_task_marker_child']) retrieved from /opt/anaconda3/envs/airflow/lib/python3.7/site-packages/airflow/example_dags/example_external_task_marker_dag.py
[2022-02-28 15:21:35,059] {logging_mixin.py:109} INFO - [2022-02-28 15:21:35,058] {dag.py:2398} INFO - Sync 2 DAGs
[2022-02-28 15:21:35,072] {logging_mixin.py:109} INFO - [2022-02-28 15:21:35,071] {dag.py:2937} INFO - Setting next_dagrun for example_external_task_marker_child to None
[2022-02-28 15:21:35,072] {logging_mixin.py:109} INFO - [2022-02-28 15:21:35,072] {dag.py:2937} INFO - Setting next_dagrun for example_external_task_marker_parent to None
[2022-02-28 15:21:35,082] {processor.py:171} INFO - Processing /opt/anaconda3/envs/airflow/lib/python3.7/site-packages/airflow/example_dags/example_external_task_marker_dag.py took 0.079 seconds
[2022-02-28 15:22:16,766] {processor.py:163} INFO - Started process (PID=36594) to work on /opt/anaconda3/envs/airflow/lib/python3.7/site-packages/airflow/example_dags/example_external_task_marker_dag.py
[2022-02-28 15:22:16,768] {processor.py:642} INFO - Processing file /opt/anaconda3/envs/airflow/lib/python3.7/site-packages/airflow/example_dags/example_external_task_marker_dag.py for tasks to queue
[2022-02-28 15:22:16,769] {logging_mixin.py:109} INFO - [2022-02-28 15:22:16,769] {dagbag.py:500} INFO - Filling up the DagBag from /opt/anaconda3/envs/airflow/lib/python3.7/site-packages/airflow/example_dags/example_external_task_marker_dag.py
[2022-02-28 15:22:16,802] {processor.py:654} INFO - DAG(s) dict_keys(['example_external_task_marker_parent', 'example_external_task_marker_child']) retrieved from /opt/anaconda3/envs/airflow/lib/python3.7/site-packages/airflow/example_dags/example_external_task_marker_dag.py
[2022-02-28 15:22:16,817] {logging_mixin.py:109} INFO - [2022-02-28 15:22:16,817] {dag.py:2398} INFO - Sync 2 DAGs
[2022-02-28 15:22:16,833] {logging_mixin.py:109} INFO - [2022-02-28 15:22:16,832] {dag.py:2937} INFO - Setting next_dagrun for example_external_task_marker_child to None
[2022-02-28 15:22:16,833] {logging_mixin.py:109} INFO - [2022-02-28 15:22:16,833] {dag.py:2937} INFO - Setting next_dagrun for example_external_task_marker_parent to None
[2022-02-28 15:22:16,844] {processor.py:171} INFO - Processing /opt/anaconda3/envs/airflow/lib/python3.7/site-packages/airflow/example_dags/example_external_task_marker_dag.py took 0.082 seconds
[2022-02-28 15:22:56,722] {processor.py:163} INFO - Started process (PID=36631) to work on /opt/anaconda3/envs/airflow/lib/python3.7/site-packages/airflow/example_dags/example_external_task_marker_dag.py
[2022-02-28 15:22:56,724] {processor.py:642} INFO - Processing file /opt/anaconda3/envs/airflow/lib/python3.7/site-packages/airflow/example_dags/example_external_task_marker_dag.py for tasks to queue
[2022-02-28 15:22:56,725] {logging_mixin.py:109} INFO - [2022-02-28 15:22:56,724] {dagbag.py:500} INFO - Filling up the DagBag from /opt/anaconda3/envs/airflow/lib/python3.7/site-packages/airflow/example_dags/example_external_task_marker_dag.py
[2022-02-28 15:22:56,754] {processor.py:654} INFO - DAG(s) dict_keys(['example_external_task_marker_parent', 'example_external_task_marker_child']) retrieved from /opt/anaconda3/envs/airflow/lib/python3.7/site-packages/airflow/example_dags/example_external_task_marker_dag.py
[2022-02-28 15:22:56,770] {logging_mixin.py:109} INFO - [2022-02-28 15:22:56,769] {dag.py:2398} INFO - Sync 2 DAGs
[2022-02-28 15:22:56,783] {logging_mixin.py:109} INFO - [2022-02-28 15:22:56,782] {dag.py:2937} INFO - Setting next_dagrun for example_external_task_marker_child to None
[2022-02-28 15:22:56,783] {logging_mixin.py:109} INFO - [2022-02-28 15:22:56,783] {dag.py:2937} INFO - Setting next_dagrun for example_external_task_marker_parent to None
[2022-02-28 15:22:56,793] {processor.py:171} INFO - Processing /opt/anaconda3/envs/airflow/lib/python3.7/site-packages/airflow/example_dags/example_external_task_marker_dag.py took 0.075 seconds
