[2022-02-28 14:25:31,023] {processor.py:163} INFO - Started process (PID=31691) to work on /opt/anaconda3/envs/airflow/lib/python3.7/site-packages/airflow/example_dags/example_trigger_target_dag.py
[2022-02-28 14:25:31,025] {processor.py:642} INFO - Processing file /opt/anaconda3/envs/airflow/lib/python3.7/site-packages/airflow/example_dags/example_trigger_target_dag.py for tasks to queue
[2022-02-28 14:25:31,027] {logging_mixin.py:109} INFO - [2022-02-28 14:25:31,026] {dagbag.py:500} INFO - Filling up the DagBag from /opt/anaconda3/envs/airflow/lib/python3.7/site-packages/airflow/example_dags/example_trigger_target_dag.py
[2022-02-28 14:25:31,082] {processor.py:654} INFO - DAG(s) dict_keys(['example_trigger_target_dag']) retrieved from /opt/anaconda3/envs/airflow/lib/python3.7/site-packages/airflow/example_dags/example_trigger_target_dag.py
[2022-02-28 14:25:31,094] {logging_mixin.py:109} INFO - [2022-02-28 14:25:31,093] {dag.py:2398} INFO - Sync 1 DAGs
[2022-02-28 14:25:31,114] {logging_mixin.py:109} INFO - [2022-02-28 14:25:31,113] {dag.py:2937} INFO - Setting next_dagrun for example_trigger_target_dag to None
[2022-02-28 14:25:31,125] {processor.py:171} INFO - Processing /opt/anaconda3/envs/airflow/lib/python3.7/site-packages/airflow/example_dags/example_trigger_target_dag.py took 0.107 seconds
[2022-02-28 14:26:07,806] {processor.py:163} INFO - Started process (PID=31735) to work on /opt/anaconda3/envs/airflow/lib/python3.7/site-packages/airflow/example_dags/example_trigger_target_dag.py
[2022-02-28 14:26:07,809] {processor.py:642} INFO - Processing file /opt/anaconda3/envs/airflow/lib/python3.7/site-packages/airflow/example_dags/example_trigger_target_dag.py for tasks to queue
[2022-02-28 14:26:07,810] {logging_mixin.py:109} INFO - [2022-02-28 14:26:07,810] {dagbag.py:500} INFO - Filling up the DagBag from /opt/anaconda3/envs/airflow/lib/python3.7/site-packages/airflow/example_dags/example_trigger_target_dag.py
[2022-02-28 14:26:07,857] {processor.py:654} INFO - DAG(s) dict_keys(['example_trigger_target_dag']) retrieved from /opt/anaconda3/envs/airflow/lib/python3.7/site-packages/airflow/example_dags/example_trigger_target_dag.py
[2022-02-28 14:26:07,871] {logging_mixin.py:109} INFO - [2022-02-28 14:26:07,871] {dag.py:2398} INFO - Sync 1 DAGs
[2022-02-28 14:26:07,889] {logging_mixin.py:109} INFO - [2022-02-28 14:26:07,889] {dag.py:2937} INFO - Setting next_dagrun for example_trigger_target_dag to None
[2022-02-28 14:26:07,902] {processor.py:171} INFO - Processing /opt/anaconda3/envs/airflow/lib/python3.7/site-packages/airflow/example_dags/example_trigger_target_dag.py took 0.102 seconds
[2022-02-28 14:26:50,296] {processor.py:163} INFO - Started process (PID=31795) to work on /opt/anaconda3/envs/airflow/lib/python3.7/site-packages/airflow/example_dags/example_trigger_target_dag.py
[2022-02-28 14:26:50,299] {processor.py:642} INFO - Processing file /opt/anaconda3/envs/airflow/lib/python3.7/site-packages/airflow/example_dags/example_trigger_target_dag.py for tasks to queue
[2022-02-28 14:26:50,300] {logging_mixin.py:109} INFO - [2022-02-28 14:26:50,300] {dagbag.py:500} INFO - Filling up the DagBag from /opt/anaconda3/envs/airflow/lib/python3.7/site-packages/airflow/example_dags/example_trigger_target_dag.py
[2022-02-28 14:26:50,351] {processor.py:654} INFO - DAG(s) dict_keys(['example_trigger_target_dag']) retrieved from /opt/anaconda3/envs/airflow/lib/python3.7/site-packages/airflow/example_dags/example_trigger_target_dag.py
[2022-02-28 14:26:50,365] {logging_mixin.py:109} INFO - [2022-02-28 14:26:50,365] {dag.py:2398} INFO - Sync 1 DAGs
[2022-02-28 14:26:50,383] {logging_mixin.py:109} INFO - [2022-02-28 14:26:50,382] {dag.py:2937} INFO - Setting next_dagrun for example_trigger_target_dag to None
[2022-02-28 14:26:50,399] {processor.py:171} INFO - Processing /opt/anaconda3/envs/airflow/lib/python3.7/site-packages/airflow/example_dags/example_trigger_target_dag.py took 0.109 seconds
[2022-02-28 14:27:31,628] {processor.py:163} INFO - Started process (PID=31848) to work on /opt/anaconda3/envs/airflow/lib/python3.7/site-packages/airflow/example_dags/example_trigger_target_dag.py
[2022-02-28 14:27:31,631] {processor.py:642} INFO - Processing file /opt/anaconda3/envs/airflow/lib/python3.7/site-packages/airflow/example_dags/example_trigger_target_dag.py for tasks to queue
[2022-02-28 14:27:31,633] {logging_mixin.py:109} INFO - [2022-02-28 14:27:31,633] {dagbag.py:500} INFO - Filling up the DagBag from /opt/anaconda3/envs/airflow/lib/python3.7/site-packages/airflow/example_dags/example_trigger_target_dag.py
[2022-02-28 14:27:31,673] {processor.py:654} INFO - DAG(s) dict_keys(['example_trigger_target_dag']) retrieved from /opt/anaconda3/envs/airflow/lib/python3.7/site-packages/airflow/example_dags/example_trigger_target_dag.py
[2022-02-28 14:27:31,685] {logging_mixin.py:109} INFO - [2022-02-28 14:27:31,685] {dag.py:2398} INFO - Sync 1 DAGs
[2022-02-28 14:27:31,701] {logging_mixin.py:109} INFO - [2022-02-28 14:27:31,700] {dag.py:2937} INFO - Setting next_dagrun for example_trigger_target_dag to None
[2022-02-28 14:27:31,716] {processor.py:171} INFO - Processing /opt/anaconda3/envs/airflow/lib/python3.7/site-packages/airflow/example_dags/example_trigger_target_dag.py took 0.093 seconds
[2022-02-28 14:28:08,282] {processor.py:163} INFO - Started process (PID=31911) to work on /opt/anaconda3/envs/airflow/lib/python3.7/site-packages/airflow/example_dags/example_trigger_target_dag.py
[2022-02-28 14:28:08,285] {processor.py:642} INFO - Processing file /opt/anaconda3/envs/airflow/lib/python3.7/site-packages/airflow/example_dags/example_trigger_target_dag.py for tasks to queue
[2022-02-28 14:28:08,287] {logging_mixin.py:109} INFO - [2022-02-28 14:28:08,286] {dagbag.py:500} INFO - Filling up the DagBag from /opt/anaconda3/envs/airflow/lib/python3.7/site-packages/airflow/example_dags/example_trigger_target_dag.py
[2022-02-28 14:28:08,328] {processor.py:654} INFO - DAG(s) dict_keys(['example_trigger_target_dag']) retrieved from /opt/anaconda3/envs/airflow/lib/python3.7/site-packages/airflow/example_dags/example_trigger_target_dag.py
[2022-02-28 14:28:08,339] {logging_mixin.py:109} INFO - [2022-02-28 14:28:08,339] {dag.py:2398} INFO - Sync 1 DAGs
[2022-02-28 14:28:08,353] {logging_mixin.py:109} INFO - [2022-02-28 14:28:08,353] {dag.py:2937} INFO - Setting next_dagrun for example_trigger_target_dag to None
[2022-02-28 14:28:08,364] {processor.py:171} INFO - Processing /opt/anaconda3/envs/airflow/lib/python3.7/site-packages/airflow/example_dags/example_trigger_target_dag.py took 0.087 seconds
[2022-02-28 14:28:54,855] {processor.py:163} INFO - Started process (PID=32009) to work on /opt/anaconda3/envs/airflow/lib/python3.7/site-packages/airflow/example_dags/example_trigger_target_dag.py
[2022-02-28 14:28:54,857] {processor.py:642} INFO - Processing file /opt/anaconda3/envs/airflow/lib/python3.7/site-packages/airflow/example_dags/example_trigger_target_dag.py for tasks to queue
[2022-02-28 14:28:54,859] {logging_mixin.py:109} INFO - [2022-02-28 14:28:54,858] {dagbag.py:500} INFO - Filling up the DagBag from /opt/anaconda3/envs/airflow/lib/python3.7/site-packages/airflow/example_dags/example_trigger_target_dag.py
[2022-02-28 14:28:54,892] {processor.py:654} INFO - DAG(s) dict_keys(['example_trigger_target_dag']) retrieved from /opt/anaconda3/envs/airflow/lib/python3.7/site-packages/airflow/example_dags/example_trigger_target_dag.py
[2022-02-28 14:28:54,902] {logging_mixin.py:109} INFO - [2022-02-28 14:28:54,902] {dag.py:2398} INFO - Sync 1 DAGs
[2022-02-28 14:28:54,915] {logging_mixin.py:109} INFO - [2022-02-28 14:28:54,915] {dag.py:2937} INFO - Setting next_dagrun for example_trigger_target_dag to None
[2022-02-28 14:28:54,926] {processor.py:171} INFO - Processing /opt/anaconda3/envs/airflow/lib/python3.7/site-packages/airflow/example_dags/example_trigger_target_dag.py took 0.074 seconds
[2022-02-28 14:29:37,822] {processor.py:163} INFO - Started process (PID=32080) to work on /opt/anaconda3/envs/airflow/lib/python3.7/site-packages/airflow/example_dags/example_trigger_target_dag.py
[2022-02-28 14:29:37,825] {processor.py:642} INFO - Processing file /opt/anaconda3/envs/airflow/lib/python3.7/site-packages/airflow/example_dags/example_trigger_target_dag.py for tasks to queue
[2022-02-28 14:29:37,827] {logging_mixin.py:109} INFO - [2022-02-28 14:29:37,827] {dagbag.py:500} INFO - Filling up the DagBag from /opt/anaconda3/envs/airflow/lib/python3.7/site-packages/airflow/example_dags/example_trigger_target_dag.py
[2022-02-28 14:29:37,867] {processor.py:654} INFO - DAG(s) dict_keys(['example_trigger_target_dag']) retrieved from /opt/anaconda3/envs/airflow/lib/python3.7/site-packages/airflow/example_dags/example_trigger_target_dag.py
[2022-02-28 14:29:37,876] {logging_mixin.py:109} INFO - [2022-02-28 14:29:37,876] {dag.py:2398} INFO - Sync 1 DAGs
[2022-02-28 14:29:37,889] {logging_mixin.py:109} INFO - [2022-02-28 14:29:37,889] {dag.py:2937} INFO - Setting next_dagrun for example_trigger_target_dag to None
[2022-02-28 14:29:37,899] {processor.py:171} INFO - Processing /opt/anaconda3/envs/airflow/lib/python3.7/site-packages/airflow/example_dags/example_trigger_target_dag.py took 0.080 seconds
[2022-02-28 14:30:20,746] {processor.py:163} INFO - Started process (PID=32139) to work on /opt/anaconda3/envs/airflow/lib/python3.7/site-packages/airflow/example_dags/example_trigger_target_dag.py
[2022-02-28 14:30:20,749] {processor.py:642} INFO - Processing file /opt/anaconda3/envs/airflow/lib/python3.7/site-packages/airflow/example_dags/example_trigger_target_dag.py for tasks to queue
[2022-02-28 14:30:20,751] {logging_mixin.py:109} INFO - [2022-02-28 14:30:20,750] {dagbag.py:500} INFO - Filling up the DagBag from /opt/anaconda3/envs/airflow/lib/python3.7/site-packages/airflow/example_dags/example_trigger_target_dag.py
[2022-02-28 14:30:20,789] {processor.py:654} INFO - DAG(s) dict_keys(['example_trigger_target_dag']) retrieved from /opt/anaconda3/envs/airflow/lib/python3.7/site-packages/airflow/example_dags/example_trigger_target_dag.py
[2022-02-28 14:30:20,799] {logging_mixin.py:109} INFO - [2022-02-28 14:30:20,799] {dag.py:2398} INFO - Sync 1 DAGs
[2022-02-28 14:30:20,814] {logging_mixin.py:109} INFO - [2022-02-28 14:30:20,813] {dag.py:2937} INFO - Setting next_dagrun for example_trigger_target_dag to None
[2022-02-28 14:30:20,827] {processor.py:171} INFO - Processing /opt/anaconda3/envs/airflow/lib/python3.7/site-packages/airflow/example_dags/example_trigger_target_dag.py took 0.084 seconds
[2022-02-28 14:30:59,404] {processor.py:163} INFO - Started process (PID=32178) to work on /opt/anaconda3/envs/airflow/lib/python3.7/site-packages/airflow/example_dags/example_trigger_target_dag.py
[2022-02-28 14:30:59,407] {processor.py:642} INFO - Processing file /opt/anaconda3/envs/airflow/lib/python3.7/site-packages/airflow/example_dags/example_trigger_target_dag.py for tasks to queue
[2022-02-28 14:30:59,409] {logging_mixin.py:109} INFO - [2022-02-28 14:30:59,408] {dagbag.py:500} INFO - Filling up the DagBag from /opt/anaconda3/envs/airflow/lib/python3.7/site-packages/airflow/example_dags/example_trigger_target_dag.py
[2022-02-28 14:30:59,445] {processor.py:654} INFO - DAG(s) dict_keys(['example_trigger_target_dag']) retrieved from /opt/anaconda3/envs/airflow/lib/python3.7/site-packages/airflow/example_dags/example_trigger_target_dag.py
[2022-02-28 14:30:59,456] {logging_mixin.py:109} INFO - [2022-02-28 14:30:59,456] {dag.py:2398} INFO - Sync 1 DAGs
[2022-02-28 14:30:59,472] {logging_mixin.py:109} INFO - [2022-02-28 14:30:59,471] {dag.py:2937} INFO - Setting next_dagrun for example_trigger_target_dag to None
[2022-02-28 14:30:59,482] {processor.py:171} INFO - Processing /opt/anaconda3/envs/airflow/lib/python3.7/site-packages/airflow/example_dags/example_trigger_target_dag.py took 0.081 seconds
[2022-02-28 14:32:59,230] {processor.py:163} INFO - Started process (PID=32319) to work on /opt/anaconda3/envs/airflow/lib/python3.7/site-packages/airflow/example_dags/example_trigger_target_dag.py
[2022-02-28 14:32:59,233] {processor.py:642} INFO - Processing file /opt/anaconda3/envs/airflow/lib/python3.7/site-packages/airflow/example_dags/example_trigger_target_dag.py for tasks to queue
[2022-02-28 14:32:59,235] {logging_mixin.py:109} INFO - [2022-02-28 14:32:59,235] {dagbag.py:500} INFO - Filling up the DagBag from /opt/anaconda3/envs/airflow/lib/python3.7/site-packages/airflow/example_dags/example_trigger_target_dag.py
[2022-02-28 14:32:59,289] {processor.py:654} INFO - DAG(s) dict_keys(['example_trigger_target_dag']) retrieved from /opt/anaconda3/envs/airflow/lib/python3.7/site-packages/airflow/example_dags/example_trigger_target_dag.py
[2022-02-28 14:32:59,315] {logging_mixin.py:109} INFO - [2022-02-28 14:32:59,314] {dag.py:2398} INFO - Sync 1 DAGs
[2022-02-28 14:32:59,361] {logging_mixin.py:109} INFO - [2022-02-28 14:32:59,359] {dag.py:2937} INFO - Setting next_dagrun for example_trigger_target_dag to None
[2022-02-28 14:32:59,398] {processor.py:171} INFO - Processing /opt/anaconda3/envs/airflow/lib/python3.7/site-packages/airflow/example_dags/example_trigger_target_dag.py took 0.173 seconds
[2022-02-28 14:33:40,822] {processor.py:163} INFO - Started process (PID=32385) to work on /opt/anaconda3/envs/airflow/lib/python3.7/site-packages/airflow/example_dags/example_trigger_target_dag.py
[2022-02-28 14:33:40,825] {processor.py:642} INFO - Processing file /opt/anaconda3/envs/airflow/lib/python3.7/site-packages/airflow/example_dags/example_trigger_target_dag.py for tasks to queue
[2022-02-28 14:33:40,828] {logging_mixin.py:109} INFO - [2022-02-28 14:33:40,828] {dagbag.py:500} INFO - Filling up the DagBag from /opt/anaconda3/envs/airflow/lib/python3.7/site-packages/airflow/example_dags/example_trigger_target_dag.py
[2022-02-28 14:33:40,875] {processor.py:654} INFO - DAG(s) dict_keys(['example_trigger_target_dag']) retrieved from /opt/anaconda3/envs/airflow/lib/python3.7/site-packages/airflow/example_dags/example_trigger_target_dag.py
[2022-02-28 14:33:40,887] {logging_mixin.py:109} INFO - [2022-02-28 14:33:40,887] {dag.py:2398} INFO - Sync 1 DAGs
[2022-02-28 14:33:40,903] {logging_mixin.py:109} INFO - [2022-02-28 14:33:40,903] {dag.py:2937} INFO - Setting next_dagrun for example_trigger_target_dag to None
[2022-02-28 14:33:40,916] {processor.py:171} INFO - Processing /opt/anaconda3/envs/airflow/lib/python3.7/site-packages/airflow/example_dags/example_trigger_target_dag.py took 0.097 seconds
[2022-02-28 14:34:23,942] {processor.py:163} INFO - Started process (PID=32453) to work on /opt/anaconda3/envs/airflow/lib/python3.7/site-packages/airflow/example_dags/example_trigger_target_dag.py
[2022-02-28 14:34:23,944] {processor.py:642} INFO - Processing file /opt/anaconda3/envs/airflow/lib/python3.7/site-packages/airflow/example_dags/example_trigger_target_dag.py for tasks to queue
[2022-02-28 14:34:23,946] {logging_mixin.py:109} INFO - [2022-02-28 14:34:23,945] {dagbag.py:500} INFO - Filling up the DagBag from /opt/anaconda3/envs/airflow/lib/python3.7/site-packages/airflow/example_dags/example_trigger_target_dag.py
[2022-02-28 14:34:23,997] {processor.py:654} INFO - DAG(s) dict_keys(['example_trigger_target_dag']) retrieved from /opt/anaconda3/envs/airflow/lib/python3.7/site-packages/airflow/example_dags/example_trigger_target_dag.py
[2022-02-28 14:34:24,008] {logging_mixin.py:109} INFO - [2022-02-28 14:34:24,008] {dag.py:2398} INFO - Sync 1 DAGs
[2022-02-28 14:34:24,022] {logging_mixin.py:109} INFO - [2022-02-28 14:34:24,022] {dag.py:2937} INFO - Setting next_dagrun for example_trigger_target_dag to None
[2022-02-28 14:34:24,033] {processor.py:171} INFO - Processing /opt/anaconda3/envs/airflow/lib/python3.7/site-packages/airflow/example_dags/example_trigger_target_dag.py took 0.096 seconds
[2022-02-28 14:35:04,192] {processor.py:163} INFO - Started process (PID=32495) to work on /opt/anaconda3/envs/airflow/lib/python3.7/site-packages/airflow/example_dags/example_trigger_target_dag.py
[2022-02-28 14:35:04,193] {processor.py:642} INFO - Processing file /opt/anaconda3/envs/airflow/lib/python3.7/site-packages/airflow/example_dags/example_trigger_target_dag.py for tasks to queue
[2022-02-28 14:35:04,194] {logging_mixin.py:109} INFO - [2022-02-28 14:35:04,194] {dagbag.py:500} INFO - Filling up the DagBag from /opt/anaconda3/envs/airflow/lib/python3.7/site-packages/airflow/example_dags/example_trigger_target_dag.py
[2022-02-28 14:35:04,234] {processor.py:654} INFO - DAG(s) dict_keys(['example_trigger_target_dag']) retrieved from /opt/anaconda3/envs/airflow/lib/python3.7/site-packages/airflow/example_dags/example_trigger_target_dag.py
[2022-02-28 14:35:04,245] {logging_mixin.py:109} INFO - [2022-02-28 14:35:04,244] {dag.py:2398} INFO - Sync 1 DAGs
[2022-02-28 14:35:04,260] {logging_mixin.py:109} INFO - [2022-02-28 14:35:04,259] {dag.py:2937} INFO - Setting next_dagrun for example_trigger_target_dag to None
[2022-02-28 14:35:04,272] {processor.py:171} INFO - Processing /opt/anaconda3/envs/airflow/lib/python3.7/site-packages/airflow/example_dags/example_trigger_target_dag.py took 0.084 seconds
[2022-02-28 14:35:44,743] {processor.py:163} INFO - Started process (PID=32536) to work on /opt/anaconda3/envs/airflow/lib/python3.7/site-packages/airflow/example_dags/example_trigger_target_dag.py
[2022-02-28 14:35:44,745] {processor.py:642} INFO - Processing file /opt/anaconda3/envs/airflow/lib/python3.7/site-packages/airflow/example_dags/example_trigger_target_dag.py for tasks to queue
[2022-02-28 14:35:44,747] {logging_mixin.py:109} INFO - [2022-02-28 14:35:44,746] {dagbag.py:500} INFO - Filling up the DagBag from /opt/anaconda3/envs/airflow/lib/python3.7/site-packages/airflow/example_dags/example_trigger_target_dag.py
[2022-02-28 14:35:44,784] {processor.py:654} INFO - DAG(s) dict_keys(['example_trigger_target_dag']) retrieved from /opt/anaconda3/envs/airflow/lib/python3.7/site-packages/airflow/example_dags/example_trigger_target_dag.py
[2022-02-28 14:35:44,796] {logging_mixin.py:109} INFO - [2022-02-28 14:35:44,796] {dag.py:2398} INFO - Sync 1 DAGs
[2022-02-28 14:35:44,810] {logging_mixin.py:109} INFO - [2022-02-28 14:35:44,810] {dag.py:2937} INFO - Setting next_dagrun for example_trigger_target_dag to None
[2022-02-28 14:35:44,821] {processor.py:171} INFO - Processing /opt/anaconda3/envs/airflow/lib/python3.7/site-packages/airflow/example_dags/example_trigger_target_dag.py took 0.083 seconds
[2022-02-28 14:36:20,854] {processor.py:163} INFO - Started process (PID=32578) to work on /opt/anaconda3/envs/airflow/lib/python3.7/site-packages/airflow/example_dags/example_trigger_target_dag.py
[2022-02-28 14:36:20,856] {processor.py:642} INFO - Processing file /opt/anaconda3/envs/airflow/lib/python3.7/site-packages/airflow/example_dags/example_trigger_target_dag.py for tasks to queue
[2022-02-28 14:36:20,858] {logging_mixin.py:109} INFO - [2022-02-28 14:36:20,857] {dagbag.py:500} INFO - Filling up the DagBag from /opt/anaconda3/envs/airflow/lib/python3.7/site-packages/airflow/example_dags/example_trigger_target_dag.py
[2022-02-28 14:36:20,893] {processor.py:654} INFO - DAG(s) dict_keys(['example_trigger_target_dag']) retrieved from /opt/anaconda3/envs/airflow/lib/python3.7/site-packages/airflow/example_dags/example_trigger_target_dag.py
[2022-02-28 14:36:20,903] {logging_mixin.py:109} INFO - [2022-02-28 14:36:20,903] {dag.py:2398} INFO - Sync 1 DAGs
[2022-02-28 14:36:20,917] {logging_mixin.py:109} INFO - [2022-02-28 14:36:20,916] {dag.py:2937} INFO - Setting next_dagrun for example_trigger_target_dag to None
[2022-02-28 14:36:20,929] {processor.py:171} INFO - Processing /opt/anaconda3/envs/airflow/lib/python3.7/site-packages/airflow/example_dags/example_trigger_target_dag.py took 0.078 seconds
[2022-02-28 14:36:59,656] {processor.py:163} INFO - Started process (PID=32618) to work on /opt/anaconda3/envs/airflow/lib/python3.7/site-packages/airflow/example_dags/example_trigger_target_dag.py
[2022-02-28 14:36:59,658] {processor.py:642} INFO - Processing file /opt/anaconda3/envs/airflow/lib/python3.7/site-packages/airflow/example_dags/example_trigger_target_dag.py for tasks to queue
[2022-02-28 14:36:59,659] {logging_mixin.py:109} INFO - [2022-02-28 14:36:59,659] {dagbag.py:500} INFO - Filling up the DagBag from /opt/anaconda3/envs/airflow/lib/python3.7/site-packages/airflow/example_dags/example_trigger_target_dag.py
[2022-02-28 14:36:59,696] {processor.py:654} INFO - DAG(s) dict_keys(['example_trigger_target_dag']) retrieved from /opt/anaconda3/envs/airflow/lib/python3.7/site-packages/airflow/example_dags/example_trigger_target_dag.py
[2022-02-28 14:36:59,708] {logging_mixin.py:109} INFO - [2022-02-28 14:36:59,707] {dag.py:2398} INFO - Sync 1 DAGs
[2022-02-28 14:36:59,722] {logging_mixin.py:109} INFO - [2022-02-28 14:36:59,722] {dag.py:2937} INFO - Setting next_dagrun for example_trigger_target_dag to None
[2022-02-28 14:36:59,734] {processor.py:171} INFO - Processing /opt/anaconda3/envs/airflow/lib/python3.7/site-packages/airflow/example_dags/example_trigger_target_dag.py took 0.082 seconds
[2022-02-28 14:37:39,010] {processor.py:163} INFO - Started process (PID=32654) to work on /opt/anaconda3/envs/airflow/lib/python3.7/site-packages/airflow/example_dags/example_trigger_target_dag.py
[2022-02-28 14:37:39,012] {processor.py:642} INFO - Processing file /opt/anaconda3/envs/airflow/lib/python3.7/site-packages/airflow/example_dags/example_trigger_target_dag.py for tasks to queue
[2022-02-28 14:37:39,013] {logging_mixin.py:109} INFO - [2022-02-28 14:37:39,013] {dagbag.py:500} INFO - Filling up the DagBag from /opt/anaconda3/envs/airflow/lib/python3.7/site-packages/airflow/example_dags/example_trigger_target_dag.py
[2022-02-28 14:37:39,051] {processor.py:654} INFO - DAG(s) dict_keys(['example_trigger_target_dag']) retrieved from /opt/anaconda3/envs/airflow/lib/python3.7/site-packages/airflow/example_dags/example_trigger_target_dag.py
[2022-02-28 14:37:39,062] {logging_mixin.py:109} INFO - [2022-02-28 14:37:39,061] {dag.py:2398} INFO - Sync 1 DAGs
[2022-02-28 14:37:39,077] {logging_mixin.py:109} INFO - [2022-02-28 14:37:39,077] {dag.py:2937} INFO - Setting next_dagrun for example_trigger_target_dag to None
[2022-02-28 14:37:39,088] {processor.py:171} INFO - Processing /opt/anaconda3/envs/airflow/lib/python3.7/site-packages/airflow/example_dags/example_trigger_target_dag.py took 0.082 seconds
[2022-02-28 14:38:20,844] {processor.py:163} INFO - Started process (PID=32694) to work on /opt/anaconda3/envs/airflow/lib/python3.7/site-packages/airflow/example_dags/example_trigger_target_dag.py
[2022-02-28 14:38:20,847] {processor.py:642} INFO - Processing file /opt/anaconda3/envs/airflow/lib/python3.7/site-packages/airflow/example_dags/example_trigger_target_dag.py for tasks to queue
[2022-02-28 14:38:20,848] {logging_mixin.py:109} INFO - [2022-02-28 14:38:20,848] {dagbag.py:500} INFO - Filling up the DagBag from /opt/anaconda3/envs/airflow/lib/python3.7/site-packages/airflow/example_dags/example_trigger_target_dag.py
[2022-02-28 14:38:20,882] {processor.py:654} INFO - DAG(s) dict_keys(['example_trigger_target_dag']) retrieved from /opt/anaconda3/envs/airflow/lib/python3.7/site-packages/airflow/example_dags/example_trigger_target_dag.py
[2022-02-28 14:38:20,893] {logging_mixin.py:109} INFO - [2022-02-28 14:38:20,893] {dag.py:2398} INFO - Sync 1 DAGs
[2022-02-28 14:38:20,910] {logging_mixin.py:109} INFO - [2022-02-28 14:38:20,910] {dag.py:2937} INFO - Setting next_dagrun for example_trigger_target_dag to None
[2022-02-28 14:38:20,922] {processor.py:171} INFO - Processing /opt/anaconda3/envs/airflow/lib/python3.7/site-packages/airflow/example_dags/example_trigger_target_dag.py took 0.083 seconds
[2022-02-28 14:38:57,343] {processor.py:163} INFO - Started process (PID=32729) to work on /opt/anaconda3/envs/airflow/lib/python3.7/site-packages/airflow/example_dags/example_trigger_target_dag.py
[2022-02-28 14:38:57,346] {processor.py:642} INFO - Processing file /opt/anaconda3/envs/airflow/lib/python3.7/site-packages/airflow/example_dags/example_trigger_target_dag.py for tasks to queue
[2022-02-28 14:38:57,347] {logging_mixin.py:109} INFO - [2022-02-28 14:38:57,347] {dagbag.py:500} INFO - Filling up the DagBag from /opt/anaconda3/envs/airflow/lib/python3.7/site-packages/airflow/example_dags/example_trigger_target_dag.py
[2022-02-28 14:38:57,381] {processor.py:654} INFO - DAG(s) dict_keys(['example_trigger_target_dag']) retrieved from /opt/anaconda3/envs/airflow/lib/python3.7/site-packages/airflow/example_dags/example_trigger_target_dag.py
[2022-02-28 14:38:57,393] {logging_mixin.py:109} INFO - [2022-02-28 14:38:57,393] {dag.py:2398} INFO - Sync 1 DAGs
[2022-02-28 14:38:57,408] {logging_mixin.py:109} INFO - [2022-02-28 14:38:57,407] {dag.py:2937} INFO - Setting next_dagrun for example_trigger_target_dag to None
[2022-02-28 14:38:57,419] {processor.py:171} INFO - Processing /opt/anaconda3/envs/airflow/lib/python3.7/site-packages/airflow/example_dags/example_trigger_target_dag.py took 0.079 seconds
[2022-02-28 14:39:38,806] {processor.py:163} INFO - Started process (PID=32779) to work on /opt/anaconda3/envs/airflow/lib/python3.7/site-packages/airflow/example_dags/example_trigger_target_dag.py
[2022-02-28 14:39:38,810] {processor.py:642} INFO - Processing file /opt/anaconda3/envs/airflow/lib/python3.7/site-packages/airflow/example_dags/example_trigger_target_dag.py for tasks to queue
[2022-02-28 14:39:38,812] {logging_mixin.py:109} INFO - [2022-02-28 14:39:38,811] {dagbag.py:500} INFO - Filling up the DagBag from /opt/anaconda3/envs/airflow/lib/python3.7/site-packages/airflow/example_dags/example_trigger_target_dag.py
[2022-02-28 14:39:38,930] {processor.py:654} INFO - DAG(s) dict_keys(['example_trigger_target_dag']) retrieved from /opt/anaconda3/envs/airflow/lib/python3.7/site-packages/airflow/example_dags/example_trigger_target_dag.py
[2022-02-28 14:39:38,964] {logging_mixin.py:109} INFO - [2022-02-28 14:39:38,963] {dag.py:2398} INFO - Sync 1 DAGs
[2022-02-28 14:39:38,995] {logging_mixin.py:109} INFO - [2022-02-28 14:39:38,995] {dag.py:2937} INFO - Setting next_dagrun for example_trigger_target_dag to None
[2022-02-28 14:39:39,014] {processor.py:171} INFO - Processing /opt/anaconda3/envs/airflow/lib/python3.7/site-packages/airflow/example_dags/example_trigger_target_dag.py took 0.215 seconds
[2022-02-28 14:40:17,937] {processor.py:163} INFO - Started process (PID=32819) to work on /opt/anaconda3/envs/airflow/lib/python3.7/site-packages/airflow/example_dags/example_trigger_target_dag.py
[2022-02-28 14:40:17,939] {processor.py:642} INFO - Processing file /opt/anaconda3/envs/airflow/lib/python3.7/site-packages/airflow/example_dags/example_trigger_target_dag.py for tasks to queue
[2022-02-28 14:40:17,941] {logging_mixin.py:109} INFO - [2022-02-28 14:40:17,940] {dagbag.py:500} INFO - Filling up the DagBag from /opt/anaconda3/envs/airflow/lib/python3.7/site-packages/airflow/example_dags/example_trigger_target_dag.py
[2022-02-28 14:40:17,980] {processor.py:654} INFO - DAG(s) dict_keys(['example_trigger_target_dag']) retrieved from /opt/anaconda3/envs/airflow/lib/python3.7/site-packages/airflow/example_dags/example_trigger_target_dag.py
[2022-02-28 14:40:17,991] {logging_mixin.py:109} INFO - [2022-02-28 14:40:17,991] {dag.py:2398} INFO - Sync 1 DAGs
[2022-02-28 14:40:18,007] {logging_mixin.py:109} INFO - [2022-02-28 14:40:18,007] {dag.py:2937} INFO - Setting next_dagrun for example_trigger_target_dag to None
[2022-02-28 14:40:18,020] {processor.py:171} INFO - Processing /opt/anaconda3/envs/airflow/lib/python3.7/site-packages/airflow/example_dags/example_trigger_target_dag.py took 0.088 seconds
[2022-02-28 14:40:57,866] {processor.py:163} INFO - Started process (PID=32857) to work on /opt/anaconda3/envs/airflow/lib/python3.7/site-packages/airflow/example_dags/example_trigger_target_dag.py
[2022-02-28 14:40:57,868] {processor.py:642} INFO - Processing file /opt/anaconda3/envs/airflow/lib/python3.7/site-packages/airflow/example_dags/example_trigger_target_dag.py for tasks to queue
[2022-02-28 14:40:57,869] {logging_mixin.py:109} INFO - [2022-02-28 14:40:57,869] {dagbag.py:500} INFO - Filling up the DagBag from /opt/anaconda3/envs/airflow/lib/python3.7/site-packages/airflow/example_dags/example_trigger_target_dag.py
[2022-02-28 14:40:57,907] {processor.py:654} INFO - DAG(s) dict_keys(['example_trigger_target_dag']) retrieved from /opt/anaconda3/envs/airflow/lib/python3.7/site-packages/airflow/example_dags/example_trigger_target_dag.py
[2022-02-28 14:40:57,918] {logging_mixin.py:109} INFO - [2022-02-28 14:40:57,918] {dag.py:2398} INFO - Sync 1 DAGs
[2022-02-28 14:40:57,934] {logging_mixin.py:109} INFO - [2022-02-28 14:40:57,934] {dag.py:2937} INFO - Setting next_dagrun for example_trigger_target_dag to None
[2022-02-28 14:40:57,945] {processor.py:171} INFO - Processing /opt/anaconda3/envs/airflow/lib/python3.7/site-packages/airflow/example_dags/example_trigger_target_dag.py took 0.083 seconds
[2022-02-28 14:41:32,425] {processor.py:163} INFO - Started process (PID=32890) to work on /opt/anaconda3/envs/airflow/lib/python3.7/site-packages/airflow/example_dags/example_trigger_target_dag.py
[2022-02-28 14:41:32,427] {processor.py:642} INFO - Processing file /opt/anaconda3/envs/airflow/lib/python3.7/site-packages/airflow/example_dags/example_trigger_target_dag.py for tasks to queue
[2022-02-28 14:41:32,428] {logging_mixin.py:109} INFO - [2022-02-28 14:41:32,428] {dagbag.py:500} INFO - Filling up the DagBag from /opt/anaconda3/envs/airflow/lib/python3.7/site-packages/airflow/example_dags/example_trigger_target_dag.py
[2022-02-28 14:41:32,467] {processor.py:654} INFO - DAG(s) dict_keys(['example_trigger_target_dag']) retrieved from /opt/anaconda3/envs/airflow/lib/python3.7/site-packages/airflow/example_dags/example_trigger_target_dag.py
[2022-02-28 14:41:32,478] {logging_mixin.py:109} INFO - [2022-02-28 14:41:32,477] {dag.py:2398} INFO - Sync 1 DAGs
[2022-02-28 14:41:32,493] {logging_mixin.py:109} INFO - [2022-02-28 14:41:32,493] {dag.py:2937} INFO - Setting next_dagrun for example_trigger_target_dag to None
[2022-02-28 14:41:32,504] {processor.py:171} INFO - Processing /opt/anaconda3/envs/airflow/lib/python3.7/site-packages/airflow/example_dags/example_trigger_target_dag.py took 0.083 seconds
[2022-02-28 14:42:07,566] {processor.py:163} INFO - Started process (PID=32927) to work on /opt/anaconda3/envs/airflow/lib/python3.7/site-packages/airflow/example_dags/example_trigger_target_dag.py
[2022-02-28 14:42:07,568] {processor.py:642} INFO - Processing file /opt/anaconda3/envs/airflow/lib/python3.7/site-packages/airflow/example_dags/example_trigger_target_dag.py for tasks to queue
[2022-02-28 14:42:07,569] {logging_mixin.py:109} INFO - [2022-02-28 14:42:07,569] {dagbag.py:500} INFO - Filling up the DagBag from /opt/anaconda3/envs/airflow/lib/python3.7/site-packages/airflow/example_dags/example_trigger_target_dag.py
[2022-02-28 14:42:07,609] {processor.py:654} INFO - DAG(s) dict_keys(['example_trigger_target_dag']) retrieved from /opt/anaconda3/envs/airflow/lib/python3.7/site-packages/airflow/example_dags/example_trigger_target_dag.py
[2022-02-28 14:42:07,624] {logging_mixin.py:109} INFO - [2022-02-28 14:42:07,623] {dag.py:2398} INFO - Sync 1 DAGs
[2022-02-28 14:42:07,641] {logging_mixin.py:109} INFO - [2022-02-28 14:42:07,641] {dag.py:2937} INFO - Setting next_dagrun for example_trigger_target_dag to None
[2022-02-28 14:42:07,655] {processor.py:171} INFO - Processing /opt/anaconda3/envs/airflow/lib/python3.7/site-packages/airflow/example_dags/example_trigger_target_dag.py took 0.093 seconds
[2022-02-28 14:42:47,026] {processor.py:163} INFO - Started process (PID=32976) to work on /opt/anaconda3/envs/airflow/lib/python3.7/site-packages/airflow/example_dags/example_trigger_target_dag.py
[2022-02-28 14:42:47,028] {processor.py:642} INFO - Processing file /opt/anaconda3/envs/airflow/lib/python3.7/site-packages/airflow/example_dags/example_trigger_target_dag.py for tasks to queue
[2022-02-28 14:42:47,030] {logging_mixin.py:109} INFO - [2022-02-28 14:42:47,029] {dagbag.py:500} INFO - Filling up the DagBag from /opt/anaconda3/envs/airflow/lib/python3.7/site-packages/airflow/example_dags/example_trigger_target_dag.py
[2022-02-28 14:42:47,081] {processor.py:654} INFO - DAG(s) dict_keys(['example_trigger_target_dag']) retrieved from /opt/anaconda3/envs/airflow/lib/python3.7/site-packages/airflow/example_dags/example_trigger_target_dag.py
[2022-02-28 14:42:47,095] {logging_mixin.py:109} INFO - [2022-02-28 14:42:47,094] {dag.py:2398} INFO - Sync 1 DAGs
[2022-02-28 14:42:47,120] {logging_mixin.py:109} INFO - [2022-02-28 14:42:47,118] {dag.py:2937} INFO - Setting next_dagrun for example_trigger_target_dag to None
[2022-02-28 14:42:47,150] {processor.py:171} INFO - Processing /opt/anaconda3/envs/airflow/lib/python3.7/site-packages/airflow/example_dags/example_trigger_target_dag.py took 0.129 seconds
[2022-02-28 14:43:23,566] {processor.py:163} INFO - Started process (PID=33009) to work on /opt/anaconda3/envs/airflow/lib/python3.7/site-packages/airflow/example_dags/example_trigger_target_dag.py
[2022-02-28 14:43:23,568] {processor.py:642} INFO - Processing file /opt/anaconda3/envs/airflow/lib/python3.7/site-packages/airflow/example_dags/example_trigger_target_dag.py for tasks to queue
[2022-02-28 14:43:23,570] {logging_mixin.py:109} INFO - [2022-02-28 14:43:23,569] {dagbag.py:500} INFO - Filling up the DagBag from /opt/anaconda3/envs/airflow/lib/python3.7/site-packages/airflow/example_dags/example_trigger_target_dag.py
[2022-02-28 14:43:23,613] {processor.py:654} INFO - DAG(s) dict_keys(['example_trigger_target_dag']) retrieved from /opt/anaconda3/envs/airflow/lib/python3.7/site-packages/airflow/example_dags/example_trigger_target_dag.py
[2022-02-28 14:43:23,625] {logging_mixin.py:109} INFO - [2022-02-28 14:43:23,625] {dag.py:2398} INFO - Sync 1 DAGs
[2022-02-28 14:43:23,642] {logging_mixin.py:109} INFO - [2022-02-28 14:43:23,641] {dag.py:2937} INFO - Setting next_dagrun for example_trigger_target_dag to None
[2022-02-28 14:43:23,656] {processor.py:171} INFO - Processing /opt/anaconda3/envs/airflow/lib/python3.7/site-packages/airflow/example_dags/example_trigger_target_dag.py took 0.093 seconds
[2022-02-28 14:44:03,345] {processor.py:163} INFO - Started process (PID=33053) to work on /opt/anaconda3/envs/airflow/lib/python3.7/site-packages/airflow/example_dags/example_trigger_target_dag.py
[2022-02-28 14:44:03,349] {processor.py:642} INFO - Processing file /opt/anaconda3/envs/airflow/lib/python3.7/site-packages/airflow/example_dags/example_trigger_target_dag.py for tasks to queue
[2022-02-28 14:44:03,351] {logging_mixin.py:109} INFO - [2022-02-28 14:44:03,350] {dagbag.py:500} INFO - Filling up the DagBag from /opt/anaconda3/envs/airflow/lib/python3.7/site-packages/airflow/example_dags/example_trigger_target_dag.py
[2022-02-28 14:44:03,541] {processor.py:654} INFO - DAG(s) dict_keys(['example_trigger_target_dag']) retrieved from /opt/anaconda3/envs/airflow/lib/python3.7/site-packages/airflow/example_dags/example_trigger_target_dag.py
[2022-02-28 14:44:03,633] {logging_mixin.py:109} INFO - [2022-02-28 14:44:03,631] {dag.py:2398} INFO - Sync 1 DAGs
[2022-02-28 14:44:03,951] {logging_mixin.py:109} INFO - [2022-02-28 14:44:03,950] {dag.py:2937} INFO - Setting next_dagrun for example_trigger_target_dag to None
[2022-02-28 14:44:03,982] {processor.py:171} INFO - Processing /opt/anaconda3/envs/airflow/lib/python3.7/site-packages/airflow/example_dags/example_trigger_target_dag.py took 0.643 seconds
[2022-02-28 14:44:46,859] {processor.py:163} INFO - Started process (PID=33105) to work on /opt/anaconda3/envs/airflow/lib/python3.7/site-packages/airflow/example_dags/example_trigger_target_dag.py
[2022-02-28 14:44:46,862] {processor.py:642} INFO - Processing file /opt/anaconda3/envs/airflow/lib/python3.7/site-packages/airflow/example_dags/example_trigger_target_dag.py for tasks to queue
[2022-02-28 14:44:46,863] {logging_mixin.py:109} INFO - [2022-02-28 14:44:46,863] {dagbag.py:500} INFO - Filling up the DagBag from /opt/anaconda3/envs/airflow/lib/python3.7/site-packages/airflow/example_dags/example_trigger_target_dag.py
[2022-02-28 14:44:46,898] {processor.py:654} INFO - DAG(s) dict_keys(['example_trigger_target_dag']) retrieved from /opt/anaconda3/envs/airflow/lib/python3.7/site-packages/airflow/example_dags/example_trigger_target_dag.py
[2022-02-28 14:44:46,908] {logging_mixin.py:109} INFO - [2022-02-28 14:44:46,908] {dag.py:2398} INFO - Sync 1 DAGs
[2022-02-28 14:44:46,922] {logging_mixin.py:109} INFO - [2022-02-28 14:44:46,922] {dag.py:2937} INFO - Setting next_dagrun for example_trigger_target_dag to None
[2022-02-28 14:44:46,933] {processor.py:171} INFO - Processing /opt/anaconda3/envs/airflow/lib/python3.7/site-packages/airflow/example_dags/example_trigger_target_dag.py took 0.079 seconds
[2022-02-28 14:45:28,502] {processor.py:163} INFO - Started process (PID=33170) to work on /opt/anaconda3/envs/airflow/lib/python3.7/site-packages/airflow/example_dags/example_trigger_target_dag.py
[2022-02-28 14:45:28,505] {processor.py:642} INFO - Processing file /opt/anaconda3/envs/airflow/lib/python3.7/site-packages/airflow/example_dags/example_trigger_target_dag.py for tasks to queue
[2022-02-28 14:45:28,506] {logging_mixin.py:109} INFO - [2022-02-28 14:45:28,506] {dagbag.py:500} INFO - Filling up the DagBag from /opt/anaconda3/envs/airflow/lib/python3.7/site-packages/airflow/example_dags/example_trigger_target_dag.py
[2022-02-28 14:45:28,554] {processor.py:654} INFO - DAG(s) dict_keys(['example_trigger_target_dag']) retrieved from /opt/anaconda3/envs/airflow/lib/python3.7/site-packages/airflow/example_dags/example_trigger_target_dag.py
[2022-02-28 14:45:28,571] {logging_mixin.py:109} INFO - [2022-02-28 14:45:28,571] {dag.py:2398} INFO - Sync 1 DAGs
[2022-02-28 14:45:28,601] {logging_mixin.py:109} INFO - [2022-02-28 14:45:28,599] {dag.py:2937} INFO - Setting next_dagrun for example_trigger_target_dag to None
[2022-02-28 14:45:28,621] {processor.py:171} INFO - Processing /opt/anaconda3/envs/airflow/lib/python3.7/site-packages/airflow/example_dags/example_trigger_target_dag.py took 0.124 seconds
[2022-02-28 14:46:05,707] {processor.py:163} INFO - Started process (PID=33216) to work on /opt/anaconda3/envs/airflow/lib/python3.7/site-packages/airflow/example_dags/example_trigger_target_dag.py
[2022-02-28 14:46:05,710] {processor.py:642} INFO - Processing file /opt/anaconda3/envs/airflow/lib/python3.7/site-packages/airflow/example_dags/example_trigger_target_dag.py for tasks to queue
[2022-02-28 14:46:05,711] {logging_mixin.py:109} INFO - [2022-02-28 14:46:05,711] {dagbag.py:500} INFO - Filling up the DagBag from /opt/anaconda3/envs/airflow/lib/python3.7/site-packages/airflow/example_dags/example_trigger_target_dag.py
[2022-02-28 14:46:05,775] {processor.py:654} INFO - DAG(s) dict_keys(['example_trigger_target_dag']) retrieved from /opt/anaconda3/envs/airflow/lib/python3.7/site-packages/airflow/example_dags/example_trigger_target_dag.py
[2022-02-28 14:46:05,799] {logging_mixin.py:109} INFO - [2022-02-28 14:46:05,799] {dag.py:2398} INFO - Sync 1 DAGs
[2022-02-28 14:46:05,832] {logging_mixin.py:109} INFO - [2022-02-28 14:46:05,830] {dag.py:2937} INFO - Setting next_dagrun for example_trigger_target_dag to None
[2022-02-28 14:46:05,850] {processor.py:171} INFO - Processing /opt/anaconda3/envs/airflow/lib/python3.7/site-packages/airflow/example_dags/example_trigger_target_dag.py took 0.148 seconds
[2022-02-28 14:46:46,489] {processor.py:163} INFO - Started process (PID=33257) to work on /opt/anaconda3/envs/airflow/lib/python3.7/site-packages/airflow/example_dags/example_trigger_target_dag.py
[2022-02-28 14:46:46,492] {processor.py:642} INFO - Processing file /opt/anaconda3/envs/airflow/lib/python3.7/site-packages/airflow/example_dags/example_trigger_target_dag.py for tasks to queue
[2022-02-28 14:46:46,493] {logging_mixin.py:109} INFO - [2022-02-28 14:46:46,493] {dagbag.py:500} INFO - Filling up the DagBag from /opt/anaconda3/envs/airflow/lib/python3.7/site-packages/airflow/example_dags/example_trigger_target_dag.py
[2022-02-28 14:46:46,532] {processor.py:654} INFO - DAG(s) dict_keys(['example_trigger_target_dag']) retrieved from /opt/anaconda3/envs/airflow/lib/python3.7/site-packages/airflow/example_dags/example_trigger_target_dag.py
[2022-02-28 14:46:46,544] {logging_mixin.py:109} INFO - [2022-02-28 14:46:46,544] {dag.py:2398} INFO - Sync 1 DAGs
[2022-02-28 14:46:46,559] {logging_mixin.py:109} INFO - [2022-02-28 14:46:46,558] {dag.py:2937} INFO - Setting next_dagrun for example_trigger_target_dag to None
[2022-02-28 14:46:46,569] {processor.py:171} INFO - Processing /opt/anaconda3/envs/airflow/lib/python3.7/site-packages/airflow/example_dags/example_trigger_target_dag.py took 0.085 seconds
[2022-02-28 14:47:28,063] {processor.py:163} INFO - Started process (PID=33296) to work on /opt/anaconda3/envs/airflow/lib/python3.7/site-packages/airflow/example_dags/example_trigger_target_dag.py
[2022-02-28 14:47:28,064] {processor.py:642} INFO - Processing file /opt/anaconda3/envs/airflow/lib/python3.7/site-packages/airflow/example_dags/example_trigger_target_dag.py for tasks to queue
[2022-02-28 14:47:28,066] {logging_mixin.py:109} INFO - [2022-02-28 14:47:28,065] {dagbag.py:500} INFO - Filling up the DagBag from /opt/anaconda3/envs/airflow/lib/python3.7/site-packages/airflow/example_dags/example_trigger_target_dag.py
[2022-02-28 14:47:28,102] {processor.py:654} INFO - DAG(s) dict_keys(['example_trigger_target_dag']) retrieved from /opt/anaconda3/envs/airflow/lib/python3.7/site-packages/airflow/example_dags/example_trigger_target_dag.py
[2022-02-28 14:47:28,113] {logging_mixin.py:109} INFO - [2022-02-28 14:47:28,113] {dag.py:2398} INFO - Sync 1 DAGs
[2022-02-28 14:47:28,128] {logging_mixin.py:109} INFO - [2022-02-28 14:47:28,128] {dag.py:2937} INFO - Setting next_dagrun for example_trigger_target_dag to None
[2022-02-28 14:47:28,140] {processor.py:171} INFO - Processing /opt/anaconda3/envs/airflow/lib/python3.7/site-packages/airflow/example_dags/example_trigger_target_dag.py took 0.081 seconds
[2022-02-28 14:48:06,696] {processor.py:163} INFO - Started process (PID=33335) to work on /opt/anaconda3/envs/airflow/lib/python3.7/site-packages/airflow/example_dags/example_trigger_target_dag.py
[2022-02-28 14:48:06,698] {processor.py:642} INFO - Processing file /opt/anaconda3/envs/airflow/lib/python3.7/site-packages/airflow/example_dags/example_trigger_target_dag.py for tasks to queue
[2022-02-28 14:48:06,699] {logging_mixin.py:109} INFO - [2022-02-28 14:48:06,698] {dagbag.py:500} INFO - Filling up the DagBag from /opt/anaconda3/envs/airflow/lib/python3.7/site-packages/airflow/example_dags/example_trigger_target_dag.py
[2022-02-28 14:48:06,735] {processor.py:654} INFO - DAG(s) dict_keys(['example_trigger_target_dag']) retrieved from /opt/anaconda3/envs/airflow/lib/python3.7/site-packages/airflow/example_dags/example_trigger_target_dag.py
[2022-02-28 14:48:06,746] {logging_mixin.py:109} INFO - [2022-02-28 14:48:06,745] {dag.py:2398} INFO - Sync 1 DAGs
[2022-02-28 14:48:06,760] {logging_mixin.py:109} INFO - [2022-02-28 14:48:06,760] {dag.py:2937} INFO - Setting next_dagrun for example_trigger_target_dag to None
[2022-02-28 14:48:06,772] {processor.py:171} INFO - Processing /opt/anaconda3/envs/airflow/lib/python3.7/site-packages/airflow/example_dags/example_trigger_target_dag.py took 0.081 seconds
[2022-02-28 14:48:41,178] {processor.py:163} INFO - Started process (PID=33368) to work on /opt/anaconda3/envs/airflow/lib/python3.7/site-packages/airflow/example_dags/example_trigger_target_dag.py
[2022-02-28 14:48:41,180] {processor.py:642} INFO - Processing file /opt/anaconda3/envs/airflow/lib/python3.7/site-packages/airflow/example_dags/example_trigger_target_dag.py for tasks to queue
[2022-02-28 14:48:41,181] {logging_mixin.py:109} INFO - [2022-02-28 14:48:41,181] {dagbag.py:500} INFO - Filling up the DagBag from /opt/anaconda3/envs/airflow/lib/python3.7/site-packages/airflow/example_dags/example_trigger_target_dag.py
[2022-02-28 14:48:41,221] {processor.py:654} INFO - DAG(s) dict_keys(['example_trigger_target_dag']) retrieved from /opt/anaconda3/envs/airflow/lib/python3.7/site-packages/airflow/example_dags/example_trigger_target_dag.py
[2022-02-28 14:48:41,234] {logging_mixin.py:109} INFO - [2022-02-28 14:48:41,234] {dag.py:2398} INFO - Sync 1 DAGs
[2022-02-28 14:48:41,248] {logging_mixin.py:109} INFO - [2022-02-28 14:48:41,248] {dag.py:2937} INFO - Setting next_dagrun for example_trigger_target_dag to None
[2022-02-28 14:48:41,258] {processor.py:171} INFO - Processing /opt/anaconda3/envs/airflow/lib/python3.7/site-packages/airflow/example_dags/example_trigger_target_dag.py took 0.084 seconds
[2022-02-28 14:49:19,917] {processor.py:163} INFO - Started process (PID=33405) to work on /opt/anaconda3/envs/airflow/lib/python3.7/site-packages/airflow/example_dags/example_trigger_target_dag.py
[2022-02-28 14:49:19,919] {processor.py:642} INFO - Processing file /opt/anaconda3/envs/airflow/lib/python3.7/site-packages/airflow/example_dags/example_trigger_target_dag.py for tasks to queue
[2022-02-28 14:49:19,920] {logging_mixin.py:109} INFO - [2022-02-28 14:49:19,920] {dagbag.py:500} INFO - Filling up the DagBag from /opt/anaconda3/envs/airflow/lib/python3.7/site-packages/airflow/example_dags/example_trigger_target_dag.py
[2022-02-28 14:49:19,957] {processor.py:654} INFO - DAG(s) dict_keys(['example_trigger_target_dag']) retrieved from /opt/anaconda3/envs/airflow/lib/python3.7/site-packages/airflow/example_dags/example_trigger_target_dag.py
[2022-02-28 14:49:19,969] {logging_mixin.py:109} INFO - [2022-02-28 14:49:19,969] {dag.py:2398} INFO - Sync 1 DAGs
[2022-02-28 14:49:19,983] {logging_mixin.py:109} INFO - [2022-02-28 14:49:19,983] {dag.py:2937} INFO - Setting next_dagrun for example_trigger_target_dag to None
[2022-02-28 14:49:19,995] {processor.py:171} INFO - Processing /opt/anaconda3/envs/airflow/lib/python3.7/site-packages/airflow/example_dags/example_trigger_target_dag.py took 0.083 seconds
[2022-02-28 14:49:57,790] {processor.py:163} INFO - Started process (PID=33442) to work on /opt/anaconda3/envs/airflow/lib/python3.7/site-packages/airflow/example_dags/example_trigger_target_dag.py
[2022-02-28 14:49:57,792] {processor.py:642} INFO - Processing file /opt/anaconda3/envs/airflow/lib/python3.7/site-packages/airflow/example_dags/example_trigger_target_dag.py for tasks to queue
[2022-02-28 14:49:57,794] {logging_mixin.py:109} INFO - [2022-02-28 14:49:57,793] {dagbag.py:500} INFO - Filling up the DagBag from /opt/anaconda3/envs/airflow/lib/python3.7/site-packages/airflow/example_dags/example_trigger_target_dag.py
[2022-02-28 14:49:57,830] {processor.py:654} INFO - DAG(s) dict_keys(['example_trigger_target_dag']) retrieved from /opt/anaconda3/envs/airflow/lib/python3.7/site-packages/airflow/example_dags/example_trigger_target_dag.py
[2022-02-28 14:49:57,841] {logging_mixin.py:109} INFO - [2022-02-28 14:49:57,841] {dag.py:2398} INFO - Sync 1 DAGs
[2022-02-28 14:49:57,855] {logging_mixin.py:109} INFO - [2022-02-28 14:49:57,854] {dag.py:2937} INFO - Setting next_dagrun for example_trigger_target_dag to None
[2022-02-28 14:49:57,865] {processor.py:171} INFO - Processing /opt/anaconda3/envs/airflow/lib/python3.7/site-packages/airflow/example_dags/example_trigger_target_dag.py took 0.079 seconds
[2022-02-28 14:50:37,768] {processor.py:163} INFO - Started process (PID=33480) to work on /opt/anaconda3/envs/airflow/lib/python3.7/site-packages/airflow/example_dags/example_trigger_target_dag.py
[2022-02-28 14:50:37,770] {processor.py:642} INFO - Processing file /opt/anaconda3/envs/airflow/lib/python3.7/site-packages/airflow/example_dags/example_trigger_target_dag.py for tasks to queue
[2022-02-28 14:50:37,773] {logging_mixin.py:109} INFO - [2022-02-28 14:50:37,772] {dagbag.py:500} INFO - Filling up the DagBag from /opt/anaconda3/envs/airflow/lib/python3.7/site-packages/airflow/example_dags/example_trigger_target_dag.py
[2022-02-28 14:50:37,856] {processor.py:654} INFO - DAG(s) dict_keys(['example_trigger_target_dag']) retrieved from /opt/anaconda3/envs/airflow/lib/python3.7/site-packages/airflow/example_dags/example_trigger_target_dag.py
[2022-02-28 14:50:37,890] {logging_mixin.py:109} INFO - [2022-02-28 14:50:37,889] {dag.py:2398} INFO - Sync 1 DAGs
[2022-02-28 14:50:37,959] {logging_mixin.py:109} INFO - [2022-02-28 14:50:37,959] {dag.py:2937} INFO - Setting next_dagrun for example_trigger_target_dag to None
[2022-02-28 14:50:38,010] {processor.py:171} INFO - Processing /opt/anaconda3/envs/airflow/lib/python3.7/site-packages/airflow/example_dags/example_trigger_target_dag.py took 0.249 seconds
[2022-02-28 14:51:22,033] {processor.py:163} INFO - Started process (PID=33563) to work on /opt/anaconda3/envs/airflow/lib/python3.7/site-packages/airflow/example_dags/example_trigger_target_dag.py
[2022-02-28 14:51:22,036] {processor.py:642} INFO - Processing file /opt/anaconda3/envs/airflow/lib/python3.7/site-packages/airflow/example_dags/example_trigger_target_dag.py for tasks to queue
[2022-02-28 14:51:22,038] {logging_mixin.py:109} INFO - [2022-02-28 14:51:22,037] {dagbag.py:500} INFO - Filling up the DagBag from /opt/anaconda3/envs/airflow/lib/python3.7/site-packages/airflow/example_dags/example_trigger_target_dag.py
[2022-02-28 14:51:22,078] {processor.py:654} INFO - DAG(s) dict_keys(['example_trigger_target_dag']) retrieved from /opt/anaconda3/envs/airflow/lib/python3.7/site-packages/airflow/example_dags/example_trigger_target_dag.py
[2022-02-28 14:51:22,089] {logging_mixin.py:109} INFO - [2022-02-28 14:51:22,089] {dag.py:2398} INFO - Sync 1 DAGs
[2022-02-28 14:51:22,104] {logging_mixin.py:109} INFO - [2022-02-28 14:51:22,104] {dag.py:2937} INFO - Setting next_dagrun for example_trigger_target_dag to None
[2022-02-28 14:51:22,115] {processor.py:171} INFO - Processing /opt/anaconda3/envs/airflow/lib/python3.7/site-packages/airflow/example_dags/example_trigger_target_dag.py took 0.086 seconds
[2022-02-28 14:52:02,134] {processor.py:163} INFO - Started process (PID=33601) to work on /opt/anaconda3/envs/airflow/lib/python3.7/site-packages/airflow/example_dags/example_trigger_target_dag.py
[2022-02-28 14:52:02,135] {processor.py:642} INFO - Processing file /opt/anaconda3/envs/airflow/lib/python3.7/site-packages/airflow/example_dags/example_trigger_target_dag.py for tasks to queue
[2022-02-28 14:52:02,136] {logging_mixin.py:109} INFO - [2022-02-28 14:52:02,136] {dagbag.py:500} INFO - Filling up the DagBag from /opt/anaconda3/envs/airflow/lib/python3.7/site-packages/airflow/example_dags/example_trigger_target_dag.py
[2022-02-28 14:52:02,174] {processor.py:654} INFO - DAG(s) dict_keys(['example_trigger_target_dag']) retrieved from /opt/anaconda3/envs/airflow/lib/python3.7/site-packages/airflow/example_dags/example_trigger_target_dag.py
[2022-02-28 14:52:02,186] {logging_mixin.py:109} INFO - [2022-02-28 14:52:02,185] {dag.py:2398} INFO - Sync 1 DAGs
[2022-02-28 14:52:02,200] {logging_mixin.py:109} INFO - [2022-02-28 14:52:02,200] {dag.py:2937} INFO - Setting next_dagrun for example_trigger_target_dag to None
[2022-02-28 14:52:02,210] {processor.py:171} INFO - Processing /opt/anaconda3/envs/airflow/lib/python3.7/site-packages/airflow/example_dags/example_trigger_target_dag.py took 0.081 seconds
[2022-02-28 14:52:41,276] {processor.py:163} INFO - Started process (PID=33638) to work on /opt/anaconda3/envs/airflow/lib/python3.7/site-packages/airflow/example_dags/example_trigger_target_dag.py
[2022-02-28 14:52:41,277] {processor.py:642} INFO - Processing file /opt/anaconda3/envs/airflow/lib/python3.7/site-packages/airflow/example_dags/example_trigger_target_dag.py for tasks to queue
[2022-02-28 14:52:41,278] {logging_mixin.py:109} INFO - [2022-02-28 14:52:41,278] {dagbag.py:500} INFO - Filling up the DagBag from /opt/anaconda3/envs/airflow/lib/python3.7/site-packages/airflow/example_dags/example_trigger_target_dag.py
[2022-02-28 14:52:41,316] {processor.py:654} INFO - DAG(s) dict_keys(['example_trigger_target_dag']) retrieved from /opt/anaconda3/envs/airflow/lib/python3.7/site-packages/airflow/example_dags/example_trigger_target_dag.py
[2022-02-28 14:52:41,329] {logging_mixin.py:109} INFO - [2022-02-28 14:52:41,329] {dag.py:2398} INFO - Sync 1 DAGs
[2022-02-28 14:52:41,343] {logging_mixin.py:109} INFO - [2022-02-28 14:52:41,342] {dag.py:2937} INFO - Setting next_dagrun for example_trigger_target_dag to None
[2022-02-28 14:52:41,353] {processor.py:171} INFO - Processing /opt/anaconda3/envs/airflow/lib/python3.7/site-packages/airflow/example_dags/example_trigger_target_dag.py took 0.082 seconds
[2022-02-28 14:53:22,362] {processor.py:163} INFO - Started process (PID=33693) to work on /opt/anaconda3/envs/airflow/lib/python3.7/site-packages/airflow/example_dags/example_trigger_target_dag.py
[2022-02-28 14:53:22,364] {processor.py:642} INFO - Processing file /opt/anaconda3/envs/airflow/lib/python3.7/site-packages/airflow/example_dags/example_trigger_target_dag.py for tasks to queue
[2022-02-28 14:53:22,366] {logging_mixin.py:109} INFO - [2022-02-28 14:53:22,366] {dagbag.py:500} INFO - Filling up the DagBag from /opt/anaconda3/envs/airflow/lib/python3.7/site-packages/airflow/example_dags/example_trigger_target_dag.py
[2022-02-28 14:53:22,416] {processor.py:654} INFO - DAG(s) dict_keys(['example_trigger_target_dag']) retrieved from /opt/anaconda3/envs/airflow/lib/python3.7/site-packages/airflow/example_dags/example_trigger_target_dag.py
[2022-02-28 14:53:22,431] {logging_mixin.py:109} INFO - [2022-02-28 14:53:22,431] {dag.py:2398} INFO - Sync 1 DAGs
[2022-02-28 14:53:22,451] {logging_mixin.py:109} INFO - [2022-02-28 14:53:22,451] {dag.py:2937} INFO - Setting next_dagrun for example_trigger_target_dag to None
[2022-02-28 14:53:22,461] {processor.py:171} INFO - Processing /opt/anaconda3/envs/airflow/lib/python3.7/site-packages/airflow/example_dags/example_trigger_target_dag.py took 0.103 seconds
[2022-02-28 14:53:58,901] {processor.py:163} INFO - Started process (PID=33770) to work on /opt/anaconda3/envs/airflow/lib/python3.7/site-packages/airflow/example_dags/example_trigger_target_dag.py
[2022-02-28 14:53:58,904] {processor.py:642} INFO - Processing file /opt/anaconda3/envs/airflow/lib/python3.7/site-packages/airflow/example_dags/example_trigger_target_dag.py for tasks to queue
[2022-02-28 14:53:58,905] {logging_mixin.py:109} INFO - [2022-02-28 14:53:58,905] {dagbag.py:500} INFO - Filling up the DagBag from /opt/anaconda3/envs/airflow/lib/python3.7/site-packages/airflow/example_dags/example_trigger_target_dag.py
[2022-02-28 14:53:58,940] {processor.py:654} INFO - DAG(s) dict_keys(['example_trigger_target_dag']) retrieved from /opt/anaconda3/envs/airflow/lib/python3.7/site-packages/airflow/example_dags/example_trigger_target_dag.py
[2022-02-28 14:53:58,950] {logging_mixin.py:109} INFO - [2022-02-28 14:53:58,950] {dag.py:2398} INFO - Sync 1 DAGs
[2022-02-28 14:53:58,964] {logging_mixin.py:109} INFO - [2022-02-28 14:53:58,964] {dag.py:2937} INFO - Setting next_dagrun for example_trigger_target_dag to None
[2022-02-28 14:53:58,975] {processor.py:171} INFO - Processing /opt/anaconda3/envs/airflow/lib/python3.7/site-packages/airflow/example_dags/example_trigger_target_dag.py took 0.078 seconds
[2022-02-28 14:54:40,354] {processor.py:163} INFO - Started process (PID=33878) to work on /opt/anaconda3/envs/airflow/lib/python3.7/site-packages/airflow/example_dags/example_trigger_target_dag.py
[2022-02-28 14:54:40,357] {processor.py:642} INFO - Processing file /opt/anaconda3/envs/airflow/lib/python3.7/site-packages/airflow/example_dags/example_trigger_target_dag.py for tasks to queue
[2022-02-28 14:54:40,359] {logging_mixin.py:109} INFO - [2022-02-28 14:54:40,358] {dagbag.py:500} INFO - Filling up the DagBag from /opt/anaconda3/envs/airflow/lib/python3.7/site-packages/airflow/example_dags/example_trigger_target_dag.py
[2022-02-28 14:54:40,394] {processor.py:654} INFO - DAG(s) dict_keys(['example_trigger_target_dag']) retrieved from /opt/anaconda3/envs/airflow/lib/python3.7/site-packages/airflow/example_dags/example_trigger_target_dag.py
[2022-02-28 14:54:40,411] {logging_mixin.py:109} INFO - [2022-02-28 14:54:40,410] {dag.py:2398} INFO - Sync 1 DAGs
[2022-02-28 14:54:40,442] {logging_mixin.py:109} INFO - [2022-02-28 14:54:40,441] {dag.py:2937} INFO - Setting next_dagrun for example_trigger_target_dag to None
[2022-02-28 14:54:40,476] {processor.py:171} INFO - Processing /opt/anaconda3/envs/airflow/lib/python3.7/site-packages/airflow/example_dags/example_trigger_target_dag.py took 0.126 seconds
[2022-02-28 14:56:31,690] {processor.py:163} INFO - Started process (PID=34079) to work on /opt/anaconda3/envs/airflow/lib/python3.7/site-packages/airflow/example_dags/example_trigger_target_dag.py
[2022-02-28 14:56:31,693] {processor.py:642} INFO - Processing file /opt/anaconda3/envs/airflow/lib/python3.7/site-packages/airflow/example_dags/example_trigger_target_dag.py for tasks to queue
[2022-02-28 14:56:31,695] {logging_mixin.py:109} INFO - [2022-02-28 14:56:31,695] {dagbag.py:500} INFO - Filling up the DagBag from /opt/anaconda3/envs/airflow/lib/python3.7/site-packages/airflow/example_dags/example_trigger_target_dag.py
[2022-02-28 14:56:31,732] {processor.py:654} INFO - DAG(s) dict_keys(['example_trigger_target_dag']) retrieved from /opt/anaconda3/envs/airflow/lib/python3.7/site-packages/airflow/example_dags/example_trigger_target_dag.py
[2022-02-28 14:56:31,742] {logging_mixin.py:109} INFO - [2022-02-28 14:56:31,741] {dag.py:2398} INFO - Sync 1 DAGs
[2022-02-28 14:56:31,755] {logging_mixin.py:109} INFO - [2022-02-28 14:56:31,755] {dag.py:2937} INFO - Setting next_dagrun for example_trigger_target_dag to None
[2022-02-28 14:56:31,766] {processor.py:171} INFO - Processing /opt/anaconda3/envs/airflow/lib/python3.7/site-packages/airflow/example_dags/example_trigger_target_dag.py took 0.079 seconds
[2022-02-28 14:57:27,511] {processor.py:163} INFO - Started process (PID=34214) to work on /opt/anaconda3/envs/airflow/lib/python3.7/site-packages/airflow/example_dags/example_trigger_target_dag.py
[2022-02-28 14:57:27,513] {processor.py:642} INFO - Processing file /opt/anaconda3/envs/airflow/lib/python3.7/site-packages/airflow/example_dags/example_trigger_target_dag.py for tasks to queue
[2022-02-28 14:57:27,515] {logging_mixin.py:109} INFO - [2022-02-28 14:57:27,514] {dagbag.py:500} INFO - Filling up the DagBag from /opt/anaconda3/envs/airflow/lib/python3.7/site-packages/airflow/example_dags/example_trigger_target_dag.py
[2022-02-28 14:57:27,556] {processor.py:654} INFO - DAG(s) dict_keys(['example_trigger_target_dag']) retrieved from /opt/anaconda3/envs/airflow/lib/python3.7/site-packages/airflow/example_dags/example_trigger_target_dag.py
[2022-02-28 14:57:27,567] {logging_mixin.py:109} INFO - [2022-02-28 14:57:27,566] {dag.py:2398} INFO - Sync 1 DAGs
[2022-02-28 14:57:27,580] {logging_mixin.py:109} INFO - [2022-02-28 14:57:27,579] {dag.py:2937} INFO - Setting next_dagrun for example_trigger_target_dag to None
[2022-02-28 14:57:27,591] {processor.py:171} INFO - Processing /opt/anaconda3/envs/airflow/lib/python3.7/site-packages/airflow/example_dags/example_trigger_target_dag.py took 0.084 seconds
[2022-02-28 15:03:37,914] {processor.py:163} INFO - Started process (PID=34760) to work on /opt/anaconda3/envs/airflow/lib/python3.7/site-packages/airflow/example_dags/example_trigger_target_dag.py
[2022-02-28 15:03:37,917] {processor.py:642} INFO - Processing file /opt/anaconda3/envs/airflow/lib/python3.7/site-packages/airflow/example_dags/example_trigger_target_dag.py for tasks to queue
[2022-02-28 15:03:37,918] {logging_mixin.py:109} INFO - [2022-02-28 15:03:37,918] {dagbag.py:500} INFO - Filling up the DagBag from /opt/anaconda3/envs/airflow/lib/python3.7/site-packages/airflow/example_dags/example_trigger_target_dag.py
[2022-02-28 15:03:38,002] {processor.py:654} INFO - DAG(s) dict_keys(['example_trigger_target_dag']) retrieved from /opt/anaconda3/envs/airflow/lib/python3.7/site-packages/airflow/example_dags/example_trigger_target_dag.py
[2022-02-28 15:03:38,026] {logging_mixin.py:109} INFO - [2022-02-28 15:03:38,025] {dag.py:2398} INFO - Sync 1 DAGs
[2022-02-28 15:03:38,057] {logging_mixin.py:109} INFO - [2022-02-28 15:03:38,057] {dag.py:2937} INFO - Setting next_dagrun for example_trigger_target_dag to None
[2022-02-28 15:03:38,094] {processor.py:171} INFO - Processing /opt/anaconda3/envs/airflow/lib/python3.7/site-packages/airflow/example_dags/example_trigger_target_dag.py took 0.184 seconds
[2022-02-28 15:06:03,671] {processor.py:163} INFO - Started process (PID=35041) to work on /opt/anaconda3/envs/airflow/lib/python3.7/site-packages/airflow/example_dags/example_trigger_target_dag.py
[2022-02-28 15:06:03,673] {processor.py:642} INFO - Processing file /opt/anaconda3/envs/airflow/lib/python3.7/site-packages/airflow/example_dags/example_trigger_target_dag.py for tasks to queue
[2022-02-28 15:06:03,675] {logging_mixin.py:109} INFO - [2022-02-28 15:06:03,674] {dagbag.py:500} INFO - Filling up the DagBag from /opt/anaconda3/envs/airflow/lib/python3.7/site-packages/airflow/example_dags/example_trigger_target_dag.py
[2022-02-28 15:06:03,709] {processor.py:654} INFO - DAG(s) dict_keys(['example_trigger_target_dag']) retrieved from /opt/anaconda3/envs/airflow/lib/python3.7/site-packages/airflow/example_dags/example_trigger_target_dag.py
[2022-02-28 15:06:03,719] {logging_mixin.py:109} INFO - [2022-02-28 15:06:03,719] {dag.py:2398} INFO - Sync 1 DAGs
[2022-02-28 15:06:03,732] {logging_mixin.py:109} INFO - [2022-02-28 15:06:03,732] {dag.py:2937} INFO - Setting next_dagrun for example_trigger_target_dag to None
[2022-02-28 15:06:03,743] {processor.py:171} INFO - Processing /opt/anaconda3/envs/airflow/lib/python3.7/site-packages/airflow/example_dags/example_trigger_target_dag.py took 0.076 seconds
[2022-02-28 15:06:42,049] {processor.py:163} INFO - Started process (PID=35088) to work on /opt/anaconda3/envs/airflow/lib/python3.7/site-packages/airflow/example_dags/example_trigger_target_dag.py
[2022-02-28 15:06:42,060] {processor.py:642} INFO - Processing file /opt/anaconda3/envs/airflow/lib/python3.7/site-packages/airflow/example_dags/example_trigger_target_dag.py for tasks to queue
[2022-02-28 15:06:42,062] {logging_mixin.py:109} INFO - [2022-02-28 15:06:42,061] {dagbag.py:500} INFO - Filling up the DagBag from /opt/anaconda3/envs/airflow/lib/python3.7/site-packages/airflow/example_dags/example_trigger_target_dag.py
[2022-02-28 15:06:42,135] {processor.py:654} INFO - DAG(s) dict_keys(['example_trigger_target_dag']) retrieved from /opt/anaconda3/envs/airflow/lib/python3.7/site-packages/airflow/example_dags/example_trigger_target_dag.py
[2022-02-28 15:06:42,159] {logging_mixin.py:109} INFO - [2022-02-28 15:06:42,158] {dag.py:2398} INFO - Sync 1 DAGs
[2022-02-28 15:06:42,191] {logging_mixin.py:109} INFO - [2022-02-28 15:06:42,190] {dag.py:2937} INFO - Setting next_dagrun for example_trigger_target_dag to None
[2022-02-28 15:06:42,213] {processor.py:171} INFO - Processing /opt/anaconda3/envs/airflow/lib/python3.7/site-packages/airflow/example_dags/example_trigger_target_dag.py took 0.182 seconds
[2022-02-28 15:07:48,489] {processor.py:163} INFO - Started process (PID=35255) to work on /opt/anaconda3/envs/airflow/lib/python3.7/site-packages/airflow/example_dags/example_trigger_target_dag.py
[2022-02-28 15:07:48,491] {processor.py:642} INFO - Processing file /opt/anaconda3/envs/airflow/lib/python3.7/site-packages/airflow/example_dags/example_trigger_target_dag.py for tasks to queue
[2022-02-28 15:07:48,493] {logging_mixin.py:109} INFO - [2022-02-28 15:07:48,492] {dagbag.py:500} INFO - Filling up the DagBag from /opt/anaconda3/envs/airflow/lib/python3.7/site-packages/airflow/example_dags/example_trigger_target_dag.py
[2022-02-28 15:07:48,543] {processor.py:654} INFO - DAG(s) dict_keys(['example_trigger_target_dag']) retrieved from /opt/anaconda3/envs/airflow/lib/python3.7/site-packages/airflow/example_dags/example_trigger_target_dag.py
[2022-02-28 15:07:48,556] {logging_mixin.py:109} INFO - [2022-02-28 15:07:48,555] {dag.py:2398} INFO - Sync 1 DAGs
[2022-02-28 15:07:48,627] {logging_mixin.py:109} INFO - [2022-02-28 15:07:48,626] {dag.py:2937} INFO - Setting next_dagrun for example_trigger_target_dag to None
[2022-02-28 15:07:48,641] {processor.py:171} INFO - Processing /opt/anaconda3/envs/airflow/lib/python3.7/site-packages/airflow/example_dags/example_trigger_target_dag.py took 0.157 seconds
[2022-02-28 15:08:45,999] {processor.py:163} INFO - Started process (PID=35368) to work on /opt/anaconda3/envs/airflow/lib/python3.7/site-packages/airflow/example_dags/example_trigger_target_dag.py
[2022-02-28 15:08:46,002] {processor.py:642} INFO - Processing file /opt/anaconda3/envs/airflow/lib/python3.7/site-packages/airflow/example_dags/example_trigger_target_dag.py for tasks to queue
[2022-02-28 15:08:46,004] {logging_mixin.py:109} INFO - [2022-02-28 15:08:46,003] {dagbag.py:500} INFO - Filling up the DagBag from /opt/anaconda3/envs/airflow/lib/python3.7/site-packages/airflow/example_dags/example_trigger_target_dag.py
[2022-02-28 15:08:46,044] {processor.py:654} INFO - DAG(s) dict_keys(['example_trigger_target_dag']) retrieved from /opt/anaconda3/envs/airflow/lib/python3.7/site-packages/airflow/example_dags/example_trigger_target_dag.py
[2022-02-28 15:08:46,055] {logging_mixin.py:109} INFO - [2022-02-28 15:08:46,055] {dag.py:2398} INFO - Sync 1 DAGs
[2022-02-28 15:08:46,069] {logging_mixin.py:109} INFO - [2022-02-28 15:08:46,069] {dag.py:2937} INFO - Setting next_dagrun for example_trigger_target_dag to None
[2022-02-28 15:08:46,081] {processor.py:171} INFO - Processing /opt/anaconda3/envs/airflow/lib/python3.7/site-packages/airflow/example_dags/example_trigger_target_dag.py took 0.086 seconds
[2022-02-28 15:09:41,454] {processor.py:163} INFO - Started process (PID=35503) to work on /opt/anaconda3/envs/airflow/lib/python3.7/site-packages/airflow/example_dags/example_trigger_target_dag.py
[2022-02-28 15:09:41,457] {processor.py:642} INFO - Processing file /opt/anaconda3/envs/airflow/lib/python3.7/site-packages/airflow/example_dags/example_trigger_target_dag.py for tasks to queue
[2022-02-28 15:09:41,458] {logging_mixin.py:109} INFO - [2022-02-28 15:09:41,457] {dagbag.py:500} INFO - Filling up the DagBag from /opt/anaconda3/envs/airflow/lib/python3.7/site-packages/airflow/example_dags/example_trigger_target_dag.py
[2022-02-28 15:09:41,525] {processor.py:654} INFO - DAG(s) dict_keys(['example_trigger_target_dag']) retrieved from /opt/anaconda3/envs/airflow/lib/python3.7/site-packages/airflow/example_dags/example_trigger_target_dag.py
[2022-02-28 15:09:41,536] {logging_mixin.py:109} INFO - [2022-02-28 15:09:41,535] {dag.py:2398} INFO - Sync 1 DAGs
[2022-02-28 15:09:41,550] {logging_mixin.py:109} INFO - [2022-02-28 15:09:41,550] {dag.py:2937} INFO - Setting next_dagrun for example_trigger_target_dag to None
[2022-02-28 15:09:41,562] {processor.py:171} INFO - Processing /opt/anaconda3/envs/airflow/lib/python3.7/site-packages/airflow/example_dags/example_trigger_target_dag.py took 0.112 seconds
[2022-02-28 15:10:32,151] {processor.py:163} INFO - Started process (PID=35628) to work on /opt/anaconda3/envs/airflow/lib/python3.7/site-packages/airflow/example_dags/example_trigger_target_dag.py
[2022-02-28 15:10:32,153] {processor.py:642} INFO - Processing file /opt/anaconda3/envs/airflow/lib/python3.7/site-packages/airflow/example_dags/example_trigger_target_dag.py for tasks to queue
[2022-02-28 15:10:32,154] {logging_mixin.py:109} INFO - [2022-02-28 15:10:32,154] {dagbag.py:500} INFO - Filling up the DagBag from /opt/anaconda3/envs/airflow/lib/python3.7/site-packages/airflow/example_dags/example_trigger_target_dag.py
[2022-02-28 15:10:32,189] {processor.py:654} INFO - DAG(s) dict_keys(['example_trigger_target_dag']) retrieved from /opt/anaconda3/envs/airflow/lib/python3.7/site-packages/airflow/example_dags/example_trigger_target_dag.py
[2022-02-28 15:10:32,198] {logging_mixin.py:109} INFO - [2022-02-28 15:10:32,198] {dag.py:2398} INFO - Sync 1 DAGs
[2022-02-28 15:10:32,212] {logging_mixin.py:109} INFO - [2022-02-28 15:10:32,211] {dag.py:2937} INFO - Setting next_dagrun for example_trigger_target_dag to None
[2022-02-28 15:10:32,222] {processor.py:171} INFO - Processing /opt/anaconda3/envs/airflow/lib/python3.7/site-packages/airflow/example_dags/example_trigger_target_dag.py took 0.074 seconds
[2022-02-28 15:14:15,789] {processor.py:163} INFO - Started process (PID=35838) to work on /opt/anaconda3/envs/airflow/lib/python3.7/site-packages/airflow/example_dags/example_trigger_target_dag.py
[2022-02-28 15:14:15,791] {processor.py:642} INFO - Processing file /opt/anaconda3/envs/airflow/lib/python3.7/site-packages/airflow/example_dags/example_trigger_target_dag.py for tasks to queue
[2022-02-28 15:14:15,792] {logging_mixin.py:109} INFO - [2022-02-28 15:14:15,792] {dagbag.py:500} INFO - Filling up the DagBag from /opt/anaconda3/envs/airflow/lib/python3.7/site-packages/airflow/example_dags/example_trigger_target_dag.py
[2022-02-28 15:14:15,836] {processor.py:654} INFO - DAG(s) dict_keys(['example_trigger_target_dag']) retrieved from /opt/anaconda3/envs/airflow/lib/python3.7/site-packages/airflow/example_dags/example_trigger_target_dag.py
[2022-02-28 15:14:15,849] {logging_mixin.py:109} INFO - [2022-02-28 15:14:15,849] {dag.py:2398} INFO - Sync 1 DAGs
[2022-02-28 15:14:15,863] {logging_mixin.py:109} INFO - [2022-02-28 15:14:15,863] {dag.py:2937} INFO - Setting next_dagrun for example_trigger_target_dag to None
[2022-02-28 15:14:15,872] {processor.py:171} INFO - Processing /opt/anaconda3/envs/airflow/lib/python3.7/site-packages/airflow/example_dags/example_trigger_target_dag.py took 0.086 seconds
[2022-02-28 15:16:01,456] {processor.py:163} INFO - Started process (PID=36071) to work on /opt/anaconda3/envs/airflow/lib/python3.7/site-packages/airflow/example_dags/example_trigger_target_dag.py
[2022-02-28 15:16:01,459] {processor.py:642} INFO - Processing file /opt/anaconda3/envs/airflow/lib/python3.7/site-packages/airflow/example_dags/example_trigger_target_dag.py for tasks to queue
[2022-02-28 15:16:01,460] {logging_mixin.py:109} INFO - [2022-02-28 15:16:01,459] {dagbag.py:500} INFO - Filling up the DagBag from /opt/anaconda3/envs/airflow/lib/python3.7/site-packages/airflow/example_dags/example_trigger_target_dag.py
[2022-02-28 15:16:01,505] {processor.py:654} INFO - DAG(s) dict_keys(['example_trigger_target_dag']) retrieved from /opt/anaconda3/envs/airflow/lib/python3.7/site-packages/airflow/example_dags/example_trigger_target_dag.py
[2022-02-28 15:16:01,516] {logging_mixin.py:109} INFO - [2022-02-28 15:16:01,515] {dag.py:2398} INFO - Sync 1 DAGs
[2022-02-28 15:16:01,532] {logging_mixin.py:109} INFO - [2022-02-28 15:16:01,532] {dag.py:2937} INFO - Setting next_dagrun for example_trigger_target_dag to None
[2022-02-28 15:16:01,546] {processor.py:171} INFO - Processing /opt/anaconda3/envs/airflow/lib/python3.7/site-packages/airflow/example_dags/example_trigger_target_dag.py took 0.096 seconds
[2022-02-28 15:18:25,743] {processor.py:163} INFO - Started process (PID=36218) to work on /opt/anaconda3/envs/airflow/lib/python3.7/site-packages/airflow/example_dags/example_trigger_target_dag.py
[2022-02-28 15:18:25,746] {processor.py:642} INFO - Processing file /opt/anaconda3/envs/airflow/lib/python3.7/site-packages/airflow/example_dags/example_trigger_target_dag.py for tasks to queue
[2022-02-28 15:18:25,747] {logging_mixin.py:109} INFO - [2022-02-28 15:18:25,747] {dagbag.py:500} INFO - Filling up the DagBag from /opt/anaconda3/envs/airflow/lib/python3.7/site-packages/airflow/example_dags/example_trigger_target_dag.py
[2022-02-28 15:18:25,782] {processor.py:654} INFO - DAG(s) dict_keys(['example_trigger_target_dag']) retrieved from /opt/anaconda3/envs/airflow/lib/python3.7/site-packages/airflow/example_dags/example_trigger_target_dag.py
[2022-02-28 15:18:25,793] {logging_mixin.py:109} INFO - [2022-02-28 15:18:25,792] {dag.py:2398} INFO - Sync 1 DAGs
[2022-02-28 15:18:25,806] {logging_mixin.py:109} INFO - [2022-02-28 15:18:25,806] {dag.py:2937} INFO - Setting next_dagrun for example_trigger_target_dag to None
[2022-02-28 15:18:25,816] {processor.py:171} INFO - Processing /opt/anaconda3/envs/airflow/lib/python3.7/site-packages/airflow/example_dags/example_trigger_target_dag.py took 0.076 seconds
[2022-02-28 15:19:44,128] {processor.py:163} INFO - Started process (PID=36343) to work on /opt/anaconda3/envs/airflow/lib/python3.7/site-packages/airflow/example_dags/example_trigger_target_dag.py
[2022-02-28 15:19:44,132] {processor.py:642} INFO - Processing file /opt/anaconda3/envs/airflow/lib/python3.7/site-packages/airflow/example_dags/example_trigger_target_dag.py for tasks to queue
[2022-02-28 15:19:44,134] {logging_mixin.py:109} INFO - [2022-02-28 15:19:44,133] {dagbag.py:500} INFO - Filling up the DagBag from /opt/anaconda3/envs/airflow/lib/python3.7/site-packages/airflow/example_dags/example_trigger_target_dag.py
[2022-02-28 15:19:44,170] {processor.py:654} INFO - DAG(s) dict_keys(['example_trigger_target_dag']) retrieved from /opt/anaconda3/envs/airflow/lib/python3.7/site-packages/airflow/example_dags/example_trigger_target_dag.py
[2022-02-28 15:19:44,180] {logging_mixin.py:109} INFO - [2022-02-28 15:19:44,179] {dag.py:2398} INFO - Sync 1 DAGs
[2022-02-28 15:19:44,193] {logging_mixin.py:109} INFO - [2022-02-28 15:19:44,193] {dag.py:2937} INFO - Setting next_dagrun for example_trigger_target_dag to None
[2022-02-28 15:19:44,203] {processor.py:171} INFO - Processing /opt/anaconda3/envs/airflow/lib/python3.7/site-packages/airflow/example_dags/example_trigger_target_dag.py took 0.079 seconds
[2022-02-28 15:20:26,678] {processor.py:163} INFO - Started process (PID=36465) to work on /opt/anaconda3/envs/airflow/lib/python3.7/site-packages/airflow/example_dags/example_trigger_target_dag.py
[2022-02-28 15:20:26,681] {processor.py:642} INFO - Processing file /opt/anaconda3/envs/airflow/lib/python3.7/site-packages/airflow/example_dags/example_trigger_target_dag.py for tasks to queue
[2022-02-28 15:20:26,683] {logging_mixin.py:109} INFO - [2022-02-28 15:20:26,682] {dagbag.py:500} INFO - Filling up the DagBag from /opt/anaconda3/envs/airflow/lib/python3.7/site-packages/airflow/example_dags/example_trigger_target_dag.py
[2022-02-28 15:20:26,735] {processor.py:654} INFO - DAG(s) dict_keys(['example_trigger_target_dag']) retrieved from /opt/anaconda3/envs/airflow/lib/python3.7/site-packages/airflow/example_dags/example_trigger_target_dag.py
[2022-02-28 15:20:26,749] {logging_mixin.py:109} INFO - [2022-02-28 15:20:26,749] {dag.py:2398} INFO - Sync 1 DAGs
[2022-02-28 15:20:26,775] {logging_mixin.py:109} INFO - [2022-02-28 15:20:26,774] {dag.py:2937} INFO - Setting next_dagrun for example_trigger_target_dag to None
[2022-02-28 15:20:26,792] {processor.py:171} INFO - Processing /opt/anaconda3/envs/airflow/lib/python3.7/site-packages/airflow/example_dags/example_trigger_target_dag.py took 0.119 seconds
[2022-02-28 15:21:02,453] {processor.py:163} INFO - Started process (PID=36521) to work on /opt/anaconda3/envs/airflow/lib/python3.7/site-packages/airflow/example_dags/example_trigger_target_dag.py
[2022-02-28 15:21:02,456] {processor.py:642} INFO - Processing file /opt/anaconda3/envs/airflow/lib/python3.7/site-packages/airflow/example_dags/example_trigger_target_dag.py for tasks to queue
[2022-02-28 15:21:02,459] {logging_mixin.py:109} INFO - [2022-02-28 15:21:02,458] {dagbag.py:500} INFO - Filling up the DagBag from /opt/anaconda3/envs/airflow/lib/python3.7/site-packages/airflow/example_dags/example_trigger_target_dag.py
[2022-02-28 15:21:02,496] {processor.py:654} INFO - DAG(s) dict_keys(['example_trigger_target_dag']) retrieved from /opt/anaconda3/envs/airflow/lib/python3.7/site-packages/airflow/example_dags/example_trigger_target_dag.py
[2022-02-28 15:21:02,506] {logging_mixin.py:109} INFO - [2022-02-28 15:21:02,506] {dag.py:2398} INFO - Sync 1 DAGs
[2022-02-28 15:21:02,519] {logging_mixin.py:109} INFO - [2022-02-28 15:21:02,518] {dag.py:2937} INFO - Setting next_dagrun for example_trigger_target_dag to None
[2022-02-28 15:21:02,529] {processor.py:171} INFO - Processing /opt/anaconda3/envs/airflow/lib/python3.7/site-packages/airflow/example_dags/example_trigger_target_dag.py took 0.080 seconds
[2022-02-28 15:21:42,998] {processor.py:163} INFO - Started process (PID=36563) to work on /opt/anaconda3/envs/airflow/lib/python3.7/site-packages/airflow/example_dags/example_trigger_target_dag.py
[2022-02-28 15:21:43,001] {processor.py:642} INFO - Processing file /opt/anaconda3/envs/airflow/lib/python3.7/site-packages/airflow/example_dags/example_trigger_target_dag.py for tasks to queue
[2022-02-28 15:21:43,002] {logging_mixin.py:109} INFO - [2022-02-28 15:21:43,002] {dagbag.py:500} INFO - Filling up the DagBag from /opt/anaconda3/envs/airflow/lib/python3.7/site-packages/airflow/example_dags/example_trigger_target_dag.py
[2022-02-28 15:21:43,036] {processor.py:654} INFO - DAG(s) dict_keys(['example_trigger_target_dag']) retrieved from /opt/anaconda3/envs/airflow/lib/python3.7/site-packages/airflow/example_dags/example_trigger_target_dag.py
[2022-02-28 15:21:43,046] {logging_mixin.py:109} INFO - [2022-02-28 15:21:43,045] {dag.py:2398} INFO - Sync 1 DAGs
[2022-02-28 15:21:43,059] {logging_mixin.py:109} INFO - [2022-02-28 15:21:43,059] {dag.py:2937} INFO - Setting next_dagrun for example_trigger_target_dag to None
[2022-02-28 15:21:43,070] {processor.py:171} INFO - Processing /opt/anaconda3/envs/airflow/lib/python3.7/site-packages/airflow/example_dags/example_trigger_target_dag.py took 0.076 seconds
[2022-02-28 15:22:23,508] {processor.py:163} INFO - Started process (PID=36600) to work on /opt/anaconda3/envs/airflow/lib/python3.7/site-packages/airflow/example_dags/example_trigger_target_dag.py
[2022-02-28 15:22:23,509] {processor.py:642} INFO - Processing file /opt/anaconda3/envs/airflow/lib/python3.7/site-packages/airflow/example_dags/example_trigger_target_dag.py for tasks to queue
[2022-02-28 15:22:23,510] {logging_mixin.py:109} INFO - [2022-02-28 15:22:23,510] {dagbag.py:500} INFO - Filling up the DagBag from /opt/anaconda3/envs/airflow/lib/python3.7/site-packages/airflow/example_dags/example_trigger_target_dag.py
[2022-02-28 15:22:23,544] {processor.py:654} INFO - DAG(s) dict_keys(['example_trigger_target_dag']) retrieved from /opt/anaconda3/envs/airflow/lib/python3.7/site-packages/airflow/example_dags/example_trigger_target_dag.py
[2022-02-28 15:22:23,554] {logging_mixin.py:109} INFO - [2022-02-28 15:22:23,554] {dag.py:2398} INFO - Sync 1 DAGs
[2022-02-28 15:22:23,567] {logging_mixin.py:109} INFO - [2022-02-28 15:22:23,566] {dag.py:2937} INFO - Setting next_dagrun for example_trigger_target_dag to None
[2022-02-28 15:22:23,577] {processor.py:171} INFO - Processing /opt/anaconda3/envs/airflow/lib/python3.7/site-packages/airflow/example_dags/example_trigger_target_dag.py took 0.073 seconds
[2022-02-28 15:23:04,107] {processor.py:163} INFO - Started process (PID=36637) to work on /opt/anaconda3/envs/airflow/lib/python3.7/site-packages/airflow/example_dags/example_trigger_target_dag.py
[2022-02-28 15:23:04,109] {processor.py:642} INFO - Processing file /opt/anaconda3/envs/airflow/lib/python3.7/site-packages/airflow/example_dags/example_trigger_target_dag.py for tasks to queue
[2022-02-28 15:23:04,110] {logging_mixin.py:109} INFO - [2022-02-28 15:23:04,110] {dagbag.py:500} INFO - Filling up the DagBag from /opt/anaconda3/envs/airflow/lib/python3.7/site-packages/airflow/example_dags/example_trigger_target_dag.py
[2022-02-28 15:23:04,154] {processor.py:654} INFO - DAG(s) dict_keys(['example_trigger_target_dag']) retrieved from /opt/anaconda3/envs/airflow/lib/python3.7/site-packages/airflow/example_dags/example_trigger_target_dag.py
[2022-02-28 15:23:04,166] {logging_mixin.py:109} INFO - [2022-02-28 15:23:04,166] {dag.py:2398} INFO - Sync 1 DAGs
[2022-02-28 15:23:04,179] {logging_mixin.py:109} INFO - [2022-02-28 15:23:04,179] {dag.py:2937} INFO - Setting next_dagrun for example_trigger_target_dag to None
[2022-02-28 15:23:04,189] {processor.py:171} INFO - Processing /opt/anaconda3/envs/airflow/lib/python3.7/site-packages/airflow/example_dags/example_trigger_target_dag.py took 0.087 seconds
