[2022-02-28 14:25:50,433] {processor.py:163} INFO - Started process (PID=31710) to work on /opt/anaconda3/envs/airflow/lib/python3.7/site-packages/airflow/example_dags/example_branch_python_dop_operator_3.py
[2022-02-28 14:25:50,434] {processor.py:642} INFO - Processing file /opt/anaconda3/envs/airflow/lib/python3.7/site-packages/airflow/example_dags/example_branch_python_dop_operator_3.py for tasks to queue
[2022-02-28 14:25:50,435] {logging_mixin.py:109} INFO - [2022-02-28 14:25:50,435] {dagbag.py:500} INFO - Filling up the DagBag from /opt/anaconda3/envs/airflow/lib/python3.7/site-packages/airflow/example_dags/example_branch_python_dop_operator_3.py
[2022-02-28 14:25:50,476] {processor.py:654} INFO - DAG(s) dict_keys(['example_branch_dop_operator_v3']) retrieved from /opt/anaconda3/envs/airflow/lib/python3.7/site-packages/airflow/example_dags/example_branch_python_dop_operator_3.py
[2022-02-28 14:25:50,488] {logging_mixin.py:109} INFO - [2022-02-28 14:25:50,488] {dag.py:2398} INFO - Sync 1 DAGs
[2022-02-28 14:25:50,513] {logging_mixin.py:109} INFO - [2022-02-28 14:25:50,513] {dag.py:2937} INFO - Setting next_dagrun for example_branch_dop_operator_v3 to 2022-02-28T06:24:00+00:00
[2022-02-28 14:25:50,527] {processor.py:171} INFO - Processing /opt/anaconda3/envs/airflow/lib/python3.7/site-packages/airflow/example_dags/example_branch_python_dop_operator_3.py took 0.098 seconds
[2022-02-28 14:26:32,466] {processor.py:163} INFO - Started process (PID=31763) to work on /opt/anaconda3/envs/airflow/lib/python3.7/site-packages/airflow/example_dags/example_branch_python_dop_operator_3.py
[2022-02-28 14:26:32,471] {processor.py:642} INFO - Processing file /opt/anaconda3/envs/airflow/lib/python3.7/site-packages/airflow/example_dags/example_branch_python_dop_operator_3.py for tasks to queue
[2022-02-28 14:26:32,473] {logging_mixin.py:109} INFO - [2022-02-28 14:26:32,472] {dagbag.py:500} INFO - Filling up the DagBag from /opt/anaconda3/envs/airflow/lib/python3.7/site-packages/airflow/example_dags/example_branch_python_dop_operator_3.py
[2022-02-28 14:26:32,544] {processor.py:654} INFO - DAG(s) dict_keys(['example_branch_dop_operator_v3']) retrieved from /opt/anaconda3/envs/airflow/lib/python3.7/site-packages/airflow/example_dags/example_branch_python_dop_operator_3.py
[2022-02-28 14:26:32,565] {logging_mixin.py:109} INFO - [2022-02-28 14:26:32,565] {dag.py:2398} INFO - Sync 1 DAGs
[2022-02-28 14:26:32,610] {logging_mixin.py:109} INFO - [2022-02-28 14:26:32,610] {dag.py:2937} INFO - Setting next_dagrun for example_branch_dop_operator_v3 to 2022-02-28T06:25:00+00:00
[2022-02-28 14:26:32,620] {processor.py:171} INFO - Processing /opt/anaconda3/envs/airflow/lib/python3.7/site-packages/airflow/example_dags/example_branch_python_dop_operator_3.py took 0.158 seconds
[2022-02-28 14:27:15,197] {processor.py:163} INFO - Started process (PID=31826) to work on /opt/anaconda3/envs/airflow/lib/python3.7/site-packages/airflow/example_dags/example_branch_python_dop_operator_3.py
[2022-02-28 14:27:15,200] {processor.py:642} INFO - Processing file /opt/anaconda3/envs/airflow/lib/python3.7/site-packages/airflow/example_dags/example_branch_python_dop_operator_3.py for tasks to queue
[2022-02-28 14:27:15,205] {logging_mixin.py:109} INFO - [2022-02-28 14:27:15,204] {dagbag.py:500} INFO - Filling up the DagBag from /opt/anaconda3/envs/airflow/lib/python3.7/site-packages/airflow/example_dags/example_branch_python_dop_operator_3.py
[2022-02-28 14:27:15,310] {processor.py:654} INFO - DAG(s) dict_keys(['example_branch_dop_operator_v3']) retrieved from /opt/anaconda3/envs/airflow/lib/python3.7/site-packages/airflow/example_dags/example_branch_python_dop_operator_3.py
[2022-02-28 14:27:15,361] {logging_mixin.py:109} INFO - [2022-02-28 14:27:15,360] {dag.py:2398} INFO - Sync 1 DAGs
[2022-02-28 14:27:15,445] {logging_mixin.py:109} INFO - [2022-02-28 14:27:15,443] {dag.py:2937} INFO - Setting next_dagrun for example_branch_dop_operator_v3 to 2022-02-28T06:26:00+00:00
[2022-02-28 14:27:15,479] {processor.py:171} INFO - Processing /opt/anaconda3/envs/airflow/lib/python3.7/site-packages/airflow/example_dags/example_branch_python_dop_operator_3.py took 0.291 seconds
[2022-02-28 14:28:01,346] {processor.py:163} INFO - Started process (PID=31890) to work on /opt/anaconda3/envs/airflow/lib/python3.7/site-packages/airflow/example_dags/example_branch_python_dop_operator_3.py
[2022-02-28 14:28:01,349] {processor.py:642} INFO - Processing file /opt/anaconda3/envs/airflow/lib/python3.7/site-packages/airflow/example_dags/example_branch_python_dop_operator_3.py for tasks to queue
[2022-02-28 14:28:01,351] {logging_mixin.py:109} INFO - [2022-02-28 14:28:01,351] {dagbag.py:500} INFO - Filling up the DagBag from /opt/anaconda3/envs/airflow/lib/python3.7/site-packages/airflow/example_dags/example_branch_python_dop_operator_3.py
[2022-02-28 14:28:01,384] {processor.py:654} INFO - DAG(s) dict_keys(['example_branch_dop_operator_v3']) retrieved from /opt/anaconda3/envs/airflow/lib/python3.7/site-packages/airflow/example_dags/example_branch_python_dop_operator_3.py
[2022-02-28 14:28:01,396] {logging_mixin.py:109} INFO - [2022-02-28 14:28:01,395] {dag.py:2398} INFO - Sync 1 DAGs
[2022-02-28 14:28:01,417] {logging_mixin.py:109} INFO - [2022-02-28 14:28:01,416] {dag.py:2937} INFO - Setting next_dagrun for example_branch_dop_operator_v3 to 2022-02-28T06:27:00+00:00
[2022-02-28 14:28:01,428] {processor.py:171} INFO - Processing /opt/anaconda3/envs/airflow/lib/python3.7/site-packages/airflow/example_dags/example_branch_python_dop_operator_3.py took 0.086 seconds
[2022-02-28 14:29:21,288] {processor.py:163} INFO - Started process (PID=32065) to work on /opt/anaconda3/envs/airflow/lib/python3.7/site-packages/airflow/example_dags/example_branch_python_dop_operator_3.py
[2022-02-28 14:29:21,290] {processor.py:642} INFO - Processing file /opt/anaconda3/envs/airflow/lib/python3.7/site-packages/airflow/example_dags/example_branch_python_dop_operator_3.py for tasks to queue
[2022-02-28 14:29:21,292] {logging_mixin.py:109} INFO - [2022-02-28 14:29:21,291] {dagbag.py:500} INFO - Filling up the DagBag from /opt/anaconda3/envs/airflow/lib/python3.7/site-packages/airflow/example_dags/example_branch_python_dop_operator_3.py
[2022-02-28 14:29:21,345] {processor.py:654} INFO - DAG(s) dict_keys(['example_branch_dop_operator_v3']) retrieved from /opt/anaconda3/envs/airflow/lib/python3.7/site-packages/airflow/example_dags/example_branch_python_dop_operator_3.py
[2022-02-28 14:29:21,360] {logging_mixin.py:109} INFO - [2022-02-28 14:29:21,360] {dag.py:2398} INFO - Sync 1 DAGs
[2022-02-28 14:29:21,391] {logging_mixin.py:109} INFO - [2022-02-28 14:29:21,391] {dag.py:2937} INFO - Setting next_dagrun for example_branch_dop_operator_v3 to 2022-02-28T06:28:00+00:00
[2022-02-28 14:29:21,407] {processor.py:171} INFO - Processing /opt/anaconda3/envs/airflow/lib/python3.7/site-packages/airflow/example_dags/example_branch_python_dop_operator_3.py took 0.123 seconds
[2022-02-28 14:30:04,568] {processor.py:163} INFO - Started process (PID=32119) to work on /opt/anaconda3/envs/airflow/lib/python3.7/site-packages/airflow/example_dags/example_branch_python_dop_operator_3.py
[2022-02-28 14:30:04,570] {processor.py:642} INFO - Processing file /opt/anaconda3/envs/airflow/lib/python3.7/site-packages/airflow/example_dags/example_branch_python_dop_operator_3.py for tasks to queue
[2022-02-28 14:30:04,573] {logging_mixin.py:109} INFO - [2022-02-28 14:30:04,572] {dagbag.py:500} INFO - Filling up the DagBag from /opt/anaconda3/envs/airflow/lib/python3.7/site-packages/airflow/example_dags/example_branch_python_dop_operator_3.py
[2022-02-28 14:30:04,623] {processor.py:654} INFO - DAG(s) dict_keys(['example_branch_dop_operator_v3']) retrieved from /opt/anaconda3/envs/airflow/lib/python3.7/site-packages/airflow/example_dags/example_branch_python_dop_operator_3.py
[2022-02-28 14:30:04,636] {logging_mixin.py:109} INFO - [2022-02-28 14:30:04,636] {dag.py:2398} INFO - Sync 1 DAGs
[2022-02-28 14:30:04,670] {logging_mixin.py:109} INFO - [2022-02-28 14:30:04,670] {dag.py:2937} INFO - Setting next_dagrun for example_branch_dop_operator_v3 to 2022-02-28T06:29:00+00:00
[2022-02-28 14:30:04,698] {processor.py:171} INFO - Processing /opt/anaconda3/envs/airflow/lib/python3.7/site-packages/airflow/example_dags/example_branch_python_dop_operator_3.py took 0.136 seconds
[2022-02-28 14:30:45,083] {processor.py:163} INFO - Started process (PID=32162) to work on /opt/anaconda3/envs/airflow/lib/python3.7/site-packages/airflow/example_dags/example_branch_python_dop_operator_3.py
[2022-02-28 14:30:45,084] {processor.py:642} INFO - Processing file /opt/anaconda3/envs/airflow/lib/python3.7/site-packages/airflow/example_dags/example_branch_python_dop_operator_3.py for tasks to queue
[2022-02-28 14:30:45,086] {logging_mixin.py:109} INFO - [2022-02-28 14:30:45,085] {dagbag.py:500} INFO - Filling up the DagBag from /opt/anaconda3/envs/airflow/lib/python3.7/site-packages/airflow/example_dags/example_branch_python_dop_operator_3.py
[2022-02-28 14:30:45,121] {processor.py:654} INFO - DAG(s) dict_keys(['example_branch_dop_operator_v3']) retrieved from /opt/anaconda3/envs/airflow/lib/python3.7/site-packages/airflow/example_dags/example_branch_python_dop_operator_3.py
[2022-02-28 14:30:45,132] {logging_mixin.py:109} INFO - [2022-02-28 14:30:45,132] {dag.py:2398} INFO - Sync 1 DAGs
[2022-02-28 14:30:45,154] {logging_mixin.py:109} INFO - [2022-02-28 14:30:45,153] {dag.py:2937} INFO - Setting next_dagrun for example_branch_dop_operator_v3 to 2022-02-28T06:29:00+00:00
[2022-02-28 14:30:45,164] {processor.py:171} INFO - Processing /opt/anaconda3/envs/airflow/lib/python3.7/site-packages/airflow/example_dags/example_branch_python_dop_operator_3.py took 0.085 seconds
[2022-02-28 14:31:34,196] {processor.py:163} INFO - Started process (PID=32220) to work on /opt/anaconda3/envs/airflow/lib/python3.7/site-packages/airflow/example_dags/example_branch_python_dop_operator_3.py
[2022-02-28 14:31:34,201] {processor.py:642} INFO - Processing file /opt/anaconda3/envs/airflow/lib/python3.7/site-packages/airflow/example_dags/example_branch_python_dop_operator_3.py for tasks to queue
[2022-02-28 14:31:34,206] {logging_mixin.py:109} INFO - [2022-02-28 14:31:34,206] {dagbag.py:500} INFO - Filling up the DagBag from /opt/anaconda3/envs/airflow/lib/python3.7/site-packages/airflow/example_dags/example_branch_python_dop_operator_3.py
[2022-02-28 14:31:34,259] {processor.py:654} INFO - DAG(s) dict_keys(['example_branch_dop_operator_v3']) retrieved from /opt/anaconda3/envs/airflow/lib/python3.7/site-packages/airflow/example_dags/example_branch_python_dop_operator_3.py
[2022-02-28 14:31:34,274] {logging_mixin.py:109} INFO - [2022-02-28 14:31:34,273] {dag.py:2398} INFO - Sync 1 DAGs
[2022-02-28 14:31:34,297] {logging_mixin.py:109} INFO - [2022-02-28 14:31:34,297] {dag.py:2937} INFO - Setting next_dagrun for example_branch_dop_operator_v3 to 2022-02-28T06:30:00+00:00
[2022-02-28 14:31:34,312] {processor.py:171} INFO - Processing /opt/anaconda3/envs/airflow/lib/python3.7/site-packages/airflow/example_dags/example_branch_python_dop_operator_3.py took 0.121 seconds
[2022-02-28 14:33:21,604] {processor.py:163} INFO - Started process (PID=32349) to work on /opt/anaconda3/envs/airflow/lib/python3.7/site-packages/airflow/example_dags/example_branch_python_dop_operator_3.py
[2022-02-28 14:33:21,610] {processor.py:642} INFO - Processing file /opt/anaconda3/envs/airflow/lib/python3.7/site-packages/airflow/example_dags/example_branch_python_dop_operator_3.py for tasks to queue
[2022-02-28 14:33:21,622] {logging_mixin.py:109} INFO - [2022-02-28 14:33:21,616] {dagbag.py:500} INFO - Filling up the DagBag from /opt/anaconda3/envs/airflow/lib/python3.7/site-packages/airflow/example_dags/example_branch_python_dop_operator_3.py
[2022-02-28 14:33:21,692] {processor.py:654} INFO - DAG(s) dict_keys(['example_branch_dop_operator_v3']) retrieved from /opt/anaconda3/envs/airflow/lib/python3.7/site-packages/airflow/example_dags/example_branch_python_dop_operator_3.py
[2022-02-28 14:33:21,713] {logging_mixin.py:109} INFO - [2022-02-28 14:33:21,713] {dag.py:2398} INFO - Sync 1 DAGs
[2022-02-28 14:33:21,749] {logging_mixin.py:109} INFO - [2022-02-28 14:33:21,749] {dag.py:2937} INFO - Setting next_dagrun for example_branch_dop_operator_v3 to 2022-02-28T06:32:00+00:00
[2022-02-28 14:33:21,763] {processor.py:171} INFO - Processing /opt/anaconda3/envs/airflow/lib/python3.7/site-packages/airflow/example_dags/example_branch_python_dop_operator_3.py took 0.178 seconds
[2022-02-28 14:34:07,319] {processor.py:163} INFO - Started process (PID=32431) to work on /opt/anaconda3/envs/airflow/lib/python3.7/site-packages/airflow/example_dags/example_branch_python_dop_operator_3.py
[2022-02-28 14:34:07,322] {processor.py:642} INFO - Processing file /opt/anaconda3/envs/airflow/lib/python3.7/site-packages/airflow/example_dags/example_branch_python_dop_operator_3.py for tasks to queue
[2022-02-28 14:34:07,324] {logging_mixin.py:109} INFO - [2022-02-28 14:34:07,324] {dagbag.py:500} INFO - Filling up the DagBag from /opt/anaconda3/envs/airflow/lib/python3.7/site-packages/airflow/example_dags/example_branch_python_dop_operator_3.py
[2022-02-28 14:34:07,395] {processor.py:654} INFO - DAG(s) dict_keys(['example_branch_dop_operator_v3']) retrieved from /opt/anaconda3/envs/airflow/lib/python3.7/site-packages/airflow/example_dags/example_branch_python_dop_operator_3.py
[2022-02-28 14:34:07,435] {logging_mixin.py:109} INFO - [2022-02-28 14:34:07,435] {dag.py:2398} INFO - Sync 1 DAGs
[2022-02-28 14:34:07,494] {logging_mixin.py:109} INFO - [2022-02-28 14:34:07,494] {dag.py:2937} INFO - Setting next_dagrun for example_branch_dop_operator_v3 to 2022-02-28T06:33:00+00:00
[2022-02-28 14:34:07,505] {processor.py:171} INFO - Processing /opt/anaconda3/envs/airflow/lib/python3.7/site-packages/airflow/example_dags/example_branch_python_dop_operator_3.py took 0.192 seconds
[2022-02-28 14:34:48,551] {processor.py:163} INFO - Started process (PID=32481) to work on /opt/anaconda3/envs/airflow/lib/python3.7/site-packages/airflow/example_dags/example_branch_python_dop_operator_3.py
[2022-02-28 14:34:48,554] {processor.py:642} INFO - Processing file /opt/anaconda3/envs/airflow/lib/python3.7/site-packages/airflow/example_dags/example_branch_python_dop_operator_3.py for tasks to queue
[2022-02-28 14:34:48,555] {logging_mixin.py:109} INFO - [2022-02-28 14:34:48,555] {dagbag.py:500} INFO - Filling up the DagBag from /opt/anaconda3/envs/airflow/lib/python3.7/site-packages/airflow/example_dags/example_branch_python_dop_operator_3.py
[2022-02-28 14:34:48,592] {processor.py:654} INFO - DAG(s) dict_keys(['example_branch_dop_operator_v3']) retrieved from /opt/anaconda3/envs/airflow/lib/python3.7/site-packages/airflow/example_dags/example_branch_python_dop_operator_3.py
[2022-02-28 14:34:48,603] {logging_mixin.py:109} INFO - [2022-02-28 14:34:48,602] {dag.py:2398} INFO - Sync 1 DAGs
[2022-02-28 14:34:48,623] {logging_mixin.py:109} INFO - [2022-02-28 14:34:48,623] {dag.py:2937} INFO - Setting next_dagrun for example_branch_dop_operator_v3 to 2022-02-28T06:33:00+00:00
[2022-02-28 14:34:48,636] {processor.py:171} INFO - Processing /opt/anaconda3/envs/airflow/lib/python3.7/site-packages/airflow/example_dags/example_branch_python_dop_operator_3.py took 0.090 seconds
[2022-02-28 14:35:35,392] {processor.py:163} INFO - Started process (PID=32528) to work on /opt/anaconda3/envs/airflow/lib/python3.7/site-packages/airflow/example_dags/example_branch_python_dop_operator_3.py
[2022-02-28 14:35:35,395] {processor.py:642} INFO - Processing file /opt/anaconda3/envs/airflow/lib/python3.7/site-packages/airflow/example_dags/example_branch_python_dop_operator_3.py for tasks to queue
[2022-02-28 14:35:35,396] {logging_mixin.py:109} INFO - [2022-02-28 14:35:35,396] {dagbag.py:500} INFO - Filling up the DagBag from /opt/anaconda3/envs/airflow/lib/python3.7/site-packages/airflow/example_dags/example_branch_python_dop_operator_3.py
[2022-02-28 14:35:35,437] {processor.py:654} INFO - DAG(s) dict_keys(['example_branch_dop_operator_v3']) retrieved from /opt/anaconda3/envs/airflow/lib/python3.7/site-packages/airflow/example_dags/example_branch_python_dop_operator_3.py
[2022-02-28 14:35:35,446] {logging_mixin.py:109} INFO - [2022-02-28 14:35:35,446] {dag.py:2398} INFO - Sync 1 DAGs
[2022-02-28 14:35:35,468] {logging_mixin.py:109} INFO - [2022-02-28 14:35:35,468] {dag.py:2937} INFO - Setting next_dagrun for example_branch_dop_operator_v3 to 2022-02-28T06:34:00+00:00
[2022-02-28 14:35:35,478] {processor.py:171} INFO - Processing /opt/anaconda3/envs/airflow/lib/python3.7/site-packages/airflow/example_dags/example_branch_python_dop_operator_3.py took 0.090 seconds
[2022-02-28 14:36:21,544] {processor.py:163} INFO - Started process (PID=32579) to work on /opt/anaconda3/envs/airflow/lib/python3.7/site-packages/airflow/example_dags/example_branch_python_dop_operator_3.py
[2022-02-28 14:36:21,546] {processor.py:642} INFO - Processing file /opt/anaconda3/envs/airflow/lib/python3.7/site-packages/airflow/example_dags/example_branch_python_dop_operator_3.py for tasks to queue
[2022-02-28 14:36:21,547] {logging_mixin.py:109} INFO - [2022-02-28 14:36:21,547] {dagbag.py:500} INFO - Filling up the DagBag from /opt/anaconda3/envs/airflow/lib/python3.7/site-packages/airflow/example_dags/example_branch_python_dop_operator_3.py
[2022-02-28 14:36:21,579] {processor.py:654} INFO - DAG(s) dict_keys(['example_branch_dop_operator_v3']) retrieved from /opt/anaconda3/envs/airflow/lib/python3.7/site-packages/airflow/example_dags/example_branch_python_dop_operator_3.py
[2022-02-28 14:36:21,590] {logging_mixin.py:109} INFO - [2022-02-28 14:36:21,590] {dag.py:2398} INFO - Sync 1 DAGs
[2022-02-28 14:36:21,611] {logging_mixin.py:109} INFO - [2022-02-28 14:36:21,611] {dag.py:2937} INFO - Setting next_dagrun for example_branch_dop_operator_v3 to 2022-02-28T06:35:00+00:00
[2022-02-28 14:36:21,622] {processor.py:171} INFO - Processing /opt/anaconda3/envs/airflow/lib/python3.7/site-packages/airflow/example_dags/example_branch_python_dop_operator_3.py took 0.082 seconds
[2022-02-28 14:37:00,826] {processor.py:163} INFO - Started process (PID=32619) to work on /opt/anaconda3/envs/airflow/lib/python3.7/site-packages/airflow/example_dags/example_branch_python_dop_operator_3.py
[2022-02-28 14:37:00,829] {processor.py:642} INFO - Processing file /opt/anaconda3/envs/airflow/lib/python3.7/site-packages/airflow/example_dags/example_branch_python_dop_operator_3.py for tasks to queue
[2022-02-28 14:37:00,830] {logging_mixin.py:109} INFO - [2022-02-28 14:37:00,830] {dagbag.py:500} INFO - Filling up the DagBag from /opt/anaconda3/envs/airflow/lib/python3.7/site-packages/airflow/example_dags/example_branch_python_dop_operator_3.py
[2022-02-28 14:37:00,864] {processor.py:654} INFO - DAG(s) dict_keys(['example_branch_dop_operator_v3']) retrieved from /opt/anaconda3/envs/airflow/lib/python3.7/site-packages/airflow/example_dags/example_branch_python_dop_operator_3.py
[2022-02-28 14:37:00,875] {logging_mixin.py:109} INFO - [2022-02-28 14:37:00,874] {dag.py:2398} INFO - Sync 1 DAGs
[2022-02-28 14:37:00,895] {logging_mixin.py:109} INFO - [2022-02-28 14:37:00,895] {dag.py:2937} INFO - Setting next_dagrun for example_branch_dop_operator_v3 to 2022-02-28T06:36:00+00:00
[2022-02-28 14:37:00,907] {processor.py:171} INFO - Processing /opt/anaconda3/envs/airflow/lib/python3.7/site-packages/airflow/example_dags/example_branch_python_dop_operator_3.py took 0.086 seconds
[2022-02-28 14:37:40,171] {processor.py:163} INFO - Started process (PID=32655) to work on /opt/anaconda3/envs/airflow/lib/python3.7/site-packages/airflow/example_dags/example_branch_python_dop_operator_3.py
[2022-02-28 14:37:40,174] {processor.py:642} INFO - Processing file /opt/anaconda3/envs/airflow/lib/python3.7/site-packages/airflow/example_dags/example_branch_python_dop_operator_3.py for tasks to queue
[2022-02-28 14:37:40,175] {logging_mixin.py:109} INFO - [2022-02-28 14:37:40,174] {dagbag.py:500} INFO - Filling up the DagBag from /opt/anaconda3/envs/airflow/lib/python3.7/site-packages/airflow/example_dags/example_branch_python_dop_operator_3.py
[2022-02-28 14:37:40,211] {processor.py:654} INFO - DAG(s) dict_keys(['example_branch_dop_operator_v3']) retrieved from /opt/anaconda3/envs/airflow/lib/python3.7/site-packages/airflow/example_dags/example_branch_python_dop_operator_3.py
[2022-02-28 14:37:40,222] {logging_mixin.py:109} INFO - [2022-02-28 14:37:40,221] {dag.py:2398} INFO - Sync 1 DAGs
[2022-02-28 14:37:40,244] {logging_mixin.py:109} INFO - [2022-02-28 14:37:40,244] {dag.py:2937} INFO - Setting next_dagrun for example_branch_dop_operator_v3 to 2022-02-28T06:36:00+00:00
[2022-02-28 14:37:40,255] {processor.py:171} INFO - Processing /opt/anaconda3/envs/airflow/lib/python3.7/site-packages/airflow/example_dags/example_branch_python_dop_operator_3.py took 0.089 seconds
[2022-02-28 14:38:23,438] {processor.py:163} INFO - Started process (PID=32697) to work on /opt/anaconda3/envs/airflow/lib/python3.7/site-packages/airflow/example_dags/example_branch_python_dop_operator_3.py
[2022-02-28 14:38:23,441] {processor.py:642} INFO - Processing file /opt/anaconda3/envs/airflow/lib/python3.7/site-packages/airflow/example_dags/example_branch_python_dop_operator_3.py for tasks to queue
[2022-02-28 14:38:23,442] {logging_mixin.py:109} INFO - [2022-02-28 14:38:23,442] {dagbag.py:500} INFO - Filling up the DagBag from /opt/anaconda3/envs/airflow/lib/python3.7/site-packages/airflow/example_dags/example_branch_python_dop_operator_3.py
[2022-02-28 14:38:23,475] {processor.py:654} INFO - DAG(s) dict_keys(['example_branch_dop_operator_v3']) retrieved from /opt/anaconda3/envs/airflow/lib/python3.7/site-packages/airflow/example_dags/example_branch_python_dop_operator_3.py
[2022-02-28 14:38:23,487] {logging_mixin.py:109} INFO - [2022-02-28 14:38:23,487] {dag.py:2398} INFO - Sync 1 DAGs
[2022-02-28 14:38:23,508] {logging_mixin.py:109} INFO - [2022-02-28 14:38:23,508] {dag.py:2937} INFO - Setting next_dagrun for example_branch_dop_operator_v3 to 2022-02-28T06:37:00+00:00
[2022-02-28 14:38:23,519] {processor.py:171} INFO - Processing /opt/anaconda3/envs/airflow/lib/python3.7/site-packages/airflow/example_dags/example_branch_python_dop_operator_3.py took 0.086 seconds
[2022-02-28 14:39:02,788] {processor.py:163} INFO - Started process (PID=32734) to work on /opt/anaconda3/envs/airflow/lib/python3.7/site-packages/airflow/example_dags/example_branch_python_dop_operator_3.py
[2022-02-28 14:39:02,791] {processor.py:642} INFO - Processing file /opt/anaconda3/envs/airflow/lib/python3.7/site-packages/airflow/example_dags/example_branch_python_dop_operator_3.py for tasks to queue
[2022-02-28 14:39:02,792] {logging_mixin.py:109} INFO - [2022-02-28 14:39:02,792] {dagbag.py:500} INFO - Filling up the DagBag from /opt/anaconda3/envs/airflow/lib/python3.7/site-packages/airflow/example_dags/example_branch_python_dop_operator_3.py
[2022-02-28 14:39:02,825] {processor.py:654} INFO - DAG(s) dict_keys(['example_branch_dop_operator_v3']) retrieved from /opt/anaconda3/envs/airflow/lib/python3.7/site-packages/airflow/example_dags/example_branch_python_dop_operator_3.py
[2022-02-28 14:39:02,836] {logging_mixin.py:109} INFO - [2022-02-28 14:39:02,836] {dag.py:2398} INFO - Sync 1 DAGs
[2022-02-28 14:39:02,859] {logging_mixin.py:109} INFO - [2022-02-28 14:39:02,858] {dag.py:2937} INFO - Setting next_dagrun for example_branch_dop_operator_v3 to 2022-02-28T06:38:00+00:00
[2022-02-28 14:39:02,869] {processor.py:171} INFO - Processing /opt/anaconda3/envs/airflow/lib/python3.7/site-packages/airflow/example_dags/example_branch_python_dop_operator_3.py took 0.086 seconds
[2022-02-28 14:39:44,327] {processor.py:163} INFO - Started process (PID=32786) to work on /opt/anaconda3/envs/airflow/lib/python3.7/site-packages/airflow/example_dags/example_branch_python_dop_operator_3.py
[2022-02-28 14:39:44,329] {processor.py:642} INFO - Processing file /opt/anaconda3/envs/airflow/lib/python3.7/site-packages/airflow/example_dags/example_branch_python_dop_operator_3.py for tasks to queue
[2022-02-28 14:39:44,331] {logging_mixin.py:109} INFO - [2022-02-28 14:39:44,330] {dagbag.py:500} INFO - Filling up the DagBag from /opt/anaconda3/envs/airflow/lib/python3.7/site-packages/airflow/example_dags/example_branch_python_dop_operator_3.py
[2022-02-28 14:39:44,367] {processor.py:654} INFO - DAG(s) dict_keys(['example_branch_dop_operator_v3']) retrieved from /opt/anaconda3/envs/airflow/lib/python3.7/site-packages/airflow/example_dags/example_branch_python_dop_operator_3.py
[2022-02-28 14:39:44,378] {logging_mixin.py:109} INFO - [2022-02-28 14:39:44,378] {dag.py:2398} INFO - Sync 1 DAGs
[2022-02-28 14:39:44,400] {logging_mixin.py:109} INFO - [2022-02-28 14:39:44,399] {dag.py:2937} INFO - Setting next_dagrun for example_branch_dop_operator_v3 to 2022-02-28T06:38:00+00:00
[2022-02-28 14:39:44,408] {processor.py:171} INFO - Processing /opt/anaconda3/envs/airflow/lib/python3.7/site-packages/airflow/example_dags/example_branch_python_dop_operator_3.py took 0.086 seconds
[2022-02-28 14:40:23,085] {processor.py:163} INFO - Started process (PID=32824) to work on /opt/anaconda3/envs/airflow/lib/python3.7/site-packages/airflow/example_dags/example_branch_python_dop_operator_3.py
[2022-02-28 14:40:23,087] {processor.py:642} INFO - Processing file /opt/anaconda3/envs/airflow/lib/python3.7/site-packages/airflow/example_dags/example_branch_python_dop_operator_3.py for tasks to queue
[2022-02-28 14:40:23,089] {logging_mixin.py:109} INFO - [2022-02-28 14:40:23,088] {dagbag.py:500} INFO - Filling up the DagBag from /opt/anaconda3/envs/airflow/lib/python3.7/site-packages/airflow/example_dags/example_branch_python_dop_operator_3.py
[2022-02-28 14:40:23,122] {processor.py:654} INFO - DAG(s) dict_keys(['example_branch_dop_operator_v3']) retrieved from /opt/anaconda3/envs/airflow/lib/python3.7/site-packages/airflow/example_dags/example_branch_python_dop_operator_3.py
[2022-02-28 14:40:23,134] {logging_mixin.py:109} INFO - [2022-02-28 14:40:23,133] {dag.py:2398} INFO - Sync 1 DAGs
[2022-02-28 14:40:23,158] {logging_mixin.py:109} INFO - [2022-02-28 14:40:23,157] {dag.py:2937} INFO - Setting next_dagrun for example_branch_dop_operator_v3 to 2022-02-28T06:39:00+00:00
[2022-02-28 14:40:23,168] {processor.py:171} INFO - Processing /opt/anaconda3/envs/airflow/lib/python3.7/site-packages/airflow/example_dags/example_branch_python_dop_operator_3.py took 0.088 seconds
[2022-02-28 14:41:03,220] {processor.py:163} INFO - Started process (PID=32862) to work on /opt/anaconda3/envs/airflow/lib/python3.7/site-packages/airflow/example_dags/example_branch_python_dop_operator_3.py
[2022-02-28 14:41:03,222] {processor.py:642} INFO - Processing file /opt/anaconda3/envs/airflow/lib/python3.7/site-packages/airflow/example_dags/example_branch_python_dop_operator_3.py for tasks to queue
[2022-02-28 14:41:03,223] {logging_mixin.py:109} INFO - [2022-02-28 14:41:03,222] {dagbag.py:500} INFO - Filling up the DagBag from /opt/anaconda3/envs/airflow/lib/python3.7/site-packages/airflow/example_dags/example_branch_python_dop_operator_3.py
[2022-02-28 14:41:03,257] {processor.py:654} INFO - DAG(s) dict_keys(['example_branch_dop_operator_v3']) retrieved from /opt/anaconda3/envs/airflow/lib/python3.7/site-packages/airflow/example_dags/example_branch_python_dop_operator_3.py
[2022-02-28 14:41:03,268] {logging_mixin.py:109} INFO - [2022-02-28 14:41:03,267] {dag.py:2398} INFO - Sync 1 DAGs
[2022-02-28 14:41:03,288] {logging_mixin.py:109} INFO - [2022-02-28 14:41:03,287] {dag.py:2937} INFO - Setting next_dagrun for example_branch_dop_operator_v3 to 2022-02-28T06:40:00+00:00
[2022-02-28 14:41:03,298] {processor.py:171} INFO - Processing /opt/anaconda3/envs/airflow/lib/python3.7/site-packages/airflow/example_dags/example_branch_python_dop_operator_3.py took 0.082 seconds
[2022-02-28 14:41:47,059] {processor.py:163} INFO - Started process (PID=32906) to work on /opt/anaconda3/envs/airflow/lib/python3.7/site-packages/airflow/example_dags/example_branch_python_dop_operator_3.py
[2022-02-28 14:41:47,061] {processor.py:642} INFO - Processing file /opt/anaconda3/envs/airflow/lib/python3.7/site-packages/airflow/example_dags/example_branch_python_dop_operator_3.py for tasks to queue
[2022-02-28 14:41:47,062] {logging_mixin.py:109} INFO - [2022-02-28 14:41:47,062] {dagbag.py:500} INFO - Filling up the DagBag from /opt/anaconda3/envs/airflow/lib/python3.7/site-packages/airflow/example_dags/example_branch_python_dop_operator_3.py
[2022-02-28 14:41:47,095] {processor.py:654} INFO - DAG(s) dict_keys(['example_branch_dop_operator_v3']) retrieved from /opt/anaconda3/envs/airflow/lib/python3.7/site-packages/airflow/example_dags/example_branch_python_dop_operator_3.py
[2022-02-28 14:41:47,105] {logging_mixin.py:109} INFO - [2022-02-28 14:41:47,104] {dag.py:2398} INFO - Sync 1 DAGs
[2022-02-28 14:41:47,126] {logging_mixin.py:109} INFO - [2022-02-28 14:41:47,125] {dag.py:2937} INFO - Setting next_dagrun for example_branch_dop_operator_v3 to 2022-02-28T06:40:00+00:00
[2022-02-28 14:41:47,138] {processor.py:171} INFO - Processing /opt/anaconda3/envs/airflow/lib/python3.7/site-packages/airflow/example_dags/example_branch_python_dop_operator_3.py took 0.083 seconds
[2022-02-28 14:42:40,363] {processor.py:163} INFO - Started process (PID=32968) to work on /opt/anaconda3/envs/airflow/lib/python3.7/site-packages/airflow/example_dags/example_branch_python_dop_operator_3.py
[2022-02-28 14:42:40,366] {processor.py:642} INFO - Processing file /opt/anaconda3/envs/airflow/lib/python3.7/site-packages/airflow/example_dags/example_branch_python_dop_operator_3.py for tasks to queue
[2022-02-28 14:42:40,367] {logging_mixin.py:109} INFO - [2022-02-28 14:42:40,367] {dagbag.py:500} INFO - Filling up the DagBag from /opt/anaconda3/envs/airflow/lib/python3.7/site-packages/airflow/example_dags/example_branch_python_dop_operator_3.py
[2022-02-28 14:42:40,403] {processor.py:654} INFO - DAG(s) dict_keys(['example_branch_dop_operator_v3']) retrieved from /opt/anaconda3/envs/airflow/lib/python3.7/site-packages/airflow/example_dags/example_branch_python_dop_operator_3.py
[2022-02-28 14:42:40,417] {logging_mixin.py:109} INFO - [2022-02-28 14:42:40,416] {dag.py:2398} INFO - Sync 1 DAGs
[2022-02-28 14:42:40,438] {logging_mixin.py:109} INFO - [2022-02-28 14:42:40,438] {dag.py:2937} INFO - Setting next_dagrun for example_branch_dop_operator_v3 to 2022-02-28T06:41:00+00:00
[2022-02-28 14:42:40,450] {processor.py:171} INFO - Processing /opt/anaconda3/envs/airflow/lib/python3.7/site-packages/airflow/example_dags/example_branch_python_dop_operator_3.py took 0.092 seconds
[2022-02-28 14:43:26,717] {processor.py:163} INFO - Started process (PID=33014) to work on /opt/anaconda3/envs/airflow/lib/python3.7/site-packages/airflow/example_dags/example_branch_python_dop_operator_3.py
[2022-02-28 14:43:26,720] {processor.py:642} INFO - Processing file /opt/anaconda3/envs/airflow/lib/python3.7/site-packages/airflow/example_dags/example_branch_python_dop_operator_3.py for tasks to queue
[2022-02-28 14:43:26,722] {logging_mixin.py:109} INFO - [2022-02-28 14:43:26,721] {dagbag.py:500} INFO - Filling up the DagBag from /opt/anaconda3/envs/airflow/lib/python3.7/site-packages/airflow/example_dags/example_branch_python_dop_operator_3.py
[2022-02-28 14:43:26,762] {processor.py:654} INFO - DAG(s) dict_keys(['example_branch_dop_operator_v3']) retrieved from /opt/anaconda3/envs/airflow/lib/python3.7/site-packages/airflow/example_dags/example_branch_python_dop_operator_3.py
[2022-02-28 14:43:26,775] {logging_mixin.py:109} INFO - [2022-02-28 14:43:26,775] {dag.py:2398} INFO - Sync 1 DAGs
[2022-02-28 14:43:26,797] {logging_mixin.py:109} INFO - [2022-02-28 14:43:26,796] {dag.py:2937} INFO - Setting next_dagrun for example_branch_dop_operator_v3 to 2022-02-28T06:42:00+00:00
[2022-02-28 14:43:26,808] {processor.py:171} INFO - Processing /opt/anaconda3/envs/airflow/lib/python3.7/site-packages/airflow/example_dags/example_branch_python_dop_operator_3.py took 0.097 seconds
[2022-02-28 14:44:10,606] {processor.py:163} INFO - Started process (PID=33067) to work on /opt/anaconda3/envs/airflow/lib/python3.7/site-packages/airflow/example_dags/example_branch_python_dop_operator_3.py
[2022-02-28 14:44:10,609] {processor.py:642} INFO - Processing file /opt/anaconda3/envs/airflow/lib/python3.7/site-packages/airflow/example_dags/example_branch_python_dop_operator_3.py for tasks to queue
[2022-02-28 14:44:10,621] {logging_mixin.py:109} INFO - [2022-02-28 14:44:10,611] {dagbag.py:500} INFO - Filling up the DagBag from /opt/anaconda3/envs/airflow/lib/python3.7/site-packages/airflow/example_dags/example_branch_python_dop_operator_3.py
[2022-02-28 14:44:10,939] {processor.py:654} INFO - DAG(s) dict_keys(['example_branch_dop_operator_v3']) retrieved from /opt/anaconda3/envs/airflow/lib/python3.7/site-packages/airflow/example_dags/example_branch_python_dop_operator_3.py
[2022-02-28 14:44:10,961] {logging_mixin.py:109} INFO - [2022-02-28 14:44:10,960] {dag.py:2398} INFO - Sync 1 DAGs
[2022-02-28 14:44:11,003] {logging_mixin.py:109} INFO - [2022-02-28 14:44:11,003] {dag.py:2937} INFO - Setting next_dagrun for example_branch_dop_operator_v3 to 2022-02-28T06:43:00+00:00
[2022-02-28 14:44:11,044] {processor.py:171} INFO - Processing /opt/anaconda3/envs/airflow/lib/python3.7/site-packages/airflow/example_dags/example_branch_python_dop_operator_3.py took 0.505 seconds
[2022-02-28 14:44:50,271] {processor.py:163} INFO - Started process (PID=33111) to work on /opt/anaconda3/envs/airflow/lib/python3.7/site-packages/airflow/example_dags/example_branch_python_dop_operator_3.py
[2022-02-28 14:44:50,275] {processor.py:642} INFO - Processing file /opt/anaconda3/envs/airflow/lib/python3.7/site-packages/airflow/example_dags/example_branch_python_dop_operator_3.py for tasks to queue
[2022-02-28 14:44:50,276] {logging_mixin.py:109} INFO - [2022-02-28 14:44:50,276] {dagbag.py:500} INFO - Filling up the DagBag from /opt/anaconda3/envs/airflow/lib/python3.7/site-packages/airflow/example_dags/example_branch_python_dop_operator_3.py
[2022-02-28 14:44:50,308] {processor.py:654} INFO - DAG(s) dict_keys(['example_branch_dop_operator_v3']) retrieved from /opt/anaconda3/envs/airflow/lib/python3.7/site-packages/airflow/example_dags/example_branch_python_dop_operator_3.py
[2022-02-28 14:44:50,320] {logging_mixin.py:109} INFO - [2022-02-28 14:44:50,320] {dag.py:2398} INFO - Sync 1 DAGs
[2022-02-28 14:44:50,341] {logging_mixin.py:109} INFO - [2022-02-28 14:44:50,340] {dag.py:2937} INFO - Setting next_dagrun for example_branch_dop_operator_v3 to 2022-02-28T06:43:00+00:00
[2022-02-28 14:44:50,351] {processor.py:171} INFO - Processing /opt/anaconda3/envs/airflow/lib/python3.7/site-packages/airflow/example_dags/example_branch_python_dop_operator_3.py took 0.084 seconds
[2022-02-28 14:45:32,960] {processor.py:163} INFO - Started process (PID=33181) to work on /opt/anaconda3/envs/airflow/lib/python3.7/site-packages/airflow/example_dags/example_branch_python_dop_operator_3.py
[2022-02-28 14:45:32,963] {processor.py:642} INFO - Processing file /opt/anaconda3/envs/airflow/lib/python3.7/site-packages/airflow/example_dags/example_branch_python_dop_operator_3.py for tasks to queue
[2022-02-28 14:45:32,965] {logging_mixin.py:109} INFO - [2022-02-28 14:45:32,964] {dagbag.py:500} INFO - Filling up the DagBag from /opt/anaconda3/envs/airflow/lib/python3.7/site-packages/airflow/example_dags/example_branch_python_dop_operator_3.py
[2022-02-28 14:45:33,033] {processor.py:654} INFO - DAG(s) dict_keys(['example_branch_dop_operator_v3']) retrieved from /opt/anaconda3/envs/airflow/lib/python3.7/site-packages/airflow/example_dags/example_branch_python_dop_operator_3.py
[2022-02-28 14:45:33,053] {logging_mixin.py:109} INFO - [2022-02-28 14:45:33,052] {dag.py:2398} INFO - Sync 1 DAGs
[2022-02-28 14:45:33,084] {logging_mixin.py:109} INFO - [2022-02-28 14:45:33,083] {dag.py:2937} INFO - Setting next_dagrun for example_branch_dop_operator_v3 to 2022-02-28T06:44:00+00:00
[2022-02-28 14:45:33,102] {processor.py:171} INFO - Processing /opt/anaconda3/envs/airflow/lib/python3.7/site-packages/airflow/example_dags/example_branch_python_dop_operator_3.py took 0.150 seconds
[2022-02-28 14:46:18,510] {processor.py:163} INFO - Started process (PID=33231) to work on /opt/anaconda3/envs/airflow/lib/python3.7/site-packages/airflow/example_dags/example_branch_python_dop_operator_3.py
[2022-02-28 14:46:18,514] {processor.py:642} INFO - Processing file /opt/anaconda3/envs/airflow/lib/python3.7/site-packages/airflow/example_dags/example_branch_python_dop_operator_3.py for tasks to queue
[2022-02-28 14:46:18,517] {logging_mixin.py:109} INFO - [2022-02-28 14:46:18,516] {dagbag.py:500} INFO - Filling up the DagBag from /opt/anaconda3/envs/airflow/lib/python3.7/site-packages/airflow/example_dags/example_branch_python_dop_operator_3.py
[2022-02-28 14:46:18,569] {processor.py:654} INFO - DAG(s) dict_keys(['example_branch_dop_operator_v3']) retrieved from /opt/anaconda3/envs/airflow/lib/python3.7/site-packages/airflow/example_dags/example_branch_python_dop_operator_3.py
[2022-02-28 14:46:18,581] {logging_mixin.py:109} INFO - [2022-02-28 14:46:18,581] {dag.py:2398} INFO - Sync 1 DAGs
[2022-02-28 14:46:18,615] {logging_mixin.py:109} INFO - [2022-02-28 14:46:18,614] {dag.py:2937} INFO - Setting next_dagrun for example_branch_dop_operator_v3 to 2022-02-28T06:45:00+00:00
[2022-02-28 14:46:18,625] {processor.py:171} INFO - Processing /opt/anaconda3/envs/airflow/lib/python3.7/site-packages/airflow/example_dags/example_branch_python_dop_operator_3.py took 0.121 seconds
[2022-02-28 14:46:59,308] {processor.py:163} INFO - Started process (PID=33268) to work on /opt/anaconda3/envs/airflow/lib/python3.7/site-packages/airflow/example_dags/example_branch_python_dop_operator_3.py
[2022-02-28 14:46:59,310] {processor.py:642} INFO - Processing file /opt/anaconda3/envs/airflow/lib/python3.7/site-packages/airflow/example_dags/example_branch_python_dop_operator_3.py for tasks to queue
[2022-02-28 14:46:59,312] {logging_mixin.py:109} INFO - [2022-02-28 14:46:59,312] {dagbag.py:500} INFO - Filling up the DagBag from /opt/anaconda3/envs/airflow/lib/python3.7/site-packages/airflow/example_dags/example_branch_python_dop_operator_3.py
[2022-02-28 14:46:59,345] {processor.py:654} INFO - DAG(s) dict_keys(['example_branch_dop_operator_v3']) retrieved from /opt/anaconda3/envs/airflow/lib/python3.7/site-packages/airflow/example_dags/example_branch_python_dop_operator_3.py
[2022-02-28 14:46:59,358] {logging_mixin.py:109} INFO - [2022-02-28 14:46:59,358] {dag.py:2398} INFO - Sync 1 DAGs
[2022-02-28 14:46:59,382] {logging_mixin.py:109} INFO - [2022-02-28 14:46:59,381] {dag.py:2937} INFO - Setting next_dagrun for example_branch_dop_operator_v3 to 2022-02-28T06:45:00+00:00
[2022-02-28 14:46:59,392] {processor.py:171} INFO - Processing /opt/anaconda3/envs/airflow/lib/python3.7/site-packages/airflow/example_dags/example_branch_python_dop_operator_3.py took 0.088 seconds
[2022-02-28 14:47:38,385] {processor.py:163} INFO - Started process (PID=33306) to work on /opt/anaconda3/envs/airflow/lib/python3.7/site-packages/airflow/example_dags/example_branch_python_dop_operator_3.py
[2022-02-28 14:47:38,386] {processor.py:642} INFO - Processing file /opt/anaconda3/envs/airflow/lib/python3.7/site-packages/airflow/example_dags/example_branch_python_dop_operator_3.py for tasks to queue
[2022-02-28 14:47:38,387] {logging_mixin.py:109} INFO - [2022-02-28 14:47:38,387] {dagbag.py:500} INFO - Filling up the DagBag from /opt/anaconda3/envs/airflow/lib/python3.7/site-packages/airflow/example_dags/example_branch_python_dop_operator_3.py
[2022-02-28 14:47:38,421] {processor.py:654} INFO - DAG(s) dict_keys(['example_branch_dop_operator_v3']) retrieved from /opt/anaconda3/envs/airflow/lib/python3.7/site-packages/airflow/example_dags/example_branch_python_dop_operator_3.py
[2022-02-28 14:47:38,432] {logging_mixin.py:109} INFO - [2022-02-28 14:47:38,432] {dag.py:2398} INFO - Sync 1 DAGs
[2022-02-28 14:47:38,457] {logging_mixin.py:109} INFO - [2022-02-28 14:47:38,456] {dag.py:2937} INFO - Setting next_dagrun for example_branch_dop_operator_v3 to 2022-02-28T06:46:00+00:00
[2022-02-28 14:47:38,468] {processor.py:171} INFO - Processing /opt/anaconda3/envs/airflow/lib/python3.7/site-packages/airflow/example_dags/example_branch_python_dop_operator_3.py took 0.088 seconds
[2022-02-28 14:48:17,506] {processor.py:163} INFO - Started process (PID=33345) to work on /opt/anaconda3/envs/airflow/lib/python3.7/site-packages/airflow/example_dags/example_branch_python_dop_operator_3.py
[2022-02-28 14:48:17,508] {processor.py:642} INFO - Processing file /opt/anaconda3/envs/airflow/lib/python3.7/site-packages/airflow/example_dags/example_branch_python_dop_operator_3.py for tasks to queue
[2022-02-28 14:48:17,509] {logging_mixin.py:109} INFO - [2022-02-28 14:48:17,508] {dagbag.py:500} INFO - Filling up the DagBag from /opt/anaconda3/envs/airflow/lib/python3.7/site-packages/airflow/example_dags/example_branch_python_dop_operator_3.py
[2022-02-28 14:48:17,544] {processor.py:654} INFO - DAG(s) dict_keys(['example_branch_dop_operator_v3']) retrieved from /opt/anaconda3/envs/airflow/lib/python3.7/site-packages/airflow/example_dags/example_branch_python_dop_operator_3.py
[2022-02-28 14:48:17,555] {logging_mixin.py:109} INFO - [2022-02-28 14:48:17,555] {dag.py:2398} INFO - Sync 1 DAGs
[2022-02-28 14:48:17,576] {logging_mixin.py:109} INFO - [2022-02-28 14:48:17,576] {dag.py:2937} INFO - Setting next_dagrun for example_branch_dop_operator_v3 to 2022-02-28T06:47:00+00:00
[2022-02-28 14:48:17,586] {processor.py:171} INFO - Processing /opt/anaconda3/envs/airflow/lib/python3.7/site-packages/airflow/example_dags/example_branch_python_dop_operator_3.py took 0.084 seconds
[2022-02-28 14:48:59,066] {processor.py:163} INFO - Started process (PID=33385) to work on /opt/anaconda3/envs/airflow/lib/python3.7/site-packages/airflow/example_dags/example_branch_python_dop_operator_3.py
[2022-02-28 14:48:59,068] {processor.py:642} INFO - Processing file /opt/anaconda3/envs/airflow/lib/python3.7/site-packages/airflow/example_dags/example_branch_python_dop_operator_3.py for tasks to queue
[2022-02-28 14:48:59,069] {logging_mixin.py:109} INFO - [2022-02-28 14:48:59,069] {dagbag.py:500} INFO - Filling up the DagBag from /opt/anaconda3/envs/airflow/lib/python3.7/site-packages/airflow/example_dags/example_branch_python_dop_operator_3.py
[2022-02-28 14:48:59,102] {processor.py:654} INFO - DAG(s) dict_keys(['example_branch_dop_operator_v3']) retrieved from /opt/anaconda3/envs/airflow/lib/python3.7/site-packages/airflow/example_dags/example_branch_python_dop_operator_3.py
[2022-02-28 14:48:59,114] {logging_mixin.py:109} INFO - [2022-02-28 14:48:59,113] {dag.py:2398} INFO - Sync 1 DAGs
[2022-02-28 14:48:59,135] {logging_mixin.py:109} INFO - [2022-02-28 14:48:59,135] {dag.py:2937} INFO - Setting next_dagrun for example_branch_dop_operator_v3 to 2022-02-28T06:47:00+00:00
[2022-02-28 14:48:59,146] {processor.py:171} INFO - Processing /opt/anaconda3/envs/airflow/lib/python3.7/site-packages/airflow/example_dags/example_branch_python_dop_operator_3.py took 0.084 seconds
[2022-02-28 14:49:41,801] {processor.py:163} INFO - Started process (PID=33425) to work on /opt/anaconda3/envs/airflow/lib/python3.7/site-packages/airflow/example_dags/example_branch_python_dop_operator_3.py
[2022-02-28 14:49:41,803] {processor.py:642} INFO - Processing file /opt/anaconda3/envs/airflow/lib/python3.7/site-packages/airflow/example_dags/example_branch_python_dop_operator_3.py for tasks to queue
[2022-02-28 14:49:41,805] {logging_mixin.py:109} INFO - [2022-02-28 14:49:41,804] {dagbag.py:500} INFO - Filling up the DagBag from /opt/anaconda3/envs/airflow/lib/python3.7/site-packages/airflow/example_dags/example_branch_python_dop_operator_3.py
[2022-02-28 14:49:41,844] {processor.py:654} INFO - DAG(s) dict_keys(['example_branch_dop_operator_v3']) retrieved from /opt/anaconda3/envs/airflow/lib/python3.7/site-packages/airflow/example_dags/example_branch_python_dop_operator_3.py
[2022-02-28 14:49:41,857] {logging_mixin.py:109} INFO - [2022-02-28 14:49:41,857] {dag.py:2398} INFO - Sync 1 DAGs
[2022-02-28 14:49:41,883] {logging_mixin.py:109} INFO - [2022-02-28 14:49:41,883] {dag.py:2937} INFO - Setting next_dagrun for example_branch_dop_operator_v3 to 2022-02-28T06:48:00+00:00
[2022-02-28 14:49:41,897] {processor.py:171} INFO - Processing /opt/anaconda3/envs/airflow/lib/python3.7/site-packages/airflow/example_dags/example_branch_python_dop_operator_3.py took 0.100 seconds
[2022-02-28 14:50:21,978] {processor.py:163} INFO - Started process (PID=33465) to work on /opt/anaconda3/envs/airflow/lib/python3.7/site-packages/airflow/example_dags/example_branch_python_dop_operator_3.py
[2022-02-28 14:50:21,981] {processor.py:642} INFO - Processing file /opt/anaconda3/envs/airflow/lib/python3.7/site-packages/airflow/example_dags/example_branch_python_dop_operator_3.py for tasks to queue
[2022-02-28 14:50:21,982] {logging_mixin.py:109} INFO - [2022-02-28 14:50:21,982] {dagbag.py:500} INFO - Filling up the DagBag from /opt/anaconda3/envs/airflow/lib/python3.7/site-packages/airflow/example_dags/example_branch_python_dop_operator_3.py
[2022-02-28 14:50:22,019] {processor.py:654} INFO - DAG(s) dict_keys(['example_branch_dop_operator_v3']) retrieved from /opt/anaconda3/envs/airflow/lib/python3.7/site-packages/airflow/example_dags/example_branch_python_dop_operator_3.py
[2022-02-28 14:50:22,032] {logging_mixin.py:109} INFO - [2022-02-28 14:50:22,032] {dag.py:2398} INFO - Sync 1 DAGs
[2022-02-28 14:50:22,055] {logging_mixin.py:109} INFO - [2022-02-28 14:50:22,054] {dag.py:2937} INFO - Setting next_dagrun for example_branch_dop_operator_v3 to 2022-02-28T06:49:00+00:00
[2022-02-28 14:50:22,066] {processor.py:171} INFO - Processing /opt/anaconda3/envs/airflow/lib/python3.7/site-packages/airflow/example_dags/example_branch_python_dop_operator_3.py took 0.092 seconds
[2022-02-28 14:51:16,553] {processor.py:163} INFO - Started process (PID=33556) to work on /opt/anaconda3/envs/airflow/lib/python3.7/site-packages/airflow/example_dags/example_branch_python_dop_operator_3.py
[2022-02-28 14:51:16,556] {processor.py:642} INFO - Processing file /opt/anaconda3/envs/airflow/lib/python3.7/site-packages/airflow/example_dags/example_branch_python_dop_operator_3.py for tasks to queue
[2022-02-28 14:51:16,557] {logging_mixin.py:109} INFO - [2022-02-28 14:51:16,557] {dagbag.py:500} INFO - Filling up the DagBag from /opt/anaconda3/envs/airflow/lib/python3.7/site-packages/airflow/example_dags/example_branch_python_dop_operator_3.py
[2022-02-28 14:51:16,599] {processor.py:654} INFO - DAG(s) dict_keys(['example_branch_dop_operator_v3']) retrieved from /opt/anaconda3/envs/airflow/lib/python3.7/site-packages/airflow/example_dags/example_branch_python_dop_operator_3.py
[2022-02-28 14:51:16,614] {logging_mixin.py:109} INFO - [2022-02-28 14:51:16,614] {dag.py:2398} INFO - Sync 1 DAGs
[2022-02-28 14:51:16,640] {logging_mixin.py:109} INFO - [2022-02-28 14:51:16,639] {dag.py:2937} INFO - Setting next_dagrun for example_branch_dop_operator_v3 to 2022-02-28T06:50:00+00:00
[2022-02-28 14:51:16,651] {processor.py:171} INFO - Processing /opt/anaconda3/envs/airflow/lib/python3.7/site-packages/airflow/example_dags/example_branch_python_dop_operator_3.py took 0.104 seconds
[2022-02-28 14:51:56,551] {processor.py:163} INFO - Started process (PID=33596) to work on /opt/anaconda3/envs/airflow/lib/python3.7/site-packages/airflow/example_dags/example_branch_python_dop_operator_3.py
[2022-02-28 14:51:56,552] {processor.py:642} INFO - Processing file /opt/anaconda3/envs/airflow/lib/python3.7/site-packages/airflow/example_dags/example_branch_python_dop_operator_3.py for tasks to queue
[2022-02-28 14:51:56,554] {logging_mixin.py:109} INFO - [2022-02-28 14:51:56,554] {dagbag.py:500} INFO - Filling up the DagBag from /opt/anaconda3/envs/airflow/lib/python3.7/site-packages/airflow/example_dags/example_branch_python_dop_operator_3.py
[2022-02-28 14:51:56,588] {processor.py:654} INFO - DAG(s) dict_keys(['example_branch_dop_operator_v3']) retrieved from /opt/anaconda3/envs/airflow/lib/python3.7/site-packages/airflow/example_dags/example_branch_python_dop_operator_3.py
[2022-02-28 14:51:56,599] {logging_mixin.py:109} INFO - [2022-02-28 14:51:56,599] {dag.py:2398} INFO - Sync 1 DAGs
[2022-02-28 14:51:56,620] {logging_mixin.py:109} INFO - [2022-02-28 14:51:56,620] {dag.py:2937} INFO - Setting next_dagrun for example_branch_dop_operator_v3 to 2022-02-28T06:50:00+00:00
[2022-02-28 14:51:56,632] {processor.py:171} INFO - Processing /opt/anaconda3/envs/airflow/lib/python3.7/site-packages/airflow/example_dags/example_branch_python_dop_operator_3.py took 0.087 seconds
[2022-02-28 14:52:35,593] {processor.py:163} INFO - Started process (PID=33633) to work on /opt/anaconda3/envs/airflow/lib/python3.7/site-packages/airflow/example_dags/example_branch_python_dop_operator_3.py
[2022-02-28 14:52:35,595] {processor.py:642} INFO - Processing file /opt/anaconda3/envs/airflow/lib/python3.7/site-packages/airflow/example_dags/example_branch_python_dop_operator_3.py for tasks to queue
[2022-02-28 14:52:35,596] {logging_mixin.py:109} INFO - [2022-02-28 14:52:35,596] {dagbag.py:500} INFO - Filling up the DagBag from /opt/anaconda3/envs/airflow/lib/python3.7/site-packages/airflow/example_dags/example_branch_python_dop_operator_3.py
[2022-02-28 14:52:35,632] {processor.py:654} INFO - DAG(s) dict_keys(['example_branch_dop_operator_v3']) retrieved from /opt/anaconda3/envs/airflow/lib/python3.7/site-packages/airflow/example_dags/example_branch_python_dop_operator_3.py
[2022-02-28 14:52:35,643] {logging_mixin.py:109} INFO - [2022-02-28 14:52:35,642] {dag.py:2398} INFO - Sync 1 DAGs
[2022-02-28 14:52:35,664] {logging_mixin.py:109} INFO - [2022-02-28 14:52:35,663] {dag.py:2937} INFO - Setting next_dagrun for example_branch_dop_operator_v3 to 2022-02-28T06:51:00+00:00
[2022-02-28 14:52:35,675] {processor.py:171} INFO - Processing /opt/anaconda3/envs/airflow/lib/python3.7/site-packages/airflow/example_dags/example_branch_python_dop_operator_3.py took 0.086 seconds
[2022-02-28 14:53:15,473] {processor.py:163} INFO - Started process (PID=33683) to work on /opt/anaconda3/envs/airflow/lib/python3.7/site-packages/airflow/example_dags/example_branch_python_dop_operator_3.py
[2022-02-28 14:53:15,477] {processor.py:642} INFO - Processing file /opt/anaconda3/envs/airflow/lib/python3.7/site-packages/airflow/example_dags/example_branch_python_dop_operator_3.py for tasks to queue
[2022-02-28 14:53:15,478] {logging_mixin.py:109} INFO - [2022-02-28 14:53:15,478] {dagbag.py:500} INFO - Filling up the DagBag from /opt/anaconda3/envs/airflow/lib/python3.7/site-packages/airflow/example_dags/example_branch_python_dop_operator_3.py
[2022-02-28 14:53:15,514] {processor.py:654} INFO - DAG(s) dict_keys(['example_branch_dop_operator_v3']) retrieved from /opt/anaconda3/envs/airflow/lib/python3.7/site-packages/airflow/example_dags/example_branch_python_dop_operator_3.py
[2022-02-28 14:53:15,528] {logging_mixin.py:109} INFO - [2022-02-28 14:53:15,528] {dag.py:2398} INFO - Sync 1 DAGs
[2022-02-28 14:53:15,551] {logging_mixin.py:109} INFO - [2022-02-28 14:53:15,550] {dag.py:2937} INFO - Setting next_dagrun for example_branch_dop_operator_v3 to 2022-02-28T06:52:00+00:00
[2022-02-28 14:53:15,560] {processor.py:171} INFO - Processing /opt/anaconda3/envs/airflow/lib/python3.7/site-packages/airflow/example_dags/example_branch_python_dop_operator_3.py took 0.091 seconds
[2022-02-28 14:54:04,199] {processor.py:163} INFO - Started process (PID=33784) to work on /opt/anaconda3/envs/airflow/lib/python3.7/site-packages/airflow/example_dags/example_branch_python_dop_operator_3.py
[2022-02-28 14:54:04,202] {processor.py:642} INFO - Processing file /opt/anaconda3/envs/airflow/lib/python3.7/site-packages/airflow/example_dags/example_branch_python_dop_operator_3.py for tasks to queue
[2022-02-28 14:54:04,204] {logging_mixin.py:109} INFO - [2022-02-28 14:54:04,203] {dagbag.py:500} INFO - Filling up the DagBag from /opt/anaconda3/envs/airflow/lib/python3.7/site-packages/airflow/example_dags/example_branch_python_dop_operator_3.py
[2022-02-28 14:54:04,242] {processor.py:654} INFO - DAG(s) dict_keys(['example_branch_dop_operator_v3']) retrieved from /opt/anaconda3/envs/airflow/lib/python3.7/site-packages/airflow/example_dags/example_branch_python_dop_operator_3.py
[2022-02-28 14:54:04,253] {logging_mixin.py:109} INFO - [2022-02-28 14:54:04,253] {dag.py:2398} INFO - Sync 1 DAGs
[2022-02-28 14:54:04,273] {logging_mixin.py:109} INFO - [2022-02-28 14:54:04,273] {dag.py:2937} INFO - Setting next_dagrun for example_branch_dop_operator_v3 to 2022-02-28T06:53:00+00:00
[2022-02-28 14:54:04,284] {processor.py:171} INFO - Processing /opt/anaconda3/envs/airflow/lib/python3.7/site-packages/airflow/example_dags/example_branch_python_dop_operator_3.py took 0.091 seconds
[2022-02-28 14:54:59,237] {processor.py:163} INFO - Started process (PID=33922) to work on /opt/anaconda3/envs/airflow/lib/python3.7/site-packages/airflow/example_dags/example_branch_python_dop_operator_3.py
[2022-02-28 14:54:59,240] {processor.py:642} INFO - Processing file /opt/anaconda3/envs/airflow/lib/python3.7/site-packages/airflow/example_dags/example_branch_python_dop_operator_3.py for tasks to queue
[2022-02-28 14:54:59,243] {logging_mixin.py:109} INFO - [2022-02-28 14:54:59,242] {dagbag.py:500} INFO - Filling up the DagBag from /opt/anaconda3/envs/airflow/lib/python3.7/site-packages/airflow/example_dags/example_branch_python_dop_operator_3.py
[2022-02-28 14:54:59,296] {processor.py:654} INFO - DAG(s) dict_keys(['example_branch_dop_operator_v3']) retrieved from /opt/anaconda3/envs/airflow/lib/python3.7/site-packages/airflow/example_dags/example_branch_python_dop_operator_3.py
[2022-02-28 14:54:59,310] {logging_mixin.py:109} INFO - [2022-02-28 14:54:59,310] {dag.py:2398} INFO - Sync 1 DAGs
[2022-02-28 14:54:59,334] {logging_mixin.py:109} INFO - [2022-02-28 14:54:59,334] {dag.py:2937} INFO - Setting next_dagrun for example_branch_dop_operator_v3 to 2022-02-28T06:53:00+00:00
[2022-02-28 14:54:59,346] {processor.py:171} INFO - Processing /opt/anaconda3/envs/airflow/lib/python3.7/site-packages/airflow/example_dags/example_branch_python_dop_operator_3.py took 0.113 seconds
[2022-02-28 14:58:48,871] {processor.py:163} INFO - Started process (PID=34377) to work on /opt/anaconda3/envs/airflow/lib/python3.7/site-packages/airflow/example_dags/example_branch_python_dop_operator_3.py
[2022-02-28 14:58:48,874] {processor.py:642} INFO - Processing file /opt/anaconda3/envs/airflow/lib/python3.7/site-packages/airflow/example_dags/example_branch_python_dop_operator_3.py for tasks to queue
[2022-02-28 14:58:48,875] {logging_mixin.py:109} INFO - [2022-02-28 14:58:48,874] {dagbag.py:500} INFO - Filling up the DagBag from /opt/anaconda3/envs/airflow/lib/python3.7/site-packages/airflow/example_dags/example_branch_python_dop_operator_3.py
[2022-02-28 14:58:48,912] {processor.py:654} INFO - DAG(s) dict_keys(['example_branch_dop_operator_v3']) retrieved from /opt/anaconda3/envs/airflow/lib/python3.7/site-packages/airflow/example_dags/example_branch_python_dop_operator_3.py
[2022-02-28 14:58:48,923] {logging_mixin.py:109} INFO - [2022-02-28 14:58:48,923] {dag.py:2398} INFO - Sync 1 DAGs
[2022-02-28 14:58:48,944] {logging_mixin.py:109} INFO - [2022-02-28 14:58:48,943] {dag.py:2937} INFO - Setting next_dagrun for example_branch_dop_operator_v3 to 2022-02-28T06:57:00+00:00
[2022-02-28 14:58:48,954] {processor.py:171} INFO - Processing /opt/anaconda3/envs/airflow/lib/python3.7/site-packages/airflow/example_dags/example_branch_python_dop_operator_3.py took 0.089 seconds
[2022-02-28 15:05:18,588] {processor.py:163} INFO - Started process (PID=34964) to work on /opt/anaconda3/envs/airflow/lib/python3.7/site-packages/airflow/example_dags/example_branch_python_dop_operator_3.py
[2022-02-28 15:05:18,591] {processor.py:642} INFO - Processing file /opt/anaconda3/envs/airflow/lib/python3.7/site-packages/airflow/example_dags/example_branch_python_dop_operator_3.py for tasks to queue
[2022-02-28 15:05:18,592] {logging_mixin.py:109} INFO - [2022-02-28 15:05:18,591] {dagbag.py:500} INFO - Filling up the DagBag from /opt/anaconda3/envs/airflow/lib/python3.7/site-packages/airflow/example_dags/example_branch_python_dop_operator_3.py
[2022-02-28 15:05:18,627] {processor.py:654} INFO - DAG(s) dict_keys(['example_branch_dop_operator_v3']) retrieved from /opt/anaconda3/envs/airflow/lib/python3.7/site-packages/airflow/example_dags/example_branch_python_dop_operator_3.py
[2022-02-28 15:05:18,638] {logging_mixin.py:109} INFO - [2022-02-28 15:05:18,637] {dag.py:2398} INFO - Sync 1 DAGs
[2022-02-28 15:05:18,658] {logging_mixin.py:109} INFO - [2022-02-28 15:05:18,658] {dag.py:2937} INFO - Setting next_dagrun for example_branch_dop_operator_v3 to 2022-02-28T07:04:00+00:00
[2022-02-28 15:05:18,669] {processor.py:171} INFO - Processing /opt/anaconda3/envs/airflow/lib/python3.7/site-packages/airflow/example_dags/example_branch_python_dop_operator_3.py took 0.085 seconds
[2022-02-28 15:06:25,773] {processor.py:163} INFO - Started process (PID=35066) to work on /opt/anaconda3/envs/airflow/lib/python3.7/site-packages/airflow/example_dags/example_branch_python_dop_operator_3.py
[2022-02-28 15:06:25,776] {processor.py:642} INFO - Processing file /opt/anaconda3/envs/airflow/lib/python3.7/site-packages/airflow/example_dags/example_branch_python_dop_operator_3.py for tasks to queue
[2022-02-28 15:06:25,777] {logging_mixin.py:109} INFO - [2022-02-28 15:06:25,776] {dagbag.py:500} INFO - Filling up the DagBag from /opt/anaconda3/envs/airflow/lib/python3.7/site-packages/airflow/example_dags/example_branch_python_dop_operator_3.py
[2022-02-28 15:06:25,814] {processor.py:654} INFO - DAG(s) dict_keys(['example_branch_dop_operator_v3']) retrieved from /opt/anaconda3/envs/airflow/lib/python3.7/site-packages/airflow/example_dags/example_branch_python_dop_operator_3.py
[2022-02-28 15:06:25,825] {logging_mixin.py:109} INFO - [2022-02-28 15:06:25,824] {dag.py:2398} INFO - Sync 1 DAGs
[2022-02-28 15:06:25,845] {logging_mixin.py:109} INFO - [2022-02-28 15:06:25,845] {dag.py:2937} INFO - Setting next_dagrun for example_branch_dop_operator_v3 to 2022-02-28T07:05:00+00:00
[2022-02-28 15:06:25,857] {processor.py:171} INFO - Processing /opt/anaconda3/envs/airflow/lib/python3.7/site-packages/airflow/example_dags/example_branch_python_dop_operator_3.py took 0.087 seconds
[2022-02-28 15:08:28,377] {processor.py:163} INFO - Started process (PID=35332) to work on /opt/anaconda3/envs/airflow/lib/python3.7/site-packages/airflow/example_dags/example_branch_python_dop_operator_3.py
[2022-02-28 15:08:28,380] {processor.py:642} INFO - Processing file /opt/anaconda3/envs/airflow/lib/python3.7/site-packages/airflow/example_dags/example_branch_python_dop_operator_3.py for tasks to queue
[2022-02-28 15:08:28,381] {logging_mixin.py:109} INFO - [2022-02-28 15:08:28,380] {dagbag.py:500} INFO - Filling up the DagBag from /opt/anaconda3/envs/airflow/lib/python3.7/site-packages/airflow/example_dags/example_branch_python_dop_operator_3.py
[2022-02-28 15:08:28,419] {processor.py:654} INFO - DAG(s) dict_keys(['example_branch_dop_operator_v3']) retrieved from /opt/anaconda3/envs/airflow/lib/python3.7/site-packages/airflow/example_dags/example_branch_python_dop_operator_3.py
[2022-02-28 15:08:28,433] {logging_mixin.py:109} INFO - [2022-02-28 15:08:28,432] {dag.py:2398} INFO - Sync 1 DAGs
[2022-02-28 15:08:28,458] {logging_mixin.py:109} INFO - [2022-02-28 15:08:28,457] {dag.py:2937} INFO - Setting next_dagrun for example_branch_dop_operator_v3 to 2022-02-28T07:07:00+00:00
[2022-02-28 15:08:28,473] {processor.py:171} INFO - Processing /opt/anaconda3/envs/airflow/lib/python3.7/site-packages/airflow/example_dags/example_branch_python_dop_operator_3.py took 0.100 seconds
[2022-02-28 15:10:16,473] {processor.py:163} INFO - Started process (PID=35589) to work on /opt/anaconda3/envs/airflow/lib/python3.7/site-packages/airflow/example_dags/example_branch_python_dop_operator_3.py
[2022-02-28 15:10:16,476] {processor.py:642} INFO - Processing file /opt/anaconda3/envs/airflow/lib/python3.7/site-packages/airflow/example_dags/example_branch_python_dop_operator_3.py for tasks to queue
[2022-02-28 15:10:16,478] {logging_mixin.py:109} INFO - [2022-02-28 15:10:16,477] {dagbag.py:500} INFO - Filling up the DagBag from /opt/anaconda3/envs/airflow/lib/python3.7/site-packages/airflow/example_dags/example_branch_python_dop_operator_3.py
[2022-02-28 15:10:16,510] {processor.py:654} INFO - DAG(s) dict_keys(['example_branch_dop_operator_v3']) retrieved from /opt/anaconda3/envs/airflow/lib/python3.7/site-packages/airflow/example_dags/example_branch_python_dop_operator_3.py
[2022-02-28 15:10:16,522] {logging_mixin.py:109} INFO - [2022-02-28 15:10:16,522] {dag.py:2398} INFO - Sync 1 DAGs
[2022-02-28 15:10:16,541] {logging_mixin.py:109} INFO - [2022-02-28 15:10:16,541] {dag.py:2937} INFO - Setting next_dagrun for example_branch_dop_operator_v3 to 2022-02-28T07:09:00+00:00
[2022-02-28 15:10:16,550] {processor.py:171} INFO - Processing /opt/anaconda3/envs/airflow/lib/python3.7/site-packages/airflow/example_dags/example_branch_python_dop_operator_3.py took 0.080 seconds
[2022-02-28 15:16:20,140] {processor.py:163} INFO - Started process (PID=36103) to work on /opt/anaconda3/envs/airflow/lib/python3.7/site-packages/airflow/example_dags/example_branch_python_dop_operator_3.py
[2022-02-28 15:16:20,143] {processor.py:642} INFO - Processing file /opt/anaconda3/envs/airflow/lib/python3.7/site-packages/airflow/example_dags/example_branch_python_dop_operator_3.py for tasks to queue
[2022-02-28 15:16:20,145] {logging_mixin.py:109} INFO - [2022-02-28 15:16:20,145] {dagbag.py:500} INFO - Filling up the DagBag from /opt/anaconda3/envs/airflow/lib/python3.7/site-packages/airflow/example_dags/example_branch_python_dop_operator_3.py
[2022-02-28 15:16:20,185] {processor.py:654} INFO - DAG(s) dict_keys(['example_branch_dop_operator_v3']) retrieved from /opt/anaconda3/envs/airflow/lib/python3.7/site-packages/airflow/example_dags/example_branch_python_dop_operator_3.py
[2022-02-28 15:16:20,196] {logging_mixin.py:109} INFO - [2022-02-28 15:16:20,195] {dag.py:2398} INFO - Sync 1 DAGs
[2022-02-28 15:16:20,216] {logging_mixin.py:109} INFO - [2022-02-28 15:16:20,216] {dag.py:2937} INFO - Setting next_dagrun for example_branch_dop_operator_v3 to 2022-02-28T07:15:00+00:00
[2022-02-28 15:16:20,229] {processor.py:171} INFO - Processing /opt/anaconda3/envs/airflow/lib/python3.7/site-packages/airflow/example_dags/example_branch_python_dop_operator_3.py took 0.095 seconds
[2022-02-28 15:19:28,428] {processor.py:163} INFO - Started process (PID=36328) to work on /opt/anaconda3/envs/airflow/lib/python3.7/site-packages/airflow/example_dags/example_branch_python_dop_operator_3.py
[2022-02-28 15:19:28,434] {processor.py:642} INFO - Processing file /opt/anaconda3/envs/airflow/lib/python3.7/site-packages/airflow/example_dags/example_branch_python_dop_operator_3.py for tasks to queue
[2022-02-28 15:19:28,436] {logging_mixin.py:109} INFO - [2022-02-28 15:19:28,435] {dagbag.py:500} INFO - Filling up the DagBag from /opt/anaconda3/envs/airflow/lib/python3.7/site-packages/airflow/example_dags/example_branch_python_dop_operator_3.py
[2022-02-28 15:19:28,489] {processor.py:654} INFO - DAG(s) dict_keys(['example_branch_dop_operator_v3']) retrieved from /opt/anaconda3/envs/airflow/lib/python3.7/site-packages/airflow/example_dags/example_branch_python_dop_operator_3.py
[2022-02-28 15:19:28,508] {logging_mixin.py:109} INFO - [2022-02-28 15:19:28,508] {dag.py:2398} INFO - Sync 1 DAGs
[2022-02-28 15:19:28,543] {logging_mixin.py:109} INFO - [2022-02-28 15:19:28,542] {dag.py:2937} INFO - Setting next_dagrun for example_branch_dop_operator_v3 to 2022-02-28T07:18:00+00:00
[2022-02-28 15:19:28,558] {processor.py:171} INFO - Processing /opt/anaconda3/envs/airflow/lib/python3.7/site-packages/airflow/example_dags/example_branch_python_dop_operator_3.py took 0.135 seconds
[2022-02-28 15:20:14,656] {processor.py:163} INFO - Started process (PID=36437) to work on /opt/anaconda3/envs/airflow/lib/python3.7/site-packages/airflow/example_dags/example_branch_python_dop_operator_3.py
[2022-02-28 15:20:14,662] {processor.py:642} INFO - Processing file /opt/anaconda3/envs/airflow/lib/python3.7/site-packages/airflow/example_dags/example_branch_python_dop_operator_3.py for tasks to queue
[2022-02-28 15:20:14,664] {logging_mixin.py:109} INFO - [2022-02-28 15:20:14,664] {dagbag.py:500} INFO - Filling up the DagBag from /opt/anaconda3/envs/airflow/lib/python3.7/site-packages/airflow/example_dags/example_branch_python_dop_operator_3.py
[2022-02-28 15:20:14,760] {processor.py:654} INFO - DAG(s) dict_keys(['example_branch_dop_operator_v3']) retrieved from /opt/anaconda3/envs/airflow/lib/python3.7/site-packages/airflow/example_dags/example_branch_python_dop_operator_3.py
[2022-02-28 15:20:14,781] {logging_mixin.py:109} INFO - [2022-02-28 15:20:14,781] {dag.py:2398} INFO - Sync 1 DAGs
[2022-02-28 15:20:14,873] {logging_mixin.py:109} INFO - [2022-02-28 15:20:14,872] {dag.py:2937} INFO - Setting next_dagrun for example_branch_dop_operator_v3 to 2022-02-28T07:19:00+00:00
[2022-02-28 15:20:14,915] {processor.py:171} INFO - Processing /opt/anaconda3/envs/airflow/lib/python3.7/site-packages/airflow/example_dags/example_branch_python_dop_operator_3.py took 0.269 seconds
[2022-02-28 15:20:56,034] {processor.py:163} INFO - Started process (PID=36515) to work on /opt/anaconda3/envs/airflow/lib/python3.7/site-packages/airflow/example_dags/example_branch_python_dop_operator_3.py
[2022-02-28 15:20:56,042] {processor.py:642} INFO - Processing file /opt/anaconda3/envs/airflow/lib/python3.7/site-packages/airflow/example_dags/example_branch_python_dop_operator_3.py for tasks to queue
[2022-02-28 15:20:56,049] {logging_mixin.py:109} INFO - [2022-02-28 15:20:56,047] {dagbag.py:500} INFO - Filling up the DagBag from /opt/anaconda3/envs/airflow/lib/python3.7/site-packages/airflow/example_dags/example_branch_python_dop_operator_3.py
[2022-02-28 15:20:56,127] {processor.py:654} INFO - DAG(s) dict_keys(['example_branch_dop_operator_v3']) retrieved from /opt/anaconda3/envs/airflow/lib/python3.7/site-packages/airflow/example_dags/example_branch_python_dop_operator_3.py
[2022-02-28 15:20:56,136] {logging_mixin.py:109} INFO - [2022-02-28 15:20:56,136] {dag.py:2398} INFO - Sync 1 DAGs
[2022-02-28 15:20:56,156] {logging_mixin.py:109} INFO - [2022-02-28 15:20:56,156] {dag.py:2937} INFO - Setting next_dagrun for example_branch_dop_operator_v3 to 2022-02-28T07:19:00+00:00
[2022-02-28 15:20:56,167] {processor.py:171} INFO - Processing /opt/anaconda3/envs/airflow/lib/python3.7/site-packages/airflow/example_dags/example_branch_python_dop_operator_3.py took 0.137 seconds
[2022-02-28 15:21:38,979] {processor.py:163} INFO - Started process (PID=36560) to work on /opt/anaconda3/envs/airflow/lib/python3.7/site-packages/airflow/example_dags/example_branch_python_dop_operator_3.py
[2022-02-28 15:21:38,982] {processor.py:642} INFO - Processing file /opt/anaconda3/envs/airflow/lib/python3.7/site-packages/airflow/example_dags/example_branch_python_dop_operator_3.py for tasks to queue
[2022-02-28 15:21:38,983] {logging_mixin.py:109} INFO - [2022-02-28 15:21:38,983] {dagbag.py:500} INFO - Filling up the DagBag from /opt/anaconda3/envs/airflow/lib/python3.7/site-packages/airflow/example_dags/example_branch_python_dop_operator_3.py
[2022-02-28 15:21:39,017] {processor.py:654} INFO - DAG(s) dict_keys(['example_branch_dop_operator_v3']) retrieved from /opt/anaconda3/envs/airflow/lib/python3.7/site-packages/airflow/example_dags/example_branch_python_dop_operator_3.py
[2022-02-28 15:21:39,028] {logging_mixin.py:109} INFO - [2022-02-28 15:21:39,028] {dag.py:2398} INFO - Sync 1 DAGs
[2022-02-28 15:21:39,049] {logging_mixin.py:109} INFO - [2022-02-28 15:21:39,049] {dag.py:2937} INFO - Setting next_dagrun for example_branch_dop_operator_v3 to 2022-02-28T07:20:00+00:00
[2022-02-28 15:21:39,060] {processor.py:171} INFO - Processing /opt/anaconda3/envs/airflow/lib/python3.7/site-packages/airflow/example_dags/example_branch_python_dop_operator_3.py took 0.086 seconds
[2022-02-28 15:22:19,717] {processor.py:163} INFO - Started process (PID=36597) to work on /opt/anaconda3/envs/airflow/lib/python3.7/site-packages/airflow/example_dags/example_branch_python_dop_operator_3.py
[2022-02-28 15:22:19,719] {processor.py:642} INFO - Processing file /opt/anaconda3/envs/airflow/lib/python3.7/site-packages/airflow/example_dags/example_branch_python_dop_operator_3.py for tasks to queue
[2022-02-28 15:22:19,720] {logging_mixin.py:109} INFO - [2022-02-28 15:22:19,720] {dagbag.py:500} INFO - Filling up the DagBag from /opt/anaconda3/envs/airflow/lib/python3.7/site-packages/airflow/example_dags/example_branch_python_dop_operator_3.py
[2022-02-28 15:22:19,751] {processor.py:654} INFO - DAG(s) dict_keys(['example_branch_dop_operator_v3']) retrieved from /opt/anaconda3/envs/airflow/lib/python3.7/site-packages/airflow/example_dags/example_branch_python_dop_operator_3.py
[2022-02-28 15:22:19,762] {logging_mixin.py:109} INFO - [2022-02-28 15:22:19,761] {dag.py:2398} INFO - Sync 1 DAGs
[2022-02-28 15:22:19,783] {logging_mixin.py:109} INFO - [2022-02-28 15:22:19,782] {dag.py:2937} INFO - Setting next_dagrun for example_branch_dop_operator_v3 to 2022-02-28T07:21:00+00:00
[2022-02-28 15:22:19,794] {processor.py:171} INFO - Processing /opt/anaconda3/envs/airflow/lib/python3.7/site-packages/airflow/example_dags/example_branch_python_dop_operator_3.py took 0.081 seconds
[2022-02-28 15:23:00,580] {processor.py:163} INFO - Started process (PID=36634) to work on /opt/anaconda3/envs/airflow/lib/python3.7/site-packages/airflow/example_dags/example_branch_python_dop_operator_3.py
[2022-02-28 15:23:00,582] {processor.py:642} INFO - Processing file /opt/anaconda3/envs/airflow/lib/python3.7/site-packages/airflow/example_dags/example_branch_python_dop_operator_3.py for tasks to queue
[2022-02-28 15:23:00,583] {logging_mixin.py:109} INFO - [2022-02-28 15:23:00,583] {dagbag.py:500} INFO - Filling up the DagBag from /opt/anaconda3/envs/airflow/lib/python3.7/site-packages/airflow/example_dags/example_branch_python_dop_operator_3.py
[2022-02-28 15:23:00,620] {processor.py:654} INFO - DAG(s) dict_keys(['example_branch_dop_operator_v3']) retrieved from /opt/anaconda3/envs/airflow/lib/python3.7/site-packages/airflow/example_dags/example_branch_python_dop_operator_3.py
[2022-02-28 15:23:00,632] {logging_mixin.py:109} INFO - [2022-02-28 15:23:00,631] {dag.py:2398} INFO - Sync 1 DAGs
[2022-02-28 15:23:00,651] {logging_mixin.py:109} INFO - [2022-02-28 15:23:00,651] {dag.py:2937} INFO - Setting next_dagrun for example_branch_dop_operator_v3 to 2022-02-28T07:22:00+00:00
[2022-02-28 15:23:00,662] {processor.py:171} INFO - Processing /opt/anaconda3/envs/airflow/lib/python3.7/site-packages/airflow/example_dags/example_branch_python_dop_operator_3.py took 0.087 seconds
