[2022-02-28 14:25:49,158] {processor.py:163} INFO - Started process (PID=31709) to work on /opt/anaconda3/envs/airflow/lib/python3.7/site-packages/airflow/example_dags/example_complex.py
[2022-02-28 14:25:49,159] {processor.py:642} INFO - Processing file /opt/anaconda3/envs/airflow/lib/python3.7/site-packages/airflow/example_dags/example_complex.py for tasks to queue
[2022-02-28 14:25:49,160] {logging_mixin.py:109} INFO - [2022-02-28 14:25:49,160] {dagbag.py:500} INFO - Filling up the DagBag from /opt/anaconda3/envs/airflow/lib/python3.7/site-packages/airflow/example_dags/example_complex.py
[2022-02-28 14:25:49,208] {processor.py:654} INFO - DAG(s) dict_keys(['example_complex']) retrieved from /opt/anaconda3/envs/airflow/lib/python3.7/site-packages/airflow/example_dags/example_complex.py
[2022-02-28 14:25:49,229] {logging_mixin.py:109} INFO - [2022-02-28 14:25:49,229] {dag.py:2398} INFO - Sync 1 DAGs
[2022-02-28 14:25:49,245] {logging_mixin.py:109} INFO - [2022-02-28 14:25:49,245] {dag.py:2937} INFO - Setting next_dagrun for example_complex to None
[2022-02-28 14:25:49,256] {processor.py:171} INFO - Processing /opt/anaconda3/envs/airflow/lib/python3.7/site-packages/airflow/example_dags/example_complex.py took 0.102 seconds
[2022-02-28 14:26:31,175] {processor.py:163} INFO - Started process (PID=31762) to work on /opt/anaconda3/envs/airflow/lib/python3.7/site-packages/airflow/example_dags/example_complex.py
[2022-02-28 14:26:31,176] {processor.py:642} INFO - Processing file /opt/anaconda3/envs/airflow/lib/python3.7/site-packages/airflow/example_dags/example_complex.py for tasks to queue
[2022-02-28 14:26:31,178] {logging_mixin.py:109} INFO - [2022-02-28 14:26:31,177] {dagbag.py:500} INFO - Filling up the DagBag from /opt/anaconda3/envs/airflow/lib/python3.7/site-packages/airflow/example_dags/example_complex.py
[2022-02-28 14:26:31,230] {processor.py:654} INFO - DAG(s) dict_keys(['example_complex']) retrieved from /opt/anaconda3/envs/airflow/lib/python3.7/site-packages/airflow/example_dags/example_complex.py
[2022-02-28 14:26:31,254] {logging_mixin.py:109} INFO - [2022-02-28 14:26:31,254] {dag.py:2398} INFO - Sync 1 DAGs
[2022-02-28 14:26:31,272] {logging_mixin.py:109} INFO - [2022-02-28 14:26:31,271] {dag.py:2937} INFO - Setting next_dagrun for example_complex to None
[2022-02-28 14:26:31,284] {processor.py:171} INFO - Processing /opt/anaconda3/envs/airflow/lib/python3.7/site-packages/airflow/example_dags/example_complex.py took 0.114 seconds
[2022-02-28 14:27:13,982] {processor.py:163} INFO - Started process (PID=31817) to work on /opt/anaconda3/envs/airflow/lib/python3.7/site-packages/airflow/example_dags/example_complex.py
[2022-02-28 14:27:13,983] {processor.py:642} INFO - Processing file /opt/anaconda3/envs/airflow/lib/python3.7/site-packages/airflow/example_dags/example_complex.py for tasks to queue
[2022-02-28 14:27:13,984] {logging_mixin.py:109} INFO - [2022-02-28 14:27:13,984] {dagbag.py:500} INFO - Filling up the DagBag from /opt/anaconda3/envs/airflow/lib/python3.7/site-packages/airflow/example_dags/example_complex.py
[2022-02-28 14:27:14,027] {processor.py:654} INFO - DAG(s) dict_keys(['example_complex']) retrieved from /opt/anaconda3/envs/airflow/lib/python3.7/site-packages/airflow/example_dags/example_complex.py
[2022-02-28 14:27:14,043] {logging_mixin.py:109} INFO - [2022-02-28 14:27:14,043] {dag.py:2398} INFO - Sync 1 DAGs
[2022-02-28 14:27:14,058] {logging_mixin.py:109} INFO - [2022-02-28 14:27:14,057] {dag.py:2937} INFO - Setting next_dagrun for example_complex to None
[2022-02-28 14:27:14,067] {processor.py:171} INFO - Processing /opt/anaconda3/envs/airflow/lib/python3.7/site-packages/airflow/example_dags/example_complex.py took 0.089 seconds
[2022-02-28 14:28:00,193] {processor.py:163} INFO - Started process (PID=31889) to work on /opt/anaconda3/envs/airflow/lib/python3.7/site-packages/airflow/example_dags/example_complex.py
[2022-02-28 14:28:00,196] {processor.py:642} INFO - Processing file /opt/anaconda3/envs/airflow/lib/python3.7/site-packages/airflow/example_dags/example_complex.py for tasks to queue
[2022-02-28 14:28:00,198] {logging_mixin.py:109} INFO - [2022-02-28 14:28:00,198] {dagbag.py:500} INFO - Filling up the DagBag from /opt/anaconda3/envs/airflow/lib/python3.7/site-packages/airflow/example_dags/example_complex.py
[2022-02-28 14:28:00,238] {processor.py:654} INFO - DAG(s) dict_keys(['example_complex']) retrieved from /opt/anaconda3/envs/airflow/lib/python3.7/site-packages/airflow/example_dags/example_complex.py
[2022-02-28 14:28:00,253] {logging_mixin.py:109} INFO - [2022-02-28 14:28:00,253] {dag.py:2398} INFO - Sync 1 DAGs
[2022-02-28 14:28:00,266] {logging_mixin.py:109} INFO - [2022-02-28 14:28:00,266] {dag.py:2937} INFO - Setting next_dagrun for example_complex to None
[2022-02-28 14:28:00,276] {processor.py:171} INFO - Processing /opt/anaconda3/envs/airflow/lib/python3.7/site-packages/airflow/example_dags/example_complex.py took 0.087 seconds
[2022-02-28 14:29:19,893] {processor.py:163} INFO - Started process (PID=32063) to work on /opt/anaconda3/envs/airflow/lib/python3.7/site-packages/airflow/example_dags/example_complex.py
[2022-02-28 14:29:19,896] {processor.py:642} INFO - Processing file /opt/anaconda3/envs/airflow/lib/python3.7/site-packages/airflow/example_dags/example_complex.py for tasks to queue
[2022-02-28 14:29:19,897] {logging_mixin.py:109} INFO - [2022-02-28 14:29:19,897] {dagbag.py:500} INFO - Filling up the DagBag from /opt/anaconda3/envs/airflow/lib/python3.7/site-packages/airflow/example_dags/example_complex.py
[2022-02-28 14:29:19,970] {processor.py:654} INFO - DAG(s) dict_keys(['example_complex']) retrieved from /opt/anaconda3/envs/airflow/lib/python3.7/site-packages/airflow/example_dags/example_complex.py
[2022-02-28 14:29:20,025] {logging_mixin.py:109} INFO - [2022-02-28 14:29:20,025] {dag.py:2398} INFO - Sync 1 DAGs
[2022-02-28 14:29:20,061] {logging_mixin.py:109} INFO - [2022-02-28 14:29:20,060] {dag.py:2937} INFO - Setting next_dagrun for example_complex to None
[2022-02-28 14:29:20,089] {processor.py:171} INFO - Processing /opt/anaconda3/envs/airflow/lib/python3.7/site-packages/airflow/example_dags/example_complex.py took 0.200 seconds
[2022-02-28 14:30:02,206] {processor.py:163} INFO - Started process (PID=32112) to work on /opt/anaconda3/envs/airflow/lib/python3.7/site-packages/airflow/example_dags/example_complex.py
[2022-02-28 14:30:02,208] {processor.py:642} INFO - Processing file /opt/anaconda3/envs/airflow/lib/python3.7/site-packages/airflow/example_dags/example_complex.py for tasks to queue
[2022-02-28 14:30:02,209] {logging_mixin.py:109} INFO - [2022-02-28 14:30:02,209] {dagbag.py:500} INFO - Filling up the DagBag from /opt/anaconda3/envs/airflow/lib/python3.7/site-packages/airflow/example_dags/example_complex.py
[2022-02-28 14:30:02,250] {processor.py:654} INFO - DAG(s) dict_keys(['example_complex']) retrieved from /opt/anaconda3/envs/airflow/lib/python3.7/site-packages/airflow/example_dags/example_complex.py
[2022-02-28 14:30:02,266] {logging_mixin.py:109} INFO - [2022-02-28 14:30:02,265] {dag.py:2398} INFO - Sync 1 DAGs
[2022-02-28 14:30:02,282] {logging_mixin.py:109} INFO - [2022-02-28 14:30:02,282] {dag.py:2937} INFO - Setting next_dagrun for example_complex to None
[2022-02-28 14:30:02,292] {processor.py:171} INFO - Processing /opt/anaconda3/envs/airflow/lib/python3.7/site-packages/airflow/example_dags/example_complex.py took 0.089 seconds
[2022-02-28 14:30:43,923] {processor.py:163} INFO - Started process (PID=32161) to work on /opt/anaconda3/envs/airflow/lib/python3.7/site-packages/airflow/example_dags/example_complex.py
[2022-02-28 14:30:43,925] {processor.py:642} INFO - Processing file /opt/anaconda3/envs/airflow/lib/python3.7/site-packages/airflow/example_dags/example_complex.py for tasks to queue
[2022-02-28 14:30:43,926] {logging_mixin.py:109} INFO - [2022-02-28 14:30:43,925] {dagbag.py:500} INFO - Filling up the DagBag from /opt/anaconda3/envs/airflow/lib/python3.7/site-packages/airflow/example_dags/example_complex.py
[2022-02-28 14:30:43,966] {processor.py:654} INFO - DAG(s) dict_keys(['example_complex']) retrieved from /opt/anaconda3/envs/airflow/lib/python3.7/site-packages/airflow/example_dags/example_complex.py
[2022-02-28 14:30:43,984] {logging_mixin.py:109} INFO - [2022-02-28 14:30:43,984] {dag.py:2398} INFO - Sync 1 DAGs
[2022-02-28 14:30:43,998] {logging_mixin.py:109} INFO - [2022-02-28 14:30:43,997] {dag.py:2937} INFO - Setting next_dagrun for example_complex to None
[2022-02-28 14:30:44,011] {processor.py:171} INFO - Processing /opt/anaconda3/envs/airflow/lib/python3.7/site-packages/airflow/example_dags/example_complex.py took 0.091 seconds
[2022-02-28 14:31:24,139] {processor.py:163} INFO - Started process (PID=32211) to work on /opt/anaconda3/envs/airflow/lib/python3.7/site-packages/airflow/example_dags/example_complex.py
[2022-02-28 14:31:24,154] {processor.py:642} INFO - Processing file /opt/anaconda3/envs/airflow/lib/python3.7/site-packages/airflow/example_dags/example_complex.py for tasks to queue
[2022-02-28 14:31:24,162] {logging_mixin.py:109} INFO - [2022-02-28 14:31:24,161] {dagbag.py:500} INFO - Filling up the DagBag from /opt/anaconda3/envs/airflow/lib/python3.7/site-packages/airflow/example_dags/example_complex.py
[2022-02-28 14:31:24,316] {processor.py:654} INFO - DAG(s) dict_keys(['example_complex']) retrieved from /opt/anaconda3/envs/airflow/lib/python3.7/site-packages/airflow/example_dags/example_complex.py
[2022-02-28 14:31:24,334] {logging_mixin.py:109} INFO - [2022-02-28 14:31:24,334] {dag.py:2398} INFO - Sync 1 DAGs
[2022-02-28 14:31:24,351] {logging_mixin.py:109} INFO - [2022-02-28 14:31:24,350] {dag.py:2937} INFO - Setting next_dagrun for example_complex to None
[2022-02-28 14:31:24,363] {processor.py:171} INFO - Processing /opt/anaconda3/envs/airflow/lib/python3.7/site-packages/airflow/example_dags/example_complex.py took 0.232 seconds
[2022-02-28 14:33:19,789] {processor.py:163} INFO - Started process (PID=32345) to work on /opt/anaconda3/envs/airflow/lib/python3.7/site-packages/airflow/example_dags/example_complex.py
[2022-02-28 14:33:19,791] {processor.py:642} INFO - Processing file /opt/anaconda3/envs/airflow/lib/python3.7/site-packages/airflow/example_dags/example_complex.py for tasks to queue
[2022-02-28 14:33:19,793] {logging_mixin.py:109} INFO - [2022-02-28 14:33:19,792] {dagbag.py:500} INFO - Filling up the DagBag from /opt/anaconda3/envs/airflow/lib/python3.7/site-packages/airflow/example_dags/example_complex.py
[2022-02-28 14:33:19,855] {processor.py:654} INFO - DAG(s) dict_keys(['example_complex']) retrieved from /opt/anaconda3/envs/airflow/lib/python3.7/site-packages/airflow/example_dags/example_complex.py
[2022-02-28 14:33:19,901] {logging_mixin.py:109} INFO - [2022-02-28 14:33:19,901] {dag.py:2398} INFO - Sync 1 DAGs
[2022-02-28 14:33:19,920] {logging_mixin.py:109} INFO - [2022-02-28 14:33:19,920] {dag.py:2937} INFO - Setting next_dagrun for example_complex to None
[2022-02-28 14:33:19,935] {processor.py:171} INFO - Processing /opt/anaconda3/envs/airflow/lib/python3.7/site-packages/airflow/example_dags/example_complex.py took 0.151 seconds
[2022-02-28 14:34:06,046] {processor.py:163} INFO - Started process (PID=32428) to work on /opt/anaconda3/envs/airflow/lib/python3.7/site-packages/airflow/example_dags/example_complex.py
[2022-02-28 14:34:06,048] {processor.py:642} INFO - Processing file /opt/anaconda3/envs/airflow/lib/python3.7/site-packages/airflow/example_dags/example_complex.py for tasks to queue
[2022-02-28 14:34:06,050] {logging_mixin.py:109} INFO - [2022-02-28 14:34:06,049] {dagbag.py:500} INFO - Filling up the DagBag from /opt/anaconda3/envs/airflow/lib/python3.7/site-packages/airflow/example_dags/example_complex.py
[2022-02-28 14:34:06,115] {processor.py:654} INFO - DAG(s) dict_keys(['example_complex']) retrieved from /opt/anaconda3/envs/airflow/lib/python3.7/site-packages/airflow/example_dags/example_complex.py
[2022-02-28 14:34:06,141] {logging_mixin.py:109} INFO - [2022-02-28 14:34:06,140] {dag.py:2398} INFO - Sync 1 DAGs
[2022-02-28 14:34:06,160] {logging_mixin.py:109} INFO - [2022-02-28 14:34:06,159] {dag.py:2937} INFO - Setting next_dagrun for example_complex to None
[2022-02-28 14:34:06,176] {processor.py:171} INFO - Processing /opt/anaconda3/envs/airflow/lib/python3.7/site-packages/airflow/example_dags/example_complex.py took 0.134 seconds
[2022-02-28 14:34:47,302] {processor.py:163} INFO - Started process (PID=32480) to work on /opt/anaconda3/envs/airflow/lib/python3.7/site-packages/airflow/example_dags/example_complex.py
[2022-02-28 14:34:47,304] {processor.py:642} INFO - Processing file /opt/anaconda3/envs/airflow/lib/python3.7/site-packages/airflow/example_dags/example_complex.py for tasks to queue
[2022-02-28 14:34:47,305] {logging_mixin.py:109} INFO - [2022-02-28 14:34:47,305] {dagbag.py:500} INFO - Filling up the DagBag from /opt/anaconda3/envs/airflow/lib/python3.7/site-packages/airflow/example_dags/example_complex.py
[2022-02-28 14:34:47,353] {processor.py:654} INFO - DAG(s) dict_keys(['example_complex']) retrieved from /opt/anaconda3/envs/airflow/lib/python3.7/site-packages/airflow/example_dags/example_complex.py
[2022-02-28 14:34:47,370] {logging_mixin.py:109} INFO - [2022-02-28 14:34:47,370] {dag.py:2398} INFO - Sync 1 DAGs
[2022-02-28 14:34:47,384] {logging_mixin.py:109} INFO - [2022-02-28 14:34:47,384] {dag.py:2937} INFO - Setting next_dagrun for example_complex to None
[2022-02-28 14:34:47,395] {processor.py:171} INFO - Processing /opt/anaconda3/envs/airflow/lib/python3.7/site-packages/airflow/example_dags/example_complex.py took 0.099 seconds
[2022-02-28 14:35:27,734] {processor.py:163} INFO - Started process (PID=32521) to work on /opt/anaconda3/envs/airflow/lib/python3.7/site-packages/airflow/example_dags/example_complex.py
[2022-02-28 14:35:27,737] {processor.py:642} INFO - Processing file /opt/anaconda3/envs/airflow/lib/python3.7/site-packages/airflow/example_dags/example_complex.py for tasks to queue
[2022-02-28 14:35:27,739] {logging_mixin.py:109} INFO - [2022-02-28 14:35:27,738] {dagbag.py:500} INFO - Filling up the DagBag from /opt/anaconda3/envs/airflow/lib/python3.7/site-packages/airflow/example_dags/example_complex.py
[2022-02-28 14:35:27,806] {processor.py:654} INFO - DAG(s) dict_keys(['example_complex']) retrieved from /opt/anaconda3/envs/airflow/lib/python3.7/site-packages/airflow/example_dags/example_complex.py
[2022-02-28 14:35:27,830] {logging_mixin.py:109} INFO - [2022-02-28 14:35:27,829] {dag.py:2398} INFO - Sync 1 DAGs
[2022-02-28 14:35:27,850] {logging_mixin.py:109} INFO - [2022-02-28 14:35:27,850] {dag.py:2937} INFO - Setting next_dagrun for example_complex to None
[2022-02-28 14:35:27,862] {processor.py:171} INFO - Processing /opt/anaconda3/envs/airflow/lib/python3.7/site-packages/airflow/example_dags/example_complex.py took 0.133 seconds
[2022-02-28 14:36:14,036] {processor.py:163} INFO - Started process (PID=32571) to work on /opt/anaconda3/envs/airflow/lib/python3.7/site-packages/airflow/example_dags/example_complex.py
[2022-02-28 14:36:14,039] {processor.py:642} INFO - Processing file /opt/anaconda3/envs/airflow/lib/python3.7/site-packages/airflow/example_dags/example_complex.py for tasks to queue
[2022-02-28 14:36:14,040] {logging_mixin.py:109} INFO - [2022-02-28 14:36:14,040] {dagbag.py:500} INFO - Filling up the DagBag from /opt/anaconda3/envs/airflow/lib/python3.7/site-packages/airflow/example_dags/example_complex.py
[2022-02-28 14:36:14,079] {processor.py:654} INFO - DAG(s) dict_keys(['example_complex']) retrieved from /opt/anaconda3/envs/airflow/lib/python3.7/site-packages/airflow/example_dags/example_complex.py
[2022-02-28 14:36:14,095] {logging_mixin.py:109} INFO - [2022-02-28 14:36:14,095] {dag.py:2398} INFO - Sync 1 DAGs
[2022-02-28 14:36:14,109] {logging_mixin.py:109} INFO - [2022-02-28 14:36:14,109] {dag.py:2937} INFO - Setting next_dagrun for example_complex to None
[2022-02-28 14:36:14,120] {processor.py:171} INFO - Processing /opt/anaconda3/envs/airflow/lib/python3.7/site-packages/airflow/example_dags/example_complex.py took 0.088 seconds
[2022-02-28 14:36:53,310] {processor.py:163} INFO - Started process (PID=32613) to work on /opt/anaconda3/envs/airflow/lib/python3.7/site-packages/airflow/example_dags/example_complex.py
[2022-02-28 14:36:53,312] {processor.py:642} INFO - Processing file /opt/anaconda3/envs/airflow/lib/python3.7/site-packages/airflow/example_dags/example_complex.py for tasks to queue
[2022-02-28 14:36:53,314] {logging_mixin.py:109} INFO - [2022-02-28 14:36:53,313] {dagbag.py:500} INFO - Filling up the DagBag from /opt/anaconda3/envs/airflow/lib/python3.7/site-packages/airflow/example_dags/example_complex.py
[2022-02-28 14:36:53,353] {processor.py:654} INFO - DAG(s) dict_keys(['example_complex']) retrieved from /opt/anaconda3/envs/airflow/lib/python3.7/site-packages/airflow/example_dags/example_complex.py
[2022-02-28 14:36:53,374] {logging_mixin.py:109} INFO - [2022-02-28 14:36:53,373] {dag.py:2398} INFO - Sync 1 DAGs
[2022-02-28 14:36:53,389] {logging_mixin.py:109} INFO - [2022-02-28 14:36:53,388] {dag.py:2937} INFO - Setting next_dagrun for example_complex to None
[2022-02-28 14:36:53,399] {processor.py:171} INFO - Processing /opt/anaconda3/envs/airflow/lib/python3.7/site-packages/airflow/example_dags/example_complex.py took 0.094 seconds
[2022-02-28 14:37:33,343] {processor.py:163} INFO - Started process (PID=32649) to work on /opt/anaconda3/envs/airflow/lib/python3.7/site-packages/airflow/example_dags/example_complex.py
[2022-02-28 14:37:33,346] {processor.py:642} INFO - Processing file /opt/anaconda3/envs/airflow/lib/python3.7/site-packages/airflow/example_dags/example_complex.py for tasks to queue
[2022-02-28 14:37:33,347] {logging_mixin.py:109} INFO - [2022-02-28 14:37:33,347] {dagbag.py:500} INFO - Filling up the DagBag from /opt/anaconda3/envs/airflow/lib/python3.7/site-packages/airflow/example_dags/example_complex.py
[2022-02-28 14:37:33,387] {processor.py:654} INFO - DAG(s) dict_keys(['example_complex']) retrieved from /opt/anaconda3/envs/airflow/lib/python3.7/site-packages/airflow/example_dags/example_complex.py
[2022-02-28 14:37:33,405] {logging_mixin.py:109} INFO - [2022-02-28 14:37:33,405] {dag.py:2398} INFO - Sync 1 DAGs
[2022-02-28 14:37:33,419] {logging_mixin.py:109} INFO - [2022-02-28 14:37:33,418] {dag.py:2937} INFO - Setting next_dagrun for example_complex to None
[2022-02-28 14:37:33,429] {processor.py:171} INFO - Processing /opt/anaconda3/envs/airflow/lib/python3.7/site-packages/airflow/example_dags/example_complex.py took 0.090 seconds
[2022-02-28 14:38:17,027] {processor.py:163} INFO - Started process (PID=32690) to work on /opt/anaconda3/envs/airflow/lib/python3.7/site-packages/airflow/example_dags/example_complex.py
[2022-02-28 14:38:17,030] {processor.py:642} INFO - Processing file /opt/anaconda3/envs/airflow/lib/python3.7/site-packages/airflow/example_dags/example_complex.py for tasks to queue
[2022-02-28 14:38:17,032] {logging_mixin.py:109} INFO - [2022-02-28 14:38:17,031] {dagbag.py:500} INFO - Filling up the DagBag from /opt/anaconda3/envs/airflow/lib/python3.7/site-packages/airflow/example_dags/example_complex.py
[2022-02-28 14:38:17,071] {processor.py:654} INFO - DAG(s) dict_keys(['example_complex']) retrieved from /opt/anaconda3/envs/airflow/lib/python3.7/site-packages/airflow/example_dags/example_complex.py
[2022-02-28 14:38:17,088] {logging_mixin.py:109} INFO - [2022-02-28 14:38:17,088] {dag.py:2398} INFO - Sync 1 DAGs
[2022-02-28 14:38:17,102] {logging_mixin.py:109} INFO - [2022-02-28 14:38:17,102] {dag.py:2937} INFO - Setting next_dagrun for example_complex to None
[2022-02-28 14:38:17,112] {processor.py:171} INFO - Processing /opt/anaconda3/envs/airflow/lib/python3.7/site-packages/airflow/example_dags/example_complex.py took 0.089 seconds
[2022-02-28 14:39:01,639] {processor.py:163} INFO - Started process (PID=32733) to work on /opt/anaconda3/envs/airflow/lib/python3.7/site-packages/airflow/example_dags/example_complex.py
[2022-02-28 14:39:01,641] {processor.py:642} INFO - Processing file /opt/anaconda3/envs/airflow/lib/python3.7/site-packages/airflow/example_dags/example_complex.py for tasks to queue
[2022-02-28 14:39:01,643] {logging_mixin.py:109} INFO - [2022-02-28 14:39:01,642] {dagbag.py:500} INFO - Filling up the DagBag from /opt/anaconda3/envs/airflow/lib/python3.7/site-packages/airflow/example_dags/example_complex.py
[2022-02-28 14:39:01,683] {processor.py:654} INFO - DAG(s) dict_keys(['example_complex']) retrieved from /opt/anaconda3/envs/airflow/lib/python3.7/site-packages/airflow/example_dags/example_complex.py
[2022-02-28 14:39:01,699] {logging_mixin.py:109} INFO - [2022-02-28 14:39:01,699] {dag.py:2398} INFO - Sync 1 DAGs
[2022-02-28 14:39:01,714] {logging_mixin.py:109} INFO - [2022-02-28 14:39:01,713] {dag.py:2937} INFO - Setting next_dagrun for example_complex to None
[2022-02-28 14:39:01,725] {processor.py:171} INFO - Processing /opt/anaconda3/envs/airflow/lib/python3.7/site-packages/airflow/example_dags/example_complex.py took 0.091 seconds
[2022-02-28 14:39:43,181] {processor.py:163} INFO - Started process (PID=32785) to work on /opt/anaconda3/envs/airflow/lib/python3.7/site-packages/airflow/example_dags/example_complex.py
[2022-02-28 14:39:43,185] {processor.py:642} INFO - Processing file /opt/anaconda3/envs/airflow/lib/python3.7/site-packages/airflow/example_dags/example_complex.py for tasks to queue
[2022-02-28 14:39:43,186] {logging_mixin.py:109} INFO - [2022-02-28 14:39:43,186] {dagbag.py:500} INFO - Filling up the DagBag from /opt/anaconda3/envs/airflow/lib/python3.7/site-packages/airflow/example_dags/example_complex.py
[2022-02-28 14:39:43,223] {processor.py:654} INFO - DAG(s) dict_keys(['example_complex']) retrieved from /opt/anaconda3/envs/airflow/lib/python3.7/site-packages/airflow/example_dags/example_complex.py
[2022-02-28 14:39:43,241] {logging_mixin.py:109} INFO - [2022-02-28 14:39:43,240] {dag.py:2398} INFO - Sync 1 DAGs
[2022-02-28 14:39:43,256] {logging_mixin.py:109} INFO - [2022-02-28 14:39:43,256] {dag.py:2937} INFO - Setting next_dagrun for example_complex to None
[2022-02-28 14:39:43,265] {processor.py:171} INFO - Processing /opt/anaconda3/envs/airflow/lib/python3.7/site-packages/airflow/example_dags/example_complex.py took 0.088 seconds
[2022-02-28 14:40:21,924] {processor.py:163} INFO - Started process (PID=32823) to work on /opt/anaconda3/envs/airflow/lib/python3.7/site-packages/airflow/example_dags/example_complex.py
[2022-02-28 14:40:21,925] {processor.py:642} INFO - Processing file /opt/anaconda3/envs/airflow/lib/python3.7/site-packages/airflow/example_dags/example_complex.py for tasks to queue
[2022-02-28 14:40:21,926] {logging_mixin.py:109} INFO - [2022-02-28 14:40:21,926] {dagbag.py:500} INFO - Filling up the DagBag from /opt/anaconda3/envs/airflow/lib/python3.7/site-packages/airflow/example_dags/example_complex.py
[2022-02-28 14:40:21,966] {processor.py:654} INFO - DAG(s) dict_keys(['example_complex']) retrieved from /opt/anaconda3/envs/airflow/lib/python3.7/site-packages/airflow/example_dags/example_complex.py
[2022-02-28 14:40:21,983] {logging_mixin.py:109} INFO - [2022-02-28 14:40:21,983] {dag.py:2398} INFO - Sync 1 DAGs
[2022-02-28 14:40:21,998] {logging_mixin.py:109} INFO - [2022-02-28 14:40:21,998] {dag.py:2937} INFO - Setting next_dagrun for example_complex to None
[2022-02-28 14:40:22,009] {processor.py:171} INFO - Processing /opt/anaconda3/envs/airflow/lib/python3.7/site-packages/airflow/example_dags/example_complex.py took 0.089 seconds
[2022-02-28 14:41:02,073] {processor.py:163} INFO - Started process (PID=32861) to work on /opt/anaconda3/envs/airflow/lib/python3.7/site-packages/airflow/example_dags/example_complex.py
[2022-02-28 14:41:02,075] {processor.py:642} INFO - Processing file /opt/anaconda3/envs/airflow/lib/python3.7/site-packages/airflow/example_dags/example_complex.py for tasks to queue
[2022-02-28 14:41:02,076] {logging_mixin.py:109} INFO - [2022-02-28 14:41:02,076] {dagbag.py:500} INFO - Filling up the DagBag from /opt/anaconda3/envs/airflow/lib/python3.7/site-packages/airflow/example_dags/example_complex.py
[2022-02-28 14:41:02,117] {processor.py:654} INFO - DAG(s) dict_keys(['example_complex']) retrieved from /opt/anaconda3/envs/airflow/lib/python3.7/site-packages/airflow/example_dags/example_complex.py
[2022-02-28 14:41:02,134] {logging_mixin.py:109} INFO - [2022-02-28 14:41:02,134] {dag.py:2398} INFO - Sync 1 DAGs
[2022-02-28 14:41:02,148] {logging_mixin.py:109} INFO - [2022-02-28 14:41:02,148] {dag.py:2937} INFO - Setting next_dagrun for example_complex to None
[2022-02-28 14:41:02,158] {processor.py:171} INFO - Processing /opt/anaconda3/envs/airflow/lib/python3.7/site-packages/airflow/example_dags/example_complex.py took 0.089 seconds
[2022-02-28 14:41:45,897] {processor.py:163} INFO - Started process (PID=32905) to work on /opt/anaconda3/envs/airflow/lib/python3.7/site-packages/airflow/example_dags/example_complex.py
[2022-02-28 14:41:45,899] {processor.py:642} INFO - Processing file /opt/anaconda3/envs/airflow/lib/python3.7/site-packages/airflow/example_dags/example_complex.py for tasks to queue
[2022-02-28 14:41:45,900] {logging_mixin.py:109} INFO - [2022-02-28 14:41:45,900] {dagbag.py:500} INFO - Filling up the DagBag from /opt/anaconda3/envs/airflow/lib/python3.7/site-packages/airflow/example_dags/example_complex.py
[2022-02-28 14:41:45,941] {processor.py:654} INFO - DAG(s) dict_keys(['example_complex']) retrieved from /opt/anaconda3/envs/airflow/lib/python3.7/site-packages/airflow/example_dags/example_complex.py
[2022-02-28 14:41:45,958] {logging_mixin.py:109} INFO - [2022-02-28 14:41:45,957] {dag.py:2398} INFO - Sync 1 DAGs
[2022-02-28 14:41:45,973] {logging_mixin.py:109} INFO - [2022-02-28 14:41:45,972] {dag.py:2937} INFO - Setting next_dagrun for example_complex to None
[2022-02-28 14:41:45,984] {processor.py:171} INFO - Processing /opt/anaconda3/envs/airflow/lib/python3.7/site-packages/airflow/example_dags/example_complex.py took 0.091 seconds
[2022-02-28 14:42:39,185] {processor.py:163} INFO - Started process (PID=32967) to work on /opt/anaconda3/envs/airflow/lib/python3.7/site-packages/airflow/example_dags/example_complex.py
[2022-02-28 14:42:39,188] {processor.py:642} INFO - Processing file /opt/anaconda3/envs/airflow/lib/python3.7/site-packages/airflow/example_dags/example_complex.py for tasks to queue
[2022-02-28 14:42:39,189] {logging_mixin.py:109} INFO - [2022-02-28 14:42:39,189] {dagbag.py:500} INFO - Filling up the DagBag from /opt/anaconda3/envs/airflow/lib/python3.7/site-packages/airflow/example_dags/example_complex.py
[2022-02-28 14:42:39,228] {processor.py:654} INFO - DAG(s) dict_keys(['example_complex']) retrieved from /opt/anaconda3/envs/airflow/lib/python3.7/site-packages/airflow/example_dags/example_complex.py
[2022-02-28 14:42:39,245] {logging_mixin.py:109} INFO - [2022-02-28 14:42:39,244] {dag.py:2398} INFO - Sync 1 DAGs
[2022-02-28 14:42:39,259] {logging_mixin.py:109} INFO - [2022-02-28 14:42:39,259] {dag.py:2937} INFO - Setting next_dagrun for example_complex to None
[2022-02-28 14:42:39,270] {processor.py:171} INFO - Processing /opt/anaconda3/envs/airflow/lib/python3.7/site-packages/airflow/example_dags/example_complex.py took 0.090 seconds
[2022-02-28 14:43:25,544] {processor.py:163} INFO - Started process (PID=33013) to work on /opt/anaconda3/envs/airflow/lib/python3.7/site-packages/airflow/example_dags/example_complex.py
[2022-02-28 14:43:25,547] {processor.py:642} INFO - Processing file /opt/anaconda3/envs/airflow/lib/python3.7/site-packages/airflow/example_dags/example_complex.py for tasks to queue
[2022-02-28 14:43:25,548] {logging_mixin.py:109} INFO - [2022-02-28 14:43:25,548] {dagbag.py:500} INFO - Filling up the DagBag from /opt/anaconda3/envs/airflow/lib/python3.7/site-packages/airflow/example_dags/example_complex.py
[2022-02-28 14:43:25,591] {processor.py:654} INFO - DAG(s) dict_keys(['example_complex']) retrieved from /opt/anaconda3/envs/airflow/lib/python3.7/site-packages/airflow/example_dags/example_complex.py
[2022-02-28 14:43:25,607] {logging_mixin.py:109} INFO - [2022-02-28 14:43:25,607] {dag.py:2398} INFO - Sync 1 DAGs
[2022-02-28 14:43:25,622] {logging_mixin.py:109} INFO - [2022-02-28 14:43:25,621] {dag.py:2937} INFO - Setting next_dagrun for example_complex to None
[2022-02-28 14:43:25,631] {processor.py:171} INFO - Processing /opt/anaconda3/envs/airflow/lib/python3.7/site-packages/airflow/example_dags/example_complex.py took 0.092 seconds
[2022-02-28 14:44:08,603] {processor.py:163} INFO - Started process (PID=33063) to work on /opt/anaconda3/envs/airflow/lib/python3.7/site-packages/airflow/example_dags/example_complex.py
[2022-02-28 14:44:08,605] {processor.py:642} INFO - Processing file /opt/anaconda3/envs/airflow/lib/python3.7/site-packages/airflow/example_dags/example_complex.py for tasks to queue
[2022-02-28 14:44:08,607] {logging_mixin.py:109} INFO - [2022-02-28 14:44:08,606] {dagbag.py:500} INFO - Filling up the DagBag from /opt/anaconda3/envs/airflow/lib/python3.7/site-packages/airflow/example_dags/example_complex.py
[2022-02-28 14:44:08,848] {processor.py:654} INFO - DAG(s) dict_keys(['example_complex']) retrieved from /opt/anaconda3/envs/airflow/lib/python3.7/site-packages/airflow/example_dags/example_complex.py
[2022-02-28 14:44:09,056] {logging_mixin.py:109} INFO - [2022-02-28 14:44:09,055] {dag.py:2398} INFO - Sync 1 DAGs
[2022-02-28 14:44:09,091] {logging_mixin.py:109} INFO - [2022-02-28 14:44:09,089] {dag.py:2937} INFO - Setting next_dagrun for example_complex to None
[2022-02-28 14:44:09,126] {processor.py:171} INFO - Processing /opt/anaconda3/envs/airflow/lib/python3.7/site-packages/airflow/example_dags/example_complex.py took 0.529 seconds
[2022-02-28 14:44:48,972] {processor.py:163} INFO - Started process (PID=33108) to work on /opt/anaconda3/envs/airflow/lib/python3.7/site-packages/airflow/example_dags/example_complex.py
[2022-02-28 14:44:48,975] {processor.py:642} INFO - Processing file /opt/anaconda3/envs/airflow/lib/python3.7/site-packages/airflow/example_dags/example_complex.py for tasks to queue
[2022-02-28 14:44:48,979] {logging_mixin.py:109} INFO - [2022-02-28 14:44:48,977] {dagbag.py:500} INFO - Filling up the DagBag from /opt/anaconda3/envs/airflow/lib/python3.7/site-packages/airflow/example_dags/example_complex.py
[2022-02-28 14:44:49,042] {processor.py:654} INFO - DAG(s) dict_keys(['example_complex']) retrieved from /opt/anaconda3/envs/airflow/lib/python3.7/site-packages/airflow/example_dags/example_complex.py
[2022-02-28 14:44:49,083] {logging_mixin.py:109} INFO - [2022-02-28 14:44:49,083] {dag.py:2398} INFO - Sync 1 DAGs
[2022-02-28 14:44:49,106] {logging_mixin.py:109} INFO - [2022-02-28 14:44:49,106] {dag.py:2937} INFO - Setting next_dagrun for example_complex to None
[2022-02-28 14:44:49,122] {processor.py:171} INFO - Processing /opt/anaconda3/envs/airflow/lib/python3.7/site-packages/airflow/example_dags/example_complex.py took 0.156 seconds
[2022-02-28 14:45:31,783] {processor.py:163} INFO - Started process (PID=33176) to work on /opt/anaconda3/envs/airflow/lib/python3.7/site-packages/airflow/example_dags/example_complex.py
[2022-02-28 14:45:31,785] {processor.py:642} INFO - Processing file /opt/anaconda3/envs/airflow/lib/python3.7/site-packages/airflow/example_dags/example_complex.py for tasks to queue
[2022-02-28 14:45:31,787] {logging_mixin.py:109} INFO - [2022-02-28 14:45:31,786] {dagbag.py:500} INFO - Filling up the DagBag from /opt/anaconda3/envs/airflow/lib/python3.7/site-packages/airflow/example_dags/example_complex.py
[2022-02-28 14:45:31,827] {processor.py:654} INFO - DAG(s) dict_keys(['example_complex']) retrieved from /opt/anaconda3/envs/airflow/lib/python3.7/site-packages/airflow/example_dags/example_complex.py
[2022-02-28 14:45:31,846] {logging_mixin.py:109} INFO - [2022-02-28 14:45:31,845] {dag.py:2398} INFO - Sync 1 DAGs
[2022-02-28 14:45:31,860] {logging_mixin.py:109} INFO - [2022-02-28 14:45:31,859] {dag.py:2937} INFO - Setting next_dagrun for example_complex to None
[2022-02-28 14:45:31,870] {processor.py:171} INFO - Processing /opt/anaconda3/envs/airflow/lib/python3.7/site-packages/airflow/example_dags/example_complex.py took 0.092 seconds
[2022-02-28 14:46:17,246] {processor.py:163} INFO - Started process (PID=33230) to work on /opt/anaconda3/envs/airflow/lib/python3.7/site-packages/airflow/example_dags/example_complex.py
[2022-02-28 14:46:17,248] {processor.py:642} INFO - Processing file /opt/anaconda3/envs/airflow/lib/python3.7/site-packages/airflow/example_dags/example_complex.py for tasks to queue
[2022-02-28 14:46:17,251] {logging_mixin.py:109} INFO - [2022-02-28 14:46:17,250] {dagbag.py:500} INFO - Filling up the DagBag from /opt/anaconda3/envs/airflow/lib/python3.7/site-packages/airflow/example_dags/example_complex.py
[2022-02-28 14:46:17,307] {processor.py:654} INFO - DAG(s) dict_keys(['example_complex']) retrieved from /opt/anaconda3/envs/airflow/lib/python3.7/site-packages/airflow/example_dags/example_complex.py
[2022-02-28 14:46:17,323] {logging_mixin.py:109} INFO - [2022-02-28 14:46:17,322] {dag.py:2398} INFO - Sync 1 DAGs
[2022-02-28 14:46:17,336] {logging_mixin.py:109} INFO - [2022-02-28 14:46:17,336] {dag.py:2937} INFO - Setting next_dagrun for example_complex to None
[2022-02-28 14:46:17,347] {processor.py:171} INFO - Processing /opt/anaconda3/envs/airflow/lib/python3.7/site-packages/airflow/example_dags/example_complex.py took 0.106 seconds
[2022-02-28 14:46:58,050] {processor.py:163} INFO - Started process (PID=33267) to work on /opt/anaconda3/envs/airflow/lib/python3.7/site-packages/airflow/example_dags/example_complex.py
[2022-02-28 14:46:58,053] {processor.py:642} INFO - Processing file /opt/anaconda3/envs/airflow/lib/python3.7/site-packages/airflow/example_dags/example_complex.py for tasks to queue
[2022-02-28 14:46:58,055] {logging_mixin.py:109} INFO - [2022-02-28 14:46:58,054] {dagbag.py:500} INFO - Filling up the DagBag from /opt/anaconda3/envs/airflow/lib/python3.7/site-packages/airflow/example_dags/example_complex.py
[2022-02-28 14:46:58,129] {processor.py:654} INFO - DAG(s) dict_keys(['example_complex']) retrieved from /opt/anaconda3/envs/airflow/lib/python3.7/site-packages/airflow/example_dags/example_complex.py
[2022-02-28 14:46:58,161] {logging_mixin.py:109} INFO - [2022-02-28 14:46:58,160] {dag.py:2398} INFO - Sync 1 DAGs
[2022-02-28 14:46:58,192] {logging_mixin.py:109} INFO - [2022-02-28 14:46:58,191] {dag.py:2937} INFO - Setting next_dagrun for example_complex to None
[2022-02-28 14:46:58,213] {processor.py:171} INFO - Processing /opt/anaconda3/envs/airflow/lib/python3.7/site-packages/airflow/example_dags/example_complex.py took 0.172 seconds
[2022-02-28 14:47:37,243] {processor.py:163} INFO - Started process (PID=33305) to work on /opt/anaconda3/envs/airflow/lib/python3.7/site-packages/airflow/example_dags/example_complex.py
[2022-02-28 14:47:37,246] {processor.py:642} INFO - Processing file /opt/anaconda3/envs/airflow/lib/python3.7/site-packages/airflow/example_dags/example_complex.py for tasks to queue
[2022-02-28 14:47:37,248] {logging_mixin.py:109} INFO - [2022-02-28 14:47:37,247] {dagbag.py:500} INFO - Filling up the DagBag from /opt/anaconda3/envs/airflow/lib/python3.7/site-packages/airflow/example_dags/example_complex.py
[2022-02-28 14:47:37,289] {processor.py:654} INFO - DAG(s) dict_keys(['example_complex']) retrieved from /opt/anaconda3/envs/airflow/lib/python3.7/site-packages/airflow/example_dags/example_complex.py
[2022-02-28 14:47:37,306] {logging_mixin.py:109} INFO - [2022-02-28 14:47:37,305] {dag.py:2398} INFO - Sync 1 DAGs
[2022-02-28 14:47:37,321] {logging_mixin.py:109} INFO - [2022-02-28 14:47:37,321] {dag.py:2937} INFO - Setting next_dagrun for example_complex to None
[2022-02-28 14:47:37,331] {processor.py:171} INFO - Processing /opt/anaconda3/envs/airflow/lib/python3.7/site-packages/airflow/example_dags/example_complex.py took 0.092 seconds
[2022-02-28 14:48:17,253] {processor.py:163} INFO - Started process (PID=33344) to work on /opt/anaconda3/envs/airflow/lib/python3.7/site-packages/airflow/example_dags/example_complex.py
[2022-02-28 14:48:17,255] {processor.py:642} INFO - Processing file /opt/anaconda3/envs/airflow/lib/python3.7/site-packages/airflow/example_dags/example_complex.py for tasks to queue
[2022-02-28 14:48:17,256] {logging_mixin.py:109} INFO - [2022-02-28 14:48:17,256] {dagbag.py:500} INFO - Filling up the DagBag from /opt/anaconda3/envs/airflow/lib/python3.7/site-packages/airflow/example_dags/example_complex.py
[2022-02-28 14:48:17,295] {processor.py:654} INFO - DAG(s) dict_keys(['example_complex']) retrieved from /opt/anaconda3/envs/airflow/lib/python3.7/site-packages/airflow/example_dags/example_complex.py
[2022-02-28 14:48:17,311] {logging_mixin.py:109} INFO - [2022-02-28 14:48:17,311] {dag.py:2398} INFO - Sync 1 DAGs
[2022-02-28 14:48:17,326] {logging_mixin.py:109} INFO - [2022-02-28 14:48:17,326] {dag.py:2937} INFO - Setting next_dagrun for example_complex to None
[2022-02-28 14:48:17,337] {processor.py:171} INFO - Processing /opt/anaconda3/envs/airflow/lib/python3.7/site-packages/airflow/example_dags/example_complex.py took 0.088 seconds
[2022-02-28 14:48:57,918] {processor.py:163} INFO - Started process (PID=33384) to work on /opt/anaconda3/envs/airflow/lib/python3.7/site-packages/airflow/example_dags/example_complex.py
[2022-02-28 14:48:57,920] {processor.py:642} INFO - Processing file /opt/anaconda3/envs/airflow/lib/python3.7/site-packages/airflow/example_dags/example_complex.py for tasks to queue
[2022-02-28 14:48:57,922] {logging_mixin.py:109} INFO - [2022-02-28 14:48:57,921] {dagbag.py:500} INFO - Filling up the DagBag from /opt/anaconda3/envs/airflow/lib/python3.7/site-packages/airflow/example_dags/example_complex.py
[2022-02-28 14:48:57,960] {processor.py:654} INFO - DAG(s) dict_keys(['example_complex']) retrieved from /opt/anaconda3/envs/airflow/lib/python3.7/site-packages/airflow/example_dags/example_complex.py
[2022-02-28 14:48:57,977] {logging_mixin.py:109} INFO - [2022-02-28 14:48:57,976] {dag.py:2398} INFO - Sync 1 DAGs
[2022-02-28 14:48:57,992] {logging_mixin.py:109} INFO - [2022-02-28 14:48:57,991] {dag.py:2937} INFO - Setting next_dagrun for example_complex to None
[2022-02-28 14:48:58,002] {processor.py:171} INFO - Processing /opt/anaconda3/envs/airflow/lib/python3.7/site-packages/airflow/example_dags/example_complex.py took 0.088 seconds
[2022-02-28 14:49:40,626] {processor.py:163} INFO - Started process (PID=33424) to work on /opt/anaconda3/envs/airflow/lib/python3.7/site-packages/airflow/example_dags/example_complex.py
[2022-02-28 14:49:40,629] {processor.py:642} INFO - Processing file /opt/anaconda3/envs/airflow/lib/python3.7/site-packages/airflow/example_dags/example_complex.py for tasks to queue
[2022-02-28 14:49:40,630] {logging_mixin.py:109} INFO - [2022-02-28 14:49:40,630] {dagbag.py:500} INFO - Filling up the DagBag from /opt/anaconda3/envs/airflow/lib/python3.7/site-packages/airflow/example_dags/example_complex.py
[2022-02-28 14:49:40,672] {processor.py:654} INFO - DAG(s) dict_keys(['example_complex']) retrieved from /opt/anaconda3/envs/airflow/lib/python3.7/site-packages/airflow/example_dags/example_complex.py
[2022-02-28 14:49:40,689] {logging_mixin.py:109} INFO - [2022-02-28 14:49:40,688] {dag.py:2398} INFO - Sync 1 DAGs
[2022-02-28 14:49:40,703] {logging_mixin.py:109} INFO - [2022-02-28 14:49:40,702] {dag.py:2937} INFO - Setting next_dagrun for example_complex to None
[2022-02-28 14:49:40,714] {processor.py:171} INFO - Processing /opt/anaconda3/envs/airflow/lib/python3.7/site-packages/airflow/example_dags/example_complex.py took 0.092 seconds
[2022-02-28 14:50:20,822] {processor.py:163} INFO - Started process (PID=33464) to work on /opt/anaconda3/envs/airflow/lib/python3.7/site-packages/airflow/example_dags/example_complex.py
[2022-02-28 14:50:20,825] {processor.py:642} INFO - Processing file /opt/anaconda3/envs/airflow/lib/python3.7/site-packages/airflow/example_dags/example_complex.py for tasks to queue
[2022-02-28 14:50:20,827] {logging_mixin.py:109} INFO - [2022-02-28 14:50:20,826] {dagbag.py:500} INFO - Filling up the DagBag from /opt/anaconda3/envs/airflow/lib/python3.7/site-packages/airflow/example_dags/example_complex.py
[2022-02-28 14:50:20,867] {processor.py:654} INFO - DAG(s) dict_keys(['example_complex']) retrieved from /opt/anaconda3/envs/airflow/lib/python3.7/site-packages/airflow/example_dags/example_complex.py
[2022-02-28 14:50:20,884] {logging_mixin.py:109} INFO - [2022-02-28 14:50:20,884] {dag.py:2398} INFO - Sync 1 DAGs
[2022-02-28 14:50:20,899] {logging_mixin.py:109} INFO - [2022-02-28 14:50:20,899] {dag.py:2937} INFO - Setting next_dagrun for example_complex to None
[2022-02-28 14:50:20,909] {processor.py:171} INFO - Processing /opt/anaconda3/envs/airflow/lib/python3.7/site-packages/airflow/example_dags/example_complex.py took 0.093 seconds
[2022-02-28 14:51:15,274] {processor.py:163} INFO - Started process (PID=33554) to work on /opt/anaconda3/envs/airflow/lib/python3.7/site-packages/airflow/example_dags/example_complex.py
[2022-02-28 14:51:15,276] {processor.py:642} INFO - Processing file /opt/anaconda3/envs/airflow/lib/python3.7/site-packages/airflow/example_dags/example_complex.py for tasks to queue
[2022-02-28 14:51:15,277] {logging_mixin.py:109} INFO - [2022-02-28 14:51:15,277] {dagbag.py:500} INFO - Filling up the DagBag from /opt/anaconda3/envs/airflow/lib/python3.7/site-packages/airflow/example_dags/example_complex.py
[2022-02-28 14:51:15,328] {processor.py:654} INFO - DAG(s) dict_keys(['example_complex']) retrieved from /opt/anaconda3/envs/airflow/lib/python3.7/site-packages/airflow/example_dags/example_complex.py
[2022-02-28 14:51:15,347] {logging_mixin.py:109} INFO - [2022-02-28 14:51:15,346] {dag.py:2398} INFO - Sync 1 DAGs
[2022-02-28 14:51:15,363] {logging_mixin.py:109} INFO - [2022-02-28 14:51:15,363] {dag.py:2937} INFO - Setting next_dagrun for example_complex to None
[2022-02-28 14:51:15,373] {processor.py:171} INFO - Processing /opt/anaconda3/envs/airflow/lib/python3.7/site-packages/airflow/example_dags/example_complex.py took 0.105 seconds
[2022-02-28 14:51:55,402] {processor.py:163} INFO - Started process (PID=33595) to work on /opt/anaconda3/envs/airflow/lib/python3.7/site-packages/airflow/example_dags/example_complex.py
[2022-02-28 14:51:55,404] {processor.py:642} INFO - Processing file /opt/anaconda3/envs/airflow/lib/python3.7/site-packages/airflow/example_dags/example_complex.py for tasks to queue
[2022-02-28 14:51:55,405] {logging_mixin.py:109} INFO - [2022-02-28 14:51:55,404] {dagbag.py:500} INFO - Filling up the DagBag from /opt/anaconda3/envs/airflow/lib/python3.7/site-packages/airflow/example_dags/example_complex.py
[2022-02-28 14:51:55,444] {processor.py:654} INFO - DAG(s) dict_keys(['example_complex']) retrieved from /opt/anaconda3/envs/airflow/lib/python3.7/site-packages/airflow/example_dags/example_complex.py
[2022-02-28 14:51:55,460] {logging_mixin.py:109} INFO - [2022-02-28 14:51:55,460] {dag.py:2398} INFO - Sync 1 DAGs
[2022-02-28 14:51:55,475] {logging_mixin.py:109} INFO - [2022-02-28 14:51:55,475] {dag.py:2937} INFO - Setting next_dagrun for example_complex to None
[2022-02-28 14:51:55,486] {processor.py:171} INFO - Processing /opt/anaconda3/envs/airflow/lib/python3.7/site-packages/airflow/example_dags/example_complex.py took 0.088 seconds
[2022-02-28 14:52:34,444] {processor.py:163} INFO - Started process (PID=33632) to work on /opt/anaconda3/envs/airflow/lib/python3.7/site-packages/airflow/example_dags/example_complex.py
[2022-02-28 14:52:34,445] {processor.py:642} INFO - Processing file /opt/anaconda3/envs/airflow/lib/python3.7/site-packages/airflow/example_dags/example_complex.py for tasks to queue
[2022-02-28 14:52:34,447] {logging_mixin.py:109} INFO - [2022-02-28 14:52:34,447] {dagbag.py:500} INFO - Filling up the DagBag from /opt/anaconda3/envs/airflow/lib/python3.7/site-packages/airflow/example_dags/example_complex.py
[2022-02-28 14:52:34,485] {processor.py:654} INFO - DAG(s) dict_keys(['example_complex']) retrieved from /opt/anaconda3/envs/airflow/lib/python3.7/site-packages/airflow/example_dags/example_complex.py
[2022-02-28 14:52:34,503] {logging_mixin.py:109} INFO - [2022-02-28 14:52:34,502] {dag.py:2398} INFO - Sync 1 DAGs
[2022-02-28 14:52:34,517] {logging_mixin.py:109} INFO - [2022-02-28 14:52:34,517] {dag.py:2937} INFO - Setting next_dagrun for example_complex to None
[2022-02-28 14:52:34,527] {processor.py:171} INFO - Processing /opt/anaconda3/envs/airflow/lib/python3.7/site-packages/airflow/example_dags/example_complex.py took 0.088 seconds
[2022-02-28 14:53:14,316] {processor.py:163} INFO - Started process (PID=33682) to work on /opt/anaconda3/envs/airflow/lib/python3.7/site-packages/airflow/example_dags/example_complex.py
[2022-02-28 14:53:14,318] {processor.py:642} INFO - Processing file /opt/anaconda3/envs/airflow/lib/python3.7/site-packages/airflow/example_dags/example_complex.py for tasks to queue
[2022-02-28 14:53:14,320] {logging_mixin.py:109} INFO - [2022-02-28 14:53:14,319] {dagbag.py:500} INFO - Filling up the DagBag from /opt/anaconda3/envs/airflow/lib/python3.7/site-packages/airflow/example_dags/example_complex.py
[2022-02-28 14:53:14,361] {processor.py:654} INFO - DAG(s) dict_keys(['example_complex']) retrieved from /opt/anaconda3/envs/airflow/lib/python3.7/site-packages/airflow/example_dags/example_complex.py
[2022-02-28 14:53:14,377] {logging_mixin.py:109} INFO - [2022-02-28 14:53:14,377] {dag.py:2398} INFO - Sync 1 DAGs
[2022-02-28 14:53:14,391] {logging_mixin.py:109} INFO - [2022-02-28 14:53:14,391] {dag.py:2937} INFO - Setting next_dagrun for example_complex to None
[2022-02-28 14:53:14,403] {processor.py:171} INFO - Processing /opt/anaconda3/envs/airflow/lib/python3.7/site-packages/airflow/example_dags/example_complex.py took 0.092 seconds
[2022-02-28 14:54:03,088] {processor.py:163} INFO - Started process (PID=33782) to work on /opt/anaconda3/envs/airflow/lib/python3.7/site-packages/airflow/example_dags/example_complex.py
[2022-02-28 14:54:03,092] {processor.py:642} INFO - Processing file /opt/anaconda3/envs/airflow/lib/python3.7/site-packages/airflow/example_dags/example_complex.py for tasks to queue
[2022-02-28 14:54:03,094] {logging_mixin.py:109} INFO - [2022-02-28 14:54:03,094] {dagbag.py:500} INFO - Filling up the DagBag from /opt/anaconda3/envs/airflow/lib/python3.7/site-packages/airflow/example_dags/example_complex.py
[2022-02-28 14:54:03,158] {processor.py:654} INFO - DAG(s) dict_keys(['example_complex']) retrieved from /opt/anaconda3/envs/airflow/lib/python3.7/site-packages/airflow/example_dags/example_complex.py
[2022-02-28 14:54:03,180] {logging_mixin.py:109} INFO - [2022-02-28 14:54:03,180] {dag.py:2398} INFO - Sync 1 DAGs
[2022-02-28 14:54:03,203] {logging_mixin.py:109} INFO - [2022-02-28 14:54:03,202] {dag.py:2937} INFO - Setting next_dagrun for example_complex to None
[2022-02-28 14:54:03,217] {processor.py:171} INFO - Processing /opt/anaconda3/envs/airflow/lib/python3.7/site-packages/airflow/example_dags/example_complex.py took 0.136 seconds
[2022-02-28 14:54:58,803] {processor.py:163} INFO - Started process (PID=33921) to work on /opt/anaconda3/envs/airflow/lib/python3.7/site-packages/airflow/example_dags/example_complex.py
[2022-02-28 14:54:58,808] {processor.py:642} INFO - Processing file /opt/anaconda3/envs/airflow/lib/python3.7/site-packages/airflow/example_dags/example_complex.py for tasks to queue
[2022-02-28 14:54:58,810] {logging_mixin.py:109} INFO - [2022-02-28 14:54:58,809] {dagbag.py:500} INFO - Filling up the DagBag from /opt/anaconda3/envs/airflow/lib/python3.7/site-packages/airflow/example_dags/example_complex.py
[2022-02-28 14:54:58,871] {processor.py:654} INFO - DAG(s) dict_keys(['example_complex']) retrieved from /opt/anaconda3/envs/airflow/lib/python3.7/site-packages/airflow/example_dags/example_complex.py
[2022-02-28 14:54:58,888] {logging_mixin.py:109} INFO - [2022-02-28 14:54:58,888] {dag.py:2398} INFO - Sync 1 DAGs
[2022-02-28 14:54:58,909] {logging_mixin.py:109} INFO - [2022-02-28 14:54:58,909] {dag.py:2937} INFO - Setting next_dagrun for example_complex to None
[2022-02-28 14:54:58,919] {processor.py:171} INFO - Processing /opt/anaconda3/envs/airflow/lib/python3.7/site-packages/airflow/example_dags/example_complex.py took 0.121 seconds
[2022-02-28 14:58:47,720] {processor.py:163} INFO - Started process (PID=34376) to work on /opt/anaconda3/envs/airflow/lib/python3.7/site-packages/airflow/example_dags/example_complex.py
[2022-02-28 14:58:47,723] {processor.py:642} INFO - Processing file /opt/anaconda3/envs/airflow/lib/python3.7/site-packages/airflow/example_dags/example_complex.py for tasks to queue
[2022-02-28 14:58:47,725] {logging_mixin.py:109} INFO - [2022-02-28 14:58:47,724] {dagbag.py:500} INFO - Filling up the DagBag from /opt/anaconda3/envs/airflow/lib/python3.7/site-packages/airflow/example_dags/example_complex.py
[2022-02-28 14:58:47,764] {processor.py:654} INFO - DAG(s) dict_keys(['example_complex']) retrieved from /opt/anaconda3/envs/airflow/lib/python3.7/site-packages/airflow/example_dags/example_complex.py
[2022-02-28 14:58:47,783] {logging_mixin.py:109} INFO - [2022-02-28 14:58:47,782] {dag.py:2398} INFO - Sync 1 DAGs
[2022-02-28 14:58:47,797] {logging_mixin.py:109} INFO - [2022-02-28 14:58:47,796] {dag.py:2937} INFO - Setting next_dagrun for example_complex to None
[2022-02-28 14:58:47,807] {processor.py:171} INFO - Processing /opt/anaconda3/envs/airflow/lib/python3.7/site-packages/airflow/example_dags/example_complex.py took 0.091 seconds
[2022-02-28 15:05:15,891] {processor.py:163} INFO - Started process (PID=34959) to work on /opt/anaconda3/envs/airflow/lib/python3.7/site-packages/airflow/example_dags/example_complex.py
[2022-02-28 15:05:15,893] {processor.py:642} INFO - Processing file /opt/anaconda3/envs/airflow/lib/python3.7/site-packages/airflow/example_dags/example_complex.py for tasks to queue
[2022-02-28 15:05:15,894] {logging_mixin.py:109} INFO - [2022-02-28 15:05:15,894] {dagbag.py:500} INFO - Filling up the DagBag from /opt/anaconda3/envs/airflow/lib/python3.7/site-packages/airflow/example_dags/example_complex.py
[2022-02-28 15:05:15,933] {processor.py:654} INFO - DAG(s) dict_keys(['example_complex']) retrieved from /opt/anaconda3/envs/airflow/lib/python3.7/site-packages/airflow/example_dags/example_complex.py
[2022-02-28 15:05:15,951] {logging_mixin.py:109} INFO - [2022-02-28 15:05:15,950] {dag.py:2398} INFO - Sync 1 DAGs
[2022-02-28 15:05:15,965] {logging_mixin.py:109} INFO - [2022-02-28 15:05:15,965] {dag.py:2937} INFO - Setting next_dagrun for example_complex to None
[2022-02-28 15:05:15,975] {processor.py:171} INFO - Processing /opt/anaconda3/envs/airflow/lib/python3.7/site-packages/airflow/example_dags/example_complex.py took 0.088 seconds
[2022-02-28 15:06:24,628] {processor.py:163} INFO - Started process (PID=35065) to work on /opt/anaconda3/envs/airflow/lib/python3.7/site-packages/airflow/example_dags/example_complex.py
[2022-02-28 15:06:24,630] {processor.py:642} INFO - Processing file /opt/anaconda3/envs/airflow/lib/python3.7/site-packages/airflow/example_dags/example_complex.py for tasks to queue
[2022-02-28 15:06:24,631] {logging_mixin.py:109} INFO - [2022-02-28 15:06:24,631] {dagbag.py:500} INFO - Filling up the DagBag from /opt/anaconda3/envs/airflow/lib/python3.7/site-packages/airflow/example_dags/example_complex.py
[2022-02-28 15:06:24,672] {processor.py:654} INFO - DAG(s) dict_keys(['example_complex']) retrieved from /opt/anaconda3/envs/airflow/lib/python3.7/site-packages/airflow/example_dags/example_complex.py
[2022-02-28 15:06:24,688] {logging_mixin.py:109} INFO - [2022-02-28 15:06:24,687] {dag.py:2398} INFO - Sync 1 DAGs
[2022-02-28 15:06:24,701] {logging_mixin.py:109} INFO - [2022-02-28 15:06:24,701] {dag.py:2937} INFO - Setting next_dagrun for example_complex to None
[2022-02-28 15:06:24,711] {processor.py:171} INFO - Processing /opt/anaconda3/envs/airflow/lib/python3.7/site-packages/airflow/example_dags/example_complex.py took 0.087 seconds
[2022-02-28 15:08:27,947] {processor.py:163} INFO - Started process (PID=35331) to work on /opt/anaconda3/envs/airflow/lib/python3.7/site-packages/airflow/example_dags/example_complex.py
[2022-02-28 15:08:27,950] {processor.py:642} INFO - Processing file /opt/anaconda3/envs/airflow/lib/python3.7/site-packages/airflow/example_dags/example_complex.py for tasks to queue
[2022-02-28 15:08:27,951] {logging_mixin.py:109} INFO - [2022-02-28 15:08:27,951] {dagbag.py:500} INFO - Filling up the DagBag from /opt/anaconda3/envs/airflow/lib/python3.7/site-packages/airflow/example_dags/example_complex.py
[2022-02-28 15:08:28,000] {processor.py:654} INFO - DAG(s) dict_keys(['example_complex']) retrieved from /opt/anaconda3/envs/airflow/lib/python3.7/site-packages/airflow/example_dags/example_complex.py
[2022-02-28 15:08:28,022] {logging_mixin.py:109} INFO - [2022-02-28 15:08:28,021] {dag.py:2398} INFO - Sync 1 DAGs
[2022-02-28 15:08:28,039] {logging_mixin.py:109} INFO - [2022-02-28 15:08:28,039] {dag.py:2937} INFO - Setting next_dagrun for example_complex to None
[2022-02-28 15:08:28,051] {processor.py:171} INFO - Processing /opt/anaconda3/envs/airflow/lib/python3.7/site-packages/airflow/example_dags/example_complex.py took 0.108 seconds
[2022-02-28 15:10:15,306] {processor.py:163} INFO - Started process (PID=35588) to work on /opt/anaconda3/envs/airflow/lib/python3.7/site-packages/airflow/example_dags/example_complex.py
[2022-02-28 15:10:15,309] {processor.py:642} INFO - Processing file /opt/anaconda3/envs/airflow/lib/python3.7/site-packages/airflow/example_dags/example_complex.py for tasks to queue
[2022-02-28 15:10:15,310] {logging_mixin.py:109} INFO - [2022-02-28 15:10:15,310] {dagbag.py:500} INFO - Filling up the DagBag from /opt/anaconda3/envs/airflow/lib/python3.7/site-packages/airflow/example_dags/example_complex.py
[2022-02-28 15:10:15,348] {processor.py:654} INFO - DAG(s) dict_keys(['example_complex']) retrieved from /opt/anaconda3/envs/airflow/lib/python3.7/site-packages/airflow/example_dags/example_complex.py
[2022-02-28 15:10:15,364] {logging_mixin.py:109} INFO - [2022-02-28 15:10:15,364] {dag.py:2398} INFO - Sync 1 DAGs
[2022-02-28 15:10:15,376] {logging_mixin.py:109} INFO - [2022-02-28 15:10:15,376] {dag.py:2937} INFO - Setting next_dagrun for example_complex to None
[2022-02-28 15:10:15,386] {processor.py:171} INFO - Processing /opt/anaconda3/envs/airflow/lib/python3.7/site-packages/airflow/example_dags/example_complex.py took 0.085 seconds
[2022-02-28 15:16:18,967] {processor.py:163} INFO - Started process (PID=36101) to work on /opt/anaconda3/envs/airflow/lib/python3.7/site-packages/airflow/example_dags/example_complex.py
[2022-02-28 15:16:18,970] {processor.py:642} INFO - Processing file /opt/anaconda3/envs/airflow/lib/python3.7/site-packages/airflow/example_dags/example_complex.py for tasks to queue
[2022-02-28 15:16:18,972] {logging_mixin.py:109} INFO - [2022-02-28 15:16:18,972] {dagbag.py:500} INFO - Filling up the DagBag from /opt/anaconda3/envs/airflow/lib/python3.7/site-packages/airflow/example_dags/example_complex.py
[2022-02-28 15:16:19,014] {processor.py:654} INFO - DAG(s) dict_keys(['example_complex']) retrieved from /opt/anaconda3/envs/airflow/lib/python3.7/site-packages/airflow/example_dags/example_complex.py
[2022-02-28 15:16:19,033] {logging_mixin.py:109} INFO - [2022-02-28 15:16:19,033] {dag.py:2398} INFO - Sync 1 DAGs
[2022-02-28 15:16:19,048] {logging_mixin.py:109} INFO - [2022-02-28 15:16:19,047] {dag.py:2937} INFO - Setting next_dagrun for example_complex to None
[2022-02-28 15:16:19,057] {processor.py:171} INFO - Processing /opt/anaconda3/envs/airflow/lib/python3.7/site-packages/airflow/example_dags/example_complex.py took 0.093 seconds
[2022-02-28 15:19:27,179] {processor.py:163} INFO - Started process (PID=36327) to work on /opt/anaconda3/envs/airflow/lib/python3.7/site-packages/airflow/example_dags/example_complex.py
[2022-02-28 15:19:27,181] {processor.py:642} INFO - Processing file /opt/anaconda3/envs/airflow/lib/python3.7/site-packages/airflow/example_dags/example_complex.py for tasks to queue
[2022-02-28 15:19:27,182] {logging_mixin.py:109} INFO - [2022-02-28 15:19:27,182] {dagbag.py:500} INFO - Filling up the DagBag from /opt/anaconda3/envs/airflow/lib/python3.7/site-packages/airflow/example_dags/example_complex.py
[2022-02-28 15:19:27,232] {processor.py:654} INFO - DAG(s) dict_keys(['example_complex']) retrieved from /opt/anaconda3/envs/airflow/lib/python3.7/site-packages/airflow/example_dags/example_complex.py
[2022-02-28 15:19:27,250] {logging_mixin.py:109} INFO - [2022-02-28 15:19:27,250] {dag.py:2398} INFO - Sync 1 DAGs
[2022-02-28 15:19:27,266] {logging_mixin.py:109} INFO - [2022-02-28 15:19:27,266] {dag.py:2937} INFO - Setting next_dagrun for example_complex to None
[2022-02-28 15:19:27,276] {processor.py:171} INFO - Processing /opt/anaconda3/envs/airflow/lib/python3.7/site-packages/airflow/example_dags/example_complex.py took 0.102 seconds
[2022-02-28 15:20:07,228] {processor.py:163} INFO - Started process (PID=36413) to work on /opt/anaconda3/envs/airflow/lib/python3.7/site-packages/airflow/example_dags/example_complex.py
[2022-02-28 15:20:07,241] {processor.py:642} INFO - Processing file /opt/anaconda3/envs/airflow/lib/python3.7/site-packages/airflow/example_dags/example_complex.py for tasks to queue
[2022-02-28 15:20:07,245] {logging_mixin.py:109} INFO - [2022-02-28 15:20:07,244] {dagbag.py:500} INFO - Filling up the DagBag from /opt/anaconda3/envs/airflow/lib/python3.7/site-packages/airflow/example_dags/example_complex.py
[2022-02-28 15:20:07,345] {processor.py:654} INFO - DAG(s) dict_keys(['example_complex']) retrieved from /opt/anaconda3/envs/airflow/lib/python3.7/site-packages/airflow/example_dags/example_complex.py
[2022-02-28 15:20:07,503] {logging_mixin.py:109} INFO - [2022-02-28 15:20:07,502] {dag.py:2398} INFO - Sync 1 DAGs
[2022-02-28 15:20:07,585] {logging_mixin.py:109} INFO - [2022-02-28 15:20:07,585] {dag.py:2937} INFO - Setting next_dagrun for example_complex to None
[2022-02-28 15:20:07,626] {processor.py:171} INFO - Processing /opt/anaconda3/envs/airflow/lib/python3.7/site-packages/airflow/example_dags/example_complex.py took 0.403 seconds
[2022-02-28 15:20:54,867] {processor.py:163} INFO - Started process (PID=36514) to work on /opt/anaconda3/envs/airflow/lib/python3.7/site-packages/airflow/example_dags/example_complex.py
[2022-02-28 15:20:54,870] {processor.py:642} INFO - Processing file /opt/anaconda3/envs/airflow/lib/python3.7/site-packages/airflow/example_dags/example_complex.py for tasks to queue
[2022-02-28 15:20:54,871] {logging_mixin.py:109} INFO - [2022-02-28 15:20:54,871] {dagbag.py:500} INFO - Filling up the DagBag from /opt/anaconda3/envs/airflow/lib/python3.7/site-packages/airflow/example_dags/example_complex.py
[2022-02-28 15:20:54,909] {processor.py:654} INFO - DAG(s) dict_keys(['example_complex']) retrieved from /opt/anaconda3/envs/airflow/lib/python3.7/site-packages/airflow/example_dags/example_complex.py
[2022-02-28 15:20:54,927] {logging_mixin.py:109} INFO - [2022-02-28 15:20:54,927] {dag.py:2398} INFO - Sync 1 DAGs
[2022-02-28 15:20:54,940] {logging_mixin.py:109} INFO - [2022-02-28 15:20:54,939] {dag.py:2937} INFO - Setting next_dagrun for example_complex to None
[2022-02-28 15:20:54,949] {processor.py:171} INFO - Processing /opt/anaconda3/envs/airflow/lib/python3.7/site-packages/airflow/example_dags/example_complex.py took 0.087 seconds
[2022-02-28 15:21:37,717] {processor.py:163} INFO - Started process (PID=36559) to work on /opt/anaconda3/envs/airflow/lib/python3.7/site-packages/airflow/example_dags/example_complex.py
[2022-02-28 15:21:37,721] {processor.py:642} INFO - Processing file /opt/anaconda3/envs/airflow/lib/python3.7/site-packages/airflow/example_dags/example_complex.py for tasks to queue
[2022-02-28 15:21:37,724] {logging_mixin.py:109} INFO - [2022-02-28 15:21:37,723] {dagbag.py:500} INFO - Filling up the DagBag from /opt/anaconda3/envs/airflow/lib/python3.7/site-packages/airflow/example_dags/example_complex.py
[2022-02-28 15:21:37,780] {processor.py:654} INFO - DAG(s) dict_keys(['example_complex']) retrieved from /opt/anaconda3/envs/airflow/lib/python3.7/site-packages/airflow/example_dags/example_complex.py
[2022-02-28 15:21:37,807] {logging_mixin.py:109} INFO - [2022-02-28 15:21:37,806] {dag.py:2398} INFO - Sync 1 DAGs
[2022-02-28 15:21:37,829] {logging_mixin.py:109} INFO - [2022-02-28 15:21:37,829] {dag.py:2937} INFO - Setting next_dagrun for example_complex to None
[2022-02-28 15:21:37,842] {processor.py:171} INFO - Processing /opt/anaconda3/envs/airflow/lib/python3.7/site-packages/airflow/example_dags/example_complex.py took 0.131 seconds
[2022-02-28 15:22:18,461] {processor.py:163} INFO - Started process (PID=36596) to work on /opt/anaconda3/envs/airflow/lib/python3.7/site-packages/airflow/example_dags/example_complex.py
[2022-02-28 15:22:18,463] {processor.py:642} INFO - Processing file /opt/anaconda3/envs/airflow/lib/python3.7/site-packages/airflow/example_dags/example_complex.py for tasks to queue
[2022-02-28 15:22:18,464] {logging_mixin.py:109} INFO - [2022-02-28 15:22:18,464] {dagbag.py:500} INFO - Filling up the DagBag from /opt/anaconda3/envs/airflow/lib/python3.7/site-packages/airflow/example_dags/example_complex.py
[2022-02-28 15:22:18,508] {processor.py:654} INFO - DAG(s) dict_keys(['example_complex']) retrieved from /opt/anaconda3/envs/airflow/lib/python3.7/site-packages/airflow/example_dags/example_complex.py
[2022-02-28 15:22:18,525] {logging_mixin.py:109} INFO - [2022-02-28 15:22:18,525] {dag.py:2398} INFO - Sync 1 DAGs
[2022-02-28 15:22:18,544] {logging_mixin.py:109} INFO - [2022-02-28 15:22:18,544] {dag.py:2937} INFO - Setting next_dagrun for example_complex to None
[2022-02-28 15:22:18,554] {processor.py:171} INFO - Processing /opt/anaconda3/envs/airflow/lib/python3.7/site-packages/airflow/example_dags/example_complex.py took 0.097 seconds
[2022-02-28 15:22:59,419] {processor.py:163} INFO - Started process (PID=36633) to work on /opt/anaconda3/envs/airflow/lib/python3.7/site-packages/airflow/example_dags/example_complex.py
[2022-02-28 15:22:59,420] {processor.py:642} INFO - Processing file /opt/anaconda3/envs/airflow/lib/python3.7/site-packages/airflow/example_dags/example_complex.py for tasks to queue
[2022-02-28 15:22:59,421] {logging_mixin.py:109} INFO - [2022-02-28 15:22:59,421] {dagbag.py:500} INFO - Filling up the DagBag from /opt/anaconda3/envs/airflow/lib/python3.7/site-packages/airflow/example_dags/example_complex.py
[2022-02-28 15:22:59,459] {processor.py:654} INFO - DAG(s) dict_keys(['example_complex']) retrieved from /opt/anaconda3/envs/airflow/lib/python3.7/site-packages/airflow/example_dags/example_complex.py
[2022-02-28 15:22:59,477] {logging_mixin.py:109} INFO - [2022-02-28 15:22:59,477] {dag.py:2398} INFO - Sync 1 DAGs
[2022-02-28 15:22:59,491] {logging_mixin.py:109} INFO - [2022-02-28 15:22:59,491] {dag.py:2937} INFO - Setting next_dagrun for example_complex to None
[2022-02-28 15:22:59,501] {processor.py:171} INFO - Processing /opt/anaconda3/envs/airflow/lib/python3.7/site-packages/airflow/example_dags/example_complex.py took 0.086 seconds
