[2022-02-28 14:25:37,645] {processor.py:163} INFO - Started process (PID=31698) to work on /opt/anaconda3/envs/airflow/lib/python3.7/site-packages/airflow/example_dags/example_sla_dag.py
[2022-02-28 14:25:37,647] {processor.py:642} INFO - Processing file /opt/anaconda3/envs/airflow/lib/python3.7/site-packages/airflow/example_dags/example_sla_dag.py for tasks to queue
[2022-02-28 14:25:37,649] {logging_mixin.py:109} INFO - [2022-02-28 14:25:37,648] {dagbag.py:500} INFO - Filling up the DagBag from /opt/anaconda3/envs/airflow/lib/python3.7/site-packages/airflow/example_dags/example_sla_dag.py
[2022-02-28 14:25:37,696] {processor.py:654} INFO - DAG(s) dict_keys(['example_sla_dag']) retrieved from /opt/anaconda3/envs/airflow/lib/python3.7/site-packages/airflow/example_dags/example_sla_dag.py
[2022-02-28 14:25:37,709] {logging_mixin.py:109} INFO - [2022-02-28 14:25:37,709] {dag.py:2398} INFO - Sync 1 DAGs
[2022-02-28 14:25:37,732] {logging_mixin.py:109} INFO - [2022-02-28 14:25:37,731] {dag.py:2937} INFO - Setting next_dagrun for example_sla_dag to 2022-02-28T06:22:00+00:00
[2022-02-28 14:25:37,745] {processor.py:171} INFO - Processing /opt/anaconda3/envs/airflow/lib/python3.7/site-packages/airflow/example_dags/example_sla_dag.py took 0.104 seconds
[2022-02-28 14:26:16,739] {processor.py:163} INFO - Started process (PID=31750) to work on /opt/anaconda3/envs/airflow/lib/python3.7/site-packages/airflow/example_dags/example_sla_dag.py
[2022-02-28 14:26:16,741] {processor.py:642} INFO - Processing file /opt/anaconda3/envs/airflow/lib/python3.7/site-packages/airflow/example_dags/example_sla_dag.py for tasks to queue
[2022-02-28 14:26:16,743] {logging_mixin.py:109} INFO - [2022-02-28 14:26:16,742] {dagbag.py:500} INFO - Filling up the DagBag from /opt/anaconda3/envs/airflow/lib/python3.7/site-packages/airflow/example_dags/example_sla_dag.py
[2022-02-28 14:26:16,787] {processor.py:654} INFO - DAG(s) dict_keys(['example_sla_dag']) retrieved from /opt/anaconda3/envs/airflow/lib/python3.7/site-packages/airflow/example_dags/example_sla_dag.py
[2022-02-28 14:26:16,804] {logging_mixin.py:109} INFO - [2022-02-28 14:26:16,804] {dag.py:2398} INFO - Sync 1 DAGs
[2022-02-28 14:26:16,832] {logging_mixin.py:109} INFO - [2022-02-28 14:26:16,832] {dag.py:2937} INFO - Setting next_dagrun for example_sla_dag to 2022-02-28T06:24:00+00:00
[2022-02-28 14:26:16,842] {processor.py:171} INFO - Processing /opt/anaconda3/envs/airflow/lib/python3.7/site-packages/airflow/example_dags/example_sla_dag.py took 0.107 seconds
[2022-02-28 14:26:58,087] {processor.py:163} INFO - Started process (PID=31802) to work on /opt/anaconda3/envs/airflow/lib/python3.7/site-packages/airflow/example_dags/example_sla_dag.py
[2022-02-28 14:26:58,090] {processor.py:642} INFO - Processing file /opt/anaconda3/envs/airflow/lib/python3.7/site-packages/airflow/example_dags/example_sla_dag.py for tasks to queue
[2022-02-28 14:26:58,092] {logging_mixin.py:109} INFO - [2022-02-28 14:26:58,092] {dagbag.py:500} INFO - Filling up the DagBag from /opt/anaconda3/envs/airflow/lib/python3.7/site-packages/airflow/example_dags/example_sla_dag.py
[2022-02-28 14:26:58,132] {processor.py:654} INFO - DAG(s) dict_keys(['example_sla_dag']) retrieved from /opt/anaconda3/envs/airflow/lib/python3.7/site-packages/airflow/example_dags/example_sla_dag.py
[2022-02-28 14:26:58,142] {logging_mixin.py:109} INFO - [2022-02-28 14:26:58,142] {dag.py:2398} INFO - Sync 1 DAGs
[2022-02-28 14:26:58,165] {logging_mixin.py:109} INFO - [2022-02-28 14:26:58,164] {dag.py:2937} INFO - Setting next_dagrun for example_sla_dag to 2022-02-28T06:24:00+00:00
[2022-02-28 14:26:58,187] {processor.py:171} INFO - Processing /opt/anaconda3/envs/airflow/lib/python3.7/site-packages/airflow/example_dags/example_sla_dag.py took 0.103 seconds
[2022-02-28 14:27:40,773] {processor.py:163} INFO - Started process (PID=31856) to work on /opt/anaconda3/envs/airflow/lib/python3.7/site-packages/airflow/example_dags/example_sla_dag.py
[2022-02-28 14:27:40,777] {processor.py:642} INFO - Processing file /opt/anaconda3/envs/airflow/lib/python3.7/site-packages/airflow/example_dags/example_sla_dag.py for tasks to queue
[2022-02-28 14:27:40,778] {logging_mixin.py:109} INFO - [2022-02-28 14:27:40,777] {dagbag.py:500} INFO - Filling up the DagBag from /opt/anaconda3/envs/airflow/lib/python3.7/site-packages/airflow/example_dags/example_sla_dag.py
[2022-02-28 14:27:40,829] {processor.py:654} INFO - DAG(s) dict_keys(['example_sla_dag']) retrieved from /opt/anaconda3/envs/airflow/lib/python3.7/site-packages/airflow/example_dags/example_sla_dag.py
[2022-02-28 14:27:40,844] {logging_mixin.py:109} INFO - [2022-02-28 14:27:40,844] {dag.py:2398} INFO - Sync 1 DAGs
[2022-02-28 14:27:40,868] {logging_mixin.py:109} INFO - [2022-02-28 14:27:40,868] {dag.py:2937} INFO - Setting next_dagrun for example_sla_dag to 2022-02-28T06:24:00+00:00
[2022-02-28 14:27:40,878] {processor.py:171} INFO - Processing /opt/anaconda3/envs/airflow/lib/python3.7/site-packages/airflow/example_dags/example_sla_dag.py took 0.112 seconds
[2022-02-28 14:29:01,283] {processor.py:163} INFO - Started process (PID=32023) to work on /opt/anaconda3/envs/airflow/lib/python3.7/site-packages/airflow/example_dags/example_sla_dag.py
[2022-02-28 14:29:01,287] {processor.py:642} INFO - Processing file /opt/anaconda3/envs/airflow/lib/python3.7/site-packages/airflow/example_dags/example_sla_dag.py for tasks to queue
[2022-02-28 14:29:01,288] {logging_mixin.py:109} INFO - [2022-02-28 14:29:01,288] {dagbag.py:500} INFO - Filling up the DagBag from /opt/anaconda3/envs/airflow/lib/python3.7/site-packages/airflow/example_dags/example_sla_dag.py
[2022-02-28 14:29:01,330] {processor.py:654} INFO - DAG(s) dict_keys(['example_sla_dag']) retrieved from /opt/anaconda3/envs/airflow/lib/python3.7/site-packages/airflow/example_dags/example_sla_dag.py
[2022-02-28 14:29:01,341] {logging_mixin.py:109} INFO - [2022-02-28 14:29:01,341] {dag.py:2398} INFO - Sync 1 DAGs
[2022-02-28 14:29:01,361] {logging_mixin.py:109} INFO - [2022-02-28 14:29:01,360] {dag.py:2937} INFO - Setting next_dagrun for example_sla_dag to 2022-02-28T06:26:00+00:00
[2022-02-28 14:29:01,387] {processor.py:171} INFO - Processing /opt/anaconda3/envs/airflow/lib/python3.7/site-packages/airflow/example_dags/example_sla_dag.py took 0.108 seconds
[2022-02-28 14:29:46,463] {processor.py:163} INFO - Started process (PID=32091) to work on /opt/anaconda3/envs/airflow/lib/python3.7/site-packages/airflow/example_dags/example_sla_dag.py
[2022-02-28 14:29:46,465] {processor.py:642} INFO - Processing file /opt/anaconda3/envs/airflow/lib/python3.7/site-packages/airflow/example_dags/example_sla_dag.py for tasks to queue
[2022-02-28 14:29:46,467] {logging_mixin.py:109} INFO - [2022-02-28 14:29:46,466] {dagbag.py:500} INFO - Filling up the DagBag from /opt/anaconda3/envs/airflow/lib/python3.7/site-packages/airflow/example_dags/example_sla_dag.py
[2022-02-28 14:29:46,517] {processor.py:654} INFO - DAG(s) dict_keys(['example_sla_dag']) retrieved from /opt/anaconda3/envs/airflow/lib/python3.7/site-packages/airflow/example_dags/example_sla_dag.py
[2022-02-28 14:29:46,532] {logging_mixin.py:109} INFO - [2022-02-28 14:29:46,532] {dag.py:2398} INFO - Sync 1 DAGs
[2022-02-28 14:29:46,566] {logging_mixin.py:109} INFO - [2022-02-28 14:29:46,566] {dag.py:2937} INFO - Setting next_dagrun for example_sla_dag to 2022-02-28T06:26:00+00:00
[2022-02-28 14:29:46,575] {processor.py:171} INFO - Processing /opt/anaconda3/envs/airflow/lib/python3.7/site-packages/airflow/example_dags/example_sla_dag.py took 0.117 seconds
[2022-02-28 14:30:32,073] {processor.py:163} INFO - Started process (PID=32149) to work on /opt/anaconda3/envs/airflow/lib/python3.7/site-packages/airflow/example_dags/example_sla_dag.py
[2022-02-28 14:30:32,076] {processor.py:642} INFO - Processing file /opt/anaconda3/envs/airflow/lib/python3.7/site-packages/airflow/example_dags/example_sla_dag.py for tasks to queue
[2022-02-28 14:30:32,077] {logging_mixin.py:109} INFO - [2022-02-28 14:30:32,077] {dagbag.py:500} INFO - Filling up the DagBag from /opt/anaconda3/envs/airflow/lib/python3.7/site-packages/airflow/example_dags/example_sla_dag.py
[2022-02-28 14:30:32,113] {processor.py:654} INFO - DAG(s) dict_keys(['example_sla_dag']) retrieved from /opt/anaconda3/envs/airflow/lib/python3.7/site-packages/airflow/example_dags/example_sla_dag.py
[2022-02-28 14:30:32,124] {logging_mixin.py:109} INFO - [2022-02-28 14:30:32,123] {dag.py:2398} INFO - Sync 1 DAGs
[2022-02-28 14:30:32,142] {logging_mixin.py:109} INFO - [2022-02-28 14:30:32,142] {dag.py:2937} INFO - Setting next_dagrun for example_sla_dag to 2022-02-28T06:28:00+00:00
[2022-02-28 14:30:32,152] {processor.py:171} INFO - Processing /opt/anaconda3/envs/airflow/lib/python3.7/site-packages/airflow/example_dags/example_sla_dag.py took 0.082 seconds
[2022-02-28 14:31:10,864] {processor.py:163} INFO - Started process (PID=32198) to work on /opt/anaconda3/envs/airflow/lib/python3.7/site-packages/airflow/example_dags/example_sla_dag.py
[2022-02-28 14:31:10,867] {processor.py:642} INFO - Processing file /opt/anaconda3/envs/airflow/lib/python3.7/site-packages/airflow/example_dags/example_sla_dag.py for tasks to queue
[2022-02-28 14:31:10,868] {logging_mixin.py:109} INFO - [2022-02-28 14:31:10,868] {dagbag.py:500} INFO - Filling up the DagBag from /opt/anaconda3/envs/airflow/lib/python3.7/site-packages/airflow/example_dags/example_sla_dag.py
[2022-02-28 14:31:10,904] {processor.py:654} INFO - DAG(s) dict_keys(['example_sla_dag']) retrieved from /opt/anaconda3/envs/airflow/lib/python3.7/site-packages/airflow/example_dags/example_sla_dag.py
[2022-02-28 14:31:10,915] {logging_mixin.py:109} INFO - [2022-02-28 14:31:10,914] {dag.py:2398} INFO - Sync 1 DAGs
[2022-02-28 14:31:10,933] {logging_mixin.py:109} INFO - [2022-02-28 14:31:10,933] {dag.py:2937} INFO - Setting next_dagrun for example_sla_dag to 2022-02-28T06:28:00+00:00
[2022-02-28 14:31:10,942] {processor.py:171} INFO - Processing /opt/anaconda3/envs/airflow/lib/python3.7/site-packages/airflow/example_dags/example_sla_dag.py took 0.083 seconds
[2022-02-28 14:33:07,309] {processor.py:163} INFO - Started process (PID=32327) to work on /opt/anaconda3/envs/airflow/lib/python3.7/site-packages/airflow/example_dags/example_sla_dag.py
[2022-02-28 14:33:07,311] {processor.py:642} INFO - Processing file /opt/anaconda3/envs/airflow/lib/python3.7/site-packages/airflow/example_dags/example_sla_dag.py for tasks to queue
[2022-02-28 14:33:07,312] {logging_mixin.py:109} INFO - [2022-02-28 14:33:07,312] {dagbag.py:500} INFO - Filling up the DagBag from /opt/anaconda3/envs/airflow/lib/python3.7/site-packages/airflow/example_dags/example_sla_dag.py
[2022-02-28 14:33:07,352] {processor.py:654} INFO - DAG(s) dict_keys(['example_sla_dag']) retrieved from /opt/anaconda3/envs/airflow/lib/python3.7/site-packages/airflow/example_dags/example_sla_dag.py
[2022-02-28 14:33:07,363] {logging_mixin.py:109} INFO - [2022-02-28 14:33:07,363] {dag.py:2398} INFO - Sync 1 DAGs
[2022-02-28 14:33:07,383] {logging_mixin.py:109} INFO - [2022-02-28 14:33:07,383] {dag.py:2937} INFO - Setting next_dagrun for example_sla_dag to 2022-02-28T06:30:00+00:00
[2022-02-28 14:33:07,395] {processor.py:171} INFO - Processing /opt/anaconda3/envs/airflow/lib/python3.7/site-packages/airflow/example_dags/example_sla_dag.py took 0.090 seconds
[2022-02-28 14:33:47,871] {processor.py:163} INFO - Started process (PID=32397) to work on /opt/anaconda3/envs/airflow/lib/python3.7/site-packages/airflow/example_dags/example_sla_dag.py
[2022-02-28 14:33:47,874] {processor.py:642} INFO - Processing file /opt/anaconda3/envs/airflow/lib/python3.7/site-packages/airflow/example_dags/example_sla_dag.py for tasks to queue
[2022-02-28 14:33:47,876] {logging_mixin.py:109} INFO - [2022-02-28 14:33:47,875] {dagbag.py:500} INFO - Filling up the DagBag from /opt/anaconda3/envs/airflow/lib/python3.7/site-packages/airflow/example_dags/example_sla_dag.py
[2022-02-28 14:33:47,939] {processor.py:654} INFO - DAG(s) dict_keys(['example_sla_dag']) retrieved from /opt/anaconda3/envs/airflow/lib/python3.7/site-packages/airflow/example_dags/example_sla_dag.py
[2022-02-28 14:33:47,956] {logging_mixin.py:109} INFO - [2022-02-28 14:33:47,956] {dag.py:2398} INFO - Sync 1 DAGs
[2022-02-28 14:33:47,989] {logging_mixin.py:109} INFO - [2022-02-28 14:33:47,988] {dag.py:2937} INFO - Setting next_dagrun for example_sla_dag to 2022-02-28T06:30:00+00:00
[2022-02-28 14:33:48,020] {processor.py:171} INFO - Processing /opt/anaconda3/envs/airflow/lib/python3.7/site-packages/airflow/example_dags/example_sla_dag.py took 0.156 seconds
[2022-02-28 14:34:32,667] {processor.py:163} INFO - Started process (PID=32464) to work on /opt/anaconda3/envs/airflow/lib/python3.7/site-packages/airflow/example_dags/example_sla_dag.py
[2022-02-28 14:34:32,670] {processor.py:642} INFO - Processing file /opt/anaconda3/envs/airflow/lib/python3.7/site-packages/airflow/example_dags/example_sla_dag.py for tasks to queue
[2022-02-28 14:34:32,671] {logging_mixin.py:109} INFO - [2022-02-28 14:34:32,670] {dagbag.py:500} INFO - Filling up the DagBag from /opt/anaconda3/envs/airflow/lib/python3.7/site-packages/airflow/example_dags/example_sla_dag.py
[2022-02-28 14:34:32,714] {processor.py:654} INFO - DAG(s) dict_keys(['example_sla_dag']) retrieved from /opt/anaconda3/envs/airflow/lib/python3.7/site-packages/airflow/example_dags/example_sla_dag.py
[2022-02-28 14:34:32,725] {logging_mixin.py:109} INFO - [2022-02-28 14:34:32,725] {dag.py:2398} INFO - Sync 1 DAGs
[2022-02-28 14:34:32,745] {logging_mixin.py:109} INFO - [2022-02-28 14:34:32,744] {dag.py:2937} INFO - Setting next_dagrun for example_sla_dag to 2022-02-28T06:32:00+00:00
[2022-02-28 14:34:32,754] {processor.py:171} INFO - Processing /opt/anaconda3/envs/airflow/lib/python3.7/site-packages/airflow/example_dags/example_sla_dag.py took 0.092 seconds
[2022-02-28 14:35:11,728] {processor.py:163} INFO - Started process (PID=32503) to work on /opt/anaconda3/envs/airflow/lib/python3.7/site-packages/airflow/example_dags/example_sla_dag.py
[2022-02-28 14:35:11,731] {processor.py:642} INFO - Processing file /opt/anaconda3/envs/airflow/lib/python3.7/site-packages/airflow/example_dags/example_sla_dag.py for tasks to queue
[2022-02-28 14:35:11,733] {logging_mixin.py:109} INFO - [2022-02-28 14:35:11,732] {dagbag.py:500} INFO - Filling up the DagBag from /opt/anaconda3/envs/airflow/lib/python3.7/site-packages/airflow/example_dags/example_sla_dag.py
[2022-02-28 14:35:11,805] {processor.py:654} INFO - DAG(s) dict_keys(['example_sla_dag']) retrieved from /opt/anaconda3/envs/airflow/lib/python3.7/site-packages/airflow/example_dags/example_sla_dag.py
[2022-02-28 14:35:11,830] {logging_mixin.py:109} INFO - [2022-02-28 14:35:11,829] {dag.py:2398} INFO - Sync 1 DAGs
[2022-02-28 14:35:11,861] {logging_mixin.py:109} INFO - [2022-02-28 14:35:11,860] {dag.py:2937} INFO - Setting next_dagrun for example_sla_dag to 2022-02-28T06:32:00+00:00
[2022-02-28 14:35:11,873] {processor.py:171} INFO - Processing /opt/anaconda3/envs/airflow/lib/python3.7/site-packages/airflow/example_dags/example_sla_dag.py took 0.151 seconds
[2022-02-28 14:35:56,901] {processor.py:163} INFO - Started process (PID=32547) to work on /opt/anaconda3/envs/airflow/lib/python3.7/site-packages/airflow/example_dags/example_sla_dag.py
[2022-02-28 14:35:56,904] {processor.py:642} INFO - Processing file /opt/anaconda3/envs/airflow/lib/python3.7/site-packages/airflow/example_dags/example_sla_dag.py for tasks to queue
[2022-02-28 14:35:56,905] {logging_mixin.py:109} INFO - [2022-02-28 14:35:56,905] {dagbag.py:500} INFO - Filling up the DagBag from /opt/anaconda3/envs/airflow/lib/python3.7/site-packages/airflow/example_dags/example_sla_dag.py
[2022-02-28 14:35:56,945] {processor.py:654} INFO - DAG(s) dict_keys(['example_sla_dag']) retrieved from /opt/anaconda3/envs/airflow/lib/python3.7/site-packages/airflow/example_dags/example_sla_dag.py
[2022-02-28 14:35:56,956] {logging_mixin.py:109} INFO - [2022-02-28 14:35:56,956] {dag.py:2398} INFO - Sync 1 DAGs
[2022-02-28 14:35:56,977] {logging_mixin.py:109} INFO - [2022-02-28 14:35:56,977] {dag.py:2937} INFO - Setting next_dagrun for example_sla_dag to 2022-02-28T06:32:00+00:00
[2022-02-28 14:35:56,986] {processor.py:171} INFO - Processing /opt/anaconda3/envs/airflow/lib/python3.7/site-packages/airflow/example_dags/example_sla_dag.py took 0.089 seconds
[2022-02-28 14:36:37,853] {processor.py:163} INFO - Started process (PID=32599) to work on /opt/anaconda3/envs/airflow/lib/python3.7/site-packages/airflow/example_dags/example_sla_dag.py
[2022-02-28 14:36:37,854] {processor.py:642} INFO - Processing file /opt/anaconda3/envs/airflow/lib/python3.7/site-packages/airflow/example_dags/example_sla_dag.py for tasks to queue
[2022-02-28 14:36:37,855] {logging_mixin.py:109} INFO - [2022-02-28 14:36:37,855] {dagbag.py:500} INFO - Filling up the DagBag from /opt/anaconda3/envs/airflow/lib/python3.7/site-packages/airflow/example_dags/example_sla_dag.py
[2022-02-28 14:36:37,895] {processor.py:654} INFO - DAG(s) dict_keys(['example_sla_dag']) retrieved from /opt/anaconda3/envs/airflow/lib/python3.7/site-packages/airflow/example_dags/example_sla_dag.py
[2022-02-28 14:36:37,906] {logging_mixin.py:109} INFO - [2022-02-28 14:36:37,906] {dag.py:2398} INFO - Sync 1 DAGs
[2022-02-28 14:36:37,926] {logging_mixin.py:109} INFO - [2022-02-28 14:36:37,925] {dag.py:2937} INFO - Setting next_dagrun for example_sla_dag to 2022-02-28T06:34:00+00:00
[2022-02-28 14:36:37,937] {processor.py:171} INFO - Processing /opt/anaconda3/envs/airflow/lib/python3.7/site-packages/airflow/example_dags/example_sla_dag.py took 0.089 seconds
[2022-02-28 14:37:17,436] {processor.py:163} INFO - Started process (PID=32634) to work on /opt/anaconda3/envs/airflow/lib/python3.7/site-packages/airflow/example_dags/example_sla_dag.py
[2022-02-28 14:37:17,439] {processor.py:642} INFO - Processing file /opt/anaconda3/envs/airflow/lib/python3.7/site-packages/airflow/example_dags/example_sla_dag.py for tasks to queue
[2022-02-28 14:37:17,440] {logging_mixin.py:109} INFO - [2022-02-28 14:37:17,440] {dagbag.py:500} INFO - Filling up the DagBag from /opt/anaconda3/envs/airflow/lib/python3.7/site-packages/airflow/example_dags/example_sla_dag.py
[2022-02-28 14:37:17,477] {processor.py:654} INFO - DAG(s) dict_keys(['example_sla_dag']) retrieved from /opt/anaconda3/envs/airflow/lib/python3.7/site-packages/airflow/example_dags/example_sla_dag.py
[2022-02-28 14:37:17,488] {logging_mixin.py:109} INFO - [2022-02-28 14:37:17,488] {dag.py:2398} INFO - Sync 1 DAGs
[2022-02-28 14:37:17,508] {logging_mixin.py:109} INFO - [2022-02-28 14:37:17,508] {dag.py:2937} INFO - Setting next_dagrun for example_sla_dag to 2022-02-28T06:34:00+00:00
[2022-02-28 14:37:17,518] {processor.py:171} INFO - Processing /opt/anaconda3/envs/airflow/lib/python3.7/site-packages/airflow/example_dags/example_sla_dag.py took 0.087 seconds
[2022-02-28 14:37:53,013] {processor.py:163} INFO - Started process (PID=32668) to work on /opt/anaconda3/envs/airflow/lib/python3.7/site-packages/airflow/example_dags/example_sla_dag.py
[2022-02-28 14:37:53,017] {processor.py:642} INFO - Processing file /opt/anaconda3/envs/airflow/lib/python3.7/site-packages/airflow/example_dags/example_sla_dag.py for tasks to queue
[2022-02-28 14:37:53,019] {logging_mixin.py:109} INFO - [2022-02-28 14:37:53,018] {dagbag.py:500} INFO - Filling up the DagBag from /opt/anaconda3/envs/airflow/lib/python3.7/site-packages/airflow/example_dags/example_sla_dag.py
[2022-02-28 14:37:53,055] {processor.py:654} INFO - DAG(s) dict_keys(['example_sla_dag']) retrieved from /opt/anaconda3/envs/airflow/lib/python3.7/site-packages/airflow/example_dags/example_sla_dag.py
[2022-02-28 14:37:53,066] {logging_mixin.py:109} INFO - [2022-02-28 14:37:53,065] {dag.py:2398} INFO - Sync 1 DAGs
[2022-02-28 14:37:53,084] {logging_mixin.py:109} INFO - [2022-02-28 14:37:53,084] {dag.py:2937} INFO - Setting next_dagrun for example_sla_dag to 2022-02-28T06:34:00+00:00
[2022-02-28 14:37:53,095] {processor.py:171} INFO - Processing /opt/anaconda3/envs/airflow/lib/python3.7/site-packages/airflow/example_dags/example_sla_dag.py took 0.085 seconds
[2022-02-28 14:38:32,729] {processor.py:163} INFO - Started process (PID=32706) to work on /opt/anaconda3/envs/airflow/lib/python3.7/site-packages/airflow/example_dags/example_sla_dag.py
[2022-02-28 14:38:32,732] {processor.py:642} INFO - Processing file /opt/anaconda3/envs/airflow/lib/python3.7/site-packages/airflow/example_dags/example_sla_dag.py for tasks to queue
[2022-02-28 14:38:32,733] {logging_mixin.py:109} INFO - [2022-02-28 14:38:32,733] {dagbag.py:500} INFO - Filling up the DagBag from /opt/anaconda3/envs/airflow/lib/python3.7/site-packages/airflow/example_dags/example_sla_dag.py
[2022-02-28 14:38:32,788] {processor.py:654} INFO - DAG(s) dict_keys(['example_sla_dag']) retrieved from /opt/anaconda3/envs/airflow/lib/python3.7/site-packages/airflow/example_dags/example_sla_dag.py
[2022-02-28 14:38:32,805] {logging_mixin.py:109} INFO - [2022-02-28 14:38:32,804] {dag.py:2398} INFO - Sync 1 DAGs
[2022-02-28 14:38:32,855] {logging_mixin.py:109} INFO - [2022-02-28 14:38:32,854] {dag.py:2937} INFO - Setting next_dagrun for example_sla_dag to 2022-02-28T06:36:00+00:00
[2022-02-28 14:38:32,880] {processor.py:171} INFO - Processing /opt/anaconda3/envs/airflow/lib/python3.7/site-packages/airflow/example_dags/example_sla_dag.py took 0.156 seconds
[2022-02-28 14:39:10,240] {processor.py:163} INFO - Started process (PID=32741) to work on /opt/anaconda3/envs/airflow/lib/python3.7/site-packages/airflow/example_dags/example_sla_dag.py
[2022-02-28 14:39:10,243] {processor.py:642} INFO - Processing file /opt/anaconda3/envs/airflow/lib/python3.7/site-packages/airflow/example_dags/example_sla_dag.py for tasks to queue
[2022-02-28 14:39:10,245] {logging_mixin.py:109} INFO - [2022-02-28 14:39:10,244] {dagbag.py:500} INFO - Filling up the DagBag from /opt/anaconda3/envs/airflow/lib/python3.7/site-packages/airflow/example_dags/example_sla_dag.py
[2022-02-28 14:39:10,305] {processor.py:654} INFO - DAG(s) dict_keys(['example_sla_dag']) retrieved from /opt/anaconda3/envs/airflow/lib/python3.7/site-packages/airflow/example_dags/example_sla_dag.py
[2022-02-28 14:39:10,326] {logging_mixin.py:109} INFO - [2022-02-28 14:39:10,326] {dag.py:2398} INFO - Sync 1 DAGs
[2022-02-28 14:39:10,381] {logging_mixin.py:109} INFO - [2022-02-28 14:39:10,380] {dag.py:2937} INFO - Setting next_dagrun for example_sla_dag to 2022-02-28T06:36:00+00:00
[2022-02-28 14:39:10,395] {processor.py:171} INFO - Processing /opt/anaconda3/envs/airflow/lib/python3.7/site-packages/airflow/example_dags/example_sla_dag.py took 0.162 seconds
[2022-02-28 14:39:53,164] {processor.py:163} INFO - Started process (PID=32794) to work on /opt/anaconda3/envs/airflow/lib/python3.7/site-packages/airflow/example_dags/example_sla_dag.py
[2022-02-28 14:39:53,167] {processor.py:642} INFO - Processing file /opt/anaconda3/envs/airflow/lib/python3.7/site-packages/airflow/example_dags/example_sla_dag.py for tasks to queue
[2022-02-28 14:39:53,168] {logging_mixin.py:109} INFO - [2022-02-28 14:39:53,168] {dagbag.py:500} INFO - Filling up the DagBag from /opt/anaconda3/envs/airflow/lib/python3.7/site-packages/airflow/example_dags/example_sla_dag.py
[2022-02-28 14:39:53,203] {processor.py:654} INFO - DAG(s) dict_keys(['example_sla_dag']) retrieved from /opt/anaconda3/envs/airflow/lib/python3.7/site-packages/airflow/example_dags/example_sla_dag.py
[2022-02-28 14:39:53,215] {logging_mixin.py:109} INFO - [2022-02-28 14:39:53,215] {dag.py:2398} INFO - Sync 1 DAGs
[2022-02-28 14:39:53,233] {logging_mixin.py:109} INFO - [2022-02-28 14:39:53,233] {dag.py:2937} INFO - Setting next_dagrun for example_sla_dag to 2022-02-28T06:36:00+00:00
[2022-02-28 14:39:53,242] {processor.py:171} INFO - Processing /opt/anaconda3/envs/airflow/lib/python3.7/site-packages/airflow/example_dags/example_sla_dag.py took 0.082 seconds
[2022-02-28 14:40:30,960] {processor.py:163} INFO - Started process (PID=32831) to work on /opt/anaconda3/envs/airflow/lib/python3.7/site-packages/airflow/example_dags/example_sla_dag.py
[2022-02-28 14:40:30,961] {processor.py:642} INFO - Processing file /opt/anaconda3/envs/airflow/lib/python3.7/site-packages/airflow/example_dags/example_sla_dag.py for tasks to queue
[2022-02-28 14:40:30,962] {logging_mixin.py:109} INFO - [2022-02-28 14:40:30,962] {dagbag.py:500} INFO - Filling up the DagBag from /opt/anaconda3/envs/airflow/lib/python3.7/site-packages/airflow/example_dags/example_sla_dag.py
[2022-02-28 14:40:30,996] {processor.py:654} INFO - DAG(s) dict_keys(['example_sla_dag']) retrieved from /opt/anaconda3/envs/airflow/lib/python3.7/site-packages/airflow/example_dags/example_sla_dag.py
[2022-02-28 14:40:31,008] {logging_mixin.py:109} INFO - [2022-02-28 14:40:31,008] {dag.py:2398} INFO - Sync 1 DAGs
[2022-02-28 14:40:31,028] {logging_mixin.py:109} INFO - [2022-02-28 14:40:31,027] {dag.py:2937} INFO - Setting next_dagrun for example_sla_dag to 2022-02-28T06:38:00+00:00
[2022-02-28 14:40:31,038] {processor.py:171} INFO - Processing /opt/anaconda3/envs/airflow/lib/python3.7/site-packages/airflow/example_dags/example_sla_dag.py took 0.083 seconds
[2022-02-28 14:41:10,716] {processor.py:163} INFO - Started process (PID=32869) to work on /opt/anaconda3/envs/airflow/lib/python3.7/site-packages/airflow/example_dags/example_sla_dag.py
[2022-02-28 14:41:10,718] {processor.py:642} INFO - Processing file /opt/anaconda3/envs/airflow/lib/python3.7/site-packages/airflow/example_dags/example_sla_dag.py for tasks to queue
[2022-02-28 14:41:10,719] {logging_mixin.py:109} INFO - [2022-02-28 14:41:10,719] {dagbag.py:500} INFO - Filling up the DagBag from /opt/anaconda3/envs/airflow/lib/python3.7/site-packages/airflow/example_dags/example_sla_dag.py
[2022-02-28 14:41:10,755] {processor.py:654} INFO - DAG(s) dict_keys(['example_sla_dag']) retrieved from /opt/anaconda3/envs/airflow/lib/python3.7/site-packages/airflow/example_dags/example_sla_dag.py
[2022-02-28 14:41:10,766] {logging_mixin.py:109} INFO - [2022-02-28 14:41:10,766] {dag.py:2398} INFO - Sync 1 DAGs
[2022-02-28 14:41:10,785] {logging_mixin.py:109} INFO - [2022-02-28 14:41:10,784] {dag.py:2937} INFO - Setting next_dagrun for example_sla_dag to 2022-02-28T06:38:00+00:00
[2022-02-28 14:41:10,795] {processor.py:171} INFO - Processing /opt/anaconda3/envs/airflow/lib/python3.7/site-packages/airflow/example_dags/example_sla_dag.py took 0.082 seconds
[2022-02-28 14:41:53,337] {processor.py:163} INFO - Started process (PID=32911) to work on /opt/anaconda3/envs/airflow/lib/python3.7/site-packages/airflow/example_dags/example_sla_dag.py
[2022-02-28 14:41:53,338] {processor.py:642} INFO - Processing file /opt/anaconda3/envs/airflow/lib/python3.7/site-packages/airflow/example_dags/example_sla_dag.py for tasks to queue
[2022-02-28 14:41:53,339] {logging_mixin.py:109} INFO - [2022-02-28 14:41:53,339] {dagbag.py:500} INFO - Filling up the DagBag from /opt/anaconda3/envs/airflow/lib/python3.7/site-packages/airflow/example_dags/example_sla_dag.py
[2022-02-28 14:41:53,378] {processor.py:654} INFO - DAG(s) dict_keys(['example_sla_dag']) retrieved from /opt/anaconda3/envs/airflow/lib/python3.7/site-packages/airflow/example_dags/example_sla_dag.py
[2022-02-28 14:41:53,389] {logging_mixin.py:109} INFO - [2022-02-28 14:41:53,389] {dag.py:2398} INFO - Sync 1 DAGs
[2022-02-28 14:41:53,410] {logging_mixin.py:109} INFO - [2022-02-28 14:41:53,409] {dag.py:2937} INFO - Setting next_dagrun for example_sla_dag to 2022-02-28T06:38:00+00:00
[2022-02-28 14:41:53,420] {processor.py:171} INFO - Processing /opt/anaconda3/envs/airflow/lib/python3.7/site-packages/airflow/example_dags/example_sla_dag.py took 0.088 seconds
[2022-02-28 14:42:32,188] {processor.py:163} INFO - Started process (PID=32958) to work on /opt/anaconda3/envs/airflow/lib/python3.7/site-packages/airflow/example_dags/example_sla_dag.py
[2022-02-28 14:42:32,192] {processor.py:642} INFO - Processing file /opt/anaconda3/envs/airflow/lib/python3.7/site-packages/airflow/example_dags/example_sla_dag.py for tasks to queue
[2022-02-28 14:42:32,193] {logging_mixin.py:109} INFO - [2022-02-28 14:42:32,193] {dagbag.py:500} INFO - Filling up the DagBag from /opt/anaconda3/envs/airflow/lib/python3.7/site-packages/airflow/example_dags/example_sla_dag.py
[2022-02-28 14:42:32,251] {processor.py:654} INFO - DAG(s) dict_keys(['example_sla_dag']) retrieved from /opt/anaconda3/envs/airflow/lib/python3.7/site-packages/airflow/example_dags/example_sla_dag.py
[2022-02-28 14:42:32,271] {logging_mixin.py:109} INFO - [2022-02-28 14:42:32,270] {dag.py:2398} INFO - Sync 1 DAGs
[2022-02-28 14:42:32,325] {logging_mixin.py:109} INFO - [2022-02-28 14:42:32,325] {dag.py:2937} INFO - Setting next_dagrun for example_sla_dag to 2022-02-28T06:40:00+00:00
[2022-02-28 14:42:32,350] {processor.py:171} INFO - Processing /opt/anaconda3/envs/airflow/lib/python3.7/site-packages/airflow/example_dags/example_sla_dag.py took 0.167 seconds
[2022-02-28 14:43:12,457] {processor.py:163} INFO - Started process (PID=32999) to work on /opt/anaconda3/envs/airflow/lib/python3.7/site-packages/airflow/example_dags/example_sla_dag.py
[2022-02-28 14:43:12,459] {processor.py:642} INFO - Processing file /opt/anaconda3/envs/airflow/lib/python3.7/site-packages/airflow/example_dags/example_sla_dag.py for tasks to queue
[2022-02-28 14:43:12,460] {logging_mixin.py:109} INFO - [2022-02-28 14:43:12,460] {dagbag.py:500} INFO - Filling up the DagBag from /opt/anaconda3/envs/airflow/lib/python3.7/site-packages/airflow/example_dags/example_sla_dag.py
[2022-02-28 14:43:12,494] {processor.py:654} INFO - DAG(s) dict_keys(['example_sla_dag']) retrieved from /opt/anaconda3/envs/airflow/lib/python3.7/site-packages/airflow/example_dags/example_sla_dag.py
[2022-02-28 14:43:12,506] {logging_mixin.py:109} INFO - [2022-02-28 14:43:12,505] {dag.py:2398} INFO - Sync 1 DAGs
[2022-02-28 14:43:12,524] {logging_mixin.py:109} INFO - [2022-02-28 14:43:12,523] {dag.py:2937} INFO - Setting next_dagrun for example_sla_dag to 2022-02-28T06:40:00+00:00
[2022-02-28 14:43:12,534] {processor.py:171} INFO - Processing /opt/anaconda3/envs/airflow/lib/python3.7/site-packages/airflow/example_dags/example_sla_dag.py took 0.081 seconds
[2022-02-28 14:43:52,364] {processor.py:163} INFO - Started process (PID=33040) to work on /opt/anaconda3/envs/airflow/lib/python3.7/site-packages/airflow/example_dags/example_sla_dag.py
[2022-02-28 14:43:52,367] {processor.py:642} INFO - Processing file /opt/anaconda3/envs/airflow/lib/python3.7/site-packages/airflow/example_dags/example_sla_dag.py for tasks to queue
[2022-02-28 14:43:52,368] {logging_mixin.py:109} INFO - [2022-02-28 14:43:52,368] {dagbag.py:500} INFO - Filling up the DagBag from /opt/anaconda3/envs/airflow/lib/python3.7/site-packages/airflow/example_dags/example_sla_dag.py
[2022-02-28 14:43:52,403] {processor.py:654} INFO - DAG(s) dict_keys(['example_sla_dag']) retrieved from /opt/anaconda3/envs/airflow/lib/python3.7/site-packages/airflow/example_dags/example_sla_dag.py
[2022-02-28 14:43:52,413] {logging_mixin.py:109} INFO - [2022-02-28 14:43:52,412] {dag.py:2398} INFO - Sync 1 DAGs
[2022-02-28 14:43:52,432] {logging_mixin.py:109} INFO - [2022-02-28 14:43:52,431] {dag.py:2937} INFO - Setting next_dagrun for example_sla_dag to 2022-02-28T06:40:00+00:00
[2022-02-28 14:43:52,443] {processor.py:171} INFO - Processing /opt/anaconda3/envs/airflow/lib/python3.7/site-packages/airflow/example_dags/example_sla_dag.py took 0.082 seconds
[2022-02-28 14:44:33,477] {processor.py:163} INFO - Started process (PID=33092) to work on /opt/anaconda3/envs/airflow/lib/python3.7/site-packages/airflow/example_dags/example_sla_dag.py
[2022-02-28 14:44:33,480] {processor.py:642} INFO - Processing file /opt/anaconda3/envs/airflow/lib/python3.7/site-packages/airflow/example_dags/example_sla_dag.py for tasks to queue
[2022-02-28 14:44:33,481] {logging_mixin.py:109} INFO - [2022-02-28 14:44:33,481] {dagbag.py:500} INFO - Filling up the DagBag from /opt/anaconda3/envs/airflow/lib/python3.7/site-packages/airflow/example_dags/example_sla_dag.py
[2022-02-28 14:44:33,517] {processor.py:654} INFO - DAG(s) dict_keys(['example_sla_dag']) retrieved from /opt/anaconda3/envs/airflow/lib/python3.7/site-packages/airflow/example_dags/example_sla_dag.py
[2022-02-28 14:44:33,530] {logging_mixin.py:109} INFO - [2022-02-28 14:44:33,529] {dag.py:2398} INFO - Sync 1 DAGs
[2022-02-28 14:44:33,551] {logging_mixin.py:109} INFO - [2022-02-28 14:44:33,551] {dag.py:2937} INFO - Setting next_dagrun for example_sla_dag to 2022-02-28T06:42:00+00:00
[2022-02-28 14:44:33,562] {processor.py:171} INFO - Processing /opt/anaconda3/envs/airflow/lib/python3.7/site-packages/airflow/example_dags/example_sla_dag.py took 0.089 seconds
[2022-02-28 14:45:14,929] {processor.py:163} INFO - Started process (PID=33149) to work on /opt/anaconda3/envs/airflow/lib/python3.7/site-packages/airflow/example_dags/example_sla_dag.py
[2022-02-28 14:45:14,931] {processor.py:642} INFO - Processing file /opt/anaconda3/envs/airflow/lib/python3.7/site-packages/airflow/example_dags/example_sla_dag.py for tasks to queue
[2022-02-28 14:45:14,933] {logging_mixin.py:109} INFO - [2022-02-28 14:45:14,932] {dagbag.py:500} INFO - Filling up the DagBag from /opt/anaconda3/envs/airflow/lib/python3.7/site-packages/airflow/example_dags/example_sla_dag.py
[2022-02-28 14:45:14,967] {processor.py:654} INFO - DAG(s) dict_keys(['example_sla_dag']) retrieved from /opt/anaconda3/envs/airflow/lib/python3.7/site-packages/airflow/example_dags/example_sla_dag.py
[2022-02-28 14:45:14,978] {logging_mixin.py:109} INFO - [2022-02-28 14:45:14,978] {dag.py:2398} INFO - Sync 1 DAGs
[2022-02-28 14:45:14,997] {logging_mixin.py:109} INFO - [2022-02-28 14:45:14,997] {dag.py:2937} INFO - Setting next_dagrun for example_sla_dag to 2022-02-28T06:42:00+00:00
[2022-02-28 14:45:15,006] {processor.py:171} INFO - Processing /opt/anaconda3/envs/airflow/lib/python3.7/site-packages/airflow/example_dags/example_sla_dag.py took 0.082 seconds
[2022-02-28 14:45:52,610] {processor.py:163} INFO - Started process (PID=33202) to work on /opt/anaconda3/envs/airflow/lib/python3.7/site-packages/airflow/example_dags/example_sla_dag.py
[2022-02-28 14:45:52,613] {processor.py:642} INFO - Processing file /opt/anaconda3/envs/airflow/lib/python3.7/site-packages/airflow/example_dags/example_sla_dag.py for tasks to queue
[2022-02-28 14:45:52,615] {logging_mixin.py:109} INFO - [2022-02-28 14:45:52,614] {dagbag.py:500} INFO - Filling up the DagBag from /opt/anaconda3/envs/airflow/lib/python3.7/site-packages/airflow/example_dags/example_sla_dag.py
[2022-02-28 14:45:52,651] {processor.py:654} INFO - DAG(s) dict_keys(['example_sla_dag']) retrieved from /opt/anaconda3/envs/airflow/lib/python3.7/site-packages/airflow/example_dags/example_sla_dag.py
[2022-02-28 14:45:52,664] {logging_mixin.py:109} INFO - [2022-02-28 14:45:52,664] {dag.py:2398} INFO - Sync 1 DAGs
[2022-02-28 14:45:52,682] {logging_mixin.py:109} INFO - [2022-02-28 14:45:52,682] {dag.py:2937} INFO - Setting next_dagrun for example_sla_dag to 2022-02-28T06:42:00+00:00
[2022-02-28 14:45:52,692] {processor.py:171} INFO - Processing /opt/anaconda3/envs/airflow/lib/python3.7/site-packages/airflow/example_dags/example_sla_dag.py took 0.086 seconds
[2022-02-28 14:46:34,406] {processor.py:163} INFO - Started process (PID=33246) to work on /opt/anaconda3/envs/airflow/lib/python3.7/site-packages/airflow/example_dags/example_sla_dag.py
[2022-02-28 14:46:34,409] {processor.py:642} INFO - Processing file /opt/anaconda3/envs/airflow/lib/python3.7/site-packages/airflow/example_dags/example_sla_dag.py for tasks to queue
[2022-02-28 14:46:34,412] {logging_mixin.py:109} INFO - [2022-02-28 14:46:34,411] {dagbag.py:500} INFO - Filling up the DagBag from /opt/anaconda3/envs/airflow/lib/python3.7/site-packages/airflow/example_dags/example_sla_dag.py
[2022-02-28 14:46:34,475] {processor.py:654} INFO - DAG(s) dict_keys(['example_sla_dag']) retrieved from /opt/anaconda3/envs/airflow/lib/python3.7/site-packages/airflow/example_dags/example_sla_dag.py
[2022-02-28 14:46:34,492] {logging_mixin.py:109} INFO - [2022-02-28 14:46:34,492] {dag.py:2398} INFO - Sync 1 DAGs
[2022-02-28 14:46:34,522] {logging_mixin.py:109} INFO - [2022-02-28 14:46:34,522] {dag.py:2937} INFO - Setting next_dagrun for example_sla_dag to 2022-02-28T06:44:00+00:00
[2022-02-28 14:46:34,540] {processor.py:171} INFO - Processing /opt/anaconda3/envs/airflow/lib/python3.7/site-packages/airflow/example_dags/example_sla_dag.py took 0.141 seconds
[2022-02-28 14:47:15,116] {processor.py:163} INFO - Started process (PID=33284) to work on /opt/anaconda3/envs/airflow/lib/python3.7/site-packages/airflow/example_dags/example_sla_dag.py
[2022-02-28 14:47:15,118] {processor.py:642} INFO - Processing file /opt/anaconda3/envs/airflow/lib/python3.7/site-packages/airflow/example_dags/example_sla_dag.py for tasks to queue
[2022-02-28 14:47:15,119] {logging_mixin.py:109} INFO - [2022-02-28 14:47:15,119] {dagbag.py:500} INFO - Filling up the DagBag from /opt/anaconda3/envs/airflow/lib/python3.7/site-packages/airflow/example_dags/example_sla_dag.py
[2022-02-28 14:47:15,155] {processor.py:654} INFO - DAG(s) dict_keys(['example_sla_dag']) retrieved from /opt/anaconda3/envs/airflow/lib/python3.7/site-packages/airflow/example_dags/example_sla_dag.py
[2022-02-28 14:47:15,166] {logging_mixin.py:109} INFO - [2022-02-28 14:47:15,166] {dag.py:2398} INFO - Sync 1 DAGs
[2022-02-28 14:47:15,184] {logging_mixin.py:109} INFO - [2022-02-28 14:47:15,184] {dag.py:2937} INFO - Setting next_dagrun for example_sla_dag to 2022-02-28T06:44:00+00:00
[2022-02-28 14:47:15,194] {processor.py:171} INFO - Processing /opt/anaconda3/envs/airflow/lib/python3.7/site-packages/airflow/example_dags/example_sla_dag.py took 0.082 seconds
[2022-02-28 14:47:51,245] {processor.py:163} INFO - Started process (PID=33320) to work on /opt/anaconda3/envs/airflow/lib/python3.7/site-packages/airflow/example_dags/example_sla_dag.py
[2022-02-28 14:47:51,247] {processor.py:642} INFO - Processing file /opt/anaconda3/envs/airflow/lib/python3.7/site-packages/airflow/example_dags/example_sla_dag.py for tasks to queue
[2022-02-28 14:47:51,248] {logging_mixin.py:109} INFO - [2022-02-28 14:47:51,248] {dagbag.py:500} INFO - Filling up the DagBag from /opt/anaconda3/envs/airflow/lib/python3.7/site-packages/airflow/example_dags/example_sla_dag.py
[2022-02-28 14:47:51,285] {processor.py:654} INFO - DAG(s) dict_keys(['example_sla_dag']) retrieved from /opt/anaconda3/envs/airflow/lib/python3.7/site-packages/airflow/example_dags/example_sla_dag.py
[2022-02-28 14:47:51,296] {logging_mixin.py:109} INFO - [2022-02-28 14:47:51,295] {dag.py:2398} INFO - Sync 1 DAGs
[2022-02-28 14:47:51,315] {logging_mixin.py:109} INFO - [2022-02-28 14:47:51,314] {dag.py:2937} INFO - Setting next_dagrun for example_sla_dag to 2022-02-28T06:44:00+00:00
[2022-02-28 14:47:51,327] {processor.py:171} INFO - Processing /opt/anaconda3/envs/airflow/lib/python3.7/site-packages/airflow/example_dags/example_sla_dag.py took 0.086 seconds
[2022-02-28 14:48:31,846] {processor.py:163} INFO - Started process (PID=33359) to work on /opt/anaconda3/envs/airflow/lib/python3.7/site-packages/airflow/example_dags/example_sla_dag.py
[2022-02-28 14:48:31,847] {processor.py:642} INFO - Processing file /opt/anaconda3/envs/airflow/lib/python3.7/site-packages/airflow/example_dags/example_sla_dag.py for tasks to queue
[2022-02-28 14:48:31,849] {logging_mixin.py:109} INFO - [2022-02-28 14:48:31,848] {dagbag.py:500} INFO - Filling up the DagBag from /opt/anaconda3/envs/airflow/lib/python3.7/site-packages/airflow/example_dags/example_sla_dag.py
[2022-02-28 14:48:31,884] {processor.py:654} INFO - DAG(s) dict_keys(['example_sla_dag']) retrieved from /opt/anaconda3/envs/airflow/lib/python3.7/site-packages/airflow/example_dags/example_sla_dag.py
[2022-02-28 14:48:31,895] {logging_mixin.py:109} INFO - [2022-02-28 14:48:31,895] {dag.py:2398} INFO - Sync 1 DAGs
[2022-02-28 14:48:31,913] {logging_mixin.py:109} INFO - [2022-02-28 14:48:31,913] {dag.py:2937} INFO - Setting next_dagrun for example_sla_dag to 2022-02-28T06:46:00+00:00
[2022-02-28 14:48:31,923] {processor.py:171} INFO - Processing /opt/anaconda3/envs/airflow/lib/python3.7/site-packages/airflow/example_dags/example_sla_dag.py took 0.082 seconds
[2022-02-28 14:49:11,925] {processor.py:163} INFO - Started process (PID=33397) to work on /opt/anaconda3/envs/airflow/lib/python3.7/site-packages/airflow/example_dags/example_sla_dag.py
[2022-02-28 14:49:11,927] {processor.py:642} INFO - Processing file /opt/anaconda3/envs/airflow/lib/python3.7/site-packages/airflow/example_dags/example_sla_dag.py for tasks to queue
[2022-02-28 14:49:11,928] {logging_mixin.py:109} INFO - [2022-02-28 14:49:11,928] {dagbag.py:500} INFO - Filling up the DagBag from /opt/anaconda3/envs/airflow/lib/python3.7/site-packages/airflow/example_dags/example_sla_dag.py
[2022-02-28 14:49:11,965] {processor.py:654} INFO - DAG(s) dict_keys(['example_sla_dag']) retrieved from /opt/anaconda3/envs/airflow/lib/python3.7/site-packages/airflow/example_dags/example_sla_dag.py
[2022-02-28 14:49:11,976] {logging_mixin.py:109} INFO - [2022-02-28 14:49:11,976] {dag.py:2398} INFO - Sync 1 DAGs
[2022-02-28 14:49:11,995] {logging_mixin.py:109} INFO - [2022-02-28 14:49:11,995] {dag.py:2937} INFO - Setting next_dagrun for example_sla_dag to 2022-02-28T06:46:00+00:00
[2022-02-28 14:49:12,005] {processor.py:171} INFO - Processing /opt/anaconda3/envs/airflow/lib/python3.7/site-packages/airflow/example_dags/example_sla_dag.py took 0.085 seconds
[2022-02-28 14:49:50,961] {processor.py:163} INFO - Started process (PID=33436) to work on /opt/anaconda3/envs/airflow/lib/python3.7/site-packages/airflow/example_dags/example_sla_dag.py
[2022-02-28 14:49:50,964] {processor.py:642} INFO - Processing file /opt/anaconda3/envs/airflow/lib/python3.7/site-packages/airflow/example_dags/example_sla_dag.py for tasks to queue
[2022-02-28 14:49:50,966] {logging_mixin.py:109} INFO - [2022-02-28 14:49:50,965] {dagbag.py:500} INFO - Filling up the DagBag from /opt/anaconda3/envs/airflow/lib/python3.7/site-packages/airflow/example_dags/example_sla_dag.py
[2022-02-28 14:49:51,007] {processor.py:654} INFO - DAG(s) dict_keys(['example_sla_dag']) retrieved from /opt/anaconda3/envs/airflow/lib/python3.7/site-packages/airflow/example_dags/example_sla_dag.py
[2022-02-28 14:49:51,020] {logging_mixin.py:109} INFO - [2022-02-28 14:49:51,019] {dag.py:2398} INFO - Sync 1 DAGs
[2022-02-28 14:49:51,041] {logging_mixin.py:109} INFO - [2022-02-28 14:49:51,041] {dag.py:2937} INFO - Setting next_dagrun for example_sla_dag to 2022-02-28T06:46:00+00:00
[2022-02-28 14:49:51,053] {processor.py:171} INFO - Processing /opt/anaconda3/envs/airflow/lib/python3.7/site-packages/airflow/example_dags/example_sla_dag.py took 0.097 seconds
[2022-02-28 14:50:31,274] {processor.py:163} INFO - Started process (PID=33473) to work on /opt/anaconda3/envs/airflow/lib/python3.7/site-packages/airflow/example_dags/example_sla_dag.py
[2022-02-28 14:50:31,276] {processor.py:642} INFO - Processing file /opt/anaconda3/envs/airflow/lib/python3.7/site-packages/airflow/example_dags/example_sla_dag.py for tasks to queue
[2022-02-28 14:50:31,277] {logging_mixin.py:109} INFO - [2022-02-28 14:50:31,277] {dagbag.py:500} INFO - Filling up the DagBag from /opt/anaconda3/envs/airflow/lib/python3.7/site-packages/airflow/example_dags/example_sla_dag.py
[2022-02-28 14:50:31,314] {processor.py:654} INFO - DAG(s) dict_keys(['example_sla_dag']) retrieved from /opt/anaconda3/envs/airflow/lib/python3.7/site-packages/airflow/example_dags/example_sla_dag.py
[2022-02-28 14:50:31,327] {logging_mixin.py:109} INFO - [2022-02-28 14:50:31,326] {dag.py:2398} INFO - Sync 1 DAGs
[2022-02-28 14:50:31,347] {logging_mixin.py:109} INFO - [2022-02-28 14:50:31,346] {dag.py:2937} INFO - Setting next_dagrun for example_sla_dag to 2022-02-28T06:48:00+00:00
[2022-02-28 14:50:31,357] {processor.py:171} INFO - Processing /opt/anaconda3/envs/airflow/lib/python3.7/site-packages/airflow/example_dags/example_sla_dag.py took 0.087 seconds
[2022-02-28 14:51:12,537] {processor.py:163} INFO - Started process (PID=33551) to work on /opt/anaconda3/envs/airflow/lib/python3.7/site-packages/airflow/example_dags/example_sla_dag.py
[2022-02-28 14:51:12,542] {processor.py:642} INFO - Processing file /opt/anaconda3/envs/airflow/lib/python3.7/site-packages/airflow/example_dags/example_sla_dag.py for tasks to queue
[2022-02-28 14:51:12,544] {logging_mixin.py:109} INFO - [2022-02-28 14:51:12,544] {dagbag.py:500} INFO - Filling up the DagBag from /opt/anaconda3/envs/airflow/lib/python3.7/site-packages/airflow/example_dags/example_sla_dag.py
[2022-02-28 14:51:12,609] {processor.py:654} INFO - DAG(s) dict_keys(['example_sla_dag']) retrieved from /opt/anaconda3/envs/airflow/lib/python3.7/site-packages/airflow/example_dags/example_sla_dag.py
[2022-02-28 14:51:12,636] {logging_mixin.py:109} INFO - [2022-02-28 14:51:12,635] {dag.py:2398} INFO - Sync 1 DAGs
[2022-02-28 14:51:12,684] {logging_mixin.py:109} INFO - [2022-02-28 14:51:12,684] {dag.py:2937} INFO - Setting next_dagrun for example_sla_dag to 2022-02-28T06:48:00+00:00
[2022-02-28 14:51:12,703] {processor.py:171} INFO - Processing /opt/anaconda3/envs/airflow/lib/python3.7/site-packages/airflow/example_dags/example_sla_dag.py took 0.170 seconds
[2022-02-28 14:51:51,940] {processor.py:163} INFO - Started process (PID=33592) to work on /opt/anaconda3/envs/airflow/lib/python3.7/site-packages/airflow/example_dags/example_sla_dag.py
[2022-02-28 14:51:51,941] {processor.py:642} INFO - Processing file /opt/anaconda3/envs/airflow/lib/python3.7/site-packages/airflow/example_dags/example_sla_dag.py for tasks to queue
[2022-02-28 14:51:51,943] {logging_mixin.py:109} INFO - [2022-02-28 14:51:51,942] {dagbag.py:500} INFO - Filling up the DagBag from /opt/anaconda3/envs/airflow/lib/python3.7/site-packages/airflow/example_dags/example_sla_dag.py
[2022-02-28 14:51:51,982] {processor.py:654} INFO - DAG(s) dict_keys(['example_sla_dag']) retrieved from /opt/anaconda3/envs/airflow/lib/python3.7/site-packages/airflow/example_dags/example_sla_dag.py
[2022-02-28 14:51:51,994] {logging_mixin.py:109} INFO - [2022-02-28 14:51:51,994] {dag.py:2398} INFO - Sync 1 DAGs
[2022-02-28 14:51:52,013] {logging_mixin.py:109} INFO - [2022-02-28 14:51:52,013] {dag.py:2937} INFO - Setting next_dagrun for example_sla_dag to 2022-02-28T06:48:00+00:00
[2022-02-28 14:51:52,023] {processor.py:171} INFO - Processing /opt/anaconda3/envs/airflow/lib/python3.7/site-packages/airflow/example_dags/example_sla_dag.py took 0.088 seconds
[2022-02-28 14:52:31,798] {processor.py:163} INFO - Started process (PID=33629) to work on /opt/anaconda3/envs/airflow/lib/python3.7/site-packages/airflow/example_dags/example_sla_dag.py
[2022-02-28 14:52:31,799] {processor.py:642} INFO - Processing file /opt/anaconda3/envs/airflow/lib/python3.7/site-packages/airflow/example_dags/example_sla_dag.py for tasks to queue
[2022-02-28 14:52:31,800] {logging_mixin.py:109} INFO - [2022-02-28 14:52:31,800] {dagbag.py:500} INFO - Filling up the DagBag from /opt/anaconda3/envs/airflow/lib/python3.7/site-packages/airflow/example_dags/example_sla_dag.py
[2022-02-28 14:52:31,859] {processor.py:654} INFO - DAG(s) dict_keys(['example_sla_dag']) retrieved from /opt/anaconda3/envs/airflow/lib/python3.7/site-packages/airflow/example_dags/example_sla_dag.py
[2022-02-28 14:52:31,881] {logging_mixin.py:109} INFO - [2022-02-28 14:52:31,879] {dag.py:2398} INFO - Sync 1 DAGs
[2022-02-28 14:52:31,917] {logging_mixin.py:109} INFO - [2022-02-28 14:52:31,917] {dag.py:2937} INFO - Setting next_dagrun for example_sla_dag to 2022-02-28T06:50:00+00:00
[2022-02-28 14:52:31,934] {processor.py:171} INFO - Processing /opt/anaconda3/envs/airflow/lib/python3.7/site-packages/airflow/example_dags/example_sla_dag.py took 0.140 seconds
[2022-02-28 14:53:09,604] {processor.py:163} INFO - Started process (PID=33678) to work on /opt/anaconda3/envs/airflow/lib/python3.7/site-packages/airflow/example_dags/example_sla_dag.py
[2022-02-28 14:53:09,607] {processor.py:642} INFO - Processing file /opt/anaconda3/envs/airflow/lib/python3.7/site-packages/airflow/example_dags/example_sla_dag.py for tasks to queue
[2022-02-28 14:53:09,608] {logging_mixin.py:109} INFO - [2022-02-28 14:53:09,608] {dagbag.py:500} INFO - Filling up the DagBag from /opt/anaconda3/envs/airflow/lib/python3.7/site-packages/airflow/example_dags/example_sla_dag.py
[2022-02-28 14:53:09,647] {processor.py:654} INFO - DAG(s) dict_keys(['example_sla_dag']) retrieved from /opt/anaconda3/envs/airflow/lib/python3.7/site-packages/airflow/example_dags/example_sla_dag.py
[2022-02-28 14:53:09,658] {logging_mixin.py:109} INFO - [2022-02-28 14:53:09,657] {dag.py:2398} INFO - Sync 1 DAGs
[2022-02-28 14:53:09,677] {logging_mixin.py:109} INFO - [2022-02-28 14:53:09,676] {dag.py:2937} INFO - Setting next_dagrun for example_sla_dag to 2022-02-28T06:50:00+00:00
[2022-02-28 14:53:09,687] {processor.py:171} INFO - Processing /opt/anaconda3/envs/airflow/lib/python3.7/site-packages/airflow/example_dags/example_sla_dag.py took 0.087 seconds
[2022-02-28 14:53:48,230] {processor.py:163} INFO - Started process (PID=33744) to work on /opt/anaconda3/envs/airflow/lib/python3.7/site-packages/airflow/example_dags/example_sla_dag.py
[2022-02-28 14:53:48,232] {processor.py:642} INFO - Processing file /opt/anaconda3/envs/airflow/lib/python3.7/site-packages/airflow/example_dags/example_sla_dag.py for tasks to queue
[2022-02-28 14:53:48,235] {logging_mixin.py:109} INFO - [2022-02-28 14:53:48,234] {dagbag.py:500} INFO - Filling up the DagBag from /opt/anaconda3/envs/airflow/lib/python3.7/site-packages/airflow/example_dags/example_sla_dag.py
[2022-02-28 14:53:48,277] {processor.py:654} INFO - DAG(s) dict_keys(['example_sla_dag']) retrieved from /opt/anaconda3/envs/airflow/lib/python3.7/site-packages/airflow/example_dags/example_sla_dag.py
[2022-02-28 14:53:48,297] {logging_mixin.py:109} INFO - [2022-02-28 14:53:48,296] {dag.py:2398} INFO - Sync 1 DAGs
[2022-02-28 14:53:48,333] {logging_mixin.py:109} INFO - [2022-02-28 14:53:48,332] {dag.py:2937} INFO - Setting next_dagrun for example_sla_dag to 2022-02-28T06:50:00+00:00
[2022-02-28 14:53:48,348] {processor.py:171} INFO - Processing /opt/anaconda3/envs/airflow/lib/python3.7/site-packages/airflow/example_dags/example_sla_dag.py took 0.124 seconds
[2022-02-28 14:54:46,776] {processor.py:163} INFO - Started process (PID=33893) to work on /opt/anaconda3/envs/airflow/lib/python3.7/site-packages/airflow/example_dags/example_sla_dag.py
[2022-02-28 14:54:46,779] {processor.py:642} INFO - Processing file /opt/anaconda3/envs/airflow/lib/python3.7/site-packages/airflow/example_dags/example_sla_dag.py for tasks to queue
[2022-02-28 14:54:46,780] {logging_mixin.py:109} INFO - [2022-02-28 14:54:46,780] {dagbag.py:500} INFO - Filling up the DagBag from /opt/anaconda3/envs/airflow/lib/python3.7/site-packages/airflow/example_dags/example_sla_dag.py
[2022-02-28 14:54:46,819] {processor.py:654} INFO - DAG(s) dict_keys(['example_sla_dag']) retrieved from /opt/anaconda3/envs/airflow/lib/python3.7/site-packages/airflow/example_dags/example_sla_dag.py
[2022-02-28 14:54:46,830] {logging_mixin.py:109} INFO - [2022-02-28 14:54:46,829] {dag.py:2398} INFO - Sync 1 DAGs
[2022-02-28 14:54:46,847] {logging_mixin.py:109} INFO - [2022-02-28 14:54:46,847] {dag.py:2937} INFO - Setting next_dagrun for example_sla_dag to 2022-02-28T06:52:00+00:00
[2022-02-28 14:54:46,857] {processor.py:171} INFO - Processing /opt/anaconda3/envs/airflow/lib/python3.7/site-packages/airflow/example_dags/example_sla_dag.py took 0.084 seconds
[2022-02-28 14:56:38,524] {processor.py:163} INFO - Started process (PID=34085) to work on /opt/anaconda3/envs/airflow/lib/python3.7/site-packages/airflow/example_dags/example_sla_dag.py
[2022-02-28 14:56:38,529] {processor.py:642} INFO - Processing file /opt/anaconda3/envs/airflow/lib/python3.7/site-packages/airflow/example_dags/example_sla_dag.py for tasks to queue
[2022-02-28 14:56:38,530] {logging_mixin.py:109} INFO - [2022-02-28 14:56:38,530] {dagbag.py:500} INFO - Filling up the DagBag from /opt/anaconda3/envs/airflow/lib/python3.7/site-packages/airflow/example_dags/example_sla_dag.py
[2022-02-28 14:56:38,570] {processor.py:654} INFO - DAG(s) dict_keys(['example_sla_dag']) retrieved from /opt/anaconda3/envs/airflow/lib/python3.7/site-packages/airflow/example_dags/example_sla_dag.py
[2022-02-28 14:56:38,585] {logging_mixin.py:109} INFO - [2022-02-28 14:56:38,583] {dag.py:2398} INFO - Sync 1 DAGs
[2022-02-28 14:56:38,609] {logging_mixin.py:109} INFO - [2022-02-28 14:56:38,608] {dag.py:2937} INFO - Setting next_dagrun for example_sla_dag to 2022-02-28T06:54:00+00:00
[2022-02-28 14:56:38,625] {processor.py:171} INFO - Processing /opt/anaconda3/envs/airflow/lib/python3.7/site-packages/airflow/example_dags/example_sla_dag.py took 0.103 seconds
[2022-02-28 14:58:00,723] {processor.py:163} INFO - Started process (PID=34282) to work on /opt/anaconda3/envs/airflow/lib/python3.7/site-packages/airflow/example_dags/example_sla_dag.py
[2022-02-28 14:58:00,726] {processor.py:642} INFO - Processing file /opt/anaconda3/envs/airflow/lib/python3.7/site-packages/airflow/example_dags/example_sla_dag.py for tasks to queue
[2022-02-28 14:58:00,728] {logging_mixin.py:109} INFO - [2022-02-28 14:58:00,728] {dagbag.py:500} INFO - Filling up the DagBag from /opt/anaconda3/envs/airflow/lib/python3.7/site-packages/airflow/example_dags/example_sla_dag.py
[2022-02-28 14:58:00,789] {processor.py:654} INFO - DAG(s) dict_keys(['example_sla_dag']) retrieved from /opt/anaconda3/envs/airflow/lib/python3.7/site-packages/airflow/example_dags/example_sla_dag.py
[2022-02-28 14:58:00,805] {logging_mixin.py:109} INFO - [2022-02-28 14:58:00,805] {dag.py:2398} INFO - Sync 1 DAGs
[2022-02-28 14:58:00,835] {logging_mixin.py:109} INFO - [2022-02-28 14:58:00,835] {dag.py:2937} INFO - Setting next_dagrun for example_sla_dag to 2022-02-28T06:56:00+00:00
[2022-02-28 14:58:00,859] {processor.py:171} INFO - Processing /opt/anaconda3/envs/airflow/lib/python3.7/site-packages/airflow/example_dags/example_sla_dag.py took 0.139 seconds
[2022-02-28 15:04:12,942] {processor.py:163} INFO - Started process (PID=34825) to work on /opt/anaconda3/envs/airflow/lib/python3.7/site-packages/airflow/example_dags/example_sla_dag.py
[2022-02-28 15:04:12,946] {processor.py:642} INFO - Processing file /opt/anaconda3/envs/airflow/lib/python3.7/site-packages/airflow/example_dags/example_sla_dag.py for tasks to queue
[2022-02-28 15:04:12,947] {logging_mixin.py:109} INFO - [2022-02-28 15:04:12,947] {dagbag.py:500} INFO - Filling up the DagBag from /opt/anaconda3/envs/airflow/lib/python3.7/site-packages/airflow/example_dags/example_sla_dag.py
[2022-02-28 15:04:12,987] {processor.py:654} INFO - DAG(s) dict_keys(['example_sla_dag']) retrieved from /opt/anaconda3/envs/airflow/lib/python3.7/site-packages/airflow/example_dags/example_sla_dag.py
[2022-02-28 15:04:12,997] {logging_mixin.py:109} INFO - [2022-02-28 15:04:12,997] {dag.py:2398} INFO - Sync 1 DAGs
[2022-02-28 15:04:13,017] {logging_mixin.py:109} INFO - [2022-02-28 15:04:13,016] {dag.py:2937} INFO - Setting next_dagrun for example_sla_dag to 2022-02-28T07:02:00+00:00
[2022-02-28 15:04:13,028] {processor.py:171} INFO - Processing /opt/anaconda3/envs/airflow/lib/python3.7/site-packages/airflow/example_dags/example_sla_dag.py took 0.089 seconds
[2022-02-28 15:06:09,976] {processor.py:163} INFO - Started process (PID=35050) to work on /opt/anaconda3/envs/airflow/lib/python3.7/site-packages/airflow/example_dags/example_sla_dag.py
[2022-02-28 15:06:09,979] {processor.py:642} INFO - Processing file /opt/anaconda3/envs/airflow/lib/python3.7/site-packages/airflow/example_dags/example_sla_dag.py for tasks to queue
[2022-02-28 15:06:09,980] {logging_mixin.py:109} INFO - [2022-02-28 15:06:09,980] {dagbag.py:500} INFO - Filling up the DagBag from /opt/anaconda3/envs/airflow/lib/python3.7/site-packages/airflow/example_dags/example_sla_dag.py
[2022-02-28 15:06:10,026] {processor.py:654} INFO - DAG(s) dict_keys(['example_sla_dag']) retrieved from /opt/anaconda3/envs/airflow/lib/python3.7/site-packages/airflow/example_dags/example_sla_dag.py
[2022-02-28 15:06:10,037] {logging_mixin.py:109} INFO - [2022-02-28 15:06:10,037] {dag.py:2398} INFO - Sync 1 DAGs
[2022-02-28 15:06:10,055] {logging_mixin.py:109} INFO - [2022-02-28 15:06:10,054] {dag.py:2937} INFO - Setting next_dagrun for example_sla_dag to 2022-02-28T07:04:00+00:00
[2022-02-28 15:06:10,064] {processor.py:171} INFO - Processing /opt/anaconda3/envs/airflow/lib/python3.7/site-packages/airflow/example_dags/example_sla_dag.py took 0.092 seconds
[2022-02-28 15:06:50,777] {processor.py:163} INFO - Started process (PID=35115) to work on /opt/anaconda3/envs/airflow/lib/python3.7/site-packages/airflow/example_dags/example_sla_dag.py
[2022-02-28 15:06:50,780] {processor.py:642} INFO - Processing file /opt/anaconda3/envs/airflow/lib/python3.7/site-packages/airflow/example_dags/example_sla_dag.py for tasks to queue
[2022-02-28 15:06:50,781] {logging_mixin.py:109} INFO - [2022-02-28 15:06:50,781] {dagbag.py:500} INFO - Filling up the DagBag from /opt/anaconda3/envs/airflow/lib/python3.7/site-packages/airflow/example_dags/example_sla_dag.py
[2022-02-28 15:06:50,816] {processor.py:654} INFO - DAG(s) dict_keys(['example_sla_dag']) retrieved from /opt/anaconda3/envs/airflow/lib/python3.7/site-packages/airflow/example_dags/example_sla_dag.py
[2022-02-28 15:06:50,827] {logging_mixin.py:109} INFO - [2022-02-28 15:06:50,827] {dag.py:2398} INFO - Sync 1 DAGs
[2022-02-28 15:06:50,845] {logging_mixin.py:109} INFO - [2022-02-28 15:06:50,844] {dag.py:2937} INFO - Setting next_dagrun for example_sla_dag to 2022-02-28T07:04:00+00:00
[2022-02-28 15:06:50,854] {processor.py:171} INFO - Processing /opt/anaconda3/envs/airflow/lib/python3.7/site-packages/airflow/example_dags/example_sla_dag.py took 0.081 seconds
[2022-02-28 15:08:15,665] {processor.py:163} INFO - Started process (PID=35319) to work on /opt/anaconda3/envs/airflow/lib/python3.7/site-packages/airflow/example_dags/example_sla_dag.py
[2022-02-28 15:08:15,668] {processor.py:642} INFO - Processing file /opt/anaconda3/envs/airflow/lib/python3.7/site-packages/airflow/example_dags/example_sla_dag.py for tasks to queue
[2022-02-28 15:08:15,669] {logging_mixin.py:109} INFO - [2022-02-28 15:08:15,668] {dagbag.py:500} INFO - Filling up the DagBag from /opt/anaconda3/envs/airflow/lib/python3.7/site-packages/airflow/example_dags/example_sla_dag.py
[2022-02-28 15:08:15,715] {processor.py:654} INFO - DAG(s) dict_keys(['example_sla_dag']) retrieved from /opt/anaconda3/envs/airflow/lib/python3.7/site-packages/airflow/example_dags/example_sla_dag.py
[2022-02-28 15:08:15,730] {logging_mixin.py:109} INFO - [2022-02-28 15:08:15,730] {dag.py:2398} INFO - Sync 1 DAGs
[2022-02-28 15:08:15,757] {logging_mixin.py:109} INFO - [2022-02-28 15:08:15,756] {dag.py:2937} INFO - Setting next_dagrun for example_sla_dag to 2022-02-28T07:06:00+00:00
[2022-02-28 15:08:15,771] {processor.py:171} INFO - Processing /opt/anaconda3/envs/airflow/lib/python3.7/site-packages/airflow/example_dags/example_sla_dag.py took 0.109 seconds
[2022-02-28 15:08:53,964] {processor.py:163} INFO - Started process (PID=35376) to work on /opt/anaconda3/envs/airflow/lib/python3.7/site-packages/airflow/example_dags/example_sla_dag.py
[2022-02-28 15:08:53,965] {processor.py:642} INFO - Processing file /opt/anaconda3/envs/airflow/lib/python3.7/site-packages/airflow/example_dags/example_sla_dag.py for tasks to queue
[2022-02-28 15:08:53,967] {logging_mixin.py:109} INFO - [2022-02-28 15:08:53,966] {dagbag.py:500} INFO - Filling up the DagBag from /opt/anaconda3/envs/airflow/lib/python3.7/site-packages/airflow/example_dags/example_sla_dag.py
[2022-02-28 15:08:54,010] {processor.py:654} INFO - DAG(s) dict_keys(['example_sla_dag']) retrieved from /opt/anaconda3/envs/airflow/lib/python3.7/site-packages/airflow/example_dags/example_sla_dag.py
[2022-02-28 15:08:54,023] {logging_mixin.py:109} INFO - [2022-02-28 15:08:54,022] {dag.py:2398} INFO - Sync 1 DAGs
[2022-02-28 15:08:54,058] {logging_mixin.py:109} INFO - [2022-02-28 15:08:54,057] {dag.py:2937} INFO - Setting next_dagrun for example_sla_dag to 2022-02-28T07:06:00+00:00
[2022-02-28 15:08:54,082] {processor.py:171} INFO - Processing /opt/anaconda3/envs/airflow/lib/python3.7/site-packages/airflow/example_dags/example_sla_dag.py took 0.123 seconds
[2022-02-28 15:10:03,989] {processor.py:163} INFO - Started process (PID=35560) to work on /opt/anaconda3/envs/airflow/lib/python3.7/site-packages/airflow/example_dags/example_sla_dag.py
[2022-02-28 15:10:03,991] {processor.py:642} INFO - Processing file /opt/anaconda3/envs/airflow/lib/python3.7/site-packages/airflow/example_dags/example_sla_dag.py for tasks to queue
[2022-02-28 15:10:03,993] {logging_mixin.py:109} INFO - [2022-02-28 15:10:03,992] {dagbag.py:500} INFO - Filling up the DagBag from /opt/anaconda3/envs/airflow/lib/python3.7/site-packages/airflow/example_dags/example_sla_dag.py
[2022-02-28 15:10:04,033] {processor.py:654} INFO - DAG(s) dict_keys(['example_sla_dag']) retrieved from /opt/anaconda3/envs/airflow/lib/python3.7/site-packages/airflow/example_dags/example_sla_dag.py
[2022-02-28 15:10:04,043] {logging_mixin.py:109} INFO - [2022-02-28 15:10:04,042] {dag.py:2398} INFO - Sync 1 DAGs
[2022-02-28 15:10:04,060] {logging_mixin.py:109} INFO - [2022-02-28 15:10:04,059] {dag.py:2937} INFO - Setting next_dagrun for example_sla_dag to 2022-02-28T07:08:00+00:00
[2022-02-28 15:10:04,069] {processor.py:171} INFO - Processing /opt/anaconda3/envs/airflow/lib/python3.7/site-packages/airflow/example_dags/example_sla_dag.py took 0.085 seconds
[2022-02-28 15:10:40,143] {processor.py:163} INFO - Started process (PID=35654) to work on /opt/anaconda3/envs/airflow/lib/python3.7/site-packages/airflow/example_dags/example_sla_dag.py
[2022-02-28 15:10:40,145] {processor.py:642} INFO - Processing file /opt/anaconda3/envs/airflow/lib/python3.7/site-packages/airflow/example_dags/example_sla_dag.py for tasks to queue
[2022-02-28 15:10:40,147] {logging_mixin.py:109} INFO - [2022-02-28 15:10:40,146] {dagbag.py:500} INFO - Filling up the DagBag from /opt/anaconda3/envs/airflow/lib/python3.7/site-packages/airflow/example_dags/example_sla_dag.py
[2022-02-28 15:10:40,201] {processor.py:654} INFO - DAG(s) dict_keys(['example_sla_dag']) retrieved from /opt/anaconda3/envs/airflow/lib/python3.7/site-packages/airflow/example_dags/example_sla_dag.py
[2022-02-28 15:10:40,216] {logging_mixin.py:109} INFO - [2022-02-28 15:10:40,216] {dag.py:2398} INFO - Sync 1 DAGs
[2022-02-28 15:10:40,246] {logging_mixin.py:109} INFO - [2022-02-28 15:10:40,245] {dag.py:2937} INFO - Setting next_dagrun for example_sla_dag to 2022-02-28T07:08:00+00:00
[2022-02-28 15:10:40,258] {processor.py:171} INFO - Processing /opt/anaconda3/envs/airflow/lib/python3.7/site-packages/airflow/example_dags/example_sla_dag.py took 0.120 seconds
[2022-02-28 15:15:06,080] {processor.py:163} INFO - Started process (PID=35956) to work on /opt/anaconda3/envs/airflow/lib/python3.7/site-packages/airflow/example_dags/example_sla_dag.py
[2022-02-28 15:15:06,082] {processor.py:642} INFO - Processing file /opt/anaconda3/envs/airflow/lib/python3.7/site-packages/airflow/example_dags/example_sla_dag.py for tasks to queue
[2022-02-28 15:15:06,083] {logging_mixin.py:109} INFO - [2022-02-28 15:15:06,083] {dagbag.py:500} INFO - Filling up the DagBag from /opt/anaconda3/envs/airflow/lib/python3.7/site-packages/airflow/example_dags/example_sla_dag.py
[2022-02-28 15:15:06,171] {processor.py:654} INFO - DAG(s) dict_keys(['example_sla_dag']) retrieved from /opt/anaconda3/envs/airflow/lib/python3.7/site-packages/airflow/example_dags/example_sla_dag.py
[2022-02-28 15:15:06,190] {logging_mixin.py:109} INFO - [2022-02-28 15:15:06,190] {dag.py:2398} INFO - Sync 1 DAGs
[2022-02-28 15:15:06,262] {logging_mixin.py:109} INFO - [2022-02-28 15:15:06,261] {dag.py:2937} INFO - Setting next_dagrun for example_sla_dag to 2022-02-28T07:12:00+00:00
[2022-02-28 15:15:06,283] {processor.py:171} INFO - Processing /opt/anaconda3/envs/airflow/lib/python3.7/site-packages/airflow/example_dags/example_sla_dag.py took 0.208 seconds
[2022-02-28 15:16:07,857] {processor.py:163} INFO - Started process (PID=36082) to work on /opt/anaconda3/envs/airflow/lib/python3.7/site-packages/airflow/example_dags/example_sla_dag.py
[2022-02-28 15:16:07,860] {processor.py:642} INFO - Processing file /opt/anaconda3/envs/airflow/lib/python3.7/site-packages/airflow/example_dags/example_sla_dag.py for tasks to queue
[2022-02-28 15:16:07,862] {logging_mixin.py:109} INFO - [2022-02-28 15:16:07,861] {dagbag.py:500} INFO - Filling up the DagBag from /opt/anaconda3/envs/airflow/lib/python3.7/site-packages/airflow/example_dags/example_sla_dag.py
[2022-02-28 15:16:07,914] {processor.py:654} INFO - DAG(s) dict_keys(['example_sla_dag']) retrieved from /opt/anaconda3/envs/airflow/lib/python3.7/site-packages/airflow/example_dags/example_sla_dag.py
[2022-02-28 15:16:07,928] {logging_mixin.py:109} INFO - [2022-02-28 15:16:07,927] {dag.py:2398} INFO - Sync 1 DAGs
[2022-02-28 15:16:07,962] {logging_mixin.py:109} INFO - [2022-02-28 15:16:07,962] {dag.py:2937} INFO - Setting next_dagrun for example_sla_dag to 2022-02-28T07:14:00+00:00
[2022-02-28 15:16:07,976] {processor.py:171} INFO - Processing /opt/anaconda3/envs/airflow/lib/python3.7/site-packages/airflow/example_dags/example_sla_dag.py took 0.125 seconds
[2022-02-28 15:19:14,195] {processor.py:163} INFO - Started process (PID=36312) to work on /opt/anaconda3/envs/airflow/lib/python3.7/site-packages/airflow/example_dags/example_sla_dag.py
[2022-02-28 15:19:14,198] {processor.py:642} INFO - Processing file /opt/anaconda3/envs/airflow/lib/python3.7/site-packages/airflow/example_dags/example_sla_dag.py for tasks to queue
[2022-02-28 15:19:14,199] {logging_mixin.py:109} INFO - [2022-02-28 15:19:14,199] {dagbag.py:500} INFO - Filling up the DagBag from /opt/anaconda3/envs/airflow/lib/python3.7/site-packages/airflow/example_dags/example_sla_dag.py
[2022-02-28 15:19:14,251] {processor.py:654} INFO - DAG(s) dict_keys(['example_sla_dag']) retrieved from /opt/anaconda3/envs/airflow/lib/python3.7/site-packages/airflow/example_dags/example_sla_dag.py
[2022-02-28 15:19:14,265] {logging_mixin.py:109} INFO - [2022-02-28 15:19:14,265] {dag.py:2398} INFO - Sync 1 DAGs
[2022-02-28 15:19:14,303] {logging_mixin.py:109} INFO - [2022-02-28 15:19:14,301] {dag.py:2937} INFO - Setting next_dagrun for example_sla_dag to 2022-02-28T07:16:00+00:00
[2022-02-28 15:19:14,329] {processor.py:171} INFO - Processing /opt/anaconda3/envs/airflow/lib/python3.7/site-packages/airflow/example_dags/example_sla_dag.py took 0.138 seconds
[2022-02-28 15:19:51,714] {processor.py:163} INFO - Started process (PID=36366) to work on /opt/anaconda3/envs/airflow/lib/python3.7/site-packages/airflow/example_dags/example_sla_dag.py
[2022-02-28 15:19:51,716] {processor.py:642} INFO - Processing file /opt/anaconda3/envs/airflow/lib/python3.7/site-packages/airflow/example_dags/example_sla_dag.py for tasks to queue
[2022-02-28 15:19:51,718] {logging_mixin.py:109} INFO - [2022-02-28 15:19:51,718] {dagbag.py:500} INFO - Filling up the DagBag from /opt/anaconda3/envs/airflow/lib/python3.7/site-packages/airflow/example_dags/example_sla_dag.py
[2022-02-28 15:19:51,764] {processor.py:654} INFO - DAG(s) dict_keys(['example_sla_dag']) retrieved from /opt/anaconda3/envs/airflow/lib/python3.7/site-packages/airflow/example_dags/example_sla_dag.py
[2022-02-28 15:19:51,775] {logging_mixin.py:109} INFO - [2022-02-28 15:19:51,775] {dag.py:2398} INFO - Sync 1 DAGs
[2022-02-28 15:19:51,797] {logging_mixin.py:109} INFO - [2022-02-28 15:19:51,797] {dag.py:2937} INFO - Setting next_dagrun for example_sla_dag to 2022-02-28T07:16:00+00:00
[2022-02-28 15:19:51,810] {processor.py:171} INFO - Processing /opt/anaconda3/envs/airflow/lib/python3.7/site-packages/airflow/example_dags/example_sla_dag.py took 0.100 seconds
[2022-02-28 15:20:34,472] {processor.py:163} INFO - Started process (PID=36488) to work on /opt/anaconda3/envs/airflow/lib/python3.7/site-packages/airflow/example_dags/example_sla_dag.py
[2022-02-28 15:20:34,474] {processor.py:642} INFO - Processing file /opt/anaconda3/envs/airflow/lib/python3.7/site-packages/airflow/example_dags/example_sla_dag.py for tasks to queue
[2022-02-28 15:20:34,475] {logging_mixin.py:109} INFO - [2022-02-28 15:20:34,475] {dagbag.py:500} INFO - Filling up the DagBag from /opt/anaconda3/envs/airflow/lib/python3.7/site-packages/airflow/example_dags/example_sla_dag.py
[2022-02-28 15:20:34,512] {processor.py:654} INFO - DAG(s) dict_keys(['example_sla_dag']) retrieved from /opt/anaconda3/envs/airflow/lib/python3.7/site-packages/airflow/example_dags/example_sla_dag.py
[2022-02-28 15:20:34,523] {logging_mixin.py:109} INFO - [2022-02-28 15:20:34,522] {dag.py:2398} INFO - Sync 1 DAGs
[2022-02-28 15:20:34,540] {logging_mixin.py:109} INFO - [2022-02-28 15:20:34,540] {dag.py:2937} INFO - Setting next_dagrun for example_sla_dag to 2022-02-28T07:18:00+00:00
[2022-02-28 15:20:34,549] {processor.py:171} INFO - Processing /opt/anaconda3/envs/airflow/lib/python3.7/site-packages/airflow/example_dags/example_sla_dag.py took 0.081 seconds
[2022-02-28 15:21:16,454] {processor.py:163} INFO - Started process (PID=36534) to work on /opt/anaconda3/envs/airflow/lib/python3.7/site-packages/airflow/example_dags/example_sla_dag.py
[2022-02-28 15:21:16,457] {processor.py:642} INFO - Processing file /opt/anaconda3/envs/airflow/lib/python3.7/site-packages/airflow/example_dags/example_sla_dag.py for tasks to queue
[2022-02-28 15:21:16,459] {logging_mixin.py:109} INFO - [2022-02-28 15:21:16,458] {dagbag.py:500} INFO - Filling up the DagBag from /opt/anaconda3/envs/airflow/lib/python3.7/site-packages/airflow/example_dags/example_sla_dag.py
[2022-02-28 15:21:16,501] {processor.py:654} INFO - DAG(s) dict_keys(['example_sla_dag']) retrieved from /opt/anaconda3/envs/airflow/lib/python3.7/site-packages/airflow/example_dags/example_sla_dag.py
[2022-02-28 15:21:16,511] {logging_mixin.py:109} INFO - [2022-02-28 15:21:16,510] {dag.py:2398} INFO - Sync 1 DAGs
[2022-02-28 15:21:16,529] {logging_mixin.py:109} INFO - [2022-02-28 15:21:16,528] {dag.py:2937} INFO - Setting next_dagrun for example_sla_dag to 2022-02-28T07:18:00+00:00
[2022-02-28 15:21:16,539] {processor.py:171} INFO - Processing /opt/anaconda3/envs/airflow/lib/python3.7/site-packages/airflow/example_dags/example_sla_dag.py took 0.089 seconds
[2022-02-28 15:21:57,099] {processor.py:163} INFO - Started process (PID=36575) to work on /opt/anaconda3/envs/airflow/lib/python3.7/site-packages/airflow/example_dags/example_sla_dag.py
[2022-02-28 15:21:57,102] {processor.py:642} INFO - Processing file /opt/anaconda3/envs/airflow/lib/python3.7/site-packages/airflow/example_dags/example_sla_dag.py for tasks to queue
[2022-02-28 15:21:57,104] {logging_mixin.py:109} INFO - [2022-02-28 15:21:57,103] {dagbag.py:500} INFO - Filling up the DagBag from /opt/anaconda3/envs/airflow/lib/python3.7/site-packages/airflow/example_dags/example_sla_dag.py
[2022-02-28 15:21:57,160] {processor.py:654} INFO - DAG(s) dict_keys(['example_sla_dag']) retrieved from /opt/anaconda3/envs/airflow/lib/python3.7/site-packages/airflow/example_dags/example_sla_dag.py
[2022-02-28 15:21:57,178] {logging_mixin.py:109} INFO - [2022-02-28 15:21:57,177] {dag.py:2398} INFO - Sync 1 DAGs
[2022-02-28 15:21:57,207] {logging_mixin.py:109} INFO - [2022-02-28 15:21:57,207] {dag.py:2937} INFO - Setting next_dagrun for example_sla_dag to 2022-02-28T07:18:00+00:00
[2022-02-28 15:21:57,222] {processor.py:171} INFO - Processing /opt/anaconda3/envs/airflow/lib/python3.7/site-packages/airflow/example_dags/example_sla_dag.py took 0.129 seconds
[2022-02-28 15:22:36,648] {processor.py:163} INFO - Started process (PID=36612) to work on /opt/anaconda3/envs/airflow/lib/python3.7/site-packages/airflow/example_dags/example_sla_dag.py
[2022-02-28 15:22:36,649] {processor.py:642} INFO - Processing file /opt/anaconda3/envs/airflow/lib/python3.7/site-packages/airflow/example_dags/example_sla_dag.py for tasks to queue
[2022-02-28 15:22:36,650] {logging_mixin.py:109} INFO - [2022-02-28 15:22:36,650] {dagbag.py:500} INFO - Filling up the DagBag from /opt/anaconda3/envs/airflow/lib/python3.7/site-packages/airflow/example_dags/example_sla_dag.py
[2022-02-28 15:22:36,683] {processor.py:654} INFO - DAG(s) dict_keys(['example_sla_dag']) retrieved from /opt/anaconda3/envs/airflow/lib/python3.7/site-packages/airflow/example_dags/example_sla_dag.py
[2022-02-28 15:22:36,694] {logging_mixin.py:109} INFO - [2022-02-28 15:22:36,694] {dag.py:2398} INFO - Sync 1 DAGs
[2022-02-28 15:22:36,712] {logging_mixin.py:109} INFO - [2022-02-28 15:22:36,712] {dag.py:2937} INFO - Setting next_dagrun for example_sla_dag to 2022-02-28T07:20:00+00:00
[2022-02-28 15:22:36,723] {processor.py:171} INFO - Processing /opt/anaconda3/envs/airflow/lib/python3.7/site-packages/airflow/example_dags/example_sla_dag.py took 0.079 seconds
