[2022-02-28 14:25:38,893] {processor.py:163} INFO - Started process (PID=31699) to work on /opt/anaconda3/envs/airflow/lib/python3.7/site-packages/airflow/example_dags/example_skip_dag.py
[2022-02-28 14:25:38,895] {processor.py:642} INFO - Processing file /opt/anaconda3/envs/airflow/lib/python3.7/site-packages/airflow/example_dags/example_skip_dag.py for tasks to queue
[2022-02-28 14:25:38,896] {logging_mixin.py:109} INFO - [2022-02-28 14:25:38,896] {dagbag.py:500} INFO - Filling up the DagBag from /opt/anaconda3/envs/airflow/lib/python3.7/site-packages/airflow/example_dags/example_skip_dag.py
[2022-02-28 14:25:38,926] {processor.py:654} INFO - DAG(s) dict_keys(['example_skip_dag']) retrieved from /opt/anaconda3/envs/airflow/lib/python3.7/site-packages/airflow/example_dags/example_skip_dag.py
[2022-02-28 14:25:38,939] {logging_mixin.py:109} INFO - [2022-02-28 14:25:38,938] {dag.py:2398} INFO - Sync 1 DAGs
[2022-02-28 14:25:38,952] {logging_mixin.py:109} INFO - [2022-02-28 14:25:38,952] {dag.py:2937} INFO - Setting next_dagrun for example_skip_dag to 2022-02-27T06:25:38.952319+00:00
[2022-02-28 14:25:38,962] {processor.py:171} INFO - Processing /opt/anaconda3/envs/airflow/lib/python3.7/site-packages/airflow/example_dags/example_skip_dag.py took 0.072 seconds
[2022-02-28 14:26:17,988] {processor.py:163} INFO - Started process (PID=31751) to work on /opt/anaconda3/envs/airflow/lib/python3.7/site-packages/airflow/example_dags/example_skip_dag.py
[2022-02-28 14:26:17,991] {processor.py:642} INFO - Processing file /opt/anaconda3/envs/airflow/lib/python3.7/site-packages/airflow/example_dags/example_skip_dag.py for tasks to queue
[2022-02-28 14:26:17,992] {logging_mixin.py:109} INFO - [2022-02-28 14:26:17,992] {dagbag.py:500} INFO - Filling up the DagBag from /opt/anaconda3/envs/airflow/lib/python3.7/site-packages/airflow/example_dags/example_skip_dag.py
[2022-02-28 14:26:18,031] {processor.py:654} INFO - DAG(s) dict_keys(['example_skip_dag']) retrieved from /opt/anaconda3/envs/airflow/lib/python3.7/site-packages/airflow/example_dags/example_skip_dag.py
[2022-02-28 14:26:18,043] {logging_mixin.py:109} INFO - [2022-02-28 14:26:18,042] {dag.py:2398} INFO - Sync 1 DAGs
[2022-02-28 14:26:18,058] {logging_mixin.py:109} INFO - [2022-02-28 14:26:18,057] {dag.py:2937} INFO - Setting next_dagrun for example_skip_dag to 2022-02-27T06:26:18.057261+00:00
[2022-02-28 14:26:18,070] {processor.py:171} INFO - Processing /opt/anaconda3/envs/airflow/lib/python3.7/site-packages/airflow/example_dags/example_skip_dag.py took 0.086 seconds
[2022-02-28 14:26:59,408] {processor.py:163} INFO - Started process (PID=31803) to work on /opt/anaconda3/envs/airflow/lib/python3.7/site-packages/airflow/example_dags/example_skip_dag.py
[2022-02-28 14:26:59,410] {processor.py:642} INFO - Processing file /opt/anaconda3/envs/airflow/lib/python3.7/site-packages/airflow/example_dags/example_skip_dag.py for tasks to queue
[2022-02-28 14:26:59,411] {logging_mixin.py:109} INFO - [2022-02-28 14:26:59,410] {dagbag.py:500} INFO - Filling up the DagBag from /opt/anaconda3/envs/airflow/lib/python3.7/site-packages/airflow/example_dags/example_skip_dag.py
[2022-02-28 14:26:59,442] {processor.py:654} INFO - DAG(s) dict_keys(['example_skip_dag']) retrieved from /opt/anaconda3/envs/airflow/lib/python3.7/site-packages/airflow/example_dags/example_skip_dag.py
[2022-02-28 14:26:59,453] {logging_mixin.py:109} INFO - [2022-02-28 14:26:59,453] {dag.py:2398} INFO - Sync 1 DAGs
[2022-02-28 14:26:59,466] {logging_mixin.py:109} INFO - [2022-02-28 14:26:59,466] {dag.py:2937} INFO - Setting next_dagrun for example_skip_dag to 2022-02-27T06:26:59.465934+00:00
[2022-02-28 14:26:59,476] {processor.py:171} INFO - Processing /opt/anaconda3/envs/airflow/lib/python3.7/site-packages/airflow/example_dags/example_skip_dag.py took 0.072 seconds
[2022-02-28 14:27:42,023] {processor.py:163} INFO - Started process (PID=31857) to work on /opt/anaconda3/envs/airflow/lib/python3.7/site-packages/airflow/example_dags/example_skip_dag.py
[2022-02-28 14:27:42,026] {processor.py:642} INFO - Processing file /opt/anaconda3/envs/airflow/lib/python3.7/site-packages/airflow/example_dags/example_skip_dag.py for tasks to queue
[2022-02-28 14:27:42,027] {logging_mixin.py:109} INFO - [2022-02-28 14:27:42,027] {dagbag.py:500} INFO - Filling up the DagBag from /opt/anaconda3/envs/airflow/lib/python3.7/site-packages/airflow/example_dags/example_skip_dag.py
[2022-02-28 14:27:42,063] {processor.py:654} INFO - DAG(s) dict_keys(['example_skip_dag']) retrieved from /opt/anaconda3/envs/airflow/lib/python3.7/site-packages/airflow/example_dags/example_skip_dag.py
[2022-02-28 14:27:42,076] {logging_mixin.py:109} INFO - [2022-02-28 14:27:42,076] {dag.py:2398} INFO - Sync 1 DAGs
[2022-02-28 14:27:42,098] {logging_mixin.py:109} INFO - [2022-02-28 14:27:42,098] {dag.py:2937} INFO - Setting next_dagrun for example_skip_dag to 2022-02-27T06:27:42.097760+00:00
[2022-02-28 14:27:42,113] {processor.py:171} INFO - Processing /opt/anaconda3/envs/airflow/lib/python3.7/site-packages/airflow/example_dags/example_skip_dag.py took 0.094 seconds
[2022-02-28 14:29:02,533] {processor.py:163} INFO - Started process (PID=32033) to work on /opt/anaconda3/envs/airflow/lib/python3.7/site-packages/airflow/example_dags/example_skip_dag.py
[2022-02-28 14:29:02,535] {processor.py:642} INFO - Processing file /opt/anaconda3/envs/airflow/lib/python3.7/site-packages/airflow/example_dags/example_skip_dag.py for tasks to queue
[2022-02-28 14:29:02,536] {logging_mixin.py:109} INFO - [2022-02-28 14:29:02,536] {dagbag.py:500} INFO - Filling up the DagBag from /opt/anaconda3/envs/airflow/lib/python3.7/site-packages/airflow/example_dags/example_skip_dag.py
[2022-02-28 14:29:02,584] {processor.py:654} INFO - DAG(s) dict_keys(['example_skip_dag']) retrieved from /opt/anaconda3/envs/airflow/lib/python3.7/site-packages/airflow/example_dags/example_skip_dag.py
[2022-02-28 14:29:02,609] {logging_mixin.py:109} INFO - [2022-02-28 14:29:02,609] {dag.py:2398} INFO - Sync 1 DAGs
[2022-02-28 14:29:02,628] {logging_mixin.py:109} INFO - [2022-02-28 14:29:02,628] {dag.py:2937} INFO - Setting next_dagrun for example_skip_dag to 2022-02-27T06:29:02.627642+00:00
[2022-02-28 14:29:02,641] {processor.py:171} INFO - Processing /opt/anaconda3/envs/airflow/lib/python3.7/site-packages/airflow/example_dags/example_skip_dag.py took 0.113 seconds
[2022-02-28 14:29:47,735] {processor.py:163} INFO - Started process (PID=32094) to work on /opt/anaconda3/envs/airflow/lib/python3.7/site-packages/airflow/example_dags/example_skip_dag.py
[2022-02-28 14:29:47,736] {processor.py:642} INFO - Processing file /opt/anaconda3/envs/airflow/lib/python3.7/site-packages/airflow/example_dags/example_skip_dag.py for tasks to queue
[2022-02-28 14:29:47,737] {logging_mixin.py:109} INFO - [2022-02-28 14:29:47,737] {dagbag.py:500} INFO - Filling up the DagBag from /opt/anaconda3/envs/airflow/lib/python3.7/site-packages/airflow/example_dags/example_skip_dag.py
[2022-02-28 14:29:47,769] {processor.py:654} INFO - DAG(s) dict_keys(['example_skip_dag']) retrieved from /opt/anaconda3/envs/airflow/lib/python3.7/site-packages/airflow/example_dags/example_skip_dag.py
[2022-02-28 14:29:47,780] {logging_mixin.py:109} INFO - [2022-02-28 14:29:47,780] {dag.py:2398} INFO - Sync 1 DAGs
[2022-02-28 14:29:47,794] {logging_mixin.py:109} INFO - [2022-02-28 14:29:47,794] {dag.py:2937} INFO - Setting next_dagrun for example_skip_dag to 2022-02-27T06:29:47.793970+00:00
[2022-02-28 14:29:47,804] {processor.py:171} INFO - Processing /opt/anaconda3/envs/airflow/lib/python3.7/site-packages/airflow/example_dags/example_skip_dag.py took 0.073 seconds
[2022-02-28 14:30:32,353] {processor.py:163} INFO - Started process (PID=32150) to work on /opt/anaconda3/envs/airflow/lib/python3.7/site-packages/airflow/example_dags/example_skip_dag.py
[2022-02-28 14:30:32,356] {processor.py:642} INFO - Processing file /opt/anaconda3/envs/airflow/lib/python3.7/site-packages/airflow/example_dags/example_skip_dag.py for tasks to queue
[2022-02-28 14:30:32,358] {logging_mixin.py:109} INFO - [2022-02-28 14:30:32,357] {dagbag.py:500} INFO - Filling up the DagBag from /opt/anaconda3/envs/airflow/lib/python3.7/site-packages/airflow/example_dags/example_skip_dag.py
[2022-02-28 14:30:32,387] {processor.py:654} INFO - DAG(s) dict_keys(['example_skip_dag']) retrieved from /opt/anaconda3/envs/airflow/lib/python3.7/site-packages/airflow/example_dags/example_skip_dag.py
[2022-02-28 14:30:32,399] {logging_mixin.py:109} INFO - [2022-02-28 14:30:32,398] {dag.py:2398} INFO - Sync 1 DAGs
[2022-02-28 14:30:32,416] {logging_mixin.py:109} INFO - [2022-02-28 14:30:32,415] {dag.py:2937} INFO - Setting next_dagrun for example_skip_dag to 2022-02-27T06:30:32.414730+00:00
[2022-02-28 14:30:32,429] {processor.py:171} INFO - Processing /opt/anaconda3/envs/airflow/lib/python3.7/site-packages/airflow/example_dags/example_skip_dag.py took 0.079 seconds
[2022-02-28 14:31:12,015] {processor.py:163} INFO - Started process (PID=32199) to work on /opt/anaconda3/envs/airflow/lib/python3.7/site-packages/airflow/example_dags/example_skip_dag.py
[2022-02-28 14:31:12,018] {processor.py:642} INFO - Processing file /opt/anaconda3/envs/airflow/lib/python3.7/site-packages/airflow/example_dags/example_skip_dag.py for tasks to queue
[2022-02-28 14:31:12,021] {logging_mixin.py:109} INFO - [2022-02-28 14:31:12,021] {dagbag.py:500} INFO - Filling up the DagBag from /opt/anaconda3/envs/airflow/lib/python3.7/site-packages/airflow/example_dags/example_skip_dag.py
[2022-02-28 14:31:12,055] {processor.py:654} INFO - DAG(s) dict_keys(['example_skip_dag']) retrieved from /opt/anaconda3/envs/airflow/lib/python3.7/site-packages/airflow/example_dags/example_skip_dag.py
[2022-02-28 14:31:12,066] {logging_mixin.py:109} INFO - [2022-02-28 14:31:12,066] {dag.py:2398} INFO - Sync 1 DAGs
[2022-02-28 14:31:12,083] {logging_mixin.py:109} INFO - [2022-02-28 14:31:12,082] {dag.py:2937} INFO - Setting next_dagrun for example_skip_dag to 2022-02-27T06:31:12.082132+00:00
[2022-02-28 14:31:12,094] {processor.py:171} INFO - Processing /opt/anaconda3/envs/airflow/lib/python3.7/site-packages/airflow/example_dags/example_skip_dag.py took 0.083 seconds
[2022-02-28 14:33:08,459] {processor.py:163} INFO - Started process (PID=32328) to work on /opt/anaconda3/envs/airflow/lib/python3.7/site-packages/airflow/example_dags/example_skip_dag.py
[2022-02-28 14:33:08,462] {processor.py:642} INFO - Processing file /opt/anaconda3/envs/airflow/lib/python3.7/site-packages/airflow/example_dags/example_skip_dag.py for tasks to queue
[2022-02-28 14:33:08,464] {logging_mixin.py:109} INFO - [2022-02-28 14:33:08,464] {dagbag.py:500} INFO - Filling up the DagBag from /opt/anaconda3/envs/airflow/lib/python3.7/site-packages/airflow/example_dags/example_skip_dag.py
[2022-02-28 14:33:08,511] {processor.py:654} INFO - DAG(s) dict_keys(['example_skip_dag']) retrieved from /opt/anaconda3/envs/airflow/lib/python3.7/site-packages/airflow/example_dags/example_skip_dag.py
[2022-02-28 14:33:08,530] {logging_mixin.py:109} INFO - [2022-02-28 14:33:08,530] {dag.py:2398} INFO - Sync 1 DAGs
[2022-02-28 14:33:08,555] {logging_mixin.py:109} INFO - [2022-02-28 14:33:08,555] {dag.py:2937} INFO - Setting next_dagrun for example_skip_dag to 2022-02-27T06:33:08.555194+00:00
[2022-02-28 14:33:08,571] {processor.py:171} INFO - Processing /opt/anaconda3/envs/airflow/lib/python3.7/site-packages/airflow/example_dags/example_skip_dag.py took 0.115 seconds
[2022-02-28 14:33:51,085] {processor.py:163} INFO - Started process (PID=32403) to work on /opt/anaconda3/envs/airflow/lib/python3.7/site-packages/airflow/example_dags/example_skip_dag.py
[2022-02-28 14:33:51,087] {processor.py:642} INFO - Processing file /opt/anaconda3/envs/airflow/lib/python3.7/site-packages/airflow/example_dags/example_skip_dag.py for tasks to queue
[2022-02-28 14:33:51,089] {logging_mixin.py:109} INFO - [2022-02-28 14:33:51,089] {dagbag.py:500} INFO - Filling up the DagBag from /opt/anaconda3/envs/airflow/lib/python3.7/site-packages/airflow/example_dags/example_skip_dag.py
[2022-02-28 14:33:51,144] {processor.py:654} INFO - DAG(s) dict_keys(['example_skip_dag']) retrieved from /opt/anaconda3/envs/airflow/lib/python3.7/site-packages/airflow/example_dags/example_skip_dag.py
[2022-02-28 14:33:51,170] {logging_mixin.py:109} INFO - [2022-02-28 14:33:51,169] {dag.py:2398} INFO - Sync 1 DAGs
[2022-02-28 14:33:51,209] {logging_mixin.py:109} INFO - [2022-02-28 14:33:51,209] {dag.py:2937} INFO - Setting next_dagrun for example_skip_dag to 2022-02-27T06:33:51.208443+00:00
[2022-02-28 14:33:51,229] {processor.py:171} INFO - Processing /opt/anaconda3/envs/airflow/lib/python3.7/site-packages/airflow/example_dags/example_skip_dag.py took 0.152 seconds
[2022-02-28 14:34:33,825] {processor.py:163} INFO - Started process (PID=32465) to work on /opt/anaconda3/envs/airflow/lib/python3.7/site-packages/airflow/example_dags/example_skip_dag.py
[2022-02-28 14:34:33,828] {processor.py:642} INFO - Processing file /opt/anaconda3/envs/airflow/lib/python3.7/site-packages/airflow/example_dags/example_skip_dag.py for tasks to queue
[2022-02-28 14:34:33,829] {logging_mixin.py:109} INFO - [2022-02-28 14:34:33,829] {dagbag.py:500} INFO - Filling up the DagBag from /opt/anaconda3/envs/airflow/lib/python3.7/site-packages/airflow/example_dags/example_skip_dag.py
[2022-02-28 14:34:33,872] {processor.py:654} INFO - DAG(s) dict_keys(['example_skip_dag']) retrieved from /opt/anaconda3/envs/airflow/lib/python3.7/site-packages/airflow/example_dags/example_skip_dag.py
[2022-02-28 14:34:33,884] {logging_mixin.py:109} INFO - [2022-02-28 14:34:33,884] {dag.py:2398} INFO - Sync 1 DAGs
[2022-02-28 14:34:33,899] {logging_mixin.py:109} INFO - [2022-02-28 14:34:33,899] {dag.py:2937} INFO - Setting next_dagrun for example_skip_dag to 2022-02-27T06:34:33.898823+00:00
[2022-02-28 14:34:33,909] {processor.py:171} INFO - Processing /opt/anaconda3/envs/airflow/lib/python3.7/site-packages/airflow/example_dags/example_skip_dag.py took 0.089 seconds
[2022-02-28 14:35:12,997] {processor.py:163} INFO - Started process (PID=32504) to work on /opt/anaconda3/envs/airflow/lib/python3.7/site-packages/airflow/example_dags/example_skip_dag.py
[2022-02-28 14:35:12,999] {processor.py:642} INFO - Processing file /opt/anaconda3/envs/airflow/lib/python3.7/site-packages/airflow/example_dags/example_skip_dag.py for tasks to queue
[2022-02-28 14:35:13,000] {logging_mixin.py:109} INFO - [2022-02-28 14:35:13,000] {dagbag.py:500} INFO - Filling up the DagBag from /opt/anaconda3/envs/airflow/lib/python3.7/site-packages/airflow/example_dags/example_skip_dag.py
[2022-02-28 14:35:13,035] {processor.py:654} INFO - DAG(s) dict_keys(['example_skip_dag']) retrieved from /opt/anaconda3/envs/airflow/lib/python3.7/site-packages/airflow/example_dags/example_skip_dag.py
[2022-02-28 14:35:13,048] {logging_mixin.py:109} INFO - [2022-02-28 14:35:13,047] {dag.py:2398} INFO - Sync 1 DAGs
[2022-02-28 14:35:13,062] {logging_mixin.py:109} INFO - [2022-02-28 14:35:13,062] {dag.py:2937} INFO - Setting next_dagrun for example_skip_dag to 2022-02-27T06:35:13.062017+00:00
[2022-02-28 14:35:13,072] {processor.py:171} INFO - Processing /opt/anaconda3/envs/airflow/lib/python3.7/site-packages/airflow/example_dags/example_skip_dag.py took 0.079 seconds
[2022-02-28 14:35:57,358] {processor.py:163} INFO - Started process (PID=32548) to work on /opt/anaconda3/envs/airflow/lib/python3.7/site-packages/airflow/example_dags/example_skip_dag.py
[2022-02-28 14:35:57,361] {processor.py:642} INFO - Processing file /opt/anaconda3/envs/airflow/lib/python3.7/site-packages/airflow/example_dags/example_skip_dag.py for tasks to queue
[2022-02-28 14:35:57,362] {logging_mixin.py:109} INFO - [2022-02-28 14:35:57,362] {dagbag.py:500} INFO - Filling up the DagBag from /opt/anaconda3/envs/airflow/lib/python3.7/site-packages/airflow/example_dags/example_skip_dag.py
[2022-02-28 14:35:57,397] {processor.py:654} INFO - DAG(s) dict_keys(['example_skip_dag']) retrieved from /opt/anaconda3/envs/airflow/lib/python3.7/site-packages/airflow/example_dags/example_skip_dag.py
[2022-02-28 14:35:57,410] {logging_mixin.py:109} INFO - [2022-02-28 14:35:57,410] {dag.py:2398} INFO - Sync 1 DAGs
[2022-02-28 14:35:57,426] {logging_mixin.py:109} INFO - [2022-02-28 14:35:57,425] {dag.py:2937} INFO - Setting next_dagrun for example_skip_dag to 2022-02-27T06:35:57.425279+00:00
[2022-02-28 14:35:57,437] {processor.py:171} INFO - Processing /opt/anaconda3/envs/airflow/lib/python3.7/site-packages/airflow/example_dags/example_skip_dag.py took 0.083 seconds
[2022-02-28 14:36:39,001] {processor.py:163} INFO - Started process (PID=32600) to work on /opt/anaconda3/envs/airflow/lib/python3.7/site-packages/airflow/example_dags/example_skip_dag.py
[2022-02-28 14:36:39,003] {processor.py:642} INFO - Processing file /opt/anaconda3/envs/airflow/lib/python3.7/site-packages/airflow/example_dags/example_skip_dag.py for tasks to queue
[2022-02-28 14:36:39,004] {logging_mixin.py:109} INFO - [2022-02-28 14:36:39,004] {dagbag.py:500} INFO - Filling up the DagBag from /opt/anaconda3/envs/airflow/lib/python3.7/site-packages/airflow/example_dags/example_skip_dag.py
[2022-02-28 14:36:39,035] {processor.py:654} INFO - DAG(s) dict_keys(['example_skip_dag']) retrieved from /opt/anaconda3/envs/airflow/lib/python3.7/site-packages/airflow/example_dags/example_skip_dag.py
[2022-02-28 14:36:39,048] {logging_mixin.py:109} INFO - [2022-02-28 14:36:39,047] {dag.py:2398} INFO - Sync 1 DAGs
[2022-02-28 14:36:39,062] {logging_mixin.py:109} INFO - [2022-02-28 14:36:39,062] {dag.py:2937} INFO - Setting next_dagrun for example_skip_dag to 2022-02-27T06:36:39.062154+00:00
[2022-02-28 14:36:39,075] {processor.py:171} INFO - Processing /opt/anaconda3/envs/airflow/lib/python3.7/site-packages/airflow/example_dags/example_skip_dag.py took 0.078 seconds
[2022-02-28 14:37:18,586] {processor.py:163} INFO - Started process (PID=32635) to work on /opt/anaconda3/envs/airflow/lib/python3.7/site-packages/airflow/example_dags/example_skip_dag.py
[2022-02-28 14:37:18,589] {processor.py:642} INFO - Processing file /opt/anaconda3/envs/airflow/lib/python3.7/site-packages/airflow/example_dags/example_skip_dag.py for tasks to queue
[2022-02-28 14:37:18,590] {logging_mixin.py:109} INFO - [2022-02-28 14:37:18,590] {dagbag.py:500} INFO - Filling up the DagBag from /opt/anaconda3/envs/airflow/lib/python3.7/site-packages/airflow/example_dags/example_skip_dag.py
[2022-02-28 14:37:18,621] {processor.py:654} INFO - DAG(s) dict_keys(['example_skip_dag']) retrieved from /opt/anaconda3/envs/airflow/lib/python3.7/site-packages/airflow/example_dags/example_skip_dag.py
[2022-02-28 14:37:18,634] {logging_mixin.py:109} INFO - [2022-02-28 14:37:18,633] {dag.py:2398} INFO - Sync 1 DAGs
[2022-02-28 14:37:18,648] {logging_mixin.py:109} INFO - [2022-02-28 14:37:18,648] {dag.py:2937} INFO - Setting next_dagrun for example_skip_dag to 2022-02-27T06:37:18.648074+00:00
[2022-02-28 14:37:18,661] {processor.py:171} INFO - Processing /opt/anaconda3/envs/airflow/lib/python3.7/site-packages/airflow/example_dags/example_skip_dag.py took 0.080 seconds
[2022-02-28 14:37:54,161] {processor.py:163} INFO - Started process (PID=32669) to work on /opt/anaconda3/envs/airflow/lib/python3.7/site-packages/airflow/example_dags/example_skip_dag.py
[2022-02-28 14:37:54,163] {processor.py:642} INFO - Processing file /opt/anaconda3/envs/airflow/lib/python3.7/site-packages/airflow/example_dags/example_skip_dag.py for tasks to queue
[2022-02-28 14:37:54,164] {logging_mixin.py:109} INFO - [2022-02-28 14:37:54,164] {dagbag.py:500} INFO - Filling up the DagBag from /opt/anaconda3/envs/airflow/lib/python3.7/site-packages/airflow/example_dags/example_skip_dag.py
[2022-02-28 14:37:54,195] {processor.py:654} INFO - DAG(s) dict_keys(['example_skip_dag']) retrieved from /opt/anaconda3/envs/airflow/lib/python3.7/site-packages/airflow/example_dags/example_skip_dag.py
[2022-02-28 14:37:54,208] {logging_mixin.py:109} INFO - [2022-02-28 14:37:54,208] {dag.py:2398} INFO - Sync 1 DAGs
[2022-02-28 14:37:54,223] {logging_mixin.py:109} INFO - [2022-02-28 14:37:54,222] {dag.py:2937} INFO - Setting next_dagrun for example_skip_dag to 2022-02-27T06:37:54.222343+00:00
[2022-02-28 14:37:54,232] {processor.py:171} INFO - Processing /opt/anaconda3/envs/airflow/lib/python3.7/site-packages/airflow/example_dags/example_skip_dag.py took 0.076 seconds
[2022-02-28 14:38:34,012] {processor.py:163} INFO - Started process (PID=32707) to work on /opt/anaconda3/envs/airflow/lib/python3.7/site-packages/airflow/example_dags/example_skip_dag.py
[2022-02-28 14:38:34,013] {processor.py:642} INFO - Processing file /opt/anaconda3/envs/airflow/lib/python3.7/site-packages/airflow/example_dags/example_skip_dag.py for tasks to queue
[2022-02-28 14:38:34,014] {logging_mixin.py:109} INFO - [2022-02-28 14:38:34,014] {dagbag.py:500} INFO - Filling up the DagBag from /opt/anaconda3/envs/airflow/lib/python3.7/site-packages/airflow/example_dags/example_skip_dag.py
[2022-02-28 14:38:34,046] {processor.py:654} INFO - DAG(s) dict_keys(['example_skip_dag']) retrieved from /opt/anaconda3/envs/airflow/lib/python3.7/site-packages/airflow/example_dags/example_skip_dag.py
[2022-02-28 14:38:34,059] {logging_mixin.py:109} INFO - [2022-02-28 14:38:34,058] {dag.py:2398} INFO - Sync 1 DAGs
[2022-02-28 14:38:34,075] {logging_mixin.py:109} INFO - [2022-02-28 14:38:34,075] {dag.py:2937} INFO - Setting next_dagrun for example_skip_dag to 2022-02-27T06:38:34.075023+00:00
[2022-02-28 14:38:34,086] {processor.py:171} INFO - Processing /opt/anaconda3/envs/airflow/lib/python3.7/site-packages/airflow/example_dags/example_skip_dag.py took 0.078 seconds
[2022-02-28 14:39:16,858] {processor.py:163} INFO - Started process (PID=32749) to work on /opt/anaconda3/envs/airflow/lib/python3.7/site-packages/airflow/example_dags/example_skip_dag.py
[2022-02-28 14:39:16,860] {processor.py:642} INFO - Processing file /opt/anaconda3/envs/airflow/lib/python3.7/site-packages/airflow/example_dags/example_skip_dag.py for tasks to queue
[2022-02-28 14:39:16,862] {logging_mixin.py:109} INFO - [2022-02-28 14:39:16,862] {dagbag.py:500} INFO - Filling up the DagBag from /opt/anaconda3/envs/airflow/lib/python3.7/site-packages/airflow/example_dags/example_skip_dag.py
[2022-02-28 14:39:16,900] {processor.py:654} INFO - DAG(s) dict_keys(['example_skip_dag']) retrieved from /opt/anaconda3/envs/airflow/lib/python3.7/site-packages/airflow/example_dags/example_skip_dag.py
[2022-02-28 14:39:16,916] {logging_mixin.py:109} INFO - [2022-02-28 14:39:16,915] {dag.py:2398} INFO - Sync 1 DAGs
[2022-02-28 14:39:16,933] {logging_mixin.py:109} INFO - [2022-02-28 14:39:16,933] {dag.py:2937} INFO - Setting next_dagrun for example_skip_dag to 2022-02-27T06:39:16.933179+00:00
[2022-02-28 14:39:16,943] {processor.py:171} INFO - Processing /opt/anaconda3/envs/airflow/lib/python3.7/site-packages/airflow/example_dags/example_skip_dag.py took 0.090 seconds
[2022-02-28 14:39:58,228] {processor.py:163} INFO - Started process (PID=32800) to work on /opt/anaconda3/envs/airflow/lib/python3.7/site-packages/airflow/example_dags/example_skip_dag.py
[2022-02-28 14:39:58,231] {processor.py:642} INFO - Processing file /opt/anaconda3/envs/airflow/lib/python3.7/site-packages/airflow/example_dags/example_skip_dag.py for tasks to queue
[2022-02-28 14:39:58,232] {logging_mixin.py:109} INFO - [2022-02-28 14:39:58,232] {dagbag.py:500} INFO - Filling up the DagBag from /opt/anaconda3/envs/airflow/lib/python3.7/site-packages/airflow/example_dags/example_skip_dag.py
[2022-02-28 14:39:58,263] {processor.py:654} INFO - DAG(s) dict_keys(['example_skip_dag']) retrieved from /opt/anaconda3/envs/airflow/lib/python3.7/site-packages/airflow/example_dags/example_skip_dag.py
[2022-02-28 14:39:58,277] {logging_mixin.py:109} INFO - [2022-02-28 14:39:58,276] {dag.py:2398} INFO - Sync 1 DAGs
[2022-02-28 14:39:58,296] {logging_mixin.py:109} INFO - [2022-02-28 14:39:58,295] {dag.py:2937} INFO - Setting next_dagrun for example_skip_dag to 2022-02-27T06:39:58.295130+00:00
[2022-02-28 14:39:58,307] {processor.py:171} INFO - Processing /opt/anaconda3/envs/airflow/lib/python3.7/site-packages/airflow/example_dags/example_skip_dag.py took 0.083 seconds
[2022-02-28 14:40:33,718] {processor.py:163} INFO - Started process (PID=32834) to work on /opt/anaconda3/envs/airflow/lib/python3.7/site-packages/airflow/example_dags/example_skip_dag.py
[2022-02-28 14:40:33,719] {processor.py:642} INFO - Processing file /opt/anaconda3/envs/airflow/lib/python3.7/site-packages/airflow/example_dags/example_skip_dag.py for tasks to queue
[2022-02-28 14:40:33,721] {logging_mixin.py:109} INFO - [2022-02-28 14:40:33,720] {dagbag.py:500} INFO - Filling up the DagBag from /opt/anaconda3/envs/airflow/lib/python3.7/site-packages/airflow/example_dags/example_skip_dag.py
[2022-02-28 14:40:33,751] {processor.py:654} INFO - DAG(s) dict_keys(['example_skip_dag']) retrieved from /opt/anaconda3/envs/airflow/lib/python3.7/site-packages/airflow/example_dags/example_skip_dag.py
[2022-02-28 14:40:33,763] {logging_mixin.py:109} INFO - [2022-02-28 14:40:33,762] {dag.py:2398} INFO - Sync 1 DAGs
[2022-02-28 14:40:33,778] {logging_mixin.py:109} INFO - [2022-02-28 14:40:33,777] {dag.py:2937} INFO - Setting next_dagrun for example_skip_dag to 2022-02-27T06:40:33.777394+00:00
[2022-02-28 14:40:33,788] {processor.py:171} INFO - Processing /opt/anaconda3/envs/airflow/lib/python3.7/site-packages/airflow/example_dags/example_skip_dag.py took 0.075 seconds
[2022-02-28 14:41:15,365] {processor.py:163} INFO - Started process (PID=32873) to work on /opt/anaconda3/envs/airflow/lib/python3.7/site-packages/airflow/example_dags/example_skip_dag.py
[2022-02-28 14:41:15,366] {processor.py:642} INFO - Processing file /opt/anaconda3/envs/airflow/lib/python3.7/site-packages/airflow/example_dags/example_skip_dag.py for tasks to queue
[2022-02-28 14:41:15,367] {logging_mixin.py:109} INFO - [2022-02-28 14:41:15,367] {dagbag.py:500} INFO - Filling up the DagBag from /opt/anaconda3/envs/airflow/lib/python3.7/site-packages/airflow/example_dags/example_skip_dag.py
[2022-02-28 14:41:15,396] {processor.py:654} INFO - DAG(s) dict_keys(['example_skip_dag']) retrieved from /opt/anaconda3/envs/airflow/lib/python3.7/site-packages/airflow/example_dags/example_skip_dag.py
[2022-02-28 14:41:15,408] {logging_mixin.py:109} INFO - [2022-02-28 14:41:15,407] {dag.py:2398} INFO - Sync 1 DAGs
[2022-02-28 14:41:15,422] {logging_mixin.py:109} INFO - [2022-02-28 14:41:15,422] {dag.py:2937} INFO - Setting next_dagrun for example_skip_dag to 2022-02-27T06:41:15.421758+00:00
[2022-02-28 14:41:15,433] {processor.py:171} INFO - Processing /opt/anaconda3/envs/airflow/lib/python3.7/site-packages/airflow/example_dags/example_skip_dag.py took 0.073 seconds
[2022-02-28 14:41:54,493] {processor.py:163} INFO - Started process (PID=32912) to work on /opt/anaconda3/envs/airflow/lib/python3.7/site-packages/airflow/example_dags/example_skip_dag.py
[2022-02-28 14:41:54,495] {processor.py:642} INFO - Processing file /opt/anaconda3/envs/airflow/lib/python3.7/site-packages/airflow/example_dags/example_skip_dag.py for tasks to queue
[2022-02-28 14:41:54,496] {logging_mixin.py:109} INFO - [2022-02-28 14:41:54,496] {dagbag.py:500} INFO - Filling up the DagBag from /opt/anaconda3/envs/airflow/lib/python3.7/site-packages/airflow/example_dags/example_skip_dag.py
[2022-02-28 14:41:54,525] {processor.py:654} INFO - DAG(s) dict_keys(['example_skip_dag']) retrieved from /opt/anaconda3/envs/airflow/lib/python3.7/site-packages/airflow/example_dags/example_skip_dag.py
[2022-02-28 14:41:54,537] {logging_mixin.py:109} INFO - [2022-02-28 14:41:54,537] {dag.py:2398} INFO - Sync 1 DAGs
[2022-02-28 14:41:54,551] {logging_mixin.py:109} INFO - [2022-02-28 14:41:54,551] {dag.py:2937} INFO - Setting next_dagrun for example_skip_dag to 2022-02-27T06:41:54.551218+00:00
[2022-02-28 14:41:54,561] {processor.py:171} INFO - Processing /opt/anaconda3/envs/airflow/lib/python3.7/site-packages/airflow/example_dags/example_skip_dag.py took 0.072 seconds
[2022-02-28 14:42:33,312] {processor.py:163} INFO - Started process (PID=32959) to work on /opt/anaconda3/envs/airflow/lib/python3.7/site-packages/airflow/example_dags/example_skip_dag.py
[2022-02-28 14:42:33,317] {processor.py:642} INFO - Processing file /opt/anaconda3/envs/airflow/lib/python3.7/site-packages/airflow/example_dags/example_skip_dag.py for tasks to queue
[2022-02-28 14:42:33,322] {logging_mixin.py:109} INFO - [2022-02-28 14:42:33,318] {dagbag.py:500} INFO - Filling up the DagBag from /opt/anaconda3/envs/airflow/lib/python3.7/site-packages/airflow/example_dags/example_skip_dag.py
[2022-02-28 14:42:33,676] {processor.py:654} INFO - DAG(s) dict_keys(['example_skip_dag']) retrieved from /opt/anaconda3/envs/airflow/lib/python3.7/site-packages/airflow/example_dags/example_skip_dag.py
[2022-02-28 14:42:33,871] {logging_mixin.py:109} INFO - [2022-02-28 14:42:33,868] {dag.py:2398} INFO - Sync 1 DAGs
[2022-02-28 14:42:33,977] {logging_mixin.py:109} INFO - [2022-02-28 14:42:33,976] {dag.py:2937} INFO - Setting next_dagrun for example_skip_dag to 2022-02-27T06:42:33.975824+00:00
[2022-02-28 14:42:34,021] {processor.py:171} INFO - Processing /opt/anaconda3/envs/airflow/lib/python3.7/site-packages/airflow/example_dags/example_skip_dag.py took 0.714 seconds
[2022-02-28 14:43:13,609] {processor.py:163} INFO - Started process (PID=33000) to work on /opt/anaconda3/envs/airflow/lib/python3.7/site-packages/airflow/example_dags/example_skip_dag.py
[2022-02-28 14:43:13,611] {processor.py:642} INFO - Processing file /opt/anaconda3/envs/airflow/lib/python3.7/site-packages/airflow/example_dags/example_skip_dag.py for tasks to queue
[2022-02-28 14:43:13,612] {logging_mixin.py:109} INFO - [2022-02-28 14:43:13,611] {dagbag.py:500} INFO - Filling up the DagBag from /opt/anaconda3/envs/airflow/lib/python3.7/site-packages/airflow/example_dags/example_skip_dag.py
[2022-02-28 14:43:13,640] {processor.py:654} INFO - DAG(s) dict_keys(['example_skip_dag']) retrieved from /opt/anaconda3/envs/airflow/lib/python3.7/site-packages/airflow/example_dags/example_skip_dag.py
[2022-02-28 14:43:13,654] {logging_mixin.py:109} INFO - [2022-02-28 14:43:13,654] {dag.py:2398} INFO - Sync 1 DAGs
[2022-02-28 14:43:13,669] {logging_mixin.py:109} INFO - [2022-02-28 14:43:13,668] {dag.py:2937} INFO - Setting next_dagrun for example_skip_dag to 2022-02-27T06:43:13.668355+00:00
[2022-02-28 14:43:13,679] {processor.py:171} INFO - Processing /opt/anaconda3/envs/airflow/lib/python3.7/site-packages/airflow/example_dags/example_skip_dag.py took 0.073 seconds
[2022-02-28 14:43:53,513] {processor.py:163} INFO - Started process (PID=33041) to work on /opt/anaconda3/envs/airflow/lib/python3.7/site-packages/airflow/example_dags/example_skip_dag.py
[2022-02-28 14:43:53,516] {processor.py:642} INFO - Processing file /opt/anaconda3/envs/airflow/lib/python3.7/site-packages/airflow/example_dags/example_skip_dag.py for tasks to queue
[2022-02-28 14:43:53,517] {logging_mixin.py:109} INFO - [2022-02-28 14:43:53,517] {dagbag.py:500} INFO - Filling up the DagBag from /opt/anaconda3/envs/airflow/lib/python3.7/site-packages/airflow/example_dags/example_skip_dag.py
[2022-02-28 14:43:53,552] {processor.py:654} INFO - DAG(s) dict_keys(['example_skip_dag']) retrieved from /opt/anaconda3/envs/airflow/lib/python3.7/site-packages/airflow/example_dags/example_skip_dag.py
[2022-02-28 14:43:53,565] {logging_mixin.py:109} INFO - [2022-02-28 14:43:53,564] {dag.py:2398} INFO - Sync 1 DAGs
[2022-02-28 14:43:53,581] {logging_mixin.py:109} INFO - [2022-02-28 14:43:53,581] {dag.py:2937} INFO - Setting next_dagrun for example_skip_dag to 2022-02-27T06:43:53.580754+00:00
[2022-02-28 14:43:53,594] {processor.py:171} INFO - Processing /opt/anaconda3/envs/airflow/lib/python3.7/site-packages/airflow/example_dags/example_skip_dag.py took 0.085 seconds
[2022-02-28 14:44:34,638] {processor.py:163} INFO - Started process (PID=33093) to work on /opt/anaconda3/envs/airflow/lib/python3.7/site-packages/airflow/example_dags/example_skip_dag.py
[2022-02-28 14:44:34,643] {processor.py:642} INFO - Processing file /opt/anaconda3/envs/airflow/lib/python3.7/site-packages/airflow/example_dags/example_skip_dag.py for tasks to queue
[2022-02-28 14:44:34,645] {logging_mixin.py:109} INFO - [2022-02-28 14:44:34,644] {dagbag.py:500} INFO - Filling up the DagBag from /opt/anaconda3/envs/airflow/lib/python3.7/site-packages/airflow/example_dags/example_skip_dag.py
[2022-02-28 14:44:34,680] {processor.py:654} INFO - DAG(s) dict_keys(['example_skip_dag']) retrieved from /opt/anaconda3/envs/airflow/lib/python3.7/site-packages/airflow/example_dags/example_skip_dag.py
[2022-02-28 14:44:34,694] {logging_mixin.py:109} INFO - [2022-02-28 14:44:34,693] {dag.py:2398} INFO - Sync 1 DAGs
[2022-02-28 14:44:34,711] {logging_mixin.py:109} INFO - [2022-02-28 14:44:34,711] {dag.py:2937} INFO - Setting next_dagrun for example_skip_dag to 2022-02-27T06:44:34.710757+00:00
[2022-02-28 14:44:34,724] {processor.py:171} INFO - Processing /opt/anaconda3/envs/airflow/lib/python3.7/site-packages/airflow/example_dags/example_skip_dag.py took 0.091 seconds
[2022-02-28 14:45:16,091] {processor.py:163} INFO - Started process (PID=33152) to work on /opt/anaconda3/envs/airflow/lib/python3.7/site-packages/airflow/example_dags/example_skip_dag.py
[2022-02-28 14:45:16,094] {processor.py:642} INFO - Processing file /opt/anaconda3/envs/airflow/lib/python3.7/site-packages/airflow/example_dags/example_skip_dag.py for tasks to queue
[2022-02-28 14:45:16,095] {logging_mixin.py:109} INFO - [2022-02-28 14:45:16,095] {dagbag.py:500} INFO - Filling up the DagBag from /opt/anaconda3/envs/airflow/lib/python3.7/site-packages/airflow/example_dags/example_skip_dag.py
[2022-02-28 14:45:16,130] {processor.py:654} INFO - DAG(s) dict_keys(['example_skip_dag']) retrieved from /opt/anaconda3/envs/airflow/lib/python3.7/site-packages/airflow/example_dags/example_skip_dag.py
[2022-02-28 14:45:16,143] {logging_mixin.py:109} INFO - [2022-02-28 14:45:16,142] {dag.py:2398} INFO - Sync 1 DAGs
[2022-02-28 14:45:16,158] {logging_mixin.py:109} INFO - [2022-02-28 14:45:16,158] {dag.py:2937} INFO - Setting next_dagrun for example_skip_dag to 2022-02-27T06:45:16.157916+00:00
[2022-02-28 14:45:16,169] {processor.py:171} INFO - Processing /opt/anaconda3/envs/airflow/lib/python3.7/site-packages/airflow/example_dags/example_skip_dag.py took 0.083 seconds
[2022-02-28 14:45:53,761] {processor.py:163} INFO - Started process (PID=33203) to work on /opt/anaconda3/envs/airflow/lib/python3.7/site-packages/airflow/example_dags/example_skip_dag.py
[2022-02-28 14:45:53,763] {processor.py:642} INFO - Processing file /opt/anaconda3/envs/airflow/lib/python3.7/site-packages/airflow/example_dags/example_skip_dag.py for tasks to queue
[2022-02-28 14:45:53,765] {logging_mixin.py:109} INFO - [2022-02-28 14:45:53,764] {dagbag.py:500} INFO - Filling up the DagBag from /opt/anaconda3/envs/airflow/lib/python3.7/site-packages/airflow/example_dags/example_skip_dag.py
[2022-02-28 14:45:53,803] {processor.py:654} INFO - DAG(s) dict_keys(['example_skip_dag']) retrieved from /opt/anaconda3/envs/airflow/lib/python3.7/site-packages/airflow/example_dags/example_skip_dag.py
[2022-02-28 14:45:53,820] {logging_mixin.py:109} INFO - [2022-02-28 14:45:53,819] {dag.py:2398} INFO - Sync 1 DAGs
[2022-02-28 14:45:53,839] {logging_mixin.py:109} INFO - [2022-02-28 14:45:53,839] {dag.py:2937} INFO - Setting next_dagrun for example_skip_dag to 2022-02-27T06:45:53.838866+00:00
[2022-02-28 14:45:53,849] {processor.py:171} INFO - Processing /opt/anaconda3/envs/airflow/lib/python3.7/site-packages/airflow/example_dags/example_skip_dag.py took 0.093 seconds
[2022-02-28 14:46:35,671] {processor.py:163} INFO - Started process (PID=33247) to work on /opt/anaconda3/envs/airflow/lib/python3.7/site-packages/airflow/example_dags/example_skip_dag.py
[2022-02-28 14:46:35,672] {processor.py:642} INFO - Processing file /opt/anaconda3/envs/airflow/lib/python3.7/site-packages/airflow/example_dags/example_skip_dag.py for tasks to queue
[2022-02-28 14:46:35,674] {logging_mixin.py:109} INFO - [2022-02-28 14:46:35,673] {dagbag.py:500} INFO - Filling up the DagBag from /opt/anaconda3/envs/airflow/lib/python3.7/site-packages/airflow/example_dags/example_skip_dag.py
[2022-02-28 14:46:35,722] {processor.py:654} INFO - DAG(s) dict_keys(['example_skip_dag']) retrieved from /opt/anaconda3/envs/airflow/lib/python3.7/site-packages/airflow/example_dags/example_skip_dag.py
[2022-02-28 14:46:35,739] {logging_mixin.py:109} INFO - [2022-02-28 14:46:35,739] {dag.py:2398} INFO - Sync 1 DAGs
[2022-02-28 14:46:35,762] {logging_mixin.py:109} INFO - [2022-02-28 14:46:35,762] {dag.py:2937} INFO - Setting next_dagrun for example_skip_dag to 2022-02-27T06:46:35.761748+00:00
[2022-02-28 14:46:35,778] {processor.py:171} INFO - Processing /opt/anaconda3/envs/airflow/lib/python3.7/site-packages/airflow/example_dags/example_skip_dag.py took 0.113 seconds
[2022-02-28 14:47:16,283] {processor.py:163} INFO - Started process (PID=33285) to work on /opt/anaconda3/envs/airflow/lib/python3.7/site-packages/airflow/example_dags/example_skip_dag.py
[2022-02-28 14:47:16,285] {processor.py:642} INFO - Processing file /opt/anaconda3/envs/airflow/lib/python3.7/site-packages/airflow/example_dags/example_skip_dag.py for tasks to queue
[2022-02-28 14:47:16,286] {logging_mixin.py:109} INFO - [2022-02-28 14:47:16,286] {dagbag.py:500} INFO - Filling up the DagBag from /opt/anaconda3/envs/airflow/lib/python3.7/site-packages/airflow/example_dags/example_skip_dag.py
[2022-02-28 14:47:16,315] {processor.py:654} INFO - DAG(s) dict_keys(['example_skip_dag']) retrieved from /opt/anaconda3/envs/airflow/lib/python3.7/site-packages/airflow/example_dags/example_skip_dag.py
[2022-02-28 14:47:16,329] {logging_mixin.py:109} INFO - [2022-02-28 14:47:16,329] {dag.py:2398} INFO - Sync 1 DAGs
[2022-02-28 14:47:16,344] {logging_mixin.py:109} INFO - [2022-02-28 14:47:16,343] {dag.py:2937} INFO - Setting next_dagrun for example_skip_dag to 2022-02-27T06:47:16.343500+00:00
[2022-02-28 14:47:16,355] {processor.py:171} INFO - Processing /opt/anaconda3/envs/airflow/lib/python3.7/site-packages/airflow/example_dags/example_skip_dag.py took 0.076 seconds
[2022-02-28 14:47:51,715] {processor.py:163} INFO - Started process (PID=33321) to work on /opt/anaconda3/envs/airflow/lib/python3.7/site-packages/airflow/example_dags/example_skip_dag.py
[2022-02-28 14:47:51,717] {processor.py:642} INFO - Processing file /opt/anaconda3/envs/airflow/lib/python3.7/site-packages/airflow/example_dags/example_skip_dag.py for tasks to queue
[2022-02-28 14:47:51,718] {logging_mixin.py:109} INFO - [2022-02-28 14:47:51,718] {dagbag.py:500} INFO - Filling up the DagBag from /opt/anaconda3/envs/airflow/lib/python3.7/site-packages/airflow/example_dags/example_skip_dag.py
[2022-02-28 14:47:51,750] {processor.py:654} INFO - DAG(s) dict_keys(['example_skip_dag']) retrieved from /opt/anaconda3/envs/airflow/lib/python3.7/site-packages/airflow/example_dags/example_skip_dag.py
[2022-02-28 14:47:51,762] {logging_mixin.py:109} INFO - [2022-02-28 14:47:51,762] {dag.py:2398} INFO - Sync 1 DAGs
[2022-02-28 14:47:51,777] {logging_mixin.py:109} INFO - [2022-02-28 14:47:51,777] {dag.py:2937} INFO - Setting next_dagrun for example_skip_dag to 2022-02-27T06:47:51.777028+00:00
[2022-02-28 14:47:51,788] {processor.py:171} INFO - Processing /opt/anaconda3/envs/airflow/lib/python3.7/site-packages/airflow/example_dags/example_skip_dag.py took 0.077 seconds
[2022-02-28 14:48:32,996] {processor.py:163} INFO - Started process (PID=33360) to work on /opt/anaconda3/envs/airflow/lib/python3.7/site-packages/airflow/example_dags/example_skip_dag.py
[2022-02-28 14:48:32,997] {processor.py:642} INFO - Processing file /opt/anaconda3/envs/airflow/lib/python3.7/site-packages/airflow/example_dags/example_skip_dag.py for tasks to queue
[2022-02-28 14:48:32,998] {logging_mixin.py:109} INFO - [2022-02-28 14:48:32,998] {dagbag.py:500} INFO - Filling up the DagBag from /opt/anaconda3/envs/airflow/lib/python3.7/site-packages/airflow/example_dags/example_skip_dag.py
[2022-02-28 14:48:33,029] {processor.py:654} INFO - DAG(s) dict_keys(['example_skip_dag']) retrieved from /opt/anaconda3/envs/airflow/lib/python3.7/site-packages/airflow/example_dags/example_skip_dag.py
[2022-02-28 14:48:33,042] {logging_mixin.py:109} INFO - [2022-02-28 14:48:33,042] {dag.py:2398} INFO - Sync 1 DAGs
[2022-02-28 14:48:33,056] {logging_mixin.py:109} INFO - [2022-02-28 14:48:33,056] {dag.py:2937} INFO - Setting next_dagrun for example_skip_dag to 2022-02-27T06:48:33.055934+00:00
[2022-02-28 14:48:33,066] {processor.py:171} INFO - Processing /opt/anaconda3/envs/airflow/lib/python3.7/site-packages/airflow/example_dags/example_skip_dag.py took 0.075 seconds
[2022-02-28 14:49:13,070] {processor.py:163} INFO - Started process (PID=33398) to work on /opt/anaconda3/envs/airflow/lib/python3.7/site-packages/airflow/example_dags/example_skip_dag.py
[2022-02-28 14:49:13,073] {processor.py:642} INFO - Processing file /opt/anaconda3/envs/airflow/lib/python3.7/site-packages/airflow/example_dags/example_skip_dag.py for tasks to queue
[2022-02-28 14:49:13,074] {logging_mixin.py:109} INFO - [2022-02-28 14:49:13,074] {dagbag.py:500} INFO - Filling up the DagBag from /opt/anaconda3/envs/airflow/lib/python3.7/site-packages/airflow/example_dags/example_skip_dag.py
[2022-02-28 14:49:13,105] {processor.py:654} INFO - DAG(s) dict_keys(['example_skip_dag']) retrieved from /opt/anaconda3/envs/airflow/lib/python3.7/site-packages/airflow/example_dags/example_skip_dag.py
[2022-02-28 14:49:13,118] {logging_mixin.py:109} INFO - [2022-02-28 14:49:13,117] {dag.py:2398} INFO - Sync 1 DAGs
[2022-02-28 14:49:13,133] {logging_mixin.py:109} INFO - [2022-02-28 14:49:13,133] {dag.py:2937} INFO - Setting next_dagrun for example_skip_dag to 2022-02-27T06:49:13.132988+00:00
[2022-02-28 14:49:13,143] {processor.py:171} INFO - Processing /opt/anaconda3/envs/airflow/lib/python3.7/site-packages/airflow/example_dags/example_skip_dag.py took 0.077 seconds
[2022-02-28 14:49:52,247] {processor.py:163} INFO - Started process (PID=33437) to work on /opt/anaconda3/envs/airflow/lib/python3.7/site-packages/airflow/example_dags/example_skip_dag.py
[2022-02-28 14:49:52,250] {processor.py:642} INFO - Processing file /opt/anaconda3/envs/airflow/lib/python3.7/site-packages/airflow/example_dags/example_skip_dag.py for tasks to queue
[2022-02-28 14:49:52,252] {logging_mixin.py:109} INFO - [2022-02-28 14:49:52,251] {dagbag.py:500} INFO - Filling up the DagBag from /opt/anaconda3/envs/airflow/lib/python3.7/site-packages/airflow/example_dags/example_skip_dag.py
[2022-02-28 14:49:52,295] {processor.py:654} INFO - DAG(s) dict_keys(['example_skip_dag']) retrieved from /opt/anaconda3/envs/airflow/lib/python3.7/site-packages/airflow/example_dags/example_skip_dag.py
[2022-02-28 14:49:52,311] {logging_mixin.py:109} INFO - [2022-02-28 14:49:52,311] {dag.py:2398} INFO - Sync 1 DAGs
[2022-02-28 14:49:52,330] {logging_mixin.py:109} INFO - [2022-02-28 14:49:52,329] {dag.py:2937} INFO - Setting next_dagrun for example_skip_dag to 2022-02-27T06:49:52.329217+00:00
[2022-02-28 14:49:52,342] {processor.py:171} INFO - Processing /opt/anaconda3/envs/airflow/lib/python3.7/site-packages/airflow/example_dags/example_skip_dag.py took 0.100 seconds
[2022-02-28 14:50:32,422] {processor.py:163} INFO - Started process (PID=33474) to work on /opt/anaconda3/envs/airflow/lib/python3.7/site-packages/airflow/example_dags/example_skip_dag.py
[2022-02-28 14:50:32,423] {processor.py:642} INFO - Processing file /opt/anaconda3/envs/airflow/lib/python3.7/site-packages/airflow/example_dags/example_skip_dag.py for tasks to queue
[2022-02-28 14:50:32,425] {logging_mixin.py:109} INFO - [2022-02-28 14:50:32,424] {dagbag.py:500} INFO - Filling up the DagBag from /opt/anaconda3/envs/airflow/lib/python3.7/site-packages/airflow/example_dags/example_skip_dag.py
[2022-02-28 14:50:32,459] {processor.py:654} INFO - DAG(s) dict_keys(['example_skip_dag']) retrieved from /opt/anaconda3/envs/airflow/lib/python3.7/site-packages/airflow/example_dags/example_skip_dag.py
[2022-02-28 14:50:32,472] {logging_mixin.py:109} INFO - [2022-02-28 14:50:32,472] {dag.py:2398} INFO - Sync 1 DAGs
[2022-02-28 14:50:32,487] {logging_mixin.py:109} INFO - [2022-02-28 14:50:32,487] {dag.py:2937} INFO - Setting next_dagrun for example_skip_dag to 2022-02-27T06:50:32.487096+00:00
[2022-02-28 14:50:32,497] {processor.py:171} INFO - Processing /opt/anaconda3/envs/airflow/lib/python3.7/site-packages/airflow/example_dags/example_skip_dag.py took 0.080 seconds
[2022-02-28 14:51:13,810] {processor.py:163} INFO - Started process (PID=33552) to work on /opt/anaconda3/envs/airflow/lib/python3.7/site-packages/airflow/example_dags/example_skip_dag.py
[2022-02-28 14:51:13,812] {processor.py:642} INFO - Processing file /opt/anaconda3/envs/airflow/lib/python3.7/site-packages/airflow/example_dags/example_skip_dag.py for tasks to queue
[2022-02-28 14:51:13,814] {logging_mixin.py:109} INFO - [2022-02-28 14:51:13,813] {dagbag.py:500} INFO - Filling up the DagBag from /opt/anaconda3/envs/airflow/lib/python3.7/site-packages/airflow/example_dags/example_skip_dag.py
[2022-02-28 14:51:13,853] {processor.py:654} INFO - DAG(s) dict_keys(['example_skip_dag']) retrieved from /opt/anaconda3/envs/airflow/lib/python3.7/site-packages/airflow/example_dags/example_skip_dag.py
[2022-02-28 14:51:13,868] {logging_mixin.py:109} INFO - [2022-02-28 14:51:13,868] {dag.py:2398} INFO - Sync 1 DAGs
[2022-02-28 14:51:13,887] {logging_mixin.py:109} INFO - [2022-02-28 14:51:13,886] {dag.py:2937} INFO - Setting next_dagrun for example_skip_dag to 2022-02-27T06:51:13.886272+00:00
[2022-02-28 14:51:13,900] {processor.py:171} INFO - Processing /opt/anaconda3/envs/airflow/lib/python3.7/site-packages/airflow/example_dags/example_skip_dag.py took 0.095 seconds
[2022-02-28 14:51:53,105] {processor.py:163} INFO - Started process (PID=33593) to work on /opt/anaconda3/envs/airflow/lib/python3.7/site-packages/airflow/example_dags/example_skip_dag.py
[2022-02-28 14:51:53,107] {processor.py:642} INFO - Processing file /opt/anaconda3/envs/airflow/lib/python3.7/site-packages/airflow/example_dags/example_skip_dag.py for tasks to queue
[2022-02-28 14:51:53,108] {logging_mixin.py:109} INFO - [2022-02-28 14:51:53,107] {dagbag.py:500} INFO - Filling up the DagBag from /opt/anaconda3/envs/airflow/lib/python3.7/site-packages/airflow/example_dags/example_skip_dag.py
[2022-02-28 14:51:53,139] {processor.py:654} INFO - DAG(s) dict_keys(['example_skip_dag']) retrieved from /opt/anaconda3/envs/airflow/lib/python3.7/site-packages/airflow/example_dags/example_skip_dag.py
[2022-02-28 14:51:53,153] {logging_mixin.py:109} INFO - [2022-02-28 14:51:53,153] {dag.py:2398} INFO - Sync 1 DAGs
[2022-02-28 14:51:53,168] {logging_mixin.py:109} INFO - [2022-02-28 14:51:53,167] {dag.py:2937} INFO - Setting next_dagrun for example_skip_dag to 2022-02-27T06:51:53.167419+00:00
[2022-02-28 14:51:53,179] {processor.py:171} INFO - Processing /opt/anaconda3/envs/airflow/lib/python3.7/site-packages/airflow/example_dags/example_skip_dag.py took 0.078 seconds
[2022-02-28 14:52:33,068] {processor.py:163} INFO - Started process (PID=33630) to work on /opt/anaconda3/envs/airflow/lib/python3.7/site-packages/airflow/example_dags/example_skip_dag.py
[2022-02-28 14:52:33,070] {processor.py:642} INFO - Processing file /opt/anaconda3/envs/airflow/lib/python3.7/site-packages/airflow/example_dags/example_skip_dag.py for tasks to queue
[2022-02-28 14:52:33,072] {logging_mixin.py:109} INFO - [2022-02-28 14:52:33,072] {dagbag.py:500} INFO - Filling up the DagBag from /opt/anaconda3/envs/airflow/lib/python3.7/site-packages/airflow/example_dags/example_skip_dag.py
[2022-02-28 14:52:33,103] {processor.py:654} INFO - DAG(s) dict_keys(['example_skip_dag']) retrieved from /opt/anaconda3/envs/airflow/lib/python3.7/site-packages/airflow/example_dags/example_skip_dag.py
[2022-02-28 14:52:33,115] {logging_mixin.py:109} INFO - [2022-02-28 14:52:33,114] {dag.py:2398} INFO - Sync 1 DAGs
[2022-02-28 14:52:33,130] {logging_mixin.py:109} INFO - [2022-02-28 14:52:33,130] {dag.py:2937} INFO - Setting next_dagrun for example_skip_dag to 2022-02-27T06:52:33.129825+00:00
[2022-02-28 14:52:33,141] {processor.py:171} INFO - Processing /opt/anaconda3/envs/airflow/lib/python3.7/site-packages/airflow/example_dags/example_skip_dag.py took 0.082 seconds
[2022-02-28 14:53:10,332] {processor.py:163} INFO - Started process (PID=33679) to work on /opt/anaconda3/envs/airflow/lib/python3.7/site-packages/airflow/example_dags/example_skip_dag.py
[2022-02-28 14:53:10,335] {processor.py:642} INFO - Processing file /opt/anaconda3/envs/airflow/lib/python3.7/site-packages/airflow/example_dags/example_skip_dag.py for tasks to queue
[2022-02-28 14:53:10,336] {logging_mixin.py:109} INFO - [2022-02-28 14:53:10,336] {dagbag.py:500} INFO - Filling up the DagBag from /opt/anaconda3/envs/airflow/lib/python3.7/site-packages/airflow/example_dags/example_skip_dag.py
[2022-02-28 14:53:10,368] {processor.py:654} INFO - DAG(s) dict_keys(['example_skip_dag']) retrieved from /opt/anaconda3/envs/airflow/lib/python3.7/site-packages/airflow/example_dags/example_skip_dag.py
[2022-02-28 14:53:10,382] {logging_mixin.py:109} INFO - [2022-02-28 14:53:10,382] {dag.py:2398} INFO - Sync 1 DAGs
[2022-02-28 14:53:10,401] {logging_mixin.py:109} INFO - [2022-02-28 14:53:10,401] {dag.py:2937} INFO - Setting next_dagrun for example_skip_dag to 2022-02-27T06:53:10.400973+00:00
[2022-02-28 14:53:10,415] {processor.py:171} INFO - Processing /opt/anaconda3/envs/airflow/lib/python3.7/site-packages/airflow/example_dags/example_skip_dag.py took 0.087 seconds
[2022-02-28 14:53:49,618] {processor.py:163} INFO - Started process (PID=33745) to work on /opt/anaconda3/envs/airflow/lib/python3.7/site-packages/airflow/example_dags/example_skip_dag.py
[2022-02-28 14:53:49,621] {processor.py:642} INFO - Processing file /opt/anaconda3/envs/airflow/lib/python3.7/site-packages/airflow/example_dags/example_skip_dag.py for tasks to queue
[2022-02-28 14:53:49,623] {logging_mixin.py:109} INFO - [2022-02-28 14:53:49,623] {dagbag.py:500} INFO - Filling up the DagBag from /opt/anaconda3/envs/airflow/lib/python3.7/site-packages/airflow/example_dags/example_skip_dag.py
[2022-02-28 14:53:49,671] {processor.py:654} INFO - DAG(s) dict_keys(['example_skip_dag']) retrieved from /opt/anaconda3/envs/airflow/lib/python3.7/site-packages/airflow/example_dags/example_skip_dag.py
[2022-02-28 14:53:49,703] {logging_mixin.py:109} INFO - [2022-02-28 14:53:49,702] {dag.py:2398} INFO - Sync 1 DAGs
[2022-02-28 14:53:49,736] {logging_mixin.py:109} INFO - [2022-02-28 14:53:49,735] {dag.py:2937} INFO - Setting next_dagrun for example_skip_dag to 2022-02-27T06:53:49.735418+00:00
[2022-02-28 14:53:49,753] {processor.py:171} INFO - Processing /opt/anaconda3/envs/airflow/lib/python3.7/site-packages/airflow/example_dags/example_skip_dag.py took 0.142 seconds
[2022-02-28 14:54:47,925] {processor.py:163} INFO - Started process (PID=33894) to work on /opt/anaconda3/envs/airflow/lib/python3.7/site-packages/airflow/example_dags/example_skip_dag.py
[2022-02-28 14:54:47,928] {processor.py:642} INFO - Processing file /opt/anaconda3/envs/airflow/lib/python3.7/site-packages/airflow/example_dags/example_skip_dag.py for tasks to queue
[2022-02-28 14:54:47,929] {logging_mixin.py:109} INFO - [2022-02-28 14:54:47,929] {dagbag.py:500} INFO - Filling up the DagBag from /opt/anaconda3/envs/airflow/lib/python3.7/site-packages/airflow/example_dags/example_skip_dag.py
[2022-02-28 14:54:47,960] {processor.py:654} INFO - DAG(s) dict_keys(['example_skip_dag']) retrieved from /opt/anaconda3/envs/airflow/lib/python3.7/site-packages/airflow/example_dags/example_skip_dag.py
[2022-02-28 14:54:47,974] {logging_mixin.py:109} INFO - [2022-02-28 14:54:47,974] {dag.py:2398} INFO - Sync 1 DAGs
[2022-02-28 14:54:47,989] {logging_mixin.py:109} INFO - [2022-02-28 14:54:47,988] {dag.py:2937} INFO - Setting next_dagrun for example_skip_dag to 2022-02-27T06:54:47.988510+00:00
[2022-02-28 14:54:47,998] {processor.py:171} INFO - Processing /opt/anaconda3/envs/airflow/lib/python3.7/site-packages/airflow/example_dags/example_skip_dag.py took 0.077 seconds
[2022-02-28 14:56:39,784] {processor.py:163} INFO - Started process (PID=34086) to work on /opt/anaconda3/envs/airflow/lib/python3.7/site-packages/airflow/example_dags/example_skip_dag.py
[2022-02-28 14:56:39,785] {processor.py:642} INFO - Processing file /opt/anaconda3/envs/airflow/lib/python3.7/site-packages/airflow/example_dags/example_skip_dag.py for tasks to queue
[2022-02-28 14:56:39,787] {logging_mixin.py:109} INFO - [2022-02-28 14:56:39,787] {dagbag.py:500} INFO - Filling up the DagBag from /opt/anaconda3/envs/airflow/lib/python3.7/site-packages/airflow/example_dags/example_skip_dag.py
[2022-02-28 14:56:39,833] {processor.py:654} INFO - DAG(s) dict_keys(['example_skip_dag']) retrieved from /opt/anaconda3/envs/airflow/lib/python3.7/site-packages/airflow/example_dags/example_skip_dag.py
[2022-02-28 14:56:39,850] {logging_mixin.py:109} INFO - [2022-02-28 14:56:39,850] {dag.py:2398} INFO - Sync 1 DAGs
[2022-02-28 14:56:39,871] {logging_mixin.py:109} INFO - [2022-02-28 14:56:39,871] {dag.py:2937} INFO - Setting next_dagrun for example_skip_dag to 2022-02-27T06:56:39.870819+00:00
[2022-02-28 14:56:39,890] {processor.py:171} INFO - Processing /opt/anaconda3/envs/airflow/lib/python3.7/site-packages/airflow/example_dags/example_skip_dag.py took 0.112 seconds
[2022-02-28 14:58:02,015] {processor.py:163} INFO - Started process (PID=34283) to work on /opt/anaconda3/envs/airflow/lib/python3.7/site-packages/airflow/example_dags/example_skip_dag.py
[2022-02-28 14:58:02,018] {processor.py:642} INFO - Processing file /opt/anaconda3/envs/airflow/lib/python3.7/site-packages/airflow/example_dags/example_skip_dag.py for tasks to queue
[2022-02-28 14:58:02,021] {logging_mixin.py:109} INFO - [2022-02-28 14:58:02,020] {dagbag.py:500} INFO - Filling up the DagBag from /opt/anaconda3/envs/airflow/lib/python3.7/site-packages/airflow/example_dags/example_skip_dag.py
[2022-02-28 14:58:02,085] {processor.py:654} INFO - DAG(s) dict_keys(['example_skip_dag']) retrieved from /opt/anaconda3/envs/airflow/lib/python3.7/site-packages/airflow/example_dags/example_skip_dag.py
[2022-02-28 14:58:02,102] {logging_mixin.py:109} INFO - [2022-02-28 14:58:02,101] {dag.py:2398} INFO - Sync 1 DAGs
[2022-02-28 14:58:02,116] {logging_mixin.py:109} INFO - [2022-02-28 14:58:02,116] {dag.py:2937} INFO - Setting next_dagrun for example_skip_dag to 2022-02-27T06:58:02.116044+00:00
[2022-02-28 14:58:02,128] {processor.py:171} INFO - Processing /opt/anaconda3/envs/airflow/lib/python3.7/site-packages/airflow/example_dags/example_skip_dag.py took 0.119 seconds
[2022-02-28 15:04:15,643] {processor.py:163} INFO - Started process (PID=34831) to work on /opt/anaconda3/envs/airflow/lib/python3.7/site-packages/airflow/example_dags/example_skip_dag.py
[2022-02-28 15:04:15,645] {processor.py:642} INFO - Processing file /opt/anaconda3/envs/airflow/lib/python3.7/site-packages/airflow/example_dags/example_skip_dag.py for tasks to queue
[2022-02-28 15:04:15,646] {logging_mixin.py:109} INFO - [2022-02-28 15:04:15,646] {dagbag.py:500} INFO - Filling up the DagBag from /opt/anaconda3/envs/airflow/lib/python3.7/site-packages/airflow/example_dags/example_skip_dag.py
[2022-02-28 15:04:15,677] {processor.py:654} INFO - DAG(s) dict_keys(['example_skip_dag']) retrieved from /opt/anaconda3/envs/airflow/lib/python3.7/site-packages/airflow/example_dags/example_skip_dag.py
[2022-02-28 15:04:15,690] {logging_mixin.py:109} INFO - [2022-02-28 15:04:15,689] {dag.py:2398} INFO - Sync 1 DAGs
[2022-02-28 15:04:15,705] {logging_mixin.py:109} INFO - [2022-02-28 15:04:15,705] {dag.py:2937} INFO - Setting next_dagrun for example_skip_dag to 2022-02-27T07:04:15.704713+00:00
[2022-02-28 15:04:15,716] {processor.py:171} INFO - Processing /opt/anaconda3/envs/airflow/lib/python3.7/site-packages/airflow/example_dags/example_skip_dag.py took 0.077 seconds
[2022-02-28 15:06:10,744] {processor.py:163} INFO - Started process (PID=35051) to work on /opt/anaconda3/envs/airflow/lib/python3.7/site-packages/airflow/example_dags/example_skip_dag.py
[2022-02-28 15:06:10,747] {processor.py:642} INFO - Processing file /opt/anaconda3/envs/airflow/lib/python3.7/site-packages/airflow/example_dags/example_skip_dag.py for tasks to queue
[2022-02-28 15:06:10,748] {logging_mixin.py:109} INFO - [2022-02-28 15:06:10,748] {dagbag.py:500} INFO - Filling up the DagBag from /opt/anaconda3/envs/airflow/lib/python3.7/site-packages/airflow/example_dags/example_skip_dag.py
[2022-02-28 15:06:10,778] {processor.py:654} INFO - DAG(s) dict_keys(['example_skip_dag']) retrieved from /opt/anaconda3/envs/airflow/lib/python3.7/site-packages/airflow/example_dags/example_skip_dag.py
[2022-02-28 15:06:10,789] {logging_mixin.py:109} INFO - [2022-02-28 15:06:10,788] {dag.py:2398} INFO - Sync 1 DAGs
[2022-02-28 15:06:10,802] {logging_mixin.py:109} INFO - [2022-02-28 15:06:10,801] {dag.py:2937} INFO - Setting next_dagrun for example_skip_dag to 2022-02-27T07:06:10.801532+00:00
[2022-02-28 15:06:10,813] {processor.py:171} INFO - Processing /opt/anaconda3/envs/airflow/lib/python3.7/site-packages/airflow/example_dags/example_skip_dag.py took 0.073 seconds
[2022-02-28 15:06:51,931] {processor.py:163} INFO - Started process (PID=35116) to work on /opt/anaconda3/envs/airflow/lib/python3.7/site-packages/airflow/example_dags/example_skip_dag.py
[2022-02-28 15:06:51,935] {processor.py:642} INFO - Processing file /opt/anaconda3/envs/airflow/lib/python3.7/site-packages/airflow/example_dags/example_skip_dag.py for tasks to queue
[2022-02-28 15:06:51,938] {logging_mixin.py:109} INFO - [2022-02-28 15:06:51,937] {dagbag.py:500} INFO - Filling up the DagBag from /opt/anaconda3/envs/airflow/lib/python3.7/site-packages/airflow/example_dags/example_skip_dag.py
[2022-02-28 15:06:51,976] {processor.py:654} INFO - DAG(s) dict_keys(['example_skip_dag']) retrieved from /opt/anaconda3/envs/airflow/lib/python3.7/site-packages/airflow/example_dags/example_skip_dag.py
[2022-02-28 15:06:51,990] {logging_mixin.py:109} INFO - [2022-02-28 15:06:51,990] {dag.py:2398} INFO - Sync 1 DAGs
[2022-02-28 15:06:52,008] {logging_mixin.py:109} INFO - [2022-02-28 15:06:52,008] {dag.py:2937} INFO - Setting next_dagrun for example_skip_dag to 2022-02-27T07:06:52.008057+00:00
[2022-02-28 15:06:52,022] {processor.py:171} INFO - Processing /opt/anaconda3/envs/airflow/lib/python3.7/site-packages/airflow/example_dags/example_skip_dag.py took 0.095 seconds
[2022-02-28 15:08:16,913] {processor.py:163} INFO - Started process (PID=35321) to work on /opt/anaconda3/envs/airflow/lib/python3.7/site-packages/airflow/example_dags/example_skip_dag.py
[2022-02-28 15:08:16,916] {processor.py:642} INFO - Processing file /opt/anaconda3/envs/airflow/lib/python3.7/site-packages/airflow/example_dags/example_skip_dag.py for tasks to queue
[2022-02-28 15:08:16,917] {logging_mixin.py:109} INFO - [2022-02-28 15:08:16,917] {dagbag.py:500} INFO - Filling up the DagBag from /opt/anaconda3/envs/airflow/lib/python3.7/site-packages/airflow/example_dags/example_skip_dag.py
[2022-02-28 15:08:16,951] {processor.py:654} INFO - DAG(s) dict_keys(['example_skip_dag']) retrieved from /opt/anaconda3/envs/airflow/lib/python3.7/site-packages/airflow/example_dags/example_skip_dag.py
[2022-02-28 15:08:16,966] {logging_mixin.py:109} INFO - [2022-02-28 15:08:16,966] {dag.py:2398} INFO - Sync 1 DAGs
[2022-02-28 15:08:16,983] {logging_mixin.py:109} INFO - [2022-02-28 15:08:16,982] {dag.py:2937} INFO - Setting next_dagrun for example_skip_dag to 2022-02-27T07:08:16.982221+00:00
[2022-02-28 15:08:16,993] {processor.py:171} INFO - Processing /opt/anaconda3/envs/airflow/lib/python3.7/site-packages/airflow/example_dags/example_skip_dag.py took 0.083 seconds
[2022-02-28 15:08:55,212] {processor.py:163} INFO - Started process (PID=35377) to work on /opt/anaconda3/envs/airflow/lib/python3.7/site-packages/airflow/example_dags/example_skip_dag.py
[2022-02-28 15:08:55,213] {processor.py:642} INFO - Processing file /opt/anaconda3/envs/airflow/lib/python3.7/site-packages/airflow/example_dags/example_skip_dag.py for tasks to queue
[2022-02-28 15:08:55,215] {logging_mixin.py:109} INFO - [2022-02-28 15:08:55,215] {dagbag.py:500} INFO - Filling up the DagBag from /opt/anaconda3/envs/airflow/lib/python3.7/site-packages/airflow/example_dags/example_skip_dag.py
[2022-02-28 15:08:55,253] {processor.py:654} INFO - DAG(s) dict_keys(['example_skip_dag']) retrieved from /opt/anaconda3/envs/airflow/lib/python3.7/site-packages/airflow/example_dags/example_skip_dag.py
[2022-02-28 15:08:55,266] {logging_mixin.py:109} INFO - [2022-02-28 15:08:55,266] {dag.py:2398} INFO - Sync 1 DAGs
[2022-02-28 15:08:55,282] {logging_mixin.py:109} INFO - [2022-02-28 15:08:55,281] {dag.py:2937} INFO - Setting next_dagrun for example_skip_dag to 2022-02-27T07:08:55.281485+00:00
[2022-02-28 15:08:55,293] {processor.py:171} INFO - Processing /opt/anaconda3/envs/airflow/lib/python3.7/site-packages/airflow/example_dags/example_skip_dag.py took 0.085 seconds
[2022-02-28 15:10:04,989] {processor.py:163} INFO - Started process (PID=35562) to work on /opt/anaconda3/envs/airflow/lib/python3.7/site-packages/airflow/example_dags/example_skip_dag.py
[2022-02-28 15:10:04,992] {processor.py:642} INFO - Processing file /opt/anaconda3/envs/airflow/lib/python3.7/site-packages/airflow/example_dags/example_skip_dag.py for tasks to queue
[2022-02-28 15:10:04,993] {logging_mixin.py:109} INFO - [2022-02-28 15:10:04,993] {dagbag.py:500} INFO - Filling up the DagBag from /opt/anaconda3/envs/airflow/lib/python3.7/site-packages/airflow/example_dags/example_skip_dag.py
[2022-02-28 15:10:05,027] {processor.py:654} INFO - DAG(s) dict_keys(['example_skip_dag']) retrieved from /opt/anaconda3/envs/airflow/lib/python3.7/site-packages/airflow/example_dags/example_skip_dag.py
[2022-02-28 15:10:05,038] {logging_mixin.py:109} INFO - [2022-02-28 15:10:05,038] {dag.py:2398} INFO - Sync 1 DAGs
[2022-02-28 15:10:05,051] {logging_mixin.py:109} INFO - [2022-02-28 15:10:05,051] {dag.py:2937} INFO - Setting next_dagrun for example_skip_dag to 2022-02-27T07:10:05.050987+00:00
[2022-02-28 15:10:05,061] {processor.py:171} INFO - Processing /opt/anaconda3/envs/airflow/lib/python3.7/site-packages/airflow/example_dags/example_skip_dag.py took 0.075 seconds
[2022-02-28 15:10:42,779] {processor.py:163} INFO - Started process (PID=35658) to work on /opt/anaconda3/envs/airflow/lib/python3.7/site-packages/airflow/example_dags/example_skip_dag.py
[2022-02-28 15:10:42,782] {processor.py:642} INFO - Processing file /opt/anaconda3/envs/airflow/lib/python3.7/site-packages/airflow/example_dags/example_skip_dag.py for tasks to queue
[2022-02-28 15:10:42,783] {logging_mixin.py:109} INFO - [2022-02-28 15:10:42,783] {dagbag.py:500} INFO - Filling up the DagBag from /opt/anaconda3/envs/airflow/lib/python3.7/site-packages/airflow/example_dags/example_skip_dag.py
[2022-02-28 15:10:42,829] {processor.py:654} INFO - DAG(s) dict_keys(['example_skip_dag']) retrieved from /opt/anaconda3/envs/airflow/lib/python3.7/site-packages/airflow/example_dags/example_skip_dag.py
[2022-02-28 15:10:42,840] {logging_mixin.py:109} INFO - [2022-02-28 15:10:42,840] {dag.py:2398} INFO - Sync 1 DAGs
[2022-02-28 15:10:42,864] {logging_mixin.py:109} INFO - [2022-02-28 15:10:42,863] {dag.py:2937} INFO - Setting next_dagrun for example_skip_dag to 2022-02-27T07:10:42.862671+00:00
[2022-02-28 15:10:42,882] {processor.py:171} INFO - Processing /opt/anaconda3/envs/airflow/lib/python3.7/site-packages/airflow/example_dags/example_skip_dag.py took 0.107 seconds
[2022-02-28 15:16:08,623] {processor.py:163} INFO - Started process (PID=36083) to work on /opt/anaconda3/envs/airflow/lib/python3.7/site-packages/airflow/example_dags/example_skip_dag.py
[2022-02-28 15:16:08,624] {processor.py:642} INFO - Processing file /opt/anaconda3/envs/airflow/lib/python3.7/site-packages/airflow/example_dags/example_skip_dag.py for tasks to queue
[2022-02-28 15:16:08,626] {logging_mixin.py:109} INFO - [2022-02-28 15:16:08,625] {dagbag.py:500} INFO - Filling up the DagBag from /opt/anaconda3/envs/airflow/lib/python3.7/site-packages/airflow/example_dags/example_skip_dag.py
[2022-02-28 15:16:08,654] {processor.py:654} INFO - DAG(s) dict_keys(['example_skip_dag']) retrieved from /opt/anaconda3/envs/airflow/lib/python3.7/site-packages/airflow/example_dags/example_skip_dag.py
[2022-02-28 15:16:08,667] {logging_mixin.py:109} INFO - [2022-02-28 15:16:08,667] {dag.py:2398} INFO - Sync 1 DAGs
[2022-02-28 15:16:08,682] {logging_mixin.py:109} INFO - [2022-02-28 15:16:08,682] {dag.py:2937} INFO - Setting next_dagrun for example_skip_dag to 2022-02-27T07:16:08.681869+00:00
[2022-02-28 15:16:08,693] {processor.py:171} INFO - Processing /opt/anaconda3/envs/airflow/lib/python3.7/site-packages/airflow/example_dags/example_skip_dag.py took 0.073 seconds
[2022-02-28 15:19:15,486] {processor.py:163} INFO - Started process (PID=36314) to work on /opt/anaconda3/envs/airflow/lib/python3.7/site-packages/airflow/example_dags/example_skip_dag.py
[2022-02-28 15:19:15,489] {processor.py:642} INFO - Processing file /opt/anaconda3/envs/airflow/lib/python3.7/site-packages/airflow/example_dags/example_skip_dag.py for tasks to queue
[2022-02-28 15:19:15,490] {logging_mixin.py:109} INFO - [2022-02-28 15:19:15,490] {dagbag.py:500} INFO - Filling up the DagBag from /opt/anaconda3/envs/airflow/lib/python3.7/site-packages/airflow/example_dags/example_skip_dag.py
[2022-02-28 15:19:15,569] {processor.py:654} INFO - DAG(s) dict_keys(['example_skip_dag']) retrieved from /opt/anaconda3/envs/airflow/lib/python3.7/site-packages/airflow/example_dags/example_skip_dag.py
[2022-02-28 15:19:15,599] {logging_mixin.py:109} INFO - [2022-02-28 15:19:15,599] {dag.py:2398} INFO - Sync 1 DAGs
[2022-02-28 15:19:15,629] {logging_mixin.py:109} INFO - [2022-02-28 15:19:15,628] {dag.py:2937} INFO - Setting next_dagrun for example_skip_dag to 2022-02-27T07:19:15.628292+00:00
[2022-02-28 15:19:15,669] {processor.py:171} INFO - Processing /opt/anaconda3/envs/airflow/lib/python3.7/site-packages/airflow/example_dags/example_skip_dag.py took 0.190 seconds
[2022-02-28 15:19:52,991] {processor.py:163} INFO - Started process (PID=36376) to work on /opt/anaconda3/envs/airflow/lib/python3.7/site-packages/airflow/example_dags/example_skip_dag.py
[2022-02-28 15:19:52,995] {processor.py:642} INFO - Processing file /opt/anaconda3/envs/airflow/lib/python3.7/site-packages/airflow/example_dags/example_skip_dag.py for tasks to queue
[2022-02-28 15:19:52,996] {logging_mixin.py:109} INFO - [2022-02-28 15:19:52,996] {dagbag.py:500} INFO - Filling up the DagBag from /opt/anaconda3/envs/airflow/lib/python3.7/site-packages/airflow/example_dags/example_skip_dag.py
[2022-02-28 15:19:53,086] {processor.py:654} INFO - DAG(s) dict_keys(['example_skip_dag']) retrieved from /opt/anaconda3/envs/airflow/lib/python3.7/site-packages/airflow/example_dags/example_skip_dag.py
[2022-02-28 15:19:53,114] {logging_mixin.py:109} INFO - [2022-02-28 15:19:53,114] {dag.py:2398} INFO - Sync 1 DAGs
[2022-02-28 15:19:53,214] {logging_mixin.py:109} INFO - [2022-02-28 15:19:53,214] {dag.py:2937} INFO - Setting next_dagrun for example_skip_dag to 2022-02-27T07:19:53.213503+00:00
[2022-02-28 15:19:53,240] {processor.py:171} INFO - Processing /opt/anaconda3/envs/airflow/lib/python3.7/site-packages/airflow/example_dags/example_skip_dag.py took 0.255 seconds
[2022-02-28 15:20:35,614] {processor.py:163} INFO - Started process (PID=36489) to work on /opt/anaconda3/envs/airflow/lib/python3.7/site-packages/airflow/example_dags/example_skip_dag.py
[2022-02-28 15:20:35,617] {processor.py:642} INFO - Processing file /opt/anaconda3/envs/airflow/lib/python3.7/site-packages/airflow/example_dags/example_skip_dag.py for tasks to queue
[2022-02-28 15:20:35,618] {logging_mixin.py:109} INFO - [2022-02-28 15:20:35,618] {dagbag.py:500} INFO - Filling up the DagBag from /opt/anaconda3/envs/airflow/lib/python3.7/site-packages/airflow/example_dags/example_skip_dag.py
[2022-02-28 15:20:35,651] {processor.py:654} INFO - DAG(s) dict_keys(['example_skip_dag']) retrieved from /opt/anaconda3/envs/airflow/lib/python3.7/site-packages/airflow/example_dags/example_skip_dag.py
[2022-02-28 15:20:35,664] {logging_mixin.py:109} INFO - [2022-02-28 15:20:35,663] {dag.py:2398} INFO - Sync 1 DAGs
[2022-02-28 15:20:35,680] {logging_mixin.py:109} INFO - [2022-02-28 15:20:35,679] {dag.py:2937} INFO - Setting next_dagrun for example_skip_dag to 2022-02-27T07:20:35.679422+00:00
[2022-02-28 15:20:35,693] {processor.py:171} INFO - Processing /opt/anaconda3/envs/airflow/lib/python3.7/site-packages/airflow/example_dags/example_skip_dag.py took 0.082 seconds
[2022-02-28 15:21:17,624] {processor.py:163} INFO - Started process (PID=36535) to work on /opt/anaconda3/envs/airflow/lib/python3.7/site-packages/airflow/example_dags/example_skip_dag.py
[2022-02-28 15:21:17,627] {processor.py:642} INFO - Processing file /opt/anaconda3/envs/airflow/lib/python3.7/site-packages/airflow/example_dags/example_skip_dag.py for tasks to queue
[2022-02-28 15:21:17,629] {logging_mixin.py:109} INFO - [2022-02-28 15:21:17,628] {dagbag.py:500} INFO - Filling up the DagBag from /opt/anaconda3/envs/airflow/lib/python3.7/site-packages/airflow/example_dags/example_skip_dag.py
[2022-02-28 15:21:17,690] {processor.py:654} INFO - DAG(s) dict_keys(['example_skip_dag']) retrieved from /opt/anaconda3/envs/airflow/lib/python3.7/site-packages/airflow/example_dags/example_skip_dag.py
[2022-02-28 15:21:17,704] {logging_mixin.py:109} INFO - [2022-02-28 15:21:17,704] {dag.py:2398} INFO - Sync 1 DAGs
[2022-02-28 15:21:17,722] {logging_mixin.py:109} INFO - [2022-02-28 15:21:17,722] {dag.py:2937} INFO - Setting next_dagrun for example_skip_dag to 2022-02-27T07:21:17.721819+00:00
[2022-02-28 15:21:17,734] {processor.py:171} INFO - Processing /opt/anaconda3/envs/airflow/lib/python3.7/site-packages/airflow/example_dags/example_skip_dag.py took 0.122 seconds
[2022-02-28 15:21:58,354] {processor.py:163} INFO - Started process (PID=36576) to work on /opt/anaconda3/envs/airflow/lib/python3.7/site-packages/airflow/example_dags/example_skip_dag.py
[2022-02-28 15:21:58,357] {processor.py:642} INFO - Processing file /opt/anaconda3/envs/airflow/lib/python3.7/site-packages/airflow/example_dags/example_skip_dag.py for tasks to queue
[2022-02-28 15:21:58,358] {logging_mixin.py:109} INFO - [2022-02-28 15:21:58,358] {dagbag.py:500} INFO - Filling up the DagBag from /opt/anaconda3/envs/airflow/lib/python3.7/site-packages/airflow/example_dags/example_skip_dag.py
[2022-02-28 15:21:58,413] {processor.py:654} INFO - DAG(s) dict_keys(['example_skip_dag']) retrieved from /opt/anaconda3/envs/airflow/lib/python3.7/site-packages/airflow/example_dags/example_skip_dag.py
[2022-02-28 15:21:58,442] {logging_mixin.py:109} INFO - [2022-02-28 15:21:58,442] {dag.py:2398} INFO - Sync 1 DAGs
[2022-02-28 15:21:58,464] {logging_mixin.py:109} INFO - [2022-02-28 15:21:58,462] {dag.py:2937} INFO - Setting next_dagrun for example_skip_dag to 2022-02-27T07:21:58.462042+00:00
[2022-02-28 15:21:58,485] {processor.py:171} INFO - Processing /opt/anaconda3/envs/airflow/lib/python3.7/site-packages/airflow/example_dags/example_skip_dag.py took 0.139 seconds
[2022-02-28 15:22:37,814] {processor.py:163} INFO - Started process (PID=36613) to work on /opt/anaconda3/envs/airflow/lib/python3.7/site-packages/airflow/example_dags/example_skip_dag.py
[2022-02-28 15:22:37,816] {processor.py:642} INFO - Processing file /opt/anaconda3/envs/airflow/lib/python3.7/site-packages/airflow/example_dags/example_skip_dag.py for tasks to queue
[2022-02-28 15:22:37,818] {logging_mixin.py:109} INFO - [2022-02-28 15:22:37,817] {dagbag.py:500} INFO - Filling up the DagBag from /opt/anaconda3/envs/airflow/lib/python3.7/site-packages/airflow/example_dags/example_skip_dag.py
[2022-02-28 15:22:37,889] {processor.py:654} INFO - DAG(s) dict_keys(['example_skip_dag']) retrieved from /opt/anaconda3/envs/airflow/lib/python3.7/site-packages/airflow/example_dags/example_skip_dag.py
[2022-02-28 15:22:37,916] {logging_mixin.py:109} INFO - [2022-02-28 15:22:37,915] {dag.py:2398} INFO - Sync 1 DAGs
[2022-02-28 15:22:37,963] {logging_mixin.py:109} INFO - [2022-02-28 15:22:37,962] {dag.py:2937} INFO - Setting next_dagrun for example_skip_dag to 2022-02-27T07:22:37.961964+00:00
[2022-02-28 15:22:37,977] {processor.py:171} INFO - Processing /opt/anaconda3/envs/airflow/lib/python3.7/site-packages/airflow/example_dags/example_skip_dag.py took 0.176 seconds
