[2022-02-28 14:25:32,532] {processor.py:163} INFO - Started process (PID=31693) to work on /opt/anaconda3/envs/airflow/lib/python3.7/site-packages/airflow/example_dags/example_time_delta_sensor_async.py
[2022-02-28 14:25:32,533] {processor.py:642} INFO - Processing file /opt/anaconda3/envs/airflow/lib/python3.7/site-packages/airflow/example_dags/example_time_delta_sensor_async.py for tasks to queue
[2022-02-28 14:25:32,535] {logging_mixin.py:109} INFO - [2022-02-28 14:25:32,534] {dagbag.py:500} INFO - Filling up the DagBag from /opt/anaconda3/envs/airflow/lib/python3.7/site-packages/airflow/example_dags/example_time_delta_sensor_async.py
[2022-02-28 14:25:32,569] {processor.py:654} INFO - DAG(s) dict_keys(['example_time_delta_sensor_async']) retrieved from /opt/anaconda3/envs/airflow/lib/python3.7/site-packages/airflow/example_dags/example_time_delta_sensor_async.py
[2022-02-28 14:25:32,580] {logging_mixin.py:109} INFO - [2022-02-28 14:25:32,580] {dag.py:2398} INFO - Sync 1 DAGs
[2022-02-28 14:25:32,594] {logging_mixin.py:109} INFO - [2022-02-28 14:25:32,594] {dag.py:2937} INFO - Setting next_dagrun for example_time_delta_sensor_async to None
[2022-02-28 14:25:32,604] {processor.py:171} INFO - Processing /opt/anaconda3/envs/airflow/lib/python3.7/site-packages/airflow/example_dags/example_time_delta_sensor_async.py took 0.076 seconds
[2022-02-28 14:26:10,316] {processor.py:163} INFO - Started process (PID=31737) to work on /opt/anaconda3/envs/airflow/lib/python3.7/site-packages/airflow/example_dags/example_time_delta_sensor_async.py
[2022-02-28 14:26:10,319] {processor.py:642} INFO - Processing file /opt/anaconda3/envs/airflow/lib/python3.7/site-packages/airflow/example_dags/example_time_delta_sensor_async.py for tasks to queue
[2022-02-28 14:26:10,320] {logging_mixin.py:109} INFO - [2022-02-28 14:26:10,319] {dagbag.py:500} INFO - Filling up the DagBag from /opt/anaconda3/envs/airflow/lib/python3.7/site-packages/airflow/example_dags/example_time_delta_sensor_async.py
[2022-02-28 14:26:10,353] {processor.py:654} INFO - DAG(s) dict_keys(['example_time_delta_sensor_async']) retrieved from /opt/anaconda3/envs/airflow/lib/python3.7/site-packages/airflow/example_dags/example_time_delta_sensor_async.py
[2022-02-28 14:26:10,363] {logging_mixin.py:109} INFO - [2022-02-28 14:26:10,362] {dag.py:2398} INFO - Sync 1 DAGs
[2022-02-28 14:26:10,376] {logging_mixin.py:109} INFO - [2022-02-28 14:26:10,375] {dag.py:2937} INFO - Setting next_dagrun for example_time_delta_sensor_async to None
[2022-02-28 14:26:10,385] {processor.py:171} INFO - Processing /opt/anaconda3/envs/airflow/lib/python3.7/site-packages/airflow/example_dags/example_time_delta_sensor_async.py took 0.073 seconds
[2022-02-28 14:26:51,812] {processor.py:163} INFO - Started process (PID=31797) to work on /opt/anaconda3/envs/airflow/lib/python3.7/site-packages/airflow/example_dags/example_time_delta_sensor_async.py
[2022-02-28 14:26:51,815] {processor.py:642} INFO - Processing file /opt/anaconda3/envs/airflow/lib/python3.7/site-packages/airflow/example_dags/example_time_delta_sensor_async.py for tasks to queue
[2022-02-28 14:26:51,816] {logging_mixin.py:109} INFO - [2022-02-28 14:26:51,816] {dagbag.py:500} INFO - Filling up the DagBag from /opt/anaconda3/envs/airflow/lib/python3.7/site-packages/airflow/example_dags/example_time_delta_sensor_async.py
[2022-02-28 14:26:51,847] {processor.py:654} INFO - DAG(s) dict_keys(['example_time_delta_sensor_async']) retrieved from /opt/anaconda3/envs/airflow/lib/python3.7/site-packages/airflow/example_dags/example_time_delta_sensor_async.py
[2022-02-28 14:26:51,857] {logging_mixin.py:109} INFO - [2022-02-28 14:26:51,856] {dag.py:2398} INFO - Sync 1 DAGs
[2022-02-28 14:26:51,870] {logging_mixin.py:109} INFO - [2022-02-28 14:26:51,870] {dag.py:2937} INFO - Setting next_dagrun for example_time_delta_sensor_async to None
[2022-02-28 14:26:51,880] {processor.py:171} INFO - Processing /opt/anaconda3/envs/airflow/lib/python3.7/site-packages/airflow/example_dags/example_time_delta_sensor_async.py took 0.071 seconds
[2022-02-28 14:27:33,957] {processor.py:163} INFO - Started process (PID=31850) to work on /opt/anaconda3/envs/airflow/lib/python3.7/site-packages/airflow/example_dags/example_time_delta_sensor_async.py
[2022-02-28 14:27:33,960] {processor.py:642} INFO - Processing file /opt/anaconda3/envs/airflow/lib/python3.7/site-packages/airflow/example_dags/example_time_delta_sensor_async.py for tasks to queue
[2022-02-28 14:27:33,961] {logging_mixin.py:109} INFO - [2022-02-28 14:27:33,960] {dagbag.py:500} INFO - Filling up the DagBag from /opt/anaconda3/envs/airflow/lib/python3.7/site-packages/airflow/example_dags/example_time_delta_sensor_async.py
[2022-02-28 14:27:33,997] {processor.py:654} INFO - DAG(s) dict_keys(['example_time_delta_sensor_async']) retrieved from /opt/anaconda3/envs/airflow/lib/python3.7/site-packages/airflow/example_dags/example_time_delta_sensor_async.py
[2022-02-28 14:27:34,006] {logging_mixin.py:109} INFO - [2022-02-28 14:27:34,006] {dag.py:2398} INFO - Sync 1 DAGs
[2022-02-28 14:27:34,021] {logging_mixin.py:109} INFO - [2022-02-28 14:27:34,021] {dag.py:2937} INFO - Setting next_dagrun for example_time_delta_sensor_async to None
[2022-02-28 14:27:34,039] {processor.py:171} INFO - Processing /opt/anaconda3/envs/airflow/lib/python3.7/site-packages/airflow/example_dags/example_time_delta_sensor_async.py took 0.086 seconds
[2022-02-28 14:28:57,290] {processor.py:163} INFO - Started process (PID=32019) to work on /opt/anaconda3/envs/airflow/lib/python3.7/site-packages/airflow/example_dags/example_time_delta_sensor_async.py
[2022-02-28 14:28:57,292] {processor.py:642} INFO - Processing file /opt/anaconda3/envs/airflow/lib/python3.7/site-packages/airflow/example_dags/example_time_delta_sensor_async.py for tasks to queue
[2022-02-28 14:28:57,293] {logging_mixin.py:109} INFO - [2022-02-28 14:28:57,293] {dagbag.py:500} INFO - Filling up the DagBag from /opt/anaconda3/envs/airflow/lib/python3.7/site-packages/airflow/example_dags/example_time_delta_sensor_async.py
[2022-02-28 14:28:57,324] {processor.py:654} INFO - DAG(s) dict_keys(['example_time_delta_sensor_async']) retrieved from /opt/anaconda3/envs/airflow/lib/python3.7/site-packages/airflow/example_dags/example_time_delta_sensor_async.py
[2022-02-28 14:28:57,337] {logging_mixin.py:109} INFO - [2022-02-28 14:28:57,337] {dag.py:2398} INFO - Sync 1 DAGs
[2022-02-28 14:28:57,352] {logging_mixin.py:109} INFO - [2022-02-28 14:28:57,351] {dag.py:2937} INFO - Setting next_dagrun for example_time_delta_sensor_async to None
[2022-02-28 14:28:57,361] {processor.py:171} INFO - Processing /opt/anaconda3/envs/airflow/lib/python3.7/site-packages/airflow/example_dags/example_time_delta_sensor_async.py took 0.075 seconds
[2022-02-28 14:29:40,186] {processor.py:163} INFO - Started process (PID=32082) to work on /opt/anaconda3/envs/airflow/lib/python3.7/site-packages/airflow/example_dags/example_time_delta_sensor_async.py
[2022-02-28 14:29:40,188] {processor.py:642} INFO - Processing file /opt/anaconda3/envs/airflow/lib/python3.7/site-packages/airflow/example_dags/example_time_delta_sensor_async.py for tasks to queue
[2022-02-28 14:29:40,189] {logging_mixin.py:109} INFO - [2022-02-28 14:29:40,188] {dagbag.py:500} INFO - Filling up the DagBag from /opt/anaconda3/envs/airflow/lib/python3.7/site-packages/airflow/example_dags/example_time_delta_sensor_async.py
[2022-02-28 14:29:40,221] {processor.py:654} INFO - DAG(s) dict_keys(['example_time_delta_sensor_async']) retrieved from /opt/anaconda3/envs/airflow/lib/python3.7/site-packages/airflow/example_dags/example_time_delta_sensor_async.py
[2022-02-28 14:29:40,230] {logging_mixin.py:109} INFO - [2022-02-28 14:29:40,230] {dag.py:2398} INFO - Sync 1 DAGs
[2022-02-28 14:29:40,245] {logging_mixin.py:109} INFO - [2022-02-28 14:29:40,245] {dag.py:2937} INFO - Setting next_dagrun for example_time_delta_sensor_async to None
[2022-02-28 14:29:40,271] {processor.py:171} INFO - Processing /opt/anaconda3/envs/airflow/lib/python3.7/site-packages/airflow/example_dags/example_time_delta_sensor_async.py took 0.089 seconds
[2022-02-28 14:30:27,777] {processor.py:163} INFO - Started process (PID=32145) to work on /opt/anaconda3/envs/airflow/lib/python3.7/site-packages/airflow/example_dags/example_time_delta_sensor_async.py
[2022-02-28 14:30:27,780] {processor.py:642} INFO - Processing file /opt/anaconda3/envs/airflow/lib/python3.7/site-packages/airflow/example_dags/example_time_delta_sensor_async.py for tasks to queue
[2022-02-28 14:30:27,781] {logging_mixin.py:109} INFO - [2022-02-28 14:30:27,781] {dagbag.py:500} INFO - Filling up the DagBag from /opt/anaconda3/envs/airflow/lib/python3.7/site-packages/airflow/example_dags/example_time_delta_sensor_async.py
[2022-02-28 14:30:27,811] {processor.py:654} INFO - DAG(s) dict_keys(['example_time_delta_sensor_async']) retrieved from /opt/anaconda3/envs/airflow/lib/python3.7/site-packages/airflow/example_dags/example_time_delta_sensor_async.py
[2022-02-28 14:30:27,820] {logging_mixin.py:109} INFO - [2022-02-28 14:30:27,820] {dag.py:2398} INFO - Sync 1 DAGs
[2022-02-28 14:30:27,833] {logging_mixin.py:109} INFO - [2022-02-28 14:30:27,833] {dag.py:2937} INFO - Setting next_dagrun for example_time_delta_sensor_async to None
[2022-02-28 14:30:27,844] {processor.py:171} INFO - Processing /opt/anaconda3/envs/airflow/lib/python3.7/site-packages/airflow/example_dags/example_time_delta_sensor_async.py took 0.071 seconds
[2022-02-28 14:31:05,848] {processor.py:163} INFO - Started process (PID=32189) to work on /opt/anaconda3/envs/airflow/lib/python3.7/site-packages/airflow/example_dags/example_time_delta_sensor_async.py
[2022-02-28 14:31:05,851] {processor.py:642} INFO - Processing file /opt/anaconda3/envs/airflow/lib/python3.7/site-packages/airflow/example_dags/example_time_delta_sensor_async.py for tasks to queue
[2022-02-28 14:31:05,852] {logging_mixin.py:109} INFO - [2022-02-28 14:31:05,851] {dagbag.py:500} INFO - Filling up the DagBag from /opt/anaconda3/envs/airflow/lib/python3.7/site-packages/airflow/example_dags/example_time_delta_sensor_async.py
[2022-02-28 14:31:05,881] {processor.py:654} INFO - DAG(s) dict_keys(['example_time_delta_sensor_async']) retrieved from /opt/anaconda3/envs/airflow/lib/python3.7/site-packages/airflow/example_dags/example_time_delta_sensor_async.py
[2022-02-28 14:31:05,891] {logging_mixin.py:109} INFO - [2022-02-28 14:31:05,891] {dag.py:2398} INFO - Sync 1 DAGs
[2022-02-28 14:31:05,904] {logging_mixin.py:109} INFO - [2022-02-28 14:31:05,904] {dag.py:2937} INFO - Setting next_dagrun for example_time_delta_sensor_async to None
[2022-02-28 14:31:05,914] {processor.py:171} INFO - Processing /opt/anaconda3/envs/airflow/lib/python3.7/site-packages/airflow/example_dags/example_time_delta_sensor_async.py took 0.070 seconds
[2022-02-28 14:33:01,742] {processor.py:163} INFO - Started process (PID=32322) to work on /opt/anaconda3/envs/airflow/lib/python3.7/site-packages/airflow/example_dags/example_time_delta_sensor_async.py
[2022-02-28 14:33:01,747] {processor.py:642} INFO - Processing file /opt/anaconda3/envs/airflow/lib/python3.7/site-packages/airflow/example_dags/example_time_delta_sensor_async.py for tasks to queue
[2022-02-28 14:33:01,749] {logging_mixin.py:109} INFO - [2022-02-28 14:33:01,748] {dagbag.py:500} INFO - Filling up the DagBag from /opt/anaconda3/envs/airflow/lib/python3.7/site-packages/airflow/example_dags/example_time_delta_sensor_async.py
[2022-02-28 14:33:01,865] {processor.py:654} INFO - DAG(s) dict_keys(['example_time_delta_sensor_async']) retrieved from /opt/anaconda3/envs/airflow/lib/python3.7/site-packages/airflow/example_dags/example_time_delta_sensor_async.py
[2022-02-28 14:33:01,883] {logging_mixin.py:109} INFO - [2022-02-28 14:33:01,883] {dag.py:2398} INFO - Sync 1 DAGs
[2022-02-28 14:33:01,904] {logging_mixin.py:109} INFO - [2022-02-28 14:33:01,904] {dag.py:2937} INFO - Setting next_dagrun for example_time_delta_sensor_async to None
[2022-02-28 14:33:01,921] {processor.py:171} INFO - Processing /opt/anaconda3/envs/airflow/lib/python3.7/site-packages/airflow/example_dags/example_time_delta_sensor_async.py took 0.188 seconds
[2022-02-28 14:33:43,147] {processor.py:163} INFO - Started process (PID=32388) to work on /opt/anaconda3/envs/airflow/lib/python3.7/site-packages/airflow/example_dags/example_time_delta_sensor_async.py
[2022-02-28 14:33:43,149] {processor.py:642} INFO - Processing file /opt/anaconda3/envs/airflow/lib/python3.7/site-packages/airflow/example_dags/example_time_delta_sensor_async.py for tasks to queue
[2022-02-28 14:33:43,150] {logging_mixin.py:109} INFO - [2022-02-28 14:33:43,150] {dagbag.py:500} INFO - Filling up the DagBag from /opt/anaconda3/envs/airflow/lib/python3.7/site-packages/airflow/example_dags/example_time_delta_sensor_async.py
[2022-02-28 14:33:43,195] {processor.py:654} INFO - DAG(s) dict_keys(['example_time_delta_sensor_async']) retrieved from /opt/anaconda3/envs/airflow/lib/python3.7/site-packages/airflow/example_dags/example_time_delta_sensor_async.py
[2022-02-28 14:33:43,212] {logging_mixin.py:109} INFO - [2022-02-28 14:33:43,211] {dag.py:2398} INFO - Sync 1 DAGs
[2022-02-28 14:33:43,231] {logging_mixin.py:109} INFO - [2022-02-28 14:33:43,231] {dag.py:2937} INFO - Setting next_dagrun for example_time_delta_sensor_async to None
[2022-02-28 14:33:43,242] {processor.py:171} INFO - Processing /opt/anaconda3/envs/airflow/lib/python3.7/site-packages/airflow/example_dags/example_time_delta_sensor_async.py took 0.099 seconds
[2022-02-28 14:34:26,366] {processor.py:163} INFO - Started process (PID=32458) to work on /opt/anaconda3/envs/airflow/lib/python3.7/site-packages/airflow/example_dags/example_time_delta_sensor_async.py
[2022-02-28 14:34:26,369] {processor.py:642} INFO - Processing file /opt/anaconda3/envs/airflow/lib/python3.7/site-packages/airflow/example_dags/example_time_delta_sensor_async.py for tasks to queue
[2022-02-28 14:34:26,370] {logging_mixin.py:109} INFO - [2022-02-28 14:34:26,369] {dagbag.py:500} INFO - Filling up the DagBag from /opt/anaconda3/envs/airflow/lib/python3.7/site-packages/airflow/example_dags/example_time_delta_sensor_async.py
[2022-02-28 14:34:26,406] {processor.py:654} INFO - DAG(s) dict_keys(['example_time_delta_sensor_async']) retrieved from /opt/anaconda3/envs/airflow/lib/python3.7/site-packages/airflow/example_dags/example_time_delta_sensor_async.py
[2022-02-28 14:34:26,417] {logging_mixin.py:109} INFO - [2022-02-28 14:34:26,417] {dag.py:2398} INFO - Sync 1 DAGs
[2022-02-28 14:34:26,436] {logging_mixin.py:109} INFO - [2022-02-28 14:34:26,436] {dag.py:2937} INFO - Setting next_dagrun for example_time_delta_sensor_async to None
[2022-02-28 14:34:26,448] {processor.py:171} INFO - Processing /opt/anaconda3/envs/airflow/lib/python3.7/site-packages/airflow/example_dags/example_time_delta_sensor_async.py took 0.086 seconds
[2022-02-28 14:35:05,636] {processor.py:163} INFO - Started process (PID=32497) to work on /opt/anaconda3/envs/airflow/lib/python3.7/site-packages/airflow/example_dags/example_time_delta_sensor_async.py
[2022-02-28 14:35:05,638] {processor.py:642} INFO - Processing file /opt/anaconda3/envs/airflow/lib/python3.7/site-packages/airflow/example_dags/example_time_delta_sensor_async.py for tasks to queue
[2022-02-28 14:35:05,639] {logging_mixin.py:109} INFO - [2022-02-28 14:35:05,638] {dagbag.py:500} INFO - Filling up the DagBag from /opt/anaconda3/envs/airflow/lib/python3.7/site-packages/airflow/example_dags/example_time_delta_sensor_async.py
[2022-02-28 14:35:05,678] {processor.py:654} INFO - DAG(s) dict_keys(['example_time_delta_sensor_async']) retrieved from /opt/anaconda3/envs/airflow/lib/python3.7/site-packages/airflow/example_dags/example_time_delta_sensor_async.py
[2022-02-28 14:35:05,693] {logging_mixin.py:109} INFO - [2022-02-28 14:35:05,692] {dag.py:2398} INFO - Sync 1 DAGs
[2022-02-28 14:35:05,710] {logging_mixin.py:109} INFO - [2022-02-28 14:35:05,709] {dag.py:2937} INFO - Setting next_dagrun for example_time_delta_sensor_async to None
[2022-02-28 14:35:05,721] {processor.py:171} INFO - Processing /opt/anaconda3/envs/airflow/lib/python3.7/site-packages/airflow/example_dags/example_time_delta_sensor_async.py took 0.091 seconds
[2022-02-28 14:35:47,052] {processor.py:163} INFO - Started process (PID=32538) to work on /opt/anaconda3/envs/airflow/lib/python3.7/site-packages/airflow/example_dags/example_time_delta_sensor_async.py
[2022-02-28 14:35:47,054] {processor.py:642} INFO - Processing file /opt/anaconda3/envs/airflow/lib/python3.7/site-packages/airflow/example_dags/example_time_delta_sensor_async.py for tasks to queue
[2022-02-28 14:35:47,055] {logging_mixin.py:109} INFO - [2022-02-28 14:35:47,055] {dagbag.py:500} INFO - Filling up the DagBag from /opt/anaconda3/envs/airflow/lib/python3.7/site-packages/airflow/example_dags/example_time_delta_sensor_async.py
[2022-02-28 14:35:47,093] {processor.py:654} INFO - DAG(s) dict_keys(['example_time_delta_sensor_async']) retrieved from /opt/anaconda3/envs/airflow/lib/python3.7/site-packages/airflow/example_dags/example_time_delta_sensor_async.py
[2022-02-28 14:35:47,105] {logging_mixin.py:109} INFO - [2022-02-28 14:35:47,105] {dag.py:2398} INFO - Sync 1 DAGs
[2022-02-28 14:35:47,128] {logging_mixin.py:109} INFO - [2022-02-28 14:35:47,127] {dag.py:2937} INFO - Setting next_dagrun for example_time_delta_sensor_async to None
[2022-02-28 14:35:47,146] {processor.py:171} INFO - Processing /opt/anaconda3/envs/airflow/lib/python3.7/site-packages/airflow/example_dags/example_time_delta_sensor_async.py took 0.098 seconds
[2022-02-28 14:36:30,875] {processor.py:163} INFO - Started process (PID=32589) to work on /opt/anaconda3/envs/airflow/lib/python3.7/site-packages/airflow/example_dags/example_time_delta_sensor_async.py
[2022-02-28 14:36:30,877] {processor.py:642} INFO - Processing file /opt/anaconda3/envs/airflow/lib/python3.7/site-packages/airflow/example_dags/example_time_delta_sensor_async.py for tasks to queue
[2022-02-28 14:36:30,879] {logging_mixin.py:109} INFO - [2022-02-28 14:36:30,878] {dagbag.py:500} INFO - Filling up the DagBag from /opt/anaconda3/envs/airflow/lib/python3.7/site-packages/airflow/example_dags/example_time_delta_sensor_async.py
[2022-02-28 14:36:30,911] {processor.py:654} INFO - DAG(s) dict_keys(['example_time_delta_sensor_async']) retrieved from /opt/anaconda3/envs/airflow/lib/python3.7/site-packages/airflow/example_dags/example_time_delta_sensor_async.py
[2022-02-28 14:36:30,922] {logging_mixin.py:109} INFO - [2022-02-28 14:36:30,921] {dag.py:2398} INFO - Sync 1 DAGs
[2022-02-28 14:36:30,938] {logging_mixin.py:109} INFO - [2022-02-28 14:36:30,937] {dag.py:2937} INFO - Setting next_dagrun for example_time_delta_sensor_async to None
[2022-02-28 14:36:30,949] {processor.py:171} INFO - Processing /opt/anaconda3/envs/airflow/lib/python3.7/site-packages/airflow/example_dags/example_time_delta_sensor_async.py took 0.077 seconds
[2022-02-28 14:37:08,397] {processor.py:163} INFO - Started process (PID=32626) to work on /opt/anaconda3/envs/airflow/lib/python3.7/site-packages/airflow/example_dags/example_time_delta_sensor_async.py
[2022-02-28 14:37:08,400] {processor.py:642} INFO - Processing file /opt/anaconda3/envs/airflow/lib/python3.7/site-packages/airflow/example_dags/example_time_delta_sensor_async.py for tasks to queue
[2022-02-28 14:37:08,401] {logging_mixin.py:109} INFO - [2022-02-28 14:37:08,401] {dagbag.py:500} INFO - Filling up the DagBag from /opt/anaconda3/envs/airflow/lib/python3.7/site-packages/airflow/example_dags/example_time_delta_sensor_async.py
[2022-02-28 14:37:08,436] {processor.py:654} INFO - DAG(s) dict_keys(['example_time_delta_sensor_async']) retrieved from /opt/anaconda3/envs/airflow/lib/python3.7/site-packages/airflow/example_dags/example_time_delta_sensor_async.py
[2022-02-28 14:37:08,447] {logging_mixin.py:109} INFO - [2022-02-28 14:37:08,446] {dag.py:2398} INFO - Sync 1 DAGs
[2022-02-28 14:37:08,461] {logging_mixin.py:109} INFO - [2022-02-28 14:37:08,461] {dag.py:2937} INFO - Setting next_dagrun for example_time_delta_sensor_async to None
[2022-02-28 14:37:08,472] {processor.py:171} INFO - Processing /opt/anaconda3/envs/airflow/lib/python3.7/site-packages/airflow/example_dags/example_time_delta_sensor_async.py took 0.080 seconds
[2022-02-28 14:37:46,792] {processor.py:163} INFO - Started process (PID=32662) to work on /opt/anaconda3/envs/airflow/lib/python3.7/site-packages/airflow/example_dags/example_time_delta_sensor_async.py
[2022-02-28 14:37:46,793] {processor.py:642} INFO - Processing file /opt/anaconda3/envs/airflow/lib/python3.7/site-packages/airflow/example_dags/example_time_delta_sensor_async.py for tasks to queue
[2022-02-28 14:37:46,795] {logging_mixin.py:109} INFO - [2022-02-28 14:37:46,795] {dagbag.py:500} INFO - Filling up the DagBag from /opt/anaconda3/envs/airflow/lib/python3.7/site-packages/airflow/example_dags/example_time_delta_sensor_async.py
[2022-02-28 14:37:46,828] {processor.py:654} INFO - DAG(s) dict_keys(['example_time_delta_sensor_async']) retrieved from /opt/anaconda3/envs/airflow/lib/python3.7/site-packages/airflow/example_dags/example_time_delta_sensor_async.py
[2022-02-28 14:37:46,839] {logging_mixin.py:109} INFO - [2022-02-28 14:37:46,839] {dag.py:2398} INFO - Sync 1 DAGs
[2022-02-28 14:37:46,854] {logging_mixin.py:109} INFO - [2022-02-28 14:37:46,853] {dag.py:2937} INFO - Setting next_dagrun for example_time_delta_sensor_async to None
[2022-02-28 14:37:46,864] {processor.py:171} INFO - Processing /opt/anaconda3/envs/airflow/lib/python3.7/site-packages/airflow/example_dags/example_time_delta_sensor_async.py took 0.077 seconds
[2022-02-28 14:38:22,539] {processor.py:163} INFO - Started process (PID=32696) to work on /opt/anaconda3/envs/airflow/lib/python3.7/site-packages/airflow/example_dags/example_time_delta_sensor_async.py
[2022-02-28 14:38:22,540] {processor.py:642} INFO - Processing file /opt/anaconda3/envs/airflow/lib/python3.7/site-packages/airflow/example_dags/example_time_delta_sensor_async.py for tasks to queue
[2022-02-28 14:38:22,541] {logging_mixin.py:109} INFO - [2022-02-28 14:38:22,541] {dagbag.py:500} INFO - Filling up the DagBag from /opt/anaconda3/envs/airflow/lib/python3.7/site-packages/airflow/example_dags/example_time_delta_sensor_async.py
[2022-02-28 14:38:22,571] {processor.py:654} INFO - DAG(s) dict_keys(['example_time_delta_sensor_async']) retrieved from /opt/anaconda3/envs/airflow/lib/python3.7/site-packages/airflow/example_dags/example_time_delta_sensor_async.py
[2022-02-28 14:38:22,581] {logging_mixin.py:109} INFO - [2022-02-28 14:38:22,581] {dag.py:2398} INFO - Sync 1 DAGs
[2022-02-28 14:38:22,595] {logging_mixin.py:109} INFO - [2022-02-28 14:38:22,595] {dag.py:2937} INFO - Setting next_dagrun for example_time_delta_sensor_async to None
[2022-02-28 14:38:22,606] {processor.py:171} INFO - Processing /opt/anaconda3/envs/airflow/lib/python3.7/site-packages/airflow/example_dags/example_time_delta_sensor_async.py took 0.071 seconds
[2022-02-28 14:38:59,025] {processor.py:163} INFO - Started process (PID=32731) to work on /opt/anaconda3/envs/airflow/lib/python3.7/site-packages/airflow/example_dags/example_time_delta_sensor_async.py
[2022-02-28 14:38:59,028] {processor.py:642} INFO - Processing file /opt/anaconda3/envs/airflow/lib/python3.7/site-packages/airflow/example_dags/example_time_delta_sensor_async.py for tasks to queue
[2022-02-28 14:38:59,029] {logging_mixin.py:109} INFO - [2022-02-28 14:38:59,028] {dagbag.py:500} INFO - Filling up the DagBag from /opt/anaconda3/envs/airflow/lib/python3.7/site-packages/airflow/example_dags/example_time_delta_sensor_async.py
[2022-02-28 14:38:59,060] {processor.py:654} INFO - DAG(s) dict_keys(['example_time_delta_sensor_async']) retrieved from /opt/anaconda3/envs/airflow/lib/python3.7/site-packages/airflow/example_dags/example_time_delta_sensor_async.py
[2022-02-28 14:38:59,074] {logging_mixin.py:109} INFO - [2022-02-28 14:38:59,074] {dag.py:2398} INFO - Sync 1 DAGs
[2022-02-28 14:38:59,089] {logging_mixin.py:109} INFO - [2022-02-28 14:38:59,088] {dag.py:2937} INFO - Setting next_dagrun for example_time_delta_sensor_async to None
[2022-02-28 14:38:59,099] {processor.py:171} INFO - Processing /opt/anaconda3/envs/airflow/lib/python3.7/site-packages/airflow/example_dags/example_time_delta_sensor_async.py took 0.078 seconds
[2022-02-28 14:39:40,476] {processor.py:163} INFO - Started process (PID=32782) to work on /opt/anaconda3/envs/airflow/lib/python3.7/site-packages/airflow/example_dags/example_time_delta_sensor_async.py
[2022-02-28 14:39:40,478] {processor.py:642} INFO - Processing file /opt/anaconda3/envs/airflow/lib/python3.7/site-packages/airflow/example_dags/example_time_delta_sensor_async.py for tasks to queue
[2022-02-28 14:39:40,480] {logging_mixin.py:109} INFO - [2022-02-28 14:39:40,479] {dagbag.py:500} INFO - Filling up the DagBag from /opt/anaconda3/envs/airflow/lib/python3.7/site-packages/airflow/example_dags/example_time_delta_sensor_async.py
[2022-02-28 14:39:40,510] {processor.py:654} INFO - DAG(s) dict_keys(['example_time_delta_sensor_async']) retrieved from /opt/anaconda3/envs/airflow/lib/python3.7/site-packages/airflow/example_dags/example_time_delta_sensor_async.py
[2022-02-28 14:39:40,521] {logging_mixin.py:109} INFO - [2022-02-28 14:39:40,521] {dag.py:2398} INFO - Sync 1 DAGs
[2022-02-28 14:39:40,536] {logging_mixin.py:109} INFO - [2022-02-28 14:39:40,535] {dag.py:2937} INFO - Setting next_dagrun for example_time_delta_sensor_async to None
[2022-02-28 14:39:40,548] {processor.py:171} INFO - Processing /opt/anaconda3/envs/airflow/lib/python3.7/site-packages/airflow/example_dags/example_time_delta_sensor_async.py took 0.076 seconds
[2022-02-28 14:40:20,231] {processor.py:163} INFO - Started process (PID=32821) to work on /opt/anaconda3/envs/airflow/lib/python3.7/site-packages/airflow/example_dags/example_time_delta_sensor_async.py
[2022-02-28 14:40:20,232] {processor.py:642} INFO - Processing file /opt/anaconda3/envs/airflow/lib/python3.7/site-packages/airflow/example_dags/example_time_delta_sensor_async.py for tasks to queue
[2022-02-28 14:40:20,234] {logging_mixin.py:109} INFO - [2022-02-28 14:40:20,234] {dagbag.py:500} INFO - Filling up the DagBag from /opt/anaconda3/envs/airflow/lib/python3.7/site-packages/airflow/example_dags/example_time_delta_sensor_async.py
[2022-02-28 14:40:20,267] {processor.py:654} INFO - DAG(s) dict_keys(['example_time_delta_sensor_async']) retrieved from /opt/anaconda3/envs/airflow/lib/python3.7/site-packages/airflow/example_dags/example_time_delta_sensor_async.py
[2022-02-28 14:40:20,278] {logging_mixin.py:109} INFO - [2022-02-28 14:40:20,277] {dag.py:2398} INFO - Sync 1 DAGs
[2022-02-28 14:40:20,298] {logging_mixin.py:109} INFO - [2022-02-28 14:40:20,298] {dag.py:2937} INFO - Setting next_dagrun for example_time_delta_sensor_async to None
[2022-02-28 14:40:20,308] {processor.py:171} INFO - Processing /opt/anaconda3/envs/airflow/lib/python3.7/site-packages/airflow/example_dags/example_time_delta_sensor_async.py took 0.081 seconds
[2022-02-28 14:40:59,473] {processor.py:163} INFO - Started process (PID=32859) to work on /opt/anaconda3/envs/airflow/lib/python3.7/site-packages/airflow/example_dags/example_time_delta_sensor_async.py
[2022-02-28 14:40:59,475] {processor.py:642} INFO - Processing file /opt/anaconda3/envs/airflow/lib/python3.7/site-packages/airflow/example_dags/example_time_delta_sensor_async.py for tasks to queue
[2022-02-28 14:40:59,476] {logging_mixin.py:109} INFO - [2022-02-28 14:40:59,475] {dagbag.py:500} INFO - Filling up the DagBag from /opt/anaconda3/envs/airflow/lib/python3.7/site-packages/airflow/example_dags/example_time_delta_sensor_async.py
[2022-02-28 14:40:59,505] {processor.py:654} INFO - DAG(s) dict_keys(['example_time_delta_sensor_async']) retrieved from /opt/anaconda3/envs/airflow/lib/python3.7/site-packages/airflow/example_dags/example_time_delta_sensor_async.py
[2022-02-28 14:40:59,516] {logging_mixin.py:109} INFO - [2022-02-28 14:40:59,515] {dag.py:2398} INFO - Sync 1 DAGs
[2022-02-28 14:40:59,530] {logging_mixin.py:109} INFO - [2022-02-28 14:40:59,529] {dag.py:2937} INFO - Setting next_dagrun for example_time_delta_sensor_async to None
[2022-02-28 14:40:59,540] {processor.py:171} INFO - Processing /opt/anaconda3/envs/airflow/lib/python3.7/site-packages/airflow/example_dags/example_time_delta_sensor_async.py took 0.071 seconds
[2022-02-28 14:41:34,718] {processor.py:163} INFO - Started process (PID=32892) to work on /opt/anaconda3/envs/airflow/lib/python3.7/site-packages/airflow/example_dags/example_time_delta_sensor_async.py
[2022-02-28 14:41:34,720] {processor.py:642} INFO - Processing file /opt/anaconda3/envs/airflow/lib/python3.7/site-packages/airflow/example_dags/example_time_delta_sensor_async.py for tasks to queue
[2022-02-28 14:41:34,721] {logging_mixin.py:109} INFO - [2022-02-28 14:41:34,721] {dagbag.py:500} INFO - Filling up the DagBag from /opt/anaconda3/envs/airflow/lib/python3.7/site-packages/airflow/example_dags/example_time_delta_sensor_async.py
[2022-02-28 14:41:34,751] {processor.py:654} INFO - DAG(s) dict_keys(['example_time_delta_sensor_async']) retrieved from /opt/anaconda3/envs/airflow/lib/python3.7/site-packages/airflow/example_dags/example_time_delta_sensor_async.py
[2022-02-28 14:41:34,762] {logging_mixin.py:109} INFO - [2022-02-28 14:41:34,762] {dag.py:2398} INFO - Sync 1 DAGs
[2022-02-28 14:41:34,777] {logging_mixin.py:109} INFO - [2022-02-28 14:41:34,777] {dag.py:2937} INFO - Setting next_dagrun for example_time_delta_sensor_async to None
[2022-02-28 14:41:34,789] {processor.py:171} INFO - Processing /opt/anaconda3/envs/airflow/lib/python3.7/site-packages/airflow/example_dags/example_time_delta_sensor_async.py took 0.075 seconds
[2022-02-28 14:42:10,112] {processor.py:163} INFO - Started process (PID=32929) to work on /opt/anaconda3/envs/airflow/lib/python3.7/site-packages/airflow/example_dags/example_time_delta_sensor_async.py
[2022-02-28 14:42:10,116] {processor.py:642} INFO - Processing file /opt/anaconda3/envs/airflow/lib/python3.7/site-packages/airflow/example_dags/example_time_delta_sensor_async.py for tasks to queue
[2022-02-28 14:42:10,118] {logging_mixin.py:109} INFO - [2022-02-28 14:42:10,118] {dagbag.py:500} INFO - Filling up the DagBag from /opt/anaconda3/envs/airflow/lib/python3.7/site-packages/airflow/example_dags/example_time_delta_sensor_async.py
[2022-02-28 14:42:10,167] {processor.py:654} INFO - DAG(s) dict_keys(['example_time_delta_sensor_async']) retrieved from /opt/anaconda3/envs/airflow/lib/python3.7/site-packages/airflow/example_dags/example_time_delta_sensor_async.py
[2022-02-28 14:42:10,194] {logging_mixin.py:109} INFO - [2022-02-28 14:42:10,193] {dag.py:2398} INFO - Sync 1 DAGs
[2022-02-28 14:42:10,216] {logging_mixin.py:109} INFO - [2022-02-28 14:42:10,216] {dag.py:2937} INFO - Setting next_dagrun for example_time_delta_sensor_async to None
[2022-02-28 14:42:10,231] {processor.py:171} INFO - Processing /opt/anaconda3/envs/airflow/lib/python3.7/site-packages/airflow/example_dags/example_time_delta_sensor_async.py took 0.124 seconds
[2022-02-28 14:42:49,434] {processor.py:163} INFO - Started process (PID=32978) to work on /opt/anaconda3/envs/airflow/lib/python3.7/site-packages/airflow/example_dags/example_time_delta_sensor_async.py
[2022-02-28 14:42:49,437] {processor.py:642} INFO - Processing file /opt/anaconda3/envs/airflow/lib/python3.7/site-packages/airflow/example_dags/example_time_delta_sensor_async.py for tasks to queue
[2022-02-28 14:42:49,438] {logging_mixin.py:109} INFO - [2022-02-28 14:42:49,438] {dagbag.py:500} INFO - Filling up the DagBag from /opt/anaconda3/envs/airflow/lib/python3.7/site-packages/airflow/example_dags/example_time_delta_sensor_async.py
[2022-02-28 14:42:49,472] {processor.py:654} INFO - DAG(s) dict_keys(['example_time_delta_sensor_async']) retrieved from /opt/anaconda3/envs/airflow/lib/python3.7/site-packages/airflow/example_dags/example_time_delta_sensor_async.py
[2022-02-28 14:42:49,482] {logging_mixin.py:109} INFO - [2022-02-28 14:42:49,482] {dag.py:2398} INFO - Sync 1 DAGs
[2022-02-28 14:42:49,501] {logging_mixin.py:109} INFO - [2022-02-28 14:42:49,500] {dag.py:2937} INFO - Setting next_dagrun for example_time_delta_sensor_async to None
[2022-02-28 14:42:49,511] {processor.py:171} INFO - Processing /opt/anaconda3/envs/airflow/lib/python3.7/site-packages/airflow/example_dags/example_time_delta_sensor_async.py took 0.081 seconds
[2022-02-28 14:43:31,869] {processor.py:163} INFO - Started process (PID=33019) to work on /opt/anaconda3/envs/airflow/lib/python3.7/site-packages/airflow/example_dags/example_time_delta_sensor_async.py
[2022-02-28 14:43:31,871] {processor.py:642} INFO - Processing file /opt/anaconda3/envs/airflow/lib/python3.7/site-packages/airflow/example_dags/example_time_delta_sensor_async.py for tasks to queue
[2022-02-28 14:43:31,873] {logging_mixin.py:109} INFO - [2022-02-28 14:43:31,872] {dagbag.py:500} INFO - Filling up the DagBag from /opt/anaconda3/envs/airflow/lib/python3.7/site-packages/airflow/example_dags/example_time_delta_sensor_async.py
[2022-02-28 14:43:31,907] {processor.py:654} INFO - DAG(s) dict_keys(['example_time_delta_sensor_async']) retrieved from /opt/anaconda3/envs/airflow/lib/python3.7/site-packages/airflow/example_dags/example_time_delta_sensor_async.py
[2022-02-28 14:43:31,918] {logging_mixin.py:109} INFO - [2022-02-28 14:43:31,917] {dag.py:2398} INFO - Sync 1 DAGs
[2022-02-28 14:43:31,933] {logging_mixin.py:109} INFO - [2022-02-28 14:43:31,932] {dag.py:2937} INFO - Setting next_dagrun for example_time_delta_sensor_async to None
[2022-02-28 14:43:31,944] {processor.py:171} INFO - Processing /opt/anaconda3/envs/airflow/lib/python3.7/site-packages/airflow/example_dags/example_time_delta_sensor_async.py took 0.079 seconds
[2022-02-28 14:44:17,634] {processor.py:163} INFO - Started process (PID=33078) to work on /opt/anaconda3/envs/airflow/lib/python3.7/site-packages/airflow/example_dags/example_time_delta_sensor_async.py
[2022-02-28 14:44:17,637] {processor.py:642} INFO - Processing file /opt/anaconda3/envs/airflow/lib/python3.7/site-packages/airflow/example_dags/example_time_delta_sensor_async.py for tasks to queue
[2022-02-28 14:44:17,639] {logging_mixin.py:109} INFO - [2022-02-28 14:44:17,638] {dagbag.py:500} INFO - Filling up the DagBag from /opt/anaconda3/envs/airflow/lib/python3.7/site-packages/airflow/example_dags/example_time_delta_sensor_async.py
[2022-02-28 14:44:17,689] {processor.py:654} INFO - DAG(s) dict_keys(['example_time_delta_sensor_async']) retrieved from /opt/anaconda3/envs/airflow/lib/python3.7/site-packages/airflow/example_dags/example_time_delta_sensor_async.py
[2022-02-28 14:44:17,704] {logging_mixin.py:109} INFO - [2022-02-28 14:44:17,704] {dag.py:2398} INFO - Sync 1 DAGs
[2022-02-28 14:44:17,728] {logging_mixin.py:109} INFO - [2022-02-28 14:44:17,727] {dag.py:2937} INFO - Setting next_dagrun for example_time_delta_sensor_async to None
[2022-02-28 14:44:17,744] {processor.py:171} INFO - Processing /opt/anaconda3/envs/airflow/lib/python3.7/site-packages/airflow/example_dags/example_time_delta_sensor_async.py took 0.117 seconds
[2022-02-28 14:44:56,546] {processor.py:163} INFO - Started process (PID=33116) to work on /opt/anaconda3/envs/airflow/lib/python3.7/site-packages/airflow/example_dags/example_time_delta_sensor_async.py
[2022-02-28 14:44:56,549] {processor.py:642} INFO - Processing file /opt/anaconda3/envs/airflow/lib/python3.7/site-packages/airflow/example_dags/example_time_delta_sensor_async.py for tasks to queue
[2022-02-28 14:44:56,551] {logging_mixin.py:109} INFO - [2022-02-28 14:44:56,550] {dagbag.py:500} INFO - Filling up the DagBag from /opt/anaconda3/envs/airflow/lib/python3.7/site-packages/airflow/example_dags/example_time_delta_sensor_async.py
[2022-02-28 14:44:56,580] {processor.py:654} INFO - DAG(s) dict_keys(['example_time_delta_sensor_async']) retrieved from /opt/anaconda3/envs/airflow/lib/python3.7/site-packages/airflow/example_dags/example_time_delta_sensor_async.py
[2022-02-28 14:44:56,591] {logging_mixin.py:109} INFO - [2022-02-28 14:44:56,591] {dag.py:2398} INFO - Sync 1 DAGs
[2022-02-28 14:44:56,606] {logging_mixin.py:109} INFO - [2022-02-28 14:44:56,606] {dag.py:2937} INFO - Setting next_dagrun for example_time_delta_sensor_async to None
[2022-02-28 14:44:56,617] {processor.py:171} INFO - Processing /opt/anaconda3/envs/airflow/lib/python3.7/site-packages/airflow/example_dags/example_time_delta_sensor_async.py took 0.075 seconds
[2022-02-28 14:45:43,365] {processor.py:163} INFO - Started process (PID=33190) to work on /opt/anaconda3/envs/airflow/lib/python3.7/site-packages/airflow/example_dags/example_time_delta_sensor_async.py
[2022-02-28 14:45:43,367] {processor.py:642} INFO - Processing file /opt/anaconda3/envs/airflow/lib/python3.7/site-packages/airflow/example_dags/example_time_delta_sensor_async.py for tasks to queue
[2022-02-28 14:45:43,369] {logging_mixin.py:109} INFO - [2022-02-28 14:45:43,368] {dagbag.py:500} INFO - Filling up the DagBag from /opt/anaconda3/envs/airflow/lib/python3.7/site-packages/airflow/example_dags/example_time_delta_sensor_async.py
[2022-02-28 14:45:43,424] {processor.py:654} INFO - DAG(s) dict_keys(['example_time_delta_sensor_async']) retrieved from /opt/anaconda3/envs/airflow/lib/python3.7/site-packages/airflow/example_dags/example_time_delta_sensor_async.py
[2022-02-28 14:45:43,441] {logging_mixin.py:109} INFO - [2022-02-28 14:45:43,441] {dag.py:2398} INFO - Sync 1 DAGs
[2022-02-28 14:45:43,470] {logging_mixin.py:109} INFO - [2022-02-28 14:45:43,469] {dag.py:2937} INFO - Setting next_dagrun for example_time_delta_sensor_async to None
[2022-02-28 14:45:43,486] {processor.py:171} INFO - Processing /opt/anaconda3/envs/airflow/lib/python3.7/site-packages/airflow/example_dags/example_time_delta_sensor_async.py took 0.125 seconds
[2022-02-28 14:46:25,343] {processor.py:163} INFO - Started process (PID=33237) to work on /opt/anaconda3/envs/airflow/lib/python3.7/site-packages/airflow/example_dags/example_time_delta_sensor_async.py
[2022-02-28 14:46:25,346] {processor.py:642} INFO - Processing file /opt/anaconda3/envs/airflow/lib/python3.7/site-packages/airflow/example_dags/example_time_delta_sensor_async.py for tasks to queue
[2022-02-28 14:46:25,347] {logging_mixin.py:109} INFO - [2022-02-28 14:46:25,347] {dagbag.py:500} INFO - Filling up the DagBag from /opt/anaconda3/envs/airflow/lib/python3.7/site-packages/airflow/example_dags/example_time_delta_sensor_async.py
[2022-02-28 14:46:25,376] {processor.py:654} INFO - DAG(s) dict_keys(['example_time_delta_sensor_async']) retrieved from /opt/anaconda3/envs/airflow/lib/python3.7/site-packages/airflow/example_dags/example_time_delta_sensor_async.py
[2022-02-28 14:46:25,388] {logging_mixin.py:109} INFO - [2022-02-28 14:46:25,388] {dag.py:2398} INFO - Sync 1 DAGs
[2022-02-28 14:46:25,402] {logging_mixin.py:109} INFO - [2022-02-28 14:46:25,402] {dag.py:2937} INFO - Setting next_dagrun for example_time_delta_sensor_async to None
[2022-02-28 14:46:25,414] {processor.py:171} INFO - Processing /opt/anaconda3/envs/airflow/lib/python3.7/site-packages/airflow/example_dags/example_time_delta_sensor_async.py took 0.075 seconds
[2022-02-28 14:47:05,856] {processor.py:163} INFO - Started process (PID=33275) to work on /opt/anaconda3/envs/airflow/lib/python3.7/site-packages/airflow/example_dags/example_time_delta_sensor_async.py
[2022-02-28 14:47:05,859] {processor.py:642} INFO - Processing file /opt/anaconda3/envs/airflow/lib/python3.7/site-packages/airflow/example_dags/example_time_delta_sensor_async.py for tasks to queue
[2022-02-28 14:47:05,860] {logging_mixin.py:109} INFO - [2022-02-28 14:47:05,860] {dagbag.py:500} INFO - Filling up the DagBag from /opt/anaconda3/envs/airflow/lib/python3.7/site-packages/airflow/example_dags/example_time_delta_sensor_async.py
[2022-02-28 14:47:05,904] {processor.py:654} INFO - DAG(s) dict_keys(['example_time_delta_sensor_async']) retrieved from /opt/anaconda3/envs/airflow/lib/python3.7/site-packages/airflow/example_dags/example_time_delta_sensor_async.py
[2022-02-28 14:47:05,916] {logging_mixin.py:109} INFO - [2022-02-28 14:47:05,915] {dag.py:2398} INFO - Sync 1 DAGs
[2022-02-28 14:47:05,937] {logging_mixin.py:109} INFO - [2022-02-28 14:47:05,937] {dag.py:2937} INFO - Setting next_dagrun for example_time_delta_sensor_async to None
[2022-02-28 14:47:05,950] {processor.py:171} INFO - Processing /opt/anaconda3/envs/airflow/lib/python3.7/site-packages/airflow/example_dags/example_time_delta_sensor_async.py took 0.098 seconds
[2022-02-28 14:47:45,100] {processor.py:163} INFO - Started process (PID=33312) to work on /opt/anaconda3/envs/airflow/lib/python3.7/site-packages/airflow/example_dags/example_time_delta_sensor_async.py
[2022-02-28 14:47:45,101] {processor.py:642} INFO - Processing file /opt/anaconda3/envs/airflow/lib/python3.7/site-packages/airflow/example_dags/example_time_delta_sensor_async.py for tasks to queue
[2022-02-28 14:47:45,103] {logging_mixin.py:109} INFO - [2022-02-28 14:47:45,102] {dagbag.py:500} INFO - Filling up the DagBag from /opt/anaconda3/envs/airflow/lib/python3.7/site-packages/airflow/example_dags/example_time_delta_sensor_async.py
[2022-02-28 14:47:45,133] {processor.py:654} INFO - DAG(s) dict_keys(['example_time_delta_sensor_async']) retrieved from /opt/anaconda3/envs/airflow/lib/python3.7/site-packages/airflow/example_dags/example_time_delta_sensor_async.py
[2022-02-28 14:47:45,145] {logging_mixin.py:109} INFO - [2022-02-28 14:47:45,144] {dag.py:2398} INFO - Sync 1 DAGs
[2022-02-28 14:47:45,160] {logging_mixin.py:109} INFO - [2022-02-28 14:47:45,159] {dag.py:2937} INFO - Setting next_dagrun for example_time_delta_sensor_async to None
[2022-02-28 14:47:45,171] {processor.py:171} INFO - Processing /opt/anaconda3/envs/airflow/lib/python3.7/site-packages/airflow/example_dags/example_time_delta_sensor_async.py took 0.076 seconds
[2022-02-28 14:48:25,281] {processor.py:163} INFO - Started process (PID=33352) to work on /opt/anaconda3/envs/airflow/lib/python3.7/site-packages/airflow/example_dags/example_time_delta_sensor_async.py
[2022-02-28 14:48:25,282] {processor.py:642} INFO - Processing file /opt/anaconda3/envs/airflow/lib/python3.7/site-packages/airflow/example_dags/example_time_delta_sensor_async.py for tasks to queue
[2022-02-28 14:48:25,284] {logging_mixin.py:109} INFO - [2022-02-28 14:48:25,283] {dagbag.py:500} INFO - Filling up the DagBag from /opt/anaconda3/envs/airflow/lib/python3.7/site-packages/airflow/example_dags/example_time_delta_sensor_async.py
[2022-02-28 14:48:25,314] {processor.py:654} INFO - DAG(s) dict_keys(['example_time_delta_sensor_async']) retrieved from /opt/anaconda3/envs/airflow/lib/python3.7/site-packages/airflow/example_dags/example_time_delta_sensor_async.py
[2022-02-28 14:48:25,326] {logging_mixin.py:109} INFO - [2022-02-28 14:48:25,326] {dag.py:2398} INFO - Sync 1 DAGs
[2022-02-28 14:48:25,341] {logging_mixin.py:109} INFO - [2022-02-28 14:48:25,340] {dag.py:2937} INFO - Setting next_dagrun for example_time_delta_sensor_async to None
[2022-02-28 14:48:25,351] {processor.py:171} INFO - Processing /opt/anaconda3/envs/airflow/lib/python3.7/site-packages/airflow/example_dags/example_time_delta_sensor_async.py took 0.074 seconds
[2022-02-28 14:49:04,482] {processor.py:163} INFO - Started process (PID=33391) to work on /opt/anaconda3/envs/airflow/lib/python3.7/site-packages/airflow/example_dags/example_time_delta_sensor_async.py
[2022-02-28 14:49:04,483] {processor.py:642} INFO - Processing file /opt/anaconda3/envs/airflow/lib/python3.7/site-packages/airflow/example_dags/example_time_delta_sensor_async.py for tasks to queue
[2022-02-28 14:49:04,484] {logging_mixin.py:109} INFO - [2022-02-28 14:49:04,484] {dagbag.py:500} INFO - Filling up the DagBag from /opt/anaconda3/envs/airflow/lib/python3.7/site-packages/airflow/example_dags/example_time_delta_sensor_async.py
[2022-02-28 14:49:04,517] {processor.py:654} INFO - DAG(s) dict_keys(['example_time_delta_sensor_async']) retrieved from /opt/anaconda3/envs/airflow/lib/python3.7/site-packages/airflow/example_dags/example_time_delta_sensor_async.py
[2022-02-28 14:49:04,527] {logging_mixin.py:109} INFO - [2022-02-28 14:49:04,527] {dag.py:2398} INFO - Sync 1 DAGs
[2022-02-28 14:49:04,541] {logging_mixin.py:109} INFO - [2022-02-28 14:49:04,541] {dag.py:2937} INFO - Setting next_dagrun for example_time_delta_sensor_async to None
[2022-02-28 14:49:04,551] {processor.py:171} INFO - Processing /opt/anaconda3/envs/airflow/lib/python3.7/site-packages/airflow/example_dags/example_time_delta_sensor_async.py took 0.073 seconds
[2022-02-28 14:49:40,374] {processor.py:163} INFO - Started process (PID=33423) to work on /opt/anaconda3/envs/airflow/lib/python3.7/site-packages/airflow/example_dags/example_time_delta_sensor_async.py
[2022-02-28 14:49:40,377] {processor.py:642} INFO - Processing file /opt/anaconda3/envs/airflow/lib/python3.7/site-packages/airflow/example_dags/example_time_delta_sensor_async.py for tasks to queue
[2022-02-28 14:49:40,378] {logging_mixin.py:109} INFO - [2022-02-28 14:49:40,378] {dagbag.py:500} INFO - Filling up the DagBag from /opt/anaconda3/envs/airflow/lib/python3.7/site-packages/airflow/example_dags/example_time_delta_sensor_async.py
[2022-02-28 14:49:40,411] {processor.py:654} INFO - DAG(s) dict_keys(['example_time_delta_sensor_async']) retrieved from /opt/anaconda3/envs/airflow/lib/python3.7/site-packages/airflow/example_dags/example_time_delta_sensor_async.py
[2022-02-28 14:49:40,422] {logging_mixin.py:109} INFO - [2022-02-28 14:49:40,421] {dag.py:2398} INFO - Sync 1 DAGs
[2022-02-28 14:49:40,437] {logging_mixin.py:109} INFO - [2022-02-28 14:49:40,436] {dag.py:2937} INFO - Setting next_dagrun for example_time_delta_sensor_async to None
[2022-02-28 14:49:40,446] {processor.py:171} INFO - Processing /opt/anaconda3/envs/airflow/lib/python3.7/site-packages/airflow/example_dags/example_time_delta_sensor_async.py took 0.076 seconds
[2022-02-28 14:50:19,573] {processor.py:163} INFO - Started process (PID=33463) to work on /opt/anaconda3/envs/airflow/lib/python3.7/site-packages/airflow/example_dags/example_time_delta_sensor_async.py
[2022-02-28 14:50:19,576] {processor.py:642} INFO - Processing file /opt/anaconda3/envs/airflow/lib/python3.7/site-packages/airflow/example_dags/example_time_delta_sensor_async.py for tasks to queue
[2022-02-28 14:50:19,577] {logging_mixin.py:109} INFO - [2022-02-28 14:50:19,577] {dagbag.py:500} INFO - Filling up the DagBag from /opt/anaconda3/envs/airflow/lib/python3.7/site-packages/airflow/example_dags/example_time_delta_sensor_async.py
[2022-02-28 14:50:19,619] {processor.py:654} INFO - DAG(s) dict_keys(['example_time_delta_sensor_async']) retrieved from /opt/anaconda3/envs/airflow/lib/python3.7/site-packages/airflow/example_dags/example_time_delta_sensor_async.py
[2022-02-28 14:50:19,633] {logging_mixin.py:109} INFO - [2022-02-28 14:50:19,633] {dag.py:2398} INFO - Sync 1 DAGs
[2022-02-28 14:50:19,649] {logging_mixin.py:109} INFO - [2022-02-28 14:50:19,649] {dag.py:2937} INFO - Setting next_dagrun for example_time_delta_sensor_async to None
[2022-02-28 14:50:19,663] {processor.py:171} INFO - Processing /opt/anaconda3/envs/airflow/lib/python3.7/site-packages/airflow/example_dags/example_time_delta_sensor_async.py took 0.097 seconds
[2022-02-28 14:51:06,658] {processor.py:163} INFO - Started process (PID=33544) to work on /opt/anaconda3/envs/airflow/lib/python3.7/site-packages/airflow/example_dags/example_time_delta_sensor_async.py
[2022-02-28 14:51:06,660] {processor.py:642} INFO - Processing file /opt/anaconda3/envs/airflow/lib/python3.7/site-packages/airflow/example_dags/example_time_delta_sensor_async.py for tasks to queue
[2022-02-28 14:51:06,662] {logging_mixin.py:109} INFO - [2022-02-28 14:51:06,661] {dagbag.py:500} INFO - Filling up the DagBag from /opt/anaconda3/envs/airflow/lib/python3.7/site-packages/airflow/example_dags/example_time_delta_sensor_async.py
[2022-02-28 14:51:06,696] {processor.py:654} INFO - DAG(s) dict_keys(['example_time_delta_sensor_async']) retrieved from /opt/anaconda3/envs/airflow/lib/python3.7/site-packages/airflow/example_dags/example_time_delta_sensor_async.py
[2022-02-28 14:51:06,707] {logging_mixin.py:109} INFO - [2022-02-28 14:51:06,707] {dag.py:2398} INFO - Sync 1 DAGs
[2022-02-28 14:51:06,725] {logging_mixin.py:109} INFO - [2022-02-28 14:51:06,724] {dag.py:2937} INFO - Setting next_dagrun for example_time_delta_sensor_async to None
[2022-02-28 14:51:06,735] {processor.py:171} INFO - Processing /opt/anaconda3/envs/airflow/lib/python3.7/site-packages/airflow/example_dags/example_time_delta_sensor_async.py took 0.082 seconds
[2022-02-28 14:51:43,933] {processor.py:163} INFO - Started process (PID=33584) to work on /opt/anaconda3/envs/airflow/lib/python3.7/site-packages/airflow/example_dags/example_time_delta_sensor_async.py
[2022-02-28 14:51:43,934] {processor.py:642} INFO - Processing file /opt/anaconda3/envs/airflow/lib/python3.7/site-packages/airflow/example_dags/example_time_delta_sensor_async.py for tasks to queue
[2022-02-28 14:51:43,936] {logging_mixin.py:109} INFO - [2022-02-28 14:51:43,935] {dagbag.py:500} INFO - Filling up the DagBag from /opt/anaconda3/envs/airflow/lib/python3.7/site-packages/airflow/example_dags/example_time_delta_sensor_async.py
[2022-02-28 14:51:43,986] {processor.py:654} INFO - DAG(s) dict_keys(['example_time_delta_sensor_async']) retrieved from /opt/anaconda3/envs/airflow/lib/python3.7/site-packages/airflow/example_dags/example_time_delta_sensor_async.py
[2022-02-28 14:51:43,998] {logging_mixin.py:109} INFO - [2022-02-28 14:51:43,998] {dag.py:2398} INFO - Sync 1 DAGs
[2022-02-28 14:51:44,029] {logging_mixin.py:109} INFO - [2022-02-28 14:51:44,029] {dag.py:2937} INFO - Setting next_dagrun for example_time_delta_sensor_async to None
[2022-02-28 14:51:44,050] {processor.py:171} INFO - Processing /opt/anaconda3/envs/airflow/lib/python3.7/site-packages/airflow/example_dags/example_time_delta_sensor_async.py took 0.122 seconds
[2022-02-28 14:52:22,957] {processor.py:163} INFO - Started process (PID=33621) to work on /opt/anaconda3/envs/airflow/lib/python3.7/site-packages/airflow/example_dags/example_time_delta_sensor_async.py
[2022-02-28 14:52:22,959] {processor.py:642} INFO - Processing file /opt/anaconda3/envs/airflow/lib/python3.7/site-packages/airflow/example_dags/example_time_delta_sensor_async.py for tasks to queue
[2022-02-28 14:52:22,961] {logging_mixin.py:109} INFO - [2022-02-28 14:52:22,960] {dagbag.py:500} INFO - Filling up the DagBag from /opt/anaconda3/envs/airflow/lib/python3.7/site-packages/airflow/example_dags/example_time_delta_sensor_async.py
[2022-02-28 14:52:22,994] {processor.py:654} INFO - DAG(s) dict_keys(['example_time_delta_sensor_async']) retrieved from /opt/anaconda3/envs/airflow/lib/python3.7/site-packages/airflow/example_dags/example_time_delta_sensor_async.py
[2022-02-28 14:52:23,005] {logging_mixin.py:109} INFO - [2022-02-28 14:52:23,004] {dag.py:2398} INFO - Sync 1 DAGs
[2022-02-28 14:52:23,020] {logging_mixin.py:109} INFO - [2022-02-28 14:52:23,019] {dag.py:2937} INFO - Setting next_dagrun for example_time_delta_sensor_async to None
[2022-02-28 14:52:23,030] {processor.py:171} INFO - Processing /opt/anaconda3/envs/airflow/lib/python3.7/site-packages/airflow/example_dags/example_time_delta_sensor_async.py took 0.077 seconds
[2022-02-28 14:52:59,903] {processor.py:163} INFO - Started process (PID=33660) to work on /opt/anaconda3/envs/airflow/lib/python3.7/site-packages/airflow/example_dags/example_time_delta_sensor_async.py
[2022-02-28 14:52:59,904] {processor.py:642} INFO - Processing file /opt/anaconda3/envs/airflow/lib/python3.7/site-packages/airflow/example_dags/example_time_delta_sensor_async.py for tasks to queue
[2022-02-28 14:52:59,906] {logging_mixin.py:109} INFO - [2022-02-28 14:52:59,905] {dagbag.py:500} INFO - Filling up the DagBag from /opt/anaconda3/envs/airflow/lib/python3.7/site-packages/airflow/example_dags/example_time_delta_sensor_async.py
[2022-02-28 14:52:59,934] {processor.py:654} INFO - DAG(s) dict_keys(['example_time_delta_sensor_async']) retrieved from /opt/anaconda3/envs/airflow/lib/python3.7/site-packages/airflow/example_dags/example_time_delta_sensor_async.py
[2022-02-28 14:52:59,944] {logging_mixin.py:109} INFO - [2022-02-28 14:52:59,944] {dag.py:2398} INFO - Sync 1 DAGs
[2022-02-28 14:52:59,957] {logging_mixin.py:109} INFO - [2022-02-28 14:52:59,957] {dag.py:2937} INFO - Setting next_dagrun for example_time_delta_sensor_async to None
[2022-02-28 14:52:59,967] {processor.py:171} INFO - Processing /opt/anaconda3/envs/airflow/lib/python3.7/site-packages/airflow/example_dags/example_time_delta_sensor_async.py took 0.068 seconds
[2022-02-28 14:53:40,431] {processor.py:163} INFO - Started process (PID=33729) to work on /opt/anaconda3/envs/airflow/lib/python3.7/site-packages/airflow/example_dags/example_time_delta_sensor_async.py
[2022-02-28 14:53:40,434] {processor.py:642} INFO - Processing file /opt/anaconda3/envs/airflow/lib/python3.7/site-packages/airflow/example_dags/example_time_delta_sensor_async.py for tasks to queue
[2022-02-28 14:53:40,435] {logging_mixin.py:109} INFO - [2022-02-28 14:53:40,435] {dagbag.py:500} INFO - Filling up the DagBag from /opt/anaconda3/envs/airflow/lib/python3.7/site-packages/airflow/example_dags/example_time_delta_sensor_async.py
[2022-02-28 14:53:40,510] {processor.py:654} INFO - DAG(s) dict_keys(['example_time_delta_sensor_async']) retrieved from /opt/anaconda3/envs/airflow/lib/python3.7/site-packages/airflow/example_dags/example_time_delta_sensor_async.py
[2022-02-28 14:53:40,571] {logging_mixin.py:109} INFO - [2022-02-28 14:53:40,570] {dag.py:2398} INFO - Sync 1 DAGs
[2022-02-28 14:53:40,648] {logging_mixin.py:109} INFO - [2022-02-28 14:53:40,638] {dag.py:2937} INFO - Setting next_dagrun for example_time_delta_sensor_async to None
[2022-02-28 14:53:40,710] {processor.py:171} INFO - Processing /opt/anaconda3/envs/airflow/lib/python3.7/site-packages/airflow/example_dags/example_time_delta_sensor_async.py took 0.287 seconds
[2022-02-28 14:54:42,784] {processor.py:163} INFO - Started process (PID=33881) to work on /opt/anaconda3/envs/airflow/lib/python3.7/site-packages/airflow/example_dags/example_time_delta_sensor_async.py
[2022-02-28 14:54:42,787] {processor.py:642} INFO - Processing file /opt/anaconda3/envs/airflow/lib/python3.7/site-packages/airflow/example_dags/example_time_delta_sensor_async.py for tasks to queue
[2022-02-28 14:54:42,789] {logging_mixin.py:109} INFO - [2022-02-28 14:54:42,788] {dagbag.py:500} INFO - Filling up the DagBag from /opt/anaconda3/envs/airflow/lib/python3.7/site-packages/airflow/example_dags/example_time_delta_sensor_async.py
[2022-02-28 14:54:42,842] {processor.py:654} INFO - DAG(s) dict_keys(['example_time_delta_sensor_async']) retrieved from /opt/anaconda3/envs/airflow/lib/python3.7/site-packages/airflow/example_dags/example_time_delta_sensor_async.py
[2022-02-28 14:54:42,855] {logging_mixin.py:109} INFO - [2022-02-28 14:54:42,855] {dag.py:2398} INFO - Sync 1 DAGs
[2022-02-28 14:54:42,872] {logging_mixin.py:109} INFO - [2022-02-28 14:54:42,871] {dag.py:2937} INFO - Setting next_dagrun for example_time_delta_sensor_async to None
[2022-02-28 14:54:42,883] {processor.py:171} INFO - Processing /opt/anaconda3/envs/airflow/lib/python3.7/site-packages/airflow/example_dags/example_time_delta_sensor_async.py took 0.103 seconds
[2022-02-28 14:56:34,100] {processor.py:163} INFO - Started process (PID=34081) to work on /opt/anaconda3/envs/airflow/lib/python3.7/site-packages/airflow/example_dags/example_time_delta_sensor_async.py
[2022-02-28 14:56:34,102] {processor.py:642} INFO - Processing file /opt/anaconda3/envs/airflow/lib/python3.7/site-packages/airflow/example_dags/example_time_delta_sensor_async.py for tasks to queue
[2022-02-28 14:56:34,105] {logging_mixin.py:109} INFO - [2022-02-28 14:56:34,104] {dagbag.py:500} INFO - Filling up the DagBag from /opt/anaconda3/envs/airflow/lib/python3.7/site-packages/airflow/example_dags/example_time_delta_sensor_async.py
[2022-02-28 14:56:34,146] {processor.py:654} INFO - DAG(s) dict_keys(['example_time_delta_sensor_async']) retrieved from /opt/anaconda3/envs/airflow/lib/python3.7/site-packages/airflow/example_dags/example_time_delta_sensor_async.py
[2022-02-28 14:56:34,158] {logging_mixin.py:109} INFO - [2022-02-28 14:56:34,157] {dag.py:2398} INFO - Sync 1 DAGs
[2022-02-28 14:56:34,178] {logging_mixin.py:109} INFO - [2022-02-28 14:56:34,178] {dag.py:2937} INFO - Setting next_dagrun for example_time_delta_sensor_async to None
[2022-02-28 14:56:34,189] {processor.py:171} INFO - Processing /opt/anaconda3/envs/airflow/lib/python3.7/site-packages/airflow/example_dags/example_time_delta_sensor_async.py took 0.093 seconds
[2022-02-28 14:57:46,259] {processor.py:163} INFO - Started process (PID=34251) to work on /opt/anaconda3/envs/airflow/lib/python3.7/site-packages/airflow/example_dags/example_time_delta_sensor_async.py
[2022-02-28 14:57:46,261] {processor.py:642} INFO - Processing file /opt/anaconda3/envs/airflow/lib/python3.7/site-packages/airflow/example_dags/example_time_delta_sensor_async.py for tasks to queue
[2022-02-28 14:57:46,262] {logging_mixin.py:109} INFO - [2022-02-28 14:57:46,262] {dagbag.py:500} INFO - Filling up the DagBag from /opt/anaconda3/envs/airflow/lib/python3.7/site-packages/airflow/example_dags/example_time_delta_sensor_async.py
[2022-02-28 14:57:46,292] {processor.py:654} INFO - DAG(s) dict_keys(['example_time_delta_sensor_async']) retrieved from /opt/anaconda3/envs/airflow/lib/python3.7/site-packages/airflow/example_dags/example_time_delta_sensor_async.py
[2022-02-28 14:57:46,303] {logging_mixin.py:109} INFO - [2022-02-28 14:57:46,303] {dag.py:2398} INFO - Sync 1 DAGs
[2022-02-28 14:57:46,318] {logging_mixin.py:109} INFO - [2022-02-28 14:57:46,318] {dag.py:2937} INFO - Setting next_dagrun for example_time_delta_sensor_async to None
[2022-02-28 14:57:46,328] {processor.py:171} INFO - Processing /opt/anaconda3/envs/airflow/lib/python3.7/site-packages/airflow/example_dags/example_time_delta_sensor_async.py took 0.072 seconds
[2022-02-28 15:03:58,933] {processor.py:163} INFO - Started process (PID=34796) to work on /opt/anaconda3/envs/airflow/lib/python3.7/site-packages/airflow/example_dags/example_time_delta_sensor_async.py
[2022-02-28 15:03:58,935] {processor.py:642} INFO - Processing file /opt/anaconda3/envs/airflow/lib/python3.7/site-packages/airflow/example_dags/example_time_delta_sensor_async.py for tasks to queue
[2022-02-28 15:03:58,936] {logging_mixin.py:109} INFO - [2022-02-28 15:03:58,936] {dagbag.py:500} INFO - Filling up the DagBag from /opt/anaconda3/envs/airflow/lib/python3.7/site-packages/airflow/example_dags/example_time_delta_sensor_async.py
[2022-02-28 15:03:58,967] {processor.py:654} INFO - DAG(s) dict_keys(['example_time_delta_sensor_async']) retrieved from /opt/anaconda3/envs/airflow/lib/python3.7/site-packages/airflow/example_dags/example_time_delta_sensor_async.py
[2022-02-28 15:03:58,978] {logging_mixin.py:109} INFO - [2022-02-28 15:03:58,977] {dag.py:2398} INFO - Sync 1 DAGs
[2022-02-28 15:03:58,993] {logging_mixin.py:109} INFO - [2022-02-28 15:03:58,993] {dag.py:2937} INFO - Setting next_dagrun for example_time_delta_sensor_async to None
[2022-02-28 15:03:59,003] {processor.py:171} INFO - Processing /opt/anaconda3/envs/airflow/lib/python3.7/site-packages/airflow/example_dags/example_time_delta_sensor_async.py took 0.074 seconds
[2022-02-28 15:06:05,963] {processor.py:163} INFO - Started process (PID=35045) to work on /opt/anaconda3/envs/airflow/lib/python3.7/site-packages/airflow/example_dags/example_time_delta_sensor_async.py
[2022-02-28 15:06:05,966] {processor.py:642} INFO - Processing file /opt/anaconda3/envs/airflow/lib/python3.7/site-packages/airflow/example_dags/example_time_delta_sensor_async.py for tasks to queue
[2022-02-28 15:06:05,967] {logging_mixin.py:109} INFO - [2022-02-28 15:06:05,966] {dagbag.py:500} INFO - Filling up the DagBag from /opt/anaconda3/envs/airflow/lib/python3.7/site-packages/airflow/example_dags/example_time_delta_sensor_async.py
[2022-02-28 15:06:05,997] {processor.py:654} INFO - DAG(s) dict_keys(['example_time_delta_sensor_async']) retrieved from /opt/anaconda3/envs/airflow/lib/python3.7/site-packages/airflow/example_dags/example_time_delta_sensor_async.py
[2022-02-28 15:06:06,007] {logging_mixin.py:109} INFO - [2022-02-28 15:06:06,006] {dag.py:2398} INFO - Sync 1 DAGs
[2022-02-28 15:06:06,019] {logging_mixin.py:109} INFO - [2022-02-28 15:06:06,019] {dag.py:2937} INFO - Setting next_dagrun for example_time_delta_sensor_async to None
[2022-02-28 15:06:06,029] {processor.py:171} INFO - Processing /opt/anaconda3/envs/airflow/lib/python3.7/site-packages/airflow/example_dags/example_time_delta_sensor_async.py took 0.070 seconds
[2022-02-28 15:06:44,475] {processor.py:163} INFO - Started process (PID=35102) to work on /opt/anaconda3/envs/airflow/lib/python3.7/site-packages/airflow/example_dags/example_time_delta_sensor_async.py
[2022-02-28 15:06:44,477] {processor.py:642} INFO - Processing file /opt/anaconda3/envs/airflow/lib/python3.7/site-packages/airflow/example_dags/example_time_delta_sensor_async.py for tasks to queue
[2022-02-28 15:06:44,479] {logging_mixin.py:109} INFO - [2022-02-28 15:06:44,478] {dagbag.py:500} INFO - Filling up the DagBag from /opt/anaconda3/envs/airflow/lib/python3.7/site-packages/airflow/example_dags/example_time_delta_sensor_async.py
[2022-02-28 15:06:44,516] {processor.py:654} INFO - DAG(s) dict_keys(['example_time_delta_sensor_async']) retrieved from /opt/anaconda3/envs/airflow/lib/python3.7/site-packages/airflow/example_dags/example_time_delta_sensor_async.py
[2022-02-28 15:06:44,525] {logging_mixin.py:109} INFO - [2022-02-28 15:06:44,525] {dag.py:2398} INFO - Sync 1 DAGs
[2022-02-28 15:06:44,540] {logging_mixin.py:109} INFO - [2022-02-28 15:06:44,540] {dag.py:2937} INFO - Setting next_dagrun for example_time_delta_sensor_async to None
[2022-02-28 15:06:44,549] {processor.py:171} INFO - Processing /opt/anaconda3/envs/airflow/lib/python3.7/site-packages/airflow/example_dags/example_time_delta_sensor_async.py took 0.078 seconds
[2022-02-28 15:08:05,276] {processor.py:163} INFO - Started process (PID=35302) to work on /opt/anaconda3/envs/airflow/lib/python3.7/site-packages/airflow/example_dags/example_time_delta_sensor_async.py
[2022-02-28 15:08:05,278] {processor.py:642} INFO - Processing file /opt/anaconda3/envs/airflow/lib/python3.7/site-packages/airflow/example_dags/example_time_delta_sensor_async.py for tasks to queue
[2022-02-28 15:08:05,280] {logging_mixin.py:109} INFO - [2022-02-28 15:08:05,280] {dagbag.py:500} INFO - Filling up the DagBag from /opt/anaconda3/envs/airflow/lib/python3.7/site-packages/airflow/example_dags/example_time_delta_sensor_async.py
[2022-02-28 15:08:05,312] {processor.py:654} INFO - DAG(s) dict_keys(['example_time_delta_sensor_async']) retrieved from /opt/anaconda3/envs/airflow/lib/python3.7/site-packages/airflow/example_dags/example_time_delta_sensor_async.py
[2022-02-28 15:08:05,322] {logging_mixin.py:109} INFO - [2022-02-28 15:08:05,322] {dag.py:2398} INFO - Sync 1 DAGs
[2022-02-28 15:08:05,337] {logging_mixin.py:109} INFO - [2022-02-28 15:08:05,336] {dag.py:2937} INFO - Setting next_dagrun for example_time_delta_sensor_async to None
[2022-02-28 15:08:05,347] {processor.py:171} INFO - Processing /opt/anaconda3/envs/airflow/lib/python3.7/site-packages/airflow/example_dags/example_time_delta_sensor_async.py took 0.075 seconds
[2022-02-28 15:08:49,561] {processor.py:163} INFO - Started process (PID=35371) to work on /opt/anaconda3/envs/airflow/lib/python3.7/site-packages/airflow/example_dags/example_time_delta_sensor_async.py
[2022-02-28 15:08:49,563] {processor.py:642} INFO - Processing file /opt/anaconda3/envs/airflow/lib/python3.7/site-packages/airflow/example_dags/example_time_delta_sensor_async.py for tasks to queue
[2022-02-28 15:08:49,564] {logging_mixin.py:109} INFO - [2022-02-28 15:08:49,564] {dagbag.py:500} INFO - Filling up the DagBag from /opt/anaconda3/envs/airflow/lib/python3.7/site-packages/airflow/example_dags/example_time_delta_sensor_async.py
[2022-02-28 15:08:49,594] {processor.py:654} INFO - DAG(s) dict_keys(['example_time_delta_sensor_async']) retrieved from /opt/anaconda3/envs/airflow/lib/python3.7/site-packages/airflow/example_dags/example_time_delta_sensor_async.py
[2022-02-28 15:08:49,603] {logging_mixin.py:109} INFO - [2022-02-28 15:08:49,603] {dag.py:2398} INFO - Sync 1 DAGs
[2022-02-28 15:08:49,616] {logging_mixin.py:109} INFO - [2022-02-28 15:08:49,616] {dag.py:2937} INFO - Setting next_dagrun for example_time_delta_sensor_async to None
[2022-02-28 15:08:49,626] {processor.py:171} INFO - Processing /opt/anaconda3/envs/airflow/lib/python3.7/site-packages/airflow/example_dags/example_time_delta_sensor_async.py took 0.068 seconds
[2022-02-28 15:09:55,886] {processor.py:163} INFO - Started process (PID=35531) to work on /opt/anaconda3/envs/airflow/lib/python3.7/site-packages/airflow/example_dags/example_time_delta_sensor_async.py
[2022-02-28 15:09:55,888] {processor.py:642} INFO - Processing file /opt/anaconda3/envs/airflow/lib/python3.7/site-packages/airflow/example_dags/example_time_delta_sensor_async.py for tasks to queue
[2022-02-28 15:09:55,889] {logging_mixin.py:109} INFO - [2022-02-28 15:09:55,889] {dagbag.py:500} INFO - Filling up the DagBag from /opt/anaconda3/envs/airflow/lib/python3.7/site-packages/airflow/example_dags/example_time_delta_sensor_async.py
[2022-02-28 15:09:55,923] {processor.py:654} INFO - DAG(s) dict_keys(['example_time_delta_sensor_async']) retrieved from /opt/anaconda3/envs/airflow/lib/python3.7/site-packages/airflow/example_dags/example_time_delta_sensor_async.py
[2022-02-28 15:09:55,934] {logging_mixin.py:109} INFO - [2022-02-28 15:09:55,934] {dag.py:2398} INFO - Sync 1 DAGs
[2022-02-28 15:09:55,948] {logging_mixin.py:109} INFO - [2022-02-28 15:09:55,948] {dag.py:2937} INFO - Setting next_dagrun for example_time_delta_sensor_async to None
[2022-02-28 15:09:55,957] {processor.py:171} INFO - Processing /opt/anaconda3/envs/airflow/lib/python3.7/site-packages/airflow/example_dags/example_time_delta_sensor_async.py took 0.076 seconds
[2022-02-28 15:10:35,706] {processor.py:163} INFO - Started process (PID=35639) to work on /opt/anaconda3/envs/airflow/lib/python3.7/site-packages/airflow/example_dags/example_time_delta_sensor_async.py
[2022-02-28 15:10:35,707] {processor.py:642} INFO - Processing file /opt/anaconda3/envs/airflow/lib/python3.7/site-packages/airflow/example_dags/example_time_delta_sensor_async.py for tasks to queue
[2022-02-28 15:10:35,708] {logging_mixin.py:109} INFO - [2022-02-28 15:10:35,708] {dagbag.py:500} INFO - Filling up the DagBag from /opt/anaconda3/envs/airflow/lib/python3.7/site-packages/airflow/example_dags/example_time_delta_sensor_async.py
[2022-02-28 15:10:35,738] {processor.py:654} INFO - DAG(s) dict_keys(['example_time_delta_sensor_async']) retrieved from /opt/anaconda3/envs/airflow/lib/python3.7/site-packages/airflow/example_dags/example_time_delta_sensor_async.py
[2022-02-28 15:10:35,747] {logging_mixin.py:109} INFO - [2022-02-28 15:10:35,747] {dag.py:2398} INFO - Sync 1 DAGs
[2022-02-28 15:10:35,760] {logging_mixin.py:109} INFO - [2022-02-28 15:10:35,759] {dag.py:2937} INFO - Setting next_dagrun for example_time_delta_sensor_async to None
[2022-02-28 15:10:35,770] {processor.py:171} INFO - Processing /opt/anaconda3/envs/airflow/lib/python3.7/site-packages/airflow/example_dags/example_time_delta_sensor_async.py took 0.067 seconds
[2022-02-28 15:14:29,316] {processor.py:163} INFO - Started process (PID=35876) to work on /opt/anaconda3/envs/airflow/lib/python3.7/site-packages/airflow/example_dags/example_time_delta_sensor_async.py
[2022-02-28 15:14:29,318] {processor.py:642} INFO - Processing file /opt/anaconda3/envs/airflow/lib/python3.7/site-packages/airflow/example_dags/example_time_delta_sensor_async.py for tasks to queue
[2022-02-28 15:14:29,319] {logging_mixin.py:109} INFO - [2022-02-28 15:14:29,319] {dagbag.py:500} INFO - Filling up the DagBag from /opt/anaconda3/envs/airflow/lib/python3.7/site-packages/airflow/example_dags/example_time_delta_sensor_async.py
[2022-02-28 15:14:29,350] {processor.py:654} INFO - DAG(s) dict_keys(['example_time_delta_sensor_async']) retrieved from /opt/anaconda3/envs/airflow/lib/python3.7/site-packages/airflow/example_dags/example_time_delta_sensor_async.py
[2022-02-28 15:14:29,360] {logging_mixin.py:109} INFO - [2022-02-28 15:14:29,359] {dag.py:2398} INFO - Sync 1 DAGs
[2022-02-28 15:14:29,373] {logging_mixin.py:109} INFO - [2022-02-28 15:14:29,372] {dag.py:2937} INFO - Setting next_dagrun for example_time_delta_sensor_async to None
[2022-02-28 15:14:29,384] {processor.py:171} INFO - Processing /opt/anaconda3/envs/airflow/lib/python3.7/site-packages/airflow/example_dags/example_time_delta_sensor_async.py took 0.071 seconds
[2022-02-28 15:16:03,441] {processor.py:163} INFO - Started process (PID=36074) to work on /opt/anaconda3/envs/airflow/lib/python3.7/site-packages/airflow/example_dags/example_time_delta_sensor_async.py
[2022-02-28 15:16:03,443] {processor.py:642} INFO - Processing file /opt/anaconda3/envs/airflow/lib/python3.7/site-packages/airflow/example_dags/example_time_delta_sensor_async.py for tasks to queue
[2022-02-28 15:16:03,444] {logging_mixin.py:109} INFO - [2022-02-28 15:16:03,444] {dagbag.py:500} INFO - Filling up the DagBag from /opt/anaconda3/envs/airflow/lib/python3.7/site-packages/airflow/example_dags/example_time_delta_sensor_async.py
[2022-02-28 15:16:03,480] {processor.py:654} INFO - DAG(s) dict_keys(['example_time_delta_sensor_async']) retrieved from /opt/anaconda3/envs/airflow/lib/python3.7/site-packages/airflow/example_dags/example_time_delta_sensor_async.py
[2022-02-28 15:16:03,493] {logging_mixin.py:109} INFO - [2022-02-28 15:16:03,492] {dag.py:2398} INFO - Sync 1 DAGs
[2022-02-28 15:16:03,511] {logging_mixin.py:109} INFO - [2022-02-28 15:16:03,511] {dag.py:2937} INFO - Setting next_dagrun for example_time_delta_sensor_async to None
[2022-02-28 15:16:03,520] {processor.py:171} INFO - Processing /opt/anaconda3/envs/airflow/lib/python3.7/site-packages/airflow/example_dags/example_time_delta_sensor_async.py took 0.084 seconds
[2022-02-28 15:18:34,226] {processor.py:163} INFO - Started process (PID=36234) to work on /opt/anaconda3/envs/airflow/lib/python3.7/site-packages/airflow/example_dags/example_time_delta_sensor_async.py
[2022-02-28 15:18:34,228] {processor.py:642} INFO - Processing file /opt/anaconda3/envs/airflow/lib/python3.7/site-packages/airflow/example_dags/example_time_delta_sensor_async.py for tasks to queue
[2022-02-28 15:18:34,229] {logging_mixin.py:109} INFO - [2022-02-28 15:18:34,229] {dagbag.py:500} INFO - Filling up the DagBag from /opt/anaconda3/envs/airflow/lib/python3.7/site-packages/airflow/example_dags/example_time_delta_sensor_async.py
[2022-02-28 15:18:34,261] {processor.py:654} INFO - DAG(s) dict_keys(['example_time_delta_sensor_async']) retrieved from /opt/anaconda3/envs/airflow/lib/python3.7/site-packages/airflow/example_dags/example_time_delta_sensor_async.py
[2022-02-28 15:18:34,271] {logging_mixin.py:109} INFO - [2022-02-28 15:18:34,270] {dag.py:2398} INFO - Sync 1 DAGs
[2022-02-28 15:18:34,284] {logging_mixin.py:109} INFO - [2022-02-28 15:18:34,284] {dag.py:2937} INFO - Setting next_dagrun for example_time_delta_sensor_async to None
[2022-02-28 15:18:34,294] {processor.py:171} INFO - Processing /opt/anaconda3/envs/airflow/lib/python3.7/site-packages/airflow/example_dags/example_time_delta_sensor_async.py took 0.072 seconds
[2022-02-28 15:19:45,228] {processor.py:163} INFO - Started process (PID=36345) to work on /opt/anaconda3/envs/airflow/lib/python3.7/site-packages/airflow/example_dags/example_time_delta_sensor_async.py
[2022-02-28 15:19:45,231] {processor.py:642} INFO - Processing file /opt/anaconda3/envs/airflow/lib/python3.7/site-packages/airflow/example_dags/example_time_delta_sensor_async.py for tasks to queue
[2022-02-28 15:19:45,233] {logging_mixin.py:109} INFO - [2022-02-28 15:19:45,233] {dagbag.py:500} INFO - Filling up the DagBag from /opt/anaconda3/envs/airflow/lib/python3.7/site-packages/airflow/example_dags/example_time_delta_sensor_async.py
[2022-02-28 15:19:45,266] {processor.py:654} INFO - DAG(s) dict_keys(['example_time_delta_sensor_async']) retrieved from /opt/anaconda3/envs/airflow/lib/python3.7/site-packages/airflow/example_dags/example_time_delta_sensor_async.py
[2022-02-28 15:19:45,276] {logging_mixin.py:109} INFO - [2022-02-28 15:19:45,275] {dag.py:2398} INFO - Sync 1 DAGs
[2022-02-28 15:19:45,290] {logging_mixin.py:109} INFO - [2022-02-28 15:19:45,290] {dag.py:2937} INFO - Setting next_dagrun for example_time_delta_sensor_async to None
[2022-02-28 15:19:45,300] {processor.py:171} INFO - Processing /opt/anaconda3/envs/airflow/lib/python3.7/site-packages/airflow/example_dags/example_time_delta_sensor_async.py took 0.075 seconds
[2022-02-28 15:20:29,112] {processor.py:163} INFO - Started process (PID=36475) to work on /opt/anaconda3/envs/airflow/lib/python3.7/site-packages/airflow/example_dags/example_time_delta_sensor_async.py
[2022-02-28 15:20:29,115] {processor.py:642} INFO - Processing file /opt/anaconda3/envs/airflow/lib/python3.7/site-packages/airflow/example_dags/example_time_delta_sensor_async.py for tasks to queue
[2022-02-28 15:20:29,116] {logging_mixin.py:109} INFO - [2022-02-28 15:20:29,116] {dagbag.py:500} INFO - Filling up the DagBag from /opt/anaconda3/envs/airflow/lib/python3.7/site-packages/airflow/example_dags/example_time_delta_sensor_async.py
[2022-02-28 15:20:29,147] {processor.py:654} INFO - DAG(s) dict_keys(['example_time_delta_sensor_async']) retrieved from /opt/anaconda3/envs/airflow/lib/python3.7/site-packages/airflow/example_dags/example_time_delta_sensor_async.py
[2022-02-28 15:20:29,158] {logging_mixin.py:109} INFO - [2022-02-28 15:20:29,157] {dag.py:2398} INFO - Sync 1 DAGs
[2022-02-28 15:20:29,171] {logging_mixin.py:109} INFO - [2022-02-28 15:20:29,171] {dag.py:2937} INFO - Setting next_dagrun for example_time_delta_sensor_async to None
[2022-02-28 15:20:29,181] {processor.py:171} INFO - Processing /opt/anaconda3/envs/airflow/lib/python3.7/site-packages/airflow/example_dags/example_time_delta_sensor_async.py took 0.072 seconds
[2022-02-28 15:21:11,789] {processor.py:163} INFO - Started process (PID=36530) to work on /opt/anaconda3/envs/airflow/lib/python3.7/site-packages/airflow/example_dags/example_time_delta_sensor_async.py
[2022-02-28 15:21:11,796] {processor.py:642} INFO - Processing file /opt/anaconda3/envs/airflow/lib/python3.7/site-packages/airflow/example_dags/example_time_delta_sensor_async.py for tasks to queue
[2022-02-28 15:21:11,800] {logging_mixin.py:109} INFO - [2022-02-28 15:21:11,798] {dagbag.py:500} INFO - Filling up the DagBag from /opt/anaconda3/envs/airflow/lib/python3.7/site-packages/airflow/example_dags/example_time_delta_sensor_async.py
[2022-02-28 15:21:11,968] {processor.py:654} INFO - DAG(s) dict_keys(['example_time_delta_sensor_async']) retrieved from /opt/anaconda3/envs/airflow/lib/python3.7/site-packages/airflow/example_dags/example_time_delta_sensor_async.py
[2022-02-28 15:21:12,012] {logging_mixin.py:109} INFO - [2022-02-28 15:21:12,011] {dag.py:2398} INFO - Sync 1 DAGs
[2022-02-28 15:21:12,266] {logging_mixin.py:109} INFO - [2022-02-28 15:21:12,266] {dag.py:2937} INFO - Setting next_dagrun for example_time_delta_sensor_async to None
[2022-02-28 15:21:12,299] {processor.py:171} INFO - Processing /opt/anaconda3/envs/airflow/lib/python3.7/site-packages/airflow/example_dags/example_time_delta_sensor_async.py took 0.554 seconds
[2022-02-28 15:21:51,839] {processor.py:163} INFO - Started process (PID=36571) to work on /opt/anaconda3/envs/airflow/lib/python3.7/site-packages/airflow/example_dags/example_time_delta_sensor_async.py
[2022-02-28 15:21:51,841] {processor.py:642} INFO - Processing file /opt/anaconda3/envs/airflow/lib/python3.7/site-packages/airflow/example_dags/example_time_delta_sensor_async.py for tasks to queue
[2022-02-28 15:21:51,842] {logging_mixin.py:109} INFO - [2022-02-28 15:21:51,842] {dagbag.py:500} INFO - Filling up the DagBag from /opt/anaconda3/envs/airflow/lib/python3.7/site-packages/airflow/example_dags/example_time_delta_sensor_async.py
[2022-02-28 15:21:51,884] {processor.py:654} INFO - DAG(s) dict_keys(['example_time_delta_sensor_async']) retrieved from /opt/anaconda3/envs/airflow/lib/python3.7/site-packages/airflow/example_dags/example_time_delta_sensor_async.py
[2022-02-28 15:21:51,897] {logging_mixin.py:109} INFO - [2022-02-28 15:21:51,896] {dag.py:2398} INFO - Sync 1 DAGs
[2022-02-28 15:21:51,919] {logging_mixin.py:109} INFO - [2022-02-28 15:21:51,918] {dag.py:2937} INFO - Setting next_dagrun for example_time_delta_sensor_async to None
[2022-02-28 15:21:51,932] {processor.py:171} INFO - Processing /opt/anaconda3/envs/airflow/lib/python3.7/site-packages/airflow/example_dags/example_time_delta_sensor_async.py took 0.101 seconds
[2022-02-28 15:22:32,431] {processor.py:163} INFO - Started process (PID=36608) to work on /opt/anaconda3/envs/airflow/lib/python3.7/site-packages/airflow/example_dags/example_time_delta_sensor_async.py
[2022-02-28 15:22:32,433] {processor.py:642} INFO - Processing file /opt/anaconda3/envs/airflow/lib/python3.7/site-packages/airflow/example_dags/example_time_delta_sensor_async.py for tasks to queue
[2022-02-28 15:22:32,434] {logging_mixin.py:109} INFO - [2022-02-28 15:22:32,433] {dagbag.py:500} INFO - Filling up the DagBag from /opt/anaconda3/envs/airflow/lib/python3.7/site-packages/airflow/example_dags/example_time_delta_sensor_async.py
[2022-02-28 15:22:32,461] {processor.py:654} INFO - DAG(s) dict_keys(['example_time_delta_sensor_async']) retrieved from /opt/anaconda3/envs/airflow/lib/python3.7/site-packages/airflow/example_dags/example_time_delta_sensor_async.py
[2022-02-28 15:22:32,473] {logging_mixin.py:109} INFO - [2022-02-28 15:22:32,472] {dag.py:2398} INFO - Sync 1 DAGs
[2022-02-28 15:22:32,486] {logging_mixin.py:109} INFO - [2022-02-28 15:22:32,486] {dag.py:2937} INFO - Setting next_dagrun for example_time_delta_sensor_async to None
[2022-02-28 15:22:32,496] {processor.py:171} INFO - Processing /opt/anaconda3/envs/airflow/lib/python3.7/site-packages/airflow/example_dags/example_time_delta_sensor_async.py took 0.069 seconds
