[2022-02-28 14:25:53,986] {processor.py:163} INFO - Started process (PID=31713) to work on /opt/anaconda3/envs/airflow/lib/python3.7/site-packages/airflow/example_dags/example_branch_day_of_week_operator.py
[2022-02-28 14:25:53,987] {processor.py:642} INFO - Processing file /opt/anaconda3/envs/airflow/lib/python3.7/site-packages/airflow/example_dags/example_branch_day_of_week_operator.py for tasks to queue
[2022-02-28 14:25:53,988] {logging_mixin.py:109} INFO - [2022-02-28 14:25:53,988] {dagbag.py:500} INFO - Filling up the DagBag from /opt/anaconda3/envs/airflow/lib/python3.7/site-packages/airflow/example_dags/example_branch_day_of_week_operator.py
[2022-02-28 14:25:54,029] {processor.py:654} INFO - DAG(s) dict_keys(['example_weekday_branch_operator']) retrieved from /opt/anaconda3/envs/airflow/lib/python3.7/site-packages/airflow/example_dags/example_branch_day_of_week_operator.py
[2022-02-28 14:25:54,042] {logging_mixin.py:109} INFO - [2022-02-28 14:25:54,042] {dag.py:2398} INFO - Sync 1 DAGs
[2022-02-28 14:25:54,061] {logging_mixin.py:109} INFO - [2022-02-28 14:25:54,060] {dag.py:2937} INFO - Setting next_dagrun for example_weekday_branch_operator to 2022-02-27 00:00:00+00:00
[2022-02-28 14:25:54,073] {processor.py:171} INFO - Processing /opt/anaconda3/envs/airflow/lib/python3.7/site-packages/airflow/example_dags/example_branch_day_of_week_operator.py took 0.092 seconds
[2022-02-28 14:26:42,653] {processor.py:163} INFO - Started process (PID=31788) to work on /opt/anaconda3/envs/airflow/lib/python3.7/site-packages/airflow/example_dags/example_branch_day_of_week_operator.py
[2022-02-28 14:26:42,656] {processor.py:642} INFO - Processing file /opt/anaconda3/envs/airflow/lib/python3.7/site-packages/airflow/example_dags/example_branch_day_of_week_operator.py for tasks to queue
[2022-02-28 14:26:42,657] {logging_mixin.py:109} INFO - [2022-02-28 14:26:42,657] {dagbag.py:500} INFO - Filling up the DagBag from /opt/anaconda3/envs/airflow/lib/python3.7/site-packages/airflow/example_dags/example_branch_day_of_week_operator.py
[2022-02-28 14:26:42,736] {processor.py:654} INFO - DAG(s) dict_keys(['example_weekday_branch_operator']) retrieved from /opt/anaconda3/envs/airflow/lib/python3.7/site-packages/airflow/example_dags/example_branch_day_of_week_operator.py
[2022-02-28 14:26:42,752] {logging_mixin.py:109} INFO - [2022-02-28 14:26:42,751] {dag.py:2398} INFO - Sync 1 DAGs
[2022-02-28 14:26:42,768] {logging_mixin.py:109} INFO - [2022-02-28 14:26:42,767] {dag.py:2937} INFO - Setting next_dagrun for example_weekday_branch_operator to 2022-02-27 00:00:00+00:00
[2022-02-28 14:26:42,782] {processor.py:171} INFO - Processing /opt/anaconda3/envs/airflow/lib/python3.7/site-packages/airflow/example_dags/example_branch_day_of_week_operator.py took 0.134 seconds
[2022-02-28 14:27:23,033] {processor.py:163} INFO - Started process (PID=31841) to work on /opt/anaconda3/envs/airflow/lib/python3.7/site-packages/airflow/example_dags/example_branch_day_of_week_operator.py
[2022-02-28 14:27:23,035] {processor.py:642} INFO - Processing file /opt/anaconda3/envs/airflow/lib/python3.7/site-packages/airflow/example_dags/example_branch_day_of_week_operator.py for tasks to queue
[2022-02-28 14:27:23,036] {logging_mixin.py:109} INFO - [2022-02-28 14:27:23,035] {dagbag.py:500} INFO - Filling up the DagBag from /opt/anaconda3/envs/airflow/lib/python3.7/site-packages/airflow/example_dags/example_branch_day_of_week_operator.py
[2022-02-28 14:27:23,077] {processor.py:654} INFO - DAG(s) dict_keys(['example_weekday_branch_operator']) retrieved from /opt/anaconda3/envs/airflow/lib/python3.7/site-packages/airflow/example_dags/example_branch_day_of_week_operator.py
[2022-02-28 14:27:23,090] {logging_mixin.py:109} INFO - [2022-02-28 14:27:23,090] {dag.py:2398} INFO - Sync 1 DAGs
[2022-02-28 14:27:23,112] {logging_mixin.py:109} INFO - [2022-02-28 14:27:23,112] {dag.py:2937} INFO - Setting next_dagrun for example_weekday_branch_operator to 2022-02-27 00:00:00+00:00
[2022-02-28 14:27:23,125] {processor.py:171} INFO - Processing /opt/anaconda3/envs/airflow/lib/python3.7/site-packages/airflow/example_dags/example_branch_day_of_week_operator.py took 0.098 seconds
[2022-02-28 14:29:24,454] {processor.py:163} INFO - Started process (PID=32068) to work on /opt/anaconda3/envs/airflow/lib/python3.7/site-packages/airflow/example_dags/example_branch_day_of_week_operator.py
[2022-02-28 14:29:24,455] {processor.py:642} INFO - Processing file /opt/anaconda3/envs/airflow/lib/python3.7/site-packages/airflow/example_dags/example_branch_day_of_week_operator.py for tasks to queue
[2022-02-28 14:29:24,457] {logging_mixin.py:109} INFO - [2022-02-28 14:29:24,457] {dagbag.py:500} INFO - Filling up the DagBag from /opt/anaconda3/envs/airflow/lib/python3.7/site-packages/airflow/example_dags/example_branch_day_of_week_operator.py
[2022-02-28 14:29:24,501] {processor.py:654} INFO - DAG(s) dict_keys(['example_weekday_branch_operator']) retrieved from /opt/anaconda3/envs/airflow/lib/python3.7/site-packages/airflow/example_dags/example_branch_day_of_week_operator.py
[2022-02-28 14:29:24,511] {logging_mixin.py:109} INFO - [2022-02-28 14:29:24,511] {dag.py:2398} INFO - Sync 1 DAGs
[2022-02-28 14:29:24,527] {logging_mixin.py:109} INFO - [2022-02-28 14:29:24,527] {dag.py:2937} INFO - Setting next_dagrun for example_weekday_branch_operator to 2022-02-27 00:00:00+00:00
[2022-02-28 14:29:24,536] {processor.py:171} INFO - Processing /opt/anaconda3/envs/airflow/lib/python3.7/site-packages/airflow/example_dags/example_branch_day_of_week_operator.py took 0.087 seconds
[2022-02-28 14:30:23,056] {processor.py:163} INFO - Started process (PID=32141) to work on /opt/anaconda3/envs/airflow/lib/python3.7/site-packages/airflow/example_dags/example_branch_day_of_week_operator.py
[2022-02-28 14:30:23,058] {processor.py:642} INFO - Processing file /opt/anaconda3/envs/airflow/lib/python3.7/site-packages/airflow/example_dags/example_branch_day_of_week_operator.py for tasks to queue
[2022-02-28 14:30:23,060] {logging_mixin.py:109} INFO - [2022-02-28 14:30:23,059] {dagbag.py:500} INFO - Filling up the DagBag from /opt/anaconda3/envs/airflow/lib/python3.7/site-packages/airflow/example_dags/example_branch_day_of_week_operator.py
[2022-02-28 14:30:23,094] {processor.py:654} INFO - DAG(s) dict_keys(['example_weekday_branch_operator']) retrieved from /opt/anaconda3/envs/airflow/lib/python3.7/site-packages/airflow/example_dags/example_branch_day_of_week_operator.py
[2022-02-28 14:30:23,105] {logging_mixin.py:109} INFO - [2022-02-28 14:30:23,105] {dag.py:2398} INFO - Sync 1 DAGs
[2022-02-28 14:30:23,124] {logging_mixin.py:109} INFO - [2022-02-28 14:30:23,123] {dag.py:2937} INFO - Setting next_dagrun for example_weekday_branch_operator to 2022-02-27 00:00:00+00:00
[2022-02-28 14:30:23,136] {processor.py:171} INFO - Processing /opt/anaconda3/envs/airflow/lib/python3.7/site-packages/airflow/example_dags/example_branch_day_of_week_operator.py took 0.084 seconds
[2022-02-28 14:31:01,717] {processor.py:163} INFO - Started process (PID=32181) to work on /opt/anaconda3/envs/airflow/lib/python3.7/site-packages/airflow/example_dags/example_branch_day_of_week_operator.py
[2022-02-28 14:31:01,719] {processor.py:642} INFO - Processing file /opt/anaconda3/envs/airflow/lib/python3.7/site-packages/airflow/example_dags/example_branch_day_of_week_operator.py for tasks to queue
[2022-02-28 14:31:01,720] {logging_mixin.py:109} INFO - [2022-02-28 14:31:01,720] {dagbag.py:500} INFO - Filling up the DagBag from /opt/anaconda3/envs/airflow/lib/python3.7/site-packages/airflow/example_dags/example_branch_day_of_week_operator.py
[2022-02-28 14:31:01,756] {processor.py:654} INFO - DAG(s) dict_keys(['example_weekday_branch_operator']) retrieved from /opt/anaconda3/envs/airflow/lib/python3.7/site-packages/airflow/example_dags/example_branch_day_of_week_operator.py
[2022-02-28 14:31:01,766] {logging_mixin.py:109} INFO - [2022-02-28 14:31:01,765] {dag.py:2398} INFO - Sync 1 DAGs
[2022-02-28 14:31:01,782] {logging_mixin.py:109} INFO - [2022-02-28 14:31:01,782] {dag.py:2937} INFO - Setting next_dagrun for example_weekday_branch_operator to 2022-02-27 00:00:00+00:00
[2022-02-28 14:31:01,795] {processor.py:171} INFO - Processing /opt/anaconda3/envs/airflow/lib/python3.7/site-packages/airflow/example_dags/example_branch_day_of_week_operator.py took 0.083 seconds
[2022-02-28 14:33:25,305] {processor.py:163} INFO - Started process (PID=32355) to work on /opt/anaconda3/envs/airflow/lib/python3.7/site-packages/airflow/example_dags/example_branch_day_of_week_operator.py
[2022-02-28 14:33:25,308] {processor.py:642} INFO - Processing file /opt/anaconda3/envs/airflow/lib/python3.7/site-packages/airflow/example_dags/example_branch_day_of_week_operator.py for tasks to queue
[2022-02-28 14:33:25,309] {logging_mixin.py:109} INFO - [2022-02-28 14:33:25,309] {dagbag.py:500} INFO - Filling up the DagBag from /opt/anaconda3/envs/airflow/lib/python3.7/site-packages/airflow/example_dags/example_branch_day_of_week_operator.py
[2022-02-28 14:33:25,344] {processor.py:654} INFO - DAG(s) dict_keys(['example_weekday_branch_operator']) retrieved from /opt/anaconda3/envs/airflow/lib/python3.7/site-packages/airflow/example_dags/example_branch_day_of_week_operator.py
[2022-02-28 14:33:25,355] {logging_mixin.py:109} INFO - [2022-02-28 14:33:25,354] {dag.py:2398} INFO - Sync 1 DAGs
[2022-02-28 14:33:25,371] {logging_mixin.py:109} INFO - [2022-02-28 14:33:25,371] {dag.py:2937} INFO - Setting next_dagrun for example_weekday_branch_operator to 2022-02-27 00:00:00+00:00
[2022-02-28 14:33:25,383] {processor.py:171} INFO - Processing /opt/anaconda3/envs/airflow/lib/python3.7/site-packages/airflow/example_dags/example_branch_day_of_week_operator.py took 0.081 seconds
[2022-02-28 14:34:10,637] {processor.py:163} INFO - Started process (PID=32437) to work on /opt/anaconda3/envs/airflow/lib/python3.7/site-packages/airflow/example_dags/example_branch_day_of_week_operator.py
[2022-02-28 14:34:10,647] {processor.py:642} INFO - Processing file /opt/anaconda3/envs/airflow/lib/python3.7/site-packages/airflow/example_dags/example_branch_day_of_week_operator.py for tasks to queue
[2022-02-28 14:34:10,650] {logging_mixin.py:109} INFO - [2022-02-28 14:34:10,649] {dagbag.py:500} INFO - Filling up the DagBag from /opt/anaconda3/envs/airflow/lib/python3.7/site-packages/airflow/example_dags/example_branch_day_of_week_operator.py
[2022-02-28 14:34:10,810] {processor.py:654} INFO - DAG(s) dict_keys(['example_weekday_branch_operator']) retrieved from /opt/anaconda3/envs/airflow/lib/python3.7/site-packages/airflow/example_dags/example_branch_day_of_week_operator.py
[2022-02-28 14:34:10,835] {logging_mixin.py:109} INFO - [2022-02-28 14:34:10,834] {dag.py:2398} INFO - Sync 1 DAGs
[2022-02-28 14:34:10,894] {logging_mixin.py:109} INFO - [2022-02-28 14:34:10,891] {dag.py:2937} INFO - Setting next_dagrun for example_weekday_branch_operator to 2022-02-27 00:00:00+00:00
[2022-02-28 14:34:10,914] {processor.py:171} INFO - Processing /opt/anaconda3/envs/airflow/lib/python3.7/site-packages/airflow/example_dags/example_branch_day_of_week_operator.py took 0.291 seconds
[2022-02-28 14:34:57,163] {processor.py:163} INFO - Started process (PID=32489) to work on /opt/anaconda3/envs/airflow/lib/python3.7/site-packages/airflow/example_dags/example_branch_day_of_week_operator.py
[2022-02-28 14:34:57,166] {processor.py:642} INFO - Processing file /opt/anaconda3/envs/airflow/lib/python3.7/site-packages/airflow/example_dags/example_branch_day_of_week_operator.py for tasks to queue
[2022-02-28 14:34:57,167] {logging_mixin.py:109} INFO - [2022-02-28 14:34:57,167] {dagbag.py:500} INFO - Filling up the DagBag from /opt/anaconda3/envs/airflow/lib/python3.7/site-packages/airflow/example_dags/example_branch_day_of_week_operator.py
[2022-02-28 14:34:57,206] {processor.py:654} INFO - DAG(s) dict_keys(['example_weekday_branch_operator']) retrieved from /opt/anaconda3/envs/airflow/lib/python3.7/site-packages/airflow/example_dags/example_branch_day_of_week_operator.py
[2022-02-28 14:34:57,216] {logging_mixin.py:109} INFO - [2022-02-28 14:34:57,216] {dag.py:2398} INFO - Sync 1 DAGs
[2022-02-28 14:34:57,233] {logging_mixin.py:109} INFO - [2022-02-28 14:34:57,233] {dag.py:2937} INFO - Setting next_dagrun for example_weekday_branch_operator to 2022-02-27 00:00:00+00:00
[2022-02-28 14:34:57,245] {processor.py:171} INFO - Processing /opt/anaconda3/envs/airflow/lib/python3.7/site-packages/airflow/example_dags/example_branch_day_of_week_operator.py took 0.086 seconds
[2022-02-28 14:35:38,175] {processor.py:163} INFO - Started process (PID=32531) to work on /opt/anaconda3/envs/airflow/lib/python3.7/site-packages/airflow/example_dags/example_branch_day_of_week_operator.py
[2022-02-28 14:35:38,178] {processor.py:642} INFO - Processing file /opt/anaconda3/envs/airflow/lib/python3.7/site-packages/airflow/example_dags/example_branch_day_of_week_operator.py for tasks to queue
[2022-02-28 14:35:38,180] {logging_mixin.py:109} INFO - [2022-02-28 14:35:38,179] {dagbag.py:500} INFO - Filling up the DagBag from /opt/anaconda3/envs/airflow/lib/python3.7/site-packages/airflow/example_dags/example_branch_day_of_week_operator.py
[2022-02-28 14:35:38,220] {processor.py:654} INFO - DAG(s) dict_keys(['example_weekday_branch_operator']) retrieved from /opt/anaconda3/envs/airflow/lib/python3.7/site-packages/airflow/example_dags/example_branch_day_of_week_operator.py
[2022-02-28 14:35:38,233] {logging_mixin.py:109} INFO - [2022-02-28 14:35:38,232] {dag.py:2398} INFO - Sync 1 DAGs
[2022-02-28 14:35:38,249] {logging_mixin.py:109} INFO - [2022-02-28 14:35:38,249] {dag.py:2937} INFO - Setting next_dagrun for example_weekday_branch_operator to 2022-02-27 00:00:00+00:00
[2022-02-28 14:35:38,260] {processor.py:171} INFO - Processing /opt/anaconda3/envs/airflow/lib/python3.7/site-packages/airflow/example_dags/example_branch_day_of_week_operator.py took 0.097 seconds
[2022-02-28 14:36:24,562] {processor.py:163} INFO - Started process (PID=32582) to work on /opt/anaconda3/envs/airflow/lib/python3.7/site-packages/airflow/example_dags/example_branch_day_of_week_operator.py
[2022-02-28 14:36:24,563] {processor.py:642} INFO - Processing file /opt/anaconda3/envs/airflow/lib/python3.7/site-packages/airflow/example_dags/example_branch_day_of_week_operator.py for tasks to queue
[2022-02-28 14:36:24,565] {logging_mixin.py:109} INFO - [2022-02-28 14:36:24,564] {dagbag.py:500} INFO - Filling up the DagBag from /opt/anaconda3/envs/airflow/lib/python3.7/site-packages/airflow/example_dags/example_branch_day_of_week_operator.py
[2022-02-28 14:36:24,596] {processor.py:654} INFO - DAG(s) dict_keys(['example_weekday_branch_operator']) retrieved from /opt/anaconda3/envs/airflow/lib/python3.7/site-packages/airflow/example_dags/example_branch_day_of_week_operator.py
[2022-02-28 14:36:24,608] {logging_mixin.py:109} INFO - [2022-02-28 14:36:24,608] {dag.py:2398} INFO - Sync 1 DAGs
[2022-02-28 14:36:24,628] {logging_mixin.py:109} INFO - [2022-02-28 14:36:24,628] {dag.py:2937} INFO - Setting next_dagrun for example_weekday_branch_operator to 2022-02-27 00:00:00+00:00
[2022-02-28 14:36:24,644] {processor.py:171} INFO - Processing /opt/anaconda3/envs/airflow/lib/python3.7/site-packages/airflow/example_dags/example_branch_day_of_week_operator.py took 0.087 seconds
[2022-02-28 14:37:13,432] {processor.py:163} INFO - Started process (PID=32630) to work on /opt/anaconda3/envs/airflow/lib/python3.7/site-packages/airflow/example_dags/example_branch_day_of_week_operator.py
[2022-02-28 14:37:13,434] {processor.py:642} INFO - Processing file /opt/anaconda3/envs/airflow/lib/python3.7/site-packages/airflow/example_dags/example_branch_day_of_week_operator.py for tasks to queue
[2022-02-28 14:37:13,436] {logging_mixin.py:109} INFO - [2022-02-28 14:37:13,436] {dagbag.py:500} INFO - Filling up the DagBag from /opt/anaconda3/envs/airflow/lib/python3.7/site-packages/airflow/example_dags/example_branch_day_of_week_operator.py
[2022-02-28 14:37:13,478] {processor.py:654} INFO - DAG(s) dict_keys(['example_weekday_branch_operator']) retrieved from /opt/anaconda3/envs/airflow/lib/python3.7/site-packages/airflow/example_dags/example_branch_day_of_week_operator.py
[2022-02-28 14:37:13,491] {logging_mixin.py:109} INFO - [2022-02-28 14:37:13,491] {dag.py:2398} INFO - Sync 1 DAGs
[2022-02-28 14:37:13,508] {logging_mixin.py:109} INFO - [2022-02-28 14:37:13,508] {dag.py:2937} INFO - Setting next_dagrun for example_weekday_branch_operator to 2022-02-27 00:00:00+00:00
[2022-02-28 14:37:13,519] {processor.py:171} INFO - Processing /opt/anaconda3/envs/airflow/lib/python3.7/site-packages/airflow/example_dags/example_branch_day_of_week_operator.py took 0.092 seconds
[2022-02-28 14:37:57,621] {processor.py:163} INFO - Started process (PID=32672) to work on /opt/anaconda3/envs/airflow/lib/python3.7/site-packages/airflow/example_dags/example_branch_day_of_week_operator.py
[2022-02-28 14:37:57,624] {processor.py:642} INFO - Processing file /opt/anaconda3/envs/airflow/lib/python3.7/site-packages/airflow/example_dags/example_branch_day_of_week_operator.py for tasks to queue
[2022-02-28 14:37:57,625] {logging_mixin.py:109} INFO - [2022-02-28 14:37:57,625] {dagbag.py:500} INFO - Filling up the DagBag from /opt/anaconda3/envs/airflow/lib/python3.7/site-packages/airflow/example_dags/example_branch_day_of_week_operator.py
[2022-02-28 14:37:57,659] {processor.py:654} INFO - DAG(s) dict_keys(['example_weekday_branch_operator']) retrieved from /opt/anaconda3/envs/airflow/lib/python3.7/site-packages/airflow/example_dags/example_branch_day_of_week_operator.py
[2022-02-28 14:37:57,671] {logging_mixin.py:109} INFO - [2022-02-28 14:37:57,671] {dag.py:2398} INFO - Sync 1 DAGs
[2022-02-28 14:37:57,688] {logging_mixin.py:109} INFO - [2022-02-28 14:37:57,687] {dag.py:2937} INFO - Setting next_dagrun for example_weekday_branch_operator to 2022-02-27 00:00:00+00:00
[2022-02-28 14:37:57,698] {processor.py:171} INFO - Processing /opt/anaconda3/envs/airflow/lib/python3.7/site-packages/airflow/example_dags/example_branch_day_of_week_operator.py took 0.082 seconds
[2022-02-28 14:38:43,460] {processor.py:163} INFO - Started process (PID=32717) to work on /opt/anaconda3/envs/airflow/lib/python3.7/site-packages/airflow/example_dags/example_branch_day_of_week_operator.py
[2022-02-28 14:38:43,461] {processor.py:642} INFO - Processing file /opt/anaconda3/envs/airflow/lib/python3.7/site-packages/airflow/example_dags/example_branch_day_of_week_operator.py for tasks to queue
[2022-02-28 14:38:43,463] {logging_mixin.py:109} INFO - [2022-02-28 14:38:43,462] {dagbag.py:500} INFO - Filling up the DagBag from /opt/anaconda3/envs/airflow/lib/python3.7/site-packages/airflow/example_dags/example_branch_day_of_week_operator.py
[2022-02-28 14:38:43,493] {processor.py:654} INFO - DAG(s) dict_keys(['example_weekday_branch_operator']) retrieved from /opt/anaconda3/envs/airflow/lib/python3.7/site-packages/airflow/example_dags/example_branch_day_of_week_operator.py
[2022-02-28 14:38:43,504] {logging_mixin.py:109} INFO - [2022-02-28 14:38:43,504] {dag.py:2398} INFO - Sync 1 DAGs
[2022-02-28 14:38:43,522] {logging_mixin.py:109} INFO - [2022-02-28 14:38:43,521] {dag.py:2937} INFO - Setting next_dagrun for example_weekday_branch_operator to 2022-02-27 00:00:00+00:00
[2022-02-28 14:38:43,532] {processor.py:171} INFO - Processing /opt/anaconda3/envs/airflow/lib/python3.7/site-packages/airflow/example_dags/example_branch_day_of_week_operator.py took 0.076 seconds
[2022-02-28 14:39:24,226] {processor.py:163} INFO - Started process (PID=32758) to work on /opt/anaconda3/envs/airflow/lib/python3.7/site-packages/airflow/example_dags/example_branch_day_of_week_operator.py
[2022-02-28 14:39:24,229] {processor.py:642} INFO - Processing file /opt/anaconda3/envs/airflow/lib/python3.7/site-packages/airflow/example_dags/example_branch_day_of_week_operator.py for tasks to queue
[2022-02-28 14:39:24,231] {logging_mixin.py:109} INFO - [2022-02-28 14:39:24,230] {dagbag.py:500} INFO - Filling up the DagBag from /opt/anaconda3/envs/airflow/lib/python3.7/site-packages/airflow/example_dags/example_branch_day_of_week_operator.py
[2022-02-28 14:39:24,281] {processor.py:654} INFO - DAG(s) dict_keys(['example_weekday_branch_operator']) retrieved from /opt/anaconda3/envs/airflow/lib/python3.7/site-packages/airflow/example_dags/example_branch_day_of_week_operator.py
[2022-02-28 14:39:24,297] {logging_mixin.py:109} INFO - [2022-02-28 14:39:24,297] {dag.py:2398} INFO - Sync 1 DAGs
[2022-02-28 14:39:24,321] {logging_mixin.py:109} INFO - [2022-02-28 14:39:24,321] {dag.py:2937} INFO - Setting next_dagrun for example_weekday_branch_operator to 2022-02-27 00:00:00+00:00
[2022-02-28 14:39:24,337] {processor.py:171} INFO - Processing /opt/anaconda3/envs/airflow/lib/python3.7/site-packages/airflow/example_dags/example_branch_day_of_week_operator.py took 0.117 seconds
[2022-02-28 14:40:05,775] {processor.py:163} INFO - Started process (PID=32807) to work on /opt/anaconda3/envs/airflow/lib/python3.7/site-packages/airflow/example_dags/example_branch_day_of_week_operator.py
[2022-02-28 14:40:05,778] {processor.py:642} INFO - Processing file /opt/anaconda3/envs/airflow/lib/python3.7/site-packages/airflow/example_dags/example_branch_day_of_week_operator.py for tasks to queue
[2022-02-28 14:40:05,779] {logging_mixin.py:109} INFO - [2022-02-28 14:40:05,779] {dagbag.py:500} INFO - Filling up the DagBag from /opt/anaconda3/envs/airflow/lib/python3.7/site-packages/airflow/example_dags/example_branch_day_of_week_operator.py
[2022-02-28 14:40:05,814] {processor.py:654} INFO - DAG(s) dict_keys(['example_weekday_branch_operator']) retrieved from /opt/anaconda3/envs/airflow/lib/python3.7/site-packages/airflow/example_dags/example_branch_day_of_week_operator.py
[2022-02-28 14:40:05,824] {logging_mixin.py:109} INFO - [2022-02-28 14:40:05,824] {dag.py:2398} INFO - Sync 1 DAGs
[2022-02-28 14:40:05,841] {logging_mixin.py:109} INFO - [2022-02-28 14:40:05,841] {dag.py:2937} INFO - Setting next_dagrun for example_weekday_branch_operator to 2022-02-27 00:00:00+00:00
[2022-02-28 14:40:05,853] {processor.py:171} INFO - Processing /opt/anaconda3/envs/airflow/lib/python3.7/site-packages/airflow/example_dags/example_branch_day_of_week_operator.py took 0.082 seconds
[2022-02-28 14:40:46,278] {processor.py:163} INFO - Started process (PID=32846) to work on /opt/anaconda3/envs/airflow/lib/python3.7/site-packages/airflow/example_dags/example_branch_day_of_week_operator.py
[2022-02-28 14:40:46,279] {processor.py:642} INFO - Processing file /opt/anaconda3/envs/airflow/lib/python3.7/site-packages/airflow/example_dags/example_branch_day_of_week_operator.py for tasks to queue
[2022-02-28 14:40:46,281] {logging_mixin.py:109} INFO - [2022-02-28 14:40:46,280] {dagbag.py:500} INFO - Filling up the DagBag from /opt/anaconda3/envs/airflow/lib/python3.7/site-packages/airflow/example_dags/example_branch_day_of_week_operator.py
[2022-02-28 14:40:46,313] {processor.py:654} INFO - DAG(s) dict_keys(['example_weekday_branch_operator']) retrieved from /opt/anaconda3/envs/airflow/lib/python3.7/site-packages/airflow/example_dags/example_branch_day_of_week_operator.py
[2022-02-28 14:40:46,324] {logging_mixin.py:109} INFO - [2022-02-28 14:40:46,324] {dag.py:2398} INFO - Sync 1 DAGs
[2022-02-28 14:40:46,341] {logging_mixin.py:109} INFO - [2022-02-28 14:40:46,340] {dag.py:2937} INFO - Setting next_dagrun for example_weekday_branch_operator to 2022-02-27 00:00:00+00:00
[2022-02-28 14:40:46,350] {processor.py:171} INFO - Processing /opt/anaconda3/envs/airflow/lib/python3.7/site-packages/airflow/example_dags/example_branch_day_of_week_operator.py took 0.077 seconds
[2022-02-28 14:41:29,447] {processor.py:163} INFO - Started process (PID=32887) to work on /opt/anaconda3/envs/airflow/lib/python3.7/site-packages/airflow/example_dags/example_branch_day_of_week_operator.py
[2022-02-28 14:41:29,449] {processor.py:642} INFO - Processing file /opt/anaconda3/envs/airflow/lib/python3.7/site-packages/airflow/example_dags/example_branch_day_of_week_operator.py for tasks to queue
[2022-02-28 14:41:29,450] {logging_mixin.py:109} INFO - [2022-02-28 14:41:29,450] {dagbag.py:500} INFO - Filling up the DagBag from /opt/anaconda3/envs/airflow/lib/python3.7/site-packages/airflow/example_dags/example_branch_day_of_week_operator.py
[2022-02-28 14:41:29,483] {processor.py:654} INFO - DAG(s) dict_keys(['example_weekday_branch_operator']) retrieved from /opt/anaconda3/envs/airflow/lib/python3.7/site-packages/airflow/example_dags/example_branch_day_of_week_operator.py
[2022-02-28 14:41:29,496] {logging_mixin.py:109} INFO - [2022-02-28 14:41:29,495] {dag.py:2398} INFO - Sync 1 DAGs
[2022-02-28 14:41:29,513] {logging_mixin.py:109} INFO - [2022-02-28 14:41:29,513] {dag.py:2937} INFO - Setting next_dagrun for example_weekday_branch_operator to 2022-02-27 00:00:00+00:00
[2022-02-28 14:41:29,526] {processor.py:171} INFO - Processing /opt/anaconda3/envs/airflow/lib/python3.7/site-packages/airflow/example_dags/example_branch_day_of_week_operator.py took 0.083 seconds
[2022-02-28 14:42:13,987] {processor.py:163} INFO - Started process (PID=32933) to work on /opt/anaconda3/envs/airflow/lib/python3.7/site-packages/airflow/example_dags/example_branch_day_of_week_operator.py
[2022-02-28 14:42:13,991] {processor.py:642} INFO - Processing file /opt/anaconda3/envs/airflow/lib/python3.7/site-packages/airflow/example_dags/example_branch_day_of_week_operator.py for tasks to queue
[2022-02-28 14:42:13,993] {logging_mixin.py:109} INFO - [2022-02-28 14:42:13,992] {dagbag.py:500} INFO - Filling up the DagBag from /opt/anaconda3/envs/airflow/lib/python3.7/site-packages/airflow/example_dags/example_branch_day_of_week_operator.py
[2022-02-28 14:42:14,033] {processor.py:654} INFO - DAG(s) dict_keys(['example_weekday_branch_operator']) retrieved from /opt/anaconda3/envs/airflow/lib/python3.7/site-packages/airflow/example_dags/example_branch_day_of_week_operator.py
[2022-02-28 14:42:14,053] {logging_mixin.py:109} INFO - [2022-02-28 14:42:14,052] {dag.py:2398} INFO - Sync 1 DAGs
[2022-02-28 14:42:14,079] {logging_mixin.py:109} INFO - [2022-02-28 14:42:14,078] {dag.py:2937} INFO - Setting next_dagrun for example_weekday_branch_operator to 2022-02-27 00:00:00+00:00
[2022-02-28 14:42:14,093] {processor.py:171} INFO - Processing /opt/anaconda3/envs/airflow/lib/python3.7/site-packages/airflow/example_dags/example_branch_day_of_week_operator.py took 0.111 seconds
[2022-02-28 14:43:05,025] {processor.py:163} INFO - Started process (PID=32993) to work on /opt/anaconda3/envs/airflow/lib/python3.7/site-packages/airflow/example_dags/example_branch_day_of_week_operator.py
[2022-02-28 14:43:05,028] {processor.py:642} INFO - Processing file /opt/anaconda3/envs/airflow/lib/python3.7/site-packages/airflow/example_dags/example_branch_day_of_week_operator.py for tasks to queue
[2022-02-28 14:43:05,029] {logging_mixin.py:109} INFO - [2022-02-28 14:43:05,029] {dagbag.py:500} INFO - Filling up the DagBag from /opt/anaconda3/envs/airflow/lib/python3.7/site-packages/airflow/example_dags/example_branch_day_of_week_operator.py
[2022-02-28 14:43:05,062] {processor.py:654} INFO - DAG(s) dict_keys(['example_weekday_branch_operator']) retrieved from /opt/anaconda3/envs/airflow/lib/python3.7/site-packages/airflow/example_dags/example_branch_day_of_week_operator.py
[2022-02-28 14:43:05,072] {logging_mixin.py:109} INFO - [2022-02-28 14:43:05,072] {dag.py:2398} INFO - Sync 1 DAGs
[2022-02-28 14:43:05,089] {logging_mixin.py:109} INFO - [2022-02-28 14:43:05,088] {dag.py:2937} INFO - Setting next_dagrun for example_weekday_branch_operator to 2022-02-27 00:00:00+00:00
[2022-02-28 14:43:05,099] {processor.py:171} INFO - Processing /opt/anaconda3/envs/airflow/lib/python3.7/site-packages/airflow/example_dags/example_branch_day_of_week_operator.py took 0.078 seconds
[2022-02-28 14:43:45,182] {processor.py:163} INFO - Started process (PID=33034) to work on /opt/anaconda3/envs/airflow/lib/python3.7/site-packages/airflow/example_dags/example_branch_day_of_week_operator.py
[2022-02-28 14:43:45,185] {processor.py:642} INFO - Processing file /opt/anaconda3/envs/airflow/lib/python3.7/site-packages/airflow/example_dags/example_branch_day_of_week_operator.py for tasks to queue
[2022-02-28 14:43:45,186] {logging_mixin.py:109} INFO - [2022-02-28 14:43:45,186] {dagbag.py:500} INFO - Filling up the DagBag from /opt/anaconda3/envs/airflow/lib/python3.7/site-packages/airflow/example_dags/example_branch_day_of_week_operator.py
[2022-02-28 14:43:45,220] {processor.py:654} INFO - DAG(s) dict_keys(['example_weekday_branch_operator']) retrieved from /opt/anaconda3/envs/airflow/lib/python3.7/site-packages/airflow/example_dags/example_branch_day_of_week_operator.py
[2022-02-28 14:43:45,232] {logging_mixin.py:109} INFO - [2022-02-28 14:43:45,231] {dag.py:2398} INFO - Sync 1 DAGs
[2022-02-28 14:43:45,247] {logging_mixin.py:109} INFO - [2022-02-28 14:43:45,247] {dag.py:2937} INFO - Setting next_dagrun for example_weekday_branch_operator to 2022-02-27 00:00:00+00:00
[2022-02-28 14:43:45,258] {processor.py:171} INFO - Processing /opt/anaconda3/envs/airflow/lib/python3.7/site-packages/airflow/example_dags/example_branch_day_of_week_operator.py took 0.081 seconds
[2022-02-28 14:44:39,811] {processor.py:163} INFO - Started process (PID=33098) to work on /opt/anaconda3/envs/airflow/lib/python3.7/site-packages/airflow/example_dags/example_branch_day_of_week_operator.py
[2022-02-28 14:44:39,814] {processor.py:642} INFO - Processing file /opt/anaconda3/envs/airflow/lib/python3.7/site-packages/airflow/example_dags/example_branch_day_of_week_operator.py for tasks to queue
[2022-02-28 14:44:39,815] {logging_mixin.py:109} INFO - [2022-02-28 14:44:39,815] {dagbag.py:500} INFO - Filling up the DagBag from /opt/anaconda3/envs/airflow/lib/python3.7/site-packages/airflow/example_dags/example_branch_day_of_week_operator.py
[2022-02-28 14:44:39,848] {processor.py:654} INFO - DAG(s) dict_keys(['example_weekday_branch_operator']) retrieved from /opt/anaconda3/envs/airflow/lib/python3.7/site-packages/airflow/example_dags/example_branch_day_of_week_operator.py
[2022-02-28 14:44:39,860] {logging_mixin.py:109} INFO - [2022-02-28 14:44:39,860] {dag.py:2398} INFO - Sync 1 DAGs
[2022-02-28 14:44:39,877] {logging_mixin.py:109} INFO - [2022-02-28 14:44:39,877] {dag.py:2937} INFO - Setting next_dagrun for example_weekday_branch_operator to 2022-02-27 00:00:00+00:00
[2022-02-28 14:44:39,887] {processor.py:171} INFO - Processing /opt/anaconda3/envs/airflow/lib/python3.7/site-packages/airflow/example_dags/example_branch_day_of_week_operator.py took 0.080 seconds
[2022-02-28 14:45:21,399] {processor.py:163} INFO - Started process (PID=33161) to work on /opt/anaconda3/envs/airflow/lib/python3.7/site-packages/airflow/example_dags/example_branch_day_of_week_operator.py
[2022-02-28 14:45:21,402] {processor.py:642} INFO - Processing file /opt/anaconda3/envs/airflow/lib/python3.7/site-packages/airflow/example_dags/example_branch_day_of_week_operator.py for tasks to queue
[2022-02-28 14:45:21,404] {logging_mixin.py:109} INFO - [2022-02-28 14:45:21,403] {dagbag.py:500} INFO - Filling up the DagBag from /opt/anaconda3/envs/airflow/lib/python3.7/site-packages/airflow/example_dags/example_branch_day_of_week_operator.py
[2022-02-28 14:45:21,490] {processor.py:654} INFO - DAG(s) dict_keys(['example_weekday_branch_operator']) retrieved from /opt/anaconda3/envs/airflow/lib/python3.7/site-packages/airflow/example_dags/example_branch_day_of_week_operator.py
[2022-02-28 14:45:21,508] {logging_mixin.py:109} INFO - [2022-02-28 14:45:21,507] {dag.py:2398} INFO - Sync 1 DAGs
[2022-02-28 14:45:21,780] {logging_mixin.py:109} INFO - [2022-02-28 14:45:21,779] {dag.py:2937} INFO - Setting next_dagrun for example_weekday_branch_operator to 2022-02-27 00:00:00+00:00
[2022-02-28 14:45:21,802] {processor.py:171} INFO - Processing /opt/anaconda3/envs/airflow/lib/python3.7/site-packages/airflow/example_dags/example_branch_day_of_week_operator.py took 0.410 seconds
[2022-02-28 14:46:10,817] {processor.py:163} INFO - Started process (PID=33223) to work on /opt/anaconda3/envs/airflow/lib/python3.7/site-packages/airflow/example_dags/example_branch_day_of_week_operator.py
[2022-02-28 14:46:10,821] {processor.py:642} INFO - Processing file /opt/anaconda3/envs/airflow/lib/python3.7/site-packages/airflow/example_dags/example_branch_day_of_week_operator.py for tasks to queue
[2022-02-28 14:46:10,822] {logging_mixin.py:109} INFO - [2022-02-28 14:46:10,821] {dagbag.py:500} INFO - Filling up the DagBag from /opt/anaconda3/envs/airflow/lib/python3.7/site-packages/airflow/example_dags/example_branch_day_of_week_operator.py
[2022-02-28 14:46:10,855] {processor.py:654} INFO - DAG(s) dict_keys(['example_weekday_branch_operator']) retrieved from /opt/anaconda3/envs/airflow/lib/python3.7/site-packages/airflow/example_dags/example_branch_day_of_week_operator.py
[2022-02-28 14:46:10,867] {logging_mixin.py:109} INFO - [2022-02-28 14:46:10,866] {dag.py:2398} INFO - Sync 1 DAGs
[2022-02-28 14:46:10,883] {logging_mixin.py:109} INFO - [2022-02-28 14:46:10,883] {dag.py:2937} INFO - Setting next_dagrun for example_weekday_branch_operator to 2022-02-27 00:00:00+00:00
[2022-02-28 14:46:10,895] {processor.py:171} INFO - Processing /opt/anaconda3/envs/airflow/lib/python3.7/site-packages/airflow/example_dags/example_branch_day_of_week_operator.py took 0.082 seconds
[2022-02-28 14:46:50,490] {processor.py:163} INFO - Started process (PID=33261) to work on /opt/anaconda3/envs/airflow/lib/python3.7/site-packages/airflow/example_dags/example_branch_day_of_week_operator.py
[2022-02-28 14:46:50,492] {processor.py:642} INFO - Processing file /opt/anaconda3/envs/airflow/lib/python3.7/site-packages/airflow/example_dags/example_branch_day_of_week_operator.py for tasks to queue
[2022-02-28 14:46:50,494] {logging_mixin.py:109} INFO - [2022-02-28 14:46:50,493] {dagbag.py:500} INFO - Filling up the DagBag from /opt/anaconda3/envs/airflow/lib/python3.7/site-packages/airflow/example_dags/example_branch_day_of_week_operator.py
[2022-02-28 14:46:50,528] {processor.py:654} INFO - DAG(s) dict_keys(['example_weekday_branch_operator']) retrieved from /opt/anaconda3/envs/airflow/lib/python3.7/site-packages/airflow/example_dags/example_branch_day_of_week_operator.py
[2022-02-28 14:46:50,540] {logging_mixin.py:109} INFO - [2022-02-28 14:46:50,539] {dag.py:2398} INFO - Sync 1 DAGs
[2022-02-28 14:46:50,556] {logging_mixin.py:109} INFO - [2022-02-28 14:46:50,556] {dag.py:2937} INFO - Setting next_dagrun for example_weekday_branch_operator to 2022-02-27 00:00:00+00:00
[2022-02-28 14:46:50,567] {processor.py:171} INFO - Processing /opt/anaconda3/envs/airflow/lib/python3.7/site-packages/airflow/example_dags/example_branch_day_of_week_operator.py took 0.082 seconds
[2022-02-28 14:47:32,066] {processor.py:163} INFO - Started process (PID=33300) to work on /opt/anaconda3/envs/airflow/lib/python3.7/site-packages/airflow/example_dags/example_branch_day_of_week_operator.py
[2022-02-28 14:47:32,067] {processor.py:642} INFO - Processing file /opt/anaconda3/envs/airflow/lib/python3.7/site-packages/airflow/example_dags/example_branch_day_of_week_operator.py for tasks to queue
[2022-02-28 14:47:32,068] {logging_mixin.py:109} INFO - [2022-02-28 14:47:32,068] {dagbag.py:500} INFO - Filling up the DagBag from /opt/anaconda3/envs/airflow/lib/python3.7/site-packages/airflow/example_dags/example_branch_day_of_week_operator.py
[2022-02-28 14:47:32,101] {processor.py:654} INFO - DAG(s) dict_keys(['example_weekday_branch_operator']) retrieved from /opt/anaconda3/envs/airflow/lib/python3.7/site-packages/airflow/example_dags/example_branch_day_of_week_operator.py
[2022-02-28 14:47:32,113] {logging_mixin.py:109} INFO - [2022-02-28 14:47:32,112] {dag.py:2398} INFO - Sync 1 DAGs
[2022-02-28 14:47:32,131] {logging_mixin.py:109} INFO - [2022-02-28 14:47:32,130] {dag.py:2937} INFO - Setting next_dagrun for example_weekday_branch_operator to 2022-02-27 00:00:00+00:00
[2022-02-28 14:47:32,140] {processor.py:171} INFO - Processing /opt/anaconda3/envs/airflow/lib/python3.7/site-packages/airflow/example_dags/example_branch_day_of_week_operator.py took 0.079 seconds
[2022-02-28 14:48:11,092] {processor.py:163} INFO - Started process (PID=33339) to work on /opt/anaconda3/envs/airflow/lib/python3.7/site-packages/airflow/example_dags/example_branch_day_of_week_operator.py
[2022-02-28 14:48:11,093] {processor.py:642} INFO - Processing file /opt/anaconda3/envs/airflow/lib/python3.7/site-packages/airflow/example_dags/example_branch_day_of_week_operator.py for tasks to queue
[2022-02-28 14:48:11,094] {logging_mixin.py:109} INFO - [2022-02-28 14:48:11,094] {dagbag.py:500} INFO - Filling up the DagBag from /opt/anaconda3/envs/airflow/lib/python3.7/site-packages/airflow/example_dags/example_branch_day_of_week_operator.py
[2022-02-28 14:48:11,127] {processor.py:654} INFO - DAG(s) dict_keys(['example_weekday_branch_operator']) retrieved from /opt/anaconda3/envs/airflow/lib/python3.7/site-packages/airflow/example_dags/example_branch_day_of_week_operator.py
[2022-02-28 14:48:11,138] {logging_mixin.py:109} INFO - [2022-02-28 14:48:11,138] {dag.py:2398} INFO - Sync 1 DAGs
[2022-02-28 14:48:11,155] {logging_mixin.py:109} INFO - [2022-02-28 14:48:11,154] {dag.py:2937} INFO - Setting next_dagrun for example_weekday_branch_operator to 2022-02-27 00:00:00+00:00
[2022-02-28 14:48:11,166] {processor.py:171} INFO - Processing /opt/anaconda3/envs/airflow/lib/python3.7/site-packages/airflow/example_dags/example_branch_day_of_week_operator.py took 0.078 seconds
[2022-02-28 14:48:53,802] {processor.py:163} INFO - Started process (PID=33380) to work on /opt/anaconda3/envs/airflow/lib/python3.7/site-packages/airflow/example_dags/example_branch_day_of_week_operator.py
[2022-02-28 14:48:53,804] {processor.py:642} INFO - Processing file /opt/anaconda3/envs/airflow/lib/python3.7/site-packages/airflow/example_dags/example_branch_day_of_week_operator.py for tasks to queue
[2022-02-28 14:48:53,805] {logging_mixin.py:109} INFO - [2022-02-28 14:48:53,804] {dagbag.py:500} INFO - Filling up the DagBag from /opt/anaconda3/envs/airflow/lib/python3.7/site-packages/airflow/example_dags/example_branch_day_of_week_operator.py
[2022-02-28 14:48:53,840] {processor.py:654} INFO - DAG(s) dict_keys(['example_weekday_branch_operator']) retrieved from /opt/anaconda3/envs/airflow/lib/python3.7/site-packages/airflow/example_dags/example_branch_day_of_week_operator.py
[2022-02-28 14:48:53,850] {logging_mixin.py:109} INFO - [2022-02-28 14:48:53,850] {dag.py:2398} INFO - Sync 1 DAGs
[2022-02-28 14:48:53,867] {logging_mixin.py:109} INFO - [2022-02-28 14:48:53,867] {dag.py:2937} INFO - Setting next_dagrun for example_weekday_branch_operator to 2022-02-27 00:00:00+00:00
[2022-02-28 14:48:53,877] {processor.py:171} INFO - Processing /opt/anaconda3/envs/airflow/lib/python3.7/site-packages/airflow/example_dags/example_branch_day_of_week_operator.py took 0.081 seconds
[2022-02-28 14:49:34,230] {processor.py:163} INFO - Started process (PID=33418) to work on /opt/anaconda3/envs/airflow/lib/python3.7/site-packages/airflow/example_dags/example_branch_day_of_week_operator.py
[2022-02-28 14:49:34,233] {processor.py:642} INFO - Processing file /opt/anaconda3/envs/airflow/lib/python3.7/site-packages/airflow/example_dags/example_branch_day_of_week_operator.py for tasks to queue
[2022-02-28 14:49:34,234] {logging_mixin.py:109} INFO - [2022-02-28 14:49:34,234] {dagbag.py:500} INFO - Filling up the DagBag from /opt/anaconda3/envs/airflow/lib/python3.7/site-packages/airflow/example_dags/example_branch_day_of_week_operator.py
[2022-02-28 14:49:34,269] {processor.py:654} INFO - DAG(s) dict_keys(['example_weekday_branch_operator']) retrieved from /opt/anaconda3/envs/airflow/lib/python3.7/site-packages/airflow/example_dags/example_branch_day_of_week_operator.py
[2022-02-28 14:49:34,280] {logging_mixin.py:109} INFO - [2022-02-28 14:49:34,280] {dag.py:2398} INFO - Sync 1 DAGs
[2022-02-28 14:49:34,298] {logging_mixin.py:109} INFO - [2022-02-28 14:49:34,298] {dag.py:2937} INFO - Setting next_dagrun for example_weekday_branch_operator to 2022-02-27 00:00:00+00:00
[2022-02-28 14:49:34,308] {processor.py:171} INFO - Processing /opt/anaconda3/envs/airflow/lib/python3.7/site-packages/airflow/example_dags/example_branch_day_of_week_operator.py took 0.082 seconds
[2022-02-28 14:50:13,463] {processor.py:163} INFO - Started process (PID=33457) to work on /opt/anaconda3/envs/airflow/lib/python3.7/site-packages/airflow/example_dags/example_branch_day_of_week_operator.py
[2022-02-28 14:50:13,465] {processor.py:642} INFO - Processing file /opt/anaconda3/envs/airflow/lib/python3.7/site-packages/airflow/example_dags/example_branch_day_of_week_operator.py for tasks to queue
[2022-02-28 14:50:13,467] {logging_mixin.py:109} INFO - [2022-02-28 14:50:13,467] {dagbag.py:500} INFO - Filling up the DagBag from /opt/anaconda3/envs/airflow/lib/python3.7/site-packages/airflow/example_dags/example_branch_day_of_week_operator.py
[2022-02-28 14:50:13,515] {processor.py:654} INFO - DAG(s) dict_keys(['example_weekday_branch_operator']) retrieved from /opt/anaconda3/envs/airflow/lib/python3.7/site-packages/airflow/example_dags/example_branch_day_of_week_operator.py
[2022-02-28 14:50:13,530] {logging_mixin.py:109} INFO - [2022-02-28 14:50:13,530] {dag.py:2398} INFO - Sync 1 DAGs
[2022-02-28 14:50:13,554] {logging_mixin.py:109} INFO - [2022-02-28 14:50:13,554] {dag.py:2937} INFO - Setting next_dagrun for example_weekday_branch_operator to 2022-02-27 00:00:00+00:00
[2022-02-28 14:50:13,565] {processor.py:171} INFO - Processing /opt/anaconda3/envs/airflow/lib/python3.7/site-packages/airflow/example_dags/example_branch_day_of_week_operator.py took 0.108 seconds
[2022-02-28 14:51:02,334] {processor.py:163} INFO - Started process (PID=33539) to work on /opt/anaconda3/envs/airflow/lib/python3.7/site-packages/airflow/example_dags/example_branch_day_of_week_operator.py
[2022-02-28 14:51:02,338] {processor.py:642} INFO - Processing file /opt/anaconda3/envs/airflow/lib/python3.7/site-packages/airflow/example_dags/example_branch_day_of_week_operator.py for tasks to queue
[2022-02-28 14:51:02,341] {logging_mixin.py:109} INFO - [2022-02-28 14:51:02,340] {dagbag.py:500} INFO - Filling up the DagBag from /opt/anaconda3/envs/airflow/lib/python3.7/site-packages/airflow/example_dags/example_branch_day_of_week_operator.py
[2022-02-28 14:51:02,391] {processor.py:654} INFO - DAG(s) dict_keys(['example_weekday_branch_operator']) retrieved from /opt/anaconda3/envs/airflow/lib/python3.7/site-packages/airflow/example_dags/example_branch_day_of_week_operator.py
[2022-02-28 14:51:02,409] {logging_mixin.py:109} INFO - [2022-02-28 14:51:02,408] {dag.py:2398} INFO - Sync 1 DAGs
[2022-02-28 14:51:02,442] {logging_mixin.py:109} INFO - [2022-02-28 14:51:02,441] {dag.py:2937} INFO - Setting next_dagrun for example_weekday_branch_operator to 2022-02-27 00:00:00+00:00
[2022-02-28 14:51:02,456] {processor.py:171} INFO - Processing /opt/anaconda3/envs/airflow/lib/python3.7/site-packages/airflow/example_dags/example_branch_day_of_week_operator.py took 0.128 seconds
[2022-02-28 14:51:49,516] {processor.py:163} INFO - Started process (PID=33589) to work on /opt/anaconda3/envs/airflow/lib/python3.7/site-packages/airflow/example_dags/example_branch_day_of_week_operator.py
[2022-02-28 14:51:49,518] {processor.py:642} INFO - Processing file /opt/anaconda3/envs/airflow/lib/python3.7/site-packages/airflow/example_dags/example_branch_day_of_week_operator.py for tasks to queue
[2022-02-28 14:51:49,519] {logging_mixin.py:109} INFO - [2022-02-28 14:51:49,519] {dagbag.py:500} INFO - Filling up the DagBag from /opt/anaconda3/envs/airflow/lib/python3.7/site-packages/airflow/example_dags/example_branch_day_of_week_operator.py
[2022-02-28 14:51:49,554] {processor.py:654} INFO - DAG(s) dict_keys(['example_weekday_branch_operator']) retrieved from /opt/anaconda3/envs/airflow/lib/python3.7/site-packages/airflow/example_dags/example_branch_day_of_week_operator.py
[2022-02-28 14:51:49,565] {logging_mixin.py:109} INFO - [2022-02-28 14:51:49,565] {dag.py:2398} INFO - Sync 1 DAGs
[2022-02-28 14:51:49,582] {logging_mixin.py:109} INFO - [2022-02-28 14:51:49,582] {dag.py:2937} INFO - Setting next_dagrun for example_weekday_branch_operator to 2022-02-27 00:00:00+00:00
[2022-02-28 14:51:49,592] {processor.py:171} INFO - Processing /opt/anaconda3/envs/airflow/lib/python3.7/site-packages/airflow/example_dags/example_branch_day_of_week_operator.py took 0.080 seconds
[2022-02-28 14:52:28,117] {processor.py:163} INFO - Started process (PID=33625) to work on /opt/anaconda3/envs/airflow/lib/python3.7/site-packages/airflow/example_dags/example_branch_day_of_week_operator.py
[2022-02-28 14:52:28,119] {processor.py:642} INFO - Processing file /opt/anaconda3/envs/airflow/lib/python3.7/site-packages/airflow/example_dags/example_branch_day_of_week_operator.py for tasks to queue
[2022-02-28 14:52:28,120] {logging_mixin.py:109} INFO - [2022-02-28 14:52:28,120] {dagbag.py:500} INFO - Filling up the DagBag from /opt/anaconda3/envs/airflow/lib/python3.7/site-packages/airflow/example_dags/example_branch_day_of_week_operator.py
[2022-02-28 14:52:28,156] {processor.py:654} INFO - DAG(s) dict_keys(['example_weekday_branch_operator']) retrieved from /opt/anaconda3/envs/airflow/lib/python3.7/site-packages/airflow/example_dags/example_branch_day_of_week_operator.py
[2022-02-28 14:52:28,168] {logging_mixin.py:109} INFO - [2022-02-28 14:52:28,167] {dag.py:2398} INFO - Sync 1 DAGs
[2022-02-28 14:52:28,184] {logging_mixin.py:109} INFO - [2022-02-28 14:52:28,183] {dag.py:2937} INFO - Setting next_dagrun for example_weekday_branch_operator to 2022-02-27 00:00:00+00:00
[2022-02-28 14:52:28,194] {processor.py:171} INFO - Processing /opt/anaconda3/envs/airflow/lib/python3.7/site-packages/airflow/example_dags/example_branch_day_of_week_operator.py took 0.081 seconds
[2022-02-28 14:53:16,641] {processor.py:163} INFO - Started process (PID=33684) to work on /opt/anaconda3/envs/airflow/lib/python3.7/site-packages/airflow/example_dags/example_branch_day_of_week_operator.py
[2022-02-28 14:53:16,644] {processor.py:642} INFO - Processing file /opt/anaconda3/envs/airflow/lib/python3.7/site-packages/airflow/example_dags/example_branch_day_of_week_operator.py for tasks to queue
[2022-02-28 14:53:16,646] {logging_mixin.py:109} INFO - [2022-02-28 14:53:16,645] {dagbag.py:500} INFO - Filling up the DagBag from /opt/anaconda3/envs/airflow/lib/python3.7/site-packages/airflow/example_dags/example_branch_day_of_week_operator.py
[2022-02-28 14:53:16,683] {processor.py:654} INFO - DAG(s) dict_keys(['example_weekday_branch_operator']) retrieved from /opt/anaconda3/envs/airflow/lib/python3.7/site-packages/airflow/example_dags/example_branch_day_of_week_operator.py
[2022-02-28 14:53:16,693] {logging_mixin.py:109} INFO - [2022-02-28 14:53:16,693] {dag.py:2398} INFO - Sync 1 DAGs
[2022-02-28 14:53:16,710] {logging_mixin.py:109} INFO - [2022-02-28 14:53:16,709] {dag.py:2937} INFO - Setting next_dagrun for example_weekday_branch_operator to 2022-02-27 00:00:00+00:00
[2022-02-28 14:53:16,724] {processor.py:171} INFO - Processing /opt/anaconda3/envs/airflow/lib/python3.7/site-packages/airflow/example_dags/example_branch_day_of_week_operator.py took 0.090 seconds
[2022-02-28 14:54:05,358] {processor.py:163} INFO - Started process (PID=33785) to work on /opt/anaconda3/envs/airflow/lib/python3.7/site-packages/airflow/example_dags/example_branch_day_of_week_operator.py
[2022-02-28 14:54:05,365] {processor.py:642} INFO - Processing file /opt/anaconda3/envs/airflow/lib/python3.7/site-packages/airflow/example_dags/example_branch_day_of_week_operator.py for tasks to queue
[2022-02-28 14:54:05,367] {logging_mixin.py:109} INFO - [2022-02-28 14:54:05,366] {dagbag.py:500} INFO - Filling up the DagBag from /opt/anaconda3/envs/airflow/lib/python3.7/site-packages/airflow/example_dags/example_branch_day_of_week_operator.py
[2022-02-28 14:54:05,413] {processor.py:654} INFO - DAG(s) dict_keys(['example_weekday_branch_operator']) retrieved from /opt/anaconda3/envs/airflow/lib/python3.7/site-packages/airflow/example_dags/example_branch_day_of_week_operator.py
[2022-02-28 14:54:05,424] {logging_mixin.py:109} INFO - [2022-02-28 14:54:05,423] {dag.py:2398} INFO - Sync 1 DAGs
[2022-02-28 14:54:05,444] {logging_mixin.py:109} INFO - [2022-02-28 14:54:05,443] {dag.py:2937} INFO - Setting next_dagrun for example_weekday_branch_operator to 2022-02-27 00:00:00+00:00
[2022-02-28 14:54:05,454] {processor.py:171} INFO - Processing /opt/anaconda3/envs/airflow/lib/python3.7/site-packages/airflow/example_dags/example_branch_day_of_week_operator.py took 0.103 seconds
[2022-02-28 14:55:02,330] {processor.py:163} INFO - Started process (PID=33934) to work on /opt/anaconda3/envs/airflow/lib/python3.7/site-packages/airflow/example_dags/example_branch_day_of_week_operator.py
[2022-02-28 14:55:02,333] {processor.py:642} INFO - Processing file /opt/anaconda3/envs/airflow/lib/python3.7/site-packages/airflow/example_dags/example_branch_day_of_week_operator.py for tasks to queue
[2022-02-28 14:55:02,334] {logging_mixin.py:109} INFO - [2022-02-28 14:55:02,334] {dagbag.py:500} INFO - Filling up the DagBag from /opt/anaconda3/envs/airflow/lib/python3.7/site-packages/airflow/example_dags/example_branch_day_of_week_operator.py
[2022-02-28 14:55:02,370] {processor.py:654} INFO - DAG(s) dict_keys(['example_weekday_branch_operator']) retrieved from /opt/anaconda3/envs/airflow/lib/python3.7/site-packages/airflow/example_dags/example_branch_day_of_week_operator.py
[2022-02-28 14:55:02,380] {logging_mixin.py:109} INFO - [2022-02-28 14:55:02,380] {dag.py:2398} INFO - Sync 1 DAGs
[2022-02-28 14:55:02,396] {logging_mixin.py:109} INFO - [2022-02-28 14:55:02,396] {dag.py:2937} INFO - Setting next_dagrun for example_weekday_branch_operator to 2022-02-27 00:00:00+00:00
[2022-02-28 14:55:02,407] {processor.py:171} INFO - Processing /opt/anaconda3/envs/airflow/lib/python3.7/site-packages/airflow/example_dags/example_branch_day_of_week_operator.py took 0.081 seconds
[2022-02-28 14:58:57,327] {processor.py:163} INFO - Started process (PID=34395) to work on /opt/anaconda3/envs/airflow/lib/python3.7/site-packages/airflow/example_dags/example_branch_day_of_week_operator.py
[2022-02-28 14:58:57,329] {processor.py:642} INFO - Processing file /opt/anaconda3/envs/airflow/lib/python3.7/site-packages/airflow/example_dags/example_branch_day_of_week_operator.py for tasks to queue
[2022-02-28 14:58:57,330] {logging_mixin.py:109} INFO - [2022-02-28 14:58:57,330] {dagbag.py:500} INFO - Filling up the DagBag from /opt/anaconda3/envs/airflow/lib/python3.7/site-packages/airflow/example_dags/example_branch_day_of_week_operator.py
[2022-02-28 14:58:57,365] {processor.py:654} INFO - DAG(s) dict_keys(['example_weekday_branch_operator']) retrieved from /opt/anaconda3/envs/airflow/lib/python3.7/site-packages/airflow/example_dags/example_branch_day_of_week_operator.py
[2022-02-28 14:58:57,378] {logging_mixin.py:109} INFO - [2022-02-28 14:58:57,378] {dag.py:2398} INFO - Sync 1 DAGs
[2022-02-28 14:58:57,394] {logging_mixin.py:109} INFO - [2022-02-28 14:58:57,394] {dag.py:2937} INFO - Setting next_dagrun for example_weekday_branch_operator to 2022-02-27 00:00:00+00:00
[2022-02-28 14:58:57,405] {processor.py:171} INFO - Processing /opt/anaconda3/envs/airflow/lib/python3.7/site-packages/airflow/example_dags/example_branch_day_of_week_operator.py took 0.082 seconds
[2022-02-28 15:05:28,761] {processor.py:163} INFO - Started process (PID=34983) to work on /opt/anaconda3/envs/airflow/lib/python3.7/site-packages/airflow/example_dags/example_branch_day_of_week_operator.py
[2022-02-28 15:05:28,763] {processor.py:642} INFO - Processing file /opt/anaconda3/envs/airflow/lib/python3.7/site-packages/airflow/example_dags/example_branch_day_of_week_operator.py for tasks to queue
[2022-02-28 15:05:28,765] {logging_mixin.py:109} INFO - [2022-02-28 15:05:28,765] {dagbag.py:500} INFO - Filling up the DagBag from /opt/anaconda3/envs/airflow/lib/python3.7/site-packages/airflow/example_dags/example_branch_day_of_week_operator.py
[2022-02-28 15:05:28,803] {processor.py:654} INFO - DAG(s) dict_keys(['example_weekday_branch_operator']) retrieved from /opt/anaconda3/envs/airflow/lib/python3.7/site-packages/airflow/example_dags/example_branch_day_of_week_operator.py
[2022-02-28 15:05:28,815] {logging_mixin.py:109} INFO - [2022-02-28 15:05:28,814] {dag.py:2398} INFO - Sync 1 DAGs
[2022-02-28 15:05:28,831] {logging_mixin.py:109} INFO - [2022-02-28 15:05:28,831] {dag.py:2937} INFO - Setting next_dagrun for example_weekday_branch_operator to 2022-02-27 00:00:00+00:00
[2022-02-28 15:05:28,840] {processor.py:171} INFO - Processing /opt/anaconda3/envs/airflow/lib/python3.7/site-packages/airflow/example_dags/example_branch_day_of_week_operator.py took 0.084 seconds
[2022-02-28 15:06:28,340] {processor.py:163} INFO - Started process (PID=35069) to work on /opt/anaconda3/envs/airflow/lib/python3.7/site-packages/airflow/example_dags/example_branch_day_of_week_operator.py
[2022-02-28 15:06:28,343] {processor.py:642} INFO - Processing file /opt/anaconda3/envs/airflow/lib/python3.7/site-packages/airflow/example_dags/example_branch_day_of_week_operator.py for tasks to queue
[2022-02-28 15:06:28,344] {logging_mixin.py:109} INFO - [2022-02-28 15:06:28,344] {dagbag.py:500} INFO - Filling up the DagBag from /opt/anaconda3/envs/airflow/lib/python3.7/site-packages/airflow/example_dags/example_branch_day_of_week_operator.py
[2022-02-28 15:06:28,394] {processor.py:654} INFO - DAG(s) dict_keys(['example_weekday_branch_operator']) retrieved from /opt/anaconda3/envs/airflow/lib/python3.7/site-packages/airflow/example_dags/example_branch_day_of_week_operator.py
[2022-02-28 15:06:28,409] {logging_mixin.py:109} INFO - [2022-02-28 15:06:28,408] {dag.py:2398} INFO - Sync 1 DAGs
[2022-02-28 15:06:28,428] {logging_mixin.py:109} INFO - [2022-02-28 15:06:28,427] {dag.py:2937} INFO - Setting next_dagrun for example_weekday_branch_operator to 2022-02-27 00:00:00+00:00
[2022-02-28 15:06:28,440] {processor.py:171} INFO - Processing /opt/anaconda3/envs/airflow/lib/python3.7/site-packages/airflow/example_dags/example_branch_day_of_week_operator.py took 0.104 seconds
[2022-02-28 15:08:32,093] {processor.py:163} INFO - Started process (PID=35345) to work on /opt/anaconda3/envs/airflow/lib/python3.7/site-packages/airflow/example_dags/example_branch_day_of_week_operator.py
[2022-02-28 15:08:32,096] {processor.py:642} INFO - Processing file /opt/anaconda3/envs/airflow/lib/python3.7/site-packages/airflow/example_dags/example_branch_day_of_week_operator.py for tasks to queue
[2022-02-28 15:08:32,098] {logging_mixin.py:109} INFO - [2022-02-28 15:08:32,097] {dagbag.py:500} INFO - Filling up the DagBag from /opt/anaconda3/envs/airflow/lib/python3.7/site-packages/airflow/example_dags/example_branch_day_of_week_operator.py
[2022-02-28 15:08:32,138] {processor.py:654} INFO - DAG(s) dict_keys(['example_weekday_branch_operator']) retrieved from /opt/anaconda3/envs/airflow/lib/python3.7/site-packages/airflow/example_dags/example_branch_day_of_week_operator.py
[2022-02-28 15:08:32,150] {logging_mixin.py:109} INFO - [2022-02-28 15:08:32,150] {dag.py:2398} INFO - Sync 1 DAGs
[2022-02-28 15:08:32,168] {logging_mixin.py:109} INFO - [2022-02-28 15:08:32,168] {dag.py:2937} INFO - Setting next_dagrun for example_weekday_branch_operator to 2022-02-27 00:00:00+00:00
[2022-02-28 15:08:32,182] {processor.py:171} INFO - Processing /opt/anaconda3/envs/airflow/lib/python3.7/site-packages/airflow/example_dags/example_branch_day_of_week_operator.py took 0.094 seconds
[2022-02-28 15:10:19,913] {processor.py:163} INFO - Started process (PID=35600) to work on /opt/anaconda3/envs/airflow/lib/python3.7/site-packages/airflow/example_dags/example_branch_day_of_week_operator.py
[2022-02-28 15:10:19,916] {processor.py:642} INFO - Processing file /opt/anaconda3/envs/airflow/lib/python3.7/site-packages/airflow/example_dags/example_branch_day_of_week_operator.py for tasks to queue
[2022-02-28 15:10:19,917] {logging_mixin.py:109} INFO - [2022-02-28 15:10:19,916] {dagbag.py:500} INFO - Filling up the DagBag from /opt/anaconda3/envs/airflow/lib/python3.7/site-packages/airflow/example_dags/example_branch_day_of_week_operator.py
[2022-02-28 15:10:19,948] {processor.py:654} INFO - DAG(s) dict_keys(['example_weekday_branch_operator']) retrieved from /opt/anaconda3/envs/airflow/lib/python3.7/site-packages/airflow/example_dags/example_branch_day_of_week_operator.py
[2022-02-28 15:10:19,957] {logging_mixin.py:109} INFO - [2022-02-28 15:10:19,957] {dag.py:2398} INFO - Sync 1 DAGs
[2022-02-28 15:10:19,973] {logging_mixin.py:109} INFO - [2022-02-28 15:10:19,973] {dag.py:2937} INFO - Setting next_dagrun for example_weekday_branch_operator to 2022-02-27 00:00:00+00:00
[2022-02-28 15:10:19,983] {processor.py:171} INFO - Processing /opt/anaconda3/envs/airflow/lib/python3.7/site-packages/airflow/example_dags/example_branch_day_of_week_operator.py took 0.074 seconds
[2022-02-28 15:17:36,241] {processor.py:163} INFO - Started process (PID=36118) to work on /opt/anaconda3/envs/airflow/lib/python3.7/site-packages/airflow/example_dags/example_branch_day_of_week_operator.py
[2022-02-28 15:17:36,246] {processor.py:642} INFO - Processing file /opt/anaconda3/envs/airflow/lib/python3.7/site-packages/airflow/example_dags/example_branch_day_of_week_operator.py for tasks to queue
[2022-02-28 15:17:36,249] {logging_mixin.py:109} INFO - [2022-02-28 15:17:36,248] {dagbag.py:500} INFO - Filling up the DagBag from /opt/anaconda3/envs/airflow/lib/python3.7/site-packages/airflow/example_dags/example_branch_day_of_week_operator.py
[2022-02-28 15:17:36,388] {processor.py:654} INFO - DAG(s) dict_keys(['example_weekday_branch_operator']) retrieved from /opt/anaconda3/envs/airflow/lib/python3.7/site-packages/airflow/example_dags/example_branch_day_of_week_operator.py
[2022-02-28 15:17:36,433] {logging_mixin.py:109} INFO - [2022-02-28 15:17:36,429] {dag.py:2398} INFO - Sync 1 DAGs
[2022-02-28 15:17:36,487] {logging_mixin.py:109} INFO - [2022-02-28 15:17:36,486] {dag.py:2937} INFO - Setting next_dagrun for example_weekday_branch_operator to 2022-02-27 00:00:00+00:00
[2022-02-28 15:17:36,511] {processor.py:171} INFO - Processing /opt/anaconda3/envs/airflow/lib/python3.7/site-packages/airflow/example_dags/example_branch_day_of_week_operator.py took 0.275 seconds
[2022-02-28 15:19:30,889] {processor.py:163} INFO - Started process (PID=36331) to work on /opt/anaconda3/envs/airflow/lib/python3.7/site-packages/airflow/example_dags/example_branch_day_of_week_operator.py
[2022-02-28 15:19:30,892] {processor.py:642} INFO - Processing file /opt/anaconda3/envs/airflow/lib/python3.7/site-packages/airflow/example_dags/example_branch_day_of_week_operator.py for tasks to queue
[2022-02-28 15:19:30,894] {logging_mixin.py:109} INFO - [2022-02-28 15:19:30,893] {dagbag.py:500} INFO - Filling up the DagBag from /opt/anaconda3/envs/airflow/lib/python3.7/site-packages/airflow/example_dags/example_branch_day_of_week_operator.py
[2022-02-28 15:19:30,954] {processor.py:654} INFO - DAG(s) dict_keys(['example_weekday_branch_operator']) retrieved from /opt/anaconda3/envs/airflow/lib/python3.7/site-packages/airflow/example_dags/example_branch_day_of_week_operator.py
[2022-02-28 15:19:30,978] {logging_mixin.py:109} INFO - [2022-02-28 15:19:30,977] {dag.py:2398} INFO - Sync 1 DAGs
[2022-02-28 15:19:31,010] {logging_mixin.py:109} INFO - [2022-02-28 15:19:31,009] {dag.py:2937} INFO - Setting next_dagrun for example_weekday_branch_operator to 2022-02-27 00:00:00+00:00
[2022-02-28 15:19:31,027] {processor.py:171} INFO - Processing /opt/anaconda3/envs/airflow/lib/python3.7/site-packages/airflow/example_dags/example_branch_day_of_week_operator.py took 0.141 seconds
[2022-02-28 15:20:17,550] {processor.py:163} INFO - Started process (PID=36440) to work on /opt/anaconda3/envs/airflow/lib/python3.7/site-packages/airflow/example_dags/example_branch_day_of_week_operator.py
[2022-02-28 15:20:17,554] {processor.py:642} INFO - Processing file /opt/anaconda3/envs/airflow/lib/python3.7/site-packages/airflow/example_dags/example_branch_day_of_week_operator.py for tasks to queue
[2022-02-28 15:20:17,557] {logging_mixin.py:109} INFO - [2022-02-28 15:20:17,557] {dagbag.py:500} INFO - Filling up the DagBag from /opt/anaconda3/envs/airflow/lib/python3.7/site-packages/airflow/example_dags/example_branch_day_of_week_operator.py
[2022-02-28 15:20:17,626] {processor.py:654} INFO - DAG(s) dict_keys(['example_weekday_branch_operator']) retrieved from /opt/anaconda3/envs/airflow/lib/python3.7/site-packages/airflow/example_dags/example_branch_day_of_week_operator.py
[2022-02-28 15:20:17,637] {logging_mixin.py:109} INFO - [2022-02-28 15:20:17,636] {dag.py:2398} INFO - Sync 1 DAGs
[2022-02-28 15:20:17,652] {logging_mixin.py:109} INFO - [2022-02-28 15:20:17,652] {dag.py:2937} INFO - Setting next_dagrun for example_weekday_branch_operator to 2022-02-27 00:00:00+00:00
[2022-02-28 15:20:17,662] {processor.py:171} INFO - Processing /opt/anaconda3/envs/airflow/lib/python3.7/site-packages/airflow/example_dags/example_branch_day_of_week_operator.py took 0.118 seconds
[2022-02-28 15:21:06,234] {processor.py:163} INFO - Started process (PID=36524) to work on /opt/anaconda3/envs/airflow/lib/python3.7/site-packages/airflow/example_dags/example_branch_day_of_week_operator.py
[2022-02-28 15:21:06,237] {processor.py:642} INFO - Processing file /opt/anaconda3/envs/airflow/lib/python3.7/site-packages/airflow/example_dags/example_branch_day_of_week_operator.py for tasks to queue
[2022-02-28 15:21:06,239] {logging_mixin.py:109} INFO - [2022-02-28 15:21:06,238] {dagbag.py:500} INFO - Filling up the DagBag from /opt/anaconda3/envs/airflow/lib/python3.7/site-packages/airflow/example_dags/example_branch_day_of_week_operator.py
[2022-02-28 15:21:06,276] {processor.py:654} INFO - DAG(s) dict_keys(['example_weekday_branch_operator']) retrieved from /opt/anaconda3/envs/airflow/lib/python3.7/site-packages/airflow/example_dags/example_branch_day_of_week_operator.py
[2022-02-28 15:21:06,286] {logging_mixin.py:109} INFO - [2022-02-28 15:21:06,286] {dag.py:2398} INFO - Sync 1 DAGs
[2022-02-28 15:21:06,302] {logging_mixin.py:109} INFO - [2022-02-28 15:21:06,302] {dag.py:2937} INFO - Setting next_dagrun for example_weekday_branch_operator to 2022-02-27 00:00:00+00:00
[2022-02-28 15:21:06,311] {processor.py:171} INFO - Processing /opt/anaconda3/envs/airflow/lib/python3.7/site-packages/airflow/example_dags/example_branch_day_of_week_operator.py took 0.081 seconds
[2022-02-28 15:21:46,659] {processor.py:163} INFO - Started process (PID=36566) to work on /opt/anaconda3/envs/airflow/lib/python3.7/site-packages/airflow/example_dags/example_branch_day_of_week_operator.py
[2022-02-28 15:21:46,662] {processor.py:642} INFO - Processing file /opt/anaconda3/envs/airflow/lib/python3.7/site-packages/airflow/example_dags/example_branch_day_of_week_operator.py for tasks to queue
[2022-02-28 15:21:46,664] {logging_mixin.py:109} INFO - [2022-02-28 15:21:46,664] {dagbag.py:500} INFO - Filling up the DagBag from /opt/anaconda3/envs/airflow/lib/python3.7/site-packages/airflow/example_dags/example_branch_day_of_week_operator.py
[2022-02-28 15:21:46,703] {processor.py:654} INFO - DAG(s) dict_keys(['example_weekday_branch_operator']) retrieved from /opt/anaconda3/envs/airflow/lib/python3.7/site-packages/airflow/example_dags/example_branch_day_of_week_operator.py
[2022-02-28 15:21:46,714] {logging_mixin.py:109} INFO - [2022-02-28 15:21:46,713] {dag.py:2398} INFO - Sync 1 DAGs
[2022-02-28 15:21:46,729] {logging_mixin.py:109} INFO - [2022-02-28 15:21:46,729] {dag.py:2937} INFO - Setting next_dagrun for example_weekday_branch_operator to 2022-02-27 00:00:00+00:00
[2022-02-28 15:21:46,739] {processor.py:171} INFO - Processing /opt/anaconda3/envs/airflow/lib/python3.7/site-packages/airflow/example_dags/example_branch_day_of_week_operator.py took 0.085 seconds
[2022-02-28 15:22:27,533] {processor.py:163} INFO - Started process (PID=36604) to work on /opt/anaconda3/envs/airflow/lib/python3.7/site-packages/airflow/example_dags/example_branch_day_of_week_operator.py
[2022-02-28 15:22:27,535] {processor.py:642} INFO - Processing file /opt/anaconda3/envs/airflow/lib/python3.7/site-packages/airflow/example_dags/example_branch_day_of_week_operator.py for tasks to queue
[2022-02-28 15:22:27,536] {logging_mixin.py:109} INFO - [2022-02-28 15:22:27,536] {dagbag.py:500} INFO - Filling up the DagBag from /opt/anaconda3/envs/airflow/lib/python3.7/site-packages/airflow/example_dags/example_branch_day_of_week_operator.py
[2022-02-28 15:22:27,682] {processor.py:654} INFO - DAG(s) dict_keys(['example_weekday_branch_operator']) retrieved from /opt/anaconda3/envs/airflow/lib/python3.7/site-packages/airflow/example_dags/example_branch_day_of_week_operator.py
[2022-02-28 15:22:27,725] {logging_mixin.py:109} INFO - [2022-02-28 15:22:27,724] {dag.py:2398} INFO - Sync 1 DAGs
[2022-02-28 15:22:27,771] {logging_mixin.py:109} INFO - [2022-02-28 15:22:27,770] {dag.py:2937} INFO - Setting next_dagrun for example_weekday_branch_operator to 2022-02-27 00:00:00+00:00
[2022-02-28 15:22:27,785] {processor.py:171} INFO - Processing /opt/anaconda3/envs/airflow/lib/python3.7/site-packages/airflow/example_dags/example_branch_day_of_week_operator.py took 0.263 seconds
[2022-02-28 15:23:08,046] {processor.py:163} INFO - Started process (PID=36642) to work on /opt/anaconda3/envs/airflow/lib/python3.7/site-packages/airflow/example_dags/example_branch_day_of_week_operator.py
[2022-02-28 15:23:08,047] {processor.py:642} INFO - Processing file /opt/anaconda3/envs/airflow/lib/python3.7/site-packages/airflow/example_dags/example_branch_day_of_week_operator.py for tasks to queue
[2022-02-28 15:23:08,049] {logging_mixin.py:109} INFO - [2022-02-28 15:23:08,048] {dagbag.py:500} INFO - Filling up the DagBag from /opt/anaconda3/envs/airflow/lib/python3.7/site-packages/airflow/example_dags/example_branch_day_of_week_operator.py
[2022-02-28 15:23:08,082] {processor.py:654} INFO - DAG(s) dict_keys(['example_weekday_branch_operator']) retrieved from /opt/anaconda3/envs/airflow/lib/python3.7/site-packages/airflow/example_dags/example_branch_day_of_week_operator.py
[2022-02-28 15:23:08,092] {logging_mixin.py:109} INFO - [2022-02-28 15:23:08,092] {dag.py:2398} INFO - Sync 1 DAGs
[2022-02-28 15:23:08,154] {logging_mixin.py:109} INFO - [2022-02-28 15:23:08,153] {dag.py:2937} INFO - Setting next_dagrun for example_weekday_branch_operator to 2022-02-27 00:00:00+00:00
[2022-02-28 15:23:08,166] {processor.py:171} INFO - Processing /opt/anaconda3/envs/airflow/lib/python3.7/site-packages/airflow/example_dags/example_branch_day_of_week_operator.py took 0.128 seconds
