[2022-02-28 14:25:23,114] {processor.py:163} INFO - Started process (PID=31681) to work on /opt/anaconda3/envs/airflow/lib/python3.7/site-packages/airflow/example_dags/tutorial_taskflow_api_etl.py
[2022-02-28 14:25:23,116] {processor.py:642} INFO - Processing file /opt/anaconda3/envs/airflow/lib/python3.7/site-packages/airflow/example_dags/tutorial_taskflow_api_etl.py for tasks to queue
[2022-02-28 14:25:23,118] {logging_mixin.py:109} INFO - [2022-02-28 14:25:23,117] {dagbag.py:500} INFO - Filling up the DagBag from /opt/anaconda3/envs/airflow/lib/python3.7/site-packages/airflow/example_dags/tutorial_taskflow_api_etl.py
[2022-02-28 14:25:23,157] {processor.py:654} INFO - DAG(s) dict_keys(['tutorial_taskflow_api_etl']) retrieved from /opt/anaconda3/envs/airflow/lib/python3.7/site-packages/airflow/example_dags/tutorial_taskflow_api_etl.py
[2022-02-28 14:25:23,568] {logging_mixin.py:109} INFO - [2022-02-28 14:25:23,568] {dag.py:2398} INFO - Sync 1 DAGs
[2022-02-28 14:25:23,582] {logging_mixin.py:109} INFO - [2022-02-28 14:25:23,581] {dag.py:2937} INFO - Setting next_dagrun for tutorial_taskflow_api_etl to None
[2022-02-28 14:25:23,592] {processor.py:171} INFO - Processing /opt/anaconda3/envs/airflow/lib/python3.7/site-packages/airflow/example_dags/tutorial_taskflow_api_etl.py took 0.483 seconds
[2022-02-28 14:26:00,875] {processor.py:163} INFO - Started process (PID=31728) to work on /opt/anaconda3/envs/airflow/lib/python3.7/site-packages/airflow/example_dags/tutorial_taskflow_api_etl.py
[2022-02-28 14:26:00,878] {processor.py:642} INFO - Processing file /opt/anaconda3/envs/airflow/lib/python3.7/site-packages/airflow/example_dags/tutorial_taskflow_api_etl.py for tasks to queue
[2022-02-28 14:26:00,879] {logging_mixin.py:109} INFO - [2022-02-28 14:26:00,879] {dagbag.py:500} INFO - Filling up the DagBag from /opt/anaconda3/envs/airflow/lib/python3.7/site-packages/airflow/example_dags/tutorial_taskflow_api_etl.py
[2022-02-28 14:26:00,916] {processor.py:654} INFO - DAG(s) dict_keys(['tutorial_taskflow_api_etl']) retrieved from /opt/anaconda3/envs/airflow/lib/python3.7/site-packages/airflow/example_dags/tutorial_taskflow_api_etl.py
[2022-02-28 14:26:01,265] {logging_mixin.py:109} INFO - [2022-02-28 14:26:01,264] {dag.py:2398} INFO - Sync 1 DAGs
[2022-02-28 14:26:01,277] {logging_mixin.py:109} INFO - [2022-02-28 14:26:01,276] {dag.py:2937} INFO - Setting next_dagrun for tutorial_taskflow_api_etl to None
[2022-02-28 14:26:01,288] {processor.py:171} INFO - Processing /opt/anaconda3/envs/airflow/lib/python3.7/site-packages/airflow/example_dags/tutorial_taskflow_api_etl.py took 0.417 seconds
[2022-02-28 14:26:37,626] {processor.py:163} INFO - Started process (PID=31776) to work on /opt/anaconda3/envs/airflow/lib/python3.7/site-packages/airflow/example_dags/tutorial_taskflow_api_etl.py
[2022-02-28 14:26:37,629] {processor.py:642} INFO - Processing file /opt/anaconda3/envs/airflow/lib/python3.7/site-packages/airflow/example_dags/tutorial_taskflow_api_etl.py for tasks to queue
[2022-02-28 14:26:37,630] {logging_mixin.py:109} INFO - [2022-02-28 14:26:37,629] {dagbag.py:500} INFO - Filling up the DagBag from /opt/anaconda3/envs/airflow/lib/python3.7/site-packages/airflow/example_dags/tutorial_taskflow_api_etl.py
[2022-02-28 14:26:37,664] {processor.py:654} INFO - DAG(s) dict_keys(['tutorial_taskflow_api_etl']) retrieved from /opt/anaconda3/envs/airflow/lib/python3.7/site-packages/airflow/example_dags/tutorial_taskflow_api_etl.py
[2022-02-28 14:26:37,964] {logging_mixin.py:109} INFO - [2022-02-28 14:26:37,964] {dag.py:2398} INFO - Sync 1 DAGs
[2022-02-28 14:26:37,978] {logging_mixin.py:109} INFO - [2022-02-28 14:26:37,978] {dag.py:2937} INFO - Setting next_dagrun for tutorial_taskflow_api_etl to None
[2022-02-28 14:26:37,989] {processor.py:171} INFO - Processing /opt/anaconda3/envs/airflow/lib/python3.7/site-packages/airflow/example_dags/tutorial_taskflow_api_etl.py took 0.367 seconds
[2022-02-28 14:27:17,986] {processor.py:163} INFO - Started process (PID=31829) to work on /opt/anaconda3/envs/airflow/lib/python3.7/site-packages/airflow/example_dags/tutorial_taskflow_api_etl.py
[2022-02-28 14:27:17,989] {processor.py:642} INFO - Processing file /opt/anaconda3/envs/airflow/lib/python3.7/site-packages/airflow/example_dags/tutorial_taskflow_api_etl.py for tasks to queue
[2022-02-28 14:27:17,991] {logging_mixin.py:109} INFO - [2022-02-28 14:27:17,991] {dagbag.py:500} INFO - Filling up the DagBag from /opt/anaconda3/envs/airflow/lib/python3.7/site-packages/airflow/example_dags/tutorial_taskflow_api_etl.py
[2022-02-28 14:27:18,036] {processor.py:654} INFO - DAG(s) dict_keys(['tutorial_taskflow_api_etl']) retrieved from /opt/anaconda3/envs/airflow/lib/python3.7/site-packages/airflow/example_dags/tutorial_taskflow_api_etl.py
[2022-02-28 14:27:18,306] {logging_mixin.py:109} INFO - [2022-02-28 14:27:18,306] {dag.py:2398} INFO - Sync 1 DAGs
[2022-02-28 14:27:18,317] {logging_mixin.py:109} INFO - [2022-02-28 14:27:18,317] {dag.py:2937} INFO - Setting next_dagrun for tutorial_taskflow_api_etl to None
[2022-02-28 14:27:18,328] {processor.py:171} INFO - Processing /opt/anaconda3/envs/airflow/lib/python3.7/site-packages/airflow/example_dags/tutorial_taskflow_api_etl.py took 0.347 seconds
[2022-02-28 14:27:53,592] {processor.py:163} INFO - Started process (PID=31876) to work on /opt/anaconda3/envs/airflow/lib/python3.7/site-packages/airflow/example_dags/tutorial_taskflow_api_etl.py
[2022-02-28 14:27:53,594] {processor.py:642} INFO - Processing file /opt/anaconda3/envs/airflow/lib/python3.7/site-packages/airflow/example_dags/tutorial_taskflow_api_etl.py for tasks to queue
[2022-02-28 14:27:53,595] {logging_mixin.py:109} INFO - [2022-02-28 14:27:53,595] {dagbag.py:500} INFO - Filling up the DagBag from /opt/anaconda3/envs/airflow/lib/python3.7/site-packages/airflow/example_dags/tutorial_taskflow_api_etl.py
[2022-02-28 14:27:53,631] {processor.py:654} INFO - DAG(s) dict_keys(['tutorial_taskflow_api_etl']) retrieved from /opt/anaconda3/envs/airflow/lib/python3.7/site-packages/airflow/example_dags/tutorial_taskflow_api_etl.py
[2022-02-28 14:27:53,887] {logging_mixin.py:109} INFO - [2022-02-28 14:27:53,887] {dag.py:2398} INFO - Sync 1 DAGs
[2022-02-28 14:27:53,900] {logging_mixin.py:109} INFO - [2022-02-28 14:27:53,900] {dag.py:2937} INFO - Setting next_dagrun for tutorial_taskflow_api_etl to None
[2022-02-28 14:27:53,911] {processor.py:171} INFO - Processing /opt/anaconda3/envs/airflow/lib/python3.7/site-packages/airflow/example_dags/tutorial_taskflow_api_etl.py took 0.322 seconds
[2022-02-28 14:28:47,118] {processor.py:163} INFO - Started process (PID=32000) to work on /opt/anaconda3/envs/airflow/lib/python3.7/site-packages/airflow/example_dags/tutorial_taskflow_api_etl.py
[2022-02-28 14:28:47,120] {processor.py:642} INFO - Processing file /opt/anaconda3/envs/airflow/lib/python3.7/site-packages/airflow/example_dags/tutorial_taskflow_api_etl.py for tasks to queue
[2022-02-28 14:28:47,121] {logging_mixin.py:109} INFO - [2022-02-28 14:28:47,121] {dagbag.py:500} INFO - Filling up the DagBag from /opt/anaconda3/envs/airflow/lib/python3.7/site-packages/airflow/example_dags/tutorial_taskflow_api_etl.py
[2022-02-28 14:28:47,159] {processor.py:654} INFO - DAG(s) dict_keys(['tutorial_taskflow_api_etl']) retrieved from /opt/anaconda3/envs/airflow/lib/python3.7/site-packages/airflow/example_dags/tutorial_taskflow_api_etl.py
[2022-02-28 14:28:47,542] {logging_mixin.py:109} INFO - [2022-02-28 14:28:47,542] {dag.py:2398} INFO - Sync 1 DAGs
[2022-02-28 14:28:47,554] {logging_mixin.py:109} INFO - [2022-02-28 14:28:47,554] {dag.py:2937} INFO - Setting next_dagrun for tutorial_taskflow_api_etl to None
[2022-02-28 14:28:47,565] {processor.py:171} INFO - Processing /opt/anaconda3/envs/airflow/lib/python3.7/site-packages/airflow/example_dags/tutorial_taskflow_api_etl.py took 0.452 seconds
[2022-02-28 14:29:31,408] {processor.py:163} INFO - Started process (PID=32075) to work on /opt/anaconda3/envs/airflow/lib/python3.7/site-packages/airflow/example_dags/tutorial_taskflow_api_etl.py
[2022-02-28 14:29:31,410] {processor.py:642} INFO - Processing file /opt/anaconda3/envs/airflow/lib/python3.7/site-packages/airflow/example_dags/tutorial_taskflow_api_etl.py for tasks to queue
[2022-02-28 14:29:31,412] {logging_mixin.py:109} INFO - [2022-02-28 14:29:31,411] {dagbag.py:500} INFO - Filling up the DagBag from /opt/anaconda3/envs/airflow/lib/python3.7/site-packages/airflow/example_dags/tutorial_taskflow_api_etl.py
[2022-02-28 14:29:31,446] {processor.py:654} INFO - DAG(s) dict_keys(['tutorial_taskflow_api_etl']) retrieved from /opt/anaconda3/envs/airflow/lib/python3.7/site-packages/airflow/example_dags/tutorial_taskflow_api_etl.py
[2022-02-28 14:29:31,733] {logging_mixin.py:109} INFO - [2022-02-28 14:29:31,733] {dag.py:2398} INFO - Sync 1 DAGs
[2022-02-28 14:29:31,747] {logging_mixin.py:109} INFO - [2022-02-28 14:29:31,747] {dag.py:2937} INFO - Setting next_dagrun for tutorial_taskflow_api_etl to None
[2022-02-28 14:29:31,758] {processor.py:171} INFO - Processing /opt/anaconda3/envs/airflow/lib/python3.7/site-packages/airflow/example_dags/tutorial_taskflow_api_etl.py took 0.354 seconds
[2022-02-28 14:30:14,801] {processor.py:163} INFO - Started process (PID=32134) to work on /opt/anaconda3/envs/airflow/lib/python3.7/site-packages/airflow/example_dags/tutorial_taskflow_api_etl.py
[2022-02-28 14:30:14,804] {processor.py:642} INFO - Processing file /opt/anaconda3/envs/airflow/lib/python3.7/site-packages/airflow/example_dags/tutorial_taskflow_api_etl.py for tasks to queue
[2022-02-28 14:30:14,805] {logging_mixin.py:109} INFO - [2022-02-28 14:30:14,805] {dagbag.py:500} INFO - Filling up the DagBag from /opt/anaconda3/envs/airflow/lib/python3.7/site-packages/airflow/example_dags/tutorial_taskflow_api_etl.py
[2022-02-28 14:30:14,841] {processor.py:654} INFO - DAG(s) dict_keys(['tutorial_taskflow_api_etl']) retrieved from /opt/anaconda3/envs/airflow/lib/python3.7/site-packages/airflow/example_dags/tutorial_taskflow_api_etl.py
[2022-02-28 14:30:15,082] {logging_mixin.py:109} INFO - [2022-02-28 14:30:15,081] {dag.py:2398} INFO - Sync 1 DAGs
[2022-02-28 14:30:15,095] {logging_mixin.py:109} INFO - [2022-02-28 14:30:15,094] {dag.py:2937} INFO - Setting next_dagrun for tutorial_taskflow_api_etl to None
[2022-02-28 14:30:15,106] {processor.py:171} INFO - Processing /opt/anaconda3/envs/airflow/lib/python3.7/site-packages/airflow/example_dags/tutorial_taskflow_api_etl.py took 0.308 seconds
[2022-02-28 14:30:52,540] {processor.py:163} INFO - Started process (PID=32170) to work on /opt/anaconda3/envs/airflow/lib/python3.7/site-packages/airflow/example_dags/tutorial_taskflow_api_etl.py
[2022-02-28 14:30:52,542] {processor.py:642} INFO - Processing file /opt/anaconda3/envs/airflow/lib/python3.7/site-packages/airflow/example_dags/tutorial_taskflow_api_etl.py for tasks to queue
[2022-02-28 14:30:52,543] {logging_mixin.py:109} INFO - [2022-02-28 14:30:52,543] {dagbag.py:500} INFO - Filling up the DagBag from /opt/anaconda3/envs/airflow/lib/python3.7/site-packages/airflow/example_dags/tutorial_taskflow_api_etl.py
[2022-02-28 14:30:52,578] {processor.py:654} INFO - DAG(s) dict_keys(['tutorial_taskflow_api_etl']) retrieved from /opt/anaconda3/envs/airflow/lib/python3.7/site-packages/airflow/example_dags/tutorial_taskflow_api_etl.py
[2022-02-28 14:30:52,829] {logging_mixin.py:109} INFO - [2022-02-28 14:30:52,829] {dag.py:2398} INFO - Sync 1 DAGs
[2022-02-28 14:30:52,841] {logging_mixin.py:109} INFO - [2022-02-28 14:30:52,841] {dag.py:2937} INFO - Setting next_dagrun for tutorial_taskflow_api_etl to None
[2022-02-28 14:30:52,852] {processor.py:171} INFO - Processing /opt/anaconda3/envs/airflow/lib/python3.7/site-packages/airflow/example_dags/tutorial_taskflow_api_etl.py took 0.315 seconds
[2022-02-28 14:31:30,525] {processor.py:163} INFO - Started process (PID=32217) to work on /opt/anaconda3/envs/airflow/lib/python3.7/site-packages/airflow/example_dags/tutorial_taskflow_api_etl.py
[2022-02-28 14:31:30,527] {processor.py:642} INFO - Processing file /opt/anaconda3/envs/airflow/lib/python3.7/site-packages/airflow/example_dags/tutorial_taskflow_api_etl.py for tasks to queue
[2022-02-28 14:31:30,529] {logging_mixin.py:109} INFO - [2022-02-28 14:31:30,528] {dagbag.py:500} INFO - Filling up the DagBag from /opt/anaconda3/envs/airflow/lib/python3.7/site-packages/airflow/example_dags/tutorial_taskflow_api_etl.py
[2022-02-28 14:31:30,565] {processor.py:654} INFO - DAG(s) dict_keys(['tutorial_taskflow_api_etl']) retrieved from /opt/anaconda3/envs/airflow/lib/python3.7/site-packages/airflow/example_dags/tutorial_taskflow_api_etl.py
[2022-02-28 14:31:30,838] {logging_mixin.py:109} INFO - [2022-02-28 14:31:30,837] {dag.py:2398} INFO - Sync 1 DAGs
[2022-02-28 14:31:30,850] {logging_mixin.py:109} INFO - [2022-02-28 14:31:30,850] {dag.py:2937} INFO - Setting next_dagrun for tutorial_taskflow_api_etl to None
[2022-02-28 14:31:30,866] {processor.py:171} INFO - Processing /opt/anaconda3/envs/airflow/lib/python3.7/site-packages/airflow/example_dags/tutorial_taskflow_api_etl.py took 0.345 seconds
[2022-02-28 14:32:51,703] {processor.py:163} INFO - Started process (PID=32309) to work on /opt/anaconda3/envs/airflow/lib/python3.7/site-packages/airflow/example_dags/tutorial_taskflow_api_etl.py
[2022-02-28 14:32:51,706] {processor.py:642} INFO - Processing file /opt/anaconda3/envs/airflow/lib/python3.7/site-packages/airflow/example_dags/tutorial_taskflow_api_etl.py for tasks to queue
[2022-02-28 14:32:51,707] {logging_mixin.py:109} INFO - [2022-02-28 14:32:51,707] {dagbag.py:500} INFO - Filling up the DagBag from /opt/anaconda3/envs/airflow/lib/python3.7/site-packages/airflow/example_dags/tutorial_taskflow_api_etl.py
[2022-02-28 14:32:51,744] {processor.py:654} INFO - DAG(s) dict_keys(['tutorial_taskflow_api_etl']) retrieved from /opt/anaconda3/envs/airflow/lib/python3.7/site-packages/airflow/example_dags/tutorial_taskflow_api_etl.py
[2022-02-28 14:32:52,015] {logging_mixin.py:109} INFO - [2022-02-28 14:32:52,015] {dag.py:2398} INFO - Sync 1 DAGs
[2022-02-28 14:32:52,028] {logging_mixin.py:109} INFO - [2022-02-28 14:32:52,028] {dag.py:2937} INFO - Setting next_dagrun for tutorial_taskflow_api_etl to None
[2022-02-28 14:32:52,041] {processor.py:171} INFO - Processing /opt/anaconda3/envs/airflow/lib/python3.7/site-packages/airflow/example_dags/tutorial_taskflow_api_etl.py took 0.342 seconds
[2022-02-28 14:33:32,209] {processor.py:163} INFO - Started process (PID=32367) to work on /opt/anaconda3/envs/airflow/lib/python3.7/site-packages/airflow/example_dags/tutorial_taskflow_api_etl.py
[2022-02-28 14:33:32,211] {processor.py:642} INFO - Processing file /opt/anaconda3/envs/airflow/lib/python3.7/site-packages/airflow/example_dags/tutorial_taskflow_api_etl.py for tasks to queue
[2022-02-28 14:33:32,213] {logging_mixin.py:109} INFO - [2022-02-28 14:33:32,213] {dagbag.py:500} INFO - Filling up the DagBag from /opt/anaconda3/envs/airflow/lib/python3.7/site-packages/airflow/example_dags/tutorial_taskflow_api_etl.py
[2022-02-28 14:33:32,266] {processor.py:654} INFO - DAG(s) dict_keys(['tutorial_taskflow_api_etl']) retrieved from /opt/anaconda3/envs/airflow/lib/python3.7/site-packages/airflow/example_dags/tutorial_taskflow_api_etl.py
[2022-02-28 14:33:32,722] {logging_mixin.py:109} INFO - [2022-02-28 14:33:32,721] {dag.py:2398} INFO - Sync 1 DAGs
[2022-02-28 14:33:32,737] {logging_mixin.py:109} INFO - [2022-02-28 14:33:32,736] {dag.py:2937} INFO - Setting next_dagrun for tutorial_taskflow_api_etl to None
[2022-02-28 14:33:32,753] {processor.py:171} INFO - Processing /opt/anaconda3/envs/airflow/lib/python3.7/site-packages/airflow/example_dags/tutorial_taskflow_api_etl.py took 0.548 seconds
[2022-02-28 14:34:17,021] {processor.py:163} INFO - Started process (PID=32443) to work on /opt/anaconda3/envs/airflow/lib/python3.7/site-packages/airflow/example_dags/tutorial_taskflow_api_etl.py
[2022-02-28 14:34:17,025] {processor.py:642} INFO - Processing file /opt/anaconda3/envs/airflow/lib/python3.7/site-packages/airflow/example_dags/tutorial_taskflow_api_etl.py for tasks to queue
[2022-02-28 14:34:17,027] {logging_mixin.py:109} INFO - [2022-02-28 14:34:17,026] {dagbag.py:500} INFO - Filling up the DagBag from /opt/anaconda3/envs/airflow/lib/python3.7/site-packages/airflow/example_dags/tutorial_taskflow_api_etl.py
[2022-02-28 14:34:17,105] {processor.py:654} INFO - DAG(s) dict_keys(['tutorial_taskflow_api_etl']) retrieved from /opt/anaconda3/envs/airflow/lib/python3.7/site-packages/airflow/example_dags/tutorial_taskflow_api_etl.py
[2022-02-28 14:34:18,119] {logging_mixin.py:109} INFO - [2022-02-28 14:34:18,119] {dag.py:2398} INFO - Sync 1 DAGs
[2022-02-28 14:34:18,191] {logging_mixin.py:109} INFO - [2022-02-28 14:34:18,191] {dag.py:2937} INFO - Setting next_dagrun for tutorial_taskflow_api_etl to None
[2022-02-28 14:34:18,209] {processor.py:171} INFO - Processing /opt/anaconda3/envs/airflow/lib/python3.7/site-packages/airflow/example_dags/tutorial_taskflow_api_etl.py took 1.196 seconds
[2022-02-28 14:34:52,789] {processor.py:163} INFO - Started process (PID=32485) to work on /opt/anaconda3/envs/airflow/lib/python3.7/site-packages/airflow/example_dags/tutorial_taskflow_api_etl.py
[2022-02-28 14:34:52,790] {processor.py:642} INFO - Processing file /opt/anaconda3/envs/airflow/lib/python3.7/site-packages/airflow/example_dags/tutorial_taskflow_api_etl.py for tasks to queue
[2022-02-28 14:34:52,791] {logging_mixin.py:109} INFO - [2022-02-28 14:34:52,791] {dagbag.py:500} INFO - Filling up the DagBag from /opt/anaconda3/envs/airflow/lib/python3.7/site-packages/airflow/example_dags/tutorial_taskflow_api_etl.py
[2022-02-28 14:34:52,831] {processor.py:654} INFO - DAG(s) dict_keys(['tutorial_taskflow_api_etl']) retrieved from /opt/anaconda3/envs/airflow/lib/python3.7/site-packages/airflow/example_dags/tutorial_taskflow_api_etl.py
[2022-02-28 14:34:53,108] {logging_mixin.py:109} INFO - [2022-02-28 14:34:53,107] {dag.py:2398} INFO - Sync 1 DAGs
[2022-02-28 14:34:53,122] {logging_mixin.py:109} INFO - [2022-02-28 14:34:53,122] {dag.py:2937} INFO - Setting next_dagrun for tutorial_taskflow_api_etl to None
[2022-02-28 14:34:53,133] {processor.py:171} INFO - Processing /opt/anaconda3/envs/airflow/lib/python3.7/site-packages/airflow/example_dags/tutorial_taskflow_api_etl.py took 0.349 seconds
[2022-02-28 14:35:31,427] {processor.py:163} INFO - Started process (PID=32524) to work on /opt/anaconda3/envs/airflow/lib/python3.7/site-packages/airflow/example_dags/tutorial_taskflow_api_etl.py
[2022-02-28 14:35:31,430] {processor.py:642} INFO - Processing file /opt/anaconda3/envs/airflow/lib/python3.7/site-packages/airflow/example_dags/tutorial_taskflow_api_etl.py for tasks to queue
[2022-02-28 14:35:31,434] {logging_mixin.py:109} INFO - [2022-02-28 14:35:31,432] {dagbag.py:500} INFO - Filling up the DagBag from /opt/anaconda3/envs/airflow/lib/python3.7/site-packages/airflow/example_dags/tutorial_taskflow_api_etl.py
[2022-02-28 14:35:31,477] {processor.py:654} INFO - DAG(s) dict_keys(['tutorial_taskflow_api_etl']) retrieved from /opt/anaconda3/envs/airflow/lib/python3.7/site-packages/airflow/example_dags/tutorial_taskflow_api_etl.py
[2022-02-28 14:35:31,807] {logging_mixin.py:109} INFO - [2022-02-28 14:35:31,807] {dag.py:2398} INFO - Sync 1 DAGs
[2022-02-28 14:35:31,821] {logging_mixin.py:109} INFO - [2022-02-28 14:35:31,820] {dag.py:2937} INFO - Setting next_dagrun for tutorial_taskflow_api_etl to None
[2022-02-28 14:35:31,834] {processor.py:171} INFO - Processing /opt/anaconda3/envs/airflow/lib/python3.7/site-packages/airflow/example_dags/tutorial_taskflow_api_etl.py took 0.411 seconds
[2022-02-28 14:36:06,081] {processor.py:163} INFO - Started process (PID=32559) to work on /opt/anaconda3/envs/airflow/lib/python3.7/site-packages/airflow/example_dags/tutorial_taskflow_api_etl.py
[2022-02-28 14:36:06,082] {processor.py:642} INFO - Processing file /opt/anaconda3/envs/airflow/lib/python3.7/site-packages/airflow/example_dags/tutorial_taskflow_api_etl.py for tasks to queue
[2022-02-28 14:36:06,083] {logging_mixin.py:109} INFO - [2022-02-28 14:36:06,083] {dagbag.py:500} INFO - Filling up the DagBag from /opt/anaconda3/envs/airflow/lib/python3.7/site-packages/airflow/example_dags/tutorial_taskflow_api_etl.py
[2022-02-28 14:36:06,122] {processor.py:654} INFO - DAG(s) dict_keys(['tutorial_taskflow_api_etl']) retrieved from /opt/anaconda3/envs/airflow/lib/python3.7/site-packages/airflow/example_dags/tutorial_taskflow_api_etl.py
[2022-02-28 14:36:06,432] {logging_mixin.py:109} INFO - [2022-02-28 14:36:06,431] {dag.py:2398} INFO - Sync 1 DAGs
[2022-02-28 14:36:06,445] {logging_mixin.py:109} INFO - [2022-02-28 14:36:06,445] {dag.py:2937} INFO - Setting next_dagrun for tutorial_taskflow_api_etl to None
[2022-02-28 14:36:06,455] {processor.py:171} INFO - Processing /opt/anaconda3/envs/airflow/lib/python3.7/site-packages/airflow/example_dags/tutorial_taskflow_api_etl.py took 0.379 seconds
[2022-02-28 14:36:46,592] {processor.py:163} INFO - Started process (PID=32607) to work on /opt/anaconda3/envs/airflow/lib/python3.7/site-packages/airflow/example_dags/tutorial_taskflow_api_etl.py
[2022-02-28 14:36:46,593] {processor.py:642} INFO - Processing file /opt/anaconda3/envs/airflow/lib/python3.7/site-packages/airflow/example_dags/tutorial_taskflow_api_etl.py for tasks to queue
[2022-02-28 14:36:46,594] {logging_mixin.py:109} INFO - [2022-02-28 14:36:46,594] {dagbag.py:500} INFO - Filling up the DagBag from /opt/anaconda3/envs/airflow/lib/python3.7/site-packages/airflow/example_dags/tutorial_taskflow_api_etl.py
[2022-02-28 14:36:46,629] {processor.py:654} INFO - DAG(s) dict_keys(['tutorial_taskflow_api_etl']) retrieved from /opt/anaconda3/envs/airflow/lib/python3.7/site-packages/airflow/example_dags/tutorial_taskflow_api_etl.py
[2022-02-28 14:36:46,915] {logging_mixin.py:109} INFO - [2022-02-28 14:36:46,915] {dag.py:2398} INFO - Sync 1 DAGs
[2022-02-28 14:36:46,928] {logging_mixin.py:109} INFO - [2022-02-28 14:36:46,928] {dag.py:2937} INFO - Setting next_dagrun for tutorial_taskflow_api_etl to None
[2022-02-28 14:36:46,941] {processor.py:171} INFO - Processing /opt/anaconda3/envs/airflow/lib/python3.7/site-packages/airflow/example_dags/tutorial_taskflow_api_etl.py took 0.353 seconds
[2022-02-28 14:37:26,719] {processor.py:163} INFO - Started process (PID=32643) to work on /opt/anaconda3/envs/airflow/lib/python3.7/site-packages/airflow/example_dags/tutorial_taskflow_api_etl.py
[2022-02-28 14:37:26,721] {processor.py:642} INFO - Processing file /opt/anaconda3/envs/airflow/lib/python3.7/site-packages/airflow/example_dags/tutorial_taskflow_api_etl.py for tasks to queue
[2022-02-28 14:37:26,722] {logging_mixin.py:109} INFO - [2022-02-28 14:37:26,722] {dagbag.py:500} INFO - Filling up the DagBag from /opt/anaconda3/envs/airflow/lib/python3.7/site-packages/airflow/example_dags/tutorial_taskflow_api_etl.py
[2022-02-28 14:37:26,759] {processor.py:654} INFO - DAG(s) dict_keys(['tutorial_taskflow_api_etl']) retrieved from /opt/anaconda3/envs/airflow/lib/python3.7/site-packages/airflow/example_dags/tutorial_taskflow_api_etl.py
[2022-02-28 14:37:27,027] {logging_mixin.py:109} INFO - [2022-02-28 14:37:27,027] {dag.py:2398} INFO - Sync 1 DAGs
[2022-02-28 14:37:27,041] {logging_mixin.py:109} INFO - [2022-02-28 14:37:27,041] {dag.py:2937} INFO - Setting next_dagrun for tutorial_taskflow_api_etl to None
[2022-02-28 14:37:27,052] {processor.py:171} INFO - Processing /opt/anaconda3/envs/airflow/lib/python3.7/site-packages/airflow/example_dags/tutorial_taskflow_api_etl.py took 0.338 seconds
[2022-02-28 14:38:01,177] {processor.py:163} INFO - Started process (PID=32675) to work on /opt/anaconda3/envs/airflow/lib/python3.7/site-packages/airflow/example_dags/tutorial_taskflow_api_etl.py
[2022-02-28 14:38:01,179] {processor.py:642} INFO - Processing file /opt/anaconda3/envs/airflow/lib/python3.7/site-packages/airflow/example_dags/tutorial_taskflow_api_etl.py for tasks to queue
[2022-02-28 14:38:01,180] {logging_mixin.py:109} INFO - [2022-02-28 14:38:01,179] {dagbag.py:500} INFO - Filling up the DagBag from /opt/anaconda3/envs/airflow/lib/python3.7/site-packages/airflow/example_dags/tutorial_taskflow_api_etl.py
[2022-02-28 14:38:01,214] {processor.py:654} INFO - DAG(s) dict_keys(['tutorial_taskflow_api_etl']) retrieved from /opt/anaconda3/envs/airflow/lib/python3.7/site-packages/airflow/example_dags/tutorial_taskflow_api_etl.py
[2022-02-28 14:38:01,478] {logging_mixin.py:109} INFO - [2022-02-28 14:38:01,477] {dag.py:2398} INFO - Sync 1 DAGs
[2022-02-28 14:38:01,492] {logging_mixin.py:109} INFO - [2022-02-28 14:38:01,491] {dag.py:2937} INFO - Setting next_dagrun for tutorial_taskflow_api_etl to None
[2022-02-28 14:38:01,502] {processor.py:171} INFO - Processing /opt/anaconda3/envs/airflow/lib/python3.7/site-packages/airflow/example_dags/tutorial_taskflow_api_etl.py took 0.329 seconds
[2022-02-28 14:38:37,998] {processor.py:163} INFO - Started process (PID=32711) to work on /opt/anaconda3/envs/airflow/lib/python3.7/site-packages/airflow/example_dags/tutorial_taskflow_api_etl.py
[2022-02-28 14:38:38,000] {processor.py:642} INFO - Processing file /opt/anaconda3/envs/airflow/lib/python3.7/site-packages/airflow/example_dags/tutorial_taskflow_api_etl.py for tasks to queue
[2022-02-28 14:38:38,001] {logging_mixin.py:109} INFO - [2022-02-28 14:38:38,000] {dagbag.py:500} INFO - Filling up the DagBag from /opt/anaconda3/envs/airflow/lib/python3.7/site-packages/airflow/example_dags/tutorial_taskflow_api_etl.py
[2022-02-28 14:38:38,040] {processor.py:654} INFO - DAG(s) dict_keys(['tutorial_taskflow_api_etl']) retrieved from /opt/anaconda3/envs/airflow/lib/python3.7/site-packages/airflow/example_dags/tutorial_taskflow_api_etl.py
[2022-02-28 14:38:38,312] {logging_mixin.py:109} INFO - [2022-02-28 14:38:38,312] {dag.py:2398} INFO - Sync 1 DAGs
[2022-02-28 14:38:38,326] {logging_mixin.py:109} INFO - [2022-02-28 14:38:38,326] {dag.py:2937} INFO - Setting next_dagrun for tutorial_taskflow_api_etl to None
[2022-02-28 14:38:38,337] {processor.py:171} INFO - Processing /opt/anaconda3/envs/airflow/lib/python3.7/site-packages/airflow/example_dags/tutorial_taskflow_api_etl.py took 0.345 seconds
[2022-02-28 14:39:14,227] {processor.py:163} INFO - Started process (PID=32745) to work on /opt/anaconda3/envs/airflow/lib/python3.7/site-packages/airflow/example_dags/tutorial_taskflow_api_etl.py
[2022-02-28 14:39:14,228] {processor.py:642} INFO - Processing file /opt/anaconda3/envs/airflow/lib/python3.7/site-packages/airflow/example_dags/tutorial_taskflow_api_etl.py for tasks to queue
[2022-02-28 14:39:14,229] {logging_mixin.py:109} INFO - [2022-02-28 14:39:14,229] {dagbag.py:500} INFO - Filling up the DagBag from /opt/anaconda3/envs/airflow/lib/python3.7/site-packages/airflow/example_dags/tutorial_taskflow_api_etl.py
[2022-02-28 14:39:14,269] {processor.py:654} INFO - DAG(s) dict_keys(['tutorial_taskflow_api_etl']) retrieved from /opt/anaconda3/envs/airflow/lib/python3.7/site-packages/airflow/example_dags/tutorial_taskflow_api_etl.py
[2022-02-28 14:39:14,558] {logging_mixin.py:109} INFO - [2022-02-28 14:39:14,557] {dag.py:2398} INFO - Sync 1 DAGs
[2022-02-28 14:39:14,572] {logging_mixin.py:109} INFO - [2022-02-28 14:39:14,572] {dag.py:2937} INFO - Setting next_dagrun for tutorial_taskflow_api_etl to None
[2022-02-28 14:39:14,583] {processor.py:171} INFO - Processing /opt/anaconda3/envs/airflow/lib/python3.7/site-packages/airflow/example_dags/tutorial_taskflow_api_etl.py took 0.361 seconds
[2022-02-28 14:39:47,914] {processor.py:163} INFO - Started process (PID=32789) to work on /opt/anaconda3/envs/airflow/lib/python3.7/site-packages/airflow/example_dags/tutorial_taskflow_api_etl.py
[2022-02-28 14:39:47,918] {processor.py:642} INFO - Processing file /opt/anaconda3/envs/airflow/lib/python3.7/site-packages/airflow/example_dags/tutorial_taskflow_api_etl.py for tasks to queue
[2022-02-28 14:39:47,919] {logging_mixin.py:109} INFO - [2022-02-28 14:39:47,919] {dagbag.py:500} INFO - Filling up the DagBag from /opt/anaconda3/envs/airflow/lib/python3.7/site-packages/airflow/example_dags/tutorial_taskflow_api_etl.py
[2022-02-28 14:39:47,956] {processor.py:654} INFO - DAG(s) dict_keys(['tutorial_taskflow_api_etl']) retrieved from /opt/anaconda3/envs/airflow/lib/python3.7/site-packages/airflow/example_dags/tutorial_taskflow_api_etl.py
[2022-02-28 14:39:48,259] {logging_mixin.py:109} INFO - [2022-02-28 14:39:48,259] {dag.py:2398} INFO - Sync 1 DAGs
[2022-02-28 14:39:48,273] {logging_mixin.py:109} INFO - [2022-02-28 14:39:48,272] {dag.py:2937} INFO - Setting next_dagrun for tutorial_taskflow_api_etl to None
[2022-02-28 14:39:48,284] {processor.py:171} INFO - Processing /opt/anaconda3/envs/airflow/lib/python3.7/site-packages/airflow/example_dags/tutorial_taskflow_api_etl.py took 0.373 seconds
[2022-02-28 14:40:26,403] {processor.py:163} INFO - Started process (PID=32827) to work on /opt/anaconda3/envs/airflow/lib/python3.7/site-packages/airflow/example_dags/tutorial_taskflow_api_etl.py
[2022-02-28 14:40:26,404] {processor.py:642} INFO - Processing file /opt/anaconda3/envs/airflow/lib/python3.7/site-packages/airflow/example_dags/tutorial_taskflow_api_etl.py for tasks to queue
[2022-02-28 14:40:26,405] {logging_mixin.py:109} INFO - [2022-02-28 14:40:26,405] {dagbag.py:500} INFO - Filling up the DagBag from /opt/anaconda3/envs/airflow/lib/python3.7/site-packages/airflow/example_dags/tutorial_taskflow_api_etl.py
[2022-02-28 14:40:26,440] {processor.py:654} INFO - DAG(s) dict_keys(['tutorial_taskflow_api_etl']) retrieved from /opt/anaconda3/envs/airflow/lib/python3.7/site-packages/airflow/example_dags/tutorial_taskflow_api_etl.py
[2022-02-28 14:40:26,705] {logging_mixin.py:109} INFO - [2022-02-28 14:40:26,704] {dag.py:2398} INFO - Sync 1 DAGs
[2022-02-28 14:40:26,717] {logging_mixin.py:109} INFO - [2022-02-28 14:40:26,717] {dag.py:2937} INFO - Setting next_dagrun for tutorial_taskflow_api_etl to None
[2022-02-28 14:40:26,728] {processor.py:171} INFO - Processing /opt/anaconda3/envs/airflow/lib/python3.7/site-packages/airflow/example_dags/tutorial_taskflow_api_etl.py took 0.329 seconds
[2022-02-28 14:41:04,737] {processor.py:163} INFO - Started process (PID=32864) to work on /opt/anaconda3/envs/airflow/lib/python3.7/site-packages/airflow/example_dags/tutorial_taskflow_api_etl.py
[2022-02-28 14:41:04,738] {processor.py:642} INFO - Processing file /opt/anaconda3/envs/airflow/lib/python3.7/site-packages/airflow/example_dags/tutorial_taskflow_api_etl.py for tasks to queue
[2022-02-28 14:41:04,742] {logging_mixin.py:109} INFO - [2022-02-28 14:41:04,741] {dagbag.py:500} INFO - Filling up the DagBag from /opt/anaconda3/envs/airflow/lib/python3.7/site-packages/airflow/example_dags/tutorial_taskflow_api_etl.py
[2022-02-28 14:41:04,775] {processor.py:654} INFO - DAG(s) dict_keys(['tutorial_taskflow_api_etl']) retrieved from /opt/anaconda3/envs/airflow/lib/python3.7/site-packages/airflow/example_dags/tutorial_taskflow_api_etl.py
[2022-02-28 14:41:05,032] {logging_mixin.py:109} INFO - [2022-02-28 14:41:05,032] {dag.py:2398} INFO - Sync 1 DAGs
[2022-02-28 14:41:05,045] {logging_mixin.py:109} INFO - [2022-02-28 14:41:05,044] {dag.py:2937} INFO - Setting next_dagrun for tutorial_taskflow_api_etl to None
[2022-02-28 14:41:05,056] {processor.py:171} INFO - Processing /opt/anaconda3/envs/airflow/lib/python3.7/site-packages/airflow/example_dags/tutorial_taskflow_api_etl.py took 0.324 seconds
[2022-02-28 14:41:40,433] {processor.py:163} INFO - Started process (PID=32899) to work on /opt/anaconda3/envs/airflow/lib/python3.7/site-packages/airflow/example_dags/tutorial_taskflow_api_etl.py
[2022-02-28 14:41:40,434] {processor.py:642} INFO - Processing file /opt/anaconda3/envs/airflow/lib/python3.7/site-packages/airflow/example_dags/tutorial_taskflow_api_etl.py for tasks to queue
[2022-02-28 14:41:40,436] {logging_mixin.py:109} INFO - [2022-02-28 14:41:40,435] {dagbag.py:500} INFO - Filling up the DagBag from /opt/anaconda3/envs/airflow/lib/python3.7/site-packages/airflow/example_dags/tutorial_taskflow_api_etl.py
[2022-02-28 14:41:40,475] {processor.py:654} INFO - DAG(s) dict_keys(['tutorial_taskflow_api_etl']) retrieved from /opt/anaconda3/envs/airflow/lib/python3.7/site-packages/airflow/example_dags/tutorial_taskflow_api_etl.py
[2022-02-28 14:41:40,786] {logging_mixin.py:109} INFO - [2022-02-28 14:41:40,786] {dag.py:2398} INFO - Sync 1 DAGs
[2022-02-28 14:41:40,800] {logging_mixin.py:109} INFO - [2022-02-28 14:41:40,800] {dag.py:2937} INFO - Setting next_dagrun for tutorial_taskflow_api_etl to None
[2022-02-28 14:41:40,811] {processor.py:171} INFO - Processing /opt/anaconda3/envs/airflow/lib/python3.7/site-packages/airflow/example_dags/tutorial_taskflow_api_etl.py took 0.384 seconds
[2022-02-28 14:42:16,641] {processor.py:163} INFO - Started process (PID=32938) to work on /opt/anaconda3/envs/airflow/lib/python3.7/site-packages/airflow/example_dags/tutorial_taskflow_api_etl.py
[2022-02-28 14:42:16,645] {processor.py:642} INFO - Processing file /opt/anaconda3/envs/airflow/lib/python3.7/site-packages/airflow/example_dags/tutorial_taskflow_api_etl.py for tasks to queue
[2022-02-28 14:42:16,647] {logging_mixin.py:109} INFO - [2022-02-28 14:42:16,646] {dagbag.py:500} INFO - Filling up the DagBag from /opt/anaconda3/envs/airflow/lib/python3.7/site-packages/airflow/example_dags/tutorial_taskflow_api_etl.py
[2022-02-28 14:42:16,708] {processor.py:654} INFO - DAG(s) dict_keys(['tutorial_taskflow_api_etl']) retrieved from /opt/anaconda3/envs/airflow/lib/python3.7/site-packages/airflow/example_dags/tutorial_taskflow_api_etl.py
[2022-02-28 14:42:17,845] {logging_mixin.py:109} INFO - [2022-02-28 14:42:17,845] {dag.py:2398} INFO - Sync 1 DAGs
[2022-02-28 14:42:17,869] {logging_mixin.py:109} INFO - [2022-02-28 14:42:17,869] {dag.py:2937} INFO - Setting next_dagrun for tutorial_taskflow_api_etl to None
[2022-02-28 14:42:17,896] {processor.py:171} INFO - Processing /opt/anaconda3/envs/airflow/lib/python3.7/site-packages/airflow/example_dags/tutorial_taskflow_api_etl.py took 1.263 seconds
[2022-02-28 14:42:55,872] {processor.py:163} INFO - Started process (PID=32985) to work on /opt/anaconda3/envs/airflow/lib/python3.7/site-packages/airflow/example_dags/tutorial_taskflow_api_etl.py
[2022-02-28 14:42:55,875] {processor.py:642} INFO - Processing file /opt/anaconda3/envs/airflow/lib/python3.7/site-packages/airflow/example_dags/tutorial_taskflow_api_etl.py for tasks to queue
[2022-02-28 14:42:55,876] {logging_mixin.py:109} INFO - [2022-02-28 14:42:55,876] {dagbag.py:500} INFO - Filling up the DagBag from /opt/anaconda3/envs/airflow/lib/python3.7/site-packages/airflow/example_dags/tutorial_taskflow_api_etl.py
[2022-02-28 14:42:55,910] {processor.py:654} INFO - DAG(s) dict_keys(['tutorial_taskflow_api_etl']) retrieved from /opt/anaconda3/envs/airflow/lib/python3.7/site-packages/airflow/example_dags/tutorial_taskflow_api_etl.py
[2022-02-28 14:42:56,173] {logging_mixin.py:109} INFO - [2022-02-28 14:42:56,172] {dag.py:2398} INFO - Sync 1 DAGs
[2022-02-28 14:42:56,185] {logging_mixin.py:109} INFO - [2022-02-28 14:42:56,185] {dag.py:2937} INFO - Setting next_dagrun for tutorial_taskflow_api_etl to None
[2022-02-28 14:42:56,197] {processor.py:171} INFO - Processing /opt/anaconda3/envs/airflow/lib/python3.7/site-packages/airflow/example_dags/tutorial_taskflow_api_etl.py took 0.329 seconds
[2022-02-28 14:43:28,875] {processor.py:163} INFO - Started process (PID=33016) to work on /opt/anaconda3/envs/airflow/lib/python3.7/site-packages/airflow/example_dags/tutorial_taskflow_api_etl.py
[2022-02-28 14:43:28,878] {processor.py:642} INFO - Processing file /opt/anaconda3/envs/airflow/lib/python3.7/site-packages/airflow/example_dags/tutorial_taskflow_api_etl.py for tasks to queue
[2022-02-28 14:43:28,879] {logging_mixin.py:109} INFO - [2022-02-28 14:43:28,879] {dagbag.py:500} INFO - Filling up the DagBag from /opt/anaconda3/envs/airflow/lib/python3.7/site-packages/airflow/example_dags/tutorial_taskflow_api_etl.py
[2022-02-28 14:43:28,917] {processor.py:654} INFO - DAG(s) dict_keys(['tutorial_taskflow_api_etl']) retrieved from /opt/anaconda3/envs/airflow/lib/python3.7/site-packages/airflow/example_dags/tutorial_taskflow_api_etl.py
[2022-02-28 14:43:29,193] {logging_mixin.py:109} INFO - [2022-02-28 14:43:29,193] {dag.py:2398} INFO - Sync 1 DAGs
[2022-02-28 14:43:29,208] {logging_mixin.py:109} INFO - [2022-02-28 14:43:29,207] {dag.py:2937} INFO - Setting next_dagrun for tutorial_taskflow_api_etl to None
[2022-02-28 14:43:29,219] {processor.py:171} INFO - Processing /opt/anaconda3/envs/airflow/lib/python3.7/site-packages/airflow/example_dags/tutorial_taskflow_api_etl.py took 0.349 seconds
[2022-02-28 14:44:13,210] {processor.py:163} INFO - Started process (PID=33074) to work on /opt/anaconda3/envs/airflow/lib/python3.7/site-packages/airflow/example_dags/tutorial_taskflow_api_etl.py
[2022-02-28 14:44:13,212] {processor.py:642} INFO - Processing file /opt/anaconda3/envs/airflow/lib/python3.7/site-packages/airflow/example_dags/tutorial_taskflow_api_etl.py for tasks to queue
[2022-02-28 14:44:13,214] {logging_mixin.py:109} INFO - [2022-02-28 14:44:13,213] {dagbag.py:500} INFO - Filling up the DagBag from /opt/anaconda3/envs/airflow/lib/python3.7/site-packages/airflow/example_dags/tutorial_taskflow_api_etl.py
[2022-02-28 14:44:13,264] {processor.py:654} INFO - DAG(s) dict_keys(['tutorial_taskflow_api_etl']) retrieved from /opt/anaconda3/envs/airflow/lib/python3.7/site-packages/airflow/example_dags/tutorial_taskflow_api_etl.py
[2022-02-28 14:44:13,902] {logging_mixin.py:109} INFO - [2022-02-28 14:44:13,901] {dag.py:2398} INFO - Sync 1 DAGs
[2022-02-28 14:44:13,922] {logging_mixin.py:109} INFO - [2022-02-28 14:44:13,921] {dag.py:2937} INFO - Setting next_dagrun for tutorial_taskflow_api_etl to None
[2022-02-28 14:44:13,951] {processor.py:171} INFO - Processing /opt/anaconda3/envs/airflow/lib/python3.7/site-packages/airflow/example_dags/tutorial_taskflow_api_etl.py took 0.745 seconds
[2022-02-28 14:44:52,685] {processor.py:163} INFO - Started process (PID=33113) to work on /opt/anaconda3/envs/airflow/lib/python3.7/site-packages/airflow/example_dags/tutorial_taskflow_api_etl.py
[2022-02-28 14:44:52,687] {processor.py:642} INFO - Processing file /opt/anaconda3/envs/airflow/lib/python3.7/site-packages/airflow/example_dags/tutorial_taskflow_api_etl.py for tasks to queue
[2022-02-28 14:44:52,688] {logging_mixin.py:109} INFO - [2022-02-28 14:44:52,687] {dagbag.py:500} INFO - Filling up the DagBag from /opt/anaconda3/envs/airflow/lib/python3.7/site-packages/airflow/example_dags/tutorial_taskflow_api_etl.py
[2022-02-28 14:44:52,721] {processor.py:654} INFO - DAG(s) dict_keys(['tutorial_taskflow_api_etl']) retrieved from /opt/anaconda3/envs/airflow/lib/python3.7/site-packages/airflow/example_dags/tutorial_taskflow_api_etl.py
[2022-02-28 14:44:52,982] {logging_mixin.py:109} INFO - [2022-02-28 14:44:52,981] {dag.py:2398} INFO - Sync 1 DAGs
[2022-02-28 14:44:52,994] {logging_mixin.py:109} INFO - [2022-02-28 14:44:52,993] {dag.py:2937} INFO - Setting next_dagrun for tutorial_taskflow_api_etl to None
[2022-02-28 14:44:53,004] {processor.py:171} INFO - Processing /opt/anaconda3/envs/airflow/lib/python3.7/site-packages/airflow/example_dags/tutorial_taskflow_api_etl.py took 0.323 seconds
[2022-02-28 14:45:38,214] {processor.py:163} INFO - Started process (PID=33186) to work on /opt/anaconda3/envs/airflow/lib/python3.7/site-packages/airflow/example_dags/tutorial_taskflow_api_etl.py
[2022-02-28 14:45:38,216] {processor.py:642} INFO - Processing file /opt/anaconda3/envs/airflow/lib/python3.7/site-packages/airflow/example_dags/tutorial_taskflow_api_etl.py for tasks to queue
[2022-02-28 14:45:38,217] {logging_mixin.py:109} INFO - [2022-02-28 14:45:38,217] {dagbag.py:500} INFO - Filling up the DagBag from /opt/anaconda3/envs/airflow/lib/python3.7/site-packages/airflow/example_dags/tutorial_taskflow_api_etl.py
[2022-02-28 14:45:38,262] {processor.py:654} INFO - DAG(s) dict_keys(['tutorial_taskflow_api_etl']) retrieved from /opt/anaconda3/envs/airflow/lib/python3.7/site-packages/airflow/example_dags/tutorial_taskflow_api_etl.py
[2022-02-28 14:45:38,582] {logging_mixin.py:109} INFO - [2022-02-28 14:45:38,582] {dag.py:2398} INFO - Sync 1 DAGs
[2022-02-28 14:45:38,597] {logging_mixin.py:109} INFO - [2022-02-28 14:45:38,597] {dag.py:2937} INFO - Setting next_dagrun for tutorial_taskflow_api_etl to None
[2022-02-28 14:45:38,609] {processor.py:171} INFO - Processing /opt/anaconda3/envs/airflow/lib/python3.7/site-packages/airflow/example_dags/tutorial_taskflow_api_etl.py took 0.401 seconds
[2022-02-28 14:46:14,428] {processor.py:163} INFO - Started process (PID=33227) to work on /opt/anaconda3/envs/airflow/lib/python3.7/site-packages/airflow/example_dags/tutorial_taskflow_api_etl.py
[2022-02-28 14:46:14,430] {processor.py:642} INFO - Processing file /opt/anaconda3/envs/airflow/lib/python3.7/site-packages/airflow/example_dags/tutorial_taskflow_api_etl.py for tasks to queue
[2022-02-28 14:46:14,431] {logging_mixin.py:109} INFO - [2022-02-28 14:46:14,431] {dagbag.py:500} INFO - Filling up the DagBag from /opt/anaconda3/envs/airflow/lib/python3.7/site-packages/airflow/example_dags/tutorial_taskflow_api_etl.py
[2022-02-28 14:46:14,468] {processor.py:654} INFO - DAG(s) dict_keys(['tutorial_taskflow_api_etl']) retrieved from /opt/anaconda3/envs/airflow/lib/python3.7/site-packages/airflow/example_dags/tutorial_taskflow_api_etl.py
[2022-02-28 14:46:14,732] {logging_mixin.py:109} INFO - [2022-02-28 14:46:14,732] {dag.py:2398} INFO - Sync 1 DAGs
[2022-02-28 14:46:14,744] {logging_mixin.py:109} INFO - [2022-02-28 14:46:14,744] {dag.py:2937} INFO - Setting next_dagrun for tutorial_taskflow_api_etl to None
[2022-02-28 14:46:14,754] {processor.py:171} INFO - Processing /opt/anaconda3/envs/airflow/lib/python3.7/site-packages/airflow/example_dags/tutorial_taskflow_api_etl.py took 0.330 seconds
[2022-02-28 14:46:54,063] {processor.py:163} INFO - Started process (PID=33264) to work on /opt/anaconda3/envs/airflow/lib/python3.7/site-packages/airflow/example_dags/tutorial_taskflow_api_etl.py
[2022-02-28 14:46:54,066] {processor.py:642} INFO - Processing file /opt/anaconda3/envs/airflow/lib/python3.7/site-packages/airflow/example_dags/tutorial_taskflow_api_etl.py for tasks to queue
[2022-02-28 14:46:54,067] {logging_mixin.py:109} INFO - [2022-02-28 14:46:54,067] {dagbag.py:500} INFO - Filling up the DagBag from /opt/anaconda3/envs/airflow/lib/python3.7/site-packages/airflow/example_dags/tutorial_taskflow_api_etl.py
[2022-02-28 14:46:54,105] {processor.py:654} INFO - DAG(s) dict_keys(['tutorial_taskflow_api_etl']) retrieved from /opt/anaconda3/envs/airflow/lib/python3.7/site-packages/airflow/example_dags/tutorial_taskflow_api_etl.py
[2022-02-28 14:46:54,368] {logging_mixin.py:109} INFO - [2022-02-28 14:46:54,368] {dag.py:2398} INFO - Sync 1 DAGs
[2022-02-28 14:46:54,381] {logging_mixin.py:109} INFO - [2022-02-28 14:46:54,381] {dag.py:2937} INFO - Setting next_dagrun for tutorial_taskflow_api_etl to None
[2022-02-28 14:46:54,393] {processor.py:171} INFO - Processing /opt/anaconda3/envs/airflow/lib/python3.7/site-packages/airflow/example_dags/tutorial_taskflow_api_etl.py took 0.335 seconds
[2022-02-28 14:47:33,587] {processor.py:163} INFO - Started process (PID=33302) to work on /opt/anaconda3/envs/airflow/lib/python3.7/site-packages/airflow/example_dags/tutorial_taskflow_api_etl.py
[2022-02-28 14:47:33,588] {processor.py:642} INFO - Processing file /opt/anaconda3/envs/airflow/lib/python3.7/site-packages/airflow/example_dags/tutorial_taskflow_api_etl.py for tasks to queue
[2022-02-28 14:47:33,589] {logging_mixin.py:109} INFO - [2022-02-28 14:47:33,589] {dagbag.py:500} INFO - Filling up the DagBag from /opt/anaconda3/envs/airflow/lib/python3.7/site-packages/airflow/example_dags/tutorial_taskflow_api_etl.py
[2022-02-28 14:47:33,627] {processor.py:654} INFO - DAG(s) dict_keys(['tutorial_taskflow_api_etl']) retrieved from /opt/anaconda3/envs/airflow/lib/python3.7/site-packages/airflow/example_dags/tutorial_taskflow_api_etl.py
[2022-02-28 14:47:33,880] {logging_mixin.py:109} INFO - [2022-02-28 14:47:33,879] {dag.py:2398} INFO - Sync 1 DAGs
[2022-02-28 14:47:33,893] {logging_mixin.py:109} INFO - [2022-02-28 14:47:33,892] {dag.py:2937} INFO - Setting next_dagrun for tutorial_taskflow_api_etl to None
[2022-02-28 14:47:33,905] {processor.py:171} INFO - Processing /opt/anaconda3/envs/airflow/lib/python3.7/site-packages/airflow/example_dags/tutorial_taskflow_api_etl.py took 0.323 seconds
[2022-02-28 14:48:13,508] {processor.py:163} INFO - Started process (PID=33341) to work on /opt/anaconda3/envs/airflow/lib/python3.7/site-packages/airflow/example_dags/tutorial_taskflow_api_etl.py
[2022-02-28 14:48:13,509] {processor.py:642} INFO - Processing file /opt/anaconda3/envs/airflow/lib/python3.7/site-packages/airflow/example_dags/tutorial_taskflow_api_etl.py for tasks to queue
[2022-02-28 14:48:13,510] {logging_mixin.py:109} INFO - [2022-02-28 14:48:13,510] {dagbag.py:500} INFO - Filling up the DagBag from /opt/anaconda3/envs/airflow/lib/python3.7/site-packages/airflow/example_dags/tutorial_taskflow_api_etl.py
[2022-02-28 14:48:13,545] {processor.py:654} INFO - DAG(s) dict_keys(['tutorial_taskflow_api_etl']) retrieved from /opt/anaconda3/envs/airflow/lib/python3.7/site-packages/airflow/example_dags/tutorial_taskflow_api_etl.py
[2022-02-28 14:48:13,797] {logging_mixin.py:109} INFO - [2022-02-28 14:48:13,797] {dag.py:2398} INFO - Sync 1 DAGs
[2022-02-28 14:48:13,809] {logging_mixin.py:109} INFO - [2022-02-28 14:48:13,809] {dag.py:2937} INFO - Setting next_dagrun for tutorial_taskflow_api_etl to None
[2022-02-28 14:48:13,821] {processor.py:171} INFO - Processing /opt/anaconda3/envs/airflow/lib/python3.7/site-packages/airflow/example_dags/tutorial_taskflow_api_etl.py took 0.317 seconds
[2022-02-28 14:48:48,159] {processor.py:163} INFO - Started process (PID=33375) to work on /opt/anaconda3/envs/airflow/lib/python3.7/site-packages/airflow/example_dags/tutorial_taskflow_api_etl.py
[2022-02-28 14:48:48,161] {processor.py:642} INFO - Processing file /opt/anaconda3/envs/airflow/lib/python3.7/site-packages/airflow/example_dags/tutorial_taskflow_api_etl.py for tasks to queue
[2022-02-28 14:48:48,163] {logging_mixin.py:109} INFO - [2022-02-28 14:48:48,162] {dagbag.py:500} INFO - Filling up the DagBag from /opt/anaconda3/envs/airflow/lib/python3.7/site-packages/airflow/example_dags/tutorial_taskflow_api_etl.py
[2022-02-28 14:48:48,200] {processor.py:654} INFO - DAG(s) dict_keys(['tutorial_taskflow_api_etl']) retrieved from /opt/anaconda3/envs/airflow/lib/python3.7/site-packages/airflow/example_dags/tutorial_taskflow_api_etl.py
[2022-02-28 14:48:48,456] {logging_mixin.py:109} INFO - [2022-02-28 14:48:48,456] {dag.py:2398} INFO - Sync 1 DAGs
[2022-02-28 14:48:48,469] {logging_mixin.py:109} INFO - [2022-02-28 14:48:48,469] {dag.py:2937} INFO - Setting next_dagrun for tutorial_taskflow_api_etl to None
[2022-02-28 14:48:48,481] {processor.py:171} INFO - Processing /opt/anaconda3/envs/airflow/lib/python3.7/site-packages/airflow/example_dags/tutorial_taskflow_api_etl.py took 0.326 seconds
[2022-02-28 14:49:28,746] {processor.py:163} INFO - Started process (PID=33413) to work on /opt/anaconda3/envs/airflow/lib/python3.7/site-packages/airflow/example_dags/tutorial_taskflow_api_etl.py
[2022-02-28 14:49:28,749] {processor.py:642} INFO - Processing file /opt/anaconda3/envs/airflow/lib/python3.7/site-packages/airflow/example_dags/tutorial_taskflow_api_etl.py for tasks to queue
[2022-02-28 14:49:28,751] {logging_mixin.py:109} INFO - [2022-02-28 14:49:28,750] {dagbag.py:500} INFO - Filling up the DagBag from /opt/anaconda3/envs/airflow/lib/python3.7/site-packages/airflow/example_dags/tutorial_taskflow_api_etl.py
[2022-02-28 14:49:28,788] {processor.py:654} INFO - DAG(s) dict_keys(['tutorial_taskflow_api_etl']) retrieved from /opt/anaconda3/envs/airflow/lib/python3.7/site-packages/airflow/example_dags/tutorial_taskflow_api_etl.py
[2022-02-28 14:49:29,074] {logging_mixin.py:109} INFO - [2022-02-28 14:49:29,073] {dag.py:2398} INFO - Sync 1 DAGs
[2022-02-28 14:49:29,088] {logging_mixin.py:109} INFO - [2022-02-28 14:49:29,088] {dag.py:2937} INFO - Setting next_dagrun for tutorial_taskflow_api_etl to None
[2022-02-28 14:49:29,101] {processor.py:171} INFO - Processing /opt/anaconda3/envs/airflow/lib/python3.7/site-packages/airflow/example_dags/tutorial_taskflow_api_etl.py took 0.359 seconds
[2022-02-28 14:50:07,983] {processor.py:163} INFO - Started process (PID=33452) to work on /opt/anaconda3/envs/airflow/lib/python3.7/site-packages/airflow/example_dags/tutorial_taskflow_api_etl.py
[2022-02-28 14:50:07,986] {processor.py:642} INFO - Processing file /opt/anaconda3/envs/airflow/lib/python3.7/site-packages/airflow/example_dags/tutorial_taskflow_api_etl.py for tasks to queue
[2022-02-28 14:50:07,987] {logging_mixin.py:109} INFO - [2022-02-28 14:50:07,987] {dagbag.py:500} INFO - Filling up the DagBag from /opt/anaconda3/envs/airflow/lib/python3.7/site-packages/airflow/example_dags/tutorial_taskflow_api_etl.py
[2022-02-28 14:50:08,025] {processor.py:654} INFO - DAG(s) dict_keys(['tutorial_taskflow_api_etl']) retrieved from /opt/anaconda3/envs/airflow/lib/python3.7/site-packages/airflow/example_dags/tutorial_taskflow_api_etl.py
[2022-02-28 14:50:08,287] {logging_mixin.py:109} INFO - [2022-02-28 14:50:08,287] {dag.py:2398} INFO - Sync 1 DAGs
[2022-02-28 14:50:08,301] {logging_mixin.py:109} INFO - [2022-02-28 14:50:08,301] {dag.py:2937} INFO - Setting next_dagrun for tutorial_taskflow_api_etl to None
[2022-02-28 14:50:08,311] {processor.py:171} INFO - Processing /opt/anaconda3/envs/airflow/lib/python3.7/site-packages/airflow/example_dags/tutorial_taskflow_api_etl.py took 0.333 seconds
[2022-02-28 14:50:52,428] {processor.py:163} INFO - Started process (PID=33522) to work on /opt/anaconda3/envs/airflow/lib/python3.7/site-packages/airflow/example_dags/tutorial_taskflow_api_etl.py
[2022-02-28 14:50:52,431] {processor.py:642} INFO - Processing file /opt/anaconda3/envs/airflow/lib/python3.7/site-packages/airflow/example_dags/tutorial_taskflow_api_etl.py for tasks to queue
[2022-02-28 14:50:52,433] {logging_mixin.py:109} INFO - [2022-02-28 14:50:52,433] {dagbag.py:500} INFO - Filling up the DagBag from /opt/anaconda3/envs/airflow/lib/python3.7/site-packages/airflow/example_dags/tutorial_taskflow_api_etl.py
[2022-02-28 14:50:52,493] {processor.py:654} INFO - DAG(s) dict_keys(['tutorial_taskflow_api_etl']) retrieved from /opt/anaconda3/envs/airflow/lib/python3.7/site-packages/airflow/example_dags/tutorial_taskflow_api_etl.py
[2022-02-28 14:50:53,428] {logging_mixin.py:109} INFO - [2022-02-28 14:50:53,428] {dag.py:2398} INFO - Sync 1 DAGs
[2022-02-28 14:50:53,449] {logging_mixin.py:109} INFO - [2022-02-28 14:50:53,449] {dag.py:2937} INFO - Setting next_dagrun for tutorial_taskflow_api_etl to None
[2022-02-28 14:50:53,471] {processor.py:171} INFO - Processing /opt/anaconda3/envs/airflow/lib/python3.7/site-packages/airflow/example_dags/tutorial_taskflow_api_etl.py took 1.048 seconds
[2022-02-28 14:51:34,766] {processor.py:163} INFO - Started process (PID=33576) to work on /opt/anaconda3/envs/airflow/lib/python3.7/site-packages/airflow/example_dags/tutorial_taskflow_api_etl.py
[2022-02-28 14:51:34,770] {processor.py:642} INFO - Processing file /opt/anaconda3/envs/airflow/lib/python3.7/site-packages/airflow/example_dags/tutorial_taskflow_api_etl.py for tasks to queue
[2022-02-28 14:51:34,771] {logging_mixin.py:109} INFO - [2022-02-28 14:51:34,771] {dagbag.py:500} INFO - Filling up the DagBag from /opt/anaconda3/envs/airflow/lib/python3.7/site-packages/airflow/example_dags/tutorial_taskflow_api_etl.py
[2022-02-28 14:51:34,808] {processor.py:654} INFO - DAG(s) dict_keys(['tutorial_taskflow_api_etl']) retrieved from /opt/anaconda3/envs/airflow/lib/python3.7/site-packages/airflow/example_dags/tutorial_taskflow_api_etl.py
[2022-02-28 14:51:35,078] {logging_mixin.py:109} INFO - [2022-02-28 14:51:35,078] {dag.py:2398} INFO - Sync 1 DAGs
[2022-02-28 14:51:35,091] {logging_mixin.py:109} INFO - [2022-02-28 14:51:35,091] {dag.py:2937} INFO - Setting next_dagrun for tutorial_taskflow_api_etl to None
[2022-02-28 14:51:35,104] {processor.py:171} INFO - Processing /opt/anaconda3/envs/airflow/lib/python3.7/site-packages/airflow/example_dags/tutorial_taskflow_api_etl.py took 0.341 seconds
[2022-02-28 14:52:12,473] {processor.py:163} INFO - Started process (PID=33611) to work on /opt/anaconda3/envs/airflow/lib/python3.7/site-packages/airflow/example_dags/tutorial_taskflow_api_etl.py
[2022-02-28 14:52:12,475] {processor.py:642} INFO - Processing file /opt/anaconda3/envs/airflow/lib/python3.7/site-packages/airflow/example_dags/tutorial_taskflow_api_etl.py for tasks to queue
[2022-02-28 14:52:12,476] {logging_mixin.py:109} INFO - [2022-02-28 14:52:12,476] {dagbag.py:500} INFO - Filling up the DagBag from /opt/anaconda3/envs/airflow/lib/python3.7/site-packages/airflow/example_dags/tutorial_taskflow_api_etl.py
[2022-02-28 14:52:12,513] {processor.py:654} INFO - DAG(s) dict_keys(['tutorial_taskflow_api_etl']) retrieved from /opt/anaconda3/envs/airflow/lib/python3.7/site-packages/airflow/example_dags/tutorial_taskflow_api_etl.py
[2022-02-28 14:52:12,768] {logging_mixin.py:109} INFO - [2022-02-28 14:52:12,767] {dag.py:2398} INFO - Sync 1 DAGs
[2022-02-28 14:52:12,783] {logging_mixin.py:109} INFO - [2022-02-28 14:52:12,783] {dag.py:2937} INFO - Setting next_dagrun for tutorial_taskflow_api_etl to None
[2022-02-28 14:52:12,795] {processor.py:171} INFO - Processing /opt/anaconda3/envs/airflow/lib/python3.7/site-packages/airflow/example_dags/tutorial_taskflow_api_etl.py took 0.327 seconds
[2022-02-28 14:52:51,086] {processor.py:163} INFO - Started process (PID=33649) to work on /opt/anaconda3/envs/airflow/lib/python3.7/site-packages/airflow/example_dags/tutorial_taskflow_api_etl.py
[2022-02-28 14:52:51,089] {processor.py:642} INFO - Processing file /opt/anaconda3/envs/airflow/lib/python3.7/site-packages/airflow/example_dags/tutorial_taskflow_api_etl.py for tasks to queue
[2022-02-28 14:52:51,092] {logging_mixin.py:109} INFO - [2022-02-28 14:52:51,092] {dagbag.py:500} INFO - Filling up the DagBag from /opt/anaconda3/envs/airflow/lib/python3.7/site-packages/airflow/example_dags/tutorial_taskflow_api_etl.py
[2022-02-28 14:52:51,136] {processor.py:654} INFO - DAG(s) dict_keys(['tutorial_taskflow_api_etl']) retrieved from /opt/anaconda3/envs/airflow/lib/python3.7/site-packages/airflow/example_dags/tutorial_taskflow_api_etl.py
[2022-02-28 14:52:51,610] {logging_mixin.py:109} INFO - [2022-02-28 14:52:51,607] {dag.py:2398} INFO - Sync 1 DAGs
[2022-02-28 14:52:51,729] {logging_mixin.py:109} INFO - [2022-02-28 14:52:51,728] {dag.py:2937} INFO - Setting next_dagrun for tutorial_taskflow_api_etl to None
[2022-02-28 14:52:51,742] {processor.py:171} INFO - Processing /opt/anaconda3/envs/airflow/lib/python3.7/site-packages/airflow/example_dags/tutorial_taskflow_api_etl.py took 0.660 seconds
[2022-02-28 14:53:33,598] {processor.py:163} INFO - Started process (PID=33715) to work on /opt/anaconda3/envs/airflow/lib/python3.7/site-packages/airflow/example_dags/tutorial_taskflow_api_etl.py
[2022-02-28 14:53:33,601] {processor.py:642} INFO - Processing file /opt/anaconda3/envs/airflow/lib/python3.7/site-packages/airflow/example_dags/tutorial_taskflow_api_etl.py for tasks to queue
[2022-02-28 14:53:33,603] {logging_mixin.py:109} INFO - [2022-02-28 14:53:33,602] {dagbag.py:500} INFO - Filling up the DagBag from /opt/anaconda3/envs/airflow/lib/python3.7/site-packages/airflow/example_dags/tutorial_taskflow_api_etl.py
[2022-02-28 14:53:33,637] {processor.py:654} INFO - DAG(s) dict_keys(['tutorial_taskflow_api_etl']) retrieved from /opt/anaconda3/envs/airflow/lib/python3.7/site-packages/airflow/example_dags/tutorial_taskflow_api_etl.py
[2022-02-28 14:53:34,064] {logging_mixin.py:109} INFO - [2022-02-28 14:53:34,063] {dag.py:2398} INFO - Sync 1 DAGs
[2022-02-28 14:53:34,161] {logging_mixin.py:109} INFO - [2022-02-28 14:53:34,160] {dag.py:2937} INFO - Setting next_dagrun for tutorial_taskflow_api_etl to None
[2022-02-28 14:53:34,173] {processor.py:171} INFO - Processing /opt/anaconda3/envs/airflow/lib/python3.7/site-packages/airflow/example_dags/tutorial_taskflow_api_etl.py took 0.580 seconds
[2022-02-28 14:54:10,512] {processor.py:163} INFO - Started process (PID=33799) to work on /opt/anaconda3/envs/airflow/lib/python3.7/site-packages/airflow/example_dags/tutorial_taskflow_api_etl.py
[2022-02-28 14:54:10,514] {processor.py:642} INFO - Processing file /opt/anaconda3/envs/airflow/lib/python3.7/site-packages/airflow/example_dags/tutorial_taskflow_api_etl.py for tasks to queue
[2022-02-28 14:54:10,515] {logging_mixin.py:109} INFO - [2022-02-28 14:54:10,515] {dagbag.py:500} INFO - Filling up the DagBag from /opt/anaconda3/envs/airflow/lib/python3.7/site-packages/airflow/example_dags/tutorial_taskflow_api_etl.py
[2022-02-28 14:54:10,553] {processor.py:654} INFO - DAG(s) dict_keys(['tutorial_taskflow_api_etl']) retrieved from /opt/anaconda3/envs/airflow/lib/python3.7/site-packages/airflow/example_dags/tutorial_taskflow_api_etl.py
[2022-02-28 14:54:10,842] {logging_mixin.py:109} INFO - [2022-02-28 14:54:10,841] {dag.py:2398} INFO - Sync 1 DAGs
[2022-02-28 14:54:10,944] {logging_mixin.py:109} INFO - [2022-02-28 14:54:10,944] {dag.py:2937} INFO - Setting next_dagrun for tutorial_taskflow_api_etl to None
[2022-02-28 14:54:10,956] {processor.py:171} INFO - Processing /opt/anaconda3/envs/airflow/lib/python3.7/site-packages/airflow/example_dags/tutorial_taskflow_api_etl.py took 0.448 seconds
[2022-02-28 14:54:33,663] {processor.py:163} INFO - Started process (PID=33873) to work on /opt/anaconda3/envs/airflow/lib/python3.7/site-packages/airflow/example_dags/tutorial_taskflow_api_etl.py
[2022-02-28 14:54:33,665] {processor.py:642} INFO - Processing file /opt/anaconda3/envs/airflow/lib/python3.7/site-packages/airflow/example_dags/tutorial_taskflow_api_etl.py for tasks to queue
[2022-02-28 14:54:33,666] {logging_mixin.py:109} INFO - [2022-02-28 14:54:33,666] {dagbag.py:500} INFO - Filling up the DagBag from /opt/anaconda3/envs/airflow/lib/python3.7/site-packages/airflow/example_dags/tutorial_taskflow_api_etl.py
[2022-02-28 14:54:33,713] {processor.py:654} INFO - DAG(s) dict_keys(['tutorial_taskflow_api_etl']) retrieved from /opt/anaconda3/envs/airflow/lib/python3.7/site-packages/airflow/example_dags/tutorial_taskflow_api_etl.py
[2022-02-28 14:54:33,719] {logging_mixin.py:109} INFO - [2022-02-28 14:54:33,719] {dag.py:2398} INFO - Sync 1 DAGs
[2022-02-28 14:54:33,738] {logging_mixin.py:109} INFO - [2022-02-28 14:54:33,738] {dag.py:2937} INFO - Setting next_dagrun for tutorial_taskflow_api_etl to None
[2022-02-28 14:54:33,750] {processor.py:171} INFO - Processing /opt/anaconda3/envs/airflow/lib/python3.7/site-packages/airflow/example_dags/tutorial_taskflow_api_etl.py took 0.092 seconds
[2022-02-28 14:55:10,201] {processor.py:163} INFO - Started process (PID=33941) to work on /opt/anaconda3/envs/airflow/lib/python3.7/site-packages/airflow/example_dags/tutorial_taskflow_api_etl.py
[2022-02-28 14:55:10,204] {processor.py:642} INFO - Processing file /opt/anaconda3/envs/airflow/lib/python3.7/site-packages/airflow/example_dags/tutorial_taskflow_api_etl.py for tasks to queue
[2022-02-28 14:55:10,205] {logging_mixin.py:109} INFO - [2022-02-28 14:55:10,205] {dagbag.py:500} INFO - Filling up the DagBag from /opt/anaconda3/envs/airflow/lib/python3.7/site-packages/airflow/example_dags/tutorial_taskflow_api_etl.py
[2022-02-28 14:55:10,240] {processor.py:654} INFO - DAG(s) dict_keys(['tutorial_taskflow_api_etl']) retrieved from /opt/anaconda3/envs/airflow/lib/python3.7/site-packages/airflow/example_dags/tutorial_taskflow_api_etl.py
[2022-02-28 14:55:10,580] {logging_mixin.py:109} INFO - [2022-02-28 14:55:10,580] {dag.py:2398} INFO - Sync 1 DAGs
[2022-02-28 14:55:10,592] {logging_mixin.py:109} INFO - [2022-02-28 14:55:10,592] {dag.py:2937} INFO - Setting next_dagrun for tutorial_taskflow_api_etl to None
[2022-02-28 14:55:10,602] {processor.py:171} INFO - Processing /opt/anaconda3/envs/airflow/lib/python3.7/site-packages/airflow/example_dags/tutorial_taskflow_api_etl.py took 0.405 seconds
[2022-02-28 14:56:24,661] {processor.py:163} INFO - Started process (PID=34066) to work on /opt/anaconda3/envs/airflow/lib/python3.7/site-packages/airflow/example_dags/tutorial_taskflow_api_etl.py
[2022-02-28 14:56:24,663] {processor.py:642} INFO - Processing file /opt/anaconda3/envs/airflow/lib/python3.7/site-packages/airflow/example_dags/tutorial_taskflow_api_etl.py for tasks to queue
[2022-02-28 14:56:24,666] {logging_mixin.py:109} INFO - [2022-02-28 14:56:24,665] {dagbag.py:500} INFO - Filling up the DagBag from /opt/anaconda3/envs/airflow/lib/python3.7/site-packages/airflow/example_dags/tutorial_taskflow_api_etl.py
[2022-02-28 14:56:24,716] {processor.py:654} INFO - DAG(s) dict_keys(['tutorial_taskflow_api_etl']) retrieved from /opt/anaconda3/envs/airflow/lib/python3.7/site-packages/airflow/example_dags/tutorial_taskflow_api_etl.py
[2022-02-28 14:56:25,131] {logging_mixin.py:109} INFO - [2022-02-28 14:56:25,130] {dag.py:2398} INFO - Sync 1 DAGs
[2022-02-28 14:56:25,144] {logging_mixin.py:109} INFO - [2022-02-28 14:56:25,143] {dag.py:2937} INFO - Setting next_dagrun for tutorial_taskflow_api_etl to None
[2022-02-28 14:56:25,154] {processor.py:171} INFO - Processing /opt/anaconda3/envs/airflow/lib/python3.7/site-packages/airflow/example_dags/tutorial_taskflow_api_etl.py took 0.509 seconds
[2022-02-28 14:56:58,304] {processor.py:163} INFO - Started process (PID=34148) to work on /opt/anaconda3/envs/airflow/lib/python3.7/site-packages/airflow/example_dags/tutorial_taskflow_api_etl.py
[2022-02-28 14:56:58,308] {processor.py:642} INFO - Processing file /opt/anaconda3/envs/airflow/lib/python3.7/site-packages/airflow/example_dags/tutorial_taskflow_api_etl.py for tasks to queue
[2022-02-28 14:56:58,311] {logging_mixin.py:109} INFO - [2022-02-28 14:56:58,310] {dagbag.py:500} INFO - Filling up the DagBag from /opt/anaconda3/envs/airflow/lib/python3.7/site-packages/airflow/example_dags/tutorial_taskflow_api_etl.py
[2022-02-28 14:56:58,396] {processor.py:654} INFO - DAG(s) dict_keys(['tutorial_taskflow_api_etl']) retrieved from /opt/anaconda3/envs/airflow/lib/python3.7/site-packages/airflow/example_dags/tutorial_taskflow_api_etl.py
[2022-02-28 14:56:58,982] {logging_mixin.py:109} INFO - [2022-02-28 14:56:58,981] {dag.py:2398} INFO - Sync 1 DAGs
[2022-02-28 14:56:58,994] {logging_mixin.py:109} INFO - [2022-02-28 14:56:58,994] {dag.py:2937} INFO - Setting next_dagrun for tutorial_taskflow_api_etl to None
[2022-02-28 14:56:59,004] {processor.py:171} INFO - Processing /opt/anaconda3/envs/airflow/lib/python3.7/site-packages/airflow/example_dags/tutorial_taskflow_api_etl.py took 0.708 seconds
[2022-02-28 15:00:02,848] {processor.py:163} INFO - Started process (PID=34529) to work on /opt/anaconda3/envs/airflow/lib/python3.7/site-packages/airflow/example_dags/tutorial_taskflow_api_etl.py
[2022-02-28 15:00:02,851] {processor.py:642} INFO - Processing file /opt/anaconda3/envs/airflow/lib/python3.7/site-packages/airflow/example_dags/tutorial_taskflow_api_etl.py for tasks to queue
[2022-02-28 15:00:02,853] {logging_mixin.py:109} INFO - [2022-02-28 15:00:02,853] {dagbag.py:500} INFO - Filling up the DagBag from /opt/anaconda3/envs/airflow/lib/python3.7/site-packages/airflow/example_dags/tutorial_taskflow_api_etl.py
[2022-02-28 15:00:02,906] {processor.py:654} INFO - DAG(s) dict_keys(['tutorial_taskflow_api_etl']) retrieved from /opt/anaconda3/envs/airflow/lib/python3.7/site-packages/airflow/example_dags/tutorial_taskflow_api_etl.py
[2022-02-28 15:00:03,290] {logging_mixin.py:109} INFO - [2022-02-28 15:00:03,289] {dag.py:2398} INFO - Sync 1 DAGs
[2022-02-28 15:00:03,302] {logging_mixin.py:109} INFO - [2022-02-28 15:00:03,301] {dag.py:2937} INFO - Setting next_dagrun for tutorial_taskflow_api_etl to None
[2022-02-28 15:00:03,312] {processor.py:171} INFO - Processing /opt/anaconda3/envs/airflow/lib/python3.7/site-packages/airflow/example_dags/tutorial_taskflow_api_etl.py took 0.469 seconds
[2022-02-28 15:03:12,783] {processor.py:163} INFO - Started process (PID=34714) to work on /opt/anaconda3/envs/airflow/lib/python3.7/site-packages/airflow/example_dags/tutorial_taskflow_api_etl.py
[2022-02-28 15:03:12,787] {processor.py:642} INFO - Processing file /opt/anaconda3/envs/airflow/lib/python3.7/site-packages/airflow/example_dags/tutorial_taskflow_api_etl.py for tasks to queue
[2022-02-28 15:03:12,791] {logging_mixin.py:109} INFO - [2022-02-28 15:03:12,791] {dagbag.py:500} INFO - Filling up the DagBag from /opt/anaconda3/envs/airflow/lib/python3.7/site-packages/airflow/example_dags/tutorial_taskflow_api_etl.py
[2022-02-28 15:03:12,851] {processor.py:654} INFO - DAG(s) dict_keys(['tutorial_taskflow_api_etl']) retrieved from /opt/anaconda3/envs/airflow/lib/python3.7/site-packages/airflow/example_dags/tutorial_taskflow_api_etl.py
[2022-02-28 15:03:13,285] {logging_mixin.py:109} INFO - [2022-02-28 15:03:13,284] {dag.py:2398} INFO - Sync 1 DAGs
[2022-02-28 15:03:13,300] {logging_mixin.py:109} INFO - [2022-02-28 15:03:13,299] {dag.py:2937} INFO - Setting next_dagrun for tutorial_taskflow_api_etl to None
[2022-02-28 15:03:13,311] {processor.py:171} INFO - Processing /opt/anaconda3/envs/airflow/lib/python3.7/site-packages/airflow/example_dags/tutorial_taskflow_api_etl.py took 0.534 seconds
[2022-02-28 15:05:56,920] {processor.py:163} INFO - Started process (PID=35036) to work on /opt/anaconda3/envs/airflow/lib/python3.7/site-packages/airflow/example_dags/tutorial_taskflow_api_etl.py
[2022-02-28 15:05:56,923] {processor.py:642} INFO - Processing file /opt/anaconda3/envs/airflow/lib/python3.7/site-packages/airflow/example_dags/tutorial_taskflow_api_etl.py for tasks to queue
[2022-02-28 15:05:56,924] {logging_mixin.py:109} INFO - [2022-02-28 15:05:56,924] {dagbag.py:500} INFO - Filling up the DagBag from /opt/anaconda3/envs/airflow/lib/python3.7/site-packages/airflow/example_dags/tutorial_taskflow_api_etl.py
[2022-02-28 15:05:56,966] {processor.py:654} INFO - DAG(s) dict_keys(['tutorial_taskflow_api_etl']) retrieved from /opt/anaconda3/envs/airflow/lib/python3.7/site-packages/airflow/example_dags/tutorial_taskflow_api_etl.py
[2022-02-28 15:05:57,473] {logging_mixin.py:109} INFO - [2022-02-28 15:05:57,472] {dag.py:2398} INFO - Sync 1 DAGs
[2022-02-28 15:05:57,489] {logging_mixin.py:109} INFO - [2022-02-28 15:05:57,489] {dag.py:2937} INFO - Setting next_dagrun for tutorial_taskflow_api_etl to None
[2022-02-28 15:05:57,505] {processor.py:171} INFO - Processing /opt/anaconda3/envs/airflow/lib/python3.7/site-packages/airflow/example_dags/tutorial_taskflow_api_etl.py took 0.589 seconds
[2022-02-28 15:06:33,515] {processor.py:163} INFO - Started process (PID=35074) to work on /opt/anaconda3/envs/airflow/lib/python3.7/site-packages/airflow/example_dags/tutorial_taskflow_api_etl.py
[2022-02-28 15:06:33,518] {processor.py:642} INFO - Processing file /opt/anaconda3/envs/airflow/lib/python3.7/site-packages/airflow/example_dags/tutorial_taskflow_api_etl.py for tasks to queue
[2022-02-28 15:06:33,519] {logging_mixin.py:109} INFO - [2022-02-28 15:06:33,519] {dagbag.py:500} INFO - Filling up the DagBag from /opt/anaconda3/envs/airflow/lib/python3.7/site-packages/airflow/example_dags/tutorial_taskflow_api_etl.py
[2022-02-28 15:06:33,555] {processor.py:654} INFO - DAG(s) dict_keys(['tutorial_taskflow_api_etl']) retrieved from /opt/anaconda3/envs/airflow/lib/python3.7/site-packages/airflow/example_dags/tutorial_taskflow_api_etl.py
[2022-02-28 15:06:33,965] {logging_mixin.py:109} INFO - [2022-02-28 15:06:33,964] {dag.py:2398} INFO - Sync 1 DAGs
[2022-02-28 15:06:33,979] {logging_mixin.py:109} INFO - [2022-02-28 15:06:33,979] {dag.py:2937} INFO - Setting next_dagrun for tutorial_taskflow_api_etl to None
[2022-02-28 15:06:33,989] {processor.py:171} INFO - Processing /opt/anaconda3/envs/airflow/lib/python3.7/site-packages/airflow/example_dags/tutorial_taskflow_api_etl.py took 0.477 seconds
[2022-02-28 15:07:28,115] {processor.py:163} INFO - Started process (PID=35220) to work on /opt/anaconda3/envs/airflow/lib/python3.7/site-packages/airflow/example_dags/tutorial_taskflow_api_etl.py
[2022-02-28 15:07:28,116] {processor.py:642} INFO - Processing file /opt/anaconda3/envs/airflow/lib/python3.7/site-packages/airflow/example_dags/tutorial_taskflow_api_etl.py for tasks to queue
[2022-02-28 15:07:28,118] {logging_mixin.py:109} INFO - [2022-02-28 15:07:28,117] {dagbag.py:500} INFO - Filling up the DagBag from /opt/anaconda3/envs/airflow/lib/python3.7/site-packages/airflow/example_dags/tutorial_taskflow_api_etl.py
[2022-02-28 15:07:28,165] {processor.py:654} INFO - DAG(s) dict_keys(['tutorial_taskflow_api_etl']) retrieved from /opt/anaconda3/envs/airflow/lib/python3.7/site-packages/airflow/example_dags/tutorial_taskflow_api_etl.py
[2022-02-28 15:07:28,899] {logging_mixin.py:109} INFO - [2022-02-28 15:07:28,898] {dag.py:2398} INFO - Sync 1 DAGs
[2022-02-28 15:07:28,949] {logging_mixin.py:109} INFO - [2022-02-28 15:07:28,949] {dag.py:2937} INFO - Setting next_dagrun for tutorial_taskflow_api_etl to None
[2022-02-28 15:07:28,963] {processor.py:171} INFO - Processing /opt/anaconda3/envs/airflow/lib/python3.7/site-packages/airflow/example_dags/tutorial_taskflow_api_etl.py took 0.853 seconds
[2022-02-28 15:08:38,984] {processor.py:163} INFO - Started process (PID=35363) to work on /opt/anaconda3/envs/airflow/lib/python3.7/site-packages/airflow/example_dags/tutorial_taskflow_api_etl.py
[2022-02-28 15:08:38,986] {processor.py:642} INFO - Processing file /opt/anaconda3/envs/airflow/lib/python3.7/site-packages/airflow/example_dags/tutorial_taskflow_api_etl.py for tasks to queue
[2022-02-28 15:08:38,987] {logging_mixin.py:109} INFO - [2022-02-28 15:08:38,987] {dagbag.py:500} INFO - Filling up the DagBag from /opt/anaconda3/envs/airflow/lib/python3.7/site-packages/airflow/example_dags/tutorial_taskflow_api_etl.py
[2022-02-28 15:08:39,052] {processor.py:654} INFO - DAG(s) dict_keys(['tutorial_taskflow_api_etl']) retrieved from /opt/anaconda3/envs/airflow/lib/python3.7/site-packages/airflow/example_dags/tutorial_taskflow_api_etl.py
[2022-02-28 15:08:39,420] {logging_mixin.py:109} INFO - [2022-02-28 15:08:39,419] {dag.py:2398} INFO - Sync 1 DAGs
[2022-02-28 15:08:39,436] {logging_mixin.py:109} INFO - [2022-02-28 15:08:39,435] {dag.py:2937} INFO - Setting next_dagrun for tutorial_taskflow_api_etl to None
[2022-02-28 15:08:39,450] {processor.py:171} INFO - Processing /opt/anaconda3/envs/airflow/lib/python3.7/site-packages/airflow/example_dags/tutorial_taskflow_api_etl.py took 0.470 seconds
[2022-02-28 15:09:06,242] {processor.py:163} INFO - Started process (PID=35435) to work on /opt/anaconda3/envs/airflow/lib/python3.7/site-packages/airflow/example_dags/tutorial_taskflow_api_etl.py
[2022-02-28 15:09:06,244] {processor.py:642} INFO - Processing file /opt/anaconda3/envs/airflow/lib/python3.7/site-packages/airflow/example_dags/tutorial_taskflow_api_etl.py for tasks to queue
[2022-02-28 15:09:06,245] {logging_mixin.py:109} INFO - [2022-02-28 15:09:06,245] {dagbag.py:500} INFO - Filling up the DagBag from /opt/anaconda3/envs/airflow/lib/python3.7/site-packages/airflow/example_dags/tutorial_taskflow_api_etl.py
[2022-02-28 15:09:06,282] {processor.py:654} INFO - DAG(s) dict_keys(['tutorial_taskflow_api_etl']) retrieved from /opt/anaconda3/envs/airflow/lib/python3.7/site-packages/airflow/example_dags/tutorial_taskflow_api_etl.py
[2022-02-28 15:09:06,288] {logging_mixin.py:109} INFO - [2022-02-28 15:09:06,288] {dag.py:2398} INFO - Sync 1 DAGs
[2022-02-28 15:09:06,305] {logging_mixin.py:109} INFO - [2022-02-28 15:09:06,305] {dag.py:2937} INFO - Setting next_dagrun for tutorial_taskflow_api_etl to None
[2022-02-28 15:09:06,314] {processor.py:171} INFO - Processing /opt/anaconda3/envs/airflow/lib/python3.7/site-packages/airflow/example_dags/tutorial_taskflow_api_etl.py took 0.075 seconds
[2022-02-28 15:10:26,798] {processor.py:163} INFO - Started process (PID=35615) to work on /opt/anaconda3/envs/airflow/lib/python3.7/site-packages/airflow/example_dags/tutorial_taskflow_api_etl.py
[2022-02-28 15:10:26,801] {processor.py:642} INFO - Processing file /opt/anaconda3/envs/airflow/lib/python3.7/site-packages/airflow/example_dags/tutorial_taskflow_api_etl.py for tasks to queue
[2022-02-28 15:10:26,802] {logging_mixin.py:109} INFO - [2022-02-28 15:10:26,802] {dagbag.py:500} INFO - Filling up the DagBag from /opt/anaconda3/envs/airflow/lib/python3.7/site-packages/airflow/example_dags/tutorial_taskflow_api_etl.py
[2022-02-28 15:10:26,836] {processor.py:654} INFO - DAG(s) dict_keys(['tutorial_taskflow_api_etl']) retrieved from /opt/anaconda3/envs/airflow/lib/python3.7/site-packages/airflow/example_dags/tutorial_taskflow_api_etl.py
[2022-02-28 15:10:27,074] {logging_mixin.py:109} INFO - [2022-02-28 15:10:27,074] {dag.py:2398} INFO - Sync 1 DAGs
[2022-02-28 15:10:27,085] {logging_mixin.py:109} INFO - [2022-02-28 15:10:27,085] {dag.py:2937} INFO - Setting next_dagrun for tutorial_taskflow_api_etl to None
[2022-02-28 15:10:27,096] {processor.py:171} INFO - Processing /opt/anaconda3/envs/airflow/lib/python3.7/site-packages/airflow/example_dags/tutorial_taskflow_api_etl.py took 0.301 seconds
[2022-02-28 15:13:46,334] {processor.py:163} INFO - Started process (PID=35765) to work on /opt/anaconda3/envs/airflow/lib/python3.7/site-packages/airflow/example_dags/tutorial_taskflow_api_etl.py
[2022-02-28 15:13:46,337] {processor.py:642} INFO - Processing file /opt/anaconda3/envs/airflow/lib/python3.7/site-packages/airflow/example_dags/tutorial_taskflow_api_etl.py for tasks to queue
[2022-02-28 15:13:46,339] {logging_mixin.py:109} INFO - [2022-02-28 15:13:46,338] {dagbag.py:500} INFO - Filling up the DagBag from /opt/anaconda3/envs/airflow/lib/python3.7/site-packages/airflow/example_dags/tutorial_taskflow_api_etl.py
[2022-02-28 15:13:46,389] {processor.py:654} INFO - DAG(s) dict_keys(['tutorial_taskflow_api_etl']) retrieved from /opt/anaconda3/envs/airflow/lib/python3.7/site-packages/airflow/example_dags/tutorial_taskflow_api_etl.py
[2022-02-28 15:13:46,880] {logging_mixin.py:109} INFO - [2022-02-28 15:13:46,879] {dag.py:2398} INFO - Sync 1 DAGs
[2022-02-28 15:13:46,897] {logging_mixin.py:109} INFO - [2022-02-28 15:13:46,896] {dag.py:2937} INFO - Setting next_dagrun for tutorial_taskflow_api_etl to None
[2022-02-28 15:13:46,912] {processor.py:171} INFO - Processing /opt/anaconda3/envs/airflow/lib/python3.7/site-packages/airflow/example_dags/tutorial_taskflow_api_etl.py took 0.582 seconds
[2022-02-28 15:14:06,908] {processor.py:163} INFO - Started process (PID=35829) to work on /opt/anaconda3/envs/airflow/lib/python3.7/site-packages/airflow/example_dags/tutorial_taskflow_api_etl.py
[2022-02-28 15:14:06,911] {processor.py:642} INFO - Processing file /opt/anaconda3/envs/airflow/lib/python3.7/site-packages/airflow/example_dags/tutorial_taskflow_api_etl.py for tasks to queue
[2022-02-28 15:14:06,913] {logging_mixin.py:109} INFO - [2022-02-28 15:14:06,912] {dagbag.py:500} INFO - Filling up the DagBag from /opt/anaconda3/envs/airflow/lib/python3.7/site-packages/airflow/example_dags/tutorial_taskflow_api_etl.py
[2022-02-28 15:14:06,972] {processor.py:654} INFO - DAG(s) dict_keys(['tutorial_taskflow_api_etl']) retrieved from /opt/anaconda3/envs/airflow/lib/python3.7/site-packages/airflow/example_dags/tutorial_taskflow_api_etl.py
[2022-02-28 15:14:06,978] {logging_mixin.py:109} INFO - [2022-02-28 15:14:06,978] {dag.py:2398} INFO - Sync 1 DAGs
[2022-02-28 15:14:07,000] {logging_mixin.py:109} INFO - [2022-02-28 15:14:06,999] {dag.py:2937} INFO - Setting next_dagrun for tutorial_taskflow_api_etl to None
[2022-02-28 15:14:07,015] {processor.py:171} INFO - Processing /opt/anaconda3/envs/airflow/lib/python3.7/site-packages/airflow/example_dags/tutorial_taskflow_api_etl.py took 0.114 seconds
[2022-02-28 15:15:36,836] {processor.py:163} INFO - Started process (PID=36015) to work on /opt/anaconda3/envs/airflow/lib/python3.7/site-packages/airflow/example_dags/tutorial_taskflow_api_etl.py
[2022-02-28 15:15:36,840] {processor.py:642} INFO - Processing file /opt/anaconda3/envs/airflow/lib/python3.7/site-packages/airflow/example_dags/tutorial_taskflow_api_etl.py for tasks to queue
[2022-02-28 15:15:36,841] {logging_mixin.py:109} INFO - [2022-02-28 15:15:36,841] {dagbag.py:500} INFO - Filling up the DagBag from /opt/anaconda3/envs/airflow/lib/python3.7/site-packages/airflow/example_dags/tutorial_taskflow_api_etl.py
[2022-02-28 15:15:36,900] {processor.py:654} INFO - DAG(s) dict_keys(['tutorial_taskflow_api_etl']) retrieved from /opt/anaconda3/envs/airflow/lib/python3.7/site-packages/airflow/example_dags/tutorial_taskflow_api_etl.py
[2022-02-28 15:15:37,345] {logging_mixin.py:109} INFO - [2022-02-28 15:15:37,345] {dag.py:2398} INFO - Sync 1 DAGs
[2022-02-28 15:15:37,362] {logging_mixin.py:109} INFO - [2022-02-28 15:15:37,362] {dag.py:2937} INFO - Setting next_dagrun for tutorial_taskflow_api_etl to None
[2022-02-28 15:15:37,376] {processor.py:171} INFO - Processing /opt/anaconda3/envs/airflow/lib/python3.7/site-packages/airflow/example_dags/tutorial_taskflow_api_etl.py took 0.545 seconds
[2022-02-28 15:18:17,580] {processor.py:163} INFO - Started process (PID=36212) to work on /opt/anaconda3/envs/airflow/lib/python3.7/site-packages/airflow/example_dags/tutorial_taskflow_api_etl.py
[2022-02-28 15:18:17,584] {processor.py:642} INFO - Processing file /opt/anaconda3/envs/airflow/lib/python3.7/site-packages/airflow/example_dags/tutorial_taskflow_api_etl.py for tasks to queue
[2022-02-28 15:18:17,585] {logging_mixin.py:109} INFO - [2022-02-28 15:18:17,585] {dagbag.py:500} INFO - Filling up the DagBag from /opt/anaconda3/envs/airflow/lib/python3.7/site-packages/airflow/example_dags/tutorial_taskflow_api_etl.py
[2022-02-28 15:18:17,641] {processor.py:654} INFO - DAG(s) dict_keys(['tutorial_taskflow_api_etl']) retrieved from /opt/anaconda3/envs/airflow/lib/python3.7/site-packages/airflow/example_dags/tutorial_taskflow_api_etl.py
[2022-02-28 15:18:18,496] {logging_mixin.py:109} INFO - [2022-02-28 15:18:18,493] {dag.py:2398} INFO - Sync 1 DAGs
[2022-02-28 15:18:18,534] {logging_mixin.py:109} INFO - [2022-02-28 15:18:18,534] {dag.py:2937} INFO - Setting next_dagrun for tutorial_taskflow_api_etl to None
[2022-02-28 15:18:18,556] {processor.py:171} INFO - Processing /opt/anaconda3/envs/airflow/lib/python3.7/site-packages/airflow/example_dags/tutorial_taskflow_api_etl.py took 0.982 seconds
[2022-02-28 15:19:38,364] {processor.py:163} INFO - Started process (PID=36338) to work on /opt/anaconda3/envs/airflow/lib/python3.7/site-packages/airflow/example_dags/tutorial_taskflow_api_etl.py
[2022-02-28 15:19:38,367] {processor.py:642} INFO - Processing file /opt/anaconda3/envs/airflow/lib/python3.7/site-packages/airflow/example_dags/tutorial_taskflow_api_etl.py for tasks to queue
[2022-02-28 15:19:38,368] {logging_mixin.py:109} INFO - [2022-02-28 15:19:38,368] {dagbag.py:500} INFO - Filling up the DagBag from /opt/anaconda3/envs/airflow/lib/python3.7/site-packages/airflow/example_dags/tutorial_taskflow_api_etl.py
[2022-02-28 15:19:38,411] {processor.py:654} INFO - DAG(s) dict_keys(['tutorial_taskflow_api_etl']) retrieved from /opt/anaconda3/envs/airflow/lib/python3.7/site-packages/airflow/example_dags/tutorial_taskflow_api_etl.py
[2022-02-28 15:19:38,698] {logging_mixin.py:109} INFO - [2022-02-28 15:19:38,698] {dag.py:2398} INFO - Sync 1 DAGs
[2022-02-28 15:19:38,710] {logging_mixin.py:109} INFO - [2022-02-28 15:19:38,709] {dag.py:2937} INFO - Setting next_dagrun for tutorial_taskflow_api_etl to None
[2022-02-28 15:19:38,719] {processor.py:171} INFO - Processing /opt/anaconda3/envs/airflow/lib/python3.7/site-packages/airflow/example_dags/tutorial_taskflow_api_etl.py took 0.359 seconds
[2022-02-28 15:20:13,580] {processor.py:163} INFO - Started process (PID=36436) to work on /opt/anaconda3/envs/airflow/lib/python3.7/site-packages/airflow/example_dags/tutorial_taskflow_api_etl.py
[2022-02-28 15:20:13,583] {processor.py:642} INFO - Processing file /opt/anaconda3/envs/airflow/lib/python3.7/site-packages/airflow/example_dags/tutorial_taskflow_api_etl.py for tasks to queue
[2022-02-28 15:20:13,584] {logging_mixin.py:109} INFO - [2022-02-28 15:20:13,584] {dagbag.py:500} INFO - Filling up the DagBag from /opt/anaconda3/envs/airflow/lib/python3.7/site-packages/airflow/example_dags/tutorial_taskflow_api_etl.py
[2022-02-28 15:20:13,620] {processor.py:654} INFO - DAG(s) dict_keys(['tutorial_taskflow_api_etl']) retrieved from /opt/anaconda3/envs/airflow/lib/python3.7/site-packages/airflow/example_dags/tutorial_taskflow_api_etl.py
[2022-02-28 15:20:14,033] {logging_mixin.py:109} INFO - [2022-02-28 15:20:14,033] {dag.py:2398} INFO - Sync 1 DAGs
[2022-02-28 15:20:14,047] {logging_mixin.py:109} INFO - [2022-02-28 15:20:14,046] {dag.py:2937} INFO - Setting next_dagrun for tutorial_taskflow_api_etl to None
[2022-02-28 15:20:14,058] {processor.py:171} INFO - Processing /opt/anaconda3/envs/airflow/lib/python3.7/site-packages/airflow/example_dags/tutorial_taskflow_api_etl.py took 0.482 seconds
[2022-02-28 15:20:50,491] {processor.py:163} INFO - Started process (PID=36511) to work on /opt/anaconda3/envs/airflow/lib/python3.7/site-packages/airflow/example_dags/tutorial_taskflow_api_etl.py
[2022-02-28 15:20:50,493] {processor.py:642} INFO - Processing file /opt/anaconda3/envs/airflow/lib/python3.7/site-packages/airflow/example_dags/tutorial_taskflow_api_etl.py for tasks to queue
[2022-02-28 15:20:50,496] {logging_mixin.py:109} INFO - [2022-02-28 15:20:50,496] {dagbag.py:500} INFO - Filling up the DagBag from /opt/anaconda3/envs/airflow/lib/python3.7/site-packages/airflow/example_dags/tutorial_taskflow_api_etl.py
[2022-02-28 15:20:50,540] {processor.py:654} INFO - DAG(s) dict_keys(['tutorial_taskflow_api_etl']) retrieved from /opt/anaconda3/envs/airflow/lib/python3.7/site-packages/airflow/example_dags/tutorial_taskflow_api_etl.py
[2022-02-28 15:20:50,879] {logging_mixin.py:109} INFO - [2022-02-28 15:20:50,878] {dag.py:2398} INFO - Sync 1 DAGs
[2022-02-28 15:20:50,891] {logging_mixin.py:109} INFO - [2022-02-28 15:20:50,890] {dag.py:2937} INFO - Setting next_dagrun for tutorial_taskflow_api_etl to None
[2022-02-28 15:20:50,901] {processor.py:171} INFO - Processing /opt/anaconda3/envs/airflow/lib/python3.7/site-packages/airflow/example_dags/tutorial_taskflow_api_etl.py took 0.415 seconds
[2022-02-28 15:21:25,851] {processor.py:163} INFO - Started process (PID=36547) to work on /opt/anaconda3/envs/airflow/lib/python3.7/site-packages/airflow/example_dags/tutorial_taskflow_api_etl.py
[2022-02-28 15:21:25,854] {processor.py:642} INFO - Processing file /opt/anaconda3/envs/airflow/lib/python3.7/site-packages/airflow/example_dags/tutorial_taskflow_api_etl.py for tasks to queue
[2022-02-28 15:21:25,855] {logging_mixin.py:109} INFO - [2022-02-28 15:21:25,855] {dagbag.py:500} INFO - Filling up the DagBag from /opt/anaconda3/envs/airflow/lib/python3.7/site-packages/airflow/example_dags/tutorial_taskflow_api_etl.py
[2022-02-28 15:21:25,902] {processor.py:654} INFO - DAG(s) dict_keys(['tutorial_taskflow_api_etl']) retrieved from /opt/anaconda3/envs/airflow/lib/python3.7/site-packages/airflow/example_dags/tutorial_taskflow_api_etl.py
[2022-02-28 15:21:26,209] {logging_mixin.py:109} INFO - [2022-02-28 15:21:26,208] {dag.py:2398} INFO - Sync 1 DAGs
[2022-02-28 15:21:26,220] {logging_mixin.py:109} INFO - [2022-02-28 15:21:26,219] {dag.py:2937} INFO - Setting next_dagrun for tutorial_taskflow_api_etl to None
[2022-02-28 15:21:26,231] {processor.py:171} INFO - Processing /opt/anaconda3/envs/airflow/lib/python3.7/site-packages/airflow/example_dags/tutorial_taskflow_api_etl.py took 0.384 seconds
[2022-02-28 15:22:05,369] {processor.py:163} INFO - Started process (PID=36583) to work on /opt/anaconda3/envs/airflow/lib/python3.7/site-packages/airflow/example_dags/tutorial_taskflow_api_etl.py
[2022-02-28 15:22:05,372] {processor.py:642} INFO - Processing file /opt/anaconda3/envs/airflow/lib/python3.7/site-packages/airflow/example_dags/tutorial_taskflow_api_etl.py for tasks to queue
[2022-02-28 15:22:05,373] {logging_mixin.py:109} INFO - [2022-02-28 15:22:05,373] {dagbag.py:500} INFO - Filling up the DagBag from /opt/anaconda3/envs/airflow/lib/python3.7/site-packages/airflow/example_dags/tutorial_taskflow_api_etl.py
[2022-02-28 15:22:05,416] {processor.py:654} INFO - DAG(s) dict_keys(['tutorial_taskflow_api_etl']) retrieved from /opt/anaconda3/envs/airflow/lib/python3.7/site-packages/airflow/example_dags/tutorial_taskflow_api_etl.py
[2022-02-28 15:22:06,053] {logging_mixin.py:109} INFO - [2022-02-28 15:22:06,053] {dag.py:2398} INFO - Sync 1 DAGs
[2022-02-28 15:22:06,067] {logging_mixin.py:109} INFO - [2022-02-28 15:22:06,067] {dag.py:2937} INFO - Setting next_dagrun for tutorial_taskflow_api_etl to None
[2022-02-28 15:22:06,079] {processor.py:171} INFO - Processing /opt/anaconda3/envs/airflow/lib/python3.7/site-packages/airflow/example_dags/tutorial_taskflow_api_etl.py took 0.714 seconds
[2022-02-28 15:22:44,775] {processor.py:163} INFO - Started process (PID=36620) to work on /opt/anaconda3/envs/airflow/lib/python3.7/site-packages/airflow/example_dags/tutorial_taskflow_api_etl.py
[2022-02-28 15:22:44,777] {processor.py:642} INFO - Processing file /opt/anaconda3/envs/airflow/lib/python3.7/site-packages/airflow/example_dags/tutorial_taskflow_api_etl.py for tasks to queue
[2022-02-28 15:22:44,778] {logging_mixin.py:109} INFO - [2022-02-28 15:22:44,778] {dagbag.py:500} INFO - Filling up the DagBag from /opt/anaconda3/envs/airflow/lib/python3.7/site-packages/airflow/example_dags/tutorial_taskflow_api_etl.py
[2022-02-28 15:22:44,812] {processor.py:654} INFO - DAG(s) dict_keys(['tutorial_taskflow_api_etl']) retrieved from /opt/anaconda3/envs/airflow/lib/python3.7/site-packages/airflow/example_dags/tutorial_taskflow_api_etl.py
[2022-02-28 15:22:45,100] {logging_mixin.py:109} INFO - [2022-02-28 15:22:45,099] {dag.py:2398} INFO - Sync 1 DAGs
[2022-02-28 15:22:45,114] {logging_mixin.py:109} INFO - [2022-02-28 15:22:45,113] {dag.py:2937} INFO - Setting next_dagrun for tutorial_taskflow_api_etl to None
[2022-02-28 15:22:45,125] {processor.py:171} INFO - Processing /opt/anaconda3/envs/airflow/lib/python3.7/site-packages/airflow/example_dags/tutorial_taskflow_api_etl.py took 0.354 seconds
