[2022-02-28 14:25:27,595] {processor.py:163} INFO - Started process (PID=31688) to work on /opt/anaconda3/envs/airflow/lib/python3.7/site-packages/airflow/example_dags/tutorial.py
[2022-02-28 14:25:27,597] {processor.py:642} INFO - Processing file /opt/anaconda3/envs/airflow/lib/python3.7/site-packages/airflow/example_dags/tutorial.py for tasks to queue
[2022-02-28 14:25:27,598] {logging_mixin.py:109} INFO - [2022-02-28 14:25:27,597] {dagbag.py:500} INFO - Filling up the DagBag from /opt/anaconda3/envs/airflow/lib/python3.7/site-packages/airflow/example_dags/tutorial.py
[2022-02-28 14:25:27,633] {processor.py:654} INFO - DAG(s) dict_keys(['tutorial']) retrieved from /opt/anaconda3/envs/airflow/lib/python3.7/site-packages/airflow/example_dags/tutorial.py
[2022-02-28 14:25:27,643] {logging_mixin.py:109} INFO - [2022-02-28 14:25:27,643] {dag.py:2398} INFO - Sync 1 DAGs
[2022-02-28 14:25:27,657] {logging_mixin.py:109} INFO - [2022-02-28 14:25:27,657] {dag.py:2937} INFO - Setting next_dagrun for tutorial to 2022-02-27T06:25:27.656807+00:00
[2022-02-28 14:25:27,666] {processor.py:171} INFO - Processing /opt/anaconda3/envs/airflow/lib/python3.7/site-packages/airflow/example_dags/tutorial.py took 0.073 seconds
[2022-02-28 14:26:04,416] {processor.py:163} INFO - Started process (PID=31731) to work on /opt/anaconda3/envs/airflow/lib/python3.7/site-packages/airflow/example_dags/tutorial.py
[2022-02-28 14:26:04,418] {processor.py:642} INFO - Processing file /opt/anaconda3/envs/airflow/lib/python3.7/site-packages/airflow/example_dags/tutorial.py for tasks to queue
[2022-02-28 14:26:04,420] {logging_mixin.py:109} INFO - [2022-02-28 14:26:04,419] {dagbag.py:500} INFO - Filling up the DagBag from /opt/anaconda3/envs/airflow/lib/python3.7/site-packages/airflow/example_dags/tutorial.py
[2022-02-28 14:26:04,454] {processor.py:654} INFO - DAG(s) dict_keys(['tutorial']) retrieved from /opt/anaconda3/envs/airflow/lib/python3.7/site-packages/airflow/example_dags/tutorial.py
[2022-02-28 14:26:04,464] {logging_mixin.py:109} INFO - [2022-02-28 14:26:04,464] {dag.py:2398} INFO - Sync 1 DAGs
[2022-02-28 14:26:04,478] {logging_mixin.py:109} INFO - [2022-02-28 14:26:04,478] {dag.py:2937} INFO - Setting next_dagrun for tutorial to 2022-02-27T06:26:04.477771+00:00
[2022-02-28 14:26:04,488] {processor.py:171} INFO - Processing /opt/anaconda3/envs/airflow/lib/python3.7/site-packages/airflow/example_dags/tutorial.py took 0.076 seconds
[2022-02-28 14:26:46,652] {processor.py:163} INFO - Started process (PID=31792) to work on /opt/anaconda3/envs/airflow/lib/python3.7/site-packages/airflow/example_dags/tutorial.py
[2022-02-28 14:26:46,655] {processor.py:642} INFO - Processing file /opt/anaconda3/envs/airflow/lib/python3.7/site-packages/airflow/example_dags/tutorial.py for tasks to queue
[2022-02-28 14:26:46,656] {logging_mixin.py:109} INFO - [2022-02-28 14:26:46,656] {dagbag.py:500} INFO - Filling up the DagBag from /opt/anaconda3/envs/airflow/lib/python3.7/site-packages/airflow/example_dags/tutorial.py
[2022-02-28 14:26:46,693] {processor.py:654} INFO - DAG(s) dict_keys(['tutorial']) retrieved from /opt/anaconda3/envs/airflow/lib/python3.7/site-packages/airflow/example_dags/tutorial.py
[2022-02-28 14:26:46,705] {logging_mixin.py:109} INFO - [2022-02-28 14:26:46,705] {dag.py:2398} INFO - Sync 1 DAGs
[2022-02-28 14:26:46,721] {logging_mixin.py:109} INFO - [2022-02-28 14:26:46,721] {dag.py:2937} INFO - Setting next_dagrun for tutorial to 2022-02-27T06:26:46.721123+00:00
[2022-02-28 14:26:46,732] {processor.py:171} INFO - Processing /opt/anaconda3/envs/airflow/lib/python3.7/site-packages/airflow/example_dags/tutorial.py took 0.083 seconds
[2022-02-28 14:27:27,459] {processor.py:163} INFO - Started process (PID=31845) to work on /opt/anaconda3/envs/airflow/lib/python3.7/site-packages/airflow/example_dags/tutorial.py
[2022-02-28 14:27:27,463] {processor.py:642} INFO - Processing file /opt/anaconda3/envs/airflow/lib/python3.7/site-packages/airflow/example_dags/tutorial.py for tasks to queue
[2022-02-28 14:27:27,464] {logging_mixin.py:109} INFO - [2022-02-28 14:27:27,464] {dagbag.py:500} INFO - Filling up the DagBag from /opt/anaconda3/envs/airflow/lib/python3.7/site-packages/airflow/example_dags/tutorial.py
[2022-02-28 14:27:27,508] {processor.py:654} INFO - DAG(s) dict_keys(['tutorial']) retrieved from /opt/anaconda3/envs/airflow/lib/python3.7/site-packages/airflow/example_dags/tutorial.py
[2022-02-28 14:27:27,525] {logging_mixin.py:109} INFO - [2022-02-28 14:27:27,525] {dag.py:2398} INFO - Sync 1 DAGs
[2022-02-28 14:27:27,549] {logging_mixin.py:109} INFO - [2022-02-28 14:27:27,549] {dag.py:2937} INFO - Setting next_dagrun for tutorial to 2022-02-27T06:27:27.548804+00:00
[2022-02-28 14:27:27,563] {processor.py:171} INFO - Processing /opt/anaconda3/envs/airflow/lib/python3.7/site-packages/airflow/example_dags/tutorial.py took 0.109 seconds
[2022-02-28 14:28:03,824] {processor.py:163} INFO - Started process (PID=31900) to work on /opt/anaconda3/envs/airflow/lib/python3.7/site-packages/airflow/example_dags/tutorial.py
[2022-02-28 14:28:03,826] {processor.py:642} INFO - Processing file /opt/anaconda3/envs/airflow/lib/python3.7/site-packages/airflow/example_dags/tutorial.py for tasks to queue
[2022-02-28 14:28:03,827] {logging_mixin.py:109} INFO - [2022-02-28 14:28:03,827] {dagbag.py:500} INFO - Filling up the DagBag from /opt/anaconda3/envs/airflow/lib/python3.7/site-packages/airflow/example_dags/tutorial.py
[2022-02-28 14:28:03,864] {processor.py:654} INFO - DAG(s) dict_keys(['tutorial']) retrieved from /opt/anaconda3/envs/airflow/lib/python3.7/site-packages/airflow/example_dags/tutorial.py
[2022-02-28 14:28:03,875] {logging_mixin.py:109} INFO - [2022-02-28 14:28:03,875] {dag.py:2398} INFO - Sync 1 DAGs
[2022-02-28 14:28:03,889] {logging_mixin.py:109} INFO - [2022-02-28 14:28:03,888] {dag.py:2937} INFO - Setting next_dagrun for tutorial to 2022-02-27T06:28:03.888574+00:00
[2022-02-28 14:28:03,899] {processor.py:171} INFO - Processing /opt/anaconda3/envs/airflow/lib/python3.7/site-packages/airflow/example_dags/tutorial.py took 0.081 seconds
[2022-02-28 14:28:51,034] {processor.py:163} INFO - Started process (PID=32006) to work on /opt/anaconda3/envs/airflow/lib/python3.7/site-packages/airflow/example_dags/tutorial.py
[2022-02-28 14:28:51,036] {processor.py:642} INFO - Processing file /opt/anaconda3/envs/airflow/lib/python3.7/site-packages/airflow/example_dags/tutorial.py for tasks to queue
[2022-02-28 14:28:51,038] {logging_mixin.py:109} INFO - [2022-02-28 14:28:51,037] {dagbag.py:500} INFO - Filling up the DagBag from /opt/anaconda3/envs/airflow/lib/python3.7/site-packages/airflow/example_dags/tutorial.py
[2022-02-28 14:28:51,073] {processor.py:654} INFO - DAG(s) dict_keys(['tutorial']) retrieved from /opt/anaconda3/envs/airflow/lib/python3.7/site-packages/airflow/example_dags/tutorial.py
[2022-02-28 14:28:51,084] {logging_mixin.py:109} INFO - [2022-02-28 14:28:51,084] {dag.py:2398} INFO - Sync 1 DAGs
[2022-02-28 14:28:51,100] {logging_mixin.py:109} INFO - [2022-02-28 14:28:51,099] {dag.py:2937} INFO - Setting next_dagrun for tutorial to 2022-02-27T06:28:51.099190+00:00
[2022-02-28 14:28:51,110] {processor.py:171} INFO - Processing /opt/anaconda3/envs/airflow/lib/python3.7/site-packages/airflow/example_dags/tutorial.py took 0.080 seconds
[2022-02-28 14:29:33,628] {processor.py:163} INFO - Started process (PID=32077) to work on /opt/anaconda3/envs/airflow/lib/python3.7/site-packages/airflow/example_dags/tutorial.py
[2022-02-28 14:29:33,631] {processor.py:642} INFO - Processing file /opt/anaconda3/envs/airflow/lib/python3.7/site-packages/airflow/example_dags/tutorial.py for tasks to queue
[2022-02-28 14:29:33,633] {logging_mixin.py:109} INFO - [2022-02-28 14:29:33,633] {dagbag.py:500} INFO - Filling up the DagBag from /opt/anaconda3/envs/airflow/lib/python3.7/site-packages/airflow/example_dags/tutorial.py
[2022-02-28 14:29:33,699] {processor.py:654} INFO - DAG(s) dict_keys(['tutorial']) retrieved from /opt/anaconda3/envs/airflow/lib/python3.7/site-packages/airflow/example_dags/tutorial.py
[2022-02-28 14:29:33,726] {logging_mixin.py:109} INFO - [2022-02-28 14:29:33,726] {dag.py:2398} INFO - Sync 1 DAGs
[2022-02-28 14:29:33,765] {logging_mixin.py:109} INFO - [2022-02-28 14:29:33,765] {dag.py:2937} INFO - Setting next_dagrun for tutorial to 2022-02-27T06:29:33.765070+00:00
[2022-02-28 14:29:33,803] {processor.py:171} INFO - Processing /opt/anaconda3/envs/airflow/lib/python3.7/site-packages/airflow/example_dags/tutorial.py took 0.180 seconds
[2022-02-28 14:30:17,200] {processor.py:163} INFO - Started process (PID=32136) to work on /opt/anaconda3/envs/airflow/lib/python3.7/site-packages/airflow/example_dags/tutorial.py
[2022-02-28 14:30:17,202] {processor.py:642} INFO - Processing file /opt/anaconda3/envs/airflow/lib/python3.7/site-packages/airflow/example_dags/tutorial.py for tasks to queue
[2022-02-28 14:30:17,204] {logging_mixin.py:109} INFO - [2022-02-28 14:30:17,203] {dagbag.py:500} INFO - Filling up the DagBag from /opt/anaconda3/envs/airflow/lib/python3.7/site-packages/airflow/example_dags/tutorial.py
[2022-02-28 14:30:17,235] {processor.py:654} INFO - DAG(s) dict_keys(['tutorial']) retrieved from /opt/anaconda3/envs/airflow/lib/python3.7/site-packages/airflow/example_dags/tutorial.py
[2022-02-28 14:30:17,244] {logging_mixin.py:109} INFO - [2022-02-28 14:30:17,244] {dag.py:2398} INFO - Sync 1 DAGs
[2022-02-28 14:30:17,258] {logging_mixin.py:109} INFO - [2022-02-28 14:30:17,258] {dag.py:2937} INFO - Setting next_dagrun for tutorial to 2022-02-27T06:30:17.258176+00:00
[2022-02-28 14:30:17,269] {processor.py:171} INFO - Processing /opt/anaconda3/envs/airflow/lib/python3.7/site-packages/airflow/example_dags/tutorial.py took 0.073 seconds
[2022-02-28 14:30:54,243] {processor.py:163} INFO - Started process (PID=32172) to work on /opt/anaconda3/envs/airflow/lib/python3.7/site-packages/airflow/example_dags/tutorial.py
[2022-02-28 14:30:54,244] {processor.py:642} INFO - Processing file /opt/anaconda3/envs/airflow/lib/python3.7/site-packages/airflow/example_dags/tutorial.py for tasks to queue
[2022-02-28 14:30:54,245] {logging_mixin.py:109} INFO - [2022-02-28 14:30:54,245] {dagbag.py:500} INFO - Filling up the DagBag from /opt/anaconda3/envs/airflow/lib/python3.7/site-packages/airflow/example_dags/tutorial.py
[2022-02-28 14:30:54,278] {processor.py:654} INFO - DAG(s) dict_keys(['tutorial']) retrieved from /opt/anaconda3/envs/airflow/lib/python3.7/site-packages/airflow/example_dags/tutorial.py
[2022-02-28 14:30:54,288] {logging_mixin.py:109} INFO - [2022-02-28 14:30:54,287] {dag.py:2398} INFO - Sync 1 DAGs
[2022-02-28 14:30:54,301] {logging_mixin.py:109} INFO - [2022-02-28 14:30:54,301] {dag.py:2937} INFO - Setting next_dagrun for tutorial to 2022-02-27T06:30:54.301197+00:00
[2022-02-28 14:30:54,312] {processor.py:171} INFO - Processing /opt/anaconda3/envs/airflow/lib/python3.7/site-packages/airflow/example_dags/tutorial.py took 0.073 seconds
[2022-02-28 14:31:32,864] {processor.py:163} INFO - Started process (PID=32219) to work on /opt/anaconda3/envs/airflow/lib/python3.7/site-packages/airflow/example_dags/tutorial.py
[2022-02-28 14:31:32,873] {processor.py:642} INFO - Processing file /opt/anaconda3/envs/airflow/lib/python3.7/site-packages/airflow/example_dags/tutorial.py for tasks to queue
[2022-02-28 14:31:32,876] {logging_mixin.py:109} INFO - [2022-02-28 14:31:32,875] {dagbag.py:500} INFO - Filling up the DagBag from /opt/anaconda3/envs/airflow/lib/python3.7/site-packages/airflow/example_dags/tutorial.py
[2022-02-28 14:31:32,961] {processor.py:654} INFO - DAG(s) dict_keys(['tutorial']) retrieved from /opt/anaconda3/envs/airflow/lib/python3.7/site-packages/airflow/example_dags/tutorial.py
[2022-02-28 14:31:32,987] {logging_mixin.py:109} INFO - [2022-02-28 14:31:32,985] {dag.py:2398} INFO - Sync 1 DAGs
[2022-02-28 14:31:33,022] {logging_mixin.py:109} INFO - [2022-02-28 14:31:33,022] {dag.py:2937} INFO - Setting next_dagrun for tutorial to 2022-02-27T06:31:33.021795+00:00
[2022-02-28 14:31:33,053] {processor.py:171} INFO - Processing /opt/anaconda3/envs/airflow/lib/python3.7/site-packages/airflow/example_dags/tutorial.py took 0.195 seconds
[2022-02-28 14:32:54,350] {processor.py:163} INFO - Started process (PID=32312) to work on /opt/anaconda3/envs/airflow/lib/python3.7/site-packages/airflow/example_dags/tutorial.py
[2022-02-28 14:32:54,352] {processor.py:642} INFO - Processing file /opt/anaconda3/envs/airflow/lib/python3.7/site-packages/airflow/example_dags/tutorial.py for tasks to queue
[2022-02-28 14:32:54,353] {logging_mixin.py:109} INFO - [2022-02-28 14:32:54,353] {dagbag.py:500} INFO - Filling up the DagBag from /opt/anaconda3/envs/airflow/lib/python3.7/site-packages/airflow/example_dags/tutorial.py
[2022-02-28 14:32:54,387] {processor.py:654} INFO - DAG(s) dict_keys(['tutorial']) retrieved from /opt/anaconda3/envs/airflow/lib/python3.7/site-packages/airflow/example_dags/tutorial.py
[2022-02-28 14:32:54,397] {logging_mixin.py:109} INFO - [2022-02-28 14:32:54,397] {dag.py:2398} INFO - Sync 1 DAGs
[2022-02-28 14:32:54,411] {logging_mixin.py:109} INFO - [2022-02-28 14:32:54,411] {dag.py:2937} INFO - Setting next_dagrun for tutorial to 2022-02-27T06:32:54.410801+00:00
[2022-02-28 14:32:54,421] {processor.py:171} INFO - Processing /opt/anaconda3/envs/airflow/lib/python3.7/site-packages/airflow/example_dags/tutorial.py took 0.075 seconds
[2022-02-28 14:33:35,159] {processor.py:163} INFO - Started process (PID=32372) to work on /opt/anaconda3/envs/airflow/lib/python3.7/site-packages/airflow/example_dags/tutorial.py
[2022-02-28 14:33:35,162] {processor.py:642} INFO - Processing file /opt/anaconda3/envs/airflow/lib/python3.7/site-packages/airflow/example_dags/tutorial.py for tasks to queue
[2022-02-28 14:33:35,163] {logging_mixin.py:109} INFO - [2022-02-28 14:33:35,163] {dagbag.py:500} INFO - Filling up the DagBag from /opt/anaconda3/envs/airflow/lib/python3.7/site-packages/airflow/example_dags/tutorial.py
[2022-02-28 14:33:35,203] {processor.py:654} INFO - DAG(s) dict_keys(['tutorial']) retrieved from /opt/anaconda3/envs/airflow/lib/python3.7/site-packages/airflow/example_dags/tutorial.py
[2022-02-28 14:33:35,217] {logging_mixin.py:109} INFO - [2022-02-28 14:33:35,217] {dag.py:2398} INFO - Sync 1 DAGs
[2022-02-28 14:33:35,231] {logging_mixin.py:109} INFO - [2022-02-28 14:33:35,231] {dag.py:2937} INFO - Setting next_dagrun for tutorial to 2022-02-27T06:33:35.231338+00:00
[2022-02-28 14:33:35,243] {processor.py:171} INFO - Processing /opt/anaconda3/envs/airflow/lib/python3.7/site-packages/airflow/example_dags/tutorial.py took 0.087 seconds
[2022-02-28 14:34:19,945] {processor.py:163} INFO - Started process (PID=32445) to work on /opt/anaconda3/envs/airflow/lib/python3.7/site-packages/airflow/example_dags/tutorial.py
[2022-02-28 14:34:19,950] {processor.py:642} INFO - Processing file /opt/anaconda3/envs/airflow/lib/python3.7/site-packages/airflow/example_dags/tutorial.py for tasks to queue
[2022-02-28 14:34:19,952] {logging_mixin.py:109} INFO - [2022-02-28 14:34:19,952] {dagbag.py:500} INFO - Filling up the DagBag from /opt/anaconda3/envs/airflow/lib/python3.7/site-packages/airflow/example_dags/tutorial.py
[2022-02-28 14:34:20,015] {processor.py:654} INFO - DAG(s) dict_keys(['tutorial']) retrieved from /opt/anaconda3/envs/airflow/lib/python3.7/site-packages/airflow/example_dags/tutorial.py
[2022-02-28 14:34:20,031] {logging_mixin.py:109} INFO - [2022-02-28 14:34:20,030] {dag.py:2398} INFO - Sync 1 DAGs
[2022-02-28 14:34:20,047] {logging_mixin.py:109} INFO - [2022-02-28 14:34:20,046] {dag.py:2937} INFO - Setting next_dagrun for tutorial to 2022-02-27T06:34:20.046065+00:00
[2022-02-28 14:34:20,058] {processor.py:171} INFO - Processing /opt/anaconda3/envs/airflow/lib/python3.7/site-packages/airflow/example_dags/tutorial.py took 0.116 seconds
[2022-02-28 14:34:54,856] {processor.py:163} INFO - Started process (PID=32487) to work on /opt/anaconda3/envs/airflow/lib/python3.7/site-packages/airflow/example_dags/tutorial.py
[2022-02-28 14:34:54,858] {processor.py:642} INFO - Processing file /opt/anaconda3/envs/airflow/lib/python3.7/site-packages/airflow/example_dags/tutorial.py for tasks to queue
[2022-02-28 14:34:54,859] {logging_mixin.py:109} INFO - [2022-02-28 14:34:54,859] {dagbag.py:500} INFO - Filling up the DagBag from /opt/anaconda3/envs/airflow/lib/python3.7/site-packages/airflow/example_dags/tutorial.py
[2022-02-28 14:34:54,893] {processor.py:654} INFO - DAG(s) dict_keys(['tutorial']) retrieved from /opt/anaconda3/envs/airflow/lib/python3.7/site-packages/airflow/example_dags/tutorial.py
[2022-02-28 14:34:54,905] {logging_mixin.py:109} INFO - [2022-02-28 14:34:54,904] {dag.py:2398} INFO - Sync 1 DAGs
[2022-02-28 14:34:54,919] {logging_mixin.py:109} INFO - [2022-02-28 14:34:54,919] {dag.py:2937} INFO - Setting next_dagrun for tutorial to 2022-02-27T06:34:54.918870+00:00
[2022-02-28 14:34:54,931] {processor.py:171} INFO - Processing /opt/anaconda3/envs/airflow/lib/python3.7/site-packages/airflow/example_dags/tutorial.py took 0.079 seconds
[2022-02-28 14:35:34,144] {processor.py:163} INFO - Started process (PID=32527) to work on /opt/anaconda3/envs/airflow/lib/python3.7/site-packages/airflow/example_dags/tutorial.py
[2022-02-28 14:35:34,146] {processor.py:642} INFO - Processing file /opt/anaconda3/envs/airflow/lib/python3.7/site-packages/airflow/example_dags/tutorial.py for tasks to queue
[2022-02-28 14:35:34,147] {logging_mixin.py:109} INFO - [2022-02-28 14:35:34,147] {dagbag.py:500} INFO - Filling up the DagBag from /opt/anaconda3/envs/airflow/lib/python3.7/site-packages/airflow/example_dags/tutorial.py
[2022-02-28 14:35:34,196] {processor.py:654} INFO - DAG(s) dict_keys(['tutorial']) retrieved from /opt/anaconda3/envs/airflow/lib/python3.7/site-packages/airflow/example_dags/tutorial.py
[2022-02-28 14:35:34,210] {logging_mixin.py:109} INFO - [2022-02-28 14:35:34,209] {dag.py:2398} INFO - Sync 1 DAGs
[2022-02-28 14:35:34,226] {logging_mixin.py:109} INFO - [2022-02-28 14:35:34,226] {dag.py:2937} INFO - Setting next_dagrun for tutorial to 2022-02-27T06:35:34.226193+00:00
[2022-02-28 14:35:34,239] {processor.py:171} INFO - Processing /opt/anaconda3/envs/airflow/lib/python3.7/site-packages/airflow/example_dags/tutorial.py took 0.100 seconds
[2022-02-28 14:36:16,769] {processor.py:163} INFO - Started process (PID=32575) to work on /opt/anaconda3/envs/airflow/lib/python3.7/site-packages/airflow/example_dags/tutorial.py
[2022-02-28 14:36:16,772] {processor.py:642} INFO - Processing file /opt/anaconda3/envs/airflow/lib/python3.7/site-packages/airflow/example_dags/tutorial.py for tasks to queue
[2022-02-28 14:36:16,773] {logging_mixin.py:109} INFO - [2022-02-28 14:36:16,772] {dagbag.py:500} INFO - Filling up the DagBag from /opt/anaconda3/envs/airflow/lib/python3.7/site-packages/airflow/example_dags/tutorial.py
[2022-02-28 14:36:16,803] {processor.py:654} INFO - DAG(s) dict_keys(['tutorial']) retrieved from /opt/anaconda3/envs/airflow/lib/python3.7/site-packages/airflow/example_dags/tutorial.py
[2022-02-28 14:36:16,815] {logging_mixin.py:109} INFO - [2022-02-28 14:36:16,815] {dag.py:2398} INFO - Sync 1 DAGs
[2022-02-28 14:36:16,830] {logging_mixin.py:109} INFO - [2022-02-28 14:36:16,829] {dag.py:2937} INFO - Setting next_dagrun for tutorial to 2022-02-27T06:36:16.829609+00:00
[2022-02-28 14:36:16,841] {processor.py:171} INFO - Processing /opt/anaconda3/envs/airflow/lib/python3.7/site-packages/airflow/example_dags/tutorial.py took 0.076 seconds
[2022-02-28 14:36:55,647] {processor.py:163} INFO - Started process (PID=32615) to work on /opt/anaconda3/envs/airflow/lib/python3.7/site-packages/airflow/example_dags/tutorial.py
[2022-02-28 14:36:55,650] {processor.py:642} INFO - Processing file /opt/anaconda3/envs/airflow/lib/python3.7/site-packages/airflow/example_dags/tutorial.py for tasks to queue
[2022-02-28 14:36:55,651] {logging_mixin.py:109} INFO - [2022-02-28 14:36:55,651] {dagbag.py:500} INFO - Filling up the DagBag from /opt/anaconda3/envs/airflow/lib/python3.7/site-packages/airflow/example_dags/tutorial.py
[2022-02-28 14:36:55,685] {processor.py:654} INFO - DAG(s) dict_keys(['tutorial']) retrieved from /opt/anaconda3/envs/airflow/lib/python3.7/site-packages/airflow/example_dags/tutorial.py
[2022-02-28 14:36:55,699] {logging_mixin.py:109} INFO - [2022-02-28 14:36:55,699] {dag.py:2398} INFO - Sync 1 DAGs
[2022-02-28 14:36:55,715] {logging_mixin.py:109} INFO - [2022-02-28 14:36:55,714] {dag.py:2937} INFO - Setting next_dagrun for tutorial to 2022-02-27T06:36:55.714238+00:00
[2022-02-28 14:36:55,725] {processor.py:171} INFO - Processing /opt/anaconda3/envs/airflow/lib/python3.7/site-packages/airflow/example_dags/tutorial.py took 0.082 seconds
[2022-02-28 14:37:35,754] {processor.py:163} INFO - Started process (PID=32651) to work on /opt/anaconda3/envs/airflow/lib/python3.7/site-packages/airflow/example_dags/tutorial.py
[2022-02-28 14:37:35,757] {processor.py:642} INFO - Processing file /opt/anaconda3/envs/airflow/lib/python3.7/site-packages/airflow/example_dags/tutorial.py for tasks to queue
[2022-02-28 14:37:35,759] {logging_mixin.py:109} INFO - [2022-02-28 14:37:35,758] {dagbag.py:500} INFO - Filling up the DagBag from /opt/anaconda3/envs/airflow/lib/python3.7/site-packages/airflow/example_dags/tutorial.py
[2022-02-28 14:37:35,792] {processor.py:654} INFO - DAG(s) dict_keys(['tutorial']) retrieved from /opt/anaconda3/envs/airflow/lib/python3.7/site-packages/airflow/example_dags/tutorial.py
[2022-02-28 14:37:35,805] {logging_mixin.py:109} INFO - [2022-02-28 14:37:35,804] {dag.py:2398} INFO - Sync 1 DAGs
[2022-02-28 14:37:35,825] {logging_mixin.py:109} INFO - [2022-02-28 14:37:35,824] {dag.py:2937} INFO - Setting next_dagrun for tutorial to 2022-02-27T06:37:35.824413+00:00
[2022-02-28 14:37:35,838] {processor.py:171} INFO - Processing /opt/anaconda3/envs/airflow/lib/python3.7/site-packages/airflow/example_dags/tutorial.py took 0.088 seconds
[2022-02-28 14:38:09,420] {processor.py:163} INFO - Started process (PID=32683) to work on /opt/anaconda3/envs/airflow/lib/python3.7/site-packages/airflow/example_dags/tutorial.py
[2022-02-28 14:38:09,422] {processor.py:642} INFO - Processing file /opt/anaconda3/envs/airflow/lib/python3.7/site-packages/airflow/example_dags/tutorial.py for tasks to queue
[2022-02-28 14:38:09,424] {logging_mixin.py:109} INFO - [2022-02-28 14:38:09,423] {dagbag.py:500} INFO - Filling up the DagBag from /opt/anaconda3/envs/airflow/lib/python3.7/site-packages/airflow/example_dags/tutorial.py
[2022-02-28 14:38:09,457] {processor.py:654} INFO - DAG(s) dict_keys(['tutorial']) retrieved from /opt/anaconda3/envs/airflow/lib/python3.7/site-packages/airflow/example_dags/tutorial.py
[2022-02-28 14:38:09,470] {logging_mixin.py:109} INFO - [2022-02-28 14:38:09,469] {dag.py:2398} INFO - Sync 1 DAGs
[2022-02-28 14:38:09,485] {logging_mixin.py:109} INFO - [2022-02-28 14:38:09,484] {dag.py:2937} INFO - Setting next_dagrun for tutorial to 2022-02-27T06:38:09.484647+00:00
[2022-02-28 14:38:09,496] {processor.py:171} INFO - Processing /opt/anaconda3/envs/airflow/lib/python3.7/site-packages/airflow/example_dags/tutorial.py took 0.080 seconds
[2022-02-28 14:38:47,041] {processor.py:163} INFO - Started process (PID=32720) to work on /opt/anaconda3/envs/airflow/lib/python3.7/site-packages/airflow/example_dags/tutorial.py
[2022-02-28 14:38:47,043] {processor.py:642} INFO - Processing file /opt/anaconda3/envs/airflow/lib/python3.7/site-packages/airflow/example_dags/tutorial.py for tasks to queue
[2022-02-28 14:38:47,044] {logging_mixin.py:109} INFO - [2022-02-28 14:38:47,043] {dagbag.py:500} INFO - Filling up the DagBag from /opt/anaconda3/envs/airflow/lib/python3.7/site-packages/airflow/example_dags/tutorial.py
[2022-02-28 14:38:47,075] {processor.py:654} INFO - DAG(s) dict_keys(['tutorial']) retrieved from /opt/anaconda3/envs/airflow/lib/python3.7/site-packages/airflow/example_dags/tutorial.py
[2022-02-28 14:38:47,087] {logging_mixin.py:109} INFO - [2022-02-28 14:38:47,086] {dag.py:2398} INFO - Sync 1 DAGs
[2022-02-28 14:38:47,103] {logging_mixin.py:109} INFO - [2022-02-28 14:38:47,103] {dag.py:2937} INFO - Setting next_dagrun for tutorial to 2022-02-27T06:38:47.103154+00:00
[2022-02-28 14:38:47,115] {processor.py:171} INFO - Processing /opt/anaconda3/envs/airflow/lib/python3.7/site-packages/airflow/example_dags/tutorial.py took 0.079 seconds
[2022-02-28 14:39:26,242] {processor.py:163} INFO - Started process (PID=32760) to work on /opt/anaconda3/envs/airflow/lib/python3.7/site-packages/airflow/example_dags/tutorial.py
[2022-02-28 14:39:26,244] {processor.py:642} INFO - Processing file /opt/anaconda3/envs/airflow/lib/python3.7/site-packages/airflow/example_dags/tutorial.py for tasks to queue
[2022-02-28 14:39:26,245] {logging_mixin.py:109} INFO - [2022-02-28 14:39:26,244] {dagbag.py:500} INFO - Filling up the DagBag from /opt/anaconda3/envs/airflow/lib/python3.7/site-packages/airflow/example_dags/tutorial.py
[2022-02-28 14:39:26,278] {processor.py:654} INFO - DAG(s) dict_keys(['tutorial']) retrieved from /opt/anaconda3/envs/airflow/lib/python3.7/site-packages/airflow/example_dags/tutorial.py
[2022-02-28 14:39:26,290] {logging_mixin.py:109} INFO - [2022-02-28 14:39:26,289] {dag.py:2398} INFO - Sync 1 DAGs
[2022-02-28 14:39:26,304] {logging_mixin.py:109} INFO - [2022-02-28 14:39:26,304] {dag.py:2937} INFO - Setting next_dagrun for tutorial to 2022-02-27T06:39:26.303742+00:00
[2022-02-28 14:39:26,315] {processor.py:171} INFO - Processing /opt/anaconda3/envs/airflow/lib/python3.7/site-packages/airflow/example_dags/tutorial.py took 0.078 seconds
[2022-02-28 14:40:07,607] {processor.py:163} INFO - Started process (PID=32809) to work on /opt/anaconda3/envs/airflow/lib/python3.7/site-packages/airflow/example_dags/tutorial.py
[2022-02-28 14:40:07,610] {processor.py:642} INFO - Processing file /opt/anaconda3/envs/airflow/lib/python3.7/site-packages/airflow/example_dags/tutorial.py for tasks to queue
[2022-02-28 14:40:07,611] {logging_mixin.py:109} INFO - [2022-02-28 14:40:07,611] {dagbag.py:500} INFO - Filling up the DagBag from /opt/anaconda3/envs/airflow/lib/python3.7/site-packages/airflow/example_dags/tutorial.py
[2022-02-28 14:40:07,643] {processor.py:654} INFO - DAG(s) dict_keys(['tutorial']) retrieved from /opt/anaconda3/envs/airflow/lib/python3.7/site-packages/airflow/example_dags/tutorial.py
[2022-02-28 14:40:07,655] {logging_mixin.py:109} INFO - [2022-02-28 14:40:07,654] {dag.py:2398} INFO - Sync 1 DAGs
[2022-02-28 14:40:07,669] {logging_mixin.py:109} INFO - [2022-02-28 14:40:07,668] {dag.py:2937} INFO - Setting next_dagrun for tutorial to 2022-02-27T06:40:07.668555+00:00
[2022-02-28 14:40:07,677] {processor.py:171} INFO - Processing /opt/anaconda3/envs/airflow/lib/python3.7/site-packages/airflow/example_dags/tutorial.py took 0.074 seconds
[2022-02-28 14:40:40,405] {processor.py:163} INFO - Started process (PID=32841) to work on /opt/anaconda3/envs/airflow/lib/python3.7/site-packages/airflow/example_dags/tutorial.py
[2022-02-28 14:40:40,407] {processor.py:642} INFO - Processing file /opt/anaconda3/envs/airflow/lib/python3.7/site-packages/airflow/example_dags/tutorial.py for tasks to queue
[2022-02-28 14:40:40,408] {logging_mixin.py:109} INFO - [2022-02-28 14:40:40,408] {dagbag.py:500} INFO - Filling up the DagBag from /opt/anaconda3/envs/airflow/lib/python3.7/site-packages/airflow/example_dags/tutorial.py
[2022-02-28 14:40:40,440] {processor.py:654} INFO - DAG(s) dict_keys(['tutorial']) retrieved from /opt/anaconda3/envs/airflow/lib/python3.7/site-packages/airflow/example_dags/tutorial.py
[2022-02-28 14:40:40,452] {logging_mixin.py:109} INFO - [2022-02-28 14:40:40,451] {dag.py:2398} INFO - Sync 1 DAGs
[2022-02-28 14:40:40,467] {logging_mixin.py:109} INFO - [2022-02-28 14:40:40,466] {dag.py:2937} INFO - Setting next_dagrun for tutorial to 2022-02-27T06:40:40.466505+00:00
[2022-02-28 14:40:40,477] {processor.py:171} INFO - Processing /opt/anaconda3/envs/airflow/lib/python3.7/site-packages/airflow/example_dags/tutorial.py took 0.077 seconds
[2022-02-28 14:41:13,128] {processor.py:163} INFO - Started process (PID=32871) to work on /opt/anaconda3/envs/airflow/lib/python3.7/site-packages/airflow/example_dags/tutorial.py
[2022-02-28 14:41:13,129] {processor.py:642} INFO - Processing file /opt/anaconda3/envs/airflow/lib/python3.7/site-packages/airflow/example_dags/tutorial.py for tasks to queue
[2022-02-28 14:41:13,131] {logging_mixin.py:109} INFO - [2022-02-28 14:41:13,130] {dagbag.py:500} INFO - Filling up the DagBag from /opt/anaconda3/envs/airflow/lib/python3.7/site-packages/airflow/example_dags/tutorial.py
[2022-02-28 14:41:13,163] {processor.py:654} INFO - DAG(s) dict_keys(['tutorial']) retrieved from /opt/anaconda3/envs/airflow/lib/python3.7/site-packages/airflow/example_dags/tutorial.py
[2022-02-28 14:41:13,174] {logging_mixin.py:109} INFO - [2022-02-28 14:41:13,173] {dag.py:2398} INFO - Sync 1 DAGs
[2022-02-28 14:41:13,188] {logging_mixin.py:109} INFO - [2022-02-28 14:41:13,188] {dag.py:2937} INFO - Setting next_dagrun for tutorial to 2022-02-27T06:41:13.187162+00:00
[2022-02-28 14:41:13,199] {processor.py:171} INFO - Processing /opt/anaconda3/envs/airflow/lib/python3.7/site-packages/airflow/example_dags/tutorial.py took 0.075 seconds
[2022-02-28 14:41:49,461] {processor.py:163} INFO - Started process (PID=32908) to work on /opt/anaconda3/envs/airflow/lib/python3.7/site-packages/airflow/example_dags/tutorial.py
[2022-02-28 14:41:49,463] {processor.py:642} INFO - Processing file /opt/anaconda3/envs/airflow/lib/python3.7/site-packages/airflow/example_dags/tutorial.py for tasks to queue
[2022-02-28 14:41:49,464] {logging_mixin.py:109} INFO - [2022-02-28 14:41:49,464] {dagbag.py:500} INFO - Filling up the DagBag from /opt/anaconda3/envs/airflow/lib/python3.7/site-packages/airflow/example_dags/tutorial.py
[2022-02-28 14:41:49,494] {processor.py:654} INFO - DAG(s) dict_keys(['tutorial']) retrieved from /opt/anaconda3/envs/airflow/lib/python3.7/site-packages/airflow/example_dags/tutorial.py
[2022-02-28 14:41:49,505] {logging_mixin.py:109} INFO - [2022-02-28 14:41:49,505] {dag.py:2398} INFO - Sync 1 DAGs
[2022-02-28 14:41:49,520] {logging_mixin.py:109} INFO - [2022-02-28 14:41:49,520] {dag.py:2937} INFO - Setting next_dagrun for tutorial to 2022-02-27T06:41:49.520109+00:00
[2022-02-28 14:41:49,531] {processor.py:171} INFO - Processing /opt/anaconda3/envs/airflow/lib/python3.7/site-packages/airflow/example_dags/tutorial.py took 0.074 seconds
[2022-02-28 14:42:28,131] {processor.py:163} INFO - Started process (PID=32952) to work on /opt/anaconda3/envs/airflow/lib/python3.7/site-packages/airflow/example_dags/tutorial.py
[2022-02-28 14:42:28,134] {processor.py:642} INFO - Processing file /opt/anaconda3/envs/airflow/lib/python3.7/site-packages/airflow/example_dags/tutorial.py for tasks to queue
[2022-02-28 14:42:28,136] {logging_mixin.py:109} INFO - [2022-02-28 14:42:28,135] {dagbag.py:500} INFO - Filling up the DagBag from /opt/anaconda3/envs/airflow/lib/python3.7/site-packages/airflow/example_dags/tutorial.py
[2022-02-28 14:42:28,172] {processor.py:654} INFO - DAG(s) dict_keys(['tutorial']) retrieved from /opt/anaconda3/envs/airflow/lib/python3.7/site-packages/airflow/example_dags/tutorial.py
[2022-02-28 14:42:28,185] {logging_mixin.py:109} INFO - [2022-02-28 14:42:28,184] {dag.py:2398} INFO - Sync 1 DAGs
[2022-02-28 14:42:28,203] {logging_mixin.py:109} INFO - [2022-02-28 14:42:28,202] {dag.py:2937} INFO - Setting next_dagrun for tutorial to 2022-02-27T06:42:28.202340+00:00
[2022-02-28 14:42:28,216] {processor.py:171} INFO - Processing /opt/anaconda3/envs/airflow/lib/python3.7/site-packages/airflow/example_dags/tutorial.py took 0.090 seconds
[2022-02-28 14:43:08,607] {processor.py:163} INFO - Started process (PID=32996) to work on /opt/anaconda3/envs/airflow/lib/python3.7/site-packages/airflow/example_dags/tutorial.py
[2022-02-28 14:43:08,611] {processor.py:642} INFO - Processing file /opt/anaconda3/envs/airflow/lib/python3.7/site-packages/airflow/example_dags/tutorial.py for tasks to queue
[2022-02-28 14:43:08,613] {logging_mixin.py:109} INFO - [2022-02-28 14:43:08,613] {dagbag.py:500} INFO - Filling up the DagBag from /opt/anaconda3/envs/airflow/lib/python3.7/site-packages/airflow/example_dags/tutorial.py
[2022-02-28 14:43:08,643] {processor.py:654} INFO - DAG(s) dict_keys(['tutorial']) retrieved from /opt/anaconda3/envs/airflow/lib/python3.7/site-packages/airflow/example_dags/tutorial.py
[2022-02-28 14:43:08,654] {logging_mixin.py:109} INFO - [2022-02-28 14:43:08,654] {dag.py:2398} INFO - Sync 1 DAGs
[2022-02-28 14:43:08,670] {logging_mixin.py:109} INFO - [2022-02-28 14:43:08,670] {dag.py:2937} INFO - Setting next_dagrun for tutorial to 2022-02-27T06:43:08.669852+00:00
[2022-02-28 14:43:08,682] {processor.py:171} INFO - Processing /opt/anaconda3/envs/airflow/lib/python3.7/site-packages/airflow/example_dags/tutorial.py took 0.079 seconds
[2022-02-28 14:43:48,497] {processor.py:163} INFO - Started process (PID=33037) to work on /opt/anaconda3/envs/airflow/lib/python3.7/site-packages/airflow/example_dags/tutorial.py
[2022-02-28 14:43:48,500] {processor.py:642} INFO - Processing file /opt/anaconda3/envs/airflow/lib/python3.7/site-packages/airflow/example_dags/tutorial.py for tasks to queue
[2022-02-28 14:43:48,501] {logging_mixin.py:109} INFO - [2022-02-28 14:43:48,501] {dagbag.py:500} INFO - Filling up the DagBag from /opt/anaconda3/envs/airflow/lib/python3.7/site-packages/airflow/example_dags/tutorial.py
[2022-02-28 14:43:48,532] {processor.py:654} INFO - DAG(s) dict_keys(['tutorial']) retrieved from /opt/anaconda3/envs/airflow/lib/python3.7/site-packages/airflow/example_dags/tutorial.py
[2022-02-28 14:43:48,543] {logging_mixin.py:109} INFO - [2022-02-28 14:43:48,542] {dag.py:2398} INFO - Sync 1 DAGs
[2022-02-28 14:43:48,558] {logging_mixin.py:109} INFO - [2022-02-28 14:43:48,557] {dag.py:2937} INFO - Setting next_dagrun for tutorial to 2022-02-27T06:43:48.557590+00:00
[2022-02-28 14:43:48,569] {processor.py:171} INFO - Processing /opt/anaconda3/envs/airflow/lib/python3.7/site-packages/airflow/example_dags/tutorial.py took 0.076 seconds
[2022-02-28 14:44:30,260] {processor.py:163} INFO - Started process (PID=33089) to work on /opt/anaconda3/envs/airflow/lib/python3.7/site-packages/airflow/example_dags/tutorial.py
[2022-02-28 14:44:30,263] {processor.py:642} INFO - Processing file /opt/anaconda3/envs/airflow/lib/python3.7/site-packages/airflow/example_dags/tutorial.py for tasks to queue
[2022-02-28 14:44:30,264] {logging_mixin.py:109} INFO - [2022-02-28 14:44:30,264] {dagbag.py:500} INFO - Filling up the DagBag from /opt/anaconda3/envs/airflow/lib/python3.7/site-packages/airflow/example_dags/tutorial.py
[2022-02-28 14:44:30,297] {processor.py:654} INFO - DAG(s) dict_keys(['tutorial']) retrieved from /opt/anaconda3/envs/airflow/lib/python3.7/site-packages/airflow/example_dags/tutorial.py
[2022-02-28 14:44:30,309] {logging_mixin.py:109} INFO - [2022-02-28 14:44:30,308] {dag.py:2398} INFO - Sync 1 DAGs
[2022-02-28 14:44:30,323] {logging_mixin.py:109} INFO - [2022-02-28 14:44:30,322] {dag.py:2937} INFO - Setting next_dagrun for tutorial to 2022-02-27T06:44:30.322425+00:00
[2022-02-28 14:44:30,334] {processor.py:171} INFO - Processing /opt/anaconda3/envs/airflow/lib/python3.7/site-packages/airflow/example_dags/tutorial.py took 0.079 seconds
[2022-02-28 14:45:03,013] {processor.py:163} INFO - Started process (PID=33126) to work on /opt/anaconda3/envs/airflow/lib/python3.7/site-packages/airflow/example_dags/tutorial.py
[2022-02-28 14:45:03,016] {processor.py:642} INFO - Processing file /opt/anaconda3/envs/airflow/lib/python3.7/site-packages/airflow/example_dags/tutorial.py for tasks to queue
[2022-02-28 14:45:03,019] {logging_mixin.py:109} INFO - [2022-02-28 14:45:03,018] {dagbag.py:500} INFO - Filling up the DagBag from /opt/anaconda3/envs/airflow/lib/python3.7/site-packages/airflow/example_dags/tutorial.py
[2022-02-28 14:45:03,075] {processor.py:654} INFO - DAG(s) dict_keys(['tutorial']) retrieved from /opt/anaconda3/envs/airflow/lib/python3.7/site-packages/airflow/example_dags/tutorial.py
[2022-02-28 14:45:03,096] {logging_mixin.py:109} INFO - [2022-02-28 14:45:03,096] {dag.py:2398} INFO - Sync 1 DAGs
[2022-02-28 14:45:03,119] {logging_mixin.py:109} INFO - [2022-02-28 14:45:03,118] {dag.py:2937} INFO - Setting next_dagrun for tutorial to 2022-02-27T06:45:03.118408+00:00
[2022-02-28 14:45:03,143] {processor.py:171} INFO - Processing /opt/anaconda3/envs/airflow/lib/python3.7/site-packages/airflow/example_dags/tutorial.py took 0.136 seconds
[2022-02-28 14:45:40,923] {processor.py:163} INFO - Started process (PID=33188) to work on /opt/anaconda3/envs/airflow/lib/python3.7/site-packages/airflow/example_dags/tutorial.py
[2022-02-28 14:45:40,926] {processor.py:642} INFO - Processing file /opt/anaconda3/envs/airflow/lib/python3.7/site-packages/airflow/example_dags/tutorial.py for tasks to queue
[2022-02-28 14:45:40,927] {logging_mixin.py:109} INFO - [2022-02-28 14:45:40,927] {dagbag.py:500} INFO - Filling up the DagBag from /opt/anaconda3/envs/airflow/lib/python3.7/site-packages/airflow/example_dags/tutorial.py
[2022-02-28 14:45:40,959] {processor.py:654} INFO - DAG(s) dict_keys(['tutorial']) retrieved from /opt/anaconda3/envs/airflow/lib/python3.7/site-packages/airflow/example_dags/tutorial.py
[2022-02-28 14:45:40,969] {logging_mixin.py:109} INFO - [2022-02-28 14:45:40,969] {dag.py:2398} INFO - Sync 1 DAGs
[2022-02-28 14:45:40,985] {logging_mixin.py:109} INFO - [2022-02-28 14:45:40,984] {dag.py:2937} INFO - Setting next_dagrun for tutorial to 2022-02-27T06:45:40.984495+00:00
[2022-02-28 14:45:40,996] {processor.py:171} INFO - Processing /opt/anaconda3/envs/airflow/lib/python3.7/site-packages/airflow/example_dags/tutorial.py took 0.077 seconds
[2022-02-28 14:46:16,306] {processor.py:163} INFO - Started process (PID=33229) to work on /opt/anaconda3/envs/airflow/lib/python3.7/site-packages/airflow/example_dags/tutorial.py
[2022-02-28 14:46:16,308] {processor.py:642} INFO - Processing file /opt/anaconda3/envs/airflow/lib/python3.7/site-packages/airflow/example_dags/tutorial.py for tasks to queue
[2022-02-28 14:46:16,309] {logging_mixin.py:109} INFO - [2022-02-28 14:46:16,309] {dagbag.py:500} INFO - Filling up the DagBag from /opt/anaconda3/envs/airflow/lib/python3.7/site-packages/airflow/example_dags/tutorial.py
[2022-02-28 14:46:16,344] {processor.py:654} INFO - DAG(s) dict_keys(['tutorial']) retrieved from /opt/anaconda3/envs/airflow/lib/python3.7/site-packages/airflow/example_dags/tutorial.py
[2022-02-28 14:46:16,358] {logging_mixin.py:109} INFO - [2022-02-28 14:46:16,358] {dag.py:2398} INFO - Sync 1 DAGs
[2022-02-28 14:46:16,377] {logging_mixin.py:109} INFO - [2022-02-28 14:46:16,377] {dag.py:2937} INFO - Setting next_dagrun for tutorial to 2022-02-27T06:46:16.376975+00:00
[2022-02-28 14:46:16,389] {processor.py:171} INFO - Processing /opt/anaconda3/envs/airflow/lib/python3.7/site-packages/airflow/example_dags/tutorial.py took 0.088 seconds
[2022-02-28 14:46:56,791] {processor.py:163} INFO - Started process (PID=33266) to work on /opt/anaconda3/envs/airflow/lib/python3.7/site-packages/airflow/example_dags/tutorial.py
[2022-02-28 14:46:56,795] {processor.py:642} INFO - Processing file /opt/anaconda3/envs/airflow/lib/python3.7/site-packages/airflow/example_dags/tutorial.py for tasks to queue
[2022-02-28 14:46:56,800] {logging_mixin.py:109} INFO - [2022-02-28 14:46:56,798] {dagbag.py:500} INFO - Filling up the DagBag from /opt/anaconda3/envs/airflow/lib/python3.7/site-packages/airflow/example_dags/tutorial.py
[2022-02-28 14:46:56,852] {processor.py:654} INFO - DAG(s) dict_keys(['tutorial']) retrieved from /opt/anaconda3/envs/airflow/lib/python3.7/site-packages/airflow/example_dags/tutorial.py
[2022-02-28 14:46:56,870] {logging_mixin.py:109} INFO - [2022-02-28 14:46:56,870] {dag.py:2398} INFO - Sync 1 DAGs
[2022-02-28 14:46:56,888] {logging_mixin.py:109} INFO - [2022-02-28 14:46:56,888] {dag.py:2937} INFO - Setting next_dagrun for tutorial to 2022-02-27T06:46:56.887813+00:00
[2022-02-28 14:46:56,903] {processor.py:171} INFO - Processing /opt/anaconda3/envs/airflow/lib/python3.7/site-packages/airflow/example_dags/tutorial.py took 0.117 seconds
[2022-02-28 14:47:36,067] {processor.py:163} INFO - Started process (PID=33304) to work on /opt/anaconda3/envs/airflow/lib/python3.7/site-packages/airflow/example_dags/tutorial.py
[2022-02-28 14:47:36,069] {processor.py:642} INFO - Processing file /opt/anaconda3/envs/airflow/lib/python3.7/site-packages/airflow/example_dags/tutorial.py for tasks to queue
[2022-02-28 14:47:36,070] {logging_mixin.py:109} INFO - [2022-02-28 14:47:36,070] {dagbag.py:500} INFO - Filling up the DagBag from /opt/anaconda3/envs/airflow/lib/python3.7/site-packages/airflow/example_dags/tutorial.py
[2022-02-28 14:47:36,103] {processor.py:654} INFO - DAG(s) dict_keys(['tutorial']) retrieved from /opt/anaconda3/envs/airflow/lib/python3.7/site-packages/airflow/example_dags/tutorial.py
[2022-02-28 14:47:36,116] {logging_mixin.py:109} INFO - [2022-02-28 14:47:36,116] {dag.py:2398} INFO - Sync 1 DAGs
[2022-02-28 14:47:36,131] {logging_mixin.py:109} INFO - [2022-02-28 14:47:36,131] {dag.py:2937} INFO - Setting next_dagrun for tutorial to 2022-02-27T06:47:36.130816+00:00
[2022-02-28 14:47:36,141] {processor.py:171} INFO - Processing /opt/anaconda3/envs/airflow/lib/python3.7/site-packages/airflow/example_dags/tutorial.py took 0.078 seconds
[2022-02-28 14:48:16,103] {processor.py:163} INFO - Started process (PID=33343) to work on /opt/anaconda3/envs/airflow/lib/python3.7/site-packages/airflow/example_dags/tutorial.py
[2022-02-28 14:48:16,105] {processor.py:642} INFO - Processing file /opt/anaconda3/envs/airflow/lib/python3.7/site-packages/airflow/example_dags/tutorial.py for tasks to queue
[2022-02-28 14:48:16,106] {logging_mixin.py:109} INFO - [2022-02-28 14:48:16,106] {dagbag.py:500} INFO - Filling up the DagBag from /opt/anaconda3/envs/airflow/lib/python3.7/site-packages/airflow/example_dags/tutorial.py
[2022-02-28 14:48:16,137] {processor.py:654} INFO - DAG(s) dict_keys(['tutorial']) retrieved from /opt/anaconda3/envs/airflow/lib/python3.7/site-packages/airflow/example_dags/tutorial.py
[2022-02-28 14:48:16,149] {logging_mixin.py:109} INFO - [2022-02-28 14:48:16,149] {dag.py:2398} INFO - Sync 1 DAGs
[2022-02-28 14:48:16,164] {logging_mixin.py:109} INFO - [2022-02-28 14:48:16,163] {dag.py:2937} INFO - Setting next_dagrun for tutorial to 2022-02-27T06:48:16.163597+00:00
[2022-02-28 14:48:16,174] {processor.py:171} INFO - Processing /opt/anaconda3/envs/airflow/lib/python3.7/site-packages/airflow/example_dags/tutorial.py took 0.075 seconds
[2022-02-28 14:48:50,057] {processor.py:163} INFO - Started process (PID=33377) to work on /opt/anaconda3/envs/airflow/lib/python3.7/site-packages/airflow/example_dags/tutorial.py
[2022-02-28 14:48:50,059] {processor.py:642} INFO - Processing file /opt/anaconda3/envs/airflow/lib/python3.7/site-packages/airflow/example_dags/tutorial.py for tasks to queue
[2022-02-28 14:48:50,060] {logging_mixin.py:109} INFO - [2022-02-28 14:48:50,059] {dagbag.py:500} INFO - Filling up the DagBag from /opt/anaconda3/envs/airflow/lib/python3.7/site-packages/airflow/example_dags/tutorial.py
[2022-02-28 14:48:50,092] {processor.py:654} INFO - DAG(s) dict_keys(['tutorial']) retrieved from /opt/anaconda3/envs/airflow/lib/python3.7/site-packages/airflow/example_dags/tutorial.py
[2022-02-28 14:48:50,104] {logging_mixin.py:109} INFO - [2022-02-28 14:48:50,104] {dag.py:2398} INFO - Sync 1 DAGs
[2022-02-28 14:48:50,119] {logging_mixin.py:109} INFO - [2022-02-28 14:48:50,118] {dag.py:2937} INFO - Setting next_dagrun for tutorial to 2022-02-27T06:48:50.118433+00:00
[2022-02-28 14:48:50,129] {processor.py:171} INFO - Processing /opt/anaconda3/envs/airflow/lib/python3.7/site-packages/airflow/example_dags/tutorial.py took 0.076 seconds
[2022-02-28 14:49:31,368] {processor.py:163} INFO - Started process (PID=33415) to work on /opt/anaconda3/envs/airflow/lib/python3.7/site-packages/airflow/example_dags/tutorial.py
[2022-02-28 14:49:31,369] {processor.py:642} INFO - Processing file /opt/anaconda3/envs/airflow/lib/python3.7/site-packages/airflow/example_dags/tutorial.py for tasks to queue
[2022-02-28 14:49:31,370] {logging_mixin.py:109} INFO - [2022-02-28 14:49:31,370] {dagbag.py:500} INFO - Filling up the DagBag from /opt/anaconda3/envs/airflow/lib/python3.7/site-packages/airflow/example_dags/tutorial.py
[2022-02-28 14:49:31,403] {processor.py:654} INFO - DAG(s) dict_keys(['tutorial']) retrieved from /opt/anaconda3/envs/airflow/lib/python3.7/site-packages/airflow/example_dags/tutorial.py
[2022-02-28 14:49:31,415] {logging_mixin.py:109} INFO - [2022-02-28 14:49:31,414] {dag.py:2398} INFO - Sync 1 DAGs
[2022-02-28 14:49:31,429] {logging_mixin.py:109} INFO - [2022-02-28 14:49:31,428] {dag.py:2937} INFO - Setting next_dagrun for tutorial to 2022-02-27T06:49:31.428301+00:00
[2022-02-28 14:49:31,439] {processor.py:171} INFO - Processing /opt/anaconda3/envs/airflow/lib/python3.7/site-packages/airflow/example_dags/tutorial.py took 0.076 seconds
[2022-02-28 14:50:10,581] {processor.py:163} INFO - Started process (PID=33454) to work on /opt/anaconda3/envs/airflow/lib/python3.7/site-packages/airflow/example_dags/tutorial.py
[2022-02-28 14:50:10,583] {processor.py:642} INFO - Processing file /opt/anaconda3/envs/airflow/lib/python3.7/site-packages/airflow/example_dags/tutorial.py for tasks to queue
[2022-02-28 14:50:10,585] {logging_mixin.py:109} INFO - [2022-02-28 14:50:10,584] {dagbag.py:500} INFO - Filling up the DagBag from /opt/anaconda3/envs/airflow/lib/python3.7/site-packages/airflow/example_dags/tutorial.py
[2022-02-28 14:50:10,617] {processor.py:654} INFO - DAG(s) dict_keys(['tutorial']) retrieved from /opt/anaconda3/envs/airflow/lib/python3.7/site-packages/airflow/example_dags/tutorial.py
[2022-02-28 14:50:10,629] {logging_mixin.py:109} INFO - [2022-02-28 14:50:10,628] {dag.py:2398} INFO - Sync 1 DAGs
[2022-02-28 14:50:10,644] {logging_mixin.py:109} INFO - [2022-02-28 14:50:10,643] {dag.py:2937} INFO - Setting next_dagrun for tutorial to 2022-02-27T06:50:10.643537+00:00
[2022-02-28 14:50:10,656] {processor.py:171} INFO - Processing /opt/anaconda3/envs/airflow/lib/python3.7/site-packages/airflow/example_dags/tutorial.py took 0.080 seconds
[2022-02-28 14:50:55,428] {processor.py:163} INFO - Started process (PID=33532) to work on /opt/anaconda3/envs/airflow/lib/python3.7/site-packages/airflow/example_dags/tutorial.py
[2022-02-28 14:50:55,438] {processor.py:642} INFO - Processing file /opt/anaconda3/envs/airflow/lib/python3.7/site-packages/airflow/example_dags/tutorial.py for tasks to queue
[2022-02-28 14:50:55,447] {logging_mixin.py:109} INFO - [2022-02-28 14:50:55,446] {dagbag.py:500} INFO - Filling up the DagBag from /opt/anaconda3/envs/airflow/lib/python3.7/site-packages/airflow/example_dags/tutorial.py
[2022-02-28 14:50:55,970] {processor.py:654} INFO - DAG(s) dict_keys(['tutorial']) retrieved from /opt/anaconda3/envs/airflow/lib/python3.7/site-packages/airflow/example_dags/tutorial.py
[2022-02-28 14:50:56,137] {logging_mixin.py:109} INFO - [2022-02-28 14:50:56,136] {dag.py:2398} INFO - Sync 1 DAGs
[2022-02-28 14:50:56,454] {logging_mixin.py:109} INFO - [2022-02-28 14:50:56,448] {dag.py:2937} INFO - Setting next_dagrun for tutorial to 2022-02-27T06:50:56.447544+00:00
[2022-02-28 14:50:56,484] {processor.py:171} INFO - Processing /opt/anaconda3/envs/airflow/lib/python3.7/site-packages/airflow/example_dags/tutorial.py took 1.074 seconds
[2022-02-28 14:51:36,465] {processor.py:163} INFO - Started process (PID=33578) to work on /opt/anaconda3/envs/airflow/lib/python3.7/site-packages/airflow/example_dags/tutorial.py
[2022-02-28 14:51:36,468] {processor.py:642} INFO - Processing file /opt/anaconda3/envs/airflow/lib/python3.7/site-packages/airflow/example_dags/tutorial.py for tasks to queue
[2022-02-28 14:51:36,470] {logging_mixin.py:109} INFO - [2022-02-28 14:51:36,469] {dagbag.py:500} INFO - Filling up the DagBag from /opt/anaconda3/envs/airflow/lib/python3.7/site-packages/airflow/example_dags/tutorial.py
[2022-02-28 14:51:36,501] {processor.py:654} INFO - DAG(s) dict_keys(['tutorial']) retrieved from /opt/anaconda3/envs/airflow/lib/python3.7/site-packages/airflow/example_dags/tutorial.py
[2022-02-28 14:51:36,514] {logging_mixin.py:109} INFO - [2022-02-28 14:51:36,513] {dag.py:2398} INFO - Sync 1 DAGs
[2022-02-28 14:51:36,529] {logging_mixin.py:109} INFO - [2022-02-28 14:51:36,529] {dag.py:2937} INFO - Setting next_dagrun for tutorial to 2022-02-27T06:51:36.529196+00:00
[2022-02-28 14:51:36,540] {processor.py:171} INFO - Processing /opt/anaconda3/envs/airflow/lib/python3.7/site-packages/airflow/example_dags/tutorial.py took 0.079 seconds
[2022-02-28 14:52:15,088] {processor.py:163} INFO - Started process (PID=33613) to work on /opt/anaconda3/envs/airflow/lib/python3.7/site-packages/airflow/example_dags/tutorial.py
[2022-02-28 14:52:15,090] {processor.py:642} INFO - Processing file /opt/anaconda3/envs/airflow/lib/python3.7/site-packages/airflow/example_dags/tutorial.py for tasks to queue
[2022-02-28 14:52:15,092] {logging_mixin.py:109} INFO - [2022-02-28 14:52:15,091] {dagbag.py:500} INFO - Filling up the DagBag from /opt/anaconda3/envs/airflow/lib/python3.7/site-packages/airflow/example_dags/tutorial.py
[2022-02-28 14:52:15,126] {processor.py:654} INFO - DAG(s) dict_keys(['tutorial']) retrieved from /opt/anaconda3/envs/airflow/lib/python3.7/site-packages/airflow/example_dags/tutorial.py
[2022-02-28 14:52:15,138] {logging_mixin.py:109} INFO - [2022-02-28 14:52:15,138] {dag.py:2398} INFO - Sync 1 DAGs
[2022-02-28 14:52:15,152] {logging_mixin.py:109} INFO - [2022-02-28 14:52:15,151] {dag.py:2937} INFO - Setting next_dagrun for tutorial to 2022-02-27T06:52:15.151359+00:00
[2022-02-28 14:52:15,163] {processor.py:171} INFO - Processing /opt/anaconda3/envs/airflow/lib/python3.7/site-packages/airflow/example_dags/tutorial.py took 0.080 seconds
[2022-02-28 14:52:53,084] {processor.py:163} INFO - Started process (PID=33652) to work on /opt/anaconda3/envs/airflow/lib/python3.7/site-packages/airflow/example_dags/tutorial.py
[2022-02-28 14:52:53,087] {processor.py:642} INFO - Processing file /opt/anaconda3/envs/airflow/lib/python3.7/site-packages/airflow/example_dags/tutorial.py for tasks to queue
[2022-02-28 14:52:53,089] {logging_mixin.py:109} INFO - [2022-02-28 14:52:53,088] {dagbag.py:500} INFO - Filling up the DagBag from /opt/anaconda3/envs/airflow/lib/python3.7/site-packages/airflow/example_dags/tutorial.py
[2022-02-28 14:52:53,124] {processor.py:654} INFO - DAG(s) dict_keys(['tutorial']) retrieved from /opt/anaconda3/envs/airflow/lib/python3.7/site-packages/airflow/example_dags/tutorial.py
[2022-02-28 14:52:53,137] {logging_mixin.py:109} INFO - [2022-02-28 14:52:53,137] {dag.py:2398} INFO - Sync 1 DAGs
[2022-02-28 14:52:53,154] {logging_mixin.py:109} INFO - [2022-02-28 14:52:53,154] {dag.py:2937} INFO - Setting next_dagrun for tutorial to 2022-02-27T06:52:53.153907+00:00
[2022-02-28 14:52:53,170] {processor.py:171} INFO - Processing /opt/anaconda3/envs/airflow/lib/python3.7/site-packages/airflow/example_dags/tutorial.py took 0.090 seconds
[2022-02-28 14:53:36,423] {processor.py:163} INFO - Started process (PID=33717) to work on /opt/anaconda3/envs/airflow/lib/python3.7/site-packages/airflow/example_dags/tutorial.py
[2022-02-28 14:53:36,426] {processor.py:642} INFO - Processing file /opt/anaconda3/envs/airflow/lib/python3.7/site-packages/airflow/example_dags/tutorial.py for tasks to queue
[2022-02-28 14:53:36,427] {logging_mixin.py:109} INFO - [2022-02-28 14:53:36,427] {dagbag.py:500} INFO - Filling up the DagBag from /opt/anaconda3/envs/airflow/lib/python3.7/site-packages/airflow/example_dags/tutorial.py
[2022-02-28 14:53:36,465] {processor.py:654} INFO - DAG(s) dict_keys(['tutorial']) retrieved from /opt/anaconda3/envs/airflow/lib/python3.7/site-packages/airflow/example_dags/tutorial.py
[2022-02-28 14:53:36,479] {logging_mixin.py:109} INFO - [2022-02-28 14:53:36,478] {dag.py:2398} INFO - Sync 1 DAGs
[2022-02-28 14:53:36,494] {logging_mixin.py:109} INFO - [2022-02-28 14:53:36,493] {dag.py:2937} INFO - Setting next_dagrun for tutorial to 2022-02-27T06:53:36.493497+00:00
[2022-02-28 14:53:36,504] {processor.py:171} INFO - Processing /opt/anaconda3/envs/airflow/lib/python3.7/site-packages/airflow/example_dags/tutorial.py took 0.085 seconds
[2022-02-28 14:54:13,218] {processor.py:163} INFO - Started process (PID=33810) to work on /opt/anaconda3/envs/airflow/lib/python3.7/site-packages/airflow/example_dags/tutorial.py
[2022-02-28 14:54:13,221] {processor.py:642} INFO - Processing file /opt/anaconda3/envs/airflow/lib/python3.7/site-packages/airflow/example_dags/tutorial.py for tasks to queue
[2022-02-28 14:54:13,222] {logging_mixin.py:109} INFO - [2022-02-28 14:54:13,222] {dagbag.py:500} INFO - Filling up the DagBag from /opt/anaconda3/envs/airflow/lib/python3.7/site-packages/airflow/example_dags/tutorial.py
[2022-02-28 14:54:13,259] {processor.py:654} INFO - DAG(s) dict_keys(['tutorial']) retrieved from /opt/anaconda3/envs/airflow/lib/python3.7/site-packages/airflow/example_dags/tutorial.py
[2022-02-28 14:54:13,275] {logging_mixin.py:109} INFO - [2022-02-28 14:54:13,274] {dag.py:2398} INFO - Sync 1 DAGs
[2022-02-28 14:54:13,292] {logging_mixin.py:109} INFO - [2022-02-28 14:54:13,292] {dag.py:2937} INFO - Setting next_dagrun for tutorial to 2022-02-27T06:54:13.291700+00:00
[2022-02-28 14:54:13,302] {processor.py:171} INFO - Processing /opt/anaconda3/envs/airflow/lib/python3.7/site-packages/airflow/example_dags/tutorial.py took 0.089 seconds
[2022-02-28 14:54:36,184] {processor.py:163} INFO - Started process (PID=33875) to work on /opt/anaconda3/envs/airflow/lib/python3.7/site-packages/airflow/example_dags/tutorial.py
[2022-02-28 14:54:36,187] {processor.py:642} INFO - Processing file /opt/anaconda3/envs/airflow/lib/python3.7/site-packages/airflow/example_dags/tutorial.py for tasks to queue
[2022-02-28 14:54:36,188] {logging_mixin.py:109} INFO - [2022-02-28 14:54:36,187] {dagbag.py:500} INFO - Filling up the DagBag from /opt/anaconda3/envs/airflow/lib/python3.7/site-packages/airflow/example_dags/tutorial.py
[2022-02-28 14:54:36,221] {processor.py:654} INFO - DAG(s) dict_keys(['tutorial']) retrieved from /opt/anaconda3/envs/airflow/lib/python3.7/site-packages/airflow/example_dags/tutorial.py
[2022-02-28 14:54:36,231] {logging_mixin.py:109} INFO - [2022-02-28 14:54:36,230] {dag.py:2398} INFO - Sync 1 DAGs
[2022-02-28 14:54:36,246] {logging_mixin.py:109} INFO - [2022-02-28 14:54:36,245] {dag.py:2937} INFO - Setting next_dagrun for tutorial to 2022-02-27T06:54:36.245529+00:00
[2022-02-28 14:54:36,257] {processor.py:171} INFO - Processing /opt/anaconda3/envs/airflow/lib/python3.7/site-packages/airflow/example_dags/tutorial.py took 0.076 seconds
[2022-02-28 14:55:14,201] {processor.py:163} INFO - Started process (PID=33952) to work on /opt/anaconda3/envs/airflow/lib/python3.7/site-packages/airflow/example_dags/tutorial.py
[2022-02-28 14:55:14,203] {processor.py:642} INFO - Processing file /opt/anaconda3/envs/airflow/lib/python3.7/site-packages/airflow/example_dags/tutorial.py for tasks to queue
[2022-02-28 14:55:14,205] {logging_mixin.py:109} INFO - [2022-02-28 14:55:14,204] {dagbag.py:500} INFO - Filling up the DagBag from /opt/anaconda3/envs/airflow/lib/python3.7/site-packages/airflow/example_dags/tutorial.py
[2022-02-28 14:55:14,243] {processor.py:654} INFO - DAG(s) dict_keys(['tutorial']) retrieved from /opt/anaconda3/envs/airflow/lib/python3.7/site-packages/airflow/example_dags/tutorial.py
[2022-02-28 14:55:14,254] {logging_mixin.py:109} INFO - [2022-02-28 14:55:14,254] {dag.py:2398} INFO - Sync 1 DAGs
[2022-02-28 14:55:14,272] {logging_mixin.py:109} INFO - [2022-02-28 14:55:14,272] {dag.py:2937} INFO - Setting next_dagrun for tutorial to 2022-02-27T06:55:14.272307+00:00
[2022-02-28 14:55:14,282] {processor.py:171} INFO - Processing /opt/anaconda3/envs/airflow/lib/python3.7/site-packages/airflow/example_dags/tutorial.py took 0.086 seconds
[2022-02-28 14:56:27,471] {processor.py:163} INFO - Started process (PID=34068) to work on /opt/anaconda3/envs/airflow/lib/python3.7/site-packages/airflow/example_dags/tutorial.py
[2022-02-28 14:56:27,473] {processor.py:642} INFO - Processing file /opt/anaconda3/envs/airflow/lib/python3.7/site-packages/airflow/example_dags/tutorial.py for tasks to queue
[2022-02-28 14:56:27,474] {logging_mixin.py:109} INFO - [2022-02-28 14:56:27,474] {dagbag.py:500} INFO - Filling up the DagBag from /opt/anaconda3/envs/airflow/lib/python3.7/site-packages/airflow/example_dags/tutorial.py
[2022-02-28 14:56:27,513] {processor.py:654} INFO - DAG(s) dict_keys(['tutorial']) retrieved from /opt/anaconda3/envs/airflow/lib/python3.7/site-packages/airflow/example_dags/tutorial.py
[2022-02-28 14:56:27,528] {logging_mixin.py:109} INFO - [2022-02-28 14:56:27,528] {dag.py:2398} INFO - Sync 1 DAGs
[2022-02-28 14:56:27,543] {logging_mixin.py:109} INFO - [2022-02-28 14:56:27,542] {dag.py:2937} INFO - Setting next_dagrun for tutorial to 2022-02-27T06:56:27.542284+00:00
[2022-02-28 14:56:27,554] {processor.py:171} INFO - Processing /opt/anaconda3/envs/airflow/lib/python3.7/site-packages/airflow/example_dags/tutorial.py took 0.087 seconds
[2022-02-28 14:57:03,231] {processor.py:163} INFO - Started process (PID=34154) to work on /opt/anaconda3/envs/airflow/lib/python3.7/site-packages/airflow/example_dags/tutorial.py
[2022-02-28 14:57:03,234] {processor.py:642} INFO - Processing file /opt/anaconda3/envs/airflow/lib/python3.7/site-packages/airflow/example_dags/tutorial.py for tasks to queue
[2022-02-28 14:57:03,235] {logging_mixin.py:109} INFO - [2022-02-28 14:57:03,234] {dagbag.py:500} INFO - Filling up the DagBag from /opt/anaconda3/envs/airflow/lib/python3.7/site-packages/airflow/example_dags/tutorial.py
[2022-02-28 14:57:03,269] {processor.py:654} INFO - DAG(s) dict_keys(['tutorial']) retrieved from /opt/anaconda3/envs/airflow/lib/python3.7/site-packages/airflow/example_dags/tutorial.py
[2022-02-28 14:57:03,280] {logging_mixin.py:109} INFO - [2022-02-28 14:57:03,279] {dag.py:2398} INFO - Sync 1 DAGs
[2022-02-28 14:57:03,294] {logging_mixin.py:109} INFO - [2022-02-28 14:57:03,294] {dag.py:2937} INFO - Setting next_dagrun for tutorial to 2022-02-27T06:57:03.294099+00:00
[2022-02-28 14:57:03,305] {processor.py:171} INFO - Processing /opt/anaconda3/envs/airflow/lib/python3.7/site-packages/airflow/example_dags/tutorial.py took 0.078 seconds
[2022-02-28 15:00:05,996] {processor.py:163} INFO - Started process (PID=34539) to work on /opt/anaconda3/envs/airflow/lib/python3.7/site-packages/airflow/example_dags/tutorial.py
[2022-02-28 15:00:05,999] {processor.py:642} INFO - Processing file /opt/anaconda3/envs/airflow/lib/python3.7/site-packages/airflow/example_dags/tutorial.py for tasks to queue
[2022-02-28 15:00:06,000] {logging_mixin.py:109} INFO - [2022-02-28 15:00:05,999] {dagbag.py:500} INFO - Filling up the DagBag from /opt/anaconda3/envs/airflow/lib/python3.7/site-packages/airflow/example_dags/tutorial.py
[2022-02-28 15:00:06,032] {processor.py:654} INFO - DAG(s) dict_keys(['tutorial']) retrieved from /opt/anaconda3/envs/airflow/lib/python3.7/site-packages/airflow/example_dags/tutorial.py
[2022-02-28 15:00:06,043] {logging_mixin.py:109} INFO - [2022-02-28 15:00:06,043] {dag.py:2398} INFO - Sync 1 DAGs
[2022-02-28 15:00:06,056] {logging_mixin.py:109} INFO - [2022-02-28 15:00:06,056] {dag.py:2937} INFO - Setting next_dagrun for tutorial to 2022-02-27T07:00:06.056172+00:00
[2022-02-28 15:00:06,067] {processor.py:171} INFO - Processing /opt/anaconda3/envs/airflow/lib/python3.7/site-packages/airflow/example_dags/tutorial.py took 0.075 seconds
[2022-02-28 15:03:16,991] {processor.py:163} INFO - Started process (PID=34720) to work on /opt/anaconda3/envs/airflow/lib/python3.7/site-packages/airflow/example_dags/tutorial.py
[2022-02-28 15:03:16,994] {processor.py:642} INFO - Processing file /opt/anaconda3/envs/airflow/lib/python3.7/site-packages/airflow/example_dags/tutorial.py for tasks to queue
[2022-02-28 15:03:16,995] {logging_mixin.py:109} INFO - [2022-02-28 15:03:16,995] {dagbag.py:500} INFO - Filling up the DagBag from /opt/anaconda3/envs/airflow/lib/python3.7/site-packages/airflow/example_dags/tutorial.py
[2022-02-28 15:03:17,027] {processor.py:654} INFO - DAG(s) dict_keys(['tutorial']) retrieved from /opt/anaconda3/envs/airflow/lib/python3.7/site-packages/airflow/example_dags/tutorial.py
[2022-02-28 15:03:17,040] {logging_mixin.py:109} INFO - [2022-02-28 15:03:17,040] {dag.py:2398} INFO - Sync 1 DAGs
[2022-02-28 15:03:17,055] {logging_mixin.py:109} INFO - [2022-02-28 15:03:17,054] {dag.py:2937} INFO - Setting next_dagrun for tutorial to 2022-02-27T07:03:17.054467+00:00
[2022-02-28 15:03:17,066] {processor.py:171} INFO - Processing /opt/anaconda3/envs/airflow/lib/python3.7/site-packages/airflow/example_dags/tutorial.py took 0.078 seconds
[2022-02-28 15:05:59,727] {processor.py:163} INFO - Started process (PID=35038) to work on /opt/anaconda3/envs/airflow/lib/python3.7/site-packages/airflow/example_dags/tutorial.py
[2022-02-28 15:05:59,730] {processor.py:642} INFO - Processing file /opt/anaconda3/envs/airflow/lib/python3.7/site-packages/airflow/example_dags/tutorial.py for tasks to queue
[2022-02-28 15:05:59,732] {logging_mixin.py:109} INFO - [2022-02-28 15:05:59,731] {dagbag.py:500} INFO - Filling up the DagBag from /opt/anaconda3/envs/airflow/lib/python3.7/site-packages/airflow/example_dags/tutorial.py
[2022-02-28 15:05:59,764] {processor.py:654} INFO - DAG(s) dict_keys(['tutorial']) retrieved from /opt/anaconda3/envs/airflow/lib/python3.7/site-packages/airflow/example_dags/tutorial.py
[2022-02-28 15:05:59,775] {logging_mixin.py:109} INFO - [2022-02-28 15:05:59,774] {dag.py:2398} INFO - Sync 1 DAGs
[2022-02-28 15:05:59,788] {logging_mixin.py:109} INFO - [2022-02-28 15:05:59,788] {dag.py:2937} INFO - Setting next_dagrun for tutorial to 2022-02-27T07:05:59.788195+00:00
[2022-02-28 15:05:59,798] {processor.py:171} INFO - Processing /opt/anaconda3/envs/airflow/lib/python3.7/site-packages/airflow/example_dags/tutorial.py took 0.074 seconds
[2022-02-28 15:06:36,328] {processor.py:163} INFO - Started process (PID=35076) to work on /opt/anaconda3/envs/airflow/lib/python3.7/site-packages/airflow/example_dags/tutorial.py
[2022-02-28 15:06:36,329] {processor.py:642} INFO - Processing file /opt/anaconda3/envs/airflow/lib/python3.7/site-packages/airflow/example_dags/tutorial.py for tasks to queue
[2022-02-28 15:06:36,331] {logging_mixin.py:109} INFO - [2022-02-28 15:06:36,330] {dagbag.py:500} INFO - Filling up the DagBag from /opt/anaconda3/envs/airflow/lib/python3.7/site-packages/airflow/example_dags/tutorial.py
[2022-02-28 15:06:36,456] {processor.py:654} INFO - DAG(s) dict_keys(['tutorial']) retrieved from /opt/anaconda3/envs/airflow/lib/python3.7/site-packages/airflow/example_dags/tutorial.py
[2022-02-28 15:06:36,473] {logging_mixin.py:109} INFO - [2022-02-28 15:06:36,473] {dag.py:2398} INFO - Sync 1 DAGs
[2022-02-28 15:06:36,495] {logging_mixin.py:109} INFO - [2022-02-28 15:06:36,494] {dag.py:2937} INFO - Setting next_dagrun for tutorial to 2022-02-27T07:06:36.493900+00:00
[2022-02-28 15:06:36,526] {processor.py:171} INFO - Processing /opt/anaconda3/envs/airflow/lib/python3.7/site-packages/airflow/example_dags/tutorial.py took 0.206 seconds
[2022-02-28 15:07:31,226] {processor.py:163} INFO - Started process (PID=35222) to work on /opt/anaconda3/envs/airflow/lib/python3.7/site-packages/airflow/example_dags/tutorial.py
[2022-02-28 15:07:31,229] {processor.py:642} INFO - Processing file /opt/anaconda3/envs/airflow/lib/python3.7/site-packages/airflow/example_dags/tutorial.py for tasks to queue
[2022-02-28 15:07:31,230] {logging_mixin.py:109} INFO - [2022-02-28 15:07:31,230] {dagbag.py:500} INFO - Filling up the DagBag from /opt/anaconda3/envs/airflow/lib/python3.7/site-packages/airflow/example_dags/tutorial.py
[2022-02-28 15:07:31,263] {processor.py:654} INFO - DAG(s) dict_keys(['tutorial']) retrieved from /opt/anaconda3/envs/airflow/lib/python3.7/site-packages/airflow/example_dags/tutorial.py
[2022-02-28 15:07:31,272] {logging_mixin.py:109} INFO - [2022-02-28 15:07:31,272] {dag.py:2398} INFO - Sync 1 DAGs
[2022-02-28 15:07:31,285] {logging_mixin.py:109} INFO - [2022-02-28 15:07:31,285] {dag.py:2937} INFO - Setting next_dagrun for tutorial to 2022-02-27T07:07:31.285303+00:00
[2022-02-28 15:07:31,296] {processor.py:171} INFO - Processing /opt/anaconda3/envs/airflow/lib/python3.7/site-packages/airflow/example_dags/tutorial.py took 0.074 seconds
[2022-02-28 15:08:41,826] {processor.py:163} INFO - Started process (PID=35365) to work on /opt/anaconda3/envs/airflow/lib/python3.7/site-packages/airflow/example_dags/tutorial.py
[2022-02-28 15:08:41,829] {processor.py:642} INFO - Processing file /opt/anaconda3/envs/airflow/lib/python3.7/site-packages/airflow/example_dags/tutorial.py for tasks to queue
[2022-02-28 15:08:41,830] {logging_mixin.py:109} INFO - [2022-02-28 15:08:41,830] {dagbag.py:500} INFO - Filling up the DagBag from /opt/anaconda3/envs/airflow/lib/python3.7/site-packages/airflow/example_dags/tutorial.py
[2022-02-28 15:08:41,867] {processor.py:654} INFO - DAG(s) dict_keys(['tutorial']) retrieved from /opt/anaconda3/envs/airflow/lib/python3.7/site-packages/airflow/example_dags/tutorial.py
[2022-02-28 15:08:41,879] {logging_mixin.py:109} INFO - [2022-02-28 15:08:41,878] {dag.py:2398} INFO - Sync 1 DAGs
[2022-02-28 15:08:41,895] {logging_mixin.py:109} INFO - [2022-02-28 15:08:41,894] {dag.py:2937} INFO - Setting next_dagrun for tutorial to 2022-02-27T07:08:41.894069+00:00
[2022-02-28 15:08:41,905] {processor.py:171} INFO - Processing /opt/anaconda3/envs/airflow/lib/python3.7/site-packages/airflow/example_dags/tutorial.py took 0.083 seconds
[2022-02-28 15:09:14,130] {processor.py:163} INFO - Started process (PID=35449) to work on /opt/anaconda3/envs/airflow/lib/python3.7/site-packages/airflow/example_dags/tutorial.py
[2022-02-28 15:09:14,132] {processor.py:642} INFO - Processing file /opt/anaconda3/envs/airflow/lib/python3.7/site-packages/airflow/example_dags/tutorial.py for tasks to queue
[2022-02-28 15:09:14,133] {logging_mixin.py:109} INFO - [2022-02-28 15:09:14,133] {dagbag.py:500} INFO - Filling up the DagBag from /opt/anaconda3/envs/airflow/lib/python3.7/site-packages/airflow/example_dags/tutorial.py
[2022-02-28 15:09:14,165] {processor.py:654} INFO - DAG(s) dict_keys(['tutorial']) retrieved from /opt/anaconda3/envs/airflow/lib/python3.7/site-packages/airflow/example_dags/tutorial.py
[2022-02-28 15:09:14,176] {logging_mixin.py:109} INFO - [2022-02-28 15:09:14,175] {dag.py:2398} INFO - Sync 1 DAGs
[2022-02-28 15:09:14,190] {logging_mixin.py:109} INFO - [2022-02-28 15:09:14,189] {dag.py:2937} INFO - Setting next_dagrun for tutorial to 2022-02-27T07:09:14.189622+00:00
[2022-02-28 15:09:14,200] {processor.py:171} INFO - Processing /opt/anaconda3/envs/airflow/lib/python3.7/site-packages/airflow/example_dags/tutorial.py took 0.073 seconds
[2022-02-28 15:10:29,407] {processor.py:163} INFO - Started process (PID=35625) to work on /opt/anaconda3/envs/airflow/lib/python3.7/site-packages/airflow/example_dags/tutorial.py
[2022-02-28 15:10:29,411] {processor.py:642} INFO - Processing file /opt/anaconda3/envs/airflow/lib/python3.7/site-packages/airflow/example_dags/tutorial.py for tasks to queue
[2022-02-28 15:10:29,413] {logging_mixin.py:109} INFO - [2022-02-28 15:10:29,412] {dagbag.py:500} INFO - Filling up the DagBag from /opt/anaconda3/envs/airflow/lib/python3.7/site-packages/airflow/example_dags/tutorial.py
[2022-02-28 15:10:29,445] {processor.py:654} INFO - DAG(s) dict_keys(['tutorial']) retrieved from /opt/anaconda3/envs/airflow/lib/python3.7/site-packages/airflow/example_dags/tutorial.py
[2022-02-28 15:10:29,454] {logging_mixin.py:109} INFO - [2022-02-28 15:10:29,454] {dag.py:2398} INFO - Sync 1 DAGs
[2022-02-28 15:10:29,468] {logging_mixin.py:109} INFO - [2022-02-28 15:10:29,467] {dag.py:2937} INFO - Setting next_dagrun for tutorial to 2022-02-27T07:10:29.467491+00:00
[2022-02-28 15:10:29,477] {processor.py:171} INFO - Processing /opt/anaconda3/envs/airflow/lib/python3.7/site-packages/airflow/example_dags/tutorial.py took 0.074 seconds
[2022-02-28 15:14:09,439] {processor.py:163} INFO - Started process (PID=35831) to work on /opt/anaconda3/envs/airflow/lib/python3.7/site-packages/airflow/example_dags/tutorial.py
[2022-02-28 15:14:09,440] {processor.py:642} INFO - Processing file /opt/anaconda3/envs/airflow/lib/python3.7/site-packages/airflow/example_dags/tutorial.py for tasks to queue
[2022-02-28 15:14:09,442] {logging_mixin.py:109} INFO - [2022-02-28 15:14:09,441] {dagbag.py:500} INFO - Filling up the DagBag from /opt/anaconda3/envs/airflow/lib/python3.7/site-packages/airflow/example_dags/tutorial.py
[2022-02-28 15:14:09,509] {processor.py:654} INFO - DAG(s) dict_keys(['tutorial']) retrieved from /opt/anaconda3/envs/airflow/lib/python3.7/site-packages/airflow/example_dags/tutorial.py
[2022-02-28 15:14:09,520] {logging_mixin.py:109} INFO - [2022-02-28 15:14:09,520] {dag.py:2398} INFO - Sync 1 DAGs
[2022-02-28 15:14:09,534] {logging_mixin.py:109} INFO - [2022-02-28 15:14:09,534] {dag.py:2937} INFO - Setting next_dagrun for tutorial to 2022-02-27T07:14:09.533969+00:00
[2022-02-28 15:14:09,544] {processor.py:171} INFO - Processing /opt/anaconda3/envs/airflow/lib/python3.7/site-packages/airflow/example_dags/tutorial.py took 0.109 seconds
[2022-02-28 15:15:50,528] {processor.py:163} INFO - Started process (PID=36052) to work on /opt/anaconda3/envs/airflow/lib/python3.7/site-packages/airflow/example_dags/tutorial.py
[2022-02-28 15:15:50,530] {processor.py:642} INFO - Processing file /opt/anaconda3/envs/airflow/lib/python3.7/site-packages/airflow/example_dags/tutorial.py for tasks to queue
[2022-02-28 15:15:50,531] {logging_mixin.py:109} INFO - [2022-02-28 15:15:50,531] {dagbag.py:500} INFO - Filling up the DagBag from /opt/anaconda3/envs/airflow/lib/python3.7/site-packages/airflow/example_dags/tutorial.py
[2022-02-28 15:15:50,565] {processor.py:654} INFO - DAG(s) dict_keys(['tutorial']) retrieved from /opt/anaconda3/envs/airflow/lib/python3.7/site-packages/airflow/example_dags/tutorial.py
[2022-02-28 15:15:50,577] {logging_mixin.py:109} INFO - [2022-02-28 15:15:50,577] {dag.py:2398} INFO - Sync 1 DAGs
[2022-02-28 15:15:50,596] {logging_mixin.py:109} INFO - [2022-02-28 15:15:50,595] {dag.py:2937} INFO - Setting next_dagrun for tutorial to 2022-02-27T07:15:50.595598+00:00
[2022-02-28 15:15:50,614] {processor.py:171} INFO - Processing /opt/anaconda3/envs/airflow/lib/python3.7/site-packages/airflow/example_dags/tutorial.py took 0.090 seconds
[2022-02-28 15:18:20,810] {processor.py:163} INFO - Started process (PID=36214) to work on /opt/anaconda3/envs/airflow/lib/python3.7/site-packages/airflow/example_dags/tutorial.py
[2022-02-28 15:18:20,813] {processor.py:642} INFO - Processing file /opt/anaconda3/envs/airflow/lib/python3.7/site-packages/airflow/example_dags/tutorial.py for tasks to queue
[2022-02-28 15:18:20,815] {logging_mixin.py:109} INFO - [2022-02-28 15:18:20,814] {dagbag.py:500} INFO - Filling up the DagBag from /opt/anaconda3/envs/airflow/lib/python3.7/site-packages/airflow/example_dags/tutorial.py
[2022-02-28 15:18:20,852] {processor.py:654} INFO - DAG(s) dict_keys(['tutorial']) retrieved from /opt/anaconda3/envs/airflow/lib/python3.7/site-packages/airflow/example_dags/tutorial.py
[2022-02-28 15:18:20,865] {logging_mixin.py:109} INFO - [2022-02-28 15:18:20,864] {dag.py:2398} INFO - Sync 1 DAGs
[2022-02-28 15:18:20,885] {logging_mixin.py:109} INFO - [2022-02-28 15:18:20,884] {dag.py:2937} INFO - Setting next_dagrun for tutorial to 2022-02-27T07:18:20.883779+00:00
[2022-02-28 15:18:20,900] {processor.py:171} INFO - Processing /opt/anaconda3/envs/airflow/lib/python3.7/site-packages/airflow/example_dags/tutorial.py took 0.094 seconds
[2022-02-28 15:19:40,061] {processor.py:163} INFO - Started process (PID=36340) to work on /opt/anaconda3/envs/airflow/lib/python3.7/site-packages/airflow/example_dags/tutorial.py
[2022-02-28 15:19:40,064] {processor.py:642} INFO - Processing file /opt/anaconda3/envs/airflow/lib/python3.7/site-packages/airflow/example_dags/tutorial.py for tasks to queue
[2022-02-28 15:19:40,065] {logging_mixin.py:109} INFO - [2022-02-28 15:19:40,065] {dagbag.py:500} INFO - Filling up the DagBag from /opt/anaconda3/envs/airflow/lib/python3.7/site-packages/airflow/example_dags/tutorial.py
[2022-02-28 15:19:40,098] {processor.py:654} INFO - DAG(s) dict_keys(['tutorial']) retrieved from /opt/anaconda3/envs/airflow/lib/python3.7/site-packages/airflow/example_dags/tutorial.py
[2022-02-28 15:19:40,110] {logging_mixin.py:109} INFO - [2022-02-28 15:19:40,109] {dag.py:2398} INFO - Sync 1 DAGs
[2022-02-28 15:19:40,124] {logging_mixin.py:109} INFO - [2022-02-28 15:19:40,124] {dag.py:2937} INFO - Setting next_dagrun for tutorial to 2022-02-27T07:19:40.123959+00:00
[2022-02-28 15:19:40,137] {processor.py:171} INFO - Processing /opt/anaconda3/envs/airflow/lib/python3.7/site-packages/airflow/example_dags/tutorial.py took 0.080 seconds
[2022-02-28 15:20:22,678] {processor.py:163} INFO - Started process (PID=36454) to work on /opt/anaconda3/envs/airflow/lib/python3.7/site-packages/airflow/example_dags/tutorial.py
[2022-02-28 15:20:22,683] {processor.py:642} INFO - Processing file /opt/anaconda3/envs/airflow/lib/python3.7/site-packages/airflow/example_dags/tutorial.py for tasks to queue
[2022-02-28 15:20:22,684] {logging_mixin.py:109} INFO - [2022-02-28 15:20:22,684] {dagbag.py:500} INFO - Filling up the DagBag from /opt/anaconda3/envs/airflow/lib/python3.7/site-packages/airflow/example_dags/tutorial.py
[2022-02-28 15:20:22,729] {processor.py:654} INFO - DAG(s) dict_keys(['tutorial']) retrieved from /opt/anaconda3/envs/airflow/lib/python3.7/site-packages/airflow/example_dags/tutorial.py
[2022-02-28 15:20:22,740] {logging_mixin.py:109} INFO - [2022-02-28 15:20:22,740] {dag.py:2398} INFO - Sync 1 DAGs
[2022-02-28 15:20:22,757] {logging_mixin.py:109} INFO - [2022-02-28 15:20:22,756] {dag.py:2937} INFO - Setting next_dagrun for tutorial to 2022-02-27T07:20:22.756594+00:00
[2022-02-28 15:20:22,769] {processor.py:171} INFO - Processing /opt/anaconda3/envs/airflow/lib/python3.7/site-packages/airflow/example_dags/tutorial.py took 0.097 seconds
[2022-02-28 15:20:58,866] {processor.py:163} INFO - Started process (PID=36518) to work on /opt/anaconda3/envs/airflow/lib/python3.7/site-packages/airflow/example_dags/tutorial.py
[2022-02-28 15:20:58,868] {processor.py:642} INFO - Processing file /opt/anaconda3/envs/airflow/lib/python3.7/site-packages/airflow/example_dags/tutorial.py for tasks to queue
[2022-02-28 15:20:58,869] {logging_mixin.py:109} INFO - [2022-02-28 15:20:58,869] {dagbag.py:500} INFO - Filling up the DagBag from /opt/anaconda3/envs/airflow/lib/python3.7/site-packages/airflow/example_dags/tutorial.py
[2022-02-28 15:20:58,904] {processor.py:654} INFO - DAG(s) dict_keys(['tutorial']) retrieved from /opt/anaconda3/envs/airflow/lib/python3.7/site-packages/airflow/example_dags/tutorial.py
[2022-02-28 15:20:58,915] {logging_mixin.py:109} INFO - [2022-02-28 15:20:58,915] {dag.py:2398} INFO - Sync 1 DAGs
[2022-02-28 15:20:58,928] {logging_mixin.py:109} INFO - [2022-02-28 15:20:58,928] {dag.py:2937} INFO - Setting next_dagrun for tutorial to 2022-02-27T07:20:58.928160+00:00
[2022-02-28 15:20:58,938] {processor.py:171} INFO - Processing /opt/anaconda3/envs/airflow/lib/python3.7/site-packages/airflow/example_dags/tutorial.py took 0.076 seconds
[2022-02-28 15:21:32,767] {processor.py:163} INFO - Started process (PID=36555) to work on /opt/anaconda3/envs/airflow/lib/python3.7/site-packages/airflow/example_dags/tutorial.py
[2022-02-28 15:21:32,770] {processor.py:642} INFO - Processing file /opt/anaconda3/envs/airflow/lib/python3.7/site-packages/airflow/example_dags/tutorial.py for tasks to queue
[2022-02-28 15:21:32,772] {logging_mixin.py:109} INFO - [2022-02-28 15:21:32,772] {dagbag.py:500} INFO - Filling up the DagBag from /opt/anaconda3/envs/airflow/lib/python3.7/site-packages/airflow/example_dags/tutorial.py
[2022-02-28 15:21:32,805] {processor.py:654} INFO - DAG(s) dict_keys(['tutorial']) retrieved from /opt/anaconda3/envs/airflow/lib/python3.7/site-packages/airflow/example_dags/tutorial.py
[2022-02-28 15:21:32,815] {logging_mixin.py:109} INFO - [2022-02-28 15:21:32,814] {dag.py:2398} INFO - Sync 1 DAGs
[2022-02-28 15:21:32,828] {logging_mixin.py:109} INFO - [2022-02-28 15:21:32,828] {dag.py:2937} INFO - Setting next_dagrun for tutorial to 2022-02-27T07:21:32.828128+00:00
[2022-02-28 15:21:32,838] {processor.py:171} INFO - Processing /opt/anaconda3/envs/airflow/lib/python3.7/site-packages/airflow/example_dags/tutorial.py took 0.075 seconds
[2022-02-28 15:22:14,165] {processor.py:163} INFO - Started process (PID=36591) to work on /opt/anaconda3/envs/airflow/lib/python3.7/site-packages/airflow/example_dags/tutorial.py
[2022-02-28 15:22:14,166] {processor.py:642} INFO - Processing file /opt/anaconda3/envs/airflow/lib/python3.7/site-packages/airflow/example_dags/tutorial.py for tasks to queue
[2022-02-28 15:22:14,168] {logging_mixin.py:109} INFO - [2022-02-28 15:22:14,168] {dagbag.py:500} INFO - Filling up the DagBag from /opt/anaconda3/envs/airflow/lib/python3.7/site-packages/airflow/example_dags/tutorial.py
[2022-02-28 15:22:14,202] {processor.py:654} INFO - DAG(s) dict_keys(['tutorial']) retrieved from /opt/anaconda3/envs/airflow/lib/python3.7/site-packages/airflow/example_dags/tutorial.py
[2022-02-28 15:22:14,215] {logging_mixin.py:109} INFO - [2022-02-28 15:22:14,214] {dag.py:2398} INFO - Sync 1 DAGs
[2022-02-28 15:22:14,230] {logging_mixin.py:109} INFO - [2022-02-28 15:22:14,230] {dag.py:2937} INFO - Setting next_dagrun for tutorial to 2022-02-27T07:22:14.230098+00:00
[2022-02-28 15:22:14,241] {processor.py:171} INFO - Processing /opt/anaconda3/envs/airflow/lib/python3.7/site-packages/airflow/example_dags/tutorial.py took 0.081 seconds
[2022-02-28 15:22:53,601] {processor.py:163} INFO - Started process (PID=36627) to work on /opt/anaconda3/envs/airflow/lib/python3.7/site-packages/airflow/example_dags/tutorial.py
[2022-02-28 15:22:53,602] {processor.py:642} INFO - Processing file /opt/anaconda3/envs/airflow/lib/python3.7/site-packages/airflow/example_dags/tutorial.py for tasks to queue
[2022-02-28 15:22:53,603] {logging_mixin.py:109} INFO - [2022-02-28 15:22:53,603] {dagbag.py:500} INFO - Filling up the DagBag from /opt/anaconda3/envs/airflow/lib/python3.7/site-packages/airflow/example_dags/tutorial.py
[2022-02-28 15:22:53,634] {processor.py:654} INFO - DAG(s) dict_keys(['tutorial']) retrieved from /opt/anaconda3/envs/airflow/lib/python3.7/site-packages/airflow/example_dags/tutorial.py
[2022-02-28 15:22:53,646] {logging_mixin.py:109} INFO - [2022-02-28 15:22:53,646] {dag.py:2398} INFO - Sync 1 DAGs
[2022-02-28 15:22:53,659] {logging_mixin.py:109} INFO - [2022-02-28 15:22:53,659] {dag.py:2937} INFO - Setting next_dagrun for tutorial to 2022-02-27T07:22:53.659317+00:00
[2022-02-28 15:22:53,669] {processor.py:171} INFO - Processing /opt/anaconda3/envs/airflow/lib/python3.7/site-packages/airflow/example_dags/tutorial.py took 0.072 seconds
