[2022-02-25 17:13:34,094] {taskinstance.py:1037} INFO - Dependencies all met for <TaskInstance: comic_app_v2.check_comic_info manual__2022-02-25T09:13:17.401633+00:00 [queued]>
[2022-02-25 17:13:34,103] {taskinstance.py:1037} INFO - Dependencies all met for <TaskInstance: comic_app_v2.check_comic_info manual__2022-02-25T09:13:17.401633+00:00 [queued]>
[2022-02-25 17:13:34,103] {taskinstance.py:1243} INFO - 
--------------------------------------------------------------------------------
[2022-02-25 17:13:34,103] {taskinstance.py:1244} INFO - Starting attempt 1 of 3
[2022-02-25 17:13:34,103] {taskinstance.py:1245} INFO - 
--------------------------------------------------------------------------------
[2022-02-25 17:13:34,114] {taskinstance.py:1264} INFO - Executing <Task(PythonOperator): check_comic_info> on 2022-02-25 09:13:17.401633+00:00
[2022-02-25 17:13:34,116] {standard_task_runner.py:52} INFO - Started process 16998 to run task
[2022-02-25 17:13:34,123] {standard_task_runner.py:76} INFO - Running: ['airflow', 'tasks', 'run', 'comic_app_v2', 'check_comic_info', 'manual__2022-02-25T09:13:17.401633+00:00', '--job-id', '13', '--raw', '--subdir', 'DAGS_FOLDER/comic_app_v2.py', '--cfg-path', '/var/folders/jb/grqrlwkd311flwk_zt30r7wr0000gn/T/tmptk9mf3_5', '--error-file', '/var/folders/jb/grqrlwkd311flwk_zt30r7wr0000gn/T/tmpjhhusxjb']
[2022-02-25 17:13:34,125] {standard_task_runner.py:77} INFO - Job 13: Subtask check_comic_info
[2022-02-25 17:13:34,173] {logging_mixin.py:109} INFO - Running <TaskInstance: comic_app_v2.check_comic_info manual__2022-02-25T09:13:17.401633+00:00 [running]> on host 1.0.0.0.0.0.0.0.0.0.0.0.0.0.0.0.0.0.0.0.0.0.0.0.0.0.0.0.0.0.0.0.ip6.arpa
[2022-02-25 17:13:34,214] {taskinstance.py:1431} INFO - Exporting the following env vars:
AIRFLOW_CTX_DAG_OWNER=Adam
AIRFLOW_CTX_DAG_ID=comic_app_v2
AIRFLOW_CTX_TASK_ID=check_comic_info
AIRFLOW_CTX_EXECUTION_DATE=2022-02-25T09:13:17.401633+00:00
AIRFLOW_CTX_DAG_RUN_ID=manual__2022-02-25T09:13:17.401633+00:00
[2022-02-25 17:13:34,219] {logging_mixin.py:109} INFO - 去漫畫網站看有沒有新的章節
[2022-02-25 17:13:34,219] {python.py:175} INFO - Done. Returned value was: (False, None)
[2022-02-25 17:13:34,232] {taskinstance.py:1282} INFO - Marking task as SUCCESS. dag_id=comic_app_v2, task_id=check_comic_info, execution_date=20220225T091317, start_date=20220225T091334, end_date=20220225T091334
[2022-02-25 17:13:34,265] {local_task_job.py:154} INFO - Task exited with return code 0
[2022-02-25 17:13:34,298] {local_task_job.py:264} INFO - 1 downstream tasks scheduled from follow-on schedule check
