[2022-02-27 15:44:33,151] {taskinstance.py:1037} INFO - Dependencies all met for <TaskInstance: comic_app_v2.check_comic_info scheduled__2022-02-24T15:40:00+00:00 [queued]>
[2022-02-27 15:44:33,158] {taskinstance.py:1037} INFO - Dependencies all met for <TaskInstance: comic_app_v2.check_comic_info scheduled__2022-02-24T15:40:00+00:00 [queued]>
[2022-02-27 15:44:33,158] {taskinstance.py:1243} INFO - 
--------------------------------------------------------------------------------
[2022-02-27 15:44:33,158] {taskinstance.py:1244} INFO - Starting attempt 1 of 3
[2022-02-27 15:44:33,158] {taskinstance.py:1245} INFO - 
--------------------------------------------------------------------------------
[2022-02-27 15:44:33,168] {taskinstance.py:1264} INFO - Executing <Task(PythonOperator): check_comic_info> on 2022-02-24 15:40:00+00:00
[2022-02-27 15:44:33,170] {standard_task_runner.py:52} INFO - Started process 21357 to run task
[2022-02-27 15:44:33,175] {standard_task_runner.py:76} INFO - Running: ['airflow', 'tasks', 'run', 'comic_app_v2', 'check_comic_info', 'scheduled__2022-02-24T15:40:00+00:00', '--job-id', '92', '--raw', '--subdir', 'DAGS_FOLDER/comic_app_v2.py', '--cfg-path', '/var/folders/jb/grqrlwkd311flwk_zt30r7wr0000gn/T/tmpbezk2_34', '--error-file', '/var/folders/jb/grqrlwkd311flwk_zt30r7wr0000gn/T/tmpskn76_p9']
[2022-02-27 15:44:33,177] {standard_task_runner.py:77} INFO - Job 92: Subtask check_comic_info
[2022-02-27 15:44:33,219] {logging_mixin.py:109} INFO - Running <TaskInstance: comic_app_v2.check_comic_info scheduled__2022-02-24T15:40:00+00:00 [running]> on host 1.0.0.0.0.0.0.0.0.0.0.0.0.0.0.0.0.0.0.0.0.0.0.0.0.0.0.0.0.0.0.0.ip6.arpa
[2022-02-27 15:44:33,257] {taskinstance.py:1431} INFO - Exporting the following env vars:
AIRFLOW_CTX_DAG_OWNER=Adam
AIRFLOW_CTX_DAG_ID=comic_app_v2
AIRFLOW_CTX_TASK_ID=check_comic_info
AIRFLOW_CTX_EXECUTION_DATE=2022-02-24T15:40:00+00:00
AIRFLOW_CTX_DAG_RUN_ID=scheduled__2022-02-24T15:40:00+00:00
[2022-02-27 15:44:33,261] {logging_mixin.py:109} INFO - 去漫畫網站看有沒有新的章節
[2022-02-27 15:44:33,262] {python.py:175} INFO - Done. Returned value was: (True, None)
[2022-02-27 15:44:33,274] {taskinstance.py:1282} INFO - Marking task as SUCCESS. dag_id=comic_app_v2, task_id=check_comic_info, execution_date=20220224T154000, start_date=20220227T074433, end_date=20220227T074433
[2022-02-27 15:44:33,312] {local_task_job.py:154} INFO - Task exited with return code 0
[2022-02-27 15:44:33,346] {local_task_job.py:264} INFO - 1 downstream tasks scheduled from follow-on schedule check
[2022-02-27 16:45:41,429] {taskinstance.py:1037} INFO - Dependencies all met for <TaskInstance: comic_app_v2.check_comic_info scheduled__2022-02-24T15:40:00+00:00 [queued]>
[2022-02-27 16:45:41,437] {taskinstance.py:1037} INFO - Dependencies all met for <TaskInstance: comic_app_v2.check_comic_info scheduled__2022-02-24T15:40:00+00:00 [queued]>
[2022-02-27 16:45:41,437] {taskinstance.py:1243} INFO - 
--------------------------------------------------------------------------------
[2022-02-27 16:45:41,437] {taskinstance.py:1244} INFO - Starting attempt 1 of 3
[2022-02-27 16:45:41,437] {taskinstance.py:1245} INFO - 
--------------------------------------------------------------------------------
[2022-02-27 16:45:41,451] {taskinstance.py:1264} INFO - Executing <Task(PythonOperator): check_comic_info> on 2022-02-24 15:40:00+00:00
[2022-02-27 16:45:41,453] {standard_task_runner.py:52} INFO - Started process 28108 to run task
[2022-02-27 16:45:41,462] {standard_task_runner.py:76} INFO - Running: ['airflow', 'tasks', 'run', 'comic_app_v2', 'check_comic_info', 'scheduled__2022-02-24T15:40:00+00:00', '--job-id', '108', '--raw', '--subdir', 'DAGS_FOLDER/comic_app_v2.py', '--cfg-path', '/var/folders/jb/grqrlwkd311flwk_zt30r7wr0000gn/T/tmpo4nfpbni', '--error-file', '/var/folders/jb/grqrlwkd311flwk_zt30r7wr0000gn/T/tmpv4kq6rf5']
[2022-02-27 16:45:41,464] {standard_task_runner.py:77} INFO - Job 108: Subtask check_comic_info
[2022-02-27 16:45:41,512] {logging_mixin.py:109} INFO - Running <TaskInstance: comic_app_v2.check_comic_info scheduled__2022-02-24T15:40:00+00:00 [running]> on host 1.0.0.0.0.0.0.0.0.0.0.0.0.0.0.0.0.0.0.0.0.0.0.0.0.0.0.0.0.0.0.0.ip6.arpa
[2022-02-27 16:45:41,555] {taskinstance.py:1431} INFO - Exporting the following env vars:
AIRFLOW_CTX_DAG_OWNER=Adam
AIRFLOW_CTX_DAG_ID=comic_app_v2
AIRFLOW_CTX_TASK_ID=check_comic_info
AIRFLOW_CTX_EXECUTION_DATE=2022-02-24T15:40:00+00:00
AIRFLOW_CTX_DAG_RUN_ID=scheduled__2022-02-24T15:40:00+00:00
[2022-02-27 16:45:41,562] {logging_mixin.py:109} INFO - 去看有沒有新的章節
[2022-02-27 16:45:43,614] {python.py:175} INFO - Done. Returned value was: (False, None)
[2022-02-27 16:45:43,628] {taskinstance.py:1282} INFO - Marking task as SUCCESS. dag_id=comic_app_v2, task_id=check_comic_info, execution_date=20220224T154000, start_date=20220227T084541, end_date=20220227T084543
[2022-02-27 16:45:43,687] {local_task_job.py:154} INFO - Task exited with return code 0
[2022-02-27 16:45:43,714] {local_task_job.py:264} INFO - 1 downstream tasks scheduled from follow-on schedule check
[2022-02-27 16:49:02,694] {taskinstance.py:1037} INFO - Dependencies all met for <TaskInstance: comic_app_v2.check_comic_info scheduled__2022-02-24T15:40:00+00:00 [queued]>
[2022-02-27 16:49:02,701] {taskinstance.py:1037} INFO - Dependencies all met for <TaskInstance: comic_app_v2.check_comic_info scheduled__2022-02-24T15:40:00+00:00 [queued]>
[2022-02-27 16:49:02,701] {taskinstance.py:1243} INFO - 
--------------------------------------------------------------------------------
[2022-02-27 16:49:02,701] {taskinstance.py:1244} INFO - Starting attempt 1 of 3
[2022-02-27 16:49:02,701] {taskinstance.py:1245} INFO - 
--------------------------------------------------------------------------------
[2022-02-27 16:49:02,712] {taskinstance.py:1264} INFO - Executing <Task(PythonOperator): check_comic_info> on 2022-02-24 15:40:00+00:00
[2022-02-27 16:49:02,714] {standard_task_runner.py:52} INFO - Started process 28512 to run task
[2022-02-27 16:49:02,719] {standard_task_runner.py:76} INFO - Running: ['airflow', 'tasks', 'run', 'comic_app_v2', 'check_comic_info', 'scheduled__2022-02-24T15:40:00+00:00', '--job-id', '116', '--raw', '--subdir', 'DAGS_FOLDER/comic_app_v2.py', '--cfg-path', '/var/folders/jb/grqrlwkd311flwk_zt30r7wr0000gn/T/tmpcttujdvj', '--error-file', '/var/folders/jb/grqrlwkd311flwk_zt30r7wr0000gn/T/tmpo5rngqer']
[2022-02-27 16:49:02,721] {standard_task_runner.py:77} INFO - Job 116: Subtask check_comic_info
[2022-02-27 16:49:02,766] {logging_mixin.py:109} INFO - Running <TaskInstance: comic_app_v2.check_comic_info scheduled__2022-02-24T15:40:00+00:00 [running]> on host 1.0.0.0.0.0.0.0.0.0.0.0.0.0.0.0.0.0.0.0.0.0.0.0.0.0.0.0.0.0.0.0.ip6.arpa
[2022-02-27 16:49:02,799] {taskinstance.py:1431} INFO - Exporting the following env vars:
AIRFLOW_CTX_DAG_OWNER=Adam
AIRFLOW_CTX_DAG_ID=comic_app_v2
AIRFLOW_CTX_TASK_ID=check_comic_info
AIRFLOW_CTX_EXECUTION_DATE=2022-02-24T15:40:00+00:00
AIRFLOW_CTX_DAG_RUN_ID=scheduled__2022-02-24T15:40:00+00:00
[2022-02-27 16:49:02,803] {logging_mixin.py:109} INFO - 去看有沒有新的章節
[2022-02-27 16:49:03,418] {logging_mixin.py:109} INFO - False
[2022-02-27 16:49:03,419] {python.py:175} INFO - Done. Returned value was: (False, None)
[2022-02-27 16:49:03,431] {taskinstance.py:1282} INFO - Marking task as SUCCESS. dag_id=comic_app_v2, task_id=check_comic_info, execution_date=20220224T154000, start_date=20220227T084902, end_date=20220227T084903
[2022-02-27 16:49:03,456] {local_task_job.py:154} INFO - Task exited with return code 0
[2022-02-27 16:49:03,484] {local_task_job.py:264} INFO - 1 downstream tasks scheduled from follow-on schedule check
[2022-02-27 16:50:57,821] {taskinstance.py:1037} INFO - Dependencies all met for <TaskInstance: comic_app_v2.check_comic_info scheduled__2022-02-24T15:40:00+00:00 [queued]>
[2022-02-27 16:50:57,836] {taskinstance.py:1037} INFO - Dependencies all met for <TaskInstance: comic_app_v2.check_comic_info scheduled__2022-02-24T15:40:00+00:00 [queued]>
[2022-02-27 16:50:57,836] {taskinstance.py:1243} INFO - 
--------------------------------------------------------------------------------
[2022-02-27 16:50:57,836] {taskinstance.py:1244} INFO - Starting attempt 1 of 3
[2022-02-27 16:50:57,836] {taskinstance.py:1245} INFO - 
--------------------------------------------------------------------------------
[2022-02-27 16:50:57,853] {taskinstance.py:1264} INFO - Executing <Task(PythonOperator): check_comic_info> on 2022-02-24 15:40:00+00:00
[2022-02-27 16:50:57,856] {standard_task_runner.py:52} INFO - Started process 28723 to run task
[2022-02-27 16:50:57,865] {standard_task_runner.py:76} INFO - Running: ['airflow', 'tasks', 'run', 'comic_app_v2', 'check_comic_info', 'scheduled__2022-02-24T15:40:00+00:00', '--job-id', '124', '--raw', '--subdir', 'DAGS_FOLDER/comic_app_v2.py', '--cfg-path', '/var/folders/jb/grqrlwkd311flwk_zt30r7wr0000gn/T/tmp9npmm00t', '--error-file', '/var/folders/jb/grqrlwkd311flwk_zt30r7wr0000gn/T/tmpx628pzax']
[2022-02-27 16:50:57,869] {standard_task_runner.py:77} INFO - Job 124: Subtask check_comic_info
[2022-02-27 16:50:57,923] {logging_mixin.py:109} INFO - Running <TaskInstance: comic_app_v2.check_comic_info scheduled__2022-02-24T15:40:00+00:00 [running]> on host 1.0.0.0.0.0.0.0.0.0.0.0.0.0.0.0.0.0.0.0.0.0.0.0.0.0.0.0.0.0.0.0.ip6.arpa
[2022-02-27 16:50:57,990] {taskinstance.py:1431} INFO - Exporting the following env vars:
AIRFLOW_CTX_DAG_OWNER=Adam
AIRFLOW_CTX_DAG_ID=comic_app_v2
AIRFLOW_CTX_TASK_ID=check_comic_info
AIRFLOW_CTX_EXECUTION_DATE=2022-02-24T15:40:00+00:00
AIRFLOW_CTX_DAG_RUN_ID=scheduled__2022-02-24T15:40:00+00:00
[2022-02-27 16:50:57,994] {logging_mixin.py:109} INFO - 去看有沒有新的章節
[2022-02-27 16:50:58,245] {logging_mixin.py:109} INFO - False
[2022-02-27 16:50:58,245] {python.py:175} INFO - Done. Returned value was: (False, None)
[2022-02-27 16:50:58,271] {taskinstance.py:1282} INFO - Marking task as SUCCESS. dag_id=comic_app_v2, task_id=check_comic_info, execution_date=20220224T154000, start_date=20220227T085057, end_date=20220227T085058
[2022-02-27 16:50:58,297] {local_task_job.py:154} INFO - Task exited with return code 0
[2022-02-27 16:50:58,329] {local_task_job.py:264} INFO - 1 downstream tasks scheduled from follow-on schedule check
[2022-02-27 16:55:46,725] {taskinstance.py:1037} INFO - Dependencies all met for <TaskInstance: comic_app_v2.check_comic_info scheduled__2022-02-24T15:40:00+00:00 [queued]>
[2022-02-27 16:55:46,733] {taskinstance.py:1037} INFO - Dependencies all met for <TaskInstance: comic_app_v2.check_comic_info scheduled__2022-02-24T15:40:00+00:00 [queued]>
[2022-02-27 16:55:46,733] {taskinstance.py:1243} INFO - 
--------------------------------------------------------------------------------
[2022-02-27 16:55:46,733] {taskinstance.py:1244} INFO - Starting attempt 1 of 3
[2022-02-27 16:55:46,733] {taskinstance.py:1245} INFO - 
--------------------------------------------------------------------------------
[2022-02-27 16:55:46,743] {taskinstance.py:1264} INFO - Executing <Task(PythonOperator): check_comic_info> on 2022-02-24 15:40:00+00:00
[2022-02-27 16:55:46,745] {standard_task_runner.py:52} INFO - Started process 29055 to run task
[2022-02-27 16:55:46,751] {standard_task_runner.py:76} INFO - Running: ['airflow', 'tasks', 'run', 'comic_app_v2', 'check_comic_info', 'scheduled__2022-02-24T15:40:00+00:00', '--job-id', '131', '--raw', '--subdir', 'DAGS_FOLDER/comic_app_v2.py', '--cfg-path', '/var/folders/jb/grqrlwkd311flwk_zt30r7wr0000gn/T/tmpscatirlv', '--error-file', '/var/folders/jb/grqrlwkd311flwk_zt30r7wr0000gn/T/tmpegp1gxxh']
[2022-02-27 16:55:46,752] {standard_task_runner.py:77} INFO - Job 131: Subtask check_comic_info
[2022-02-27 16:55:46,796] {logging_mixin.py:109} INFO - Running <TaskInstance: comic_app_v2.check_comic_info scheduled__2022-02-24T15:40:00+00:00 [running]> on host 1.0.0.0.0.0.0.0.0.0.0.0.0.0.0.0.0.0.0.0.0.0.0.0.0.0.0.0.0.0.0.0.ip6.arpa
[2022-02-27 16:55:46,828] {taskinstance.py:1431} INFO - Exporting the following env vars:
AIRFLOW_CTX_DAG_OWNER=Adam
AIRFLOW_CTX_DAG_ID=comic_app_v2
AIRFLOW_CTX_TASK_ID=check_comic_info
AIRFLOW_CTX_EXECUTION_DATE=2022-02-24T15:40:00+00:00
AIRFLOW_CTX_DAG_RUN_ID=scheduled__2022-02-24T15:40:00+00:00
[2022-02-27 16:55:46,833] {logging_mixin.py:109} INFO - 去看有沒有新的章節
[2022-02-27 16:55:47,151] {logging_mixin.py:109} INFO - False
[2022-02-27 16:55:47,152] {python.py:175} INFO - Done. Returned value was: (False, None)
[2022-02-27 16:55:47,164] {taskinstance.py:1282} INFO - Marking task as SUCCESS. dag_id=comic_app_v2, task_id=check_comic_info, execution_date=20220224T154000, start_date=20220227T085546, end_date=20220227T085547
[2022-02-27 16:55:47,192] {local_task_job.py:154} INFO - Task exited with return code 0
[2022-02-27 16:55:47,224] {local_task_job.py:264} INFO - 1 downstream tasks scheduled from follow-on schedule check
[2022-02-27 17:02:04,718] {taskinstance.py:1037} INFO - Dependencies all met for <TaskInstance: comic_app_v2.check_comic_info scheduled__2022-02-24T15:40:00+00:00 [queued]>
[2022-02-27 17:02:04,726] {taskinstance.py:1037} INFO - Dependencies all met for <TaskInstance: comic_app_v2.check_comic_info scheduled__2022-02-24T15:40:00+00:00 [queued]>
[2022-02-27 17:02:04,726] {taskinstance.py:1243} INFO - 
--------------------------------------------------------------------------------
[2022-02-27 17:02:04,726] {taskinstance.py:1244} INFO - Starting attempt 1 of 3
[2022-02-27 17:02:04,726] {taskinstance.py:1245} INFO - 
--------------------------------------------------------------------------------
[2022-02-27 17:02:04,735] {taskinstance.py:1264} INFO - Executing <Task(PythonOperator): check_comic_info> on 2022-02-24 15:40:00+00:00
[2022-02-27 17:02:04,737] {standard_task_runner.py:52} INFO - Started process 29554 to run task
[2022-02-27 17:02:04,745] {standard_task_runner.py:76} INFO - Running: ['airflow', 'tasks', 'run', 'comic_app_v2', 'check_comic_info', 'scheduled__2022-02-24T15:40:00+00:00', '--job-id', '139', '--raw', '--subdir', 'DAGS_FOLDER/comic_app_v2.py', '--cfg-path', '/var/folders/jb/grqrlwkd311flwk_zt30r7wr0000gn/T/tmpms0mn33g', '--error-file', '/var/folders/jb/grqrlwkd311flwk_zt30r7wr0000gn/T/tmpe77zv3kj']
[2022-02-27 17:02:04,748] {standard_task_runner.py:77} INFO - Job 139: Subtask check_comic_info
[2022-02-27 17:02:04,794] {logging_mixin.py:109} INFO - Running <TaskInstance: comic_app_v2.check_comic_info scheduled__2022-02-24T15:40:00+00:00 [running]> on host 1.0.0.0.0.0.0.0.0.0.0.0.0.0.0.0.0.0.0.0.0.0.0.0.0.0.0.0.0.0.0.0.ip6.arpa
[2022-02-27 17:02:04,827] {taskinstance.py:1431} INFO - Exporting the following env vars:
AIRFLOW_CTX_DAG_OWNER=Adam
AIRFLOW_CTX_DAG_ID=comic_app_v2
AIRFLOW_CTX_TASK_ID=check_comic_info
AIRFLOW_CTX_EXECUTION_DATE=2022-02-24T15:40:00+00:00
AIRFLOW_CTX_DAG_RUN_ID=scheduled__2022-02-24T15:40:00+00:00
[2022-02-27 17:02:04,828] {logging_mixin.py:109} INFO - 去看有沒有新的章節
[2022-02-27 17:02:05,097] {logging_mixin.py:109} INFO - False
[2022-02-27 17:02:05,098] {python.py:175} INFO - Done. Returned value was: False
[2022-02-27 17:02:05,111] {taskinstance.py:1282} INFO - Marking task as SUCCESS. dag_id=comic_app_v2, task_id=check_comic_info, execution_date=20220224T154000, start_date=20220227T090204, end_date=20220227T090205
[2022-02-27 17:02:05,138] {local_task_job.py:154} INFO - Task exited with return code 0
[2022-02-27 17:02:05,167] {local_task_job.py:264} INFO - 1 downstream tasks scheduled from follow-on schedule check
[2022-02-27 17:02:59,612] {taskinstance.py:1037} INFO - Dependencies all met for <TaskInstance: comic_app_v2.check_comic_info scheduled__2022-02-24T15:40:00+00:00 [queued]>
[2022-02-27 17:02:59,619] {taskinstance.py:1037} INFO - Dependencies all met for <TaskInstance: comic_app_v2.check_comic_info scheduled__2022-02-24T15:40:00+00:00 [queued]>
[2022-02-27 17:02:59,619] {taskinstance.py:1243} INFO - 
--------------------------------------------------------------------------------
[2022-02-27 17:02:59,619] {taskinstance.py:1244} INFO - Starting attempt 1 of 3
[2022-02-27 17:02:59,620] {taskinstance.py:1245} INFO - 
--------------------------------------------------------------------------------
[2022-02-27 17:02:59,628] {taskinstance.py:1264} INFO - Executing <Task(PythonOperator): check_comic_info> on 2022-02-24 15:40:00+00:00
[2022-02-27 17:02:59,631] {standard_task_runner.py:52} INFO - Started process 29655 to run task
[2022-02-27 17:02:59,636] {standard_task_runner.py:76} INFO - Running: ['airflow', 'tasks', 'run', 'comic_app_v2', 'check_comic_info', 'scheduled__2022-02-24T15:40:00+00:00', '--job-id', '146', '--raw', '--subdir', 'DAGS_FOLDER/comic_app_v2.py', '--cfg-path', '/var/folders/jb/grqrlwkd311flwk_zt30r7wr0000gn/T/tmpl7lnwe44', '--error-file', '/var/folders/jb/grqrlwkd311flwk_zt30r7wr0000gn/T/tmpqiystdiz']
[2022-02-27 17:02:59,638] {standard_task_runner.py:77} INFO - Job 146: Subtask check_comic_info
[2022-02-27 17:02:59,678] {logging_mixin.py:109} INFO - Running <TaskInstance: comic_app_v2.check_comic_info scheduled__2022-02-24T15:40:00+00:00 [running]> on host 1.0.0.0.0.0.0.0.0.0.0.0.0.0.0.0.0.0.0.0.0.0.0.0.0.0.0.0.0.0.0.0.ip6.arpa
[2022-02-27 17:02:59,711] {taskinstance.py:1431} INFO - Exporting the following env vars:
AIRFLOW_CTX_DAG_OWNER=Adam
AIRFLOW_CTX_DAG_ID=comic_app_v2
AIRFLOW_CTX_TASK_ID=check_comic_info
AIRFLOW_CTX_EXECUTION_DATE=2022-02-24T15:40:00+00:00
AIRFLOW_CTX_DAG_RUN_ID=scheduled__2022-02-24T15:40:00+00:00
[2022-02-27 17:02:59,712] {logging_mixin.py:109} INFO - 去看有沒有新的章節
[2022-02-27 17:02:59,983] {logging_mixin.py:109} INFO - False
[2022-02-27 17:02:59,984] {python.py:175} INFO - Done. Returned value was: False
[2022-02-27 17:02:59,996] {taskinstance.py:1282} INFO - Marking task as SUCCESS. dag_id=comic_app_v2, task_id=check_comic_info, execution_date=20220224T154000, start_date=20220227T090259, end_date=20220227T090259
[2022-02-27 17:03:00,036] {local_task_job.py:154} INFO - Task exited with return code 0
[2022-02-27 17:03:00,069] {local_task_job.py:264} INFO - 1 downstream tasks scheduled from follow-on schedule check
[2022-02-28 14:23:31,537] {taskinstance.py:1037} INFO - Dependencies all met for <TaskInstance: comic_app_v2.check_comic_info scheduled__2022-02-24T15:40:00+00:00 [queued]>
[2022-02-28 14:23:31,546] {taskinstance.py:1037} INFO - Dependencies all met for <TaskInstance: comic_app_v2.check_comic_info scheduled__2022-02-24T15:40:00+00:00 [queued]>
[2022-02-28 14:23:31,546] {taskinstance.py:1243} INFO - 
--------------------------------------------------------------------------------
[2022-02-28 14:23:31,546] {taskinstance.py:1244} INFO - Starting attempt 1 of 3
[2022-02-28 14:23:31,546] {taskinstance.py:1245} INFO - 
--------------------------------------------------------------------------------
[2022-02-28 14:23:31,555] {taskinstance.py:1264} INFO - Executing <Task(PythonOperator): check_comic_info> on 2022-02-24 15:40:00+00:00
[2022-02-28 14:23:31,557] {standard_task_runner.py:52} INFO - Started process 31518 to run task
[2022-02-28 14:23:31,563] {standard_task_runner.py:76} INFO - Running: ['airflow', 'tasks', 'run', 'comic_app_v2', 'check_comic_info', 'scheduled__2022-02-24T15:40:00+00:00', '--job-id', '156', '--raw', '--subdir', 'DAGS_FOLDER/comic_app_v2.py', '--cfg-path', '/var/folders/jb/grqrlwkd311flwk_zt30r7wr0000gn/T/tmp7pwqnzt1', '--error-file', '/var/folders/jb/grqrlwkd311flwk_zt30r7wr0000gn/T/tmpvjx8ljlu']
[2022-02-28 14:23:31,565] {standard_task_runner.py:77} INFO - Job 156: Subtask check_comic_info
[2022-02-28 14:23:31,606] {logging_mixin.py:109} INFO - Running <TaskInstance: comic_app_v2.check_comic_info scheduled__2022-02-24T15:40:00+00:00 [running]> on host 1.0.0.0.0.0.0.0.0.0.0.0.0.0.0.0.0.0.0.0.0.0.0.0.0.0.0.0.0.0.0.0.ip6.arpa
[2022-02-28 14:23:31,640] {taskinstance.py:1431} INFO - Exporting the following env vars:
AIRFLOW_CTX_DAG_OWNER=Adam
AIRFLOW_CTX_DAG_ID=comic_app_v2
AIRFLOW_CTX_TASK_ID=check_comic_info
AIRFLOW_CTX_EXECUTION_DATE=2022-02-24T15:40:00+00:00
AIRFLOW_CTX_DAG_RUN_ID=scheduled__2022-02-24T15:40:00+00:00
[2022-02-28 14:23:31,641] {logging_mixin.py:109} INFO - 去看有沒有新的章節
[2022-02-28 14:24:43,275] {process_utils.py:124} INFO - Sending Signals.SIGTERM to group 31518. PIDs of all processes in the group: [31518]
[2022-02-28 14:24:43,276] {process_utils.py:75} INFO - Sending the signal Signals.SIGTERM to group 31518
[2022-02-28 14:25:09,151] {taskinstance.py:1037} INFO - Dependencies all met for <TaskInstance: comic_app_v2.check_comic_info scheduled__2022-02-24T15:40:00+00:00 [queued]>
[2022-02-28 14:25:09,159] {taskinstance.py:1037} INFO - Dependencies all met for <TaskInstance: comic_app_v2.check_comic_info scheduled__2022-02-24T15:40:00+00:00 [queued]>
[2022-02-28 14:25:09,159] {taskinstance.py:1243} INFO - 
--------------------------------------------------------------------------------
[2022-02-28 14:25:09,159] {taskinstance.py:1244} INFO - Starting attempt 1 of 3
[2022-02-28 14:25:09,159] {taskinstance.py:1245} INFO - 
--------------------------------------------------------------------------------
[2022-02-28 14:25:09,169] {taskinstance.py:1264} INFO - Executing <Task(PythonOperator): check_comic_info> on 2022-02-24 15:40:00+00:00
[2022-02-28 14:25:09,171] {standard_task_runner.py:52} INFO - Started process 31653 to run task
[2022-02-28 14:25:09,176] {standard_task_runner.py:76} INFO - Running: ['airflow', 'tasks', 'run', 'comic_app_v2', 'check_comic_info', 'scheduled__2022-02-24T15:40:00+00:00', '--job-id', '161', '--raw', '--subdir', 'DAGS_FOLDER/comic_app_v2.py', '--cfg-path', '/var/folders/jb/grqrlwkd311flwk_zt30r7wr0000gn/T/tmpsq705ar_', '--error-file', '/var/folders/jb/grqrlwkd311flwk_zt30r7wr0000gn/T/tmpa1bzdvlj']
[2022-02-28 14:25:09,178] {standard_task_runner.py:77} INFO - Job 161: Subtask check_comic_info
[2022-02-28 14:25:09,228] {logging_mixin.py:109} INFO - Running <TaskInstance: comic_app_v2.check_comic_info scheduled__2022-02-24T15:40:00+00:00 [running]> on host 1.0.0.0.0.0.0.0.0.0.0.0.0.0.0.0.0.0.0.0.0.0.0.0.0.0.0.0.0.0.0.0.ip6.arpa
[2022-02-28 14:25:09,262] {taskinstance.py:1431} INFO - Exporting the following env vars:
AIRFLOW_CTX_DAG_OWNER=Adam
AIRFLOW_CTX_DAG_ID=comic_app_v2
AIRFLOW_CTX_TASK_ID=check_comic_info
AIRFLOW_CTX_EXECUTION_DATE=2022-02-24T15:40:00+00:00
AIRFLOW_CTX_DAG_RUN_ID=scheduled__2022-02-24T15:40:00+00:00
[2022-02-28 14:25:09,263] {logging_mixin.py:109} INFO - 去看有沒有新的章節
[2022-02-28 14:25:10,087] {logging_mixin.py:109} INFO - False
[2022-02-28 14:25:10,087] {python.py:175} INFO - Done. Returned value was: False
[2022-02-28 14:25:10,103] {taskinstance.py:1282} INFO - Marking task as SUCCESS. dag_id=comic_app_v2, task_id=check_comic_info, execution_date=20220224T154000, start_date=20220228T062509, end_date=20220228T062510
[2022-02-28 14:25:10,123] {local_task_job.py:154} INFO - Task exited with return code 0
[2022-02-28 14:25:10,154] {local_task_job.py:264} INFO - 1 downstream tasks scheduled from follow-on schedule check
[2022-02-28 14:28:36,565] {taskinstance.py:1037} INFO - Dependencies all met for <TaskInstance: comic_app_v2.check_comic_info scheduled__2022-02-24T15:40:00+00:00 [queued]>
[2022-02-28 14:28:36,573] {taskinstance.py:1037} INFO - Dependencies all met for <TaskInstance: comic_app_v2.check_comic_info scheduled__2022-02-24T15:40:00+00:00 [queued]>
[2022-02-28 14:28:36,573] {taskinstance.py:1243} INFO - 
--------------------------------------------------------------------------------
[2022-02-28 14:28:36,573] {taskinstance.py:1244} INFO - Starting attempt 1 of 3
[2022-02-28 14:28:36,573] {taskinstance.py:1245} INFO - 
--------------------------------------------------------------------------------
[2022-02-28 14:28:36,584] {taskinstance.py:1264} INFO - Executing <Task(PythonOperator): check_comic_info> on 2022-02-24 15:40:00+00:00
[2022-02-28 14:28:36,586] {standard_task_runner.py:52} INFO - Started process 31977 to run task
[2022-02-28 14:28:36,591] {standard_task_runner.py:76} INFO - Running: ['airflow', 'tasks', 'run', 'comic_app_v2', 'check_comic_info', 'scheduled__2022-02-24T15:40:00+00:00', '--job-id', '171', '--raw', '--subdir', 'DAGS_FOLDER/comic_app_v2.py', '--cfg-path', '/var/folders/jb/grqrlwkd311flwk_zt30r7wr0000gn/T/tmp9hsg_o_y', '--error-file', '/var/folders/jb/grqrlwkd311flwk_zt30r7wr0000gn/T/tmpgijlnvb1']
[2022-02-28 14:28:36,594] {standard_task_runner.py:77} INFO - Job 171: Subtask check_comic_info
[2022-02-28 14:28:36,640] {logging_mixin.py:109} INFO - Running <TaskInstance: comic_app_v2.check_comic_info scheduled__2022-02-24T15:40:00+00:00 [running]> on host 1.0.0.0.0.0.0.0.0.0.0.0.0.0.0.0.0.0.0.0.0.0.0.0.0.0.0.0.0.0.0.0.ip6.arpa
[2022-02-28 14:28:36,676] {taskinstance.py:1431} INFO - Exporting the following env vars:
AIRFLOW_CTX_DAG_OWNER=Adam
AIRFLOW_CTX_DAG_ID=comic_app_v2
AIRFLOW_CTX_TASK_ID=check_comic_info
AIRFLOW_CTX_EXECUTION_DATE=2022-02-24T15:40:00+00:00
AIRFLOW_CTX_DAG_RUN_ID=scheduled__2022-02-24T15:40:00+00:00
[2022-02-28 14:28:36,678] {logging_mixin.py:109} INFO - 去看有沒有新的章節
[2022-02-28 14:28:36,678] {logging_mixin.py:109} INFO - False
[2022-02-28 14:28:36,678] {python.py:175} INFO - Done. Returned value was: False
[2022-02-28 14:28:36,691] {taskinstance.py:1282} INFO - Marking task as SUCCESS. dag_id=comic_app_v2, task_id=check_comic_info, execution_date=20220224T154000, start_date=20220228T062836, end_date=20220228T062836
[2022-02-28 14:28:36,732] {local_task_job.py:154} INFO - Task exited with return code 0
[2022-02-28 14:28:36,765] {local_task_job.py:264} INFO - 1 downstream tasks scheduled from follow-on schedule check
