[2022-02-27 15:44:52,772] {taskinstance.py:1037} INFO - Dependencies all met for <TaskInstance: comic_app_v2.send_notification scheduled__2022-02-25T15:40:00+00:00 [queued]>
[2022-02-27 15:44:52,782] {taskinstance.py:1037} INFO - Dependencies all met for <TaskInstance: comic_app_v2.send_notification scheduled__2022-02-25T15:40:00+00:00 [queued]>
[2022-02-27 15:44:52,782] {taskinstance.py:1243} INFO - 
--------------------------------------------------------------------------------
[2022-02-27 15:44:52,782] {taskinstance.py:1244} INFO - Starting attempt 1 of 3
[2022-02-27 15:44:52,782] {taskinstance.py:1245} INFO - 
--------------------------------------------------------------------------------
[2022-02-27 15:44:52,792] {taskinstance.py:1264} INFO - Executing <Task(SlackAPIPostOperator): send_notification> on 2022-02-25 15:40:00+00:00
[2022-02-27 15:44:52,795] {standard_task_runner.py:52} INFO - Started process 21404 to run task
[2022-02-27 15:44:52,802] {standard_task_runner.py:76} INFO - Running: ['airflow', 'tasks', 'run', 'comic_app_v2', 'send_notification', 'scheduled__2022-02-25T15:40:00+00:00', '--job-id', '99', '--raw', '--subdir', 'DAGS_FOLDER/comic_app_v2.py', '--cfg-path', '/var/folders/jb/grqrlwkd311flwk_zt30r7wr0000gn/T/tmpp4zjv8kb', '--error-file', '/var/folders/jb/grqrlwkd311flwk_zt30r7wr0000gn/T/tmpmgyq12lk']
[2022-02-27 15:44:52,804] {standard_task_runner.py:77} INFO - Job 99: Subtask send_notification
[2022-02-27 15:44:52,849] {logging_mixin.py:109} INFO - Running <TaskInstance: comic_app_v2.send_notification scheduled__2022-02-25T15:40:00+00:00 [running]> on host 1.0.0.0.0.0.0.0.0.0.0.0.0.0.0.0.0.0.0.0.0.0.0.0.0.0.0.0.0.0.0.0.ip6.arpa
[2022-02-27 15:44:52,886] {taskinstance.py:1431} INFO - Exporting the following env vars:
AIRFLOW_CTX_DAG_OWNER=Adam
AIRFLOW_CTX_DAG_ID=comic_app_v2
AIRFLOW_CTX_TASK_ID=send_notification
AIRFLOW_CTX_EXECUTION_DATE=2022-02-25T15:40:00+00:00
AIRFLOW_CTX_DAG_RUN_ID=scheduled__2022-02-25T15:40:00+00:00
[2022-02-27 15:45:02,919] {taskinstance.py:1282} INFO - Marking task as SUCCESS. dag_id=comic_app_v2, task_id=send_notification, execution_date=20220225T154000, start_date=20220227T074452, end_date=20220227T074502
[2022-02-27 15:45:02,954] {local_task_job.py:154} INFO - Task exited with return code 0
[2022-02-27 15:45:02,976] {local_task_job.py:264} INFO - 1 downstream tasks scheduled from follow-on schedule check
