[2022-02-25 17:14:37,038] {taskinstance.py:1037} INFO - Dependencies all met for <TaskInstance: comic_app_v2.check_comic_info scheduled__2022-01-08T00:00:00+00:00 [queued]>
[2022-02-25 17:14:37,047] {taskinstance.py:1037} INFO - Dependencies all met for <TaskInstance: comic_app_v2.check_comic_info scheduled__2022-01-08T00:00:00+00:00 [queued]>
[2022-02-25 17:14:37,047] {taskinstance.py:1243} INFO - 
--------------------------------------------------------------------------------
[2022-02-25 17:14:37,047] {taskinstance.py:1244} INFO - Starting attempt 1 of 3
[2022-02-25 17:14:37,048] {taskinstance.py:1245} INFO - 
--------------------------------------------------------------------------------
[2022-02-25 17:14:37,061] {taskinstance.py:1264} INFO - Executing <Task(PythonOperator): check_comic_info> on 2022-01-08 00:00:00+00:00
[2022-02-25 17:14:37,063] {standard_task_runner.py:52} INFO - Started process 17163 to run task
[2022-02-25 17:14:37,071] {standard_task_runner.py:76} INFO - Running: ['airflow', 'tasks', 'run', 'comic_app_v2', 'check_comic_info', 'scheduled__2022-01-08T00:00:00+00:00', '--job-id', '38', '--raw', '--subdir', 'DAGS_FOLDER/comic_app_v2.py', '--cfg-path', '/var/folders/jb/grqrlwkd311flwk_zt30r7wr0000gn/T/tmprqjpuvdg', '--error-file', '/var/folders/jb/grqrlwkd311flwk_zt30r7wr0000gn/T/tmp1fgkv0st']
[2022-02-25 17:14:37,073] {standard_task_runner.py:77} INFO - Job 38: Subtask check_comic_info
[2022-02-25 17:14:37,139] {logging_mixin.py:109} INFO - Running <TaskInstance: comic_app_v2.check_comic_info scheduled__2022-01-08T00:00:00+00:00 [running]> on host 1.0.0.0.0.0.0.0.0.0.0.0.0.0.0.0.0.0.0.0.0.0.0.0.0.0.0.0.0.0.0.0.ip6.arpa
[2022-02-25 17:14:37,184] {taskinstance.py:1431} INFO - Exporting the following env vars:
AIRFLOW_CTX_DAG_OWNER=Adam
AIRFLOW_CTX_DAG_ID=comic_app_v2
AIRFLOW_CTX_TASK_ID=check_comic_info
AIRFLOW_CTX_EXECUTION_DATE=2022-01-08T00:00:00+00:00
AIRFLOW_CTX_DAG_RUN_ID=scheduled__2022-01-08T00:00:00+00:00
[2022-02-25 17:14:37,188] {logging_mixin.py:109} INFO - 去漫畫網站看有沒有新的章節
[2022-02-25 17:14:37,189] {python.py:175} INFO - Done. Returned value was: (True, None)
[2022-02-25 17:14:37,201] {taskinstance.py:1282} INFO - Marking task as SUCCESS. dag_id=comic_app_v2, task_id=check_comic_info, execution_date=20220108T000000, start_date=20220225T091437, end_date=20220225T091437
[2022-02-25 17:14:37,255] {local_task_job.py:154} INFO - Task exited with return code 0
[2022-02-25 17:14:37,290] {local_task_job.py:264} INFO - 1 downstream tasks scheduled from follow-on schedule check
[2022-02-25 17:19:30,092] {taskinstance.py:1037} INFO - Dependencies all met for <TaskInstance: comic_app_v2.check_comic_info scheduled__2022-01-08T00:00:00+00:00 [queued]>
[2022-02-25 17:19:30,101] {taskinstance.py:1037} INFO - Dependencies all met for <TaskInstance: comic_app_v2.check_comic_info scheduled__2022-01-08T00:00:00+00:00 [queued]>
[2022-02-25 17:19:30,101] {taskinstance.py:1243} INFO - 
--------------------------------------------------------------------------------
[2022-02-25 17:19:30,101] {taskinstance.py:1244} INFO - Starting attempt 1 of 3
[2022-02-25 17:19:30,102] {taskinstance.py:1245} INFO - 
--------------------------------------------------------------------------------
[2022-02-25 17:19:30,113] {taskinstance.py:1264} INFO - Executing <Task(PythonOperator): check_comic_info> on 2022-01-08 00:00:00+00:00
[2022-02-25 17:19:30,115] {standard_task_runner.py:52} INFO - Started process 17572 to run task
[2022-02-25 17:19:30,122] {standard_task_runner.py:76} INFO - Running: ['airflow', 'tasks', 'run', 'comic_app_v2', 'check_comic_info', 'scheduled__2022-01-08T00:00:00+00:00', '--job-id', '74', '--raw', '--subdir', 'DAGS_FOLDER/comic_app_v2.py', '--cfg-path', '/var/folders/jb/grqrlwkd311flwk_zt30r7wr0000gn/T/tmp3u7i12y8', '--error-file', '/var/folders/jb/grqrlwkd311flwk_zt30r7wr0000gn/T/tmp_m54oqo3']
[2022-02-25 17:19:30,124] {standard_task_runner.py:77} INFO - Job 74: Subtask check_comic_info
[2022-02-25 17:19:30,197] {logging_mixin.py:109} INFO - Running <TaskInstance: comic_app_v2.check_comic_info scheduled__2022-01-08T00:00:00+00:00 [running]> on host 1.0.0.0.0.0.0.0.0.0.0.0.0.0.0.0.0.0.0.0.0.0.0.0.0.0.0.0.0.0.0.0.ip6.arpa
[2022-02-25 17:19:30,255] {taskinstance.py:1431} INFO - Exporting the following env vars:
AIRFLOW_CTX_DAG_OWNER=Adam
AIRFLOW_CTX_DAG_ID=comic_app_v2
AIRFLOW_CTX_TASK_ID=check_comic_info
AIRFLOW_CTX_EXECUTION_DATE=2022-01-08T00:00:00+00:00
AIRFLOW_CTX_DAG_RUN_ID=scheduled__2022-01-08T00:00:00+00:00
[2022-02-25 17:19:30,259] {logging_mixin.py:109} INFO - 去漫畫網站看有沒有新的章節
[2022-02-25 17:19:30,259] {python.py:175} INFO - Done. Returned value was: (False, None)
[2022-02-25 17:19:30,272] {taskinstance.py:1282} INFO - Marking task as SUCCESS. dag_id=comic_app_v2, task_id=check_comic_info, execution_date=20220108T000000, start_date=20220225T091930, end_date=20220225T091930
[2022-02-25 17:19:30,304] {local_task_job.py:154} INFO - Task exited with return code 0
[2022-02-25 17:19:30,357] {local_task_job.py:264} INFO - 1 downstream tasks scheduled from follow-on schedule check
