[2022-02-27 15:44:27,792] {taskinstance.py:1037} INFO - Dependencies all met for <TaskInstance: comic_app_v2.get_read_history scheduled__2022-02-24T15:40:00+00:00 [queued]>
[2022-02-27 15:44:27,805] {taskinstance.py:1037} INFO - Dependencies all met for <TaskInstance: comic_app_v2.get_read_history scheduled__2022-02-24T15:40:00+00:00 [queued]>
[2022-02-27 15:44:27,805] {taskinstance.py:1243} INFO - 
--------------------------------------------------------------------------------
[2022-02-27 15:44:27,805] {taskinstance.py:1244} INFO - Starting attempt 1 of 3
[2022-02-27 15:44:27,805] {taskinstance.py:1245} INFO - 
--------------------------------------------------------------------------------
[2022-02-27 15:44:27,826] {taskinstance.py:1264} INFO - Executing <Task(PythonOperator): get_read_history> on 2022-02-24 15:40:00+00:00
[2022-02-27 15:44:27,832] {standard_task_runner.py:52} INFO - Started process 21337 to run task
[2022-02-27 15:44:27,839] {standard_task_runner.py:76} INFO - Running: ['airflow', 'tasks', 'run', 'comic_app_v2', 'get_read_history', 'scheduled__2022-02-24T15:40:00+00:00', '--job-id', '90', '--raw', '--subdir', 'DAGS_FOLDER/comic_app_v2.py', '--cfg-path', '/var/folders/jb/grqrlwkd311flwk_zt30r7wr0000gn/T/tmp3n1bnl_h', '--error-file', '/var/folders/jb/grqrlwkd311flwk_zt30r7wr0000gn/T/tmpdbbo_78_']
[2022-02-27 15:44:27,844] {standard_task_runner.py:77} INFO - Job 90: Subtask get_read_history
[2022-02-27 15:44:27,912] {logging_mixin.py:109} INFO - Running <TaskInstance: comic_app_v2.get_read_history scheduled__2022-02-24T15:40:00+00:00 [running]> on host 1.0.0.0.0.0.0.0.0.0.0.0.0.0.0.0.0.0.0.0.0.0.0.0.0.0.0.0.0.0.0.0.ip6.arpa
[2022-02-27 15:44:27,967] {taskinstance.py:1431} INFO - Exporting the following env vars:
AIRFLOW_CTX_DAG_OWNER=Adam
AIRFLOW_CTX_DAG_ID=comic_app_v2
AIRFLOW_CTX_TASK_ID=get_read_history
AIRFLOW_CTX_EXECUTION_DATE=2022-02-24T15:40:00+00:00
AIRFLOW_CTX_DAG_RUN_ID=scheduled__2022-02-24T15:40:00+00:00
[2022-02-27 15:44:27,968] {logging_mixin.py:109} INFO - 取得使用者的閱讀紀錄
[2022-02-27 15:44:27,968] {python.py:175} INFO - Done. Returned value was: None
[2022-02-27 15:44:27,980] {taskinstance.py:1282} INFO - Marking task as SUCCESS. dag_id=comic_app_v2, task_id=get_read_history, execution_date=20220224T154000, start_date=20220227T074427, end_date=20220227T074427
[2022-02-27 15:44:28,016] {local_task_job.py:154} INFO - Task exited with return code 0
[2022-02-27 15:44:28,058] {local_task_job.py:264} INFO - 1 downstream tasks scheduled from follow-on schedule check
[2022-02-27 16:45:35,576] {taskinstance.py:1037} INFO - Dependencies all met for <TaskInstance: comic_app_v2.get_read_history scheduled__2022-02-24T15:40:00+00:00 [queued]>
[2022-02-27 16:45:35,585] {taskinstance.py:1037} INFO - Dependencies all met for <TaskInstance: comic_app_v2.get_read_history scheduled__2022-02-24T15:40:00+00:00 [queued]>
[2022-02-27 16:45:35,585] {taskinstance.py:1243} INFO - 
--------------------------------------------------------------------------------
[2022-02-27 16:45:35,585] {taskinstance.py:1244} INFO - Starting attempt 1 of 3
[2022-02-27 16:45:35,585] {taskinstance.py:1245} INFO - 
--------------------------------------------------------------------------------
[2022-02-27 16:45:35,595] {taskinstance.py:1264} INFO - Executing <Task(PythonOperator): get_read_history> on 2022-02-24 15:40:00+00:00
[2022-02-27 16:45:35,598] {standard_task_runner.py:52} INFO - Started process 28096 to run task
[2022-02-27 16:45:35,607] {standard_task_runner.py:76} INFO - Running: ['airflow', 'tasks', 'run', 'comic_app_v2', 'get_read_history', 'scheduled__2022-02-24T15:40:00+00:00', '--job-id', '106', '--raw', '--subdir', 'DAGS_FOLDER/comic_app_v2.py', '--cfg-path', '/var/folders/jb/grqrlwkd311flwk_zt30r7wr0000gn/T/tmpo8qitp63', '--error-file', '/var/folders/jb/grqrlwkd311flwk_zt30r7wr0000gn/T/tmp2_rajlrt']
[2022-02-27 16:45:35,609] {standard_task_runner.py:77} INFO - Job 106: Subtask get_read_history
[2022-02-27 16:45:35,671] {logging_mixin.py:109} INFO - Running <TaskInstance: comic_app_v2.get_read_history scheduled__2022-02-24T15:40:00+00:00 [running]> on host 1.0.0.0.0.0.0.0.0.0.0.0.0.0.0.0.0.0.0.0.0.0.0.0.0.0.0.0.0.0.0.0.ip6.arpa
[2022-02-27 16:45:35,713] {taskinstance.py:1431} INFO - Exporting the following env vars:
AIRFLOW_CTX_DAG_OWNER=Adam
AIRFLOW_CTX_DAG_ID=comic_app_v2
AIRFLOW_CTX_TASK_ID=get_read_history
AIRFLOW_CTX_EXECUTION_DATE=2022-02-24T15:40:00+00:00
AIRFLOW_CTX_DAG_RUN_ID=scheduled__2022-02-24T15:40:00+00:00
[2022-02-27 16:45:35,714] {logging_mixin.py:109} INFO - 取得使用者的閱讀紀錄
[2022-02-27 16:45:35,714] {python.py:175} INFO - Done. Returned value was: None
[2022-02-27 16:45:35,720] {taskinstance.py:1282} INFO - Marking task as SUCCESS. dag_id=comic_app_v2, task_id=get_read_history, execution_date=20220224T154000, start_date=20220227T084535, end_date=20220227T084535
[2022-02-27 16:45:35,750] {local_task_job.py:154} INFO - Task exited with return code 0
[2022-02-27 16:45:35,779] {local_task_job.py:264} INFO - 1 downstream tasks scheduled from follow-on schedule check
[2022-02-27 16:48:44,904] {taskinstance.py:1037} INFO - Dependencies all met for <TaskInstance: comic_app_v2.get_read_history scheduled__2022-02-24T15:40:00+00:00 [queued]>
[2022-02-27 16:48:44,911] {taskinstance.py:1037} INFO - Dependencies all met for <TaskInstance: comic_app_v2.get_read_history scheduled__2022-02-24T15:40:00+00:00 [queued]>
[2022-02-27 16:48:44,911] {taskinstance.py:1243} INFO - 
--------------------------------------------------------------------------------
[2022-02-27 16:48:44,911] {taskinstance.py:1244} INFO - Starting attempt 1 of 3
[2022-02-27 16:48:44,911] {taskinstance.py:1245} INFO - 
--------------------------------------------------------------------------------
[2022-02-27 16:48:44,921] {taskinstance.py:1264} INFO - Executing <Task(PythonOperator): get_read_history> on 2022-02-24 15:40:00+00:00
[2022-02-27 16:48:44,924] {standard_task_runner.py:52} INFO - Started process 28443 to run task
[2022-02-27 16:48:44,934] {standard_task_runner.py:76} INFO - Running: ['airflow', 'tasks', 'run', 'comic_app_v2', 'get_read_history', 'scheduled__2022-02-24T15:40:00+00:00', '--job-id', '113', '--raw', '--subdir', 'DAGS_FOLDER/comic_app_v2.py', '--cfg-path', '/var/folders/jb/grqrlwkd311flwk_zt30r7wr0000gn/T/tmpbtf9ybai', '--error-file', '/var/folders/jb/grqrlwkd311flwk_zt30r7wr0000gn/T/tmpvgtdhucm']
[2022-02-27 16:48:44,937] {standard_task_runner.py:77} INFO - Job 113: Subtask get_read_history
[2022-02-27 16:48:44,980] {logging_mixin.py:109} INFO - Running <TaskInstance: comic_app_v2.get_read_history scheduled__2022-02-24T15:40:00+00:00 [running]> on host 1.0.0.0.0.0.0.0.0.0.0.0.0.0.0.0.0.0.0.0.0.0.0.0.0.0.0.0.0.0.0.0.ip6.arpa
[2022-02-27 16:48:45,019] {taskinstance.py:1431} INFO - Exporting the following env vars:
AIRFLOW_CTX_DAG_OWNER=Adam
AIRFLOW_CTX_DAG_ID=comic_app_v2
AIRFLOW_CTX_TASK_ID=get_read_history
AIRFLOW_CTX_EXECUTION_DATE=2022-02-24T15:40:00+00:00
AIRFLOW_CTX_DAG_RUN_ID=scheduled__2022-02-24T15:40:00+00:00
[2022-02-27 16:48:45,020] {logging_mixin.py:109} INFO - 取得使用者的閱讀紀錄
[2022-02-27 16:48:45,021] {python.py:175} INFO - Done. Returned value was: None
[2022-02-27 16:48:45,029] {taskinstance.py:1282} INFO - Marking task as SUCCESS. dag_id=comic_app_v2, task_id=get_read_history, execution_date=20220224T154000, start_date=20220227T084844, end_date=20220227T084845
[2022-02-27 16:48:45,073] {local_task_job.py:154} INFO - Task exited with return code 0
[2022-02-27 16:48:45,113] {local_task_job.py:264} INFO - 1 downstream tasks scheduled from follow-on schedule check
[2022-02-27 16:50:53,555] {taskinstance.py:1037} INFO - Dependencies all met for <TaskInstance: comic_app_v2.get_read_history scheduled__2022-02-24T15:40:00+00:00 [queued]>
[2022-02-27 16:50:53,563] {taskinstance.py:1037} INFO - Dependencies all met for <TaskInstance: comic_app_v2.get_read_history scheduled__2022-02-24T15:40:00+00:00 [queued]>
[2022-02-27 16:50:53,563] {taskinstance.py:1243} INFO - 
--------------------------------------------------------------------------------
[2022-02-27 16:50:53,563] {taskinstance.py:1244} INFO - Starting attempt 1 of 3
[2022-02-27 16:50:53,563] {taskinstance.py:1245} INFO - 
--------------------------------------------------------------------------------
[2022-02-27 16:50:53,573] {taskinstance.py:1264} INFO - Executing <Task(PythonOperator): get_read_history> on 2022-02-24 15:40:00+00:00
[2022-02-27 16:50:53,575] {standard_task_runner.py:52} INFO - Started process 28714 to run task
[2022-02-27 16:50:53,581] {standard_task_runner.py:76} INFO - Running: ['airflow', 'tasks', 'run', 'comic_app_v2', 'get_read_history', 'scheduled__2022-02-24T15:40:00+00:00', '--job-id', '122', '--raw', '--subdir', 'DAGS_FOLDER/comic_app_v2.py', '--cfg-path', '/var/folders/jb/grqrlwkd311flwk_zt30r7wr0000gn/T/tmpjwwm5ia4', '--error-file', '/var/folders/jb/grqrlwkd311flwk_zt30r7wr0000gn/T/tmpdtak48dr']
[2022-02-27 16:50:53,583] {standard_task_runner.py:77} INFO - Job 122: Subtask get_read_history
[2022-02-27 16:50:53,627] {logging_mixin.py:109} INFO - Running <TaskInstance: comic_app_v2.get_read_history scheduled__2022-02-24T15:40:00+00:00 [running]> on host 1.0.0.0.0.0.0.0.0.0.0.0.0.0.0.0.0.0.0.0.0.0.0.0.0.0.0.0.0.0.0.0.ip6.arpa
[2022-02-27 16:50:53,681] {taskinstance.py:1431} INFO - Exporting the following env vars:
AIRFLOW_CTX_DAG_OWNER=Adam
AIRFLOW_CTX_DAG_ID=comic_app_v2
AIRFLOW_CTX_TASK_ID=get_read_history
AIRFLOW_CTX_EXECUTION_DATE=2022-02-24T15:40:00+00:00
AIRFLOW_CTX_DAG_RUN_ID=scheduled__2022-02-24T15:40:00+00:00
[2022-02-27 16:50:53,682] {logging_mixin.py:109} INFO - 取得使用者的閱讀紀錄
[2022-02-27 16:50:53,683] {python.py:175} INFO - Done. Returned value was: None
[2022-02-27 16:50:53,690] {taskinstance.py:1282} INFO - Marking task as SUCCESS. dag_id=comic_app_v2, task_id=get_read_history, execution_date=20220224T154000, start_date=20220227T085053, end_date=20220227T085053
[2022-02-27 16:50:53,722] {local_task_job.py:154} INFO - Task exited with return code 0
[2022-02-27 16:50:53,776] {local_task_job.py:264} INFO - 1 downstream tasks scheduled from follow-on schedule check
[2022-02-27 16:55:40,935] {taskinstance.py:1037} INFO - Dependencies all met for <TaskInstance: comic_app_v2.get_read_history scheduled__2022-02-24T15:40:00+00:00 [queued]>
[2022-02-27 16:55:40,943] {taskinstance.py:1037} INFO - Dependencies all met for <TaskInstance: comic_app_v2.get_read_history scheduled__2022-02-24T15:40:00+00:00 [queued]>
[2022-02-27 16:55:40,944] {taskinstance.py:1243} INFO - 
--------------------------------------------------------------------------------
[2022-02-27 16:55:40,944] {taskinstance.py:1244} INFO - Starting attempt 1 of 3
[2022-02-27 16:55:40,944] {taskinstance.py:1245} INFO - 
--------------------------------------------------------------------------------
[2022-02-27 16:55:40,954] {taskinstance.py:1264} INFO - Executing <Task(PythonOperator): get_read_history> on 2022-02-24 15:40:00+00:00
[2022-02-27 16:55:40,957] {standard_task_runner.py:52} INFO - Started process 29043 to run task
[2022-02-27 16:55:40,964] {standard_task_runner.py:76} INFO - Running: ['airflow', 'tasks', 'run', 'comic_app_v2', 'get_read_history', 'scheduled__2022-02-24T15:40:00+00:00', '--job-id', '129', '--raw', '--subdir', 'DAGS_FOLDER/comic_app_v2.py', '--cfg-path', '/var/folders/jb/grqrlwkd311flwk_zt30r7wr0000gn/T/tmprce3s7qo', '--error-file', '/var/folders/jb/grqrlwkd311flwk_zt30r7wr0000gn/T/tmp4k_21gxn']
[2022-02-27 16:55:40,966] {standard_task_runner.py:77} INFO - Job 129: Subtask get_read_history
[2022-02-27 16:55:41,015] {logging_mixin.py:109} INFO - Running <TaskInstance: comic_app_v2.get_read_history scheduled__2022-02-24T15:40:00+00:00 [running]> on host 1.0.0.0.0.0.0.0.0.0.0.0.0.0.0.0.0.0.0.0.0.0.0.0.0.0.0.0.0.0.0.0.ip6.arpa
[2022-02-27 16:55:41,082] {taskinstance.py:1431} INFO - Exporting the following env vars:
AIRFLOW_CTX_DAG_OWNER=Adam
AIRFLOW_CTX_DAG_ID=comic_app_v2
AIRFLOW_CTX_TASK_ID=get_read_history
AIRFLOW_CTX_EXECUTION_DATE=2022-02-24T15:40:00+00:00
AIRFLOW_CTX_DAG_RUN_ID=scheduled__2022-02-24T15:40:00+00:00
[2022-02-27 16:55:41,083] {logging_mixin.py:109} INFO - 取得使用者的閱讀紀錄
[2022-02-27 16:55:41,084] {python.py:175} INFO - Done. Returned value was: None
[2022-02-27 16:55:41,098] {taskinstance.py:1282} INFO - Marking task as SUCCESS. dag_id=comic_app_v2, task_id=get_read_history, execution_date=20220224T154000, start_date=20220227T085540, end_date=20220227T085541
[2022-02-27 16:55:41,162] {local_task_job.py:154} INFO - Task exited with return code 0
[2022-02-27 16:55:41,251] {local_task_job.py:264} INFO - 1 downstream tasks scheduled from follow-on schedule check
[2022-02-27 17:01:56,486] {taskinstance.py:1037} INFO - Dependencies all met for <TaskInstance: comic_app_v2.get_read_history scheduled__2022-02-24T15:40:00+00:00 [queued]>
[2022-02-27 17:01:56,494] {taskinstance.py:1037} INFO - Dependencies all met for <TaskInstance: comic_app_v2.get_read_history scheduled__2022-02-24T15:40:00+00:00 [queued]>
[2022-02-27 17:01:56,494] {taskinstance.py:1243} INFO - 
--------------------------------------------------------------------------------
[2022-02-27 17:01:56,494] {taskinstance.py:1244} INFO - Starting attempt 1 of 3
[2022-02-27 17:01:56,494] {taskinstance.py:1245} INFO - 
--------------------------------------------------------------------------------
[2022-02-27 17:01:56,507] {taskinstance.py:1264} INFO - Executing <Task(PythonOperator): get_read_history> on 2022-02-24 15:40:00+00:00
[2022-02-27 17:01:56,509] {standard_task_runner.py:52} INFO - Started process 29543 to run task
[2022-02-27 17:01:56,522] {standard_task_runner.py:76} INFO - Running: ['airflow', 'tasks', 'run', 'comic_app_v2', 'get_read_history', 'scheduled__2022-02-24T15:40:00+00:00', '--job-id', '137', '--raw', '--subdir', 'DAGS_FOLDER/comic_app_v2.py', '--cfg-path', '/var/folders/jb/grqrlwkd311flwk_zt30r7wr0000gn/T/tmp73fxt0rs', '--error-file', '/var/folders/jb/grqrlwkd311flwk_zt30r7wr0000gn/T/tmpvsqouiit']
[2022-02-27 17:01:56,524] {standard_task_runner.py:77} INFO - Job 137: Subtask get_read_history
[2022-02-27 17:01:56,578] {logging_mixin.py:109} INFO - Running <TaskInstance: comic_app_v2.get_read_history scheduled__2022-02-24T15:40:00+00:00 [running]> on host 1.0.0.0.0.0.0.0.0.0.0.0.0.0.0.0.0.0.0.0.0.0.0.0.0.0.0.0.0.0.0.0.ip6.arpa
[2022-02-27 17:01:56,620] {taskinstance.py:1431} INFO - Exporting the following env vars:
AIRFLOW_CTX_DAG_OWNER=Adam
AIRFLOW_CTX_DAG_ID=comic_app_v2
AIRFLOW_CTX_TASK_ID=get_read_history
AIRFLOW_CTX_EXECUTION_DATE=2022-02-24T15:40:00+00:00
AIRFLOW_CTX_DAG_RUN_ID=scheduled__2022-02-24T15:40:00+00:00
[2022-02-27 17:01:56,622] {logging_mixin.py:109} INFO - 取得使用者的閱讀紀錄
[2022-02-27 17:01:56,622] {python.py:175} INFO - Done. Returned value was: None
[2022-02-27 17:01:56,629] {taskinstance.py:1282} INFO - Marking task as SUCCESS. dag_id=comic_app_v2, task_id=get_read_history, execution_date=20220224T154000, start_date=20220227T090156, end_date=20220227T090156
[2022-02-27 17:01:56,655] {local_task_job.py:154} INFO - Task exited with return code 0
[2022-02-27 17:01:56,690] {local_task_job.py:264} INFO - 1 downstream tasks scheduled from follow-on schedule check
[2022-02-27 17:02:55,753] {taskinstance.py:1037} INFO - Dependencies all met for <TaskInstance: comic_app_v2.get_read_history scheduled__2022-02-24T15:40:00+00:00 [queued]>
[2022-02-27 17:02:55,760] {taskinstance.py:1037} INFO - Dependencies all met for <TaskInstance: comic_app_v2.get_read_history scheduled__2022-02-24T15:40:00+00:00 [queued]>
[2022-02-27 17:02:55,760] {taskinstance.py:1243} INFO - 
--------------------------------------------------------------------------------
[2022-02-27 17:02:55,761] {taskinstance.py:1244} INFO - Starting attempt 1 of 3
[2022-02-27 17:02:55,761] {taskinstance.py:1245} INFO - 
--------------------------------------------------------------------------------
[2022-02-27 17:02:55,770] {taskinstance.py:1264} INFO - Executing <Task(PythonOperator): get_read_history> on 2022-02-24 15:40:00+00:00
[2022-02-27 17:02:55,772] {standard_task_runner.py:52} INFO - Started process 29646 to run task
[2022-02-27 17:02:55,777] {standard_task_runner.py:76} INFO - Running: ['airflow', 'tasks', 'run', 'comic_app_v2', 'get_read_history', 'scheduled__2022-02-24T15:40:00+00:00', '--job-id', '144', '--raw', '--subdir', 'DAGS_FOLDER/comic_app_v2.py', '--cfg-path', '/var/folders/jb/grqrlwkd311flwk_zt30r7wr0000gn/T/tmpo8aikhlv', '--error-file', '/var/folders/jb/grqrlwkd311flwk_zt30r7wr0000gn/T/tmppnsaqdh4']
[2022-02-27 17:02:55,780] {standard_task_runner.py:77} INFO - Job 144: Subtask get_read_history
[2022-02-27 17:02:55,820] {logging_mixin.py:109} INFO - Running <TaskInstance: comic_app_v2.get_read_history scheduled__2022-02-24T15:40:00+00:00 [running]> on host 1.0.0.0.0.0.0.0.0.0.0.0.0.0.0.0.0.0.0.0.0.0.0.0.0.0.0.0.0.0.0.0.ip6.arpa
[2022-02-27 17:02:55,856] {taskinstance.py:1431} INFO - Exporting the following env vars:
AIRFLOW_CTX_DAG_OWNER=Adam
AIRFLOW_CTX_DAG_ID=comic_app_v2
AIRFLOW_CTX_TASK_ID=get_read_history
AIRFLOW_CTX_EXECUTION_DATE=2022-02-24T15:40:00+00:00
AIRFLOW_CTX_DAG_RUN_ID=scheduled__2022-02-24T15:40:00+00:00
[2022-02-27 17:02:55,857] {logging_mixin.py:109} INFO - 取得使用者的閱讀紀錄
[2022-02-27 17:02:55,857] {python.py:175} INFO - Done. Returned value was: None
[2022-02-27 17:02:55,863] {taskinstance.py:1282} INFO - Marking task as SUCCESS. dag_id=comic_app_v2, task_id=get_read_history, execution_date=20220224T154000, start_date=20220227T090255, end_date=20220227T090255
[2022-02-27 17:02:55,916] {local_task_job.py:154} INFO - Task exited with return code 0
[2022-02-27 17:02:55,947] {local_task_job.py:264} INFO - 1 downstream tasks scheduled from follow-on schedule check
[2022-02-28 14:23:24,952] {taskinstance.py:1037} INFO - Dependencies all met for <TaskInstance: comic_app_v2.get_read_history scheduled__2022-02-24T15:40:00+00:00 [queued]>
[2022-02-28 14:23:24,962] {taskinstance.py:1037} INFO - Dependencies all met for <TaskInstance: comic_app_v2.get_read_history scheduled__2022-02-24T15:40:00+00:00 [queued]>
[2022-02-28 14:23:24,962] {taskinstance.py:1243} INFO - 
--------------------------------------------------------------------------------
[2022-02-28 14:23:24,962] {taskinstance.py:1244} INFO - Starting attempt 1 of 3
[2022-02-28 14:23:24,962] {taskinstance.py:1245} INFO - 
--------------------------------------------------------------------------------
[2022-02-28 14:23:24,976] {taskinstance.py:1264} INFO - Executing <Task(PythonOperator): get_read_history> on 2022-02-24 15:40:00+00:00
[2022-02-28 14:23:24,981] {standard_task_runner.py:52} INFO - Started process 31502 to run task
[2022-02-28 14:23:24,991] {standard_task_runner.py:76} INFO - Running: ['airflow', 'tasks', 'run', 'comic_app_v2', 'get_read_history', 'scheduled__2022-02-24T15:40:00+00:00', '--job-id', '154', '--raw', '--subdir', 'DAGS_FOLDER/comic_app_v2.py', '--cfg-path', '/var/folders/jb/grqrlwkd311flwk_zt30r7wr0000gn/T/tmp1hvu0u6f', '--error-file', '/var/folders/jb/grqrlwkd311flwk_zt30r7wr0000gn/T/tmpo21qkmnt']
[2022-02-28 14:23:24,994] {standard_task_runner.py:77} INFO - Job 154: Subtask get_read_history
[2022-02-28 14:23:25,065] {logging_mixin.py:109} INFO - Running <TaskInstance: comic_app_v2.get_read_history scheduled__2022-02-24T15:40:00+00:00 [running]> on host 1.0.0.0.0.0.0.0.0.0.0.0.0.0.0.0.0.0.0.0.0.0.0.0.0.0.0.0.0.0.0.0.ip6.arpa
[2022-02-28 14:23:25,108] {taskinstance.py:1431} INFO - Exporting the following env vars:
AIRFLOW_CTX_DAG_OWNER=Adam
AIRFLOW_CTX_DAG_ID=comic_app_v2
AIRFLOW_CTX_TASK_ID=get_read_history
AIRFLOW_CTX_EXECUTION_DATE=2022-02-24T15:40:00+00:00
AIRFLOW_CTX_DAG_RUN_ID=scheduled__2022-02-24T15:40:00+00:00
[2022-02-28 14:23:25,109] {logging_mixin.py:109} INFO - 取得使用者的閱讀紀錄
[2022-02-28 14:23:25,109] {python.py:175} INFO - Done. Returned value was: None
[2022-02-28 14:23:25,118] {taskinstance.py:1282} INFO - Marking task as SUCCESS. dag_id=comic_app_v2, task_id=get_read_history, execution_date=20220224T154000, start_date=20220228T062324, end_date=20220228T062325
[2022-02-28 14:23:25,134] {local_task_job.py:154} INFO - Task exited with return code 0
[2022-02-28 14:23:25,168] {local_task_job.py:264} INFO - 1 downstream tasks scheduled from follow-on schedule check
[2022-02-28 14:25:03,630] {taskinstance.py:1037} INFO - Dependencies all met for <TaskInstance: comic_app_v2.get_read_history scheduled__2022-02-24T15:40:00+00:00 [queued]>
[2022-02-28 14:25:03,637] {taskinstance.py:1037} INFO - Dependencies all met for <TaskInstance: comic_app_v2.get_read_history scheduled__2022-02-24T15:40:00+00:00 [queued]>
[2022-02-28 14:25:03,637] {taskinstance.py:1243} INFO - 
--------------------------------------------------------------------------------
[2022-02-28 14:25:03,637] {taskinstance.py:1244} INFO - Starting attempt 1 of 3
[2022-02-28 14:25:03,638] {taskinstance.py:1245} INFO - 
--------------------------------------------------------------------------------
[2022-02-28 14:25:03,650] {taskinstance.py:1264} INFO - Executing <Task(PythonOperator): get_read_history> on 2022-02-24 15:40:00+00:00
[2022-02-28 14:25:03,652] {standard_task_runner.py:52} INFO - Started process 31641 to run task
[2022-02-28 14:25:03,658] {standard_task_runner.py:76} INFO - Running: ['airflow', 'tasks', 'run', 'comic_app_v2', 'get_read_history', 'scheduled__2022-02-24T15:40:00+00:00', '--job-id', '159', '--raw', '--subdir', 'DAGS_FOLDER/comic_app_v2.py', '--cfg-path', '/var/folders/jb/grqrlwkd311flwk_zt30r7wr0000gn/T/tmpqpd5_qdz', '--error-file', '/var/folders/jb/grqrlwkd311flwk_zt30r7wr0000gn/T/tmps_kfn3rb']
[2022-02-28 14:25:03,661] {standard_task_runner.py:77} INFO - Job 159: Subtask get_read_history
[2022-02-28 14:25:03,709] {logging_mixin.py:109} INFO - Running <TaskInstance: comic_app_v2.get_read_history scheduled__2022-02-24T15:40:00+00:00 [running]> on host 1.0.0.0.0.0.0.0.0.0.0.0.0.0.0.0.0.0.0.0.0.0.0.0.0.0.0.0.0.0.0.0.ip6.arpa
[2022-02-28 14:25:03,748] {taskinstance.py:1431} INFO - Exporting the following env vars:
AIRFLOW_CTX_DAG_OWNER=Adam
AIRFLOW_CTX_DAG_ID=comic_app_v2
AIRFLOW_CTX_TASK_ID=get_read_history
AIRFLOW_CTX_EXECUTION_DATE=2022-02-24T15:40:00+00:00
AIRFLOW_CTX_DAG_RUN_ID=scheduled__2022-02-24T15:40:00+00:00
[2022-02-28 14:25:03,749] {logging_mixin.py:109} INFO - 取得使用者的閱讀紀錄
[2022-02-28 14:25:03,749] {python.py:175} INFO - Done. Returned value was: None
[2022-02-28 14:25:03,756] {taskinstance.py:1282} INFO - Marking task as SUCCESS. dag_id=comic_app_v2, task_id=get_read_history, execution_date=20220224T154000, start_date=20220228T062503, end_date=20220228T062503
[2022-02-28 14:25:03,804] {local_task_job.py:154} INFO - Task exited with return code 0
[2022-02-28 14:25:03,841] {local_task_job.py:264} INFO - 1 downstream tasks scheduled from follow-on schedule check
[2022-02-28 14:28:30,547] {taskinstance.py:1037} INFO - Dependencies all met for <TaskInstance: comic_app_v2.get_read_history scheduled__2022-02-24T15:40:00+00:00 [queued]>
[2022-02-28 14:28:30,561] {taskinstance.py:1037} INFO - Dependencies all met for <TaskInstance: comic_app_v2.get_read_history scheduled__2022-02-24T15:40:00+00:00 [queued]>
[2022-02-28 14:28:30,561] {taskinstance.py:1243} INFO - 
--------------------------------------------------------------------------------
[2022-02-28 14:28:30,562] {taskinstance.py:1244} INFO - Starting attempt 1 of 3
[2022-02-28 14:28:30,562] {taskinstance.py:1245} INFO - 
--------------------------------------------------------------------------------
[2022-02-28 14:28:30,575] {taskinstance.py:1264} INFO - Executing <Task(PythonOperator): get_read_history> on 2022-02-24 15:40:00+00:00
[2022-02-28 14:28:30,578] {standard_task_runner.py:52} INFO - Started process 31964 to run task
[2022-02-28 14:28:30,584] {standard_task_runner.py:76} INFO - Running: ['airflow', 'tasks', 'run', 'comic_app_v2', 'get_read_history', 'scheduled__2022-02-24T15:40:00+00:00', '--job-id', '169', '--raw', '--subdir', 'DAGS_FOLDER/comic_app_v2.py', '--cfg-path', '/var/folders/jb/grqrlwkd311flwk_zt30r7wr0000gn/T/tmpjg7k6mjz', '--error-file', '/var/folders/jb/grqrlwkd311flwk_zt30r7wr0000gn/T/tmpbybtg1f3']
[2022-02-28 14:28:30,586] {standard_task_runner.py:77} INFO - Job 169: Subtask get_read_history
[2022-02-28 14:28:30,635] {logging_mixin.py:109} INFO - Running <TaskInstance: comic_app_v2.get_read_history scheduled__2022-02-24T15:40:00+00:00 [running]> on host 1.0.0.0.0.0.0.0.0.0.0.0.0.0.0.0.0.0.0.0.0.0.0.0.0.0.0.0.0.0.0.0.ip6.arpa
[2022-02-28 14:28:30,677] {taskinstance.py:1431} INFO - Exporting the following env vars:
AIRFLOW_CTX_DAG_OWNER=Adam
AIRFLOW_CTX_DAG_ID=comic_app_v2
AIRFLOW_CTX_TASK_ID=get_read_history
AIRFLOW_CTX_EXECUTION_DATE=2022-02-24T15:40:00+00:00
AIRFLOW_CTX_DAG_RUN_ID=scheduled__2022-02-24T15:40:00+00:00
[2022-02-28 14:28:30,678] {logging_mixin.py:109} INFO - 取得使用者的閱讀紀錄
[2022-02-28 14:28:30,679] {python.py:175} INFO - Done. Returned value was: None
[2022-02-28 14:28:30,685] {taskinstance.py:1282} INFO - Marking task as SUCCESS. dag_id=comic_app_v2, task_id=get_read_history, execution_date=20220224T154000, start_date=20220228T062830, end_date=20220228T062830
[2022-02-28 14:28:30,724] {local_task_job.py:154} INFO - Task exited with return code 0
[2022-02-28 14:28:30,757] {local_task_job.py:264} INFO - 1 downstream tasks scheduled from follow-on schedule check
