[2022-02-28 14:57:59,019] {taskinstance.py:1037} INFO - Dependencies all met for <TaskInstance: comic_app_v2.update_read_history scheduled__2022-01-04T00:00:00+00:00 [queued]>
[2022-02-28 14:57:59,027] {taskinstance.py:1037} INFO - Dependencies all met for <TaskInstance: comic_app_v2.update_read_history scheduled__2022-01-04T00:00:00+00:00 [queued]>
[2022-02-28 14:57:59,027] {taskinstance.py:1243} INFO - 
--------------------------------------------------------------------------------
[2022-02-28 14:57:59,027] {taskinstance.py:1244} INFO - Starting attempt 1 of 3
[2022-02-28 14:57:59,027] {taskinstance.py:1245} INFO - 
--------------------------------------------------------------------------------
[2022-02-28 14:57:59,037] {taskinstance.py:1264} INFO - Executing <Task(PythonOperator): update_read_history> on 2022-01-04 00:00:00+00:00
[2022-02-28 14:57:59,039] {standard_task_runner.py:52} INFO - Started process 34279 to run task
[2022-02-28 14:57:59,044] {standard_task_runner.py:76} INFO - Running: ['airflow', 'tasks', 'run', 'comic_app_v2', 'update_read_history', 'scheduled__2022-01-04T00:00:00+00:00', '--job-id', '110', '--raw', '--subdir', 'DAGS_FOLDER/comic_app_v2.py', '--cfg-path', '/var/folders/jb/grqrlwkd311flwk_zt30r7wr0000gn/T/tmpkp4h5ur8', '--error-file', '/var/folders/jb/grqrlwkd311flwk_zt30r7wr0000gn/T/tmp6um1xjto']
[2022-02-28 14:57:59,046] {standard_task_runner.py:77} INFO - Job 110: Subtask update_read_history
[2022-02-28 14:57:59,090] {logging_mixin.py:109} INFO - Running <TaskInstance: comic_app_v2.update_read_history scheduled__2022-01-04T00:00:00+00:00 [running]> on host 1.0.0.0.0.0.0.0.0.0.0.0.0.0.0.0.0.0.0.0.0.0.0.0.0.0.0.0.0.0.0.0.ip6.arpa
[2022-02-28 14:57:59,130] {taskinstance.py:1431} INFO - Exporting the following env vars:
AIRFLOW_CTX_DAG_OWNER=Adam
AIRFLOW_CTX_DAG_ID=comic_app_v2
AIRFLOW_CTX_TASK_ID=update_read_history
AIRFLOW_CTX_EXECUTION_DATE=2022-01-04T00:00:00+00:00
AIRFLOW_CTX_DAG_RUN_ID=scheduled__2022-01-04T00:00:00+00:00
[2022-02-28 14:57:59,131] {logging_mixin.py:109} INFO - 更新閱讀紀錄
[2022-02-28 14:57:59,131] {python.py:175} INFO - Done. Returned value was: None
[2022-02-28 14:57:59,138] {taskinstance.py:1282} INFO - Marking task as SUCCESS. dag_id=comic_app_v2, task_id=update_read_history, execution_date=20220104T000000, start_date=20220228T065759, end_date=20220228T065759
[2022-02-28 14:57:59,188] {local_task_job.py:154} INFO - Task exited with return code 0
[2022-02-28 14:57:59,207] {local_task_job.py:264} INFO - 0 downstream tasks scheduled from follow-on schedule check
[2022-02-28 15:04:09,831] {taskinstance.py:1037} INFO - Dependencies all met for <TaskInstance: comic_app_v2.update_read_history scheduled__2022-01-04T00:00:00+00:00 [queued]>
[2022-02-28 15:04:09,839] {taskinstance.py:1037} INFO - Dependencies all met for <TaskInstance: comic_app_v2.update_read_history scheduled__2022-01-04T00:00:00+00:00 [queued]>
[2022-02-28 15:04:09,839] {taskinstance.py:1243} INFO - 
--------------------------------------------------------------------------------
[2022-02-28 15:04:09,839] {taskinstance.py:1244} INFO - Starting attempt 1 of 3
[2022-02-28 15:04:09,839] {taskinstance.py:1245} INFO - 
--------------------------------------------------------------------------------
[2022-02-28 15:04:09,848] {taskinstance.py:1264} INFO - Executing <Task(PythonOperator): update_read_history> on 2022-01-04 00:00:00+00:00
[2022-02-28 15:04:09,851] {standard_task_runner.py:52} INFO - Started process 34818 to run task
[2022-02-28 15:04:09,857] {standard_task_runner.py:76} INFO - Running: ['airflow', 'tasks', 'run', 'comic_app_v2', 'update_read_history', 'scheduled__2022-01-04T00:00:00+00:00', '--job-id', '178', '--raw', '--subdir', 'DAGS_FOLDER/comic_app_v2.py', '--cfg-path', '/var/folders/jb/grqrlwkd311flwk_zt30r7wr0000gn/T/tmpynj1z8s9', '--error-file', '/var/folders/jb/grqrlwkd311flwk_zt30r7wr0000gn/T/tmpoqlpc1cu']
[2022-02-28 15:04:09,859] {standard_task_runner.py:77} INFO - Job 178: Subtask update_read_history
[2022-02-28 15:04:09,908] {logging_mixin.py:109} INFO - Running <TaskInstance: comic_app_v2.update_read_history scheduled__2022-01-04T00:00:00+00:00 [running]> on host 1.0.0.0.0.0.0.0.0.0.0.0.0.0.0.0.0.0.0.0.0.0.0.0.0.0.0.0.0.0.0.0.ip6.arpa
[2022-02-28 15:04:09,948] {taskinstance.py:1431} INFO - Exporting the following env vars:
AIRFLOW_CTX_DAG_OWNER=Adam
AIRFLOW_CTX_DAG_ID=comic_app_v2
AIRFLOW_CTX_TASK_ID=update_read_history
AIRFLOW_CTX_EXECUTION_DATE=2022-01-04T00:00:00+00:00
AIRFLOW_CTX_DAG_RUN_ID=scheduled__2022-01-04T00:00:00+00:00
[2022-02-28 15:04:09,949] {logging_mixin.py:109} INFO - 更新閱讀紀錄
[2022-02-28 15:04:09,949] {python.py:175} INFO - Done. Returned value was: None
[2022-02-28 15:04:09,957] {taskinstance.py:1282} INFO - Marking task as SUCCESS. dag_id=comic_app_v2, task_id=update_read_history, execution_date=20220104T000000, start_date=20220228T070409, end_date=20220228T070409
[2022-02-28 15:04:09,996] {local_task_job.py:154} INFO - Task exited with return code 0
[2022-02-28 15:04:10,017] {local_task_job.py:264} INFO - 0 downstream tasks scheduled from follow-on schedule check
