[2022-08-08 22:02:19,136] {processor.py:163} INFO - Started process (PID=20964) to work on /opt/anaconda3/lib/python3.8/site-packages/airflow/example_dags/example_trigger_controller_dag.py
[2022-08-08 22:02:19,137] {processor.py:642} INFO - Processing file /opt/anaconda3/lib/python3.8/site-packages/airflow/example_dags/example_trigger_controller_dag.py for tasks to queue
[2022-08-08 22:02:19,138] {logging_mixin.py:109} INFO - [2022-08-08 22:02:19,137] {dagbag.py:500} INFO - Filling up the DagBag from /opt/anaconda3/lib/python3.8/site-packages/airflow/example_dags/example_trigger_controller_dag.py
[2022-08-08 22:02:19,183] {processor.py:654} INFO - DAG(s) dict_keys(['example_trigger_controller_dag']) retrieved from /opt/anaconda3/lib/python3.8/site-packages/airflow/example_dags/example_trigger_controller_dag.py
[2022-08-08 22:02:19,525] {logging_mixin.py:109} INFO - [2022-08-08 22:02:19,525] {dag.py:2398} INFO - Sync 1 DAGs
[2022-08-08 22:02:19,538] {logging_mixin.py:109} INFO - [2022-08-08 22:02:19,538] {dag.py:2937} INFO - Setting next_dagrun for example_trigger_controller_dag to 2021-01-01T00:00:00+00:00
[2022-08-08 22:02:19,555] {processor.py:171} INFO - Processing /opt/anaconda3/lib/python3.8/site-packages/airflow/example_dags/example_trigger_controller_dag.py took 0.420 seconds
[2022-08-08 22:04:18,085] {processor.py:163} INFO - Started process (PID=21092) to work on /opt/anaconda3/lib/python3.8/site-packages/airflow/example_dags/example_trigger_controller_dag.py
[2022-08-08 22:04:18,087] {processor.py:642} INFO - Processing file /opt/anaconda3/lib/python3.8/site-packages/airflow/example_dags/example_trigger_controller_dag.py for tasks to queue
[2022-08-08 22:04:18,087] {logging_mixin.py:109} INFO - [2022-08-08 22:04:18,087] {dagbag.py:500} INFO - Filling up the DagBag from /opt/anaconda3/lib/python3.8/site-packages/airflow/example_dags/example_trigger_controller_dag.py
[2022-08-08 22:04:18,121] {processor.py:654} INFO - DAG(s) dict_keys(['example_trigger_controller_dag']) retrieved from /opt/anaconda3/lib/python3.8/site-packages/airflow/example_dags/example_trigger_controller_dag.py
[2022-08-08 22:04:18,136] {logging_mixin.py:109} INFO - [2022-08-08 22:04:18,136] {dag.py:2398} INFO - Sync 1 DAGs
[2022-08-08 22:04:18,146] {logging_mixin.py:109} INFO - [2022-08-08 22:04:18,146] {dag.py:2937} INFO - Setting next_dagrun for example_trigger_controller_dag to 2021-01-01T00:00:00+00:00
[2022-08-08 22:04:18,154] {processor.py:171} INFO - Processing /opt/anaconda3/lib/python3.8/site-packages/airflow/example_dags/example_trigger_controller_dag.py took 0.070 seconds
[2022-08-08 22:05:49,986] {processor.py:163} INFO - Started process (PID=21157) to work on /opt/anaconda3/lib/python3.8/site-packages/airflow/example_dags/example_trigger_controller_dag.py
[2022-08-08 22:05:49,988] {processor.py:642} INFO - Processing file /opt/anaconda3/lib/python3.8/site-packages/airflow/example_dags/example_trigger_controller_dag.py for tasks to queue
[2022-08-08 22:05:49,989] {logging_mixin.py:109} INFO - [2022-08-08 22:05:49,989] {dagbag.py:500} INFO - Filling up the DagBag from /opt/anaconda3/lib/python3.8/site-packages/airflow/example_dags/example_trigger_controller_dag.py
[2022-08-08 22:05:50,026] {processor.py:654} INFO - DAG(s) dict_keys(['example_trigger_controller_dag']) retrieved from /opt/anaconda3/lib/python3.8/site-packages/airflow/example_dags/example_trigger_controller_dag.py
[2022-08-08 22:05:50,042] {logging_mixin.py:109} INFO - [2022-08-08 22:05:50,042] {dag.py:2398} INFO - Sync 1 DAGs
[2022-08-08 22:05:50,054] {logging_mixin.py:109} INFO - [2022-08-08 22:05:50,054] {dag.py:2937} INFO - Setting next_dagrun for example_trigger_controller_dag to 2021-01-01T00:00:00+00:00
[2022-08-08 22:05:50,062] {processor.py:171} INFO - Processing /opt/anaconda3/lib/python3.8/site-packages/airflow/example_dags/example_trigger_controller_dag.py took 0.076 seconds
[2022-08-08 22:08:05,268] {processor.py:163} INFO - Started process (PID=21364) to work on /opt/anaconda3/envs/airflow/lib/python3.7/site-packages/airflow/example_dags/example_trigger_controller_dag.py
[2022-08-08 22:08:05,272] {processor.py:642} INFO - Processing file /opt/anaconda3/envs/airflow/lib/python3.7/site-packages/airflow/example_dags/example_trigger_controller_dag.py for tasks to queue
[2022-08-08 22:08:05,274] {logging_mixin.py:109} INFO - [2022-08-08 22:08:05,273] {dagbag.py:500} INFO - Filling up the DagBag from /opt/anaconda3/envs/airflow/lib/python3.7/site-packages/airflow/example_dags/example_trigger_controller_dag.py
[2022-08-08 22:08:05,315] {processor.py:654} INFO - DAG(s) dict_keys(['example_trigger_controller_dag']) retrieved from /opt/anaconda3/envs/airflow/lib/python3.7/site-packages/airflow/example_dags/example_trigger_controller_dag.py
[2022-08-08 22:08:05,697] {logging_mixin.py:109} INFO - [2022-08-08 22:08:05,696] {dag.py:2398} INFO - Sync 1 DAGs
[2022-08-08 22:08:05,729] {logging_mixin.py:109} INFO - [2022-08-08 22:08:05,728] {dag.py:2937} INFO - Setting next_dagrun for example_trigger_controller_dag to 2021-01-01T00:00:00+00:00
[2022-08-08 22:08:05,761] {processor.py:171} INFO - Processing /opt/anaconda3/envs/airflow/lib/python3.7/site-packages/airflow/example_dags/example_trigger_controller_dag.py took 0.499 seconds
