[2022-08-08 22:02:40,620] {processor.py:163} INFO - Started process (PID=21003) to work on /opt/anaconda3/lib/python3.8/site-packages/airflow/example_dags/example_skip_dag.py
[2022-08-08 22:02:40,621] {processor.py:642} INFO - Processing file /opt/anaconda3/lib/python3.8/site-packages/airflow/example_dags/example_skip_dag.py for tasks to queue
[2022-08-08 22:02:40,622] {logging_mixin.py:109} INFO - [2022-08-08 22:02:40,621] {dagbag.py:500} INFO - Filling up the DagBag from /opt/anaconda3/lib/python3.8/site-packages/airflow/example_dags/example_skip_dag.py
[2022-08-08 22:02:40,664] {processor.py:654} INFO - DAG(s) dict_keys(['example_skip_dag']) retrieved from /opt/anaconda3/lib/python3.8/site-packages/airflow/example_dags/example_skip_dag.py
[2022-08-08 22:02:40,987] {logging_mixin.py:109} INFO - [2022-08-08 22:02:40,986] {dag.py:2398} INFO - Sync 1 DAGs
[2022-08-08 22:02:41,002] {logging_mixin.py:109} INFO - [2022-08-08 22:02:41,002] {dag.py:2937} INFO - Setting next_dagrun for example_skip_dag to 2022-08-07T14:02:41.002364+00:00
[2022-08-08 22:02:41,013] {processor.py:171} INFO - Processing /opt/anaconda3/lib/python3.8/site-packages/airflow/example_dags/example_skip_dag.py took 0.394 seconds
[2022-08-08 22:04:35,819] {processor.py:163} INFO - Started process (PID=21112) to work on /opt/anaconda3/lib/python3.8/site-packages/airflow/example_dags/example_skip_dag.py
[2022-08-08 22:04:35,821] {processor.py:642} INFO - Processing file /opt/anaconda3/lib/python3.8/site-packages/airflow/example_dags/example_skip_dag.py for tasks to queue
[2022-08-08 22:04:35,821] {logging_mixin.py:109} INFO - [2022-08-08 22:04:35,821] {dagbag.py:500} INFO - Filling up the DagBag from /opt/anaconda3/lib/python3.8/site-packages/airflow/example_dags/example_skip_dag.py
[2022-08-08 22:04:35,862] {processor.py:654} INFO - DAG(s) dict_keys(['example_skip_dag']) retrieved from /opt/anaconda3/lib/python3.8/site-packages/airflow/example_dags/example_skip_dag.py
[2022-08-08 22:04:35,882] {logging_mixin.py:109} INFO - [2022-08-08 22:04:35,882] {dag.py:2398} INFO - Sync 1 DAGs
[2022-08-08 22:04:35,892] {logging_mixin.py:109} INFO - [2022-08-08 22:04:35,892] {dag.py:2937} INFO - Setting next_dagrun for example_skip_dag to 2022-08-07T14:04:35.892637+00:00
[2022-08-08 22:04:35,900] {processor.py:171} INFO - Processing /opt/anaconda3/lib/python3.8/site-packages/airflow/example_dags/example_skip_dag.py took 0.082 seconds
[2022-08-08 22:08:13,490] {processor.py:163} INFO - Started process (PID=21375) to work on /opt/anaconda3/envs/airflow/lib/python3.7/site-packages/airflow/example_dags/example_skip_dag.py
[2022-08-08 22:08:13,495] {processor.py:642} INFO - Processing file /opt/anaconda3/envs/airflow/lib/python3.7/site-packages/airflow/example_dags/example_skip_dag.py for tasks to queue
[2022-08-08 22:08:13,497] {logging_mixin.py:109} INFO - [2022-08-08 22:08:13,497] {dagbag.py:500} INFO - Filling up the DagBag from /opt/anaconda3/envs/airflow/lib/python3.7/site-packages/airflow/example_dags/example_skip_dag.py
[2022-08-08 22:08:13,541] {processor.py:654} INFO - DAG(s) dict_keys(['example_skip_dag']) retrieved from /opt/anaconda3/envs/airflow/lib/python3.7/site-packages/airflow/example_dags/example_skip_dag.py
[2022-08-08 22:08:13,886] {logging_mixin.py:109} INFO - [2022-08-08 22:08:13,886] {dag.py:2398} INFO - Sync 1 DAGs
[2022-08-08 22:08:13,899] {logging_mixin.py:109} INFO - [2022-08-08 22:08:13,899] {dag.py:2937} INFO - Setting next_dagrun for example_skip_dag to 2022-08-07T14:08:13.898955+00:00
[2022-08-08 22:08:13,910] {processor.py:171} INFO - Processing /opt/anaconda3/envs/airflow/lib/python3.7/site-packages/airflow/example_dags/example_skip_dag.py took 0.424 seconds
