[2022-08-08 22:02:29,005] {processor.py:163} INFO - Started process (PID=20981) to work on /opt/anaconda3/lib/python3.8/site-packages/airflow/example_dags/example_task_group.py
[2022-08-08 22:02:29,005] {processor.py:642} INFO - Processing file /opt/anaconda3/lib/python3.8/site-packages/airflow/example_dags/example_task_group.py for tasks to queue
[2022-08-08 22:02:29,007] {logging_mixin.py:109} INFO - [2022-08-08 22:02:29,006] {dagbag.py:500} INFO - Filling up the DagBag from /opt/anaconda3/lib/python3.8/site-packages/airflow/example_dags/example_task_group.py
[2022-08-08 22:02:29,054] {processor.py:654} INFO - DAG(s) dict_keys(['example_task_group']) retrieved from /opt/anaconda3/lib/python3.8/site-packages/airflow/example_dags/example_task_group.py
[2022-08-08 22:02:29,325] {logging_mixin.py:109} INFO - [2022-08-08 22:02:29,325] {dag.py:2398} INFO - Sync 1 DAGs
[2022-08-08 22:02:29,336] {logging_mixin.py:109} INFO - [2022-08-08 22:02:29,336] {dag.py:2937} INFO - Setting next_dagrun for example_task_group to 2022-08-07T14:02:29.336629+00:00
[2022-08-08 22:02:29,352] {processor.py:171} INFO - Processing /opt/anaconda3/lib/python3.8/site-packages/airflow/example_dags/example_task_group.py took 0.348 seconds
[2022-08-08 22:04:26,945] {processor.py:163} INFO - Started process (PID=21098) to work on /opt/anaconda3/lib/python3.8/site-packages/airflow/example_dags/example_task_group.py
[2022-08-08 22:04:26,947] {processor.py:642} INFO - Processing file /opt/anaconda3/lib/python3.8/site-packages/airflow/example_dags/example_task_group.py for tasks to queue
[2022-08-08 22:04:26,947] {logging_mixin.py:109} INFO - [2022-08-08 22:04:26,947] {dagbag.py:500} INFO - Filling up the DagBag from /opt/anaconda3/lib/python3.8/site-packages/airflow/example_dags/example_task_group.py
[2022-08-08 22:04:26,985] {processor.py:654} INFO - DAG(s) dict_keys(['example_task_group']) retrieved from /opt/anaconda3/lib/python3.8/site-packages/airflow/example_dags/example_task_group.py
[2022-08-08 22:04:27,004] {logging_mixin.py:109} INFO - [2022-08-08 22:04:27,003] {dag.py:2398} INFO - Sync 1 DAGs
[2022-08-08 22:04:27,013] {logging_mixin.py:109} INFO - [2022-08-08 22:04:27,013] {dag.py:2937} INFO - Setting next_dagrun for example_task_group to 2022-08-07T14:04:27.013558+00:00
[2022-08-08 22:04:27,021] {processor.py:171} INFO - Processing /opt/anaconda3/lib/python3.8/site-packages/airflow/example_dags/example_task_group.py took 0.076 seconds
[2022-08-08 22:05:59,821] {processor.py:163} INFO - Started process (PID=21164) to work on /opt/anaconda3/lib/python3.8/site-packages/airflow/example_dags/example_task_group.py
[2022-08-08 22:05:59,822] {processor.py:642} INFO - Processing file /opt/anaconda3/lib/python3.8/site-packages/airflow/example_dags/example_task_group.py for tasks to queue
[2022-08-08 22:05:59,822] {logging_mixin.py:109} INFO - [2022-08-08 22:05:59,822] {dagbag.py:500} INFO - Filling up the DagBag from /opt/anaconda3/lib/python3.8/site-packages/airflow/example_dags/example_task_group.py
[2022-08-08 22:05:59,861] {processor.py:654} INFO - DAG(s) dict_keys(['example_task_group']) retrieved from /opt/anaconda3/lib/python3.8/site-packages/airflow/example_dags/example_task_group.py
[2022-08-08 22:05:59,879] {logging_mixin.py:109} INFO - [2022-08-08 22:05:59,878] {dag.py:2398} INFO - Sync 1 DAGs
[2022-08-08 22:05:59,889] {logging_mixin.py:109} INFO - [2022-08-08 22:05:59,889] {dag.py:2937} INFO - Setting next_dagrun for example_task_group to 2022-08-07T14:05:59.889005+00:00
[2022-08-08 22:05:59,896] {processor.py:171} INFO - Processing /opt/anaconda3/lib/python3.8/site-packages/airflow/example_dags/example_task_group.py took 0.076 seconds
[2022-08-08 22:08:09,483] {processor.py:163} INFO - Started process (PID=21367) to work on /opt/anaconda3/envs/airflow/lib/python3.7/site-packages/airflow/example_dags/example_task_group.py
[2022-08-08 22:08:09,486] {processor.py:642} INFO - Processing file /opt/anaconda3/envs/airflow/lib/python3.7/site-packages/airflow/example_dags/example_task_group.py for tasks to queue
[2022-08-08 22:08:09,488] {logging_mixin.py:109} INFO - [2022-08-08 22:08:09,487] {dagbag.py:500} INFO - Filling up the DagBag from /opt/anaconda3/envs/airflow/lib/python3.7/site-packages/airflow/example_dags/example_task_group.py
[2022-08-08 22:08:09,522] {processor.py:654} INFO - DAG(s) dict_keys(['example_task_group']) retrieved from /opt/anaconda3/envs/airflow/lib/python3.7/site-packages/airflow/example_dags/example_task_group.py
[2022-08-08 22:08:09,803] {logging_mixin.py:109} INFO - [2022-08-08 22:08:09,803] {dag.py:2398} INFO - Sync 1 DAGs
[2022-08-08 22:08:09,819] {logging_mixin.py:109} INFO - [2022-08-08 22:08:09,817] {dag.py:2937} INFO - Setting next_dagrun for example_task_group to 2022-08-07T14:08:09.817348+00:00
[2022-08-08 22:08:09,835] {processor.py:171} INFO - Processing /opt/anaconda3/envs/airflow/lib/python3.7/site-packages/airflow/example_dags/example_task_group.py took 0.356 seconds
