[2022-08-08 22:02:43,743] {processor.py:163} INFO - Started process (PID=21005) to work on /opt/anaconda3/lib/python3.8/site-packages/airflow/example_dags/example_short_circuit_operator.py
[2022-08-08 22:02:43,744] {processor.py:642} INFO - Processing file /opt/anaconda3/lib/python3.8/site-packages/airflow/example_dags/example_short_circuit_operator.py for tasks to queue
[2022-08-08 22:02:43,745] {logging_mixin.py:109} INFO - [2022-08-08 22:02:43,744] {dagbag.py:500} INFO - Filling up the DagBag from /opt/anaconda3/lib/python3.8/site-packages/airflow/example_dags/example_short_circuit_operator.py
[2022-08-08 22:02:43,838] {processor.py:654} INFO - DAG(s) dict_keys(['example_short_circuit_operator']) retrieved from /opt/anaconda3/lib/python3.8/site-packages/airflow/example_dags/example_short_circuit_operator.py
[2022-08-08 22:02:44,261] {logging_mixin.py:109} INFO - [2022-08-08 22:02:44,261] {dag.py:2398} INFO - Sync 1 DAGs
[2022-08-08 22:02:44,278] {logging_mixin.py:109} INFO - [2022-08-08 22:02:44,278] {dag.py:2937} INFO - Setting next_dagrun for example_short_circuit_operator to 2022-08-07T14:02:44.278197+00:00
[2022-08-08 22:02:44,308] {processor.py:171} INFO - Processing /opt/anaconda3/lib/python3.8/site-packages/airflow/example_dags/example_short_circuit_operator.py took 0.565 seconds
[2022-08-08 22:04:38,609] {processor.py:163} INFO - Started process (PID=21114) to work on /opt/anaconda3/lib/python3.8/site-packages/airflow/example_dags/example_short_circuit_operator.py
[2022-08-08 22:04:38,610] {processor.py:642} INFO - Processing file /opt/anaconda3/lib/python3.8/site-packages/airflow/example_dags/example_short_circuit_operator.py for tasks to queue
[2022-08-08 22:04:38,612] {logging_mixin.py:109} INFO - [2022-08-08 22:04:38,611] {dagbag.py:500} INFO - Filling up the DagBag from /opt/anaconda3/lib/python3.8/site-packages/airflow/example_dags/example_short_circuit_operator.py
[2022-08-08 22:04:38,689] {processor.py:654} INFO - DAG(s) dict_keys(['example_short_circuit_operator']) retrieved from /opt/anaconda3/lib/python3.8/site-packages/airflow/example_dags/example_short_circuit_operator.py
[2022-08-08 22:04:38,720] {logging_mixin.py:109} INFO - [2022-08-08 22:04:38,720] {dag.py:2398} INFO - Sync 1 DAGs
[2022-08-08 22:04:38,735] {logging_mixin.py:109} INFO - [2022-08-08 22:04:38,735] {dag.py:2937} INFO - Setting next_dagrun for example_short_circuit_operator to 2022-08-07T14:04:38.735552+00:00
[2022-08-08 22:04:38,746] {processor.py:171} INFO - Processing /opt/anaconda3/lib/python3.8/site-packages/airflow/example_dags/example_short_circuit_operator.py took 0.139 seconds
[2022-08-08 22:08:15,059] {processor.py:163} INFO - Started process (PID=21376) to work on /opt/anaconda3/envs/airflow/lib/python3.7/site-packages/airflow/example_dags/example_short_circuit_operator.py
[2022-08-08 22:08:15,063] {processor.py:642} INFO - Processing file /opt/anaconda3/envs/airflow/lib/python3.7/site-packages/airflow/example_dags/example_short_circuit_operator.py for tasks to queue
[2022-08-08 22:08:15,065] {logging_mixin.py:109} INFO - [2022-08-08 22:08:15,064] {dagbag.py:500} INFO - Filling up the DagBag from /opt/anaconda3/envs/airflow/lib/python3.7/site-packages/airflow/example_dags/example_short_circuit_operator.py
[2022-08-08 22:08:15,100] {processor.py:654} INFO - DAG(s) dict_keys(['example_short_circuit_operator']) retrieved from /opt/anaconda3/envs/airflow/lib/python3.7/site-packages/airflow/example_dags/example_short_circuit_operator.py
[2022-08-08 22:08:15,441] {logging_mixin.py:109} INFO - [2022-08-08 22:08:15,441] {dag.py:2398} INFO - Sync 1 DAGs
[2022-08-08 22:08:15,456] {logging_mixin.py:109} INFO - [2022-08-08 22:08:15,456] {dag.py:2937} INFO - Setting next_dagrun for example_short_circuit_operator to 2022-08-07T14:08:15.456209+00:00
[2022-08-08 22:08:15,472] {processor.py:171} INFO - Processing /opt/anaconda3/envs/airflow/lib/python3.7/site-packages/airflow/example_dags/example_short_circuit_operator.py took 0.417 seconds
