[2022-08-08 22:02:25,873] {processor.py:163} INFO - Started process (PID=20978) to work on /opt/anaconda3/lib/python3.8/site-packages/airflow/example_dags/example_task_group_decorator.py
[2022-08-08 22:02:25,873] {processor.py:642} INFO - Processing file /opt/anaconda3/lib/python3.8/site-packages/airflow/example_dags/example_task_group_decorator.py for tasks to queue
[2022-08-08 22:02:25,874] {logging_mixin.py:109} INFO - [2022-08-08 22:02:25,874] {dagbag.py:500} INFO - Filling up the DagBag from /opt/anaconda3/lib/python3.8/site-packages/airflow/example_dags/example_task_group_decorator.py
[2022-08-08 22:02:25,938] {processor.py:654} INFO - DAG(s) dict_keys(['example_task_group_decorator']) retrieved from /opt/anaconda3/lib/python3.8/site-packages/airflow/example_dags/example_task_group_decorator.py
[2022-08-08 22:02:26,176] {logging_mixin.py:109} INFO - [2022-08-08 22:02:26,176] {dag.py:2398} INFO - Sync 1 DAGs
[2022-08-08 22:02:26,186] {logging_mixin.py:109} INFO - [2022-08-08 22:02:26,186] {dag.py:2937} INFO - Setting next_dagrun for example_task_group_decorator to 2022-08-07T14:02:26.185865+00:00
[2022-08-08 22:02:26,197] {processor.py:171} INFO - Processing /opt/anaconda3/lib/python3.8/site-packages/airflow/example_dags/example_task_group_decorator.py took 0.325 seconds
[2022-08-08 22:04:23,754] {processor.py:163} INFO - Started process (PID=21096) to work on /opt/anaconda3/lib/python3.8/site-packages/airflow/example_dags/example_task_group_decorator.py
[2022-08-08 22:04:23,756] {processor.py:642} INFO - Processing file /opt/anaconda3/lib/python3.8/site-packages/airflow/example_dags/example_task_group_decorator.py for tasks to queue
[2022-08-08 22:04:23,756] {logging_mixin.py:109} INFO - [2022-08-08 22:04:23,756] {dagbag.py:500} INFO - Filling up the DagBag from /opt/anaconda3/lib/python3.8/site-packages/airflow/example_dags/example_task_group_decorator.py
[2022-08-08 22:04:23,817] {processor.py:654} INFO - DAG(s) dict_keys(['example_task_group_decorator']) retrieved from /opt/anaconda3/lib/python3.8/site-packages/airflow/example_dags/example_task_group_decorator.py
[2022-08-08 22:04:24,090] {logging_mixin.py:109} INFO - [2022-08-08 22:04:24,090] {dag.py:2398} INFO - Sync 1 DAGs
[2022-08-08 22:04:24,102] {logging_mixin.py:109} INFO - [2022-08-08 22:04:24,102] {dag.py:2937} INFO - Setting next_dagrun for example_task_group_decorator to 2022-08-07T14:04:24.102104+00:00
[2022-08-08 22:04:24,112] {processor.py:171} INFO - Processing /opt/anaconda3/lib/python3.8/site-packages/airflow/example_dags/example_task_group_decorator.py took 0.358 seconds
[2022-08-08 22:05:56,727] {processor.py:163} INFO - Started process (PID=21161) to work on /opt/anaconda3/lib/python3.8/site-packages/airflow/example_dags/example_task_group_decorator.py
[2022-08-08 22:05:56,729] {processor.py:642} INFO - Processing file /opt/anaconda3/lib/python3.8/site-packages/airflow/example_dags/example_task_group_decorator.py for tasks to queue
[2022-08-08 22:05:56,729] {logging_mixin.py:109} INFO - [2022-08-08 22:05:56,729] {dagbag.py:500} INFO - Filling up the DagBag from /opt/anaconda3/lib/python3.8/site-packages/airflow/example_dags/example_task_group_decorator.py
[2022-08-08 22:05:56,793] {processor.py:654} INFO - DAG(s) dict_keys(['example_task_group_decorator']) retrieved from /opt/anaconda3/lib/python3.8/site-packages/airflow/example_dags/example_task_group_decorator.py
[2022-08-08 22:05:57,052] {logging_mixin.py:109} INFO - [2022-08-08 22:05:57,051] {dag.py:2398} INFO - Sync 1 DAGs
[2022-08-08 22:05:57,061] {logging_mixin.py:109} INFO - [2022-08-08 22:05:57,061] {dag.py:2937} INFO - Setting next_dagrun for example_task_group_decorator to 2022-08-07T14:05:57.061536+00:00
[2022-08-08 22:05:57,072] {processor.py:171} INFO - Processing /opt/anaconda3/lib/python3.8/site-packages/airflow/example_dags/example_task_group_decorator.py took 0.346 seconds
[2022-08-08 22:08:07,815] {processor.py:163} INFO - Started process (PID=21366) to work on /opt/anaconda3/envs/airflow/lib/python3.7/site-packages/airflow/example_dags/example_task_group_decorator.py
[2022-08-08 22:08:07,819] {processor.py:642} INFO - Processing file /opt/anaconda3/envs/airflow/lib/python3.7/site-packages/airflow/example_dags/example_task_group_decorator.py for tasks to queue
[2022-08-08 22:08:07,821] {logging_mixin.py:109} INFO - [2022-08-08 22:08:07,820] {dagbag.py:500} INFO - Filling up the DagBag from /opt/anaconda3/envs/airflow/lib/python3.7/site-packages/airflow/example_dags/example_task_group_decorator.py
[2022-08-08 22:08:07,878] {processor.py:654} INFO - DAG(s) dict_keys(['example_task_group_decorator']) retrieved from /opt/anaconda3/envs/airflow/lib/python3.7/site-packages/airflow/example_dags/example_task_group_decorator.py
[2022-08-08 22:08:08,292] {logging_mixin.py:109} INFO - [2022-08-08 22:08:08,292] {dag.py:2398} INFO - Sync 1 DAGs
[2022-08-08 22:08:08,320] {logging_mixin.py:109} INFO - [2022-08-08 22:08:08,319] {dag.py:2937} INFO - Setting next_dagrun for example_task_group_decorator to 2022-08-07T14:08:08.318552+00:00
[2022-08-08 22:08:08,338] {processor.py:171} INFO - Processing /opt/anaconda3/envs/airflow/lib/python3.7/site-packages/airflow/example_dags/example_task_group_decorator.py took 0.526 seconds
