[2022-08-08 22:02:48,060] {processor.py:163} INFO - Started process (PID=21013) to work on /opt/anaconda3/lib/python3.8/site-packages/airflow/example_dags/example_python_operator.py
[2022-08-08 22:02:48,060] {processor.py:642} INFO - Processing file /opt/anaconda3/lib/python3.8/site-packages/airflow/example_dags/example_python_operator.py for tasks to queue
[2022-08-08 22:02:48,061] {logging_mixin.py:109} INFO - [2022-08-08 22:02:48,061] {dagbag.py:500} INFO - Filling up the DagBag from /opt/anaconda3/lib/python3.8/site-packages/airflow/example_dags/example_python_operator.py
[2022-08-08 22:02:48,111] {logging_mixin.py:109} INFO - [2022-08-08 22:02:48,111] {example_python_operator.py:68} WARNING - The virtalenv_python example task requires virtualenv, please install it.
[2022-08-08 22:02:48,181] {processor.py:654} INFO - DAG(s) dict_keys(['example_python_operator']) retrieved from /opt/anaconda3/lib/python3.8/site-packages/airflow/example_dags/example_python_operator.py
[2022-08-08 22:02:48,608] {logging_mixin.py:109} INFO - [2022-08-08 22:02:48,608] {dag.py:2398} INFO - Sync 1 DAGs
[2022-08-08 22:02:48,618] {logging_mixin.py:109} INFO - [2022-08-08 22:02:48,617] {dag.py:2937} INFO - Setting next_dagrun for example_python_operator to None
[2022-08-08 22:02:48,630] {processor.py:171} INFO - Processing /opt/anaconda3/lib/python3.8/site-packages/airflow/example_dags/example_python_operator.py took 0.571 seconds
[2022-08-08 22:04:41,598] {processor.py:163} INFO - Started process (PID=21116) to work on /opt/anaconda3/lib/python3.8/site-packages/airflow/example_dags/example_python_operator.py
[2022-08-08 22:04:41,599] {processor.py:642} INFO - Processing file /opt/anaconda3/lib/python3.8/site-packages/airflow/example_dags/example_python_operator.py for tasks to queue
[2022-08-08 22:04:41,600] {logging_mixin.py:109} INFO - [2022-08-08 22:04:41,600] {dagbag.py:500} INFO - Filling up the DagBag from /opt/anaconda3/lib/python3.8/site-packages/airflow/example_dags/example_python_operator.py
[2022-08-08 22:04:41,620] {logging_mixin.py:109} INFO - [2022-08-08 22:04:41,620] {example_python_operator.py:68} WARNING - The virtalenv_python example task requires virtualenv, please install it.
[2022-08-08 22:04:41,649] {processor.py:654} INFO - DAG(s) dict_keys(['example_python_operator']) retrieved from /opt/anaconda3/lib/python3.8/site-packages/airflow/example_dags/example_python_operator.py
[2022-08-08 22:04:41,677] {logging_mixin.py:109} INFO - [2022-08-08 22:04:41,677] {dag.py:2398} INFO - Sync 1 DAGs
[2022-08-08 22:04:41,686] {logging_mixin.py:109} INFO - [2022-08-08 22:04:41,686] {dag.py:2937} INFO - Setting next_dagrun for example_python_operator to None
[2022-08-08 22:04:41,693] {processor.py:171} INFO - Processing /opt/anaconda3/lib/python3.8/site-packages/airflow/example_dags/example_python_operator.py took 0.096 seconds
[2022-08-08 22:08:16,619] {processor.py:163} INFO - Started process (PID=21387) to work on /opt/anaconda3/envs/airflow/lib/python3.7/site-packages/airflow/example_dags/example_python_operator.py
[2022-08-08 22:08:16,621] {processor.py:642} INFO - Processing file /opt/anaconda3/envs/airflow/lib/python3.7/site-packages/airflow/example_dags/example_python_operator.py for tasks to queue
[2022-08-08 22:08:16,623] {logging_mixin.py:109} INFO - [2022-08-08 22:08:16,622] {dagbag.py:500} INFO - Filling up the DagBag from /opt/anaconda3/envs/airflow/lib/python3.7/site-packages/airflow/example_dags/example_python_operator.py
[2022-08-08 22:08:16,638] {logging_mixin.py:109} INFO - [2022-08-08 22:08:16,637] {example_python_operator.py:68} WARNING - The virtalenv_python example task requires virtualenv, please install it.
[2022-08-08 22:08:16,659] {processor.py:654} INFO - DAG(s) dict_keys(['example_python_operator']) retrieved from /opt/anaconda3/envs/airflow/lib/python3.7/site-packages/airflow/example_dags/example_python_operator.py
[2022-08-08 22:08:16,915] {logging_mixin.py:109} INFO - [2022-08-08 22:08:16,915] {dag.py:2398} INFO - Sync 1 DAGs
[2022-08-08 22:08:16,927] {logging_mixin.py:109} INFO - [2022-08-08 22:08:16,927] {dag.py:2937} INFO - Setting next_dagrun for example_python_operator to None
[2022-08-08 22:08:16,940] {processor.py:171} INFO - Processing /opt/anaconda3/envs/airflow/lib/python3.7/site-packages/airflow/example_dags/example_python_operator.py took 0.325 seconds
