[2022-08-08 22:02:08,883] {processor.py:163} INFO - Started process (PID=20947) to work on /opt/anaconda3/lib/python3.8/site-packages/airflow/example_dags/example_xcomargs.py
[2022-08-08 22:02:08,884] {processor.py:642} INFO - Processing file /opt/anaconda3/lib/python3.8/site-packages/airflow/example_dags/example_xcomargs.py for tasks to queue
[2022-08-08 22:02:08,884] {logging_mixin.py:109} INFO - [2022-08-08 22:02:08,884] {dagbag.py:500} INFO - Filling up the DagBag from /opt/anaconda3/lib/python3.8/site-packages/airflow/example_dags/example_xcomargs.py
[2022-08-08 22:02:08,940] {processor.py:654} INFO - DAG(s) dict_keys(['example_xcom_args', 'example_xcom_args_with_operators']) retrieved from /opt/anaconda3/lib/python3.8/site-packages/airflow/example_dags/example_xcomargs.py
[2022-08-08 22:02:09,221] {logging_mixin.py:109} INFO - [2022-08-08 22:02:09,221] {dag.py:2398} INFO - Sync 2 DAGs
[2022-08-08 22:02:09,234] {logging_mixin.py:109} INFO - [2022-08-08 22:02:09,234] {dag.py:2937} INFO - Setting next_dagrun for example_xcom_args to None
[2022-08-08 22:02:09,234] {logging_mixin.py:109} INFO - [2022-08-08 22:02:09,234] {dag.py:2937} INFO - Setting next_dagrun for example_xcom_args_with_operators to None
[2022-08-08 22:02:09,244] {processor.py:171} INFO - Processing /opt/anaconda3/lib/python3.8/site-packages/airflow/example_dags/example_xcomargs.py took 0.362 seconds
[2022-08-08 22:04:09,634] {processor.py:163} INFO - Started process (PID=21086) to work on /opt/anaconda3/lib/python3.8/site-packages/airflow/example_dags/example_xcomargs.py
[2022-08-08 22:04:09,636] {processor.py:642} INFO - Processing file /opt/anaconda3/lib/python3.8/site-packages/airflow/example_dags/example_xcomargs.py for tasks to queue
[2022-08-08 22:04:09,636] {logging_mixin.py:109} INFO - [2022-08-08 22:04:09,636] {dagbag.py:500} INFO - Filling up the DagBag from /opt/anaconda3/lib/python3.8/site-packages/airflow/example_dags/example_xcomargs.py
[2022-08-08 22:04:09,687] {processor.py:654} INFO - DAG(s) dict_keys(['example_xcom_args', 'example_xcom_args_with_operators']) retrieved from /opt/anaconda3/lib/python3.8/site-packages/airflow/example_dags/example_xcomargs.py
[2022-08-08 22:04:09,967] {logging_mixin.py:109} INFO - [2022-08-08 22:04:09,966] {dag.py:2398} INFO - Sync 2 DAGs
[2022-08-08 22:04:09,975] {logging_mixin.py:109} INFO - [2022-08-08 22:04:09,975] {dag.py:2937} INFO - Setting next_dagrun for example_xcom_args to None
[2022-08-08 22:04:09,975] {logging_mixin.py:109} INFO - [2022-08-08 22:04:09,975] {dag.py:2937} INFO - Setting next_dagrun for example_xcom_args_with_operators to None
[2022-08-08 22:04:09,985] {processor.py:171} INFO - Processing /opt/anaconda3/lib/python3.8/site-packages/airflow/example_dags/example_xcomargs.py took 0.351 seconds
[2022-08-08 22:05:38,856] {processor.py:163} INFO - Started process (PID=21151) to work on /opt/anaconda3/lib/python3.8/site-packages/airflow/example_dags/example_xcomargs.py
[2022-08-08 22:05:38,858] {processor.py:642} INFO - Processing file /opt/anaconda3/lib/python3.8/site-packages/airflow/example_dags/example_xcomargs.py for tasks to queue
[2022-08-08 22:05:38,866] {logging_mixin.py:109} INFO - [2022-08-08 22:05:38,865] {dagbag.py:500} INFO - Filling up the DagBag from /opt/anaconda3/lib/python3.8/site-packages/airflow/example_dags/example_xcomargs.py
[2022-08-08 22:05:38,956] {processor.py:654} INFO - DAG(s) dict_keys(['example_xcom_args', 'example_xcom_args_with_operators']) retrieved from /opt/anaconda3/lib/python3.8/site-packages/airflow/example_dags/example_xcomargs.py
[2022-08-08 22:05:39,434] {logging_mixin.py:109} INFO - [2022-08-08 22:05:39,434] {dag.py:2398} INFO - Sync 2 DAGs
[2022-08-08 22:05:39,456] {logging_mixin.py:109} INFO - [2022-08-08 22:05:39,456] {dag.py:2937} INFO - Setting next_dagrun for example_xcom_args to None
[2022-08-08 22:05:39,456] {logging_mixin.py:109} INFO - [2022-08-08 22:05:39,456] {dag.py:2937} INFO - Setting next_dagrun for example_xcom_args_with_operators to None
[2022-08-08 22:05:39,475] {processor.py:171} INFO - Processing /opt/anaconda3/lib/python3.8/site-packages/airflow/example_dags/example_xcomargs.py took 0.620 seconds
[2022-08-08 22:08:01,221] {processor.py:163} INFO - Started process (PID=21360) to work on /opt/anaconda3/envs/airflow/lib/python3.7/site-packages/airflow/example_dags/example_xcomargs.py
[2022-08-08 22:08:01,225] {processor.py:642} INFO - Processing file /opt/anaconda3/envs/airflow/lib/python3.7/site-packages/airflow/example_dags/example_xcomargs.py for tasks to queue
[2022-08-08 22:08:01,226] {logging_mixin.py:109} INFO - [2022-08-08 22:08:01,226] {dagbag.py:500} INFO - Filling up the DagBag from /opt/anaconda3/envs/airflow/lib/python3.7/site-packages/airflow/example_dags/example_xcomargs.py
[2022-08-08 22:08:01,270] {processor.py:654} INFO - DAG(s) dict_keys(['example_xcom_args', 'example_xcom_args_with_operators']) retrieved from /opt/anaconda3/envs/airflow/lib/python3.7/site-packages/airflow/example_dags/example_xcomargs.py
[2022-08-08 22:08:01,563] {logging_mixin.py:109} INFO - [2022-08-08 22:08:01,562] {dag.py:2398} INFO - Sync 2 DAGs
[2022-08-08 22:08:01,576] {logging_mixin.py:109} INFO - [2022-08-08 22:08:01,576] {dag.py:2937} INFO - Setting next_dagrun for example_xcom_args to None
[2022-08-08 22:08:01,577] {logging_mixin.py:109} INFO - [2022-08-08 22:08:01,577] {dag.py:2937} INFO - Setting next_dagrun for example_xcom_args_with_operators to None
[2022-08-08 22:08:01,590] {processor.py:171} INFO - Processing /opt/anaconda3/envs/airflow/lib/python3.7/site-packages/airflow/example_dags/example_xcomargs.py took 0.373 seconds
