[2022-08-08 22:02:36,722] {processor.py:163} INFO - Started process (PID=21001) to work on /opt/anaconda3/lib/python3.8/site-packages/airflow/example_dags/example_sla_dag.py
[2022-08-08 22:02:36,723] {processor.py:642} INFO - Processing file /opt/anaconda3/lib/python3.8/site-packages/airflow/example_dags/example_sla_dag.py for tasks to queue
[2022-08-08 22:02:36,724] {logging_mixin.py:109} INFO - [2022-08-08 22:02:36,724] {dagbag.py:500} INFO - Filling up the DagBag from /opt/anaconda3/lib/python3.8/site-packages/airflow/example_dags/example_sla_dag.py
[2022-08-08 22:02:36,851] {processor.py:654} INFO - DAG(s) dict_keys(['example_sla_dag']) retrieved from /opt/anaconda3/lib/python3.8/site-packages/airflow/example_dags/example_sla_dag.py
[2022-08-08 22:02:37,652] {logging_mixin.py:109} INFO - [2022-08-08 22:02:37,651] {dag.py:2398} INFO - Sync 1 DAGs
[2022-08-08 22:02:37,673] {logging_mixin.py:109} INFO - [2022-08-08 22:02:37,673] {dag.py:2937} INFO - Setting next_dagrun for example_sla_dag to 2022-08-08T14:00:00+00:00
[2022-08-08 22:02:37,692] {processor.py:171} INFO - Processing /opt/anaconda3/lib/python3.8/site-packages/airflow/example_dags/example_sla_dag.py took 0.971 seconds
[2022-08-08 22:04:33,005] {processor.py:163} INFO - Started process (PID=21102) to work on /opt/anaconda3/lib/python3.8/site-packages/airflow/example_dags/example_sla_dag.py
[2022-08-08 22:04:33,006] {processor.py:642} INFO - Processing file /opt/anaconda3/lib/python3.8/site-packages/airflow/example_dags/example_sla_dag.py for tasks to queue
[2022-08-08 22:04:33,007] {logging_mixin.py:109} INFO - [2022-08-08 22:04:33,007] {dagbag.py:500} INFO - Filling up the DagBag from /opt/anaconda3/lib/python3.8/site-packages/airflow/example_dags/example_sla_dag.py
[2022-08-08 22:04:33,067] {processor.py:654} INFO - DAG(s) dict_keys(['example_sla_dag']) retrieved from /opt/anaconda3/lib/python3.8/site-packages/airflow/example_dags/example_sla_dag.py
[2022-08-08 22:04:33,087] {logging_mixin.py:109} INFO - [2022-08-08 22:04:33,086] {dag.py:2398} INFO - Sync 1 DAGs
[2022-08-08 22:04:33,101] {logging_mixin.py:109} INFO - [2022-08-08 22:04:33,101] {dag.py:2937} INFO - Setting next_dagrun for example_sla_dag to 2022-08-08T14:02:00+00:00
[2022-08-08 22:04:33,109] {processor.py:171} INFO - Processing /opt/anaconda3/lib/python3.8/site-packages/airflow/example_dags/example_sla_dag.py took 0.105 seconds
[2022-08-08 22:08:12,507] {processor.py:163} INFO - Started process (PID=21373) to work on /opt/anaconda3/envs/airflow/lib/python3.7/site-packages/airflow/example_dags/example_sla_dag.py
[2022-08-08 22:08:12,511] {processor.py:642} INFO - Processing file /opt/anaconda3/envs/airflow/lib/python3.7/site-packages/airflow/example_dags/example_sla_dag.py for tasks to queue
[2022-08-08 22:08:12,514] {logging_mixin.py:109} INFO - [2022-08-08 22:08:12,513] {dagbag.py:500} INFO - Filling up the DagBag from /opt/anaconda3/envs/airflow/lib/python3.7/site-packages/airflow/example_dags/example_sla_dag.py
[2022-08-08 22:08:12,568] {processor.py:654} INFO - DAG(s) dict_keys(['example_sla_dag']) retrieved from /opt/anaconda3/envs/airflow/lib/python3.7/site-packages/airflow/example_dags/example_sla_dag.py
[2022-08-08 22:08:12,832] {logging_mixin.py:109} INFO - [2022-08-08 22:08:12,832] {dag.py:2398} INFO - Sync 1 DAGs
[2022-08-08 22:08:12,854] {logging_mixin.py:109} INFO - [2022-08-08 22:08:12,854] {dag.py:2937} INFO - Setting next_dagrun for example_sla_dag to 2022-08-08T14:06:00+00:00
[2022-08-08 22:08:12,871] {processor.py:171} INFO - Processing /opt/anaconda3/envs/airflow/lib/python3.7/site-packages/airflow/example_dags/example_sla_dag.py took 0.368 seconds
