[2022-08-08 22:02:12,269] {processor.py:163} INFO - Started process (PID=20959) to work on /opt/anaconda3/lib/python3.8/site-packages/airflow/example_dags/example_xcom.py
[2022-08-08 22:02:12,270] {processor.py:642} INFO - Processing file /opt/anaconda3/lib/python3.8/site-packages/airflow/example_dags/example_xcom.py for tasks to queue
[2022-08-08 22:02:12,270] {logging_mixin.py:109} INFO - [2022-08-08 22:02:12,270] {dagbag.py:500} INFO - Filling up the DagBag from /opt/anaconda3/lib/python3.8/site-packages/airflow/example_dags/example_xcom.py
[2022-08-08 22:02:12,337] {processor.py:654} INFO - DAG(s) dict_keys(['example_xcom']) retrieved from /opt/anaconda3/lib/python3.8/site-packages/airflow/example_dags/example_xcom.py
[2022-08-08 22:02:12,665] {logging_mixin.py:109} INFO - [2022-08-08 22:02:12,664] {dag.py:2398} INFO - Sync 1 DAGs
[2022-08-08 22:02:12,677] {logging_mixin.py:109} INFO - [2022-08-08 22:02:12,677] {dag.py:2937} INFO - Setting next_dagrun for example_xcom to 2021-01-01T00:00:00+00:00
[2022-08-08 22:02:12,712] {processor.py:171} INFO - Processing /opt/anaconda3/lib/python3.8/site-packages/airflow/example_dags/example_xcom.py took 0.444 seconds
[2022-08-08 22:04:12,548] {processor.py:163} INFO - Started process (PID=21088) to work on /opt/anaconda3/lib/python3.8/site-packages/airflow/example_dags/example_xcom.py
[2022-08-08 22:04:12,550] {processor.py:642} INFO - Processing file /opt/anaconda3/lib/python3.8/site-packages/airflow/example_dags/example_xcom.py for tasks to queue
[2022-08-08 22:04:12,550] {logging_mixin.py:109} INFO - [2022-08-08 22:04:12,550] {dagbag.py:500} INFO - Filling up the DagBag from /opt/anaconda3/lib/python3.8/site-packages/airflow/example_dags/example_xcom.py
[2022-08-08 22:04:12,603] {processor.py:654} INFO - DAG(s) dict_keys(['example_xcom']) retrieved from /opt/anaconda3/lib/python3.8/site-packages/airflow/example_dags/example_xcom.py
[2022-08-08 22:04:12,836] {logging_mixin.py:109} INFO - [2022-08-08 22:04:12,836] {dag.py:2398} INFO - Sync 1 DAGs
[2022-08-08 22:04:12,845] {logging_mixin.py:109} INFO - [2022-08-08 22:04:12,845] {dag.py:2937} INFO - Setting next_dagrun for example_xcom to 2021-01-01T00:00:00+00:00
[2022-08-08 22:04:12,854] {processor.py:171} INFO - Processing /opt/anaconda3/lib/python3.8/site-packages/airflow/example_dags/example_xcom.py took 0.307 seconds
[2022-08-08 22:05:42,376] {processor.py:163} INFO - Started process (PID=21153) to work on /opt/anaconda3/lib/python3.8/site-packages/airflow/example_dags/example_xcom.py
[2022-08-08 22:05:42,378] {processor.py:642} INFO - Processing file /opt/anaconda3/lib/python3.8/site-packages/airflow/example_dags/example_xcom.py for tasks to queue
[2022-08-08 22:05:42,379] {logging_mixin.py:109} INFO - [2022-08-08 22:05:42,379] {dagbag.py:500} INFO - Filling up the DagBag from /opt/anaconda3/lib/python3.8/site-packages/airflow/example_dags/example_xcom.py
[2022-08-08 22:05:42,431] {processor.py:654} INFO - DAG(s) dict_keys(['example_xcom']) retrieved from /opt/anaconda3/lib/python3.8/site-packages/airflow/example_dags/example_xcom.py
[2022-08-08 22:05:42,660] {logging_mixin.py:109} INFO - [2022-08-08 22:05:42,659] {dag.py:2398} INFO - Sync 1 DAGs
[2022-08-08 22:05:42,669] {logging_mixin.py:109} INFO - [2022-08-08 22:05:42,668] {dag.py:2937} INFO - Setting next_dagrun for example_xcom to 2021-01-01T00:00:00+00:00
[2022-08-08 22:05:42,679] {processor.py:171} INFO - Processing /opt/anaconda3/lib/python3.8/site-packages/airflow/example_dags/example_xcom.py took 0.304 seconds
[2022-08-08 22:08:02,334] {processor.py:163} INFO - Started process (PID=21361) to work on /opt/anaconda3/envs/airflow/lib/python3.7/site-packages/airflow/example_dags/example_xcom.py
[2022-08-08 22:08:02,337] {processor.py:642} INFO - Processing file /opt/anaconda3/envs/airflow/lib/python3.7/site-packages/airflow/example_dags/example_xcom.py for tasks to queue
[2022-08-08 22:08:02,338] {logging_mixin.py:109} INFO - [2022-08-08 22:08:02,338] {dagbag.py:500} INFO - Filling up the DagBag from /opt/anaconda3/envs/airflow/lib/python3.7/site-packages/airflow/example_dags/example_xcom.py
[2022-08-08 22:08:02,379] {processor.py:654} INFO - DAG(s) dict_keys(['example_xcom']) retrieved from /opt/anaconda3/envs/airflow/lib/python3.7/site-packages/airflow/example_dags/example_xcom.py
[2022-08-08 22:08:02,642] {logging_mixin.py:109} INFO - [2022-08-08 22:08:02,642] {dag.py:2398} INFO - Sync 1 DAGs
[2022-08-08 22:08:02,656] {logging_mixin.py:109} INFO - [2022-08-08 22:08:02,655] {dag.py:2937} INFO - Setting next_dagrun for example_xcom to 2021-01-01T00:00:00+00:00
[2022-08-08 22:08:02,669] {processor.py:171} INFO - Processing /opt/anaconda3/envs/airflow/lib/python3.7/site-packages/airflow/example_dags/example_xcom.py took 0.339 seconds
