[2022-08-08 22:01:55,556] {processor.py:163} INFO - Started process (PID=20909) to work on /opt/anaconda3/lib/python3.8/site-packages/airflow/example_dags/tutorial_taskflow_api_etl_virtualenv.py
[2022-08-08 22:01:55,556] {processor.py:642} INFO - Processing file /opt/anaconda3/lib/python3.8/site-packages/airflow/example_dags/tutorial_taskflow_api_etl_virtualenv.py for tasks to queue
[2022-08-08 22:01:55,557] {logging_mixin.py:109} INFO - [2022-08-08 22:01:55,557] {dagbag.py:500} INFO - Filling up the DagBag from /opt/anaconda3/lib/python3.8/site-packages/airflow/example_dags/tutorial_taskflow_api_etl_virtualenv.py
[2022-08-08 22:01:55,598] {logging_mixin.py:109} INFO - [2022-08-08 22:01:55,598] {tutorial_taskflow_api_etl_virtualenv.py:29} WARNING - The tutorial_taskflow_api_etl_virtualenv example DAG requires virtualenv, please install it.
[2022-08-08 22:01:55,620] {processor.py:656} WARNING - No viable dags retrieved from /opt/anaconda3/lib/python3.8/site-packages/airflow/example_dags/tutorial_taskflow_api_etl_virtualenv.py
[2022-08-08 22:01:55,622] {processor.py:171} INFO - Processing /opt/anaconda3/lib/python3.8/site-packages/airflow/example_dags/tutorial_taskflow_api_etl_virtualenv.py took 0.067 seconds
[2022-08-08 22:03:58,567] {processor.py:163} INFO - Started process (PID=21077) to work on /opt/anaconda3/lib/python3.8/site-packages/airflow/example_dags/tutorial_taskflow_api_etl_virtualenv.py
[2022-08-08 22:03:58,567] {processor.py:642} INFO - Processing file /opt/anaconda3/lib/python3.8/site-packages/airflow/example_dags/tutorial_taskflow_api_etl_virtualenv.py for tasks to queue
[2022-08-08 22:03:58,568] {logging_mixin.py:109} INFO - [2022-08-08 22:03:58,568] {dagbag.py:500} INFO - Filling up the DagBag from /opt/anaconda3/lib/python3.8/site-packages/airflow/example_dags/tutorial_taskflow_api_etl_virtualenv.py
[2022-08-08 22:03:58,592] {logging_mixin.py:109} INFO - [2022-08-08 22:03:58,592] {tutorial_taskflow_api_etl_virtualenv.py:29} WARNING - The tutorial_taskflow_api_etl_virtualenv example DAG requires virtualenv, please install it.
[2022-08-08 22:03:58,613] {processor.py:656} WARNING - No viable dags retrieved from /opt/anaconda3/lib/python3.8/site-packages/airflow/example_dags/tutorial_taskflow_api_etl_virtualenv.py
[2022-08-08 22:03:58,615] {processor.py:171} INFO - Processing /opt/anaconda3/lib/python3.8/site-packages/airflow/example_dags/tutorial_taskflow_api_etl_virtualenv.py took 0.049 seconds
[2022-08-08 22:05:18,647] {processor.py:163} INFO - Started process (PID=21143) to work on /opt/anaconda3/lib/python3.8/site-packages/airflow/example_dags/tutorial_taskflow_api_etl_virtualenv.py
[2022-08-08 22:05:18,649] {processor.py:642} INFO - Processing file /opt/anaconda3/lib/python3.8/site-packages/airflow/example_dags/tutorial_taskflow_api_etl_virtualenv.py for tasks to queue
[2022-08-08 22:05:18,649] {logging_mixin.py:109} INFO - [2022-08-08 22:05:18,649] {dagbag.py:500} INFO - Filling up the DagBag from /opt/anaconda3/lib/python3.8/site-packages/airflow/example_dags/tutorial_taskflow_api_etl_virtualenv.py
[2022-08-08 22:05:18,688] {logging_mixin.py:109} INFO - [2022-08-08 22:05:18,688] {tutorial_taskflow_api_etl_virtualenv.py:29} WARNING - The tutorial_taskflow_api_etl_virtualenv example DAG requires virtualenv, please install it.
[2022-08-08 22:05:18,724] {processor.py:656} WARNING - No viable dags retrieved from /opt/anaconda3/lib/python3.8/site-packages/airflow/example_dags/tutorial_taskflow_api_etl_virtualenv.py
[2022-08-08 22:05:18,726] {processor.py:171} INFO - Processing /opt/anaconda3/lib/python3.8/site-packages/airflow/example_dags/tutorial_taskflow_api_etl_virtualenv.py took 0.079 seconds
[2022-08-08 22:07:55,584] {processor.py:163} INFO - Started process (PID=21345) to work on /opt/anaconda3/envs/airflow/lib/python3.7/site-packages/airflow/example_dags/tutorial_taskflow_api_etl_virtualenv.py
[2022-08-08 22:07:55,587] {processor.py:642} INFO - Processing file /opt/anaconda3/envs/airflow/lib/python3.7/site-packages/airflow/example_dags/tutorial_taskflow_api_etl_virtualenv.py for tasks to queue
[2022-08-08 22:07:55,588] {logging_mixin.py:109} INFO - [2022-08-08 22:07:55,587] {dagbag.py:500} INFO - Filling up the DagBag from /opt/anaconda3/envs/airflow/lib/python3.7/site-packages/airflow/example_dags/tutorial_taskflow_api_etl_virtualenv.py
[2022-08-08 22:07:55,603] {logging_mixin.py:109} INFO - [2022-08-08 22:07:55,603] {tutorial_taskflow_api_etl_virtualenv.py:30} WARNING - The tutorial_taskflow_api_etl_virtualenv example DAG requires virtualenv, please install it.
[2022-08-08 22:07:55,614] {processor.py:656} WARNING - No viable dags retrieved from /opt/anaconda3/envs/airflow/lib/python3.7/site-packages/airflow/example_dags/tutorial_taskflow_api_etl_virtualenv.py
[2022-08-08 22:07:55,616] {processor.py:171} INFO - Processing /opt/anaconda3/envs/airflow/lib/python3.7/site-packages/airflow/example_dags/tutorial_taskflow_api_etl_virtualenv.py took 0.036 seconds
