[2022-08-08 22:01:51,098] {processor.py:163} INFO - Started process (PID=20885) to work on /opt/anaconda3/lib/python3.8/site-packages/airflow/example_dags/subdags/subdag.py
[2022-08-08 22:01:51,098] {processor.py:642} INFO - Processing file /opt/anaconda3/lib/python3.8/site-packages/airflow/example_dags/subdags/subdag.py for tasks to queue
[2022-08-08 22:01:51,099] {logging_mixin.py:109} INFO - [2022-08-08 22:01:51,099] {dagbag.py:500} INFO - Filling up the DagBag from /opt/anaconda3/lib/python3.8/site-packages/airflow/example_dags/subdags/subdag.py
[2022-08-08 22:01:51,123] {processor.py:656} WARNING - No viable dags retrieved from /opt/anaconda3/lib/python3.8/site-packages/airflow/example_dags/subdags/subdag.py
[2022-08-08 22:01:51,125] {processor.py:171} INFO - Processing /opt/anaconda3/lib/python3.8/site-packages/airflow/example_dags/subdags/subdag.py took 0.028 seconds
[2022-08-08 22:03:52,294] {processor.py:163} INFO - Started process (PID=21073) to work on /opt/anaconda3/lib/python3.8/site-packages/airflow/example_dags/subdags/subdag.py
[2022-08-08 22:03:52,295] {processor.py:642} INFO - Processing file /opt/anaconda3/lib/python3.8/site-packages/airflow/example_dags/subdags/subdag.py for tasks to queue
[2022-08-08 22:03:52,296] {logging_mixin.py:109} INFO - [2022-08-08 22:03:52,295] {dagbag.py:500} INFO - Filling up the DagBag from /opt/anaconda3/lib/python3.8/site-packages/airflow/example_dags/subdags/subdag.py
[2022-08-08 22:03:52,359] {processor.py:656} WARNING - No viable dags retrieved from /opt/anaconda3/lib/python3.8/site-packages/airflow/example_dags/subdags/subdag.py
[2022-08-08 22:03:52,361] {processor.py:171} INFO - Processing /opt/anaconda3/lib/python3.8/site-packages/airflow/example_dags/subdags/subdag.py took 0.068 seconds
[2022-08-08 22:05:11,797] {processor.py:163} INFO - Started process (PID=21138) to work on /opt/anaconda3/lib/python3.8/site-packages/airflow/example_dags/subdags/subdag.py
[2022-08-08 22:05:11,800] {processor.py:642} INFO - Processing file /opt/anaconda3/lib/python3.8/site-packages/airflow/example_dags/subdags/subdag.py for tasks to queue
[2022-08-08 22:05:11,802] {logging_mixin.py:109} INFO - [2022-08-08 22:05:11,802] {dagbag.py:500} INFO - Filling up the DagBag from /opt/anaconda3/lib/python3.8/site-packages/airflow/example_dags/subdags/subdag.py
[2022-08-08 22:05:11,836] {processor.py:656} WARNING - No viable dags retrieved from /opt/anaconda3/lib/python3.8/site-packages/airflow/example_dags/subdags/subdag.py
[2022-08-08 22:05:11,838] {processor.py:171} INFO - Processing /opt/anaconda3/lib/python3.8/site-packages/airflow/example_dags/subdags/subdag.py took 0.041 seconds
[2022-08-08 22:07:53,222] {processor.py:163} INFO - Started process (PID=21333) to work on /opt/anaconda3/envs/airflow/lib/python3.7/site-packages/airflow/example_dags/subdags/subdag.py
[2022-08-08 22:07:53,224] {processor.py:642} INFO - Processing file /opt/anaconda3/envs/airflow/lib/python3.7/site-packages/airflow/example_dags/subdags/subdag.py for tasks to queue
[2022-08-08 22:07:53,225] {logging_mixin.py:109} INFO - [2022-08-08 22:07:53,225] {dagbag.py:500} INFO - Filling up the DagBag from /opt/anaconda3/envs/airflow/lib/python3.7/site-packages/airflow/example_dags/subdags/subdag.py
[2022-08-08 22:07:53,249] {processor.py:656} WARNING - No viable dags retrieved from /opt/anaconda3/envs/airflow/lib/python3.7/site-packages/airflow/example_dags/subdags/subdag.py
[2022-08-08 22:07:53,256] {processor.py:171} INFO - Processing /opt/anaconda3/envs/airflow/lib/python3.7/site-packages/airflow/example_dags/subdags/subdag.py took 0.045 seconds
