[2022-02-28 14:59:20,829] {taskinstance.py:1037} INFO - Dependencies all met for <TaskInstance: comic_app_v2.yes_generate_notification scheduled__2022-01-13T00:00:00+00:00 [queued]>
[2022-02-28 14:59:20,839] {taskinstance.py:1037} INFO - Dependencies all met for <TaskInstance: comic_app_v2.yes_generate_notification scheduled__2022-01-13T00:00:00+00:00 [queued]>
[2022-02-28 14:59:20,839] {taskinstance.py:1243} INFO - 
--------------------------------------------------------------------------------
[2022-02-28 14:59:20,839] {taskinstance.py:1244} INFO - Starting attempt 1 of 3
[2022-02-28 14:59:20,839] {taskinstance.py:1245} INFO - 
--------------------------------------------------------------------------------
[2022-02-28 14:59:20,849] {taskinstance.py:1264} INFO - Executing <Task(PythonOperator): yes_generate_notification> on 2022-01-13 00:00:00+00:00
[2022-02-28 14:59:20,852] {standard_task_runner.py:52} INFO - Started process 34447 to run task
[2022-02-28 14:59:20,857] {standard_task_runner.py:76} INFO - Running: ['airflow', 'tasks', 'run', 'comic_app_v2', 'yes_generate_notification', 'scheduled__2022-01-13T00:00:00+00:00', '--job-id', '141', '--raw', '--subdir', 'DAGS_FOLDER/comic_app_v2.py', '--cfg-path', '/var/folders/jb/grqrlwkd311flwk_zt30r7wr0000gn/T/tmpm_0lrdwb', '--error-file', '/var/folders/jb/grqrlwkd311flwk_zt30r7wr0000gn/T/tmpa1begu86']
[2022-02-28 14:59:20,859] {standard_task_runner.py:77} INFO - Job 141: Subtask yes_generate_notification
[2022-02-28 14:59:20,907] {logging_mixin.py:109} INFO - Running <TaskInstance: comic_app_v2.yes_generate_notification scheduled__2022-01-13T00:00:00+00:00 [running]> on host 1.0.0.0.0.0.0.0.0.0.0.0.0.0.0.0.0.0.0.0.0.0.0.0.0.0.0.0.0.0.0.0.ip6.arpa
[2022-02-28 14:59:20,949] {taskinstance.py:1431} INFO - Exporting the following env vars:
AIRFLOW_CTX_DAG_OWNER=Adam
AIRFLOW_CTX_DAG_ID=comic_app_v2
AIRFLOW_CTX_TASK_ID=yes_generate_notification
AIRFLOW_CTX_EXECUTION_DATE=2022-01-13T00:00:00+00:00
AIRFLOW_CTX_DAG_RUN_ID=scheduled__2022-01-13T00:00:00+00:00
[2022-02-28 14:59:20,953] {logging_mixin.py:109} INFO - 產生要寄給 Slack 的訊息內容並存成檔案
[2022-02-28 14:59:20,953] {python.py:175} INFO - Done. Returned value was: None
[2022-02-28 14:59:20,961] {taskinstance.py:1282} INFO - Marking task as SUCCESS. dag_id=comic_app_v2, task_id=yes_generate_notification, execution_date=20220113T000000, start_date=20220228T065920, end_date=20220228T065920
[2022-02-28 14:59:21,001] {local_task_job.py:154} INFO - Task exited with return code 0
[2022-02-28 14:59:21,032] {local_task_job.py:264} INFO - 1 downstream tasks scheduled from follow-on schedule check
