[2022-02-25 17:19:55,179] {taskinstance.py:1037} INFO - Dependencies all met for <TaskInstance: comic_app_v2.yes_generate_notification scheduled__2022-01-10T00:00:00+00:00 [queued]>
[2022-02-25 17:19:55,188] {taskinstance.py:1037} INFO - Dependencies all met for <TaskInstance: comic_app_v2.yes_generate_notification scheduled__2022-01-10T00:00:00+00:00 [queued]>
[2022-02-25 17:19:55,188] {taskinstance.py:1243} INFO - 
--------------------------------------------------------------------------------
[2022-02-25 17:19:55,188] {taskinstance.py:1244} INFO - Starting attempt 1 of 3
[2022-02-25 17:19:55,188] {taskinstance.py:1245} INFO - 
--------------------------------------------------------------------------------
[2022-02-25 17:19:55,198] {taskinstance.py:1264} INFO - Executing <Task(PythonOperator): yes_generate_notification> on 2022-01-10 00:00:00+00:00
[2022-02-25 17:19:55,200] {standard_task_runner.py:52} INFO - Started process 17627 to run task
[2022-02-25 17:19:55,206] {standard_task_runner.py:76} INFO - Running: ['airflow', 'tasks', 'run', 'comic_app_v2', 'yes_generate_notification', 'scheduled__2022-01-10T00:00:00+00:00', '--job-id', '83', '--raw', '--subdir', 'DAGS_FOLDER/comic_app_v2.py', '--cfg-path', '/var/folders/jb/grqrlwkd311flwk_zt30r7wr0000gn/T/tmptl4iephl', '--error-file', '/var/folders/jb/grqrlwkd311flwk_zt30r7wr0000gn/T/tmp2rjrjehe']
[2022-02-25 17:19:55,208] {standard_task_runner.py:77} INFO - Job 83: Subtask yes_generate_notification
[2022-02-25 17:19:55,254] {logging_mixin.py:109} INFO - Running <TaskInstance: comic_app_v2.yes_generate_notification scheduled__2022-01-10T00:00:00+00:00 [running]> on host 1.0.0.0.0.0.0.0.0.0.0.0.0.0.0.0.0.0.0.0.0.0.0.0.0.0.0.0.0.0.0.0.ip6.arpa
[2022-02-25 17:19:55,294] {taskinstance.py:1431} INFO - Exporting the following env vars:
AIRFLOW_CTX_DAG_OWNER=Adam
AIRFLOW_CTX_DAG_ID=comic_app_v2
AIRFLOW_CTX_TASK_ID=yes_generate_notification
AIRFLOW_CTX_EXECUTION_DATE=2022-01-10T00:00:00+00:00
AIRFLOW_CTX_DAG_RUN_ID=scheduled__2022-01-10T00:00:00+00:00
[2022-02-25 17:19:55,298] {logging_mixin.py:109} INFO - 產生要寄給 Slack 的訊息內容並存成檔案
[2022-02-25 17:19:55,298] {python.py:175} INFO - Done. Returned value was: None
[2022-02-25 17:19:55,307] {taskinstance.py:1282} INFO - Marking task as SUCCESS. dag_id=comic_app_v2, task_id=yes_generate_notification, execution_date=20220110T000000, start_date=20220225T091955, end_date=20220225T091955
[2022-02-25 17:19:55,347] {local_task_job.py:154} INFO - Task exited with return code 0
[2022-02-25 17:19:55,376] {local_task_job.py:264} INFO - 1 downstream tasks scheduled from follow-on schedule check
[2022-02-28 15:05:00,816] {taskinstance.py:1037} INFO - Dependencies all met for <TaskInstance: comic_app_v2.yes_generate_notification scheduled__2022-01-10T00:00:00+00:00 [queued]>
[2022-02-28 15:05:00,825] {taskinstance.py:1037} INFO - Dependencies all met for <TaskInstance: comic_app_v2.yes_generate_notification scheduled__2022-01-10T00:00:00+00:00 [queued]>
[2022-02-28 15:05:00,825] {taskinstance.py:1243} INFO - 
--------------------------------------------------------------------------------
[2022-02-28 15:05:00,826] {taskinstance.py:1244} INFO - Starting attempt 1 of 3
[2022-02-28 15:05:00,826] {taskinstance.py:1245} INFO - 
--------------------------------------------------------------------------------
[2022-02-28 15:05:00,835] {taskinstance.py:1264} INFO - Executing <Task(PythonOperator): yes_generate_notification> on 2022-01-10 00:00:00+00:00
[2022-02-28 15:05:00,838] {standard_task_runner.py:52} INFO - Started process 34932 to run task
[2022-02-28 15:05:00,844] {standard_task_runner.py:76} INFO - Running: ['airflow', 'tasks', 'run', 'comic_app_v2', 'yes_generate_notification', 'scheduled__2022-01-10T00:00:00+00:00', '--job-id', '198', '--raw', '--subdir', 'DAGS_FOLDER/comic_app_v2.py', '--cfg-path', '/var/folders/jb/grqrlwkd311flwk_zt30r7wr0000gn/T/tmpjtzpjpc0', '--error-file', '/var/folders/jb/grqrlwkd311flwk_zt30r7wr0000gn/T/tmpee6e1nc2']
[2022-02-28 15:05:00,846] {standard_task_runner.py:77} INFO - Job 198: Subtask yes_generate_notification
[2022-02-28 15:05:00,896] {logging_mixin.py:109} INFO - Running <TaskInstance: comic_app_v2.yes_generate_notification scheduled__2022-01-10T00:00:00+00:00 [running]> on host 1.0.0.0.0.0.0.0.0.0.0.0.0.0.0.0.0.0.0.0.0.0.0.0.0.0.0.0.0.0.0.0.ip6.arpa
[2022-02-28 15:05:00,933] {taskinstance.py:1431} INFO - Exporting the following env vars:
AIRFLOW_CTX_DAG_OWNER=Adam
AIRFLOW_CTX_DAG_ID=comic_app_v2
AIRFLOW_CTX_TASK_ID=yes_generate_notification
AIRFLOW_CTX_EXECUTION_DATE=2022-01-10T00:00:00+00:00
AIRFLOW_CTX_DAG_RUN_ID=scheduled__2022-01-10T00:00:00+00:00
[2022-02-28 15:05:00,937] {logging_mixin.py:109} INFO - 產生要寄給 Slack 的訊息內容並存成檔案
[2022-02-28 15:05:00,938] {python.py:175} INFO - Done. Returned value was: None
[2022-02-28 15:05:00,944] {taskinstance.py:1282} INFO - Marking task as SUCCESS. dag_id=comic_app_v2, task_id=yes_generate_notification, execution_date=20220110T000000, start_date=20220228T070500, end_date=20220228T070500
[2022-02-28 15:05:00,983] {local_task_job.py:154} INFO - Task exited with return code 0
[2022-02-28 15:05:01,015] {local_task_job.py:264} INFO - 1 downstream tasks scheduled from follow-on schedule check
