[2022-02-25 17:19:45,464] {taskinstance.py:1037} INFO - Dependencies all met for <TaskInstance: comic_app_v2.new_comic_available scheduled__2022-01-09T00:00:00+00:00 [queued]>
[2022-02-25 17:19:45,473] {taskinstance.py:1037} INFO - Dependencies all met for <TaskInstance: comic_app_v2.new_comic_available scheduled__2022-01-09T00:00:00+00:00 [queued]>
[2022-02-25 17:19:45,473] {taskinstance.py:1243} INFO - 
--------------------------------------------------------------------------------
[2022-02-25 17:19:45,473] {taskinstance.py:1244} INFO - Starting attempt 1 of 3
[2022-02-25 17:19:45,473] {taskinstance.py:1245} INFO - 
--------------------------------------------------------------------------------
[2022-02-25 17:19:45,485] {taskinstance.py:1264} INFO - Executing <Task(BranchPythonOperator): new_comic_available> on 2022-01-09 00:00:00+00:00
[2022-02-25 17:19:45,487] {standard_task_runner.py:52} INFO - Started process 17604 to run task
[2022-02-25 17:19:45,496] {standard_task_runner.py:76} INFO - Running: ['airflow', 'tasks', 'run', 'comic_app_v2', 'new_comic_available', 'scheduled__2022-01-09T00:00:00+00:00', '--job-id', '80', '--raw', '--subdir', 'DAGS_FOLDER/comic_app_v2.py', '--cfg-path', '/var/folders/jb/grqrlwkd311flwk_zt30r7wr0000gn/T/tmp2ay7uk3g', '--error-file', '/var/folders/jb/grqrlwkd311flwk_zt30r7wr0000gn/T/tmpn3k53jzf']
[2022-02-25 17:19:45,500] {standard_task_runner.py:77} INFO - Job 80: Subtask new_comic_available
[2022-02-25 17:19:45,555] {logging_mixin.py:109} INFO - Running <TaskInstance: comic_app_v2.new_comic_available scheduled__2022-01-09T00:00:00+00:00 [running]> on host 1.0.0.0.0.0.0.0.0.0.0.0.0.0.0.0.0.0.0.0.0.0.0.0.0.0.0.0.0.0.0.0.ip6.arpa
[2022-02-25 17:19:45,601] {taskinstance.py:1431} INFO - Exporting the following env vars:
AIRFLOW_CTX_DAG_OWNER=Adam
AIRFLOW_CTX_DAG_ID=comic_app_v2
AIRFLOW_CTX_TASK_ID=new_comic_available
AIRFLOW_CTX_EXECUTION_DATE=2022-01-09T00:00:00+00:00
AIRFLOW_CTX_DAG_RUN_ID=scheduled__2022-01-09T00:00:00+00:00
[2022-02-25 17:19:45,605] {logging_mixin.py:109} INFO - 跟紀錄比較，有沒有新連載？
[2022-02-25 17:19:45,606] {python.py:175} INFO - Done. Returned value was: yes_generate_notification
[2022-02-25 17:19:45,606] {skipmixin.py:140} INFO - Following branch yes_generate_notification
[2022-02-25 17:19:45,607] {skipmixin.py:171} INFO - Skipping tasks ['no_do_nothing']
[2022-02-25 17:19:45,635] {taskinstance.py:1282} INFO - Marking task as SUCCESS. dag_id=comic_app_v2, task_id=new_comic_available, execution_date=20220109T000000, start_date=20220225T091945, end_date=20220225T091945
[2022-02-25 17:19:45,675] {local_task_job.py:154} INFO - Task exited with return code 0
[2022-02-25 17:19:45,709] {local_task_job.py:264} INFO - 1 downstream tasks scheduled from follow-on schedule check
[2022-02-28 14:58:32,202] {taskinstance.py:1037} INFO - Dependencies all met for <TaskInstance: comic_app_v2.new_comic_available scheduled__2022-01-09T00:00:00+00:00 [queued]>
[2022-02-28 14:58:32,210] {taskinstance.py:1037} INFO - Dependencies all met for <TaskInstance: comic_app_v2.new_comic_available scheduled__2022-01-09T00:00:00+00:00 [queued]>
[2022-02-28 14:58:32,210] {taskinstance.py:1243} INFO - 
--------------------------------------------------------------------------------
[2022-02-28 14:58:32,210] {taskinstance.py:1244} INFO - Starting attempt 1 of 3
[2022-02-28 14:58:32,210] {taskinstance.py:1245} INFO - 
--------------------------------------------------------------------------------
[2022-02-28 14:58:32,219] {taskinstance.py:1264} INFO - Executing <Task(BranchPythonOperator): new_comic_available> on 2022-01-09 00:00:00+00:00
[2022-02-28 14:58:32,221] {standard_task_runner.py:52} INFO - Started process 34344 to run task
[2022-02-28 14:58:32,227] {standard_task_runner.py:76} INFO - Running: ['airflow', 'tasks', 'run', 'comic_app_v2', 'new_comic_available', 'scheduled__2022-01-09T00:00:00+00:00', '--job-id', '122', '--raw', '--subdir', 'DAGS_FOLDER/comic_app_v2.py', '--cfg-path', '/var/folders/jb/grqrlwkd311flwk_zt30r7wr0000gn/T/tmp7sj8hyv3', '--error-file', '/var/folders/jb/grqrlwkd311flwk_zt30r7wr0000gn/T/tmpzn2r992w']
[2022-02-28 14:58:32,229] {standard_task_runner.py:77} INFO - Job 122: Subtask new_comic_available
[2022-02-28 14:58:32,281] {logging_mixin.py:109} INFO - Running <TaskInstance: comic_app_v2.new_comic_available scheduled__2022-01-09T00:00:00+00:00 [running]> on host 1.0.0.0.0.0.0.0.0.0.0.0.0.0.0.0.0.0.0.0.0.0.0.0.0.0.0.0.0.0.0.0.ip6.arpa
[2022-02-28 14:58:32,320] {taskinstance.py:1431} INFO - Exporting the following env vars:
AIRFLOW_CTX_DAG_OWNER=Adam
AIRFLOW_CTX_DAG_ID=comic_app_v2
AIRFLOW_CTX_TASK_ID=new_comic_available
AIRFLOW_CTX_EXECUTION_DATE=2022-01-09T00:00:00+00:00
AIRFLOW_CTX_DAG_RUN_ID=scheduled__2022-01-09T00:00:00+00:00
[2022-02-28 14:58:32,324] {logging_mixin.py:109} INFO - 跟紀錄比較，有沒有新連載？
[2022-02-28 14:58:32,325] {python.py:175} INFO - Done. Returned value was: yes_generate_notification
[2022-02-28 14:58:32,325] {skipmixin.py:140} INFO - Following branch yes_generate_notification
[2022-02-28 14:58:32,326] {skipmixin.py:171} INFO - Skipping tasks ['no_do_nothing']
[2022-02-28 14:58:32,351] {taskinstance.py:1282} INFO - Marking task as SUCCESS. dag_id=comic_app_v2, task_id=new_comic_available, execution_date=20220109T000000, start_date=20220228T065832, end_date=20220228T065832
[2022-02-28 14:58:32,365] {local_task_job.py:154} INFO - Task exited with return code 0
[2022-02-28 14:58:32,397] {local_task_job.py:264} INFO - 1 downstream tasks scheduled from follow-on schedule check
[2022-02-28 15:04:52,159] {taskinstance.py:1037} INFO - Dependencies all met for <TaskInstance: comic_app_v2.new_comic_available scheduled__2022-01-09T00:00:00+00:00 [queued]>
[2022-02-28 15:04:52,168] {taskinstance.py:1037} INFO - Dependencies all met for <TaskInstance: comic_app_v2.new_comic_available scheduled__2022-01-09T00:00:00+00:00 [queued]>
[2022-02-28 15:04:52,168] {taskinstance.py:1243} INFO - 
--------------------------------------------------------------------------------
[2022-02-28 15:04:52,168] {taskinstance.py:1244} INFO - Starting attempt 1 of 3
[2022-02-28 15:04:52,168] {taskinstance.py:1245} INFO - 
--------------------------------------------------------------------------------
[2022-02-28 15:04:52,179] {taskinstance.py:1264} INFO - Executing <Task(BranchPythonOperator): new_comic_available> on 2022-01-09 00:00:00+00:00
[2022-02-28 15:04:52,182] {standard_task_runner.py:52} INFO - Started process 34917 to run task
[2022-02-28 15:04:52,188] {standard_task_runner.py:76} INFO - Running: ['airflow', 'tasks', 'run', 'comic_app_v2', 'new_comic_available', 'scheduled__2022-01-09T00:00:00+00:00', '--job-id', '195', '--raw', '--subdir', 'DAGS_FOLDER/comic_app_v2.py', '--cfg-path', '/var/folders/jb/grqrlwkd311flwk_zt30r7wr0000gn/T/tmp0hqze5pq', '--error-file', '/var/folders/jb/grqrlwkd311flwk_zt30r7wr0000gn/T/tmprbh9q1k9']
[2022-02-28 15:04:52,190] {standard_task_runner.py:77} INFO - Job 195: Subtask new_comic_available
[2022-02-28 15:04:52,239] {logging_mixin.py:109} INFO - Running <TaskInstance: comic_app_v2.new_comic_available scheduled__2022-01-09T00:00:00+00:00 [running]> on host 1.0.0.0.0.0.0.0.0.0.0.0.0.0.0.0.0.0.0.0.0.0.0.0.0.0.0.0.0.0.0.0.ip6.arpa
[2022-02-28 15:04:52,286] {taskinstance.py:1431} INFO - Exporting the following env vars:
AIRFLOW_CTX_DAG_OWNER=Adam
AIRFLOW_CTX_DAG_ID=comic_app_v2
AIRFLOW_CTX_TASK_ID=new_comic_available
AIRFLOW_CTX_EXECUTION_DATE=2022-01-09T00:00:00+00:00
AIRFLOW_CTX_DAG_RUN_ID=scheduled__2022-01-09T00:00:00+00:00
[2022-02-28 15:04:52,291] {logging_mixin.py:109} INFO - 跟紀錄比較，有沒有新連載？
[2022-02-28 15:04:52,291] {python.py:175} INFO - Done. Returned value was: yes_generate_notification
[2022-02-28 15:04:52,292] {skipmixin.py:140} INFO - Following branch yes_generate_notification
[2022-02-28 15:04:52,292] {skipmixin.py:171} INFO - Skipping tasks ['no_do_nothing']
[2022-02-28 15:04:52,313] {taskinstance.py:1282} INFO - Marking task as SUCCESS. dag_id=comic_app_v2, task_id=new_comic_available, execution_date=20220109T000000, start_date=20220228T070452, end_date=20220228T070452
[2022-02-28 15:04:52,329] {local_task_job.py:154} INFO - Task exited with return code 0
[2022-02-28 15:04:52,371] {local_task_job.py:264} INFO - 1 downstream tasks scheduled from follow-on schedule check
