[2022-02-25 17:13:24,974] {taskinstance.py:1037} INFO - Dependencies all met for <TaskInstance: comic_app_v2.check_comic_info scheduled__2022-01-01T00:00:00+00:00 [queued]>
[2022-02-25 17:13:24,982] {taskinstance.py:1037} INFO - Dependencies all met for <TaskInstance: comic_app_v2.check_comic_info scheduled__2022-01-01T00:00:00+00:00 [queued]>
[2022-02-25 17:13:24,982] {taskinstance.py:1243} INFO - 
--------------------------------------------------------------------------------
[2022-02-25 17:13:24,982] {taskinstance.py:1244} INFO - Starting attempt 1 of 3
[2022-02-25 17:13:24,982] {taskinstance.py:1245} INFO - 
--------------------------------------------------------------------------------
[2022-02-25 17:13:24,993] {taskinstance.py:1264} INFO - Executing <Task(PythonOperator): check_comic_info> on 2022-01-01 00:00:00+00:00
[2022-02-25 17:13:24,995] {standard_task_runner.py:52} INFO - Started process 16977 to run task
[2022-02-25 17:13:25,004] {standard_task_runner.py:76} INFO - Running: ['airflow', 'tasks', 'run', 'comic_app_v2', 'check_comic_info', 'scheduled__2022-01-01T00:00:00+00:00', '--job-id', '10', '--raw', '--subdir', 'DAGS_FOLDER/comic_app_v2.py', '--cfg-path', '/var/folders/jb/grqrlwkd311flwk_zt30r7wr0000gn/T/tmp21cx71mt', '--error-file', '/var/folders/jb/grqrlwkd311flwk_zt30r7wr0000gn/T/tmptahgar2f']
[2022-02-25 17:13:25,006] {standard_task_runner.py:77} INFO - Job 10: Subtask check_comic_info
[2022-02-25 17:13:25,054] {logging_mixin.py:109} INFO - Running <TaskInstance: comic_app_v2.check_comic_info scheduled__2022-01-01T00:00:00+00:00 [running]> on host 1.0.0.0.0.0.0.0.0.0.0.0.0.0.0.0.0.0.0.0.0.0.0.0.0.0.0.0.0.0.0.0.ip6.arpa
[2022-02-25 17:13:25,092] {taskinstance.py:1431} INFO - Exporting the following env vars:
AIRFLOW_CTX_DAG_OWNER=Adam
AIRFLOW_CTX_DAG_ID=comic_app_v2
AIRFLOW_CTX_TASK_ID=check_comic_info
AIRFLOW_CTX_EXECUTION_DATE=2022-01-01T00:00:00+00:00
AIRFLOW_CTX_DAG_RUN_ID=scheduled__2022-01-01T00:00:00+00:00
[2022-02-25 17:13:25,096] {logging_mixin.py:109} INFO - 去漫畫網站看有沒有新的章節
[2022-02-25 17:13:25,097] {python.py:175} INFO - Done. Returned value was: (True, None)
[2022-02-25 17:13:25,112] {taskinstance.py:1282} INFO - Marking task as SUCCESS. dag_id=comic_app_v2, task_id=check_comic_info, execution_date=20220101T000000, start_date=20220225T091324, end_date=20220225T091325
[2022-02-25 17:13:25,141] {local_task_job.py:154} INFO - Task exited with return code 0
[2022-02-25 17:13:25,174] {local_task_job.py:264} INFO - 1 downstream tasks scheduled from follow-on schedule check
[2022-02-25 17:18:20,629] {taskinstance.py:1037} INFO - Dependencies all met for <TaskInstance: comic_app_v2.check_comic_info scheduled__2022-01-01T00:00:00+00:00 [queued]>
[2022-02-25 17:18:20,637] {taskinstance.py:1037} INFO - Dependencies all met for <TaskInstance: comic_app_v2.check_comic_info scheduled__2022-01-01T00:00:00+00:00 [queued]>
[2022-02-25 17:18:20,637] {taskinstance.py:1243} INFO - 
--------------------------------------------------------------------------------
[2022-02-25 17:18:20,637] {taskinstance.py:1244} INFO - Starting attempt 1 of 3
[2022-02-25 17:18:20,637] {taskinstance.py:1245} INFO - 
--------------------------------------------------------------------------------
[2022-02-25 17:18:20,647] {taskinstance.py:1264} INFO - Executing <Task(PythonOperator): check_comic_info> on 2022-01-01 00:00:00+00:00
[2022-02-25 17:18:20,649] {standard_task_runner.py:52} INFO - Started process 17417 to run task
[2022-02-25 17:18:20,654] {standard_task_runner.py:76} INFO - Running: ['airflow', 'tasks', 'run', 'comic_app_v2', 'check_comic_info', 'scheduled__2022-01-01T00:00:00+00:00', '--job-id', '46', '--raw', '--subdir', 'DAGS_FOLDER/comic_app_v2.py', '--cfg-path', '/var/folders/jb/grqrlwkd311flwk_zt30r7wr0000gn/T/tmpo5rg36bn', '--error-file', '/var/folders/jb/grqrlwkd311flwk_zt30r7wr0000gn/T/tmppeecwrvh']
[2022-02-25 17:18:20,656] {standard_task_runner.py:77} INFO - Job 46: Subtask check_comic_info
[2022-02-25 17:18:20,697] {logging_mixin.py:109} INFO - Running <TaskInstance: comic_app_v2.check_comic_info scheduled__2022-01-01T00:00:00+00:00 [running]> on host 1.0.0.0.0.0.0.0.0.0.0.0.0.0.0.0.0.0.0.0.0.0.0.0.0.0.0.0.0.0.0.0.ip6.arpa
[2022-02-25 17:18:20,731] {taskinstance.py:1431} INFO - Exporting the following env vars:
AIRFLOW_CTX_DAG_OWNER=Adam
AIRFLOW_CTX_DAG_ID=comic_app_v2
AIRFLOW_CTX_TASK_ID=check_comic_info
AIRFLOW_CTX_EXECUTION_DATE=2022-01-01T00:00:00+00:00
AIRFLOW_CTX_DAG_RUN_ID=scheduled__2022-01-01T00:00:00+00:00
[2022-02-25 17:18:20,735] {logging_mixin.py:109} INFO - 去漫畫網站看有沒有新的章節
[2022-02-25 17:18:20,736] {python.py:175} INFO - Done. Returned value was: (False, None)
[2022-02-25 17:18:20,748] {taskinstance.py:1282} INFO - Marking task as SUCCESS. dag_id=comic_app_v2, task_id=check_comic_info, execution_date=20220101T000000, start_date=20220225T091820, end_date=20220225T091820
[2022-02-25 17:18:20,798] {local_task_job.py:154} INFO - Task exited with return code 0
[2022-02-25 17:18:20,828] {local_task_job.py:264} INFO - 1 downstream tasks scheduled from follow-on schedule check
