[2022-02-25 17:13:17,700] {taskinstance.py:1037} INFO - Dependencies all met for <TaskInstance: comic_app_v2.get_read_history scheduled__2022-01-01T00:00:00+00:00 [queued]>
[2022-02-25 17:13:17,804] {taskinstance.py:1037} INFO - Dependencies all met for <TaskInstance: comic_app_v2.get_read_history scheduled__2022-01-01T00:00:00+00:00 [queued]>
[2022-02-25 17:13:17,805] {taskinstance.py:1243} INFO - 
--------------------------------------------------------------------------------
[2022-02-25 17:13:17,805] {taskinstance.py:1244} INFO - Starting attempt 1 of 3
[2022-02-25 17:13:17,805] {taskinstance.py:1245} INFO - 
--------------------------------------------------------------------------------
[2022-02-25 17:13:17,855] {taskinstance.py:1264} INFO - Executing <Task(PythonOperator): get_read_history> on 2022-01-01 00:00:00+00:00
[2022-02-25 17:13:17,864] {standard_task_runner.py:52} INFO - Started process 16955 to run task
[2022-02-25 17:13:17,869] {standard_task_runner.py:76} INFO - Running: ['airflow', 'tasks', 'run', 'comic_app_v2', 'get_read_history', 'scheduled__2022-01-01T00:00:00+00:00', '--job-id', '7', '--raw', '--subdir', 'DAGS_FOLDER/comic_app_v2.py', '--cfg-path', '/var/folders/jb/grqrlwkd311flwk_zt30r7wr0000gn/T/tmp8rofpvq5', '--error-file', '/var/folders/jb/grqrlwkd311flwk_zt30r7wr0000gn/T/tmpdjubdnbh']
[2022-02-25 17:13:17,872] {standard_task_runner.py:77} INFO - Job 7: Subtask get_read_history
[2022-02-25 17:13:17,947] {logging_mixin.py:109} INFO - Running <TaskInstance: comic_app_v2.get_read_history scheduled__2022-01-01T00:00:00+00:00 [running]> on host 1.0.0.0.0.0.0.0.0.0.0.0.0.0.0.0.0.0.0.0.0.0.0.0.0.0.0.0.0.0.0.0.ip6.arpa
[2022-02-25 17:13:18,006] {taskinstance.py:1431} INFO - Exporting the following env vars:
AIRFLOW_CTX_DAG_OWNER=Adam
AIRFLOW_CTX_DAG_ID=comic_app_v2
AIRFLOW_CTX_TASK_ID=get_read_history
AIRFLOW_CTX_EXECUTION_DATE=2022-01-01T00:00:00+00:00
AIRFLOW_CTX_DAG_RUN_ID=scheduled__2022-01-01T00:00:00+00:00
[2022-02-25 17:13:18,007] {logging_mixin.py:109} INFO - 取得使用者的閱讀紀錄
[2022-02-25 17:13:18,007] {python.py:175} INFO - Done. Returned value was: None
[2022-02-25 17:13:18,016] {taskinstance.py:1282} INFO - Marking task as SUCCESS. dag_id=comic_app_v2, task_id=get_read_history, execution_date=20220101T000000, start_date=20220225T091317, end_date=20220225T091318
[2022-02-25 17:13:18,054] {local_task_job.py:154} INFO - Task exited with return code 0
[2022-02-25 17:13:18,123] {local_task_job.py:264} INFO - 1 downstream tasks scheduled from follow-on schedule check
[2022-02-25 17:18:14,418] {taskinstance.py:1037} INFO - Dependencies all met for <TaskInstance: comic_app_v2.get_read_history scheduled__2022-01-01T00:00:00+00:00 [queued]>
[2022-02-25 17:18:14,427] {taskinstance.py:1037} INFO - Dependencies all met for <TaskInstance: comic_app_v2.get_read_history scheduled__2022-01-01T00:00:00+00:00 [queued]>
[2022-02-25 17:18:14,427] {taskinstance.py:1243} INFO - 
--------------------------------------------------------------------------------
[2022-02-25 17:18:14,427] {taskinstance.py:1244} INFO - Starting attempt 1 of 3
[2022-02-25 17:18:14,427] {taskinstance.py:1245} INFO - 
--------------------------------------------------------------------------------
[2022-02-25 17:18:14,438] {taskinstance.py:1264} INFO - Executing <Task(PythonOperator): get_read_history> on 2022-01-01 00:00:00+00:00
[2022-02-25 17:18:14,441] {standard_task_runner.py:52} INFO - Started process 17400 to run task
[2022-02-25 17:18:14,447] {standard_task_runner.py:76} INFO - Running: ['airflow', 'tasks', 'run', 'comic_app_v2', 'get_read_history', 'scheduled__2022-01-01T00:00:00+00:00', '--job-id', '43', '--raw', '--subdir', 'DAGS_FOLDER/comic_app_v2.py', '--cfg-path', '/var/folders/jb/grqrlwkd311flwk_zt30r7wr0000gn/T/tmpthjo4g7i', '--error-file', '/var/folders/jb/grqrlwkd311flwk_zt30r7wr0000gn/T/tmp07kzhivj']
[2022-02-25 17:18:14,449] {standard_task_runner.py:77} INFO - Job 43: Subtask get_read_history
[2022-02-25 17:18:14,500] {logging_mixin.py:109} INFO - Running <TaskInstance: comic_app_v2.get_read_history scheduled__2022-01-01T00:00:00+00:00 [running]> on host 1.0.0.0.0.0.0.0.0.0.0.0.0.0.0.0.0.0.0.0.0.0.0.0.0.0.0.0.0.0.0.0.ip6.arpa
[2022-02-25 17:18:14,555] {taskinstance.py:1431} INFO - Exporting the following env vars:
AIRFLOW_CTX_DAG_OWNER=Adam
AIRFLOW_CTX_DAG_ID=comic_app_v2
AIRFLOW_CTX_TASK_ID=get_read_history
AIRFLOW_CTX_EXECUTION_DATE=2022-01-01T00:00:00+00:00
AIRFLOW_CTX_DAG_RUN_ID=scheduled__2022-01-01T00:00:00+00:00
[2022-02-25 17:18:14,556] {logging_mixin.py:109} INFO - 取得使用者的閱讀紀錄
[2022-02-25 17:18:14,557] {python.py:175} INFO - Done. Returned value was: None
[2022-02-25 17:18:14,565] {taskinstance.py:1282} INFO - Marking task as SUCCESS. dag_id=comic_app_v2, task_id=get_read_history, execution_date=20220101T000000, start_date=20220225T091814, end_date=20220225T091814
[2022-02-25 17:18:14,599] {local_task_job.py:154} INFO - Task exited with return code 0
[2022-02-25 17:18:14,634] {local_task_job.py:264} INFO - 1 downstream tasks scheduled from follow-on schedule check
