[2022-02-25 17:13:46,412] {taskinstance.py:1037} INFO - Dependencies all met for <TaskInstance: comic_app_v2.new_comic_available manual__2022-02-25T09:13:17.401633+00:00 [queued]>
[2022-02-25 17:13:46,420] {taskinstance.py:1037} INFO - Dependencies all met for <TaskInstance: comic_app_v2.new_comic_available manual__2022-02-25T09:13:17.401633+00:00 [queued]>
[2022-02-25 17:13:46,420] {taskinstance.py:1243} INFO - 
--------------------------------------------------------------------------------
[2022-02-25 17:13:46,420] {taskinstance.py:1244} INFO - Starting attempt 1 of 3
[2022-02-25 17:13:46,420] {taskinstance.py:1245} INFO - 
--------------------------------------------------------------------------------
[2022-02-25 17:13:46,430] {taskinstance.py:1264} INFO - Executing <Task(BranchPythonOperator): new_comic_available> on 2022-02-25 09:13:17.401633+00:00
[2022-02-25 17:13:46,432] {standard_task_runner.py:52} INFO - Started process 17030 to run task
[2022-02-25 17:13:46,438] {standard_task_runner.py:76} INFO - Running: ['airflow', 'tasks', 'run', 'comic_app_v2', 'new_comic_available', 'manual__2022-02-25T09:13:17.401633+00:00', '--job-id', '18', '--raw', '--subdir', 'DAGS_FOLDER/comic_app_v2.py', '--cfg-path', '/var/folders/jb/grqrlwkd311flwk_zt30r7wr0000gn/T/tmpjdp4fiec', '--error-file', '/var/folders/jb/grqrlwkd311flwk_zt30r7wr0000gn/T/tmpebl295a7']
[2022-02-25 17:13:46,440] {standard_task_runner.py:77} INFO - Job 18: Subtask new_comic_available
[2022-02-25 17:13:46,485] {logging_mixin.py:109} INFO - Running <TaskInstance: comic_app_v2.new_comic_available manual__2022-02-25T09:13:17.401633+00:00 [running]> on host 1.0.0.0.0.0.0.0.0.0.0.0.0.0.0.0.0.0.0.0.0.0.0.0.0.0.0.0.0.0.0.0.ip6.arpa
[2022-02-25 17:13:46,524] {taskinstance.py:1431} INFO - Exporting the following env vars:
AIRFLOW_CTX_DAG_OWNER=Adam
AIRFLOW_CTX_DAG_ID=comic_app_v2
AIRFLOW_CTX_TASK_ID=new_comic_available
AIRFLOW_CTX_EXECUTION_DATE=2022-02-25T09:13:17.401633+00:00
AIRFLOW_CTX_DAG_RUN_ID=manual__2022-02-25T09:13:17.401633+00:00
[2022-02-25 17:13:46,527] {logging_mixin.py:109} INFO - 跟紀錄比較，有沒有新連載？
[2022-02-25 17:13:46,528] {python.py:175} INFO - Done. Returned value was: no_do_nothing
[2022-02-25 17:13:46,528] {skipmixin.py:140} INFO - Following branch no_do_nothing
[2022-02-25 17:13:46,529] {skipmixin.py:171} INFO - Skipping tasks ['yes_generate_notification']
[2022-02-25 17:13:46,551] {taskinstance.py:1282} INFO - Marking task as SUCCESS. dag_id=comic_app_v2, task_id=new_comic_available, execution_date=20220225T091317, start_date=20220225T091346, end_date=20220225T091346
[2022-02-25 17:13:46,578] {local_task_job.py:154} INFO - Task exited with return code 0
[2022-02-25 17:13:46,612] {local_task_job.py:264} INFO - 1 downstream tasks scheduled from follow-on schedule check
