[2022-02-28 14:25:10,396] {processor.py:163} INFO - Started process (PID=31654) to work on /opt/anaconda3/envs/airflow/lib/python3.7/site-packages/airflow/example_dags/plugins/workday.py
[2022-02-28 14:25:10,398] {processor.py:642} INFO - Processing file /opt/anaconda3/envs/airflow/lib/python3.7/site-packages/airflow/example_dags/plugins/workday.py for tasks to queue
[2022-02-28 14:25:10,399] {logging_mixin.py:109} INFO - [2022-02-28 14:25:10,399] {dagbag.py:500} INFO - Filling up the DagBag from /opt/anaconda3/envs/airflow/lib/python3.7/site-packages/airflow/example_dags/plugins/workday.py
[2022-02-28 14:25:10,412] {processor.py:656} WARNING - No viable dags retrieved from /opt/anaconda3/envs/airflow/lib/python3.7/site-packages/airflow/example_dags/plugins/workday.py
[2022-02-28 14:25:10,416] {processor.py:171} INFO - Processing /opt/anaconda3/envs/airflow/lib/python3.7/site-packages/airflow/example_dags/plugins/workday.py took 0.024 seconds
[2022-02-28 14:25:59,482] {processor.py:163} INFO - Started process (PID=31726) to work on /opt/anaconda3/envs/airflow/lib/python3.7/site-packages/airflow/example_dags/plugins/workday.py
[2022-02-28 14:25:59,485] {processor.py:642} INFO - Processing file /opt/anaconda3/envs/airflow/lib/python3.7/site-packages/airflow/example_dags/plugins/workday.py for tasks to queue
[2022-02-28 14:25:59,486] {logging_mixin.py:109} INFO - [2022-02-28 14:25:59,486] {dagbag.py:500} INFO - Filling up the DagBag from /opt/anaconda3/envs/airflow/lib/python3.7/site-packages/airflow/example_dags/plugins/workday.py
[2022-02-28 14:25:59,499] {processor.py:656} WARNING - No viable dags retrieved from /opt/anaconda3/envs/airflow/lib/python3.7/site-packages/airflow/example_dags/plugins/workday.py
[2022-02-28 14:25:59,502] {processor.py:171} INFO - Processing /opt/anaconda3/envs/airflow/lib/python3.7/site-packages/airflow/example_dags/plugins/workday.py took 0.024 seconds
[2022-02-28 14:26:35,985] {processor.py:163} INFO - Started process (PID=31774) to work on /opt/anaconda3/envs/airflow/lib/python3.7/site-packages/airflow/example_dags/plugins/workday.py
[2022-02-28 14:26:35,988] {processor.py:642} INFO - Processing file /opt/anaconda3/envs/airflow/lib/python3.7/site-packages/airflow/example_dags/plugins/workday.py for tasks to queue
[2022-02-28 14:26:35,989] {logging_mixin.py:109} INFO - [2022-02-28 14:26:35,989] {dagbag.py:500} INFO - Filling up the DagBag from /opt/anaconda3/envs/airflow/lib/python3.7/site-packages/airflow/example_dags/plugins/workday.py
[2022-02-28 14:26:36,002] {processor.py:656} WARNING - No viable dags retrieved from /opt/anaconda3/envs/airflow/lib/python3.7/site-packages/airflow/example_dags/plugins/workday.py
[2022-02-28 14:26:36,005] {processor.py:171} INFO - Processing /opt/anaconda3/envs/airflow/lib/python3.7/site-packages/airflow/example_dags/plugins/workday.py took 0.023 seconds
[2022-02-28 14:27:08,525] {processor.py:163} INFO - Started process (PID=31812) to work on /opt/anaconda3/envs/airflow/lib/python3.7/site-packages/airflow/example_dags/plugins/workday.py
[2022-02-28 14:27:08,526] {processor.py:642} INFO - Processing file /opt/anaconda3/envs/airflow/lib/python3.7/site-packages/airflow/example_dags/plugins/workday.py for tasks to queue
[2022-02-28 14:27:08,528] {logging_mixin.py:109} INFO - [2022-02-28 14:27:08,527] {dagbag.py:500} INFO - Filling up the DagBag from /opt/anaconda3/envs/airflow/lib/python3.7/site-packages/airflow/example_dags/plugins/workday.py
[2022-02-28 14:27:08,540] {processor.py:656} WARNING - No viable dags retrieved from /opt/anaconda3/envs/airflow/lib/python3.7/site-packages/airflow/example_dags/plugins/workday.py
[2022-02-28 14:27:08,543] {processor.py:171} INFO - Processing /opt/anaconda3/envs/airflow/lib/python3.7/site-packages/airflow/example_dags/plugins/workday.py took 0.024 seconds
[2022-02-28 14:27:51,297] {processor.py:163} INFO - Started process (PID=31866) to work on /opt/anaconda3/envs/airflow/lib/python3.7/site-packages/airflow/example_dags/plugins/workday.py
[2022-02-28 14:27:51,300] {processor.py:642} INFO - Processing file /opt/anaconda3/envs/airflow/lib/python3.7/site-packages/airflow/example_dags/plugins/workday.py for tasks to queue
[2022-02-28 14:27:51,301] {logging_mixin.py:109} INFO - [2022-02-28 14:27:51,301] {dagbag.py:500} INFO - Filling up the DagBag from /opt/anaconda3/envs/airflow/lib/python3.7/site-packages/airflow/example_dags/plugins/workday.py
[2022-02-28 14:27:51,316] {processor.py:656} WARNING - No viable dags retrieved from /opt/anaconda3/envs/airflow/lib/python3.7/site-packages/airflow/example_dags/plugins/workday.py
[2022-02-28 14:27:51,322] {processor.py:171} INFO - Processing /opt/anaconda3/envs/airflow/lib/python3.7/site-packages/airflow/example_dags/plugins/workday.py took 0.031 seconds
[2022-02-28 14:28:37,007] {processor.py:163} INFO - Started process (PID=31978) to work on /opt/anaconda3/envs/airflow/lib/python3.7/site-packages/airflow/example_dags/plugins/workday.py
[2022-02-28 14:28:37,010] {processor.py:642} INFO - Processing file /opt/anaconda3/envs/airflow/lib/python3.7/site-packages/airflow/example_dags/plugins/workday.py for tasks to queue
[2022-02-28 14:28:37,011] {logging_mixin.py:109} INFO - [2022-02-28 14:28:37,011] {dagbag.py:500} INFO - Filling up the DagBag from /opt/anaconda3/envs/airflow/lib/python3.7/site-packages/airflow/example_dags/plugins/workday.py
[2022-02-28 14:28:37,024] {processor.py:656} WARNING - No viable dags retrieved from /opt/anaconda3/envs/airflow/lib/python3.7/site-packages/airflow/example_dags/plugins/workday.py
[2022-02-28 14:28:37,026] {processor.py:171} INFO - Processing /opt/anaconda3/envs/airflow/lib/python3.7/site-packages/airflow/example_dags/plugins/workday.py took 0.022 seconds
[2022-02-28 14:29:29,628] {processor.py:163} INFO - Started process (PID=32073) to work on /opt/anaconda3/envs/airflow/lib/python3.7/site-packages/airflow/example_dags/plugins/workday.py
[2022-02-28 14:29:29,630] {processor.py:642} INFO - Processing file /opt/anaconda3/envs/airflow/lib/python3.7/site-packages/airflow/example_dags/plugins/workday.py for tasks to queue
[2022-02-28 14:29:29,631] {logging_mixin.py:109} INFO - [2022-02-28 14:29:29,630] {dagbag.py:500} INFO - Filling up the DagBag from /opt/anaconda3/envs/airflow/lib/python3.7/site-packages/airflow/example_dags/plugins/workday.py
[2022-02-28 14:29:29,644] {processor.py:656} WARNING - No viable dags retrieved from /opt/anaconda3/envs/airflow/lib/python3.7/site-packages/airflow/example_dags/plugins/workday.py
[2022-02-28 14:29:29,646] {processor.py:171} INFO - Processing /opt/anaconda3/envs/airflow/lib/python3.7/site-packages/airflow/example_dags/plugins/workday.py took 0.022 seconds
[2022-02-28 14:30:12,497] {processor.py:163} INFO - Started process (PID=32132) to work on /opt/anaconda3/envs/airflow/lib/python3.7/site-packages/airflow/example_dags/plugins/workday.py
[2022-02-28 14:30:12,501] {processor.py:642} INFO - Processing file /opt/anaconda3/envs/airflow/lib/python3.7/site-packages/airflow/example_dags/plugins/workday.py for tasks to queue
[2022-02-28 14:30:12,503] {logging_mixin.py:109} INFO - [2022-02-28 14:30:12,502] {dagbag.py:500} INFO - Filling up the DagBag from /opt/anaconda3/envs/airflow/lib/python3.7/site-packages/airflow/example_dags/plugins/workday.py
[2022-02-28 14:30:12,516] {processor.py:656} WARNING - No viable dags retrieved from /opt/anaconda3/envs/airflow/lib/python3.7/site-packages/airflow/example_dags/plugins/workday.py
[2022-02-28 14:30:12,518] {processor.py:171} INFO - Processing /opt/anaconda3/envs/airflow/lib/python3.7/site-packages/airflow/example_dags/plugins/workday.py took 0.024 seconds
[2022-02-28 14:30:50,246] {processor.py:163} INFO - Started process (PID=32168) to work on /opt/anaconda3/envs/airflow/lib/python3.7/site-packages/airflow/example_dags/plugins/workday.py
[2022-02-28 14:30:50,248] {processor.py:642} INFO - Processing file /opt/anaconda3/envs/airflow/lib/python3.7/site-packages/airflow/example_dags/plugins/workday.py for tasks to queue
[2022-02-28 14:30:50,249] {logging_mixin.py:109} INFO - [2022-02-28 14:30:50,249] {dagbag.py:500} INFO - Filling up the DagBag from /opt/anaconda3/envs/airflow/lib/python3.7/site-packages/airflow/example_dags/plugins/workday.py
[2022-02-28 14:30:50,262] {processor.py:656} WARNING - No viable dags retrieved from /opt/anaconda3/envs/airflow/lib/python3.7/site-packages/airflow/example_dags/plugins/workday.py
[2022-02-28 14:30:50,264] {processor.py:171} INFO - Processing /opt/anaconda3/envs/airflow/lib/python3.7/site-packages/airflow/example_dags/plugins/workday.py took 0.022 seconds
[2022-02-28 14:31:28,169] {processor.py:163} INFO - Started process (PID=32215) to work on /opt/anaconda3/envs/airflow/lib/python3.7/site-packages/airflow/example_dags/plugins/workday.py
[2022-02-28 14:31:28,172] {processor.py:642} INFO - Processing file /opt/anaconda3/envs/airflow/lib/python3.7/site-packages/airflow/example_dags/plugins/workday.py for tasks to queue
[2022-02-28 14:31:28,174] {logging_mixin.py:109} INFO - [2022-02-28 14:31:28,173] {dagbag.py:500} INFO - Filling up the DagBag from /opt/anaconda3/envs/airflow/lib/python3.7/site-packages/airflow/example_dags/plugins/workday.py
[2022-02-28 14:31:28,211] {processor.py:656} WARNING - No viable dags retrieved from /opt/anaconda3/envs/airflow/lib/python3.7/site-packages/airflow/example_dags/plugins/workday.py
[2022-02-28 14:31:28,218] {processor.py:171} INFO - Processing /opt/anaconda3/envs/airflow/lib/python3.7/site-packages/airflow/example_dags/plugins/workday.py took 0.060 seconds
[2022-02-28 14:32:49,730] {processor.py:163} INFO - Started process (PID=32306) to work on /opt/anaconda3/envs/airflow/lib/python3.7/site-packages/airflow/example_dags/plugins/workday.py
[2022-02-28 14:32:49,733] {processor.py:642} INFO - Processing file /opt/anaconda3/envs/airflow/lib/python3.7/site-packages/airflow/example_dags/plugins/workday.py for tasks to queue
[2022-02-28 14:32:49,734] {logging_mixin.py:109} INFO - [2022-02-28 14:32:49,734] {dagbag.py:500} INFO - Filling up the DagBag from /opt/anaconda3/envs/airflow/lib/python3.7/site-packages/airflow/example_dags/plugins/workday.py
[2022-02-28 14:32:49,748] {processor.py:656} WARNING - No viable dags retrieved from /opt/anaconda3/envs/airflow/lib/python3.7/site-packages/airflow/example_dags/plugins/workday.py
[2022-02-28 14:32:49,750] {processor.py:171} INFO - Processing /opt/anaconda3/envs/airflow/lib/python3.7/site-packages/airflow/example_dags/plugins/workday.py took 0.024 seconds
[2022-02-28 14:33:30,830] {processor.py:163} INFO - Started process (PID=32365) to work on /opt/anaconda3/envs/airflow/lib/python3.7/site-packages/airflow/example_dags/plugins/workday.py
[2022-02-28 14:33:30,832] {processor.py:642} INFO - Processing file /opt/anaconda3/envs/airflow/lib/python3.7/site-packages/airflow/example_dags/plugins/workday.py for tasks to queue
[2022-02-28 14:33:30,833] {logging_mixin.py:109} INFO - [2022-02-28 14:33:30,833] {dagbag.py:500} INFO - Filling up the DagBag from /opt/anaconda3/envs/airflow/lib/python3.7/site-packages/airflow/example_dags/plugins/workday.py
[2022-02-28 14:33:30,849] {processor.py:656} WARNING - No viable dags retrieved from /opt/anaconda3/envs/airflow/lib/python3.7/site-packages/airflow/example_dags/plugins/workday.py
[2022-02-28 14:33:30,852] {processor.py:171} INFO - Processing /opt/anaconda3/envs/airflow/lib/python3.7/site-packages/airflow/example_dags/plugins/workday.py took 0.027 seconds
[2022-02-28 14:34:02,822] {processor.py:163} INFO - Started process (PID=32420) to work on /opt/anaconda3/envs/airflow/lib/python3.7/site-packages/airflow/example_dags/plugins/workday.py
[2022-02-28 14:34:02,824] {processor.py:642} INFO - Processing file /opt/anaconda3/envs/airflow/lib/python3.7/site-packages/airflow/example_dags/plugins/workday.py for tasks to queue
[2022-02-28 14:34:02,825] {logging_mixin.py:109} INFO - [2022-02-28 14:34:02,825] {dagbag.py:500} INFO - Filling up the DagBag from /opt/anaconda3/envs/airflow/lib/python3.7/site-packages/airflow/example_dags/plugins/workday.py
[2022-02-28 14:34:02,870] {processor.py:656} WARNING - No viable dags retrieved from /opt/anaconda3/envs/airflow/lib/python3.7/site-packages/airflow/example_dags/plugins/workday.py
[2022-02-28 14:34:02,886] {processor.py:171} INFO - Processing /opt/anaconda3/envs/airflow/lib/python3.7/site-packages/airflow/example_dags/plugins/workday.py took 0.069 seconds
[2022-02-28 14:34:40,578] {processor.py:163} INFO - Started process (PID=32473) to work on /opt/anaconda3/envs/airflow/lib/python3.7/site-packages/airflow/example_dags/plugins/workday.py
[2022-02-28 14:34:40,581] {processor.py:642} INFO - Processing file /opt/anaconda3/envs/airflow/lib/python3.7/site-packages/airflow/example_dags/plugins/workday.py for tasks to queue
[2022-02-28 14:34:40,582] {logging_mixin.py:109} INFO - [2022-02-28 14:34:40,581] {dagbag.py:500} INFO - Filling up the DagBag from /opt/anaconda3/envs/airflow/lib/python3.7/site-packages/airflow/example_dags/plugins/workday.py
[2022-02-28 14:34:40,597] {processor.py:656} WARNING - No viable dags retrieved from /opt/anaconda3/envs/airflow/lib/python3.7/site-packages/airflow/example_dags/plugins/workday.py
[2022-02-28 14:34:40,600] {processor.py:171} INFO - Processing /opt/anaconda3/envs/airflow/lib/python3.7/site-packages/airflow/example_dags/plugins/workday.py took 0.027 seconds
[2022-02-28 14:35:20,696] {processor.py:163} INFO - Started process (PID=32513) to work on /opt/anaconda3/envs/airflow/lib/python3.7/site-packages/airflow/example_dags/plugins/workday.py
[2022-02-28 14:35:20,698] {processor.py:642} INFO - Processing file /opt/anaconda3/envs/airflow/lib/python3.7/site-packages/airflow/example_dags/plugins/workday.py for tasks to queue
[2022-02-28 14:35:20,701] {logging_mixin.py:109} INFO - [2022-02-28 14:35:20,700] {dagbag.py:500} INFO - Filling up the DagBag from /opt/anaconda3/envs/airflow/lib/python3.7/site-packages/airflow/example_dags/plugins/workday.py
[2022-02-28 14:35:20,724] {processor.py:656} WARNING - No viable dags retrieved from /opt/anaconda3/envs/airflow/lib/python3.7/site-packages/airflow/example_dags/plugins/workday.py
[2022-02-28 14:35:20,730] {processor.py:171} INFO - Processing /opt/anaconda3/envs/airflow/lib/python3.7/site-packages/airflow/example_dags/plugins/workday.py took 0.042 seconds
[2022-02-28 14:35:54,501] {processor.py:163} INFO - Started process (PID=32545) to work on /opt/anaconda3/envs/airflow/lib/python3.7/site-packages/airflow/example_dags/plugins/workday.py
[2022-02-28 14:35:54,503] {processor.py:642} INFO - Processing file /opt/anaconda3/envs/airflow/lib/python3.7/site-packages/airflow/example_dags/plugins/workday.py for tasks to queue
[2022-02-28 14:35:54,504] {logging_mixin.py:109} INFO - [2022-02-28 14:35:54,504] {dagbag.py:500} INFO - Filling up the DagBag from /opt/anaconda3/envs/airflow/lib/python3.7/site-packages/airflow/example_dags/plugins/workday.py
[2022-02-28 14:35:54,522] {processor.py:656} WARNING - No viable dags retrieved from /opt/anaconda3/envs/airflow/lib/python3.7/site-packages/airflow/example_dags/plugins/workday.py
[2022-02-28 14:35:54,525] {processor.py:171} INFO - Processing /opt/anaconda3/envs/airflow/lib/python3.7/site-packages/airflow/example_dags/plugins/workday.py took 0.029 seconds
[2022-02-28 14:36:28,565] {processor.py:163} INFO - Started process (PID=32586) to work on /opt/anaconda3/envs/airflow/lib/python3.7/site-packages/airflow/example_dags/plugins/workday.py
[2022-02-28 14:36:28,567] {processor.py:642} INFO - Processing file /opt/anaconda3/envs/airflow/lib/python3.7/site-packages/airflow/example_dags/plugins/workday.py for tasks to queue
[2022-02-28 14:36:28,568] {logging_mixin.py:109} INFO - [2022-02-28 14:36:28,568] {dagbag.py:500} INFO - Filling up the DagBag from /opt/anaconda3/envs/airflow/lib/python3.7/site-packages/airflow/example_dags/plugins/workday.py
[2022-02-28 14:36:28,582] {processor.py:656} WARNING - No viable dags retrieved from /opt/anaconda3/envs/airflow/lib/python3.7/site-packages/airflow/example_dags/plugins/workday.py
[2022-02-28 14:36:28,584] {processor.py:171} INFO - Processing /opt/anaconda3/envs/airflow/lib/python3.7/site-packages/airflow/example_dags/plugins/workday.py took 0.024 seconds
[2022-02-28 14:37:05,983] {processor.py:163} INFO - Started process (PID=32624) to work on /opt/anaconda3/envs/airflow/lib/python3.7/site-packages/airflow/example_dags/plugins/workday.py
[2022-02-28 14:37:05,986] {processor.py:642} INFO - Processing file /opt/anaconda3/envs/airflow/lib/python3.7/site-packages/airflow/example_dags/plugins/workday.py for tasks to queue
[2022-02-28 14:37:05,987] {logging_mixin.py:109} INFO - [2022-02-28 14:37:05,987] {dagbag.py:500} INFO - Filling up the DagBag from /opt/anaconda3/envs/airflow/lib/python3.7/site-packages/airflow/example_dags/plugins/workday.py
[2022-02-28 14:37:06,002] {processor.py:656} WARNING - No viable dags retrieved from /opt/anaconda3/envs/airflow/lib/python3.7/site-packages/airflow/example_dags/plugins/workday.py
[2022-02-28 14:37:06,005] {processor.py:171} INFO - Processing /opt/anaconda3/envs/airflow/lib/python3.7/site-packages/airflow/example_dags/plugins/workday.py took 0.026 seconds
[2022-02-28 14:37:45,645] {processor.py:163} INFO - Started process (PID=32660) to work on /opt/anaconda3/envs/airflow/lib/python3.7/site-packages/airflow/example_dags/plugins/workday.py
[2022-02-28 14:37:45,648] {processor.py:642} INFO - Processing file /opt/anaconda3/envs/airflow/lib/python3.7/site-packages/airflow/example_dags/plugins/workday.py for tasks to queue
[2022-02-28 14:37:45,649] {logging_mixin.py:109} INFO - [2022-02-28 14:37:45,649] {dagbag.py:500} INFO - Filling up the DagBag from /opt/anaconda3/envs/airflow/lib/python3.7/site-packages/airflow/example_dags/plugins/workday.py
[2022-02-28 14:37:45,664] {processor.py:656} WARNING - No viable dags retrieved from /opt/anaconda3/envs/airflow/lib/python3.7/site-packages/airflow/example_dags/plugins/workday.py
[2022-02-28 14:37:45,668] {processor.py:171} INFO - Processing /opt/anaconda3/envs/airflow/lib/python3.7/site-packages/airflow/example_dags/plugins/workday.py took 0.027 seconds
[2022-02-28 14:38:19,690] {processor.py:163} INFO - Started process (PID=32693) to work on /opt/anaconda3/envs/airflow/lib/python3.7/site-packages/airflow/example_dags/plugins/workday.py
[2022-02-28 14:38:19,693] {processor.py:642} INFO - Processing file /opt/anaconda3/envs/airflow/lib/python3.7/site-packages/airflow/example_dags/plugins/workday.py for tasks to queue
[2022-02-28 14:38:19,694] {logging_mixin.py:109} INFO - [2022-02-28 14:38:19,694] {dagbag.py:500} INFO - Filling up the DagBag from /opt/anaconda3/envs/airflow/lib/python3.7/site-packages/airflow/example_dags/plugins/workday.py
[2022-02-28 14:38:19,707] {processor.py:656} WARNING - No viable dags retrieved from /opt/anaconda3/envs/airflow/lib/python3.7/site-packages/airflow/example_dags/plugins/workday.py
[2022-02-28 14:38:19,709] {processor.py:171} INFO - Processing /opt/anaconda3/envs/airflow/lib/python3.7/site-packages/airflow/example_dags/plugins/workday.py took 0.024 seconds
[2022-02-28 14:38:56,186] {processor.py:163} INFO - Started process (PID=32728) to work on /opt/anaconda3/envs/airflow/lib/python3.7/site-packages/airflow/example_dags/plugins/workday.py
[2022-02-28 14:38:56,188] {processor.py:642} INFO - Processing file /opt/anaconda3/envs/airflow/lib/python3.7/site-packages/airflow/example_dags/plugins/workday.py for tasks to queue
[2022-02-28 14:38:56,190] {logging_mixin.py:109} INFO - [2022-02-28 14:38:56,189] {dagbag.py:500} INFO - Filling up the DagBag from /opt/anaconda3/envs/airflow/lib/python3.7/site-packages/airflow/example_dags/plugins/workday.py
[2022-02-28 14:38:56,203] {processor.py:656} WARNING - No viable dags retrieved from /opt/anaconda3/envs/airflow/lib/python3.7/site-packages/airflow/example_dags/plugins/workday.py
[2022-02-28 14:38:56,207] {processor.py:171} INFO - Processing /opt/anaconda3/envs/airflow/lib/python3.7/site-packages/airflow/example_dags/plugins/workday.py took 0.025 seconds
[2022-02-28 14:39:37,629] {processor.py:163} INFO - Started process (PID=32778) to work on /opt/anaconda3/envs/airflow/lib/python3.7/site-packages/airflow/example_dags/plugins/workday.py
[2022-02-28 14:39:37,632] {processor.py:642} INFO - Processing file /opt/anaconda3/envs/airflow/lib/python3.7/site-packages/airflow/example_dags/plugins/workday.py for tasks to queue
[2022-02-28 14:39:37,634] {logging_mixin.py:109} INFO - [2022-02-28 14:39:37,633] {dagbag.py:500} INFO - Filling up the DagBag from /opt/anaconda3/envs/airflow/lib/python3.7/site-packages/airflow/example_dags/plugins/workday.py
[2022-02-28 14:39:37,658] {processor.py:656} WARNING - No viable dags retrieved from /opt/anaconda3/envs/airflow/lib/python3.7/site-packages/airflow/example_dags/plugins/workday.py
[2022-02-28 14:39:37,661] {processor.py:171} INFO - Processing /opt/anaconda3/envs/airflow/lib/python3.7/site-packages/airflow/example_dags/plugins/workday.py took 0.038 seconds
[2022-02-28 14:40:16,760] {processor.py:163} INFO - Started process (PID=32818) to work on /opt/anaconda3/envs/airflow/lib/python3.7/site-packages/airflow/example_dags/plugins/workday.py
[2022-02-28 14:40:16,762] {processor.py:642} INFO - Processing file /opt/anaconda3/envs/airflow/lib/python3.7/site-packages/airflow/example_dags/plugins/workday.py for tasks to queue
[2022-02-28 14:40:16,763] {logging_mixin.py:109} INFO - [2022-02-28 14:40:16,763] {dagbag.py:500} INFO - Filling up the DagBag from /opt/anaconda3/envs/airflow/lib/python3.7/site-packages/airflow/example_dags/plugins/workday.py
[2022-02-28 14:40:16,776] {processor.py:656} WARNING - No viable dags retrieved from /opt/anaconda3/envs/airflow/lib/python3.7/site-packages/airflow/example_dags/plugins/workday.py
[2022-02-28 14:40:16,779] {processor.py:171} INFO - Processing /opt/anaconda3/envs/airflow/lib/python3.7/site-packages/airflow/example_dags/plugins/workday.py took 0.024 seconds
[2022-02-28 14:40:49,151] {processor.py:163} INFO - Started process (PID=32849) to work on /opt/anaconda3/envs/airflow/lib/python3.7/site-packages/airflow/example_dags/plugins/workday.py
[2022-02-28 14:40:49,152] {processor.py:642} INFO - Processing file /opt/anaconda3/envs/airflow/lib/python3.7/site-packages/airflow/example_dags/plugins/workday.py for tasks to queue
[2022-02-28 14:40:49,154] {logging_mixin.py:109} INFO - [2022-02-28 14:40:49,153] {dagbag.py:500} INFO - Filling up the DagBag from /opt/anaconda3/envs/airflow/lib/python3.7/site-packages/airflow/example_dags/plugins/workday.py
[2022-02-28 14:40:49,167] {processor.py:656} WARNING - No viable dags retrieved from /opt/anaconda3/envs/airflow/lib/python3.7/site-packages/airflow/example_dags/plugins/workday.py
[2022-02-28 14:40:49,169] {processor.py:171} INFO - Processing /opt/anaconda3/envs/airflow/lib/python3.7/site-packages/airflow/example_dags/plugins/workday.py took 0.023 seconds
[2022-02-28 14:41:24,096] {processor.py:163} INFO - Started process (PID=32881) to work on /opt/anaconda3/envs/airflow/lib/python3.7/site-packages/airflow/example_dags/plugins/workday.py
[2022-02-28 14:41:24,098] {processor.py:642} INFO - Processing file /opt/anaconda3/envs/airflow/lib/python3.7/site-packages/airflow/example_dags/plugins/workday.py for tasks to queue
[2022-02-28 14:41:24,099] {logging_mixin.py:109} INFO - [2022-02-28 14:41:24,099] {dagbag.py:500} INFO - Filling up the DagBag from /opt/anaconda3/envs/airflow/lib/python3.7/site-packages/airflow/example_dags/plugins/workday.py
[2022-02-28 14:41:24,112] {processor.py:656} WARNING - No viable dags retrieved from /opt/anaconda3/envs/airflow/lib/python3.7/site-packages/airflow/example_dags/plugins/workday.py
[2022-02-28 14:41:24,114] {processor.py:171} INFO - Processing /opt/anaconda3/envs/airflow/lib/python3.7/site-packages/airflow/example_dags/plugins/workday.py took 0.022 seconds
[2022-02-28 14:41:58,808] {processor.py:163} INFO - Started process (PID=32917) to work on /opt/anaconda3/envs/airflow/lib/python3.7/site-packages/airflow/example_dags/plugins/workday.py
[2022-02-28 14:41:58,809] {processor.py:642} INFO - Processing file /opt/anaconda3/envs/airflow/lib/python3.7/site-packages/airflow/example_dags/plugins/workday.py for tasks to queue
[2022-02-28 14:41:58,811] {logging_mixin.py:109} INFO - [2022-02-28 14:41:58,810] {dagbag.py:500} INFO - Filling up the DagBag from /opt/anaconda3/envs/airflow/lib/python3.7/site-packages/airflow/example_dags/plugins/workday.py
[2022-02-28 14:41:58,824] {processor.py:656} WARNING - No viable dags retrieved from /opt/anaconda3/envs/airflow/lib/python3.7/site-packages/airflow/example_dags/plugins/workday.py
[2022-02-28 14:41:58,827] {processor.py:171} INFO - Processing /opt/anaconda3/envs/airflow/lib/python3.7/site-packages/airflow/example_dags/plugins/workday.py took 0.023 seconds
[2022-02-28 14:42:43,291] {processor.py:163} INFO - Started process (PID=32972) to work on /opt/anaconda3/envs/airflow/lib/python3.7/site-packages/airflow/example_dags/plugins/workday.py
[2022-02-28 14:42:43,294] {processor.py:642} INFO - Processing file /opt/anaconda3/envs/airflow/lib/python3.7/site-packages/airflow/example_dags/plugins/workday.py for tasks to queue
[2022-02-28 14:42:43,296] {logging_mixin.py:109} INFO - [2022-02-28 14:42:43,295] {dagbag.py:500} INFO - Filling up the DagBag from /opt/anaconda3/envs/airflow/lib/python3.7/site-packages/airflow/example_dags/plugins/workday.py
[2022-02-28 14:42:43,312] {processor.py:656} WARNING - No viable dags retrieved from /opt/anaconda3/envs/airflow/lib/python3.7/site-packages/airflow/example_dags/plugins/workday.py
[2022-02-28 14:42:43,315] {processor.py:171} INFO - Processing /opt/anaconda3/envs/airflow/lib/python3.7/site-packages/airflow/example_dags/plugins/workday.py took 0.030 seconds
[2022-02-28 14:43:19,949] {processor.py:163} INFO - Started process (PID=33006) to work on /opt/anaconda3/envs/airflow/lib/python3.7/site-packages/airflow/example_dags/plugins/workday.py
[2022-02-28 14:43:19,950] {processor.py:642} INFO - Processing file /opt/anaconda3/envs/airflow/lib/python3.7/site-packages/airflow/example_dags/plugins/workday.py for tasks to queue
[2022-02-28 14:43:19,952] {logging_mixin.py:109} INFO - [2022-02-28 14:43:19,952] {dagbag.py:500} INFO - Filling up the DagBag from /opt/anaconda3/envs/airflow/lib/python3.7/site-packages/airflow/example_dags/plugins/workday.py
[2022-02-28 14:43:19,964] {processor.py:656} WARNING - No viable dags retrieved from /opt/anaconda3/envs/airflow/lib/python3.7/site-packages/airflow/example_dags/plugins/workday.py
[2022-02-28 14:43:19,966] {processor.py:171} INFO - Processing /opt/anaconda3/envs/airflow/lib/python3.7/site-packages/airflow/example_dags/plugins/workday.py took 0.021 seconds
[2022-02-28 14:43:59,212] {processor.py:163} INFO - Started process (PID=33047) to work on /opt/anaconda3/envs/airflow/lib/python3.7/site-packages/airflow/example_dags/plugins/workday.py
[2022-02-28 14:43:59,214] {processor.py:642} INFO - Processing file /opt/anaconda3/envs/airflow/lib/python3.7/site-packages/airflow/example_dags/plugins/workday.py for tasks to queue
[2022-02-28 14:43:59,215] {logging_mixin.py:109} INFO - [2022-02-28 14:43:59,214] {dagbag.py:500} INFO - Filling up the DagBag from /opt/anaconda3/envs/airflow/lib/python3.7/site-packages/airflow/example_dags/plugins/workday.py
[2022-02-28 14:43:59,229] {processor.py:656} WARNING - No viable dags retrieved from /opt/anaconda3/envs/airflow/lib/python3.7/site-packages/airflow/example_dags/plugins/workday.py
[2022-02-28 14:43:59,233] {processor.py:171} INFO - Processing /opt/anaconda3/envs/airflow/lib/python3.7/site-packages/airflow/example_dags/plugins/workday.py took 0.024 seconds
[2022-02-28 14:44:43,795] {processor.py:163} INFO - Started process (PID=33102) to work on /opt/anaconda3/envs/airflow/lib/python3.7/site-packages/airflow/example_dags/plugins/workday.py
[2022-02-28 14:44:43,798] {processor.py:642} INFO - Processing file /opt/anaconda3/envs/airflow/lib/python3.7/site-packages/airflow/example_dags/plugins/workday.py for tasks to queue
[2022-02-28 14:44:43,799] {logging_mixin.py:109} INFO - [2022-02-28 14:44:43,799] {dagbag.py:500} INFO - Filling up the DagBag from /opt/anaconda3/envs/airflow/lib/python3.7/site-packages/airflow/example_dags/plugins/workday.py
[2022-02-28 14:44:43,813] {processor.py:656} WARNING - No viable dags retrieved from /opt/anaconda3/envs/airflow/lib/python3.7/site-packages/airflow/example_dags/plugins/workday.py
[2022-02-28 14:44:43,816] {processor.py:171} INFO - Processing /opt/anaconda3/envs/airflow/lib/python3.7/site-packages/airflow/example_dags/plugins/workday.py took 0.025 seconds
[2022-02-28 14:45:24,469] {processor.py:163} INFO - Started process (PID=33163) to work on /opt/anaconda3/envs/airflow/lib/python3.7/site-packages/airflow/example_dags/plugins/workday.py
[2022-02-28 14:45:24,472] {processor.py:642} INFO - Processing file /opt/anaconda3/envs/airflow/lib/python3.7/site-packages/airflow/example_dags/plugins/workday.py for tasks to queue
[2022-02-28 14:45:24,475] {logging_mixin.py:109} INFO - [2022-02-28 14:45:24,474] {dagbag.py:500} INFO - Filling up the DagBag from /opt/anaconda3/envs/airflow/lib/python3.7/site-packages/airflow/example_dags/plugins/workday.py
[2022-02-28 14:45:24,527] {processor.py:656} WARNING - No viable dags retrieved from /opt/anaconda3/envs/airflow/lib/python3.7/site-packages/airflow/example_dags/plugins/workday.py
[2022-02-28 14:45:24,531] {processor.py:171} INFO - Processing /opt/anaconda3/envs/airflow/lib/python3.7/site-packages/airflow/example_dags/plugins/workday.py took 0.070 seconds
[2022-02-28 14:46:01,764] {processor.py:163} INFO - Started process (PID=33213) to work on /opt/anaconda3/envs/airflow/lib/python3.7/site-packages/airflow/example_dags/plugins/workday.py
[2022-02-28 14:46:01,766] {processor.py:642} INFO - Processing file /opt/anaconda3/envs/airflow/lib/python3.7/site-packages/airflow/example_dags/plugins/workday.py for tasks to queue
[2022-02-28 14:46:01,767] {logging_mixin.py:109} INFO - [2022-02-28 14:46:01,767] {dagbag.py:500} INFO - Filling up the DagBag from /opt/anaconda3/envs/airflow/lib/python3.7/site-packages/airflow/example_dags/plugins/workday.py
[2022-02-28 14:46:01,781] {processor.py:656} WARNING - No viable dags retrieved from /opt/anaconda3/envs/airflow/lib/python3.7/site-packages/airflow/example_dags/plugins/workday.py
[2022-02-28 14:46:01,784] {processor.py:171} INFO - Processing /opt/anaconda3/envs/airflow/lib/python3.7/site-packages/airflow/example_dags/plugins/workday.py took 0.025 seconds
[2022-02-28 14:46:33,231] {processor.py:163} INFO - Started process (PID=33245) to work on /opt/anaconda3/envs/airflow/lib/python3.7/site-packages/airflow/example_dags/plugins/workday.py
[2022-02-28 14:46:33,234] {processor.py:642} INFO - Processing file /opt/anaconda3/envs/airflow/lib/python3.7/site-packages/airflow/example_dags/plugins/workday.py for tasks to queue
[2022-02-28 14:46:33,236] {logging_mixin.py:109} INFO - [2022-02-28 14:46:33,235] {dagbag.py:500} INFO - Filling up the DagBag from /opt/anaconda3/envs/airflow/lib/python3.7/site-packages/airflow/example_dags/plugins/workday.py
[2022-02-28 14:46:33,250] {processor.py:656} WARNING - No viable dags retrieved from /opt/anaconda3/envs/airflow/lib/python3.7/site-packages/airflow/example_dags/plugins/workday.py
[2022-02-28 14:46:33,253] {processor.py:171} INFO - Processing /opt/anaconda3/envs/airflow/lib/python3.7/site-packages/airflow/example_dags/plugins/workday.py took 0.026 seconds
[2022-02-28 14:47:14,905] {processor.py:163} INFO - Started process (PID=33283) to work on /opt/anaconda3/envs/airflow/lib/python3.7/site-packages/airflow/example_dags/plugins/workday.py
[2022-02-28 14:47:14,906] {processor.py:642} INFO - Processing file /opt/anaconda3/envs/airflow/lib/python3.7/site-packages/airflow/example_dags/plugins/workday.py for tasks to queue
[2022-02-28 14:47:14,907] {logging_mixin.py:109} INFO - [2022-02-28 14:47:14,907] {dagbag.py:500} INFO - Filling up the DagBag from /opt/anaconda3/envs/airflow/lib/python3.7/site-packages/airflow/example_dags/plugins/workday.py
[2022-02-28 14:47:14,922] {processor.py:656} WARNING - No viable dags retrieved from /opt/anaconda3/envs/airflow/lib/python3.7/site-packages/airflow/example_dags/plugins/workday.py
[2022-02-28 14:47:14,925] {processor.py:171} INFO - Processing /opt/anaconda3/envs/airflow/lib/python3.7/site-packages/airflow/example_dags/plugins/workday.py took 0.025 seconds
[2022-02-28 14:47:50,095] {processor.py:163} INFO - Started process (PID=33319) to work on /opt/anaconda3/envs/airflow/lib/python3.7/site-packages/airflow/example_dags/plugins/workday.py
[2022-02-28 14:47:50,097] {processor.py:642} INFO - Processing file /opt/anaconda3/envs/airflow/lib/python3.7/site-packages/airflow/example_dags/plugins/workday.py for tasks to queue
[2022-02-28 14:47:50,098] {logging_mixin.py:109} INFO - [2022-02-28 14:47:50,098] {dagbag.py:500} INFO - Filling up the DagBag from /opt/anaconda3/envs/airflow/lib/python3.7/site-packages/airflow/example_dags/plugins/workday.py
[2022-02-28 14:47:50,112] {processor.py:656} WARNING - No viable dags retrieved from /opt/anaconda3/envs/airflow/lib/python3.7/site-packages/airflow/example_dags/plugins/workday.py
[2022-02-28 14:47:50,114] {processor.py:171} INFO - Processing /opt/anaconda3/envs/airflow/lib/python3.7/site-packages/airflow/example_dags/plugins/workday.py took 0.023 seconds
[2022-02-28 14:48:21,554] {processor.py:163} INFO - Started process (PID=33349) to work on /opt/anaconda3/envs/airflow/lib/python3.7/site-packages/airflow/example_dags/plugins/workday.py
[2022-02-28 14:48:21,556] {processor.py:642} INFO - Processing file /opt/anaconda3/envs/airflow/lib/python3.7/site-packages/airflow/example_dags/plugins/workday.py for tasks to queue
[2022-02-28 14:48:21,557] {logging_mixin.py:109} INFO - [2022-02-28 14:48:21,557] {dagbag.py:500} INFO - Filling up the DagBag from /opt/anaconda3/envs/airflow/lib/python3.7/site-packages/airflow/example_dags/plugins/workday.py
[2022-02-28 14:48:21,572] {processor.py:656} WARNING - No viable dags retrieved from /opt/anaconda3/envs/airflow/lib/python3.7/site-packages/airflow/example_dags/plugins/workday.py
[2022-02-28 14:48:21,575] {processor.py:171} INFO - Processing /opt/anaconda3/envs/airflow/lib/python3.7/site-packages/airflow/example_dags/plugins/workday.py took 0.026 seconds
[2022-02-28 14:48:55,317] {processor.py:163} INFO - Started process (PID=33382) to work on /opt/anaconda3/envs/airflow/lib/python3.7/site-packages/airflow/example_dags/plugins/workday.py
[2022-02-28 14:48:55,318] {processor.py:642} INFO - Processing file /opt/anaconda3/envs/airflow/lib/python3.7/site-packages/airflow/example_dags/plugins/workday.py for tasks to queue
[2022-02-28 14:48:55,319] {logging_mixin.py:109} INFO - [2022-02-28 14:48:55,319] {dagbag.py:500} INFO - Filling up the DagBag from /opt/anaconda3/envs/airflow/lib/python3.7/site-packages/airflow/example_dags/plugins/workday.py
[2022-02-28 14:48:55,332] {processor.py:656} WARNING - No viable dags retrieved from /opt/anaconda3/envs/airflow/lib/python3.7/site-packages/airflow/example_dags/plugins/workday.py
[2022-02-28 14:48:55,334] {processor.py:171} INFO - Processing /opt/anaconda3/envs/airflow/lib/python3.7/site-packages/airflow/example_dags/plugins/workday.py took 0.022 seconds
[2022-02-28 14:49:27,596] {processor.py:163} INFO - Started process (PID=33412) to work on /opt/anaconda3/envs/airflow/lib/python3.7/site-packages/airflow/example_dags/plugins/workday.py
[2022-02-28 14:49:27,599] {processor.py:642} INFO - Processing file /opt/anaconda3/envs/airflow/lib/python3.7/site-packages/airflow/example_dags/plugins/workday.py for tasks to queue
[2022-02-28 14:49:27,600] {logging_mixin.py:109} INFO - [2022-02-28 14:49:27,600] {dagbag.py:500} INFO - Filling up the DagBag from /opt/anaconda3/envs/airflow/lib/python3.7/site-packages/airflow/example_dags/plugins/workday.py
[2022-02-28 14:49:27,615] {processor.py:656} WARNING - No viable dags retrieved from /opt/anaconda3/envs/airflow/lib/python3.7/site-packages/airflow/example_dags/plugins/workday.py
[2022-02-28 14:49:27,617] {processor.py:171} INFO - Processing /opt/anaconda3/envs/airflow/lib/python3.7/site-packages/airflow/example_dags/plugins/workday.py took 0.025 seconds
[2022-02-28 14:50:06,824] {processor.py:163} INFO - Started process (PID=33451) to work on /opt/anaconda3/envs/airflow/lib/python3.7/site-packages/airflow/example_dags/plugins/workday.py
[2022-02-28 14:50:06,826] {processor.py:642} INFO - Processing file /opt/anaconda3/envs/airflow/lib/python3.7/site-packages/airflow/example_dags/plugins/workday.py for tasks to queue
[2022-02-28 14:50:06,827] {logging_mixin.py:109} INFO - [2022-02-28 14:50:06,827] {dagbag.py:500} INFO - Filling up the DagBag from /opt/anaconda3/envs/airflow/lib/python3.7/site-packages/airflow/example_dags/plugins/workday.py
[2022-02-28 14:50:06,840] {processor.py:656} WARNING - No viable dags retrieved from /opt/anaconda3/envs/airflow/lib/python3.7/site-packages/airflow/example_dags/plugins/workday.py
[2022-02-28 14:50:06,844] {processor.py:171} INFO - Processing /opt/anaconda3/envs/airflow/lib/python3.7/site-packages/airflow/example_dags/plugins/workday.py took 0.024 seconds
[2022-02-28 14:50:51,267] {processor.py:163} INFO - Started process (PID=33519) to work on /opt/anaconda3/envs/airflow/lib/python3.7/site-packages/airflow/example_dags/plugins/workday.py
[2022-02-28 14:50:51,269] {processor.py:642} INFO - Processing file /opt/anaconda3/envs/airflow/lib/python3.7/site-packages/airflow/example_dags/plugins/workday.py for tasks to queue
[2022-02-28 14:50:51,272] {logging_mixin.py:109} INFO - [2022-02-28 14:50:51,271] {dagbag.py:500} INFO - Filling up the DagBag from /opt/anaconda3/envs/airflow/lib/python3.7/site-packages/airflow/example_dags/plugins/workday.py
[2022-02-28 14:50:51,292] {processor.py:656} WARNING - No viable dags retrieved from /opt/anaconda3/envs/airflow/lib/python3.7/site-packages/airflow/example_dags/plugins/workday.py
[2022-02-28 14:50:51,296] {processor.py:171} INFO - Processing /opt/anaconda3/envs/airflow/lib/python3.7/site-packages/airflow/example_dags/plugins/workday.py took 0.036 seconds
[2022-02-28 14:51:33,615] {processor.py:163} INFO - Started process (PID=33575) to work on /opt/anaconda3/envs/airflow/lib/python3.7/site-packages/airflow/example_dags/plugins/workday.py
[2022-02-28 14:51:33,618] {processor.py:642} INFO - Processing file /opt/anaconda3/envs/airflow/lib/python3.7/site-packages/airflow/example_dags/plugins/workday.py for tasks to queue
[2022-02-28 14:51:33,619] {logging_mixin.py:109} INFO - [2022-02-28 14:51:33,619] {dagbag.py:500} INFO - Filling up the DagBag from /opt/anaconda3/envs/airflow/lib/python3.7/site-packages/airflow/example_dags/plugins/workday.py
[2022-02-28 14:51:33,632] {processor.py:656} WARNING - No viable dags retrieved from /opt/anaconda3/envs/airflow/lib/python3.7/site-packages/airflow/example_dags/plugins/workday.py
[2022-02-28 14:51:33,636] {processor.py:171} INFO - Processing /opt/anaconda3/envs/airflow/lib/python3.7/site-packages/airflow/example_dags/plugins/workday.py took 0.025 seconds
[2022-02-28 14:52:12,042] {processor.py:163} INFO - Started process (PID=33610) to work on /opt/anaconda3/envs/airflow/lib/python3.7/site-packages/airflow/example_dags/plugins/workday.py
[2022-02-28 14:52:12,044] {processor.py:642} INFO - Processing file /opt/anaconda3/envs/airflow/lib/python3.7/site-packages/airflow/example_dags/plugins/workday.py for tasks to queue
[2022-02-28 14:52:12,045] {logging_mixin.py:109} INFO - [2022-02-28 14:52:12,044] {dagbag.py:500} INFO - Filling up the DagBag from /opt/anaconda3/envs/airflow/lib/python3.7/site-packages/airflow/example_dags/plugins/workday.py
[2022-02-28 14:52:12,059] {processor.py:656} WARNING - No viable dags retrieved from /opt/anaconda3/envs/airflow/lib/python3.7/site-packages/airflow/example_dags/plugins/workday.py
[2022-02-28 14:52:12,062] {processor.py:171} INFO - Processing /opt/anaconda3/envs/airflow/lib/python3.7/site-packages/airflow/example_dags/plugins/workday.py took 0.024 seconds
[2022-02-28 14:52:49,934] {processor.py:163} INFO - Started process (PID=33648) to work on /opt/anaconda3/envs/airflow/lib/python3.7/site-packages/airflow/example_dags/plugins/workday.py
[2022-02-28 14:52:49,938] {processor.py:642} INFO - Processing file /opt/anaconda3/envs/airflow/lib/python3.7/site-packages/airflow/example_dags/plugins/workday.py for tasks to queue
[2022-02-28 14:52:49,941] {logging_mixin.py:109} INFO - [2022-02-28 14:52:49,940] {dagbag.py:500} INFO - Filling up the DagBag from /opt/anaconda3/envs/airflow/lib/python3.7/site-packages/airflow/example_dags/plugins/workday.py
[2022-02-28 14:52:49,961] {processor.py:656} WARNING - No viable dags retrieved from /opt/anaconda3/envs/airflow/lib/python3.7/site-packages/airflow/example_dags/plugins/workday.py
[2022-02-28 14:52:49,964] {processor.py:171} INFO - Processing /opt/anaconda3/envs/airflow/lib/python3.7/site-packages/airflow/example_dags/plugins/workday.py took 0.034 seconds
[2022-02-28 14:53:32,248] {processor.py:163} INFO - Started process (PID=33713) to work on /opt/anaconda3/envs/airflow/lib/python3.7/site-packages/airflow/example_dags/plugins/workday.py
[2022-02-28 14:53:32,251] {processor.py:642} INFO - Processing file /opt/anaconda3/envs/airflow/lib/python3.7/site-packages/airflow/example_dags/plugins/workday.py for tasks to queue
[2022-02-28 14:53:32,253] {logging_mixin.py:109} INFO - [2022-02-28 14:53:32,253] {dagbag.py:500} INFO - Filling up the DagBag from /opt/anaconda3/envs/airflow/lib/python3.7/site-packages/airflow/example_dags/plugins/workday.py
[2022-02-28 14:53:32,278] {processor.py:656} WARNING - No viable dags retrieved from /opt/anaconda3/envs/airflow/lib/python3.7/site-packages/airflow/example_dags/plugins/workday.py
[2022-02-28 14:53:32,282] {processor.py:171} INFO - Processing /opt/anaconda3/envs/airflow/lib/python3.7/site-packages/airflow/example_dags/plugins/workday.py took 0.039 seconds
[2022-02-28 14:54:08,551] {processor.py:163} INFO - Started process (PID=33796) to work on /opt/anaconda3/envs/airflow/lib/python3.7/site-packages/airflow/example_dags/plugins/workday.py
[2022-02-28 14:54:08,556] {processor.py:642} INFO - Processing file /opt/anaconda3/envs/airflow/lib/python3.7/site-packages/airflow/example_dags/plugins/workday.py for tasks to queue
[2022-02-28 14:54:08,558] {logging_mixin.py:109} INFO - [2022-02-28 14:54:08,558] {dagbag.py:500} INFO - Filling up the DagBag from /opt/anaconda3/envs/airflow/lib/python3.7/site-packages/airflow/example_dags/plugins/workday.py
[2022-02-28 14:54:08,585] {processor.py:656} WARNING - No viable dags retrieved from /opt/anaconda3/envs/airflow/lib/python3.7/site-packages/airflow/example_dags/plugins/workday.py
[2022-02-28 14:54:08,593] {processor.py:171} INFO - Processing /opt/anaconda3/envs/airflow/lib/python3.7/site-packages/airflow/example_dags/plugins/workday.py took 0.052 seconds
[2022-02-28 14:54:31,451] {processor.py:163} INFO - Started process (PID=33871) to work on /opt/anaconda3/envs/airflow/lib/python3.7/site-packages/airflow/example_dags/plugins/workday.py
[2022-02-28 14:54:31,454] {processor.py:642} INFO - Processing file /opt/anaconda3/envs/airflow/lib/python3.7/site-packages/airflow/example_dags/plugins/workday.py for tasks to queue
[2022-02-28 14:54:31,456] {logging_mixin.py:109} INFO - [2022-02-28 14:54:31,456] {dagbag.py:500} INFO - Filling up the DagBag from /opt/anaconda3/envs/airflow/lib/python3.7/site-packages/airflow/example_dags/plugins/workday.py
[2022-02-28 14:54:31,469] {processor.py:656} WARNING - No viable dags retrieved from /opt/anaconda3/envs/airflow/lib/python3.7/site-packages/airflow/example_dags/plugins/workday.py
[2022-02-28 14:54:31,472] {processor.py:171} INFO - Processing /opt/anaconda3/envs/airflow/lib/python3.7/site-packages/airflow/example_dags/plugins/workday.py took 0.025 seconds
[2022-02-28 14:55:08,732] {processor.py:163} INFO - Started process (PID=33939) to work on /opt/anaconda3/envs/airflow/lib/python3.7/site-packages/airflow/example_dags/plugins/workday.py
[2022-02-28 14:55:08,735] {processor.py:642} INFO - Processing file /opt/anaconda3/envs/airflow/lib/python3.7/site-packages/airflow/example_dags/plugins/workday.py for tasks to queue
[2022-02-28 14:55:08,737] {logging_mixin.py:109} INFO - [2022-02-28 14:55:08,736] {dagbag.py:500} INFO - Filling up the DagBag from /opt/anaconda3/envs/airflow/lib/python3.7/site-packages/airflow/example_dags/plugins/workday.py
[2022-02-28 14:55:08,752] {processor.py:656} WARNING - No viable dags retrieved from /opt/anaconda3/envs/airflow/lib/python3.7/site-packages/airflow/example_dags/plugins/workday.py
[2022-02-28 14:55:08,754] {processor.py:171} INFO - Processing /opt/anaconda3/envs/airflow/lib/python3.7/site-packages/airflow/example_dags/plugins/workday.py took 0.026 seconds
[2022-02-28 14:56:22,584] {processor.py:163} INFO - Started process (PID=34064) to work on /opt/anaconda3/envs/airflow/lib/python3.7/site-packages/airflow/example_dags/plugins/workday.py
[2022-02-28 14:56:22,587] {processor.py:642} INFO - Processing file /opt/anaconda3/envs/airflow/lib/python3.7/site-packages/airflow/example_dags/plugins/workday.py for tasks to queue
[2022-02-28 14:56:22,588] {logging_mixin.py:109} INFO - [2022-02-28 14:56:22,588] {dagbag.py:500} INFO - Filling up the DagBag from /opt/anaconda3/envs/airflow/lib/python3.7/site-packages/airflow/example_dags/plugins/workday.py
[2022-02-28 14:56:22,601] {processor.py:656} WARNING - No viable dags retrieved from /opt/anaconda3/envs/airflow/lib/python3.7/site-packages/airflow/example_dags/plugins/workday.py
[2022-02-28 14:56:22,603] {processor.py:171} INFO - Processing /opt/anaconda3/envs/airflow/lib/python3.7/site-packages/airflow/example_dags/plugins/workday.py took 0.022 seconds
[2022-02-28 14:56:56,312] {processor.py:163} INFO - Started process (PID=34146) to work on /opt/anaconda3/envs/airflow/lib/python3.7/site-packages/airflow/example_dags/plugins/workday.py
[2022-02-28 14:56:56,315] {processor.py:642} INFO - Processing file /opt/anaconda3/envs/airflow/lib/python3.7/site-packages/airflow/example_dags/plugins/workday.py for tasks to queue
[2022-02-28 14:56:56,318] {logging_mixin.py:109} INFO - [2022-02-28 14:56:56,317] {dagbag.py:500} INFO - Filling up the DagBag from /opt/anaconda3/envs/airflow/lib/python3.7/site-packages/airflow/example_dags/plugins/workday.py
[2022-02-28 14:56:56,410] {processor.py:656} WARNING - No viable dags retrieved from /opt/anaconda3/envs/airflow/lib/python3.7/site-packages/airflow/example_dags/plugins/workday.py
[2022-02-28 14:56:56,427] {processor.py:171} INFO - Processing /opt/anaconda3/envs/airflow/lib/python3.7/site-packages/airflow/example_dags/plugins/workday.py took 0.120 seconds
[2022-02-28 14:59:46,141] {processor.py:163} INFO - Started process (PID=34501) to work on /opt/anaconda3/envs/airflow/lib/python3.7/site-packages/airflow/example_dags/plugins/workday.py
[2022-02-28 14:59:46,143] {processor.py:642} INFO - Processing file /opt/anaconda3/envs/airflow/lib/python3.7/site-packages/airflow/example_dags/plugins/workday.py for tasks to queue
[2022-02-28 14:59:46,144] {logging_mixin.py:109} INFO - [2022-02-28 14:59:46,144] {dagbag.py:500} INFO - Filling up the DagBag from /opt/anaconda3/envs/airflow/lib/python3.7/site-packages/airflow/example_dags/plugins/workday.py
[2022-02-28 14:59:46,157] {processor.py:656} WARNING - No viable dags retrieved from /opt/anaconda3/envs/airflow/lib/python3.7/site-packages/airflow/example_dags/plugins/workday.py
[2022-02-28 14:59:46,159] {processor.py:171} INFO - Processing /opt/anaconda3/envs/airflow/lib/python3.7/site-packages/airflow/example_dags/plugins/workday.py took 0.022 seconds
[2022-02-28 15:03:10,425] {processor.py:163} INFO - Started process (PID=34712) to work on /opt/anaconda3/envs/airflow/lib/python3.7/site-packages/airflow/example_dags/plugins/workday.py
[2022-02-28 15:03:10,427] {processor.py:642} INFO - Processing file /opt/anaconda3/envs/airflow/lib/python3.7/site-packages/airflow/example_dags/plugins/workday.py for tasks to queue
[2022-02-28 15:03:10,429] {logging_mixin.py:109} INFO - [2022-02-28 15:03:10,428] {dagbag.py:500} INFO - Filling up the DagBag from /opt/anaconda3/envs/airflow/lib/python3.7/site-packages/airflow/example_dags/plugins/workday.py
[2022-02-28 15:03:10,443] {processor.py:656} WARNING - No viable dags retrieved from /opt/anaconda3/envs/airflow/lib/python3.7/site-packages/airflow/example_dags/plugins/workday.py
[2022-02-28 15:03:10,448] {processor.py:171} INFO - Processing /opt/anaconda3/envs/airflow/lib/python3.7/site-packages/airflow/example_dags/plugins/workday.py took 0.029 seconds
[2022-02-28 15:05:49,777] {processor.py:163} INFO - Started process (PID=35022) to work on /opt/anaconda3/envs/airflow/lib/python3.7/site-packages/airflow/example_dags/plugins/workday.py
[2022-02-28 15:05:49,779] {processor.py:642} INFO - Processing file /opt/anaconda3/envs/airflow/lib/python3.7/site-packages/airflow/example_dags/plugins/workday.py for tasks to queue
[2022-02-28 15:05:49,780] {logging_mixin.py:109} INFO - [2022-02-28 15:05:49,780] {dagbag.py:500} INFO - Filling up the DagBag from /opt/anaconda3/envs/airflow/lib/python3.7/site-packages/airflow/example_dags/plugins/workday.py
[2022-02-28 15:05:49,793] {processor.py:656} WARNING - No viable dags retrieved from /opt/anaconda3/envs/airflow/lib/python3.7/site-packages/airflow/example_dags/plugins/workday.py
[2022-02-28 15:05:49,796] {processor.py:171} INFO - Processing /opt/anaconda3/envs/airflow/lib/python3.7/site-packages/airflow/example_dags/plugins/workday.py took 0.023 seconds
[2022-02-28 15:06:22,021] {processor.py:163} INFO - Started process (PID=35063) to work on /opt/anaconda3/envs/airflow/lib/python3.7/site-packages/airflow/example_dags/plugins/workday.py
[2022-02-28 15:06:22,023] {processor.py:642} INFO - Processing file /opt/anaconda3/envs/airflow/lib/python3.7/site-packages/airflow/example_dags/plugins/workday.py for tasks to queue
[2022-02-28 15:06:22,024] {logging_mixin.py:109} INFO - [2022-02-28 15:06:22,024] {dagbag.py:500} INFO - Filling up the DagBag from /opt/anaconda3/envs/airflow/lib/python3.7/site-packages/airflow/example_dags/plugins/workday.py
[2022-02-28 15:06:22,039] {processor.py:656} WARNING - No viable dags retrieved from /opt/anaconda3/envs/airflow/lib/python3.7/site-packages/airflow/example_dags/plugins/workday.py
[2022-02-28 15:06:22,046] {processor.py:171} INFO - Processing /opt/anaconda3/envs/airflow/lib/python3.7/site-packages/airflow/example_dags/plugins/workday.py took 0.029 seconds
[2022-02-28 15:07:25,781] {processor.py:163} INFO - Started process (PID=35218) to work on /opt/anaconda3/envs/airflow/lib/python3.7/site-packages/airflow/example_dags/plugins/workday.py
[2022-02-28 15:07:25,785] {processor.py:642} INFO - Processing file /opt/anaconda3/envs/airflow/lib/python3.7/site-packages/airflow/example_dags/plugins/workday.py for tasks to queue
[2022-02-28 15:07:25,787] {logging_mixin.py:109} INFO - [2022-02-28 15:07:25,786] {dagbag.py:500} INFO - Filling up the DagBag from /opt/anaconda3/envs/airflow/lib/python3.7/site-packages/airflow/example_dags/plugins/workday.py
[2022-02-28 15:07:25,799] {processor.py:656} WARNING - No viable dags retrieved from /opt/anaconda3/envs/airflow/lib/python3.7/site-packages/airflow/example_dags/plugins/workday.py
[2022-02-28 15:07:25,801] {processor.py:171} INFO - Processing /opt/anaconda3/envs/airflow/lib/python3.7/site-packages/airflow/example_dags/plugins/workday.py took 0.024 seconds
[2022-02-28 15:08:37,395] {processor.py:163} INFO - Started process (PID=35361) to work on /opt/anaconda3/envs/airflow/lib/python3.7/site-packages/airflow/example_dags/plugins/workday.py
[2022-02-28 15:08:37,398] {processor.py:642} INFO - Processing file /opt/anaconda3/envs/airflow/lib/python3.7/site-packages/airflow/example_dags/plugins/workday.py for tasks to queue
[2022-02-28 15:08:37,399] {logging_mixin.py:109} INFO - [2022-02-28 15:08:37,399] {dagbag.py:500} INFO - Filling up the DagBag from /opt/anaconda3/envs/airflow/lib/python3.7/site-packages/airflow/example_dags/plugins/workday.py
[2022-02-28 15:08:37,411] {processor.py:656} WARNING - No viable dags retrieved from /opt/anaconda3/envs/airflow/lib/python3.7/site-packages/airflow/example_dags/plugins/workday.py
[2022-02-28 15:08:37,414] {processor.py:171} INFO - Processing /opt/anaconda3/envs/airflow/lib/python3.7/site-packages/airflow/example_dags/plugins/workday.py took 0.023 seconds
[2022-02-28 15:09:04,001] {processor.py:163} INFO - Started process (PID=35433) to work on /opt/anaconda3/envs/airflow/lib/python3.7/site-packages/airflow/example_dags/plugins/workday.py
[2022-02-28 15:09:04,004] {processor.py:642} INFO - Processing file /opt/anaconda3/envs/airflow/lib/python3.7/site-packages/airflow/example_dags/plugins/workday.py for tasks to queue
[2022-02-28 15:09:04,006] {logging_mixin.py:109} INFO - [2022-02-28 15:09:04,005] {dagbag.py:500} INFO - Filling up the DagBag from /opt/anaconda3/envs/airflow/lib/python3.7/site-packages/airflow/example_dags/plugins/workday.py
[2022-02-28 15:09:04,019] {processor.py:656} WARNING - No viable dags retrieved from /opt/anaconda3/envs/airflow/lib/python3.7/site-packages/airflow/example_dags/plugins/workday.py
[2022-02-28 15:09:04,023] {processor.py:171} INFO - Processing /opt/anaconda3/envs/airflow/lib/python3.7/site-packages/airflow/example_dags/plugins/workday.py took 0.026 seconds
[2022-02-28 15:10:25,182] {processor.py:163} INFO - Started process (PID=35613) to work on /opt/anaconda3/envs/airflow/lib/python3.7/site-packages/airflow/example_dags/plugins/workday.py
[2022-02-28 15:10:25,185] {processor.py:642} INFO - Processing file /opt/anaconda3/envs/airflow/lib/python3.7/site-packages/airflow/example_dags/plugins/workday.py for tasks to queue
[2022-02-28 15:10:25,186] {logging_mixin.py:109} INFO - [2022-02-28 15:10:25,185] {dagbag.py:500} INFO - Filling up the DagBag from /opt/anaconda3/envs/airflow/lib/python3.7/site-packages/airflow/example_dags/plugins/workday.py
[2022-02-28 15:10:25,198] {processor.py:656} WARNING - No viable dags retrieved from /opt/anaconda3/envs/airflow/lib/python3.7/site-packages/airflow/example_dags/plugins/workday.py
[2022-02-28 15:10:25,200] {processor.py:171} INFO - Processing /opt/anaconda3/envs/airflow/lib/python3.7/site-packages/airflow/example_dags/plugins/workday.py took 0.021 seconds
[2022-02-28 15:13:44,067] {processor.py:163} INFO - Started process (PID=35763) to work on /opt/anaconda3/envs/airflow/lib/python3.7/site-packages/airflow/example_dags/plugins/workday.py
[2022-02-28 15:13:44,070] {processor.py:642} INFO - Processing file /opt/anaconda3/envs/airflow/lib/python3.7/site-packages/airflow/example_dags/plugins/workday.py for tasks to queue
[2022-02-28 15:13:44,071] {logging_mixin.py:109} INFO - [2022-02-28 15:13:44,071] {dagbag.py:500} INFO - Filling up the DagBag from /opt/anaconda3/envs/airflow/lib/python3.7/site-packages/airflow/example_dags/plugins/workday.py
[2022-02-28 15:13:44,083] {processor.py:656} WARNING - No viable dags retrieved from /opt/anaconda3/envs/airflow/lib/python3.7/site-packages/airflow/example_dags/plugins/workday.py
[2022-02-28 15:13:44,085] {processor.py:171} INFO - Processing /opt/anaconda3/envs/airflow/lib/python3.7/site-packages/airflow/example_dags/plugins/workday.py took 0.022 seconds
[2022-02-28 15:14:04,608] {processor.py:163} INFO - Started process (PID=35827) to work on /opt/anaconda3/envs/airflow/lib/python3.7/site-packages/airflow/example_dags/plugins/workday.py
[2022-02-28 15:14:04,612] {processor.py:642} INFO - Processing file /opt/anaconda3/envs/airflow/lib/python3.7/site-packages/airflow/example_dags/plugins/workday.py for tasks to queue
[2022-02-28 15:14:04,615] {logging_mixin.py:109} INFO - [2022-02-28 15:14:04,614] {dagbag.py:500} INFO - Filling up the DagBag from /opt/anaconda3/envs/airflow/lib/python3.7/site-packages/airflow/example_dags/plugins/workday.py
[2022-02-28 15:14:04,641] {processor.py:656} WARNING - No viable dags retrieved from /opt/anaconda3/envs/airflow/lib/python3.7/site-packages/airflow/example_dags/plugins/workday.py
[2022-02-28 15:14:04,643] {processor.py:171} INFO - Processing /opt/anaconda3/envs/airflow/lib/python3.7/site-packages/airflow/example_dags/plugins/workday.py took 0.050 seconds
[2022-02-28 15:15:32,557] {processor.py:163} INFO - Started process (PID=36004) to work on /opt/anaconda3/envs/airflow/lib/python3.7/site-packages/airflow/example_dags/plugins/workday.py
[2022-02-28 15:15:32,559] {processor.py:642} INFO - Processing file /opt/anaconda3/envs/airflow/lib/python3.7/site-packages/airflow/example_dags/plugins/workday.py for tasks to queue
[2022-02-28 15:15:32,560] {logging_mixin.py:109} INFO - [2022-02-28 15:15:32,560] {dagbag.py:500} INFO - Filling up the DagBag from /opt/anaconda3/envs/airflow/lib/python3.7/site-packages/airflow/example_dags/plugins/workday.py
[2022-02-28 15:15:32,577] {processor.py:656} WARNING - No viable dags retrieved from /opt/anaconda3/envs/airflow/lib/python3.7/site-packages/airflow/example_dags/plugins/workday.py
[2022-02-28 15:15:32,580] {processor.py:171} INFO - Processing /opt/anaconda3/envs/airflow/lib/python3.7/site-packages/airflow/example_dags/plugins/workday.py took 0.028 seconds
[2022-02-28 15:18:15,281] {processor.py:163} INFO - Started process (PID=36209) to work on /opt/anaconda3/envs/airflow/lib/python3.7/site-packages/airflow/example_dags/plugins/workday.py
[2022-02-28 15:18:15,283] {processor.py:642} INFO - Processing file /opt/anaconda3/envs/airflow/lib/python3.7/site-packages/airflow/example_dags/plugins/workday.py for tasks to queue
[2022-02-28 15:18:15,284] {logging_mixin.py:109} INFO - [2022-02-28 15:18:15,284] {dagbag.py:500} INFO - Filling up the DagBag from /opt/anaconda3/envs/airflow/lib/python3.7/site-packages/airflow/example_dags/plugins/workday.py
[2022-02-28 15:18:15,302] {processor.py:656} WARNING - No viable dags retrieved from /opt/anaconda3/envs/airflow/lib/python3.7/site-packages/airflow/example_dags/plugins/workday.py
[2022-02-28 15:18:15,305] {processor.py:171} INFO - Processing /opt/anaconda3/envs/airflow/lib/python3.7/site-packages/airflow/example_dags/plugins/workday.py took 0.029 seconds
[2022-02-28 15:19:36,062] {processor.py:163} INFO - Started process (PID=36336) to work on /opt/anaconda3/envs/airflow/lib/python3.7/site-packages/airflow/example_dags/plugins/workday.py
[2022-02-28 15:19:36,065] {processor.py:642} INFO - Processing file /opt/anaconda3/envs/airflow/lib/python3.7/site-packages/airflow/example_dags/plugins/workday.py for tasks to queue
[2022-02-28 15:19:36,066] {logging_mixin.py:109} INFO - [2022-02-28 15:19:36,066] {dagbag.py:500} INFO - Filling up the DagBag from /opt/anaconda3/envs/airflow/lib/python3.7/site-packages/airflow/example_dags/plugins/workday.py
[2022-02-28 15:19:36,079] {processor.py:656} WARNING - No viable dags retrieved from /opt/anaconda3/envs/airflow/lib/python3.7/site-packages/airflow/example_dags/plugins/workday.py
[2022-02-28 15:19:36,082] {processor.py:171} INFO - Processing /opt/anaconda3/envs/airflow/lib/python3.7/site-packages/airflow/example_dags/plugins/workday.py took 0.023 seconds
[2022-02-28 15:20:11,180] {processor.py:163} INFO - Started process (PID=36426) to work on /opt/anaconda3/envs/airflow/lib/python3.7/site-packages/airflow/example_dags/plugins/workday.py
[2022-02-28 15:20:11,181] {processor.py:642} INFO - Processing file /opt/anaconda3/envs/airflow/lib/python3.7/site-packages/airflow/example_dags/plugins/workday.py for tasks to queue
[2022-02-28 15:20:11,183] {logging_mixin.py:109} INFO - [2022-02-28 15:20:11,182] {dagbag.py:500} INFO - Filling up the DagBag from /opt/anaconda3/envs/airflow/lib/python3.7/site-packages/airflow/example_dags/plugins/workday.py
[2022-02-28 15:20:11,196] {processor.py:656} WARNING - No viable dags retrieved from /opt/anaconda3/envs/airflow/lib/python3.7/site-packages/airflow/example_dags/plugins/workday.py
[2022-02-28 15:20:11,198] {processor.py:171} INFO - Processing /opt/anaconda3/envs/airflow/lib/python3.7/site-packages/airflow/example_dags/plugins/workday.py took 0.022 seconds
[2022-02-28 15:20:47,932] {processor.py:163} INFO - Started process (PID=36509) to work on /opt/anaconda3/envs/airflow/lib/python3.7/site-packages/airflow/example_dags/plugins/workday.py
[2022-02-28 15:20:47,939] {processor.py:642} INFO - Processing file /opt/anaconda3/envs/airflow/lib/python3.7/site-packages/airflow/example_dags/plugins/workday.py for tasks to queue
[2022-02-28 15:20:47,943] {logging_mixin.py:109} INFO - [2022-02-28 15:20:47,940] {dagbag.py:500} INFO - Filling up the DagBag from /opt/anaconda3/envs/airflow/lib/python3.7/site-packages/airflow/example_dags/plugins/workday.py
[2022-02-28 15:20:47,982] {processor.py:656} WARNING - No viable dags retrieved from /opt/anaconda3/envs/airflow/lib/python3.7/site-packages/airflow/example_dags/plugins/workday.py
[2022-02-28 15:20:47,991] {processor.py:171} INFO - Processing /opt/anaconda3/envs/airflow/lib/python3.7/site-packages/airflow/example_dags/plugins/workday.py took 0.068 seconds
[2022-02-28 15:21:24,248] {processor.py:163} INFO - Started process (PID=36544) to work on /opt/anaconda3/envs/airflow/lib/python3.7/site-packages/airflow/example_dags/plugins/workday.py
[2022-02-28 15:21:24,252] {processor.py:642} INFO - Processing file /opt/anaconda3/envs/airflow/lib/python3.7/site-packages/airflow/example_dags/plugins/workday.py for tasks to queue
[2022-02-28 15:21:24,254] {logging_mixin.py:109} INFO - [2022-02-28 15:21:24,253] {dagbag.py:500} INFO - Filling up the DagBag from /opt/anaconda3/envs/airflow/lib/python3.7/site-packages/airflow/example_dags/plugins/workday.py
[2022-02-28 15:21:24,288] {processor.py:656} WARNING - No viable dags retrieved from /opt/anaconda3/envs/airflow/lib/python3.7/site-packages/airflow/example_dags/plugins/workday.py
[2022-02-28 15:21:24,291] {processor.py:171} INFO - Processing /opt/anaconda3/envs/airflow/lib/python3.7/site-packages/airflow/example_dags/plugins/workday.py took 0.049 seconds
[2022-02-28 15:22:03,041] {processor.py:163} INFO - Started process (PID=36581) to work on /opt/anaconda3/envs/airflow/lib/python3.7/site-packages/airflow/example_dags/plugins/workday.py
[2022-02-28 15:22:03,047] {processor.py:642} INFO - Processing file /opt/anaconda3/envs/airflow/lib/python3.7/site-packages/airflow/example_dags/plugins/workday.py for tasks to queue
[2022-02-28 15:22:03,048] {logging_mixin.py:109} INFO - [2022-02-28 15:22:03,047] {dagbag.py:500} INFO - Filling up the DagBag from /opt/anaconda3/envs/airflow/lib/python3.7/site-packages/airflow/example_dags/plugins/workday.py
[2022-02-28 15:22:03,077] {processor.py:656} WARNING - No viable dags retrieved from /opt/anaconda3/envs/airflow/lib/python3.7/site-packages/airflow/example_dags/plugins/workday.py
[2022-02-28 15:22:03,081] {processor.py:171} INFO - Processing /opt/anaconda3/envs/airflow/lib/python3.7/site-packages/airflow/example_dags/plugins/workday.py took 0.050 seconds
[2022-02-28 15:22:43,159] {processor.py:163} INFO - Started process (PID=36618) to work on /opt/anaconda3/envs/airflow/lib/python3.7/site-packages/airflow/example_dags/plugins/workday.py
[2022-02-28 15:22:43,160] {processor.py:642} INFO - Processing file /opt/anaconda3/envs/airflow/lib/python3.7/site-packages/airflow/example_dags/plugins/workday.py for tasks to queue
[2022-02-28 15:22:43,161] {logging_mixin.py:109} INFO - [2022-02-28 15:22:43,161] {dagbag.py:500} INFO - Filling up the DagBag from /opt/anaconda3/envs/airflow/lib/python3.7/site-packages/airflow/example_dags/plugins/workday.py
[2022-02-28 15:22:43,174] {processor.py:656} WARNING - No viable dags retrieved from /opt/anaconda3/envs/airflow/lib/python3.7/site-packages/airflow/example_dags/plugins/workday.py
[2022-02-28 15:22:43,176] {processor.py:171} INFO - Processing /opt/anaconda3/envs/airflow/lib/python3.7/site-packages/airflow/example_dags/plugins/workday.py took 0.022 seconds
