[2022-02-25 17:19:52,227] {taskinstance.py:1037} INFO - Dependencies all met for <TaskInstance: comic_app_v2.yes_generate_notification scheduled__2022-01-09T00:00:00+00:00 [queued]>
[2022-02-25 17:19:52,238] {taskinstance.py:1037} INFO - Dependencies all met for <TaskInstance: comic_app_v2.yes_generate_notification scheduled__2022-01-09T00:00:00+00:00 [queued]>
[2022-02-25 17:19:52,238] {taskinstance.py:1243} INFO - 
--------------------------------------------------------------------------------
[2022-02-25 17:19:52,238] {taskinstance.py:1244} INFO - Starting attempt 1 of 3
[2022-02-25 17:19:52,238] {taskinstance.py:1245} INFO - 
--------------------------------------------------------------------------------
[2022-02-25 17:19:52,251] {taskinstance.py:1264} INFO - Executing <Task(PythonOperator): yes_generate_notification> on 2022-01-09 00:00:00+00:00
[2022-02-25 17:19:52,254] {standard_task_runner.py:52} INFO - Started process 17619 to run task
[2022-02-25 17:19:52,261] {standard_task_runner.py:76} INFO - Running: ['airflow', 'tasks', 'run', 'comic_app_v2', 'yes_generate_notification', 'scheduled__2022-01-09T00:00:00+00:00', '--job-id', '82', '--raw', '--subdir', 'DAGS_FOLDER/comic_app_v2.py', '--cfg-path', '/var/folders/jb/grqrlwkd311flwk_zt30r7wr0000gn/T/tmpzi7vl7ng', '--error-file', '/var/folders/jb/grqrlwkd311flwk_zt30r7wr0000gn/T/tmpjqxxo_8h']
[2022-02-25 17:19:52,264] {standard_task_runner.py:77} INFO - Job 82: Subtask yes_generate_notification
[2022-02-25 17:19:52,343] {logging_mixin.py:109} INFO - Running <TaskInstance: comic_app_v2.yes_generate_notification scheduled__2022-01-09T00:00:00+00:00 [running]> on host 1.0.0.0.0.0.0.0.0.0.0.0.0.0.0.0.0.0.0.0.0.0.0.0.0.0.0.0.0.0.0.0.ip6.arpa
[2022-02-25 17:19:52,405] {taskinstance.py:1431} INFO - Exporting the following env vars:
AIRFLOW_CTX_DAG_OWNER=Adam
AIRFLOW_CTX_DAG_ID=comic_app_v2
AIRFLOW_CTX_TASK_ID=yes_generate_notification
AIRFLOW_CTX_EXECUTION_DATE=2022-01-09T00:00:00+00:00
AIRFLOW_CTX_DAG_RUN_ID=scheduled__2022-01-09T00:00:00+00:00
[2022-02-25 17:19:52,410] {logging_mixin.py:109} INFO - 產生要寄給 Slack 的訊息內容並存成檔案
[2022-02-25 17:19:52,411] {python.py:175} INFO - Done. Returned value was: None
[2022-02-25 17:19:52,419] {taskinstance.py:1282} INFO - Marking task as SUCCESS. dag_id=comic_app_v2, task_id=yes_generate_notification, execution_date=20220109T000000, start_date=20220225T091952, end_date=20220225T091952
[2022-02-25 17:19:52,482] {local_task_job.py:154} INFO - Task exited with return code 0
[2022-02-25 17:19:52,513] {local_task_job.py:264} INFO - 1 downstream tasks scheduled from follow-on schedule check
[2022-02-28 14:58:38,478] {taskinstance.py:1037} INFO - Dependencies all met for <TaskInstance: comic_app_v2.yes_generate_notification scheduled__2022-01-09T00:00:00+00:00 [queued]>
[2022-02-28 14:58:38,490] {taskinstance.py:1037} INFO - Dependencies all met for <TaskInstance: comic_app_v2.yes_generate_notification scheduled__2022-01-09T00:00:00+00:00 [queued]>
[2022-02-28 14:58:38,490] {taskinstance.py:1243} INFO - 
--------------------------------------------------------------------------------
[2022-02-28 14:58:38,490] {taskinstance.py:1244} INFO - Starting attempt 1 of 3
[2022-02-28 14:58:38,490] {taskinstance.py:1245} INFO - 
--------------------------------------------------------------------------------
[2022-02-28 14:58:38,504] {taskinstance.py:1264} INFO - Executing <Task(PythonOperator): yes_generate_notification> on 2022-01-09 00:00:00+00:00
[2022-02-28 14:58:38,506] {standard_task_runner.py:52} INFO - Started process 34358 to run task
[2022-02-28 14:58:38,515] {standard_task_runner.py:76} INFO - Running: ['airflow', 'tasks', 'run', 'comic_app_v2', 'yes_generate_notification', 'scheduled__2022-01-09T00:00:00+00:00', '--job-id', '125', '--raw', '--subdir', 'DAGS_FOLDER/comic_app_v2.py', '--cfg-path', '/var/folders/jb/grqrlwkd311flwk_zt30r7wr0000gn/T/tmp4nc_tny9', '--error-file', '/var/folders/jb/grqrlwkd311flwk_zt30r7wr0000gn/T/tmpdyh_05ku']
[2022-02-28 14:58:38,517] {standard_task_runner.py:77} INFO - Job 125: Subtask yes_generate_notification
[2022-02-28 14:58:38,579] {logging_mixin.py:109} INFO - Running <TaskInstance: comic_app_v2.yes_generate_notification scheduled__2022-01-09T00:00:00+00:00 [running]> on host 1.0.0.0.0.0.0.0.0.0.0.0.0.0.0.0.0.0.0.0.0.0.0.0.0.0.0.0.0.0.0.0.ip6.arpa
[2022-02-28 14:58:38,621] {taskinstance.py:1431} INFO - Exporting the following env vars:
AIRFLOW_CTX_DAG_OWNER=Adam
AIRFLOW_CTX_DAG_ID=comic_app_v2
AIRFLOW_CTX_TASK_ID=yes_generate_notification
AIRFLOW_CTX_EXECUTION_DATE=2022-01-09T00:00:00+00:00
AIRFLOW_CTX_DAG_RUN_ID=scheduled__2022-01-09T00:00:00+00:00
[2022-02-28 14:58:38,626] {logging_mixin.py:109} INFO - 產生要寄給 Slack 的訊息內容並存成檔案
[2022-02-28 14:58:38,627] {python.py:175} INFO - Done. Returned value was: None
[2022-02-28 14:58:38,634] {taskinstance.py:1282} INFO - Marking task as SUCCESS. dag_id=comic_app_v2, task_id=yes_generate_notification, execution_date=20220109T000000, start_date=20220228T065838, end_date=20220228T065838
[2022-02-28 14:58:38,654] {local_task_job.py:154} INFO - Task exited with return code 0
[2022-02-28 14:58:38,684] {local_task_job.py:264} INFO - 1 downstream tasks scheduled from follow-on schedule check
[2022-02-28 15:04:57,634] {taskinstance.py:1037} INFO - Dependencies all met for <TaskInstance: comic_app_v2.yes_generate_notification scheduled__2022-01-09T00:00:00+00:00 [queued]>
[2022-02-28 15:04:57,644] {taskinstance.py:1037} INFO - Dependencies all met for <TaskInstance: comic_app_v2.yes_generate_notification scheduled__2022-01-09T00:00:00+00:00 [queued]>
[2022-02-28 15:04:57,644] {taskinstance.py:1243} INFO - 
--------------------------------------------------------------------------------
[2022-02-28 15:04:57,645] {taskinstance.py:1244} INFO - Starting attempt 1 of 3
[2022-02-28 15:04:57,645] {taskinstance.py:1245} INFO - 
--------------------------------------------------------------------------------
[2022-02-28 15:04:57,654] {taskinstance.py:1264} INFO - Executing <Task(PythonOperator): yes_generate_notification> on 2022-01-09 00:00:00+00:00
[2022-02-28 15:04:57,657] {standard_task_runner.py:52} INFO - Started process 34926 to run task
[2022-02-28 15:04:57,663] {standard_task_runner.py:76} INFO - Running: ['airflow', 'tasks', 'run', 'comic_app_v2', 'yes_generate_notification', 'scheduled__2022-01-09T00:00:00+00:00', '--job-id', '197', '--raw', '--subdir', 'DAGS_FOLDER/comic_app_v2.py', '--cfg-path', '/var/folders/jb/grqrlwkd311flwk_zt30r7wr0000gn/T/tmp6kfjlwmw', '--error-file', '/var/folders/jb/grqrlwkd311flwk_zt30r7wr0000gn/T/tmpf81gqu11']
[2022-02-28 15:04:57,665] {standard_task_runner.py:77} INFO - Job 197: Subtask yes_generate_notification
[2022-02-28 15:04:57,720] {logging_mixin.py:109} INFO - Running <TaskInstance: comic_app_v2.yes_generate_notification scheduled__2022-01-09T00:00:00+00:00 [running]> on host 1.0.0.0.0.0.0.0.0.0.0.0.0.0.0.0.0.0.0.0.0.0.0.0.0.0.0.0.0.0.0.0.ip6.arpa
[2022-02-28 15:04:57,765] {taskinstance.py:1431} INFO - Exporting the following env vars:
AIRFLOW_CTX_DAG_OWNER=Adam
AIRFLOW_CTX_DAG_ID=comic_app_v2
AIRFLOW_CTX_TASK_ID=yes_generate_notification
AIRFLOW_CTX_EXECUTION_DATE=2022-01-09T00:00:00+00:00
AIRFLOW_CTX_DAG_RUN_ID=scheduled__2022-01-09T00:00:00+00:00
[2022-02-28 15:04:57,769] {logging_mixin.py:109} INFO - 產生要寄給 Slack 的訊息內容並存成檔案
[2022-02-28 15:04:57,769] {python.py:175} INFO - Done. Returned value was: None
[2022-02-28 15:04:57,779] {taskinstance.py:1282} INFO - Marking task as SUCCESS. dag_id=comic_app_v2, task_id=yes_generate_notification, execution_date=20220109T000000, start_date=20220228T070457, end_date=20220228T070457
[2022-02-28 15:04:57,802] {local_task_job.py:154} INFO - Task exited with return code 0
[2022-02-28 15:04:57,842] {local_task_job.py:264} INFO - 1 downstream tasks scheduled from follow-on schedule check
