[2022-02-28 14:58:59,537] {taskinstance.py:1037} INFO - Dependencies all met for <TaskInstance: comic_app_v2.get_read_history scheduled__2022-01-14T00:00:00+00:00 [queued]>
[2022-02-28 14:58:59,549] {taskinstance.py:1037} INFO - Dependencies all met for <TaskInstance: comic_app_v2.get_read_history scheduled__2022-01-14T00:00:00+00:00 [queued]>
[2022-02-28 14:58:59,549] {taskinstance.py:1243} INFO - 
--------------------------------------------------------------------------------
[2022-02-28 14:58:59,549] {taskinstance.py:1244} INFO - Starting attempt 1 of 3
[2022-02-28 14:58:59,549] {taskinstance.py:1245} INFO - 
--------------------------------------------------------------------------------
[2022-02-28 14:58:59,559] {taskinstance.py:1264} INFO - Executing <Task(PythonOperator): get_read_history> on 2022-01-14 00:00:00+00:00
[2022-02-28 14:58:59,562] {standard_task_runner.py:52} INFO - Started process 34400 to run task
[2022-02-28 14:58:59,568] {standard_task_runner.py:76} INFO - Running: ['airflow', 'tasks', 'run', 'comic_app_v2', 'get_read_history', 'scheduled__2022-01-14T00:00:00+00:00', '--job-id', '132', '--raw', '--subdir', 'DAGS_FOLDER/comic_app_v2.py', '--cfg-path', '/var/folders/jb/grqrlwkd311flwk_zt30r7wr0000gn/T/tmpca44io6o', '--error-file', '/var/folders/jb/grqrlwkd311flwk_zt30r7wr0000gn/T/tmp7iuwkpwl']
[2022-02-28 14:58:59,570] {standard_task_runner.py:77} INFO - Job 132: Subtask get_read_history
[2022-02-28 14:58:59,618] {logging_mixin.py:109} INFO - Running <TaskInstance: comic_app_v2.get_read_history scheduled__2022-01-14T00:00:00+00:00 [running]> on host 1.0.0.0.0.0.0.0.0.0.0.0.0.0.0.0.0.0.0.0.0.0.0.0.0.0.0.0.0.0.0.0.ip6.arpa
[2022-02-28 14:58:59,660] {taskinstance.py:1431} INFO - Exporting the following env vars:
AIRFLOW_CTX_DAG_OWNER=Adam
AIRFLOW_CTX_DAG_ID=comic_app_v2
AIRFLOW_CTX_TASK_ID=get_read_history
AIRFLOW_CTX_EXECUTION_DATE=2022-01-14T00:00:00+00:00
AIRFLOW_CTX_DAG_RUN_ID=scheduled__2022-01-14T00:00:00+00:00
[2022-02-28 14:58:59,661] {logging_mixin.py:109} INFO - 取得使用者的閱讀紀錄
[2022-02-28 14:58:59,662] {python.py:175} INFO - Done. Returned value was: None
[2022-02-28 14:58:59,669] {taskinstance.py:1282} INFO - Marking task as SUCCESS. dag_id=comic_app_v2, task_id=get_read_history, execution_date=20220114T000000, start_date=20220228T065859, end_date=20220228T065859
[2022-02-28 14:58:59,706] {local_task_job.py:154} INFO - Task exited with return code 0
[2022-02-28 14:58:59,738] {local_task_job.py:264} INFO - 1 downstream tasks scheduled from follow-on schedule check
[2022-02-28 15:05:38,454] {taskinstance.py:1037} INFO - Dependencies all met for <TaskInstance: comic_app_v2.get_read_history scheduled__2022-01-14T00:00:00+00:00 [queued]>
[2022-02-28 15:05:38,462] {taskinstance.py:1037} INFO - Dependencies all met for <TaskInstance: comic_app_v2.get_read_history scheduled__2022-01-14T00:00:00+00:00 [queued]>
[2022-02-28 15:05:38,462] {taskinstance.py:1243} INFO - 
--------------------------------------------------------------------------------
[2022-02-28 15:05:38,463] {taskinstance.py:1244} INFO - Starting attempt 1 of 3
[2022-02-28 15:05:38,463] {taskinstance.py:1245} INFO - 
--------------------------------------------------------------------------------
[2022-02-28 15:05:38,472] {taskinstance.py:1264} INFO - Executing <Task(PythonOperator): get_read_history> on 2022-01-14 00:00:00+00:00
[2022-02-28 15:05:38,475] {standard_task_runner.py:52} INFO - Started process 35003 to run task
[2022-02-28 15:05:38,481] {standard_task_runner.py:76} INFO - Running: ['airflow', 'tasks', 'run', 'comic_app_v2', 'get_read_history', 'scheduled__2022-01-14T00:00:00+00:00', '--job-id', '212', '--raw', '--subdir', 'DAGS_FOLDER/comic_app_v2.py', '--cfg-path', '/var/folders/jb/grqrlwkd311flwk_zt30r7wr0000gn/T/tmpwnzq01re', '--error-file', '/var/folders/jb/grqrlwkd311flwk_zt30r7wr0000gn/T/tmp5el48b7r']
[2022-02-28 15:05:38,484] {standard_task_runner.py:77} INFO - Job 212: Subtask get_read_history
[2022-02-28 15:05:38,532] {logging_mixin.py:109} INFO - Running <TaskInstance: comic_app_v2.get_read_history scheduled__2022-01-14T00:00:00+00:00 [running]> on host 1.0.0.0.0.0.0.0.0.0.0.0.0.0.0.0.0.0.0.0.0.0.0.0.0.0.0.0.0.0.0.0.ip6.arpa
[2022-02-28 15:05:38,571] {taskinstance.py:1431} INFO - Exporting the following env vars:
AIRFLOW_CTX_DAG_OWNER=Adam
AIRFLOW_CTX_DAG_ID=comic_app_v2
AIRFLOW_CTX_TASK_ID=get_read_history
AIRFLOW_CTX_EXECUTION_DATE=2022-01-14T00:00:00+00:00
AIRFLOW_CTX_DAG_RUN_ID=scheduled__2022-01-14T00:00:00+00:00
[2022-02-28 15:05:38,572] {logging_mixin.py:109} INFO - 取得使用者的閱讀紀錄
[2022-02-28 15:05:38,572] {python.py:175} INFO - Done. Returned value was: None
[2022-02-28 15:05:38,579] {taskinstance.py:1282} INFO - Marking task as SUCCESS. dag_id=comic_app_v2, task_id=get_read_history, execution_date=20220114T000000, start_date=20220228T070538, end_date=20220228T070538
[2022-02-28 15:05:38,627] {local_task_job.py:154} INFO - Task exited with return code 0
[2022-02-28 15:05:38,660] {local_task_job.py:264} INFO - 1 downstream tasks scheduled from follow-on schedule check
