[2022-02-25 16:54:03,490] {processor.py:163} INFO - Started process (PID=15510) to work on /opt/anaconda3/envs/airflow/lib/python3.7/site-packages/airflow/example_dags/plugins/workday.py
[2022-02-25 16:54:03,493] {processor.py:642} INFO - Processing file /opt/anaconda3/envs/airflow/lib/python3.7/site-packages/airflow/example_dags/plugins/workday.py for tasks to queue
[2022-02-25 16:54:03,495] {logging_mixin.py:109} INFO - [2022-02-25 16:54:03,494] {dagbag.py:500} INFO - Filling up the DagBag from /opt/anaconda3/envs/airflow/lib/python3.7/site-packages/airflow/example_dags/plugins/workday.py
[2022-02-25 16:54:03,517] {processor.py:656} WARNING - No viable dags retrieved from /opt/anaconda3/envs/airflow/lib/python3.7/site-packages/airflow/example_dags/plugins/workday.py
[2022-02-25 16:54:03,521] {processor.py:171} INFO - Processing /opt/anaconda3/envs/airflow/lib/python3.7/site-packages/airflow/example_dags/plugins/workday.py took 0.038 seconds
[2022-02-25 16:54:39,692] {processor.py:163} INFO - Started process (PID=15558) to work on /opt/anaconda3/envs/airflow/lib/python3.7/site-packages/airflow/example_dags/plugins/workday.py
[2022-02-25 16:54:39,695] {processor.py:642} INFO - Processing file /opt/anaconda3/envs/airflow/lib/python3.7/site-packages/airflow/example_dags/plugins/workday.py for tasks to queue
[2022-02-25 16:54:39,696] {logging_mixin.py:109} INFO - [2022-02-25 16:54:39,696] {dagbag.py:500} INFO - Filling up the DagBag from /opt/anaconda3/envs/airflow/lib/python3.7/site-packages/airflow/example_dags/plugins/workday.py
[2022-02-25 16:54:39,710] {processor.py:656} WARNING - No viable dags retrieved from /opt/anaconda3/envs/airflow/lib/python3.7/site-packages/airflow/example_dags/plugins/workday.py
[2022-02-25 16:54:39,713] {processor.py:171} INFO - Processing /opt/anaconda3/envs/airflow/lib/python3.7/site-packages/airflow/example_dags/plugins/workday.py took 0.024 seconds
[2022-02-25 16:55:17,818] {processor.py:163} INFO - Started process (PID=15597) to work on /opt/anaconda3/envs/airflow/lib/python3.7/site-packages/airflow/example_dags/plugins/workday.py
[2022-02-25 16:55:17,821] {processor.py:642} INFO - Processing file /opt/anaconda3/envs/airflow/lib/python3.7/site-packages/airflow/example_dags/plugins/workday.py for tasks to queue
[2022-02-25 16:55:17,822] {logging_mixin.py:109} INFO - [2022-02-25 16:55:17,822] {dagbag.py:500} INFO - Filling up the DagBag from /opt/anaconda3/envs/airflow/lib/python3.7/site-packages/airflow/example_dags/plugins/workday.py
[2022-02-25 16:55:17,843] {processor.py:656} WARNING - No viable dags retrieved from /opt/anaconda3/envs/airflow/lib/python3.7/site-packages/airflow/example_dags/plugins/workday.py
[2022-02-25 16:55:17,853] {processor.py:171} INFO - Processing /opt/anaconda3/envs/airflow/lib/python3.7/site-packages/airflow/example_dags/plugins/workday.py took 0.042 seconds
[2022-02-25 16:55:55,297] {processor.py:163} INFO - Started process (PID=15633) to work on /opt/anaconda3/envs/airflow/lib/python3.7/site-packages/airflow/example_dags/plugins/workday.py
[2022-02-25 16:55:55,301] {processor.py:642} INFO - Processing file /opt/anaconda3/envs/airflow/lib/python3.7/site-packages/airflow/example_dags/plugins/workday.py for tasks to queue
[2022-02-25 16:55:55,302] {logging_mixin.py:109} INFO - [2022-02-25 16:55:55,302] {dagbag.py:500} INFO - Filling up the DagBag from /opt/anaconda3/envs/airflow/lib/python3.7/site-packages/airflow/example_dags/plugins/workday.py
[2022-02-25 16:55:55,317] {processor.py:656} WARNING - No viable dags retrieved from /opt/anaconda3/envs/airflow/lib/python3.7/site-packages/airflow/example_dags/plugins/workday.py
[2022-02-25 16:55:55,320] {processor.py:171} INFO - Processing /opt/anaconda3/envs/airflow/lib/python3.7/site-packages/airflow/example_dags/plugins/workday.py took 0.028 seconds
[2022-02-25 16:56:33,309] {processor.py:163} INFO - Started process (PID=15701) to work on /opt/anaconda3/envs/airflow/lib/python3.7/site-packages/airflow/example_dags/plugins/workday.py
[2022-02-25 16:56:33,312] {processor.py:642} INFO - Processing file /opt/anaconda3/envs/airflow/lib/python3.7/site-packages/airflow/example_dags/plugins/workday.py for tasks to queue
[2022-02-25 16:56:33,313] {logging_mixin.py:109} INFO - [2022-02-25 16:56:33,313] {dagbag.py:500} INFO - Filling up the DagBag from /opt/anaconda3/envs/airflow/lib/python3.7/site-packages/airflow/example_dags/plugins/workday.py
[2022-02-25 16:56:33,327] {processor.py:656} WARNING - No viable dags retrieved from /opt/anaconda3/envs/airflow/lib/python3.7/site-packages/airflow/example_dags/plugins/workday.py
[2022-02-25 16:56:33,329] {processor.py:171} INFO - Processing /opt/anaconda3/envs/airflow/lib/python3.7/site-packages/airflow/example_dags/plugins/workday.py took 0.023 seconds
[2022-02-25 16:58:12,825] {processor.py:163} INFO - Started process (PID=15846) to work on /opt/anaconda3/envs/airflow/lib/python3.7/site-packages/airflow/example_dags/plugins/workday.py
[2022-02-25 16:58:12,827] {processor.py:642} INFO - Processing file /opt/anaconda3/envs/airflow/lib/python3.7/site-packages/airflow/example_dags/plugins/workday.py for tasks to queue
[2022-02-25 16:58:12,831] {logging_mixin.py:109} INFO - [2022-02-25 16:58:12,830] {dagbag.py:500} INFO - Filling up the DagBag from /opt/anaconda3/envs/airflow/lib/python3.7/site-packages/airflow/example_dags/plugins/workday.py
[2022-02-25 16:58:12,853] {processor.py:656} WARNING - No viable dags retrieved from /opt/anaconda3/envs/airflow/lib/python3.7/site-packages/airflow/example_dags/plugins/workday.py
[2022-02-25 16:58:12,857] {processor.py:171} INFO - Processing /opt/anaconda3/envs/airflow/lib/python3.7/site-packages/airflow/example_dags/plugins/workday.py took 0.036 seconds
[2022-02-25 16:58:47,725] {processor.py:163} INFO - Started process (PID=15944) to work on /opt/anaconda3/envs/airflow/lib/python3.7/site-packages/airflow/example_dags/plugins/workday.py
[2022-02-25 16:58:47,728] {processor.py:642} INFO - Processing file /opt/anaconda3/envs/airflow/lib/python3.7/site-packages/airflow/example_dags/plugins/workday.py for tasks to queue
[2022-02-25 16:58:47,729] {logging_mixin.py:109} INFO - [2022-02-25 16:58:47,729] {dagbag.py:500} INFO - Filling up the DagBag from /opt/anaconda3/envs/airflow/lib/python3.7/site-packages/airflow/example_dags/plugins/workday.py
[2022-02-25 16:58:47,745] {processor.py:656} WARNING - No viable dags retrieved from /opt/anaconda3/envs/airflow/lib/python3.7/site-packages/airflow/example_dags/plugins/workday.py
[2022-02-25 16:58:47,749] {processor.py:171} INFO - Processing /opt/anaconda3/envs/airflow/lib/python3.7/site-packages/airflow/example_dags/plugins/workday.py took 0.030 seconds
[2022-02-25 16:59:26,214] {processor.py:163} INFO - Started process (PID=15977) to work on /opt/anaconda3/envs/airflow/lib/python3.7/site-packages/airflow/example_dags/plugins/workday.py
[2022-02-25 16:59:26,215] {processor.py:642} INFO - Processing file /opt/anaconda3/envs/airflow/lib/python3.7/site-packages/airflow/example_dags/plugins/workday.py for tasks to queue
[2022-02-25 16:59:26,217] {logging_mixin.py:109} INFO - [2022-02-25 16:59:26,216] {dagbag.py:500} INFO - Filling up the DagBag from /opt/anaconda3/envs/airflow/lib/python3.7/site-packages/airflow/example_dags/plugins/workday.py
[2022-02-25 16:59:26,231] {processor.py:656} WARNING - No viable dags retrieved from /opt/anaconda3/envs/airflow/lib/python3.7/site-packages/airflow/example_dags/plugins/workday.py
[2022-02-25 16:59:26,234] {processor.py:171} INFO - Processing /opt/anaconda3/envs/airflow/lib/python3.7/site-packages/airflow/example_dags/plugins/workday.py took 0.024 seconds
[2022-02-25 17:00:04,269] {processor.py:163} INFO - Started process (PID=16039) to work on /opt/anaconda3/envs/airflow/lib/python3.7/site-packages/airflow/example_dags/plugins/workday.py
[2022-02-25 17:00:04,271] {processor.py:642} INFO - Processing file /opt/anaconda3/envs/airflow/lib/python3.7/site-packages/airflow/example_dags/plugins/workday.py for tasks to queue
[2022-02-25 17:00:04,272] {logging_mixin.py:109} INFO - [2022-02-25 17:00:04,272] {dagbag.py:500} INFO - Filling up the DagBag from /opt/anaconda3/envs/airflow/lib/python3.7/site-packages/airflow/example_dags/plugins/workday.py
[2022-02-25 17:00:04,289] {processor.py:656} WARNING - No viable dags retrieved from /opt/anaconda3/envs/airflow/lib/python3.7/site-packages/airflow/example_dags/plugins/workday.py
[2022-02-25 17:00:04,291] {processor.py:171} INFO - Processing /opt/anaconda3/envs/airflow/lib/python3.7/site-packages/airflow/example_dags/plugins/workday.py took 0.028 seconds
[2022-02-25 17:00:23,982] {processor.py:163} INFO - Started process (PID=16083) to work on /opt/anaconda3/envs/airflow/lib/python3.7/site-packages/airflow/example_dags/plugins/workday.py
[2022-02-25 17:00:23,985] {processor.py:642} INFO - Processing file /opt/anaconda3/envs/airflow/lib/python3.7/site-packages/airflow/example_dags/plugins/workday.py for tasks to queue
[2022-02-25 17:00:23,989] {logging_mixin.py:109} INFO - [2022-02-25 17:00:23,988] {dagbag.py:500} INFO - Filling up the DagBag from /opt/anaconda3/envs/airflow/lib/python3.7/site-packages/airflow/example_dags/plugins/workday.py
[2022-02-25 17:00:24,023] {processor.py:656} WARNING - No viable dags retrieved from /opt/anaconda3/envs/airflow/lib/python3.7/site-packages/airflow/example_dags/plugins/workday.py
[2022-02-25 17:00:24,028] {processor.py:171} INFO - Processing /opt/anaconda3/envs/airflow/lib/python3.7/site-packages/airflow/example_dags/plugins/workday.py took 0.051 seconds
[2022-02-25 17:01:01,221] {processor.py:163} INFO - Started process (PID=16134) to work on /opt/anaconda3/envs/airflow/lib/python3.7/site-packages/airflow/example_dags/plugins/workday.py
[2022-02-25 17:01:01,225] {processor.py:642} INFO - Processing file /opt/anaconda3/envs/airflow/lib/python3.7/site-packages/airflow/example_dags/plugins/workday.py for tasks to queue
[2022-02-25 17:01:01,228] {logging_mixin.py:109} INFO - [2022-02-25 17:01:01,227] {dagbag.py:500} INFO - Filling up the DagBag from /opt/anaconda3/envs/airflow/lib/python3.7/site-packages/airflow/example_dags/plugins/workday.py
[2022-02-25 17:01:01,257] {processor.py:656} WARNING - No viable dags retrieved from /opt/anaconda3/envs/airflow/lib/python3.7/site-packages/airflow/example_dags/plugins/workday.py
[2022-02-25 17:01:01,261] {processor.py:171} INFO - Processing /opt/anaconda3/envs/airflow/lib/python3.7/site-packages/airflow/example_dags/plugins/workday.py took 0.047 seconds
[2022-02-25 17:01:15,744] {processor.py:163} INFO - Started process (PID=16157) to work on /opt/anaconda3/envs/airflow/lib/python3.7/site-packages/airflow/example_dags/plugins/workday.py
[2022-02-25 17:01:15,747] {processor.py:642} INFO - Processing file /opt/anaconda3/envs/airflow/lib/python3.7/site-packages/airflow/example_dags/plugins/workday.py for tasks to queue
[2022-02-25 17:01:15,748] {logging_mixin.py:109} INFO - [2022-02-25 17:01:15,748] {dagbag.py:500} INFO - Filling up the DagBag from /opt/anaconda3/envs/airflow/lib/python3.7/site-packages/airflow/example_dags/plugins/workday.py
[2022-02-25 17:01:15,760] {processor.py:656} WARNING - No viable dags retrieved from /opt/anaconda3/envs/airflow/lib/python3.7/site-packages/airflow/example_dags/plugins/workday.py
[2022-02-25 17:01:15,762] {processor.py:171} INFO - Processing /opt/anaconda3/envs/airflow/lib/python3.7/site-packages/airflow/example_dags/plugins/workday.py took 0.023 seconds
[2022-02-25 17:01:53,960] {processor.py:163} INFO - Started process (PID=16230) to work on /opt/anaconda3/envs/airflow/lib/python3.7/site-packages/airflow/example_dags/plugins/workday.py
[2022-02-25 17:01:53,963] {processor.py:642} INFO - Processing file /opt/anaconda3/envs/airflow/lib/python3.7/site-packages/airflow/example_dags/plugins/workday.py for tasks to queue
[2022-02-25 17:01:53,965] {logging_mixin.py:109} INFO - [2022-02-25 17:01:53,964] {dagbag.py:500} INFO - Filling up the DagBag from /opt/anaconda3/envs/airflow/lib/python3.7/site-packages/airflow/example_dags/plugins/workday.py
[2022-02-25 17:01:53,980] {processor.py:656} WARNING - No viable dags retrieved from /opt/anaconda3/envs/airflow/lib/python3.7/site-packages/airflow/example_dags/plugins/workday.py
[2022-02-25 17:01:53,983] {processor.py:171} INFO - Processing /opt/anaconda3/envs/airflow/lib/python3.7/site-packages/airflow/example_dags/plugins/workday.py took 0.027 seconds
[2022-02-25 17:02:33,724] {processor.py:163} INFO - Started process (PID=16267) to work on /opt/anaconda3/envs/airflow/lib/python3.7/site-packages/airflow/example_dags/plugins/workday.py
[2022-02-25 17:02:33,726] {processor.py:642} INFO - Processing file /opt/anaconda3/envs/airflow/lib/python3.7/site-packages/airflow/example_dags/plugins/workday.py for tasks to queue
[2022-02-25 17:02:33,728] {logging_mixin.py:109} INFO - [2022-02-25 17:02:33,727] {dagbag.py:500} INFO - Filling up the DagBag from /opt/anaconda3/envs/airflow/lib/python3.7/site-packages/airflow/example_dags/plugins/workday.py
[2022-02-25 17:02:33,757] {processor.py:656} WARNING - No viable dags retrieved from /opt/anaconda3/envs/airflow/lib/python3.7/site-packages/airflow/example_dags/plugins/workday.py
[2022-02-25 17:02:33,760] {processor.py:171} INFO - Processing /opt/anaconda3/envs/airflow/lib/python3.7/site-packages/airflow/example_dags/plugins/workday.py took 0.046 seconds
[2022-02-25 17:03:11,006] {processor.py:163} INFO - Started process (PID=16318) to work on /opt/anaconda3/envs/airflow/lib/python3.7/site-packages/airflow/example_dags/plugins/workday.py
[2022-02-25 17:03:11,008] {processor.py:642} INFO - Processing file /opt/anaconda3/envs/airflow/lib/python3.7/site-packages/airflow/example_dags/plugins/workday.py for tasks to queue
[2022-02-25 17:03:11,009] {logging_mixin.py:109} INFO - [2022-02-25 17:03:11,009] {dagbag.py:500} INFO - Filling up the DagBag from /opt/anaconda3/envs/airflow/lib/python3.7/site-packages/airflow/example_dags/plugins/workday.py
[2022-02-25 17:03:11,024] {processor.py:656} WARNING - No viable dags retrieved from /opt/anaconda3/envs/airflow/lib/python3.7/site-packages/airflow/example_dags/plugins/workday.py
[2022-02-25 17:03:11,026] {processor.py:171} INFO - Processing /opt/anaconda3/envs/airflow/lib/python3.7/site-packages/airflow/example_dags/plugins/workday.py took 0.024 seconds
[2022-02-25 17:03:45,948] {processor.py:163} INFO - Started process (PID=16353) to work on /opt/anaconda3/envs/airflow/lib/python3.7/site-packages/airflow/example_dags/plugins/workday.py
[2022-02-25 17:03:45,949] {processor.py:642} INFO - Processing file /opt/anaconda3/envs/airflow/lib/python3.7/site-packages/airflow/example_dags/plugins/workday.py for tasks to queue
[2022-02-25 17:03:45,951] {logging_mixin.py:109} INFO - [2022-02-25 17:03:45,950] {dagbag.py:500} INFO - Filling up the DagBag from /opt/anaconda3/envs/airflow/lib/python3.7/site-packages/airflow/example_dags/plugins/workday.py
[2022-02-25 17:03:45,963] {processor.py:656} WARNING - No viable dags retrieved from /opt/anaconda3/envs/airflow/lib/python3.7/site-packages/airflow/example_dags/plugins/workday.py
[2022-02-25 17:03:45,965] {processor.py:171} INFO - Processing /opt/anaconda3/envs/airflow/lib/python3.7/site-packages/airflow/example_dags/plugins/workday.py took 0.022 seconds
[2022-02-25 17:04:22,425] {processor.py:163} INFO - Started process (PID=16392) to work on /opt/anaconda3/envs/airflow/lib/python3.7/site-packages/airflow/example_dags/plugins/workday.py
[2022-02-25 17:04:22,429] {processor.py:642} INFO - Processing file /opt/anaconda3/envs/airflow/lib/python3.7/site-packages/airflow/example_dags/plugins/workday.py for tasks to queue
[2022-02-25 17:04:22,432] {logging_mixin.py:109} INFO - [2022-02-25 17:04:22,431] {dagbag.py:500} INFO - Filling up the DagBag from /opt/anaconda3/envs/airflow/lib/python3.7/site-packages/airflow/example_dags/plugins/workday.py
[2022-02-25 17:04:22,453] {processor.py:656} WARNING - No viable dags retrieved from /opt/anaconda3/envs/airflow/lib/python3.7/site-packages/airflow/example_dags/plugins/workday.py
[2022-02-25 17:04:22,456] {processor.py:171} INFO - Processing /opt/anaconda3/envs/airflow/lib/python3.7/site-packages/airflow/example_dags/plugins/workday.py took 0.037 seconds
[2022-02-25 17:05:04,019] {processor.py:163} INFO - Started process (PID=16431) to work on /opt/anaconda3/envs/airflow/lib/python3.7/site-packages/airflow/example_dags/plugins/workday.py
[2022-02-25 17:05:04,024] {processor.py:642} INFO - Processing file /opt/anaconda3/envs/airflow/lib/python3.7/site-packages/airflow/example_dags/plugins/workday.py for tasks to queue
[2022-02-25 17:05:04,026] {logging_mixin.py:109} INFO - [2022-02-25 17:05:04,026] {dagbag.py:500} INFO - Filling up the DagBag from /opt/anaconda3/envs/airflow/lib/python3.7/site-packages/airflow/example_dags/plugins/workday.py
[2022-02-25 17:05:04,041] {processor.py:656} WARNING - No viable dags retrieved from /opt/anaconda3/envs/airflow/lib/python3.7/site-packages/airflow/example_dags/plugins/workday.py
[2022-02-25 17:05:04,044] {processor.py:171} INFO - Processing /opt/anaconda3/envs/airflow/lib/python3.7/site-packages/airflow/example_dags/plugins/workday.py took 0.031 seconds
[2022-02-25 17:05:43,869] {processor.py:163} INFO - Started process (PID=16467) to work on /opt/anaconda3/envs/airflow/lib/python3.7/site-packages/airflow/example_dags/plugins/workday.py
[2022-02-25 17:05:43,872] {processor.py:642} INFO - Processing file /opt/anaconda3/envs/airflow/lib/python3.7/site-packages/airflow/example_dags/plugins/workday.py for tasks to queue
[2022-02-25 17:05:43,873] {logging_mixin.py:109} INFO - [2022-02-25 17:05:43,873] {dagbag.py:500} INFO - Filling up the DagBag from /opt/anaconda3/envs/airflow/lib/python3.7/site-packages/airflow/example_dags/plugins/workday.py
[2022-02-25 17:05:43,892] {processor.py:656} WARNING - No viable dags retrieved from /opt/anaconda3/envs/airflow/lib/python3.7/site-packages/airflow/example_dags/plugins/workday.py
[2022-02-25 17:05:43,895] {processor.py:171} INFO - Processing /opt/anaconda3/envs/airflow/lib/python3.7/site-packages/airflow/example_dags/plugins/workday.py took 0.031 seconds
[2022-02-25 17:06:21,292] {processor.py:163} INFO - Started process (PID=16502) to work on /opt/anaconda3/envs/airflow/lib/python3.7/site-packages/airflow/example_dags/plugins/workday.py
[2022-02-25 17:06:21,296] {processor.py:642} INFO - Processing file /opt/anaconda3/envs/airflow/lib/python3.7/site-packages/airflow/example_dags/plugins/workday.py for tasks to queue
[2022-02-25 17:06:21,300] {logging_mixin.py:109} INFO - [2022-02-25 17:06:21,299] {dagbag.py:500} INFO - Filling up the DagBag from /opt/anaconda3/envs/airflow/lib/python3.7/site-packages/airflow/example_dags/plugins/workday.py
[2022-02-25 17:06:21,321] {processor.py:656} WARNING - No viable dags retrieved from /opt/anaconda3/envs/airflow/lib/python3.7/site-packages/airflow/example_dags/plugins/workday.py
[2022-02-25 17:06:21,325] {processor.py:171} INFO - Processing /opt/anaconda3/envs/airflow/lib/python3.7/site-packages/airflow/example_dags/plugins/workday.py took 0.043 seconds
[2022-02-25 17:06:57,953] {processor.py:163} INFO - Started process (PID=16536) to work on /opt/anaconda3/envs/airflow/lib/python3.7/site-packages/airflow/example_dags/plugins/workday.py
[2022-02-25 17:06:57,956] {processor.py:642} INFO - Processing file /opt/anaconda3/envs/airflow/lib/python3.7/site-packages/airflow/example_dags/plugins/workday.py for tasks to queue
[2022-02-25 17:06:57,958] {logging_mixin.py:109} INFO - [2022-02-25 17:06:57,957] {dagbag.py:500} INFO - Filling up the DagBag from /opt/anaconda3/envs/airflow/lib/python3.7/site-packages/airflow/example_dags/plugins/workday.py
[2022-02-25 17:06:57,971] {processor.py:656} WARNING - No viable dags retrieved from /opt/anaconda3/envs/airflow/lib/python3.7/site-packages/airflow/example_dags/plugins/workday.py
[2022-02-25 17:06:57,974] {processor.py:171} INFO - Processing /opt/anaconda3/envs/airflow/lib/python3.7/site-packages/airflow/example_dags/plugins/workday.py took 0.025 seconds
[2022-02-25 17:07:35,539] {processor.py:163} INFO - Started process (PID=16577) to work on /opt/anaconda3/envs/airflow/lib/python3.7/site-packages/airflow/example_dags/plugins/workday.py
[2022-02-25 17:07:35,541] {processor.py:642} INFO - Processing file /opt/anaconda3/envs/airflow/lib/python3.7/site-packages/airflow/example_dags/plugins/workday.py for tasks to queue
[2022-02-25 17:07:35,543] {logging_mixin.py:109} INFO - [2022-02-25 17:07:35,542] {dagbag.py:500} INFO - Filling up the DagBag from /opt/anaconda3/envs/airflow/lib/python3.7/site-packages/airflow/example_dags/plugins/workday.py
[2022-02-25 17:07:35,557] {processor.py:656} WARNING - No viable dags retrieved from /opt/anaconda3/envs/airflow/lib/python3.7/site-packages/airflow/example_dags/plugins/workday.py
[2022-02-25 17:07:35,560] {processor.py:171} INFO - Processing /opt/anaconda3/envs/airflow/lib/python3.7/site-packages/airflow/example_dags/plugins/workday.py took 0.026 seconds
[2022-02-25 17:08:14,485] {processor.py:163} INFO - Started process (PID=16611) to work on /opt/anaconda3/envs/airflow/lib/python3.7/site-packages/airflow/example_dags/plugins/workday.py
[2022-02-25 17:08:14,489] {processor.py:642} INFO - Processing file /opt/anaconda3/envs/airflow/lib/python3.7/site-packages/airflow/example_dags/plugins/workday.py for tasks to queue
[2022-02-25 17:08:14,491] {logging_mixin.py:109} INFO - [2022-02-25 17:08:14,491] {dagbag.py:500} INFO - Filling up the DagBag from /opt/anaconda3/envs/airflow/lib/python3.7/site-packages/airflow/example_dags/plugins/workday.py
[2022-02-25 17:08:14,510] {processor.py:656} WARNING - No viable dags retrieved from /opt/anaconda3/envs/airflow/lib/python3.7/site-packages/airflow/example_dags/plugins/workday.py
[2022-02-25 17:08:14,515] {processor.py:171} INFO - Processing /opt/anaconda3/envs/airflow/lib/python3.7/site-packages/airflow/example_dags/plugins/workday.py took 0.035 seconds
[2022-02-25 17:08:50,602] {processor.py:163} INFO - Started process (PID=16646) to work on /opt/anaconda3/envs/airflow/lib/python3.7/site-packages/airflow/example_dags/plugins/workday.py
[2022-02-25 17:08:50,606] {processor.py:642} INFO - Processing file /opt/anaconda3/envs/airflow/lib/python3.7/site-packages/airflow/example_dags/plugins/workday.py for tasks to queue
[2022-02-25 17:08:50,607] {logging_mixin.py:109} INFO - [2022-02-25 17:08:50,607] {dagbag.py:500} INFO - Filling up the DagBag from /opt/anaconda3/envs/airflow/lib/python3.7/site-packages/airflow/example_dags/plugins/workday.py
[2022-02-25 17:08:50,622] {processor.py:656} WARNING - No viable dags retrieved from /opt/anaconda3/envs/airflow/lib/python3.7/site-packages/airflow/example_dags/plugins/workday.py
[2022-02-25 17:08:50,626] {processor.py:171} INFO - Processing /opt/anaconda3/envs/airflow/lib/python3.7/site-packages/airflow/example_dags/plugins/workday.py took 0.028 seconds
[2022-02-25 17:09:27,447] {processor.py:163} INFO - Started process (PID=16679) to work on /opt/anaconda3/envs/airflow/lib/python3.7/site-packages/airflow/example_dags/plugins/workday.py
[2022-02-25 17:09:27,448] {processor.py:642} INFO - Processing file /opt/anaconda3/envs/airflow/lib/python3.7/site-packages/airflow/example_dags/plugins/workday.py for tasks to queue
[2022-02-25 17:09:27,450] {logging_mixin.py:109} INFO - [2022-02-25 17:09:27,449] {dagbag.py:500} INFO - Filling up the DagBag from /opt/anaconda3/envs/airflow/lib/python3.7/site-packages/airflow/example_dags/plugins/workday.py
[2022-02-25 17:09:27,463] {processor.py:656} WARNING - No viable dags retrieved from /opt/anaconda3/envs/airflow/lib/python3.7/site-packages/airflow/example_dags/plugins/workday.py
[2022-02-25 17:09:27,465] {processor.py:171} INFO - Processing /opt/anaconda3/envs/airflow/lib/python3.7/site-packages/airflow/example_dags/plugins/workday.py took 0.023 seconds
[2022-02-25 17:10:05,219] {processor.py:163} INFO - Started process (PID=16712) to work on /opt/anaconda3/envs/airflow/lib/python3.7/site-packages/airflow/example_dags/plugins/workday.py
[2022-02-25 17:10:05,223] {processor.py:642} INFO - Processing file /opt/anaconda3/envs/airflow/lib/python3.7/site-packages/airflow/example_dags/plugins/workday.py for tasks to queue
[2022-02-25 17:10:05,224] {logging_mixin.py:109} INFO - [2022-02-25 17:10:05,224] {dagbag.py:500} INFO - Filling up the DagBag from /opt/anaconda3/envs/airflow/lib/python3.7/site-packages/airflow/example_dags/plugins/workday.py
[2022-02-25 17:10:05,239] {processor.py:656} WARNING - No viable dags retrieved from /opt/anaconda3/envs/airflow/lib/python3.7/site-packages/airflow/example_dags/plugins/workday.py
[2022-02-25 17:10:05,242] {processor.py:171} INFO - Processing /opt/anaconda3/envs/airflow/lib/python3.7/site-packages/airflow/example_dags/plugins/workday.py took 0.026 seconds
[2022-02-25 17:10:43,936] {processor.py:163} INFO - Started process (PID=16745) to work on /opt/anaconda3/envs/airflow/lib/python3.7/site-packages/airflow/example_dags/plugins/workday.py
[2022-02-25 17:10:43,939] {processor.py:642} INFO - Processing file /opt/anaconda3/envs/airflow/lib/python3.7/site-packages/airflow/example_dags/plugins/workday.py for tasks to queue
[2022-02-25 17:10:43,940] {logging_mixin.py:109} INFO - [2022-02-25 17:10:43,940] {dagbag.py:500} INFO - Filling up the DagBag from /opt/anaconda3/envs/airflow/lib/python3.7/site-packages/airflow/example_dags/plugins/workday.py
[2022-02-25 17:10:43,957] {processor.py:656} WARNING - No viable dags retrieved from /opt/anaconda3/envs/airflow/lib/python3.7/site-packages/airflow/example_dags/plugins/workday.py
[2022-02-25 17:10:43,959] {processor.py:171} INFO - Processing /opt/anaconda3/envs/airflow/lib/python3.7/site-packages/airflow/example_dags/plugins/workday.py took 0.027 seconds
[2022-02-25 17:11:21,515] {processor.py:163} INFO - Started process (PID=16787) to work on /opt/anaconda3/envs/airflow/lib/python3.7/site-packages/airflow/example_dags/plugins/workday.py
[2022-02-25 17:11:21,518] {processor.py:642} INFO - Processing file /opt/anaconda3/envs/airflow/lib/python3.7/site-packages/airflow/example_dags/plugins/workday.py for tasks to queue
[2022-02-25 17:11:21,519] {logging_mixin.py:109} INFO - [2022-02-25 17:11:21,518] {dagbag.py:500} INFO - Filling up the DagBag from /opt/anaconda3/envs/airflow/lib/python3.7/site-packages/airflow/example_dags/plugins/workday.py
[2022-02-25 17:11:21,540] {processor.py:656} WARNING - No viable dags retrieved from /opt/anaconda3/envs/airflow/lib/python3.7/site-packages/airflow/example_dags/plugins/workday.py
[2022-02-25 17:11:21,543] {processor.py:171} INFO - Processing /opt/anaconda3/envs/airflow/lib/python3.7/site-packages/airflow/example_dags/plugins/workday.py took 0.032 seconds
[2022-02-25 17:11:51,756] {processor.py:163} INFO - Started process (PID=16844) to work on /opt/anaconda3/envs/airflow/lib/python3.7/site-packages/airflow/example_dags/plugins/workday.py
[2022-02-25 17:11:51,759] {processor.py:642} INFO - Processing file /opt/anaconda3/envs/airflow/lib/python3.7/site-packages/airflow/example_dags/plugins/workday.py for tasks to queue
[2022-02-25 17:11:51,760] {logging_mixin.py:109} INFO - [2022-02-25 17:11:51,759] {dagbag.py:500} INFO - Filling up the DagBag from /opt/anaconda3/envs/airflow/lib/python3.7/site-packages/airflow/example_dags/plugins/workday.py
[2022-02-25 17:11:51,772] {processor.py:656} WARNING - No viable dags retrieved from /opt/anaconda3/envs/airflow/lib/python3.7/site-packages/airflow/example_dags/plugins/workday.py
[2022-02-25 17:11:51,774] {processor.py:171} INFO - Processing /opt/anaconda3/envs/airflow/lib/python3.7/site-packages/airflow/example_dags/plugins/workday.py took 0.022 seconds
[2022-02-25 17:12:28,214] {processor.py:163} INFO - Started process (PID=16880) to work on /opt/anaconda3/envs/airflow/lib/python3.7/site-packages/airflow/example_dags/plugins/workday.py
[2022-02-25 17:12:28,216] {processor.py:642} INFO - Processing file /opt/anaconda3/envs/airflow/lib/python3.7/site-packages/airflow/example_dags/plugins/workday.py for tasks to queue
[2022-02-25 17:12:28,218] {logging_mixin.py:109} INFO - [2022-02-25 17:12:28,217] {dagbag.py:500} INFO - Filling up the DagBag from /opt/anaconda3/envs/airflow/lib/python3.7/site-packages/airflow/example_dags/plugins/workday.py
[2022-02-25 17:12:28,231] {processor.py:656} WARNING - No viable dags retrieved from /opt/anaconda3/envs/airflow/lib/python3.7/site-packages/airflow/example_dags/plugins/workday.py
[2022-02-25 17:12:28,233] {processor.py:171} INFO - Processing /opt/anaconda3/envs/airflow/lib/python3.7/site-packages/airflow/example_dags/plugins/workday.py took 0.023 seconds
[2022-02-25 17:13:10,573] {processor.py:163} INFO - Started process (PID=16946) to work on /opt/anaconda3/envs/airflow/lib/python3.7/site-packages/airflow/example_dags/plugins/workday.py
[2022-02-25 17:13:10,575] {processor.py:642} INFO - Processing file /opt/anaconda3/envs/airflow/lib/python3.7/site-packages/airflow/example_dags/plugins/workday.py for tasks to queue
[2022-02-25 17:13:10,576] {logging_mixin.py:109} INFO - [2022-02-25 17:13:10,576] {dagbag.py:500} INFO - Filling up the DagBag from /opt/anaconda3/envs/airflow/lib/python3.7/site-packages/airflow/example_dags/plugins/workday.py
[2022-02-25 17:13:10,590] {processor.py:656} WARNING - No viable dags retrieved from /opt/anaconda3/envs/airflow/lib/python3.7/site-packages/airflow/example_dags/plugins/workday.py
[2022-02-25 17:13:10,593] {processor.py:171} INFO - Processing /opt/anaconda3/envs/airflow/lib/python3.7/site-packages/airflow/example_dags/plugins/workday.py took 0.024 seconds
[2022-02-25 17:15:03,421] {processor.py:163} INFO - Started process (PID=17208) to work on /opt/anaconda3/envs/airflow/lib/python3.7/site-packages/airflow/example_dags/plugins/workday.py
[2022-02-25 17:15:03,424] {processor.py:642} INFO - Processing file /opt/anaconda3/envs/airflow/lib/python3.7/site-packages/airflow/example_dags/plugins/workday.py for tasks to queue
[2022-02-25 17:15:03,426] {logging_mixin.py:109} INFO - [2022-02-25 17:15:03,425] {dagbag.py:500} INFO - Filling up the DagBag from /opt/anaconda3/envs/airflow/lib/python3.7/site-packages/airflow/example_dags/plugins/workday.py
[2022-02-25 17:15:03,444] {processor.py:656} WARNING - No viable dags retrieved from /opt/anaconda3/envs/airflow/lib/python3.7/site-packages/airflow/example_dags/plugins/workday.py
[2022-02-25 17:15:03,447] {processor.py:171} INFO - Processing /opt/anaconda3/envs/airflow/lib/python3.7/site-packages/airflow/example_dags/plugins/workday.py took 0.030 seconds
[2022-02-25 17:15:42,062] {processor.py:163} INFO - Started process (PID=17244) to work on /opt/anaconda3/envs/airflow/lib/python3.7/site-packages/airflow/example_dags/plugins/workday.py
[2022-02-25 17:15:42,067] {processor.py:642} INFO - Processing file /opt/anaconda3/envs/airflow/lib/python3.7/site-packages/airflow/example_dags/plugins/workday.py for tasks to queue
[2022-02-25 17:15:42,068] {logging_mixin.py:109} INFO - [2022-02-25 17:15:42,068] {dagbag.py:500} INFO - Filling up the DagBag from /opt/anaconda3/envs/airflow/lib/python3.7/site-packages/airflow/example_dags/plugins/workday.py
[2022-02-25 17:15:42,086] {processor.py:656} WARNING - No viable dags retrieved from /opt/anaconda3/envs/airflow/lib/python3.7/site-packages/airflow/example_dags/plugins/workday.py
[2022-02-25 17:15:42,090] {processor.py:171} INFO - Processing /opt/anaconda3/envs/airflow/lib/python3.7/site-packages/airflow/example_dags/plugins/workday.py took 0.032 seconds
[2022-02-25 17:16:16,383] {processor.py:163} INFO - Started process (PID=17279) to work on /opt/anaconda3/envs/airflow/lib/python3.7/site-packages/airflow/example_dags/plugins/workday.py
[2022-02-25 17:16:16,386] {processor.py:642} INFO - Processing file /opt/anaconda3/envs/airflow/lib/python3.7/site-packages/airflow/example_dags/plugins/workday.py for tasks to queue
[2022-02-25 17:16:16,388] {logging_mixin.py:109} INFO - [2022-02-25 17:16:16,387] {dagbag.py:500} INFO - Filling up the DagBag from /opt/anaconda3/envs/airflow/lib/python3.7/site-packages/airflow/example_dags/plugins/workday.py
[2022-02-25 17:16:16,406] {processor.py:656} WARNING - No viable dags retrieved from /opt/anaconda3/envs/airflow/lib/python3.7/site-packages/airflow/example_dags/plugins/workday.py
[2022-02-25 17:16:16,408] {processor.py:171} INFO - Processing /opt/anaconda3/envs/airflow/lib/python3.7/site-packages/airflow/example_dags/plugins/workday.py took 0.029 seconds
[2022-02-25 17:16:53,611] {processor.py:163} INFO - Started process (PID=17314) to work on /opt/anaconda3/envs/airflow/lib/python3.7/site-packages/airflow/example_dags/plugins/workday.py
[2022-02-25 17:16:53,614] {processor.py:642} INFO - Processing file /opt/anaconda3/envs/airflow/lib/python3.7/site-packages/airflow/example_dags/plugins/workday.py for tasks to queue
[2022-02-25 17:16:53,615] {logging_mixin.py:109} INFO - [2022-02-25 17:16:53,615] {dagbag.py:500} INFO - Filling up the DagBag from /opt/anaconda3/envs/airflow/lib/python3.7/site-packages/airflow/example_dags/plugins/workday.py
[2022-02-25 17:16:53,631] {processor.py:656} WARNING - No viable dags retrieved from /opt/anaconda3/envs/airflow/lib/python3.7/site-packages/airflow/example_dags/plugins/workday.py
[2022-02-25 17:16:53,634] {processor.py:171} INFO - Processing /opt/anaconda3/envs/airflow/lib/python3.7/site-packages/airflow/example_dags/plugins/workday.py took 0.029 seconds
[2022-02-25 17:17:29,997] {processor.py:163} INFO - Started process (PID=17356) to work on /opt/anaconda3/envs/airflow/lib/python3.7/site-packages/airflow/example_dags/plugins/workday.py
[2022-02-25 17:17:30,001] {processor.py:642} INFO - Processing file /opt/anaconda3/envs/airflow/lib/python3.7/site-packages/airflow/example_dags/plugins/workday.py for tasks to queue
[2022-02-25 17:17:30,003] {logging_mixin.py:109} INFO - [2022-02-25 17:17:30,002] {dagbag.py:500} INFO - Filling up the DagBag from /opt/anaconda3/envs/airflow/lib/python3.7/site-packages/airflow/example_dags/plugins/workday.py
[2022-02-25 17:17:30,019] {processor.py:656} WARNING - No viable dags retrieved from /opt/anaconda3/envs/airflow/lib/python3.7/site-packages/airflow/example_dags/plugins/workday.py
[2022-02-25 17:17:30,023] {processor.py:171} INFO - Processing /opt/anaconda3/envs/airflow/lib/python3.7/site-packages/airflow/example_dags/plugins/workday.py took 0.029 seconds
[2022-02-25 17:18:08,613] {processor.py:163} INFO - Started process (PID=17393) to work on /opt/anaconda3/envs/airflow/lib/python3.7/site-packages/airflow/example_dags/plugins/workday.py
[2022-02-25 17:18:08,617] {processor.py:642} INFO - Processing file /opt/anaconda3/envs/airflow/lib/python3.7/site-packages/airflow/example_dags/plugins/workday.py for tasks to queue
[2022-02-25 17:18:08,618] {logging_mixin.py:109} INFO - [2022-02-25 17:18:08,618] {dagbag.py:500} INFO - Filling up the DagBag from /opt/anaconda3/envs/airflow/lib/python3.7/site-packages/airflow/example_dags/plugins/workday.py
[2022-02-25 17:18:08,640] {processor.py:656} WARNING - No viable dags retrieved from /opt/anaconda3/envs/airflow/lib/python3.7/site-packages/airflow/example_dags/plugins/workday.py
[2022-02-25 17:18:08,646] {processor.py:171} INFO - Processing /opt/anaconda3/envs/airflow/lib/python3.7/site-packages/airflow/example_dags/plugins/workday.py took 0.037 seconds
[2022-02-25 17:20:14,569] {processor.py:163} INFO - Started process (PID=17658) to work on /opt/anaconda3/envs/airflow/lib/python3.7/site-packages/airflow/example_dags/plugins/workday.py
[2022-02-25 17:20:14,572] {processor.py:642} INFO - Processing file /opt/anaconda3/envs/airflow/lib/python3.7/site-packages/airflow/example_dags/plugins/workday.py for tasks to queue
[2022-02-25 17:20:14,573] {logging_mixin.py:109} INFO - [2022-02-25 17:20:14,573] {dagbag.py:500} INFO - Filling up the DagBag from /opt/anaconda3/envs/airflow/lib/python3.7/site-packages/airflow/example_dags/plugins/workday.py
[2022-02-25 17:20:14,587] {processor.py:656} WARNING - No viable dags retrieved from /opt/anaconda3/envs/airflow/lib/python3.7/site-packages/airflow/example_dags/plugins/workday.py
[2022-02-25 17:20:14,590] {processor.py:171} INFO - Processing /opt/anaconda3/envs/airflow/lib/python3.7/site-packages/airflow/example_dags/plugins/workday.py took 0.025 seconds
[2022-02-25 17:20:52,436] {processor.py:163} INFO - Started process (PID=17696) to work on /opt/anaconda3/envs/airflow/lib/python3.7/site-packages/airflow/example_dags/plugins/workday.py
[2022-02-25 17:20:52,439] {processor.py:642} INFO - Processing file /opt/anaconda3/envs/airflow/lib/python3.7/site-packages/airflow/example_dags/plugins/workday.py for tasks to queue
[2022-02-25 17:20:52,441] {logging_mixin.py:109} INFO - [2022-02-25 17:20:52,440] {dagbag.py:500} INFO - Filling up the DagBag from /opt/anaconda3/envs/airflow/lib/python3.7/site-packages/airflow/example_dags/plugins/workday.py
[2022-02-25 17:20:52,458] {processor.py:656} WARNING - No viable dags retrieved from /opt/anaconda3/envs/airflow/lib/python3.7/site-packages/airflow/example_dags/plugins/workday.py
[2022-02-25 17:20:52,461] {processor.py:171} INFO - Processing /opt/anaconda3/envs/airflow/lib/python3.7/site-packages/airflow/example_dags/plugins/workday.py took 0.029 seconds
[2022-02-25 17:21:30,845] {processor.py:163} INFO - Started process (PID=17732) to work on /opt/anaconda3/envs/airflow/lib/python3.7/site-packages/airflow/example_dags/plugins/workday.py
[2022-02-25 17:21:30,849] {processor.py:642} INFO - Processing file /opt/anaconda3/envs/airflow/lib/python3.7/site-packages/airflow/example_dags/plugins/workday.py for tasks to queue
[2022-02-25 17:21:30,851] {logging_mixin.py:109} INFO - [2022-02-25 17:21:30,850] {dagbag.py:500} INFO - Filling up the DagBag from /opt/anaconda3/envs/airflow/lib/python3.7/site-packages/airflow/example_dags/plugins/workday.py
[2022-02-25 17:21:30,868] {processor.py:656} WARNING - No viable dags retrieved from /opt/anaconda3/envs/airflow/lib/python3.7/site-packages/airflow/example_dags/plugins/workday.py
[2022-02-25 17:21:30,871] {processor.py:171} INFO - Processing /opt/anaconda3/envs/airflow/lib/python3.7/site-packages/airflow/example_dags/plugins/workday.py took 0.032 seconds
[2022-02-25 17:22:04,981] {processor.py:163} INFO - Started process (PID=17768) to work on /opt/anaconda3/envs/airflow/lib/python3.7/site-packages/airflow/example_dags/plugins/workday.py
[2022-02-25 17:22:04,983] {processor.py:642} INFO - Processing file /opt/anaconda3/envs/airflow/lib/python3.7/site-packages/airflow/example_dags/plugins/workday.py for tasks to queue
[2022-02-25 17:22:04,984] {logging_mixin.py:109} INFO - [2022-02-25 17:22:04,984] {dagbag.py:500} INFO - Filling up the DagBag from /opt/anaconda3/envs/airflow/lib/python3.7/site-packages/airflow/example_dags/plugins/workday.py
[2022-02-25 17:22:04,997] {processor.py:656} WARNING - No viable dags retrieved from /opt/anaconda3/envs/airflow/lib/python3.7/site-packages/airflow/example_dags/plugins/workday.py
[2022-02-25 17:22:04,999] {processor.py:171} INFO - Processing /opt/anaconda3/envs/airflow/lib/python3.7/site-packages/airflow/example_dags/plugins/workday.py took 0.022 seconds
[2022-02-25 17:22:40,247] {processor.py:163} INFO - Started process (PID=17801) to work on /opt/anaconda3/envs/airflow/lib/python3.7/site-packages/airflow/example_dags/plugins/workday.py
[2022-02-25 17:22:40,248] {processor.py:642} INFO - Processing file /opt/anaconda3/envs/airflow/lib/python3.7/site-packages/airflow/example_dags/plugins/workday.py for tasks to queue
[2022-02-25 17:22:40,249] {logging_mixin.py:109} INFO - [2022-02-25 17:22:40,249] {dagbag.py:500} INFO - Filling up the DagBag from /opt/anaconda3/envs/airflow/lib/python3.7/site-packages/airflow/example_dags/plugins/workday.py
[2022-02-25 17:22:40,261] {processor.py:656} WARNING - No viable dags retrieved from /opt/anaconda3/envs/airflow/lib/python3.7/site-packages/airflow/example_dags/plugins/workday.py
[2022-02-25 17:22:40,264] {processor.py:171} INFO - Processing /opt/anaconda3/envs/airflow/lib/python3.7/site-packages/airflow/example_dags/plugins/workday.py took 0.021 seconds
[2022-02-25 17:23:16,017] {processor.py:163} INFO - Started process (PID=17854) to work on /opt/anaconda3/envs/airflow/lib/python3.7/site-packages/airflow/example_dags/plugins/workday.py
[2022-02-25 17:23:16,021] {processor.py:642} INFO - Processing file /opt/anaconda3/envs/airflow/lib/python3.7/site-packages/airflow/example_dags/plugins/workday.py for tasks to queue
[2022-02-25 17:23:16,022] {logging_mixin.py:109} INFO - [2022-02-25 17:23:16,022] {dagbag.py:500} INFO - Filling up the DagBag from /opt/anaconda3/envs/airflow/lib/python3.7/site-packages/airflow/example_dags/plugins/workday.py
[2022-02-25 17:23:16,034] {processor.py:656} WARNING - No viable dags retrieved from /opt/anaconda3/envs/airflow/lib/python3.7/site-packages/airflow/example_dags/plugins/workday.py
[2022-02-25 17:23:16,037] {processor.py:171} INFO - Processing /opt/anaconda3/envs/airflow/lib/python3.7/site-packages/airflow/example_dags/plugins/workday.py took 0.023 seconds
[2022-02-25 17:23:50,570] {processor.py:163} INFO - Started process (PID=17889) to work on /opt/anaconda3/envs/airflow/lib/python3.7/site-packages/airflow/example_dags/plugins/workday.py
[2022-02-25 17:23:50,571] {processor.py:642} INFO - Processing file /opt/anaconda3/envs/airflow/lib/python3.7/site-packages/airflow/example_dags/plugins/workday.py for tasks to queue
[2022-02-25 17:23:50,573] {logging_mixin.py:109} INFO - [2022-02-25 17:23:50,572] {dagbag.py:500} INFO - Filling up the DagBag from /opt/anaconda3/envs/airflow/lib/python3.7/site-packages/airflow/example_dags/plugins/workday.py
[2022-02-25 17:23:50,585] {processor.py:656} WARNING - No viable dags retrieved from /opt/anaconda3/envs/airflow/lib/python3.7/site-packages/airflow/example_dags/plugins/workday.py
[2022-02-25 17:23:50,588] {processor.py:171} INFO - Processing /opt/anaconda3/envs/airflow/lib/python3.7/site-packages/airflow/example_dags/plugins/workday.py took 0.022 seconds
[2022-02-25 17:24:26,614] {processor.py:163} INFO - Started process (PID=17925) to work on /opt/anaconda3/envs/airflow/lib/python3.7/site-packages/airflow/example_dags/plugins/workday.py
[2022-02-25 17:24:26,616] {processor.py:642} INFO - Processing file /opt/anaconda3/envs/airflow/lib/python3.7/site-packages/airflow/example_dags/plugins/workday.py for tasks to queue
[2022-02-25 17:24:26,619] {logging_mixin.py:109} INFO - [2022-02-25 17:24:26,619] {dagbag.py:500} INFO - Filling up the DagBag from /opt/anaconda3/envs/airflow/lib/python3.7/site-packages/airflow/example_dags/plugins/workday.py
[2022-02-25 17:24:26,631] {processor.py:656} WARNING - No viable dags retrieved from /opt/anaconda3/envs/airflow/lib/python3.7/site-packages/airflow/example_dags/plugins/workday.py
[2022-02-25 17:24:26,633] {processor.py:171} INFO - Processing /opt/anaconda3/envs/airflow/lib/python3.7/site-packages/airflow/example_dags/plugins/workday.py took 0.023 seconds
[2022-02-25 17:25:00,882] {processor.py:163} INFO - Started process (PID=17959) to work on /opt/anaconda3/envs/airflow/lib/python3.7/site-packages/airflow/example_dags/plugins/workday.py
[2022-02-25 17:25:00,884] {processor.py:642} INFO - Processing file /opt/anaconda3/envs/airflow/lib/python3.7/site-packages/airflow/example_dags/plugins/workday.py for tasks to queue
[2022-02-25 17:25:00,885] {logging_mixin.py:109} INFO - [2022-02-25 17:25:00,885] {dagbag.py:500} INFO - Filling up the DagBag from /opt/anaconda3/envs/airflow/lib/python3.7/site-packages/airflow/example_dags/plugins/workday.py
[2022-02-25 17:25:00,898] {processor.py:656} WARNING - No viable dags retrieved from /opt/anaconda3/envs/airflow/lib/python3.7/site-packages/airflow/example_dags/plugins/workday.py
[2022-02-25 17:25:00,900] {processor.py:171} INFO - Processing /opt/anaconda3/envs/airflow/lib/python3.7/site-packages/airflow/example_dags/plugins/workday.py took 0.022 seconds
[2022-02-25 17:25:35,318] {processor.py:163} INFO - Started process (PID=17993) to work on /opt/anaconda3/envs/airflow/lib/python3.7/site-packages/airflow/example_dags/plugins/workday.py
[2022-02-25 17:25:35,319] {processor.py:642} INFO - Processing file /opt/anaconda3/envs/airflow/lib/python3.7/site-packages/airflow/example_dags/plugins/workday.py for tasks to queue
[2022-02-25 17:25:35,320] {logging_mixin.py:109} INFO - [2022-02-25 17:25:35,320] {dagbag.py:500} INFO - Filling up the DagBag from /opt/anaconda3/envs/airflow/lib/python3.7/site-packages/airflow/example_dags/plugins/workday.py
[2022-02-25 17:25:35,333] {processor.py:656} WARNING - No viable dags retrieved from /opt/anaconda3/envs/airflow/lib/python3.7/site-packages/airflow/example_dags/plugins/workday.py
[2022-02-25 17:25:35,336] {processor.py:171} INFO - Processing /opt/anaconda3/envs/airflow/lib/python3.7/site-packages/airflow/example_dags/plugins/workday.py took 0.022 seconds
[2022-02-25 17:26:11,369] {processor.py:163} INFO - Started process (PID=18027) to work on /opt/anaconda3/envs/airflow/lib/python3.7/site-packages/airflow/example_dags/plugins/workday.py
[2022-02-25 17:26:11,371] {processor.py:642} INFO - Processing file /opt/anaconda3/envs/airflow/lib/python3.7/site-packages/airflow/example_dags/plugins/workday.py for tasks to queue
[2022-02-25 17:26:11,372] {logging_mixin.py:109} INFO - [2022-02-25 17:26:11,372] {dagbag.py:500} INFO - Filling up the DagBag from /opt/anaconda3/envs/airflow/lib/python3.7/site-packages/airflow/example_dags/plugins/workday.py
[2022-02-25 17:26:11,385] {processor.py:656} WARNING - No viable dags retrieved from /opt/anaconda3/envs/airflow/lib/python3.7/site-packages/airflow/example_dags/plugins/workday.py
[2022-02-25 17:26:11,388] {processor.py:171} INFO - Processing /opt/anaconda3/envs/airflow/lib/python3.7/site-packages/airflow/example_dags/plugins/workday.py took 0.023 seconds
[2022-02-25 17:26:46,311] {processor.py:163} INFO - Started process (PID=18060) to work on /opt/anaconda3/envs/airflow/lib/python3.7/site-packages/airflow/example_dags/plugins/workday.py
[2022-02-25 17:26:46,312] {processor.py:642} INFO - Processing file /opt/anaconda3/envs/airflow/lib/python3.7/site-packages/airflow/example_dags/plugins/workday.py for tasks to queue
[2022-02-25 17:26:46,314] {logging_mixin.py:109} INFO - [2022-02-25 17:26:46,313] {dagbag.py:500} INFO - Filling up the DagBag from /opt/anaconda3/envs/airflow/lib/python3.7/site-packages/airflow/example_dags/plugins/workday.py
[2022-02-25 17:26:46,326] {processor.py:656} WARNING - No viable dags retrieved from /opt/anaconda3/envs/airflow/lib/python3.7/site-packages/airflow/example_dags/plugins/workday.py
[2022-02-25 17:26:46,329] {processor.py:171} INFO - Processing /opt/anaconda3/envs/airflow/lib/python3.7/site-packages/airflow/example_dags/plugins/workday.py took 0.022 seconds
[2022-02-25 17:27:21,475] {processor.py:163} INFO - Started process (PID=18093) to work on /opt/anaconda3/envs/airflow/lib/python3.7/site-packages/airflow/example_dags/plugins/workday.py
[2022-02-25 17:27:21,476] {processor.py:642} INFO - Processing file /opt/anaconda3/envs/airflow/lib/python3.7/site-packages/airflow/example_dags/plugins/workday.py for tasks to queue
[2022-02-25 17:27:21,478] {logging_mixin.py:109} INFO - [2022-02-25 17:27:21,477] {dagbag.py:500} INFO - Filling up the DagBag from /opt/anaconda3/envs/airflow/lib/python3.7/site-packages/airflow/example_dags/plugins/workday.py
[2022-02-25 17:27:21,491] {processor.py:656} WARNING - No viable dags retrieved from /opt/anaconda3/envs/airflow/lib/python3.7/site-packages/airflow/example_dags/plugins/workday.py
[2022-02-25 17:27:21,493] {processor.py:171} INFO - Processing /opt/anaconda3/envs/airflow/lib/python3.7/site-packages/airflow/example_dags/plugins/workday.py took 0.022 seconds
[2022-02-25 17:27:58,457] {processor.py:163} INFO - Started process (PID=18128) to work on /opt/anaconda3/envs/airflow/lib/python3.7/site-packages/airflow/example_dags/plugins/workday.py
[2022-02-25 17:27:58,460] {processor.py:642} INFO - Processing file /opt/anaconda3/envs/airflow/lib/python3.7/site-packages/airflow/example_dags/plugins/workday.py for tasks to queue
[2022-02-25 17:27:58,461] {logging_mixin.py:109} INFO - [2022-02-25 17:27:58,461] {dagbag.py:500} INFO - Filling up the DagBag from /opt/anaconda3/envs/airflow/lib/python3.7/site-packages/airflow/example_dags/plugins/workday.py
[2022-02-25 17:27:58,523] {processor.py:656} WARNING - No viable dags retrieved from /opt/anaconda3/envs/airflow/lib/python3.7/site-packages/airflow/example_dags/plugins/workday.py
[2022-02-25 17:27:58,533] {processor.py:171} INFO - Processing /opt/anaconda3/envs/airflow/lib/python3.7/site-packages/airflow/example_dags/plugins/workday.py took 0.080 seconds
[2022-02-25 17:28:33,872] {processor.py:163} INFO - Started process (PID=18161) to work on /opt/anaconda3/envs/airflow/lib/python3.7/site-packages/airflow/example_dags/plugins/workday.py
[2022-02-25 17:28:33,875] {processor.py:642} INFO - Processing file /opt/anaconda3/envs/airflow/lib/python3.7/site-packages/airflow/example_dags/plugins/workday.py for tasks to queue
[2022-02-25 17:28:33,876] {logging_mixin.py:109} INFO - [2022-02-25 17:28:33,876] {dagbag.py:500} INFO - Filling up the DagBag from /opt/anaconda3/envs/airflow/lib/python3.7/site-packages/airflow/example_dags/plugins/workday.py
[2022-02-25 17:28:33,890] {processor.py:656} WARNING - No viable dags retrieved from /opt/anaconda3/envs/airflow/lib/python3.7/site-packages/airflow/example_dags/plugins/workday.py
[2022-02-25 17:28:33,893] {processor.py:171} INFO - Processing /opt/anaconda3/envs/airflow/lib/python3.7/site-packages/airflow/example_dags/plugins/workday.py took 0.025 seconds
[2022-02-25 17:29:08,006] {processor.py:163} INFO - Started process (PID=18196) to work on /opt/anaconda3/envs/airflow/lib/python3.7/site-packages/airflow/example_dags/plugins/workday.py
[2022-02-25 17:29:08,007] {processor.py:642} INFO - Processing file /opt/anaconda3/envs/airflow/lib/python3.7/site-packages/airflow/example_dags/plugins/workday.py for tasks to queue
[2022-02-25 17:29:08,008] {logging_mixin.py:109} INFO - [2022-02-25 17:29:08,008] {dagbag.py:500} INFO - Filling up the DagBag from /opt/anaconda3/envs/airflow/lib/python3.7/site-packages/airflow/example_dags/plugins/workday.py
[2022-02-25 17:29:08,021] {processor.py:656} WARNING - No viable dags retrieved from /opt/anaconda3/envs/airflow/lib/python3.7/site-packages/airflow/example_dags/plugins/workday.py
[2022-02-25 17:29:08,024] {processor.py:171} INFO - Processing /opt/anaconda3/envs/airflow/lib/python3.7/site-packages/airflow/example_dags/plugins/workday.py took 0.023 seconds
[2022-02-25 17:29:43,514] {processor.py:163} INFO - Started process (PID=18234) to work on /opt/anaconda3/envs/airflow/lib/python3.7/site-packages/airflow/example_dags/plugins/workday.py
[2022-02-25 17:29:43,516] {processor.py:642} INFO - Processing file /opt/anaconda3/envs/airflow/lib/python3.7/site-packages/airflow/example_dags/plugins/workday.py for tasks to queue
[2022-02-25 17:29:43,517] {logging_mixin.py:109} INFO - [2022-02-25 17:29:43,517] {dagbag.py:500} INFO - Filling up the DagBag from /opt/anaconda3/envs/airflow/lib/python3.7/site-packages/airflow/example_dags/plugins/workday.py
[2022-02-25 17:29:43,533] {processor.py:656} WARNING - No viable dags retrieved from /opt/anaconda3/envs/airflow/lib/python3.7/site-packages/airflow/example_dags/plugins/workday.py
[2022-02-25 17:29:43,536] {processor.py:171} INFO - Processing /opt/anaconda3/envs/airflow/lib/python3.7/site-packages/airflow/example_dags/plugins/workday.py took 0.027 seconds
[2022-02-25 17:30:21,197] {processor.py:163} INFO - Started process (PID=18268) to work on /opt/anaconda3/envs/airflow/lib/python3.7/site-packages/airflow/example_dags/plugins/workday.py
[2022-02-25 17:30:21,200] {processor.py:642} INFO - Processing file /opt/anaconda3/envs/airflow/lib/python3.7/site-packages/airflow/example_dags/plugins/workday.py for tasks to queue
[2022-02-25 17:30:21,201] {logging_mixin.py:109} INFO - [2022-02-25 17:30:21,201] {dagbag.py:500} INFO - Filling up the DagBag from /opt/anaconda3/envs/airflow/lib/python3.7/site-packages/airflow/example_dags/plugins/workday.py
[2022-02-25 17:30:21,216] {processor.py:656} WARNING - No viable dags retrieved from /opt/anaconda3/envs/airflow/lib/python3.7/site-packages/airflow/example_dags/plugins/workday.py
[2022-02-25 17:30:21,219] {processor.py:171} INFO - Processing /opt/anaconda3/envs/airflow/lib/python3.7/site-packages/airflow/example_dags/plugins/workday.py took 0.027 seconds
[2022-02-25 17:30:59,775] {processor.py:163} INFO - Started process (PID=18301) to work on /opt/anaconda3/envs/airflow/lib/python3.7/site-packages/airflow/example_dags/plugins/workday.py
[2022-02-25 17:30:59,779] {processor.py:642} INFO - Processing file /opt/anaconda3/envs/airflow/lib/python3.7/site-packages/airflow/example_dags/plugins/workday.py for tasks to queue
[2022-02-25 17:30:59,780] {logging_mixin.py:109} INFO - [2022-02-25 17:30:59,780] {dagbag.py:500} INFO - Filling up the DagBag from /opt/anaconda3/envs/airflow/lib/python3.7/site-packages/airflow/example_dags/plugins/workday.py
[2022-02-25 17:30:59,795] {processor.py:656} WARNING - No viable dags retrieved from /opt/anaconda3/envs/airflow/lib/python3.7/site-packages/airflow/example_dags/plugins/workday.py
[2022-02-25 17:30:59,802] {processor.py:171} INFO - Processing /opt/anaconda3/envs/airflow/lib/python3.7/site-packages/airflow/example_dags/plugins/workday.py took 0.031 seconds
[2022-02-25 17:31:35,296] {processor.py:163} INFO - Started process (PID=18337) to work on /opt/anaconda3/envs/airflow/lib/python3.7/site-packages/airflow/example_dags/plugins/workday.py
[2022-02-25 17:31:35,298] {processor.py:642} INFO - Processing file /opt/anaconda3/envs/airflow/lib/python3.7/site-packages/airflow/example_dags/plugins/workday.py for tasks to queue
[2022-02-25 17:31:35,299] {logging_mixin.py:109} INFO - [2022-02-25 17:31:35,299] {dagbag.py:500} INFO - Filling up the DagBag from /opt/anaconda3/envs/airflow/lib/python3.7/site-packages/airflow/example_dags/plugins/workday.py
[2022-02-25 17:31:35,313] {processor.py:656} WARNING - No viable dags retrieved from /opt/anaconda3/envs/airflow/lib/python3.7/site-packages/airflow/example_dags/plugins/workday.py
[2022-02-25 17:31:35,315] {processor.py:171} INFO - Processing /opt/anaconda3/envs/airflow/lib/python3.7/site-packages/airflow/example_dags/plugins/workday.py took 0.024 seconds
[2022-02-25 17:32:12,800] {processor.py:163} INFO - Started process (PID=18372) to work on /opt/anaconda3/envs/airflow/lib/python3.7/site-packages/airflow/example_dags/plugins/workday.py
[2022-02-25 17:32:12,802] {processor.py:642} INFO - Processing file /opt/anaconda3/envs/airflow/lib/python3.7/site-packages/airflow/example_dags/plugins/workday.py for tasks to queue
[2022-02-25 17:32:12,804] {logging_mixin.py:109} INFO - [2022-02-25 17:32:12,803] {dagbag.py:500} INFO - Filling up the DagBag from /opt/anaconda3/envs/airflow/lib/python3.7/site-packages/airflow/example_dags/plugins/workday.py
[2022-02-25 17:32:12,819] {processor.py:656} WARNING - No viable dags retrieved from /opt/anaconda3/envs/airflow/lib/python3.7/site-packages/airflow/example_dags/plugins/workday.py
[2022-02-25 17:32:12,822] {processor.py:171} INFO - Processing /opt/anaconda3/envs/airflow/lib/python3.7/site-packages/airflow/example_dags/plugins/workday.py took 0.026 seconds
[2022-02-25 17:32:49,701] {processor.py:163} INFO - Started process (PID=18405) to work on /opt/anaconda3/envs/airflow/lib/python3.7/site-packages/airflow/example_dags/plugins/workday.py
[2022-02-25 17:32:49,703] {processor.py:642} INFO - Processing file /opt/anaconda3/envs/airflow/lib/python3.7/site-packages/airflow/example_dags/plugins/workday.py for tasks to queue
[2022-02-25 17:32:49,704] {logging_mixin.py:109} INFO - [2022-02-25 17:32:49,704] {dagbag.py:500} INFO - Filling up the DagBag from /opt/anaconda3/envs/airflow/lib/python3.7/site-packages/airflow/example_dags/plugins/workday.py
[2022-02-25 17:32:49,717] {processor.py:656} WARNING - No viable dags retrieved from /opt/anaconda3/envs/airflow/lib/python3.7/site-packages/airflow/example_dags/plugins/workday.py
[2022-02-25 17:32:49,719] {processor.py:171} INFO - Processing /opt/anaconda3/envs/airflow/lib/python3.7/site-packages/airflow/example_dags/plugins/workday.py took 0.022 seconds
[2022-02-25 17:33:26,736] {processor.py:163} INFO - Started process (PID=18439) to work on /opt/anaconda3/envs/airflow/lib/python3.7/site-packages/airflow/example_dags/plugins/workday.py
[2022-02-25 17:33:26,737] {processor.py:642} INFO - Processing file /opt/anaconda3/envs/airflow/lib/python3.7/site-packages/airflow/example_dags/plugins/workday.py for tasks to queue
[2022-02-25 17:33:26,739] {logging_mixin.py:109} INFO - [2022-02-25 17:33:26,738] {dagbag.py:500} INFO - Filling up the DagBag from /opt/anaconda3/envs/airflow/lib/python3.7/site-packages/airflow/example_dags/plugins/workday.py
[2022-02-25 17:33:26,751] {processor.py:656} WARNING - No viable dags retrieved from /opt/anaconda3/envs/airflow/lib/python3.7/site-packages/airflow/example_dags/plugins/workday.py
[2022-02-25 17:33:26,754] {processor.py:171} INFO - Processing /opt/anaconda3/envs/airflow/lib/python3.7/site-packages/airflow/example_dags/plugins/workday.py took 0.022 seconds
[2022-02-25 17:34:04,261] {processor.py:163} INFO - Started process (PID=18474) to work on /opt/anaconda3/envs/airflow/lib/python3.7/site-packages/airflow/example_dags/plugins/workday.py
[2022-02-25 17:34:04,263] {processor.py:642} INFO - Processing file /opt/anaconda3/envs/airflow/lib/python3.7/site-packages/airflow/example_dags/plugins/workday.py for tasks to queue
[2022-02-25 17:34:04,264] {logging_mixin.py:109} INFO - [2022-02-25 17:34:04,264] {dagbag.py:500} INFO - Filling up the DagBag from /opt/anaconda3/envs/airflow/lib/python3.7/site-packages/airflow/example_dags/plugins/workday.py
[2022-02-25 17:34:04,280] {processor.py:656} WARNING - No viable dags retrieved from /opt/anaconda3/envs/airflow/lib/python3.7/site-packages/airflow/example_dags/plugins/workday.py
[2022-02-25 17:34:04,282] {processor.py:171} INFO - Processing /opt/anaconda3/envs/airflow/lib/python3.7/site-packages/airflow/example_dags/plugins/workday.py took 0.026 seconds
[2022-02-25 17:34:39,502] {processor.py:163} INFO - Started process (PID=18509) to work on /opt/anaconda3/envs/airflow/lib/python3.7/site-packages/airflow/example_dags/plugins/workday.py
[2022-02-25 17:34:39,506] {processor.py:642} INFO - Processing file /opt/anaconda3/envs/airflow/lib/python3.7/site-packages/airflow/example_dags/plugins/workday.py for tasks to queue
[2022-02-25 17:34:39,508] {logging_mixin.py:109} INFO - [2022-02-25 17:34:39,508] {dagbag.py:500} INFO - Filling up the DagBag from /opt/anaconda3/envs/airflow/lib/python3.7/site-packages/airflow/example_dags/plugins/workday.py
[2022-02-25 17:34:39,521] {processor.py:656} WARNING - No viable dags retrieved from /opt/anaconda3/envs/airflow/lib/python3.7/site-packages/airflow/example_dags/plugins/workday.py
[2022-02-25 17:34:39,524] {processor.py:171} INFO - Processing /opt/anaconda3/envs/airflow/lib/python3.7/site-packages/airflow/example_dags/plugins/workday.py took 0.026 seconds
[2022-02-25 17:35:16,434] {processor.py:163} INFO - Started process (PID=18544) to work on /opt/anaconda3/envs/airflow/lib/python3.7/site-packages/airflow/example_dags/plugins/workday.py
[2022-02-25 17:35:16,438] {processor.py:642} INFO - Processing file /opt/anaconda3/envs/airflow/lib/python3.7/site-packages/airflow/example_dags/plugins/workday.py for tasks to queue
[2022-02-25 17:35:16,439] {logging_mixin.py:109} INFO - [2022-02-25 17:35:16,439] {dagbag.py:500} INFO - Filling up the DagBag from /opt/anaconda3/envs/airflow/lib/python3.7/site-packages/airflow/example_dags/plugins/workday.py
[2022-02-25 17:35:16,455] {processor.py:656} WARNING - No viable dags retrieved from /opt/anaconda3/envs/airflow/lib/python3.7/site-packages/airflow/example_dags/plugins/workday.py
[2022-02-25 17:35:16,458] {processor.py:171} INFO - Processing /opt/anaconda3/envs/airflow/lib/python3.7/site-packages/airflow/example_dags/plugins/workday.py took 0.028 seconds
[2022-02-25 17:35:53,230] {processor.py:163} INFO - Started process (PID=18577) to work on /opt/anaconda3/envs/airflow/lib/python3.7/site-packages/airflow/example_dags/plugins/workday.py
[2022-02-25 17:35:53,233] {processor.py:642} INFO - Processing file /opt/anaconda3/envs/airflow/lib/python3.7/site-packages/airflow/example_dags/plugins/workday.py for tasks to queue
[2022-02-25 17:35:53,234] {logging_mixin.py:109} INFO - [2022-02-25 17:35:53,234] {dagbag.py:500} INFO - Filling up the DagBag from /opt/anaconda3/envs/airflow/lib/python3.7/site-packages/airflow/example_dags/plugins/workday.py
[2022-02-25 17:35:53,247] {processor.py:656} WARNING - No viable dags retrieved from /opt/anaconda3/envs/airflow/lib/python3.7/site-packages/airflow/example_dags/plugins/workday.py
[2022-02-25 17:35:53,251] {processor.py:171} INFO - Processing /opt/anaconda3/envs/airflow/lib/python3.7/site-packages/airflow/example_dags/plugins/workday.py took 0.025 seconds
[2022-02-25 17:36:29,175] {processor.py:163} INFO - Started process (PID=18613) to work on /opt/anaconda3/envs/airflow/lib/python3.7/site-packages/airflow/example_dags/plugins/workday.py
[2022-02-25 17:36:29,178] {processor.py:642} INFO - Processing file /opt/anaconda3/envs/airflow/lib/python3.7/site-packages/airflow/example_dags/plugins/workday.py for tasks to queue
[2022-02-25 17:36:29,183] {logging_mixin.py:109} INFO - [2022-02-25 17:36:29,182] {dagbag.py:500} INFO - Filling up the DagBag from /opt/anaconda3/envs/airflow/lib/python3.7/site-packages/airflow/example_dags/plugins/workday.py
[2022-02-25 17:36:29,236] {processor.py:656} WARNING - No viable dags retrieved from /opt/anaconda3/envs/airflow/lib/python3.7/site-packages/airflow/example_dags/plugins/workday.py
[2022-02-25 17:36:29,245] {processor.py:171} INFO - Processing /opt/anaconda3/envs/airflow/lib/python3.7/site-packages/airflow/example_dags/plugins/workday.py took 0.076 seconds
[2022-02-25 17:37:15,635] {processor.py:163} INFO - Started process (PID=18695) to work on /opt/anaconda3/envs/airflow/lib/python3.7/site-packages/airflow/example_dags/plugins/workday.py
[2022-02-25 17:37:15,638] {processor.py:642} INFO - Processing file /opt/anaconda3/envs/airflow/lib/python3.7/site-packages/airflow/example_dags/plugins/workday.py for tasks to queue
[2022-02-25 17:37:15,639] {logging_mixin.py:109} INFO - [2022-02-25 17:37:15,639] {dagbag.py:500} INFO - Filling up the DagBag from /opt/anaconda3/envs/airflow/lib/python3.7/site-packages/airflow/example_dags/plugins/workday.py
[2022-02-25 17:37:15,653] {processor.py:656} WARNING - No viable dags retrieved from /opt/anaconda3/envs/airflow/lib/python3.7/site-packages/airflow/example_dags/plugins/workday.py
[2022-02-25 17:37:15,656] {processor.py:171} INFO - Processing /opt/anaconda3/envs/airflow/lib/python3.7/site-packages/airflow/example_dags/plugins/workday.py took 0.025 seconds
[2022-02-25 17:37:50,728] {processor.py:163} INFO - Started process (PID=18728) to work on /opt/anaconda3/envs/airflow/lib/python3.7/site-packages/airflow/example_dags/plugins/workday.py
[2022-02-25 17:37:50,730] {processor.py:642} INFO - Processing file /opt/anaconda3/envs/airflow/lib/python3.7/site-packages/airflow/example_dags/plugins/workday.py for tasks to queue
[2022-02-25 17:37:50,732] {logging_mixin.py:109} INFO - [2022-02-25 17:37:50,731] {dagbag.py:500} INFO - Filling up the DagBag from /opt/anaconda3/envs/airflow/lib/python3.7/site-packages/airflow/example_dags/plugins/workday.py
[2022-02-25 17:37:50,746] {processor.py:656} WARNING - No viable dags retrieved from /opt/anaconda3/envs/airflow/lib/python3.7/site-packages/airflow/example_dags/plugins/workday.py
[2022-02-25 17:37:50,748] {processor.py:171} INFO - Processing /opt/anaconda3/envs/airflow/lib/python3.7/site-packages/airflow/example_dags/plugins/workday.py took 0.024 seconds
[2022-02-25 17:38:26,657] {processor.py:163} INFO - Started process (PID=18763) to work on /opt/anaconda3/envs/airflow/lib/python3.7/site-packages/airflow/example_dags/plugins/workday.py
[2022-02-25 17:38:26,659] {processor.py:642} INFO - Processing file /opt/anaconda3/envs/airflow/lib/python3.7/site-packages/airflow/example_dags/plugins/workday.py for tasks to queue
[2022-02-25 17:38:26,660] {logging_mixin.py:109} INFO - [2022-02-25 17:38:26,660] {dagbag.py:500} INFO - Filling up the DagBag from /opt/anaconda3/envs/airflow/lib/python3.7/site-packages/airflow/example_dags/plugins/workday.py
[2022-02-25 17:38:26,674] {processor.py:656} WARNING - No viable dags retrieved from /opt/anaconda3/envs/airflow/lib/python3.7/site-packages/airflow/example_dags/plugins/workday.py
[2022-02-25 17:38:26,677] {processor.py:171} INFO - Processing /opt/anaconda3/envs/airflow/lib/python3.7/site-packages/airflow/example_dags/plugins/workday.py took 0.025 seconds
[2022-02-25 17:39:01,877] {processor.py:163} INFO - Started process (PID=18796) to work on /opt/anaconda3/envs/airflow/lib/python3.7/site-packages/airflow/example_dags/plugins/workday.py
[2022-02-25 17:39:01,879] {processor.py:642} INFO - Processing file /opt/anaconda3/envs/airflow/lib/python3.7/site-packages/airflow/example_dags/plugins/workday.py for tasks to queue
[2022-02-25 17:39:01,880] {logging_mixin.py:109} INFO - [2022-02-25 17:39:01,880] {dagbag.py:500} INFO - Filling up the DagBag from /opt/anaconda3/envs/airflow/lib/python3.7/site-packages/airflow/example_dags/plugins/workday.py
[2022-02-25 17:39:01,893] {processor.py:656} WARNING - No viable dags retrieved from /opt/anaconda3/envs/airflow/lib/python3.7/site-packages/airflow/example_dags/plugins/workday.py
[2022-02-25 17:39:01,895] {processor.py:171} INFO - Processing /opt/anaconda3/envs/airflow/lib/python3.7/site-packages/airflow/example_dags/plugins/workday.py took 0.022 seconds
[2022-02-25 17:39:38,245] {processor.py:163} INFO - Started process (PID=18829) to work on /opt/anaconda3/envs/airflow/lib/python3.7/site-packages/airflow/example_dags/plugins/workday.py
[2022-02-25 17:39:38,247] {processor.py:642} INFO - Processing file /opt/anaconda3/envs/airflow/lib/python3.7/site-packages/airflow/example_dags/plugins/workday.py for tasks to queue
[2022-02-25 17:39:38,248] {logging_mixin.py:109} INFO - [2022-02-25 17:39:38,248] {dagbag.py:500} INFO - Filling up the DagBag from /opt/anaconda3/envs/airflow/lib/python3.7/site-packages/airflow/example_dags/plugins/workday.py
[2022-02-25 17:39:38,262] {processor.py:656} WARNING - No viable dags retrieved from /opt/anaconda3/envs/airflow/lib/python3.7/site-packages/airflow/example_dags/plugins/workday.py
[2022-02-25 17:39:38,265] {processor.py:171} INFO - Processing /opt/anaconda3/envs/airflow/lib/python3.7/site-packages/airflow/example_dags/plugins/workday.py took 0.025 seconds
[2022-02-25 17:40:13,595] {processor.py:163} INFO - Started process (PID=18862) to work on /opt/anaconda3/envs/airflow/lib/python3.7/site-packages/airflow/example_dags/plugins/workday.py
[2022-02-25 17:40:13,596] {processor.py:642} INFO - Processing file /opt/anaconda3/envs/airflow/lib/python3.7/site-packages/airflow/example_dags/plugins/workday.py for tasks to queue
[2022-02-25 17:40:13,597] {logging_mixin.py:109} INFO - [2022-02-25 17:40:13,597] {dagbag.py:500} INFO - Filling up the DagBag from /opt/anaconda3/envs/airflow/lib/python3.7/site-packages/airflow/example_dags/plugins/workday.py
[2022-02-25 17:40:13,610] {processor.py:656} WARNING - No viable dags retrieved from /opt/anaconda3/envs/airflow/lib/python3.7/site-packages/airflow/example_dags/plugins/workday.py
[2022-02-25 17:40:13,612] {processor.py:171} INFO - Processing /opt/anaconda3/envs/airflow/lib/python3.7/site-packages/airflow/example_dags/plugins/workday.py took 0.022 seconds
[2022-02-25 17:40:46,868] {processor.py:163} INFO - Started process (PID=18895) to work on /opt/anaconda3/envs/airflow/lib/python3.7/site-packages/airflow/example_dags/plugins/workday.py
[2022-02-25 17:40:46,870] {processor.py:642} INFO - Processing file /opt/anaconda3/envs/airflow/lib/python3.7/site-packages/airflow/example_dags/plugins/workday.py for tasks to queue
[2022-02-25 17:40:46,871] {logging_mixin.py:109} INFO - [2022-02-25 17:40:46,871] {dagbag.py:500} INFO - Filling up the DagBag from /opt/anaconda3/envs/airflow/lib/python3.7/site-packages/airflow/example_dags/plugins/workday.py
[2022-02-25 17:40:46,885] {processor.py:656} WARNING - No viable dags retrieved from /opt/anaconda3/envs/airflow/lib/python3.7/site-packages/airflow/example_dags/plugins/workday.py
[2022-02-25 17:40:46,887] {processor.py:171} INFO - Processing /opt/anaconda3/envs/airflow/lib/python3.7/site-packages/airflow/example_dags/plugins/workday.py took 0.024 seconds
[2022-02-25 17:41:22,341] {processor.py:163} INFO - Started process (PID=18931) to work on /opt/anaconda3/envs/airflow/lib/python3.7/site-packages/airflow/example_dags/plugins/workday.py
[2022-02-25 17:41:22,343] {processor.py:642} INFO - Processing file /opt/anaconda3/envs/airflow/lib/python3.7/site-packages/airflow/example_dags/plugins/workday.py for tasks to queue
[2022-02-25 17:41:22,344] {logging_mixin.py:109} INFO - [2022-02-25 17:41:22,343] {dagbag.py:500} INFO - Filling up the DagBag from /opt/anaconda3/envs/airflow/lib/python3.7/site-packages/airflow/example_dags/plugins/workday.py
[2022-02-25 17:41:22,357] {processor.py:656} WARNING - No viable dags retrieved from /opt/anaconda3/envs/airflow/lib/python3.7/site-packages/airflow/example_dags/plugins/workday.py
[2022-02-25 17:41:22,360] {processor.py:171} INFO - Processing /opt/anaconda3/envs/airflow/lib/python3.7/site-packages/airflow/example_dags/plugins/workday.py took 0.023 seconds
[2022-02-25 17:41:57,785] {processor.py:163} INFO - Started process (PID=18967) to work on /opt/anaconda3/envs/airflow/lib/python3.7/site-packages/airflow/example_dags/plugins/workday.py
[2022-02-25 17:41:57,786] {processor.py:642} INFO - Processing file /opt/anaconda3/envs/airflow/lib/python3.7/site-packages/airflow/example_dags/plugins/workday.py for tasks to queue
[2022-02-25 17:41:57,787] {logging_mixin.py:109} INFO - [2022-02-25 17:41:57,787] {dagbag.py:500} INFO - Filling up the DagBag from /opt/anaconda3/envs/airflow/lib/python3.7/site-packages/airflow/example_dags/plugins/workday.py
[2022-02-25 17:41:57,799] {processor.py:656} WARNING - No viable dags retrieved from /opt/anaconda3/envs/airflow/lib/python3.7/site-packages/airflow/example_dags/plugins/workday.py
[2022-02-25 17:41:57,802] {processor.py:171} INFO - Processing /opt/anaconda3/envs/airflow/lib/python3.7/site-packages/airflow/example_dags/plugins/workday.py took 0.021 seconds
[2022-02-25 17:42:34,002] {processor.py:163} INFO - Started process (PID=19000) to work on /opt/anaconda3/envs/airflow/lib/python3.7/site-packages/airflow/example_dags/plugins/workday.py
[2022-02-25 17:42:34,005] {processor.py:642} INFO - Processing file /opt/anaconda3/envs/airflow/lib/python3.7/site-packages/airflow/example_dags/plugins/workday.py for tasks to queue
[2022-02-25 17:42:34,006] {logging_mixin.py:109} INFO - [2022-02-25 17:42:34,006] {dagbag.py:500} INFO - Filling up the DagBag from /opt/anaconda3/envs/airflow/lib/python3.7/site-packages/airflow/example_dags/plugins/workday.py
[2022-02-25 17:42:34,021] {processor.py:656} WARNING - No viable dags retrieved from /opt/anaconda3/envs/airflow/lib/python3.7/site-packages/airflow/example_dags/plugins/workday.py
[2022-02-25 17:42:34,024] {processor.py:171} INFO - Processing /opt/anaconda3/envs/airflow/lib/python3.7/site-packages/airflow/example_dags/plugins/workday.py took 0.027 seconds
[2022-02-25 17:43:09,847] {processor.py:163} INFO - Started process (PID=19037) to work on /opt/anaconda3/envs/airflow/lib/python3.7/site-packages/airflow/example_dags/plugins/workday.py
[2022-02-25 17:43:09,849] {processor.py:642} INFO - Processing file /opt/anaconda3/envs/airflow/lib/python3.7/site-packages/airflow/example_dags/plugins/workday.py for tasks to queue
[2022-02-25 17:43:09,850] {logging_mixin.py:109} INFO - [2022-02-25 17:43:09,849] {dagbag.py:500} INFO - Filling up the DagBag from /opt/anaconda3/envs/airflow/lib/python3.7/site-packages/airflow/example_dags/plugins/workday.py
[2022-02-25 17:43:09,868] {processor.py:656} WARNING - No viable dags retrieved from /opt/anaconda3/envs/airflow/lib/python3.7/site-packages/airflow/example_dags/plugins/workday.py
[2022-02-25 17:43:09,875] {processor.py:171} INFO - Processing /opt/anaconda3/envs/airflow/lib/python3.7/site-packages/airflow/example_dags/plugins/workday.py took 0.033 seconds
[2022-02-25 17:43:48,988] {processor.py:163} INFO - Started process (PID=19144) to work on /opt/anaconda3/envs/airflow/lib/python3.7/site-packages/airflow/example_dags/plugins/workday.py
[2022-02-25 17:43:48,991] {processor.py:642} INFO - Processing file /opt/anaconda3/envs/airflow/lib/python3.7/site-packages/airflow/example_dags/plugins/workday.py for tasks to queue
[2022-02-25 17:43:48,992] {logging_mixin.py:109} INFO - [2022-02-25 17:43:48,992] {dagbag.py:500} INFO - Filling up the DagBag from /opt/anaconda3/envs/airflow/lib/python3.7/site-packages/airflow/example_dags/plugins/workday.py
[2022-02-25 17:43:49,010] {processor.py:656} WARNING - No viable dags retrieved from /opt/anaconda3/envs/airflow/lib/python3.7/site-packages/airflow/example_dags/plugins/workday.py
[2022-02-25 17:43:49,012] {processor.py:171} INFO - Processing /opt/anaconda3/envs/airflow/lib/python3.7/site-packages/airflow/example_dags/plugins/workday.py took 0.032 seconds
[2022-02-25 17:44:28,084] {processor.py:163} INFO - Started process (PID=19179) to work on /opt/anaconda3/envs/airflow/lib/python3.7/site-packages/airflow/example_dags/plugins/workday.py
[2022-02-25 17:44:28,085] {processor.py:642} INFO - Processing file /opt/anaconda3/envs/airflow/lib/python3.7/site-packages/airflow/example_dags/plugins/workday.py for tasks to queue
[2022-02-25 17:44:28,086] {logging_mixin.py:109} INFO - [2022-02-25 17:44:28,086] {dagbag.py:500} INFO - Filling up the DagBag from /opt/anaconda3/envs/airflow/lib/python3.7/site-packages/airflow/example_dags/plugins/workday.py
[2022-02-25 17:44:28,098] {processor.py:656} WARNING - No viable dags retrieved from /opt/anaconda3/envs/airflow/lib/python3.7/site-packages/airflow/example_dags/plugins/workday.py
[2022-02-25 17:44:28,101] {processor.py:171} INFO - Processing /opt/anaconda3/envs/airflow/lib/python3.7/site-packages/airflow/example_dags/plugins/workday.py took 0.022 seconds
[2022-02-25 17:45:10,475] {processor.py:163} INFO - Started process (PID=19217) to work on /opt/anaconda3/envs/airflow/lib/python3.7/site-packages/airflow/example_dags/plugins/workday.py
[2022-02-25 17:45:10,483] {processor.py:642} INFO - Processing file /opt/anaconda3/envs/airflow/lib/python3.7/site-packages/airflow/example_dags/plugins/workday.py for tasks to queue
[2022-02-25 17:45:10,486] {logging_mixin.py:109} INFO - [2022-02-25 17:45:10,485] {dagbag.py:500} INFO - Filling up the DagBag from /opt/anaconda3/envs/airflow/lib/python3.7/site-packages/airflow/example_dags/plugins/workday.py
[2022-02-25 17:45:10,541] {processor.py:656} WARNING - No viable dags retrieved from /opt/anaconda3/envs/airflow/lib/python3.7/site-packages/airflow/example_dags/plugins/workday.py
[2022-02-25 17:45:10,555] {processor.py:171} INFO - Processing /opt/anaconda3/envs/airflow/lib/python3.7/site-packages/airflow/example_dags/plugins/workday.py took 0.093 seconds
[2022-02-25 17:45:47,200] {processor.py:163} INFO - Started process (PID=19254) to work on /opt/anaconda3/envs/airflow/lib/python3.7/site-packages/airflow/example_dags/plugins/workday.py
[2022-02-25 17:45:47,203] {processor.py:642} INFO - Processing file /opt/anaconda3/envs/airflow/lib/python3.7/site-packages/airflow/example_dags/plugins/workday.py for tasks to queue
[2022-02-25 17:45:47,205] {logging_mixin.py:109} INFO - [2022-02-25 17:45:47,204] {dagbag.py:500} INFO - Filling up the DagBag from /opt/anaconda3/envs/airflow/lib/python3.7/site-packages/airflow/example_dags/plugins/workday.py
[2022-02-25 17:45:47,218] {processor.py:656} WARNING - No viable dags retrieved from /opt/anaconda3/envs/airflow/lib/python3.7/site-packages/airflow/example_dags/plugins/workday.py
[2022-02-25 17:45:47,221] {processor.py:171} INFO - Processing /opt/anaconda3/envs/airflow/lib/python3.7/site-packages/airflow/example_dags/plugins/workday.py took 0.024 seconds
[2022-02-25 17:46:22,272] {processor.py:163} INFO - Started process (PID=19292) to work on /opt/anaconda3/envs/airflow/lib/python3.7/site-packages/airflow/example_dags/plugins/workday.py
[2022-02-25 17:46:22,274] {processor.py:642} INFO - Processing file /opt/anaconda3/envs/airflow/lib/python3.7/site-packages/airflow/example_dags/plugins/workday.py for tasks to queue
[2022-02-25 17:46:22,275] {logging_mixin.py:109} INFO - [2022-02-25 17:46:22,275] {dagbag.py:500} INFO - Filling up the DagBag from /opt/anaconda3/envs/airflow/lib/python3.7/site-packages/airflow/example_dags/plugins/workday.py
[2022-02-25 17:46:22,286] {processor.py:656} WARNING - No viable dags retrieved from /opt/anaconda3/envs/airflow/lib/python3.7/site-packages/airflow/example_dags/plugins/workday.py
[2022-02-25 17:46:22,290] {processor.py:171} INFO - Processing /opt/anaconda3/envs/airflow/lib/python3.7/site-packages/airflow/example_dags/plugins/workday.py took 0.021 seconds
[2022-02-25 17:46:57,025] {processor.py:163} INFO - Started process (PID=19325) to work on /opt/anaconda3/envs/airflow/lib/python3.7/site-packages/airflow/example_dags/plugins/workday.py
[2022-02-25 17:46:57,026] {processor.py:642} INFO - Processing file /opt/anaconda3/envs/airflow/lib/python3.7/site-packages/airflow/example_dags/plugins/workday.py for tasks to queue
[2022-02-25 17:46:57,027] {logging_mixin.py:109} INFO - [2022-02-25 17:46:57,027] {dagbag.py:500} INFO - Filling up the DagBag from /opt/anaconda3/envs/airflow/lib/python3.7/site-packages/airflow/example_dags/plugins/workday.py
[2022-02-25 17:46:57,040] {processor.py:656} WARNING - No viable dags retrieved from /opt/anaconda3/envs/airflow/lib/python3.7/site-packages/airflow/example_dags/plugins/workday.py
[2022-02-25 17:46:57,042] {processor.py:171} INFO - Processing /opt/anaconda3/envs/airflow/lib/python3.7/site-packages/airflow/example_dags/plugins/workday.py took 0.021 seconds
[2022-02-25 17:47:30,900] {processor.py:163} INFO - Started process (PID=19358) to work on /opt/anaconda3/envs/airflow/lib/python3.7/site-packages/airflow/example_dags/plugins/workday.py
[2022-02-25 17:47:30,901] {processor.py:642} INFO - Processing file /opt/anaconda3/envs/airflow/lib/python3.7/site-packages/airflow/example_dags/plugins/workday.py for tasks to queue
[2022-02-25 17:47:30,902] {logging_mixin.py:109} INFO - [2022-02-25 17:47:30,902] {dagbag.py:500} INFO - Filling up the DagBag from /opt/anaconda3/envs/airflow/lib/python3.7/site-packages/airflow/example_dags/plugins/workday.py
[2022-02-25 17:47:30,918] {processor.py:656} WARNING - No viable dags retrieved from /opt/anaconda3/envs/airflow/lib/python3.7/site-packages/airflow/example_dags/plugins/workday.py
[2022-02-25 17:47:30,922] {processor.py:171} INFO - Processing /opt/anaconda3/envs/airflow/lib/python3.7/site-packages/airflow/example_dags/plugins/workday.py took 0.027 seconds
[2022-02-25 17:48:05,031] {processor.py:163} INFO - Started process (PID=19391) to work on /opt/anaconda3/envs/airflow/lib/python3.7/site-packages/airflow/example_dags/plugins/workday.py
[2022-02-25 17:48:05,032] {processor.py:642} INFO - Processing file /opt/anaconda3/envs/airflow/lib/python3.7/site-packages/airflow/example_dags/plugins/workday.py for tasks to queue
[2022-02-25 17:48:05,033] {logging_mixin.py:109} INFO - [2022-02-25 17:48:05,033] {dagbag.py:500} INFO - Filling up the DagBag from /opt/anaconda3/envs/airflow/lib/python3.7/site-packages/airflow/example_dags/plugins/workday.py
[2022-02-25 17:48:05,046] {processor.py:656} WARNING - No viable dags retrieved from /opt/anaconda3/envs/airflow/lib/python3.7/site-packages/airflow/example_dags/plugins/workday.py
[2022-02-25 17:48:05,048] {processor.py:171} INFO - Processing /opt/anaconda3/envs/airflow/lib/python3.7/site-packages/airflow/example_dags/plugins/workday.py took 0.022 seconds
[2022-02-25 17:48:39,326] {processor.py:163} INFO - Started process (PID=19424) to work on /opt/anaconda3/envs/airflow/lib/python3.7/site-packages/airflow/example_dags/plugins/workday.py
[2022-02-25 17:48:39,328] {processor.py:642} INFO - Processing file /opt/anaconda3/envs/airflow/lib/python3.7/site-packages/airflow/example_dags/plugins/workday.py for tasks to queue
[2022-02-25 17:48:39,329] {logging_mixin.py:109} INFO - [2022-02-25 17:48:39,329] {dagbag.py:500} INFO - Filling up the DagBag from /opt/anaconda3/envs/airflow/lib/python3.7/site-packages/airflow/example_dags/plugins/workday.py
[2022-02-25 17:48:39,342] {processor.py:656} WARNING - No viable dags retrieved from /opt/anaconda3/envs/airflow/lib/python3.7/site-packages/airflow/example_dags/plugins/workday.py
[2022-02-25 17:48:39,344] {processor.py:171} INFO - Processing /opt/anaconda3/envs/airflow/lib/python3.7/site-packages/airflow/example_dags/plugins/workday.py took 0.022 seconds
[2022-02-25 17:49:15,132] {processor.py:163} INFO - Started process (PID=19457) to work on /opt/anaconda3/envs/airflow/lib/python3.7/site-packages/airflow/example_dags/plugins/workday.py
[2022-02-25 17:49:15,135] {processor.py:642} INFO - Processing file /opt/anaconda3/envs/airflow/lib/python3.7/site-packages/airflow/example_dags/plugins/workday.py for tasks to queue
[2022-02-25 17:49:15,137] {logging_mixin.py:109} INFO - [2022-02-25 17:49:15,136] {dagbag.py:500} INFO - Filling up the DagBag from /opt/anaconda3/envs/airflow/lib/python3.7/site-packages/airflow/example_dags/plugins/workday.py
[2022-02-25 17:49:15,149] {processor.py:656} WARNING - No viable dags retrieved from /opt/anaconda3/envs/airflow/lib/python3.7/site-packages/airflow/example_dags/plugins/workday.py
[2022-02-25 17:49:15,151] {processor.py:171} INFO - Processing /opt/anaconda3/envs/airflow/lib/python3.7/site-packages/airflow/example_dags/plugins/workday.py took 0.024 seconds
[2022-02-25 17:49:52,788] {processor.py:163} INFO - Started process (PID=19506) to work on /opt/anaconda3/envs/airflow/lib/python3.7/site-packages/airflow/example_dags/plugins/workday.py
[2022-02-25 17:49:52,792] {processor.py:642} INFO - Processing file /opt/anaconda3/envs/airflow/lib/python3.7/site-packages/airflow/example_dags/plugins/workday.py for tasks to queue
[2022-02-25 17:49:52,793] {logging_mixin.py:109} INFO - [2022-02-25 17:49:52,793] {dagbag.py:500} INFO - Filling up the DagBag from /opt/anaconda3/envs/airflow/lib/python3.7/site-packages/airflow/example_dags/plugins/workday.py
[2022-02-25 17:49:52,808] {processor.py:656} WARNING - No viable dags retrieved from /opt/anaconda3/envs/airflow/lib/python3.7/site-packages/airflow/example_dags/plugins/workday.py
[2022-02-25 17:49:52,812] {processor.py:171} INFO - Processing /opt/anaconda3/envs/airflow/lib/python3.7/site-packages/airflow/example_dags/plugins/workday.py took 0.029 seconds
[2022-02-25 17:50:27,038] {processor.py:163} INFO - Started process (PID=19541) to work on /opt/anaconda3/envs/airflow/lib/python3.7/site-packages/airflow/example_dags/plugins/workday.py
[2022-02-25 17:50:27,041] {processor.py:642} INFO - Processing file /opt/anaconda3/envs/airflow/lib/python3.7/site-packages/airflow/example_dags/plugins/workday.py for tasks to queue
[2022-02-25 17:50:27,044] {logging_mixin.py:109} INFO - [2022-02-25 17:50:27,043] {dagbag.py:500} INFO - Filling up the DagBag from /opt/anaconda3/envs/airflow/lib/python3.7/site-packages/airflow/example_dags/plugins/workday.py
[2022-02-25 17:50:27,057] {processor.py:656} WARNING - No viable dags retrieved from /opt/anaconda3/envs/airflow/lib/python3.7/site-packages/airflow/example_dags/plugins/workday.py
[2022-02-25 17:50:27,060] {processor.py:171} INFO - Processing /opt/anaconda3/envs/airflow/lib/python3.7/site-packages/airflow/example_dags/plugins/workday.py took 0.026 seconds
[2022-02-25 17:51:02,340] {processor.py:163} INFO - Started process (PID=19574) to work on /opt/anaconda3/envs/airflow/lib/python3.7/site-packages/airflow/example_dags/plugins/workday.py
[2022-02-25 17:51:02,341] {processor.py:642} INFO - Processing file /opt/anaconda3/envs/airflow/lib/python3.7/site-packages/airflow/example_dags/plugins/workday.py for tasks to queue
[2022-02-25 17:51:02,342] {logging_mixin.py:109} INFO - [2022-02-25 17:51:02,342] {dagbag.py:500} INFO - Filling up the DagBag from /opt/anaconda3/envs/airflow/lib/python3.7/site-packages/airflow/example_dags/plugins/workday.py
[2022-02-25 17:51:02,356] {processor.py:656} WARNING - No viable dags retrieved from /opt/anaconda3/envs/airflow/lib/python3.7/site-packages/airflow/example_dags/plugins/workday.py
[2022-02-25 17:51:02,358] {processor.py:171} INFO - Processing /opt/anaconda3/envs/airflow/lib/python3.7/site-packages/airflow/example_dags/plugins/workday.py took 0.023 seconds
[2022-02-25 17:51:37,491] {processor.py:163} INFO - Started process (PID=19610) to work on /opt/anaconda3/envs/airflow/lib/python3.7/site-packages/airflow/example_dags/plugins/workday.py
[2022-02-25 17:51:37,493] {processor.py:642} INFO - Processing file /opt/anaconda3/envs/airflow/lib/python3.7/site-packages/airflow/example_dags/plugins/workday.py for tasks to queue
[2022-02-25 17:51:37,494] {logging_mixin.py:109} INFO - [2022-02-25 17:51:37,494] {dagbag.py:500} INFO - Filling up the DagBag from /opt/anaconda3/envs/airflow/lib/python3.7/site-packages/airflow/example_dags/plugins/workday.py
[2022-02-25 17:51:37,508] {processor.py:656} WARNING - No viable dags retrieved from /opt/anaconda3/envs/airflow/lib/python3.7/site-packages/airflow/example_dags/plugins/workday.py
[2022-02-25 17:51:37,511] {processor.py:171} INFO - Processing /opt/anaconda3/envs/airflow/lib/python3.7/site-packages/airflow/example_dags/plugins/workday.py took 0.025 seconds
[2022-02-25 17:52:12,016] {processor.py:163} INFO - Started process (PID=19643) to work on /opt/anaconda3/envs/airflow/lib/python3.7/site-packages/airflow/example_dags/plugins/workday.py
[2022-02-25 17:52:12,018] {processor.py:642} INFO - Processing file /opt/anaconda3/envs/airflow/lib/python3.7/site-packages/airflow/example_dags/plugins/workday.py for tasks to queue
[2022-02-25 17:52:12,019] {logging_mixin.py:109} INFO - [2022-02-25 17:52:12,019] {dagbag.py:500} INFO - Filling up the DagBag from /opt/anaconda3/envs/airflow/lib/python3.7/site-packages/airflow/example_dags/plugins/workday.py
[2022-02-25 17:52:12,032] {processor.py:656} WARNING - No viable dags retrieved from /opt/anaconda3/envs/airflow/lib/python3.7/site-packages/airflow/example_dags/plugins/workday.py
[2022-02-25 17:52:12,035] {processor.py:171} INFO - Processing /opt/anaconda3/envs/airflow/lib/python3.7/site-packages/airflow/example_dags/plugins/workday.py took 0.025 seconds
[2022-02-25 17:52:47,978] {processor.py:163} INFO - Started process (PID=19678) to work on /opt/anaconda3/envs/airflow/lib/python3.7/site-packages/airflow/example_dags/plugins/workday.py
[2022-02-25 17:52:47,979] {processor.py:642} INFO - Processing file /opt/anaconda3/envs/airflow/lib/python3.7/site-packages/airflow/example_dags/plugins/workday.py for tasks to queue
[2022-02-25 17:52:47,980] {logging_mixin.py:109} INFO - [2022-02-25 17:52:47,980] {dagbag.py:500} INFO - Filling up the DagBag from /opt/anaconda3/envs/airflow/lib/python3.7/site-packages/airflow/example_dags/plugins/workday.py
[2022-02-25 17:52:47,993] {processor.py:656} WARNING - No viable dags retrieved from /opt/anaconda3/envs/airflow/lib/python3.7/site-packages/airflow/example_dags/plugins/workday.py
[2022-02-25 17:52:47,995] {processor.py:171} INFO - Processing /opt/anaconda3/envs/airflow/lib/python3.7/site-packages/airflow/example_dags/plugins/workday.py took 0.022 seconds
[2022-02-25 17:53:23,275] {processor.py:163} INFO - Started process (PID=19712) to work on /opt/anaconda3/envs/airflow/lib/python3.7/site-packages/airflow/example_dags/plugins/workday.py
[2022-02-25 17:53:23,276] {processor.py:642} INFO - Processing file /opt/anaconda3/envs/airflow/lib/python3.7/site-packages/airflow/example_dags/plugins/workday.py for tasks to queue
[2022-02-25 17:53:23,277] {logging_mixin.py:109} INFO - [2022-02-25 17:53:23,277] {dagbag.py:500} INFO - Filling up the DagBag from /opt/anaconda3/envs/airflow/lib/python3.7/site-packages/airflow/example_dags/plugins/workday.py
[2022-02-25 17:53:23,289] {processor.py:656} WARNING - No viable dags retrieved from /opt/anaconda3/envs/airflow/lib/python3.7/site-packages/airflow/example_dags/plugins/workday.py
[2022-02-25 17:53:23,292] {processor.py:171} INFO - Processing /opt/anaconda3/envs/airflow/lib/python3.7/site-packages/airflow/example_dags/plugins/workday.py took 0.022 seconds
[2022-02-25 17:54:03,362] {processor.py:163} INFO - Started process (PID=19745) to work on /opt/anaconda3/envs/airflow/lib/python3.7/site-packages/airflow/example_dags/plugins/workday.py
[2022-02-25 17:54:03,365] {processor.py:642} INFO - Processing file /opt/anaconda3/envs/airflow/lib/python3.7/site-packages/airflow/example_dags/plugins/workday.py for tasks to queue
[2022-02-25 17:54:03,366] {logging_mixin.py:109} INFO - [2022-02-25 17:54:03,366] {dagbag.py:500} INFO - Filling up the DagBag from /opt/anaconda3/envs/airflow/lib/python3.7/site-packages/airflow/example_dags/plugins/workday.py
[2022-02-25 17:54:03,385] {processor.py:656} WARNING - No viable dags retrieved from /opt/anaconda3/envs/airflow/lib/python3.7/site-packages/airflow/example_dags/plugins/workday.py
[2022-02-25 17:54:03,387] {processor.py:171} INFO - Processing /opt/anaconda3/envs/airflow/lib/python3.7/site-packages/airflow/example_dags/plugins/workday.py took 0.032 seconds
