[2022-02-28 14:59:03,957] {taskinstance.py:1037} INFO - Dependencies all met for <TaskInstance: comic_app_v2.new_comic_available scheduled__2022-01-12T00:00:00+00:00 [queued]>
[2022-02-28 14:59:03,969] {taskinstance.py:1037} INFO - Dependencies all met for <TaskInstance: comic_app_v2.new_comic_available scheduled__2022-01-12T00:00:00+00:00 [queued]>
[2022-02-28 14:59:03,969] {taskinstance.py:1243} INFO - 
--------------------------------------------------------------------------------
[2022-02-28 14:59:03,969] {taskinstance.py:1244} INFO - Starting attempt 1 of 3
[2022-02-28 14:59:03,969] {taskinstance.py:1245} INFO - 
--------------------------------------------------------------------------------
[2022-02-28 14:59:03,997] {taskinstance.py:1264} INFO - Executing <Task(BranchPythonOperator): new_comic_available> on 2022-01-12 00:00:00+00:00
[2022-02-28 14:59:03,999] {standard_task_runner.py:52} INFO - Started process 34410 to run task
[2022-02-28 14:59:04,005] {standard_task_runner.py:76} INFO - Running: ['airflow', 'tasks', 'run', 'comic_app_v2', 'new_comic_available', 'scheduled__2022-01-12T00:00:00+00:00', '--job-id', '134', '--raw', '--subdir', 'DAGS_FOLDER/comic_app_v2.py', '--cfg-path', '/var/folders/jb/grqrlwkd311flwk_zt30r7wr0000gn/T/tmpgtui7986', '--error-file', '/var/folders/jb/grqrlwkd311flwk_zt30r7wr0000gn/T/tmpwpaxuq6j']
[2022-02-28 14:59:04,007] {standard_task_runner.py:77} INFO - Job 134: Subtask new_comic_available
[2022-02-28 14:59:04,056] {logging_mixin.py:109} INFO - Running <TaskInstance: comic_app_v2.new_comic_available scheduled__2022-01-12T00:00:00+00:00 [running]> on host 1.0.0.0.0.0.0.0.0.0.0.0.0.0.0.0.0.0.0.0.0.0.0.0.0.0.0.0.0.0.0.0.ip6.arpa
[2022-02-28 14:59:04,098] {taskinstance.py:1431} INFO - Exporting the following env vars:
AIRFLOW_CTX_DAG_OWNER=Adam
AIRFLOW_CTX_DAG_ID=comic_app_v2
AIRFLOW_CTX_TASK_ID=new_comic_available
AIRFLOW_CTX_EXECUTION_DATE=2022-01-12T00:00:00+00:00
AIRFLOW_CTX_DAG_RUN_ID=scheduled__2022-01-12T00:00:00+00:00
[2022-02-28 14:59:04,102] {logging_mixin.py:109} INFO - 跟紀錄比較，有沒有新連載？
[2022-02-28 14:59:04,103] {python.py:175} INFO - Done. Returned value was: no_do_nothing
[2022-02-28 14:59:04,103] {skipmixin.py:140} INFO - Following branch no_do_nothing
[2022-02-28 14:59:04,104] {skipmixin.py:171} INFO - Skipping tasks ['yes_generate_notification']
[2022-02-28 14:59:04,127] {taskinstance.py:1282} INFO - Marking task as SUCCESS. dag_id=comic_app_v2, task_id=new_comic_available, execution_date=20220112T000000, start_date=20220228T065903, end_date=20220228T065904
[2022-02-28 14:59:04,147] {local_task_job.py:154} INFO - Task exited with return code 0
[2022-02-28 14:59:04,185] {local_task_job.py:264} INFO - 1 downstream tasks scheduled from follow-on schedule check
[2022-02-28 15:05:34,167] {taskinstance.py:1037} INFO - Dependencies all met for <TaskInstance: comic_app_v2.new_comic_available scheduled__2022-01-12T00:00:00+00:00 [queued]>
[2022-02-28 15:05:34,175] {taskinstance.py:1037} INFO - Dependencies all met for <TaskInstance: comic_app_v2.new_comic_available scheduled__2022-01-12T00:00:00+00:00 [queued]>
[2022-02-28 15:05:34,176] {taskinstance.py:1243} INFO - 
--------------------------------------------------------------------------------
[2022-02-28 15:05:34,176] {taskinstance.py:1244} INFO - Starting attempt 1 of 3
[2022-02-28 15:05:34,176] {taskinstance.py:1245} INFO - 
--------------------------------------------------------------------------------
[2022-02-28 15:05:34,185] {taskinstance.py:1264} INFO - Executing <Task(BranchPythonOperator): new_comic_available> on 2022-01-12 00:00:00+00:00
[2022-02-28 15:05:34,187] {standard_task_runner.py:52} INFO - Started process 34993 to run task
[2022-02-28 15:05:34,194] {standard_task_runner.py:76} INFO - Running: ['airflow', 'tasks', 'run', 'comic_app_v2', 'new_comic_available', 'scheduled__2022-01-12T00:00:00+00:00', '--job-id', '210', '--raw', '--subdir', 'DAGS_FOLDER/comic_app_v2.py', '--cfg-path', '/var/folders/jb/grqrlwkd311flwk_zt30r7wr0000gn/T/tmpcldpr9os', '--error-file', '/var/folders/jb/grqrlwkd311flwk_zt30r7wr0000gn/T/tmp6cp_tk_m']
[2022-02-28 15:05:34,196] {standard_task_runner.py:77} INFO - Job 210: Subtask new_comic_available
[2022-02-28 15:05:34,243] {logging_mixin.py:109} INFO - Running <TaskInstance: comic_app_v2.new_comic_available scheduled__2022-01-12T00:00:00+00:00 [running]> on host 1.0.0.0.0.0.0.0.0.0.0.0.0.0.0.0.0.0.0.0.0.0.0.0.0.0.0.0.0.0.0.0.ip6.arpa
[2022-02-28 15:05:34,284] {taskinstance.py:1431} INFO - Exporting the following env vars:
AIRFLOW_CTX_DAG_OWNER=Adam
AIRFLOW_CTX_DAG_ID=comic_app_v2
AIRFLOW_CTX_TASK_ID=new_comic_available
AIRFLOW_CTX_EXECUTION_DATE=2022-01-12T00:00:00+00:00
AIRFLOW_CTX_DAG_RUN_ID=scheduled__2022-01-12T00:00:00+00:00
[2022-02-28 15:05:34,289] {logging_mixin.py:109} INFO - 跟紀錄比較，有沒有新連載？
[2022-02-28 15:05:34,289] {python.py:175} INFO - Done. Returned value was: no_do_nothing
[2022-02-28 15:05:34,289] {skipmixin.py:140} INFO - Following branch no_do_nothing
[2022-02-28 15:05:34,290] {skipmixin.py:171} INFO - Skipping tasks ['yes_generate_notification']
[2022-02-28 15:05:34,312] {taskinstance.py:1282} INFO - Marking task as SUCCESS. dag_id=comic_app_v2, task_id=new_comic_available, execution_date=20220112T000000, start_date=20220228T070534, end_date=20220228T070534
[2022-02-28 15:05:34,334] {local_task_job.py:154} INFO - Task exited with return code 0
[2022-02-28 15:05:34,369] {local_task_job.py:264} INFO - 1 downstream tasks scheduled from follow-on schedule check
