[2022-02-25 17:14:20,208] {taskinstance.py:1037} INFO - Dependencies all met for <TaskInstance: comic_app_v2.new_comic_available scheduled__2022-01-05T00:00:00+00:00 [queued]>
[2022-02-25 17:14:20,216] {taskinstance.py:1037} INFO - Dependencies all met for <TaskInstance: comic_app_v2.new_comic_available scheduled__2022-01-05T00:00:00+00:00 [queued]>
[2022-02-25 17:14:20,216] {taskinstance.py:1243} INFO - 
--------------------------------------------------------------------------------
[2022-02-25 17:14:20,216] {taskinstance.py:1244} INFO - Starting attempt 1 of 3
[2022-02-25 17:14:20,216] {taskinstance.py:1245} INFO - 
--------------------------------------------------------------------------------
[2022-02-25 17:14:20,226] {taskinstance.py:1264} INFO - Executing <Task(BranchPythonOperator): new_comic_available> on 2022-01-05 00:00:00+00:00
[2022-02-25 17:14:20,228] {standard_task_runner.py:52} INFO - Started process 17115 to run task
[2022-02-25 17:14:20,235] {standard_task_runner.py:76} INFO - Running: ['airflow', 'tasks', 'run', 'comic_app_v2', 'new_comic_available', 'scheduled__2022-01-05T00:00:00+00:00', '--job-id', '31', '--raw', '--subdir', 'DAGS_FOLDER/comic_app_v2.py', '--cfg-path', '/var/folders/jb/grqrlwkd311flwk_zt30r7wr0000gn/T/tmp1dgwjml0', '--error-file', '/var/folders/jb/grqrlwkd311flwk_zt30r7wr0000gn/T/tmpnlhryyup']
[2022-02-25 17:14:20,236] {standard_task_runner.py:77} INFO - Job 31: Subtask new_comic_available
[2022-02-25 17:14:20,287] {logging_mixin.py:109} INFO - Running <TaskInstance: comic_app_v2.new_comic_available scheduled__2022-01-05T00:00:00+00:00 [running]> on host 1.0.0.0.0.0.0.0.0.0.0.0.0.0.0.0.0.0.0.0.0.0.0.0.0.0.0.0.0.0.0.0.ip6.arpa
[2022-02-25 17:14:20,326] {taskinstance.py:1431} INFO - Exporting the following env vars:
AIRFLOW_CTX_DAG_OWNER=Adam
AIRFLOW_CTX_DAG_ID=comic_app_v2
AIRFLOW_CTX_TASK_ID=new_comic_available
AIRFLOW_CTX_EXECUTION_DATE=2022-01-05T00:00:00+00:00
AIRFLOW_CTX_DAG_RUN_ID=scheduled__2022-01-05T00:00:00+00:00
[2022-02-25 17:14:20,331] {logging_mixin.py:109} INFO - 跟紀錄比較，有沒有新連載？
[2022-02-25 17:14:20,331] {python.py:175} INFO - Done. Returned value was: no_do_nothing
[2022-02-25 17:14:20,331] {skipmixin.py:140} INFO - Following branch no_do_nothing
[2022-02-25 17:14:20,332] {skipmixin.py:171} INFO - Skipping tasks ['yes_generate_notification']
[2022-02-25 17:14:20,354] {taskinstance.py:1282} INFO - Marking task as SUCCESS. dag_id=comic_app_v2, task_id=new_comic_available, execution_date=20220105T000000, start_date=20220225T091420, end_date=20220225T091420
[2022-02-25 17:14:20,373] {local_task_job.py:154} INFO - Task exited with return code 0
[2022-02-25 17:14:20,408] {local_task_job.py:264} INFO - 1 downstream tasks scheduled from follow-on schedule check
[2022-02-25 17:19:03,639] {taskinstance.py:1037} INFO - Dependencies all met for <TaskInstance: comic_app_v2.new_comic_available scheduled__2022-01-05T00:00:00+00:00 [queued]>
[2022-02-25 17:19:03,647] {taskinstance.py:1037} INFO - Dependencies all met for <TaskInstance: comic_app_v2.new_comic_available scheduled__2022-01-05T00:00:00+00:00 [queued]>
[2022-02-25 17:19:03,647] {taskinstance.py:1243} INFO - 
--------------------------------------------------------------------------------
[2022-02-25 17:19:03,647] {taskinstance.py:1244} INFO - Starting attempt 1 of 3
[2022-02-25 17:19:03,647] {taskinstance.py:1245} INFO - 
--------------------------------------------------------------------------------
[2022-02-25 17:19:03,657] {taskinstance.py:1264} INFO - Executing <Task(BranchPythonOperator): new_comic_available> on 2022-01-05 00:00:00+00:00
[2022-02-25 17:19:03,659] {standard_task_runner.py:52} INFO - Started process 17518 to run task
[2022-02-25 17:19:03,665] {standard_task_runner.py:76} INFO - Running: ['airflow', 'tasks', 'run', 'comic_app_v2', 'new_comic_available', 'scheduled__2022-01-05T00:00:00+00:00', '--job-id', '64', '--raw', '--subdir', 'DAGS_FOLDER/comic_app_v2.py', '--cfg-path', '/var/folders/jb/grqrlwkd311flwk_zt30r7wr0000gn/T/tmpjsmicw4z', '--error-file', '/var/folders/jb/grqrlwkd311flwk_zt30r7wr0000gn/T/tmph8kaxmbj']
[2022-02-25 17:19:03,667] {standard_task_runner.py:77} INFO - Job 64: Subtask new_comic_available
[2022-02-25 17:19:03,714] {logging_mixin.py:109} INFO - Running <TaskInstance: comic_app_v2.new_comic_available scheduled__2022-01-05T00:00:00+00:00 [running]> on host 1.0.0.0.0.0.0.0.0.0.0.0.0.0.0.0.0.0.0.0.0.0.0.0.0.0.0.0.0.0.0.0.ip6.arpa
[2022-02-25 17:19:03,752] {taskinstance.py:1431} INFO - Exporting the following env vars:
AIRFLOW_CTX_DAG_OWNER=Adam
AIRFLOW_CTX_DAG_ID=comic_app_v2
AIRFLOW_CTX_TASK_ID=new_comic_available
AIRFLOW_CTX_EXECUTION_DATE=2022-01-05T00:00:00+00:00
AIRFLOW_CTX_DAG_RUN_ID=scheduled__2022-01-05T00:00:00+00:00
[2022-02-25 17:19:03,756] {logging_mixin.py:109} INFO - 跟紀錄比較，有沒有新連載？
[2022-02-25 17:19:03,757] {python.py:175} INFO - Done. Returned value was: no_do_nothing
[2022-02-25 17:19:03,757] {skipmixin.py:140} INFO - Following branch no_do_nothing
[2022-02-25 17:19:03,758] {skipmixin.py:171} INFO - Skipping tasks ['yes_generate_notification']
[2022-02-25 17:19:03,781] {taskinstance.py:1282} INFO - Marking task as SUCCESS. dag_id=comic_app_v2, task_id=new_comic_available, execution_date=20220105T000000, start_date=20220225T091903, end_date=20220225T091903
[2022-02-25 17:19:03,810] {local_task_job.py:154} INFO - Task exited with return code 0
[2022-02-25 17:19:03,843] {local_task_job.py:264} INFO - 1 downstream tasks scheduled from follow-on schedule check
[2022-02-28 14:57:49,983] {taskinstance.py:1037} INFO - Dependencies all met for <TaskInstance: comic_app_v2.new_comic_available scheduled__2022-01-05T00:00:00+00:00 [queued]>
[2022-02-28 14:57:49,990] {taskinstance.py:1037} INFO - Dependencies all met for <TaskInstance: comic_app_v2.new_comic_available scheduled__2022-01-05T00:00:00+00:00 [queued]>
[2022-02-28 14:57:49,990] {taskinstance.py:1243} INFO - 
--------------------------------------------------------------------------------
[2022-02-28 14:57:49,990] {taskinstance.py:1244} INFO - Starting attempt 1 of 3
[2022-02-28 14:57:49,990] {taskinstance.py:1245} INFO - 
--------------------------------------------------------------------------------
[2022-02-28 14:57:49,999] {taskinstance.py:1264} INFO - Executing <Task(BranchPythonOperator): new_comic_available> on 2022-01-05 00:00:00+00:00
[2022-02-28 14:57:50,002] {standard_task_runner.py:52} INFO - Started process 34259 to run task
[2022-02-28 14:57:50,007] {standard_task_runner.py:76} INFO - Running: ['airflow', 'tasks', 'run', 'comic_app_v2', 'new_comic_available', 'scheduled__2022-01-05T00:00:00+00:00', '--job-id', '106', '--raw', '--subdir', 'DAGS_FOLDER/comic_app_v2.py', '--cfg-path', '/var/folders/jb/grqrlwkd311flwk_zt30r7wr0000gn/T/tmpo6dm4pfe', '--error-file', '/var/folders/jb/grqrlwkd311flwk_zt30r7wr0000gn/T/tmpm_6ozc_l']
[2022-02-28 14:57:50,009] {standard_task_runner.py:77} INFO - Job 106: Subtask new_comic_available
[2022-02-28 14:57:50,054] {logging_mixin.py:109} INFO - Running <TaskInstance: comic_app_v2.new_comic_available scheduled__2022-01-05T00:00:00+00:00 [running]> on host 1.0.0.0.0.0.0.0.0.0.0.0.0.0.0.0.0.0.0.0.0.0.0.0.0.0.0.0.0.0.0.0.ip6.arpa
[2022-02-28 14:57:50,093] {taskinstance.py:1431} INFO - Exporting the following env vars:
AIRFLOW_CTX_DAG_OWNER=Adam
AIRFLOW_CTX_DAG_ID=comic_app_v2
AIRFLOW_CTX_TASK_ID=new_comic_available
AIRFLOW_CTX_EXECUTION_DATE=2022-01-05T00:00:00+00:00
AIRFLOW_CTX_DAG_RUN_ID=scheduled__2022-01-05T00:00:00+00:00
[2022-02-28 14:57:50,097] {logging_mixin.py:109} INFO - 跟紀錄比較，有沒有新連載？
[2022-02-28 14:57:50,097] {python.py:175} INFO - Done. Returned value was: no_do_nothing
[2022-02-28 14:57:50,097] {skipmixin.py:140} INFO - Following branch no_do_nothing
[2022-02-28 14:57:50,098] {skipmixin.py:171} INFO - Skipping tasks ['yes_generate_notification']
[2022-02-28 14:57:50,119] {taskinstance.py:1282} INFO - Marking task as SUCCESS. dag_id=comic_app_v2, task_id=new_comic_available, execution_date=20220105T000000, start_date=20220228T065749, end_date=20220228T065750
[2022-02-28 14:57:50,148] {local_task_job.py:154} INFO - Task exited with return code 0
[2022-02-28 14:57:50,182] {local_task_job.py:264} INFO - 1 downstream tasks scheduled from follow-on schedule check
[2022-02-28 15:04:00,622] {taskinstance.py:1037} INFO - Dependencies all met for <TaskInstance: comic_app_v2.new_comic_available scheduled__2022-01-05T00:00:00+00:00 [queued]>
[2022-02-28 15:04:00,631] {taskinstance.py:1037} INFO - Dependencies all met for <TaskInstance: comic_app_v2.new_comic_available scheduled__2022-01-05T00:00:00+00:00 [queued]>
[2022-02-28 15:04:00,631] {taskinstance.py:1243} INFO - 
--------------------------------------------------------------------------------
[2022-02-28 15:04:00,631] {taskinstance.py:1244} INFO - Starting attempt 1 of 3
[2022-02-28 15:04:00,631] {taskinstance.py:1245} INFO - 
--------------------------------------------------------------------------------
[2022-02-28 15:04:00,640] {taskinstance.py:1264} INFO - Executing <Task(BranchPythonOperator): new_comic_available> on 2022-01-05 00:00:00+00:00
[2022-02-28 15:04:00,642] {standard_task_runner.py:52} INFO - Started process 34800 to run task
[2022-02-28 15:04:00,648] {standard_task_runner.py:76} INFO - Running: ['airflow', 'tasks', 'run', 'comic_app_v2', 'new_comic_available', 'scheduled__2022-01-05T00:00:00+00:00', '--job-id', '174', '--raw', '--subdir', 'DAGS_FOLDER/comic_app_v2.py', '--cfg-path', '/var/folders/jb/grqrlwkd311flwk_zt30r7wr0000gn/T/tmp51glsz4t', '--error-file', '/var/folders/jb/grqrlwkd311flwk_zt30r7wr0000gn/T/tmp9fwl72eq']
[2022-02-28 15:04:00,651] {standard_task_runner.py:77} INFO - Job 174: Subtask new_comic_available
[2022-02-28 15:04:00,698] {logging_mixin.py:109} INFO - Running <TaskInstance: comic_app_v2.new_comic_available scheduled__2022-01-05T00:00:00+00:00 [running]> on host 1.0.0.0.0.0.0.0.0.0.0.0.0.0.0.0.0.0.0.0.0.0.0.0.0.0.0.0.0.0.0.0.ip6.arpa
[2022-02-28 15:04:00,738] {taskinstance.py:1431} INFO - Exporting the following env vars:
AIRFLOW_CTX_DAG_OWNER=Adam
AIRFLOW_CTX_DAG_ID=comic_app_v2
AIRFLOW_CTX_TASK_ID=new_comic_available
AIRFLOW_CTX_EXECUTION_DATE=2022-01-05T00:00:00+00:00
AIRFLOW_CTX_DAG_RUN_ID=scheduled__2022-01-05T00:00:00+00:00
[2022-02-28 15:04:00,743] {logging_mixin.py:109} INFO - 跟紀錄比較，有沒有新連載？
[2022-02-28 15:04:00,743] {python.py:175} INFO - Done. Returned value was: no_do_nothing
[2022-02-28 15:04:00,743] {skipmixin.py:140} INFO - Following branch no_do_nothing
[2022-02-28 15:04:00,744] {skipmixin.py:171} INFO - Skipping tasks ['yes_generate_notification']
[2022-02-28 15:04:00,765] {taskinstance.py:1282} INFO - Marking task as SUCCESS. dag_id=comic_app_v2, task_id=new_comic_available, execution_date=20220105T000000, start_date=20220228T070400, end_date=20220228T070400
[2022-02-28 15:04:00,790] {local_task_job.py:154} INFO - Task exited with return code 0
[2022-02-28 15:04:00,828] {local_task_job.py:264} INFO - 1 downstream tasks scheduled from follow-on schedule check
[2022-02-28 15:08:12,307] {taskinstance.py:1037} INFO - Dependencies all met for <TaskInstance: comic_app_v2.new_comic_available scheduled__2022-01-05T00:00:00+00:00 [queued]>
[2022-02-28 15:08:12,314] {taskinstance.py:1037} INFO - Dependencies all met for <TaskInstance: comic_app_v2.new_comic_available scheduled__2022-01-05T00:00:00+00:00 [queued]>
[2022-02-28 15:08:12,314] {taskinstance.py:1243} INFO - 
--------------------------------------------------------------------------------
[2022-02-28 15:08:12,314] {taskinstance.py:1244} INFO - Starting attempt 1 of 3
[2022-02-28 15:08:12,314] {taskinstance.py:1245} INFO - 
--------------------------------------------------------------------------------
[2022-02-28 15:08:12,324] {taskinstance.py:1264} INFO - Executing <Task(BranchPythonOperator): new_comic_available> on 2022-01-05 00:00:00+00:00
[2022-02-28 15:08:12,326] {standard_task_runner.py:52} INFO - Started process 35315 to run task
[2022-02-28 15:08:12,332] {standard_task_runner.py:76} INFO - Running: ['airflow', 'tasks', 'run', 'comic_app_v2', 'new_comic_available', 'scheduled__2022-01-05T00:00:00+00:00', '--job-id', '234', '--raw', '--subdir', 'DAGS_FOLDER/comic_app_v2.py', '--cfg-path', '/var/folders/jb/grqrlwkd311flwk_zt30r7wr0000gn/T/tmpabcwh9i_', '--error-file', '/var/folders/jb/grqrlwkd311flwk_zt30r7wr0000gn/T/tmpc8snumbo']
[2022-02-28 15:08:12,336] {standard_task_runner.py:77} INFO - Job 234: Subtask new_comic_available
[2022-02-28 15:08:12,389] {logging_mixin.py:109} INFO - Running <TaskInstance: comic_app_v2.new_comic_available scheduled__2022-01-05T00:00:00+00:00 [running]> on host 1.0.0.0.0.0.0.0.0.0.0.0.0.0.0.0.0.0.0.0.0.0.0.0.0.0.0.0.0.0.0.0.ip6.arpa
[2022-02-28 15:08:12,430] {taskinstance.py:1431} INFO - Exporting the following env vars:
AIRFLOW_CTX_DAG_OWNER=Adam
AIRFLOW_CTX_DAG_ID=comic_app_v2
AIRFLOW_CTX_TASK_ID=new_comic_available
AIRFLOW_CTX_EXECUTION_DATE=2022-01-05T00:00:00+00:00
AIRFLOW_CTX_DAG_RUN_ID=scheduled__2022-01-05T00:00:00+00:00
[2022-02-28 15:08:12,435] {logging_mixin.py:109} INFO - 跟紀錄比較，有沒有新連載？
[2022-02-28 15:08:12,435] {python.py:175} INFO - Done. Returned value was: no_do_nothing
[2022-02-28 15:08:12,436] {skipmixin.py:140} INFO - Following branch no_do_nothing
[2022-02-28 15:08:12,436] {skipmixin.py:171} INFO - Skipping tasks ['yes_generate_notification']
[2022-02-28 15:08:12,459] {taskinstance.py:1282} INFO - Marking task as SUCCESS. dag_id=comic_app_v2, task_id=new_comic_available, execution_date=20220105T000000, start_date=20220228T070812, end_date=20220228T070812
[2022-02-28 15:08:12,515] {local_task_job.py:154} INFO - Task exited with return code 0
[2022-02-28 15:08:12,561] {local_task_job.py:264} INFO - 1 downstream tasks scheduled from follow-on schedule check
[2022-02-28 15:09:55,306] {taskinstance.py:1037} INFO - Dependencies all met for <TaskInstance: comic_app_v2.new_comic_available scheduled__2022-01-05T00:00:00+00:00 [queued]>
[2022-02-28 15:09:55,317] {taskinstance.py:1037} INFO - Dependencies all met for <TaskInstance: comic_app_v2.new_comic_available scheduled__2022-01-05T00:00:00+00:00 [queued]>
[2022-02-28 15:09:55,317] {taskinstance.py:1243} INFO - 
--------------------------------------------------------------------------------
[2022-02-28 15:09:55,317] {taskinstance.py:1244} INFO - Starting attempt 1 of 3
[2022-02-28 15:09:55,317] {taskinstance.py:1245} INFO - 
--------------------------------------------------------------------------------
[2022-02-28 15:09:55,332] {taskinstance.py:1264} INFO - Executing <Task(BranchPythonOperator): new_comic_available> on 2022-01-05 00:00:00+00:00
[2022-02-28 15:09:55,336] {standard_task_runner.py:52} INFO - Started process 35530 to run task
[2022-02-28 15:09:55,343] {standard_task_runner.py:76} INFO - Running: ['airflow', 'tasks', 'run', 'comic_app_v2', 'new_comic_available', 'scheduled__2022-01-05T00:00:00+00:00', '--job-id', '255', '--raw', '--subdir', 'DAGS_FOLDER/comic_app_v2.py', '--cfg-path', '/var/folders/jb/grqrlwkd311flwk_zt30r7wr0000gn/T/tmpi7osutay', '--error-file', '/var/folders/jb/grqrlwkd311flwk_zt30r7wr0000gn/T/tmphcv5zvgg']
[2022-02-28 15:09:55,346] {standard_task_runner.py:77} INFO - Job 255: Subtask new_comic_available
[2022-02-28 15:09:55,418] {logging_mixin.py:109} INFO - Running <TaskInstance: comic_app_v2.new_comic_available scheduled__2022-01-05T00:00:00+00:00 [running]> on host 1.0.0.0.0.0.0.0.0.0.0.0.0.0.0.0.0.0.0.0.0.0.0.0.0.0.0.0.0.0.0.0.ip6.arpa
[2022-02-28 15:09:55,471] {taskinstance.py:1431} INFO - Exporting the following env vars:
AIRFLOW_CTX_DAG_OWNER=Adam
AIRFLOW_CTX_DAG_ID=comic_app_v2
AIRFLOW_CTX_TASK_ID=new_comic_available
AIRFLOW_CTX_EXECUTION_DATE=2022-01-05T00:00:00+00:00
AIRFLOW_CTX_DAG_RUN_ID=scheduled__2022-01-05T00:00:00+00:00
[2022-02-28 15:09:55,477] {logging_mixin.py:109} INFO - 跟紀錄比較，有沒有新連載？
[2022-02-28 15:09:55,477] {python.py:175} INFO - Done. Returned value was: no_do_nothing
[2022-02-28 15:09:55,477] {skipmixin.py:140} INFO - Following branch no_do_nothing
[2022-02-28 15:09:55,478] {skipmixin.py:171} INFO - Skipping tasks ['yes_generate_notification']
[2022-02-28 15:09:55,504] {taskinstance.py:1282} INFO - Marking task as SUCCESS. dag_id=comic_app_v2, task_id=new_comic_available, execution_date=20220105T000000, start_date=20220228T070955, end_date=20220228T070955
[2022-02-28 15:09:55,544] {local_task_job.py:154} INFO - Task exited with return code 0
[2022-02-28 15:09:55,582] {local_task_job.py:264} INFO - 1 downstream tasks scheduled from follow-on schedule check
[2022-02-28 15:15:05,014] {taskinstance.py:1037} INFO - Dependencies all met for <TaskInstance: comic_app_v2.new_comic_available scheduled__2022-01-05T00:00:00+00:00 [queued]>
[2022-02-28 15:15:05,023] {taskinstance.py:1037} INFO - Dependencies all met for <TaskInstance: comic_app_v2.new_comic_available scheduled__2022-01-05T00:00:00+00:00 [queued]>
[2022-02-28 15:15:05,023] {taskinstance.py:1243} INFO - 
--------------------------------------------------------------------------------
[2022-02-28 15:15:05,023] {taskinstance.py:1244} INFO - Starting attempt 1 of 3
[2022-02-28 15:15:05,023] {taskinstance.py:1245} INFO - 
--------------------------------------------------------------------------------
[2022-02-28 15:15:05,035] {taskinstance.py:1264} INFO - Executing <Task(BranchPythonOperator): new_comic_available> on 2022-01-05 00:00:00+00:00
[2022-02-28 15:15:05,037] {standard_task_runner.py:52} INFO - Started process 35954 to run task
[2022-02-28 15:15:05,043] {standard_task_runner.py:76} INFO - Running: ['airflow', 'tasks', 'run', 'comic_app_v2', 'new_comic_available', 'scheduled__2022-01-05T00:00:00+00:00', '--job-id', '275', '--raw', '--subdir', 'DAGS_FOLDER/comic_app_v2.py', '--cfg-path', '/var/folders/jb/grqrlwkd311flwk_zt30r7wr0000gn/T/tmpt5e02d6_', '--error-file', '/var/folders/jb/grqrlwkd311flwk_zt30r7wr0000gn/T/tmp0uib9k9t']
[2022-02-28 15:15:05,046] {standard_task_runner.py:77} INFO - Job 275: Subtask new_comic_available
[2022-02-28 15:15:05,100] {logging_mixin.py:109} INFO - Running <TaskInstance: comic_app_v2.new_comic_available scheduled__2022-01-05T00:00:00+00:00 [running]> on host 1.0.0.0.0.0.0.0.0.0.0.0.0.0.0.0.0.0.0.0.0.0.0.0.0.0.0.0.0.0.0.0.ip6.arpa
[2022-02-28 15:15:05,143] {taskinstance.py:1431} INFO - Exporting the following env vars:
AIRFLOW_CTX_DAG_OWNER=Adam
AIRFLOW_CTX_DAG_ID=comic_app_v2
AIRFLOW_CTX_TASK_ID=new_comic_available
AIRFLOW_CTX_EXECUTION_DATE=2022-01-05T00:00:00+00:00
AIRFLOW_CTX_DAG_RUN_ID=scheduled__2022-01-05T00:00:00+00:00
[2022-02-28 15:15:05,148] {logging_mixin.py:109} INFO - 跟紀錄比較，有沒有新連載？
[2022-02-28 15:15:05,148] {python.py:175} INFO - Done. Returned value was: no_do_nothing
[2022-02-28 15:15:05,149] {skipmixin.py:140} INFO - Following branch no_do_nothing
[2022-02-28 15:15:05,149] {skipmixin.py:171} INFO - Skipping tasks ['yes_generate_notification']
[2022-02-28 15:15:05,186] {taskinstance.py:1282} INFO - Marking task as SUCCESS. dag_id=comic_app_v2, task_id=new_comic_available, execution_date=20220105T000000, start_date=20220228T071505, end_date=20220228T071505
[2022-02-28 15:15:05,253] {local_task_job.py:154} INFO - Task exited with return code 0
[2022-02-28 15:15:05,326] {local_task_job.py:264} INFO - 1 downstream tasks scheduled from follow-on schedule check
[2022-02-28 15:18:40,161] {taskinstance.py:1037} INFO - Dependencies all met for <TaskInstance: comic_app_v2.new_comic_available scheduled__2022-01-05T00:00:00+00:00 [queued]>
[2022-02-28 15:18:40,168] {taskinstance.py:1037} INFO - Dependencies all met for <TaskInstance: comic_app_v2.new_comic_available scheduled__2022-01-05T00:00:00+00:00 [queued]>
[2022-02-28 15:18:40,168] {taskinstance.py:1243} INFO - 
--------------------------------------------------------------------------------
[2022-02-28 15:18:40,169] {taskinstance.py:1244} INFO - Starting attempt 1 of 3
[2022-02-28 15:18:40,169] {taskinstance.py:1245} INFO - 
--------------------------------------------------------------------------------
[2022-02-28 15:18:40,178] {taskinstance.py:1264} INFO - Executing <Task(BranchPythonOperator): new_comic_available> on 2022-01-05 00:00:00+00:00
[2022-02-28 15:18:40,180] {standard_task_runner.py:52} INFO - Started process 36246 to run task
[2022-02-28 15:18:40,185] {standard_task_runner.py:76} INFO - Running: ['airflow', 'tasks', 'run', 'comic_app_v2', 'new_comic_available', 'scheduled__2022-01-05T00:00:00+00:00', '--job-id', '292', '--raw', '--subdir', 'DAGS_FOLDER/comic_app_v2.py', '--cfg-path', '/var/folders/jb/grqrlwkd311flwk_zt30r7wr0000gn/T/tmpm9ugsec_', '--error-file', '/var/folders/jb/grqrlwkd311flwk_zt30r7wr0000gn/T/tmpbialh7ql']
[2022-02-28 15:18:40,187] {standard_task_runner.py:77} INFO - Job 292: Subtask new_comic_available
[2022-02-28 15:18:40,228] {logging_mixin.py:109} INFO - Running <TaskInstance: comic_app_v2.new_comic_available scheduled__2022-01-05T00:00:00+00:00 [running]> on host 1.0.0.0.0.0.0.0.0.0.0.0.0.0.0.0.0.0.0.0.0.0.0.0.0.0.0.0.0.0.0.0.ip6.arpa
[2022-02-28 15:18:40,263] {taskinstance.py:1431} INFO - Exporting the following env vars:
AIRFLOW_CTX_DAG_OWNER=Adam
AIRFLOW_CTX_DAG_ID=comic_app_v2
AIRFLOW_CTX_TASK_ID=new_comic_available
AIRFLOW_CTX_EXECUTION_DATE=2022-01-05T00:00:00+00:00
AIRFLOW_CTX_DAG_RUN_ID=scheduled__2022-01-05T00:00:00+00:00
[2022-02-28 15:18:40,268] {logging_mixin.py:109} INFO - 跟紀錄比較，有沒有新連載？
[2022-02-28 15:18:40,268] {python.py:175} INFO - Done. Returned value was: yes_generate_notification
[2022-02-28 15:18:40,269] {skipmixin.py:140} INFO - Following branch yes_generate_notification
[2022-02-28 15:18:40,269] {skipmixin.py:171} INFO - Skipping tasks ['no_do_nothing']
[2022-02-28 15:18:40,290] {taskinstance.py:1282} INFO - Marking task as SUCCESS. dag_id=comic_app_v2, task_id=new_comic_available, execution_date=20220105T000000, start_date=20220228T071840, end_date=20220228T071840
[2022-02-28 15:18:40,329] {local_task_job.py:154} INFO - Task exited with return code 0
[2022-02-28 15:18:40,360] {local_task_job.py:264} INFO - 1 downstream tasks scheduled from follow-on schedule check
