[2022-02-25 17:13:20,688] {taskinstance.py:1037} INFO - Dependencies all met for <TaskInstance: comic_app_v2.get_read_history scheduled__2022-01-02T00:00:00+00:00 [queued]>
[2022-02-25 17:13:20,696] {taskinstance.py:1037} INFO - Dependencies all met for <TaskInstance: comic_app_v2.get_read_history scheduled__2022-01-02T00:00:00+00:00 [queued]>
[2022-02-25 17:13:20,696] {taskinstance.py:1243} INFO - 
--------------------------------------------------------------------------------
[2022-02-25 17:13:20,696] {taskinstance.py:1244} INFO - Starting attempt 1 of 3
[2022-02-25 17:13:20,696] {taskinstance.py:1245} INFO - 
--------------------------------------------------------------------------------
[2022-02-25 17:13:20,706] {taskinstance.py:1264} INFO - Executing <Task(PythonOperator): get_read_history> on 2022-01-02 00:00:00+00:00
[2022-02-25 17:13:20,708] {standard_task_runner.py:52} INFO - Started process 16965 to run task
[2022-02-25 17:13:20,714] {standard_task_runner.py:76} INFO - Running: ['airflow', 'tasks', 'run', 'comic_app_v2', 'get_read_history', 'scheduled__2022-01-02T00:00:00+00:00', '--job-id', '8', '--raw', '--subdir', 'DAGS_FOLDER/comic_app_v2.py', '--cfg-path', '/var/folders/jb/grqrlwkd311flwk_zt30r7wr0000gn/T/tmpc1sghuhz', '--error-file', '/var/folders/jb/grqrlwkd311flwk_zt30r7wr0000gn/T/tmp2ofl6d92']
[2022-02-25 17:13:20,715] {standard_task_runner.py:77} INFO - Job 8: Subtask get_read_history
[2022-02-25 17:13:20,761] {logging_mixin.py:109} INFO - Running <TaskInstance: comic_app_v2.get_read_history scheduled__2022-01-02T00:00:00+00:00 [running]> on host 1.0.0.0.0.0.0.0.0.0.0.0.0.0.0.0.0.0.0.0.0.0.0.0.0.0.0.0.0.0.0.0.ip6.arpa
[2022-02-25 17:13:20,797] {taskinstance.py:1431} INFO - Exporting the following env vars:
AIRFLOW_CTX_DAG_OWNER=Adam
AIRFLOW_CTX_DAG_ID=comic_app_v2
AIRFLOW_CTX_TASK_ID=get_read_history
AIRFLOW_CTX_EXECUTION_DATE=2022-01-02T00:00:00+00:00
AIRFLOW_CTX_DAG_RUN_ID=scheduled__2022-01-02T00:00:00+00:00
[2022-02-25 17:13:20,798] {logging_mixin.py:109} INFO - 取得使用者的閱讀紀錄
[2022-02-25 17:13:20,798] {python.py:175} INFO - Done. Returned value was: None
[2022-02-25 17:13:20,805] {taskinstance.py:1282} INFO - Marking task as SUCCESS. dag_id=comic_app_v2, task_id=get_read_history, execution_date=20220102T000000, start_date=20220225T091320, end_date=20220225T091320
[2022-02-25 17:13:20,855] {local_task_job.py:154} INFO - Task exited with return code 0
[2022-02-25 17:13:20,889] {local_task_job.py:264} INFO - 1 downstream tasks scheduled from follow-on schedule check
[2022-02-25 17:18:16,876] {taskinstance.py:1037} INFO - Dependencies all met for <TaskInstance: comic_app_v2.get_read_history scheduled__2022-01-02T00:00:00+00:00 [queued]>
[2022-02-25 17:18:16,890] {taskinstance.py:1037} INFO - Dependencies all met for <TaskInstance: comic_app_v2.get_read_history scheduled__2022-01-02T00:00:00+00:00 [queued]>
[2022-02-25 17:18:16,891] {taskinstance.py:1243} INFO - 
--------------------------------------------------------------------------------
[2022-02-25 17:18:16,891] {taskinstance.py:1244} INFO - Starting attempt 1 of 3
[2022-02-25 17:18:16,891] {taskinstance.py:1245} INFO - 
--------------------------------------------------------------------------------
[2022-02-25 17:18:16,908] {taskinstance.py:1264} INFO - Executing <Task(PythonOperator): get_read_history> on 2022-01-02 00:00:00+00:00
[2022-02-25 17:18:16,911] {standard_task_runner.py:52} INFO - Started process 17407 to run task
[2022-02-25 17:18:16,919] {standard_task_runner.py:76} INFO - Running: ['airflow', 'tasks', 'run', 'comic_app_v2', 'get_read_history', 'scheduled__2022-01-02T00:00:00+00:00', '--job-id', '44', '--raw', '--subdir', 'DAGS_FOLDER/comic_app_v2.py', '--cfg-path', '/var/folders/jb/grqrlwkd311flwk_zt30r7wr0000gn/T/tmpt0b2lmiy', '--error-file', '/var/folders/jb/grqrlwkd311flwk_zt30r7wr0000gn/T/tmpouhyfnch']
[2022-02-25 17:18:16,921] {standard_task_runner.py:77} INFO - Job 44: Subtask get_read_history
[2022-02-25 17:18:16,966] {logging_mixin.py:109} INFO - Running <TaskInstance: comic_app_v2.get_read_history scheduled__2022-01-02T00:00:00+00:00 [running]> on host 1.0.0.0.0.0.0.0.0.0.0.0.0.0.0.0.0.0.0.0.0.0.0.0.0.0.0.0.0.0.0.0.ip6.arpa
[2022-02-25 17:18:17,006] {taskinstance.py:1431} INFO - Exporting the following env vars:
AIRFLOW_CTX_DAG_OWNER=Adam
AIRFLOW_CTX_DAG_ID=comic_app_v2
AIRFLOW_CTX_TASK_ID=get_read_history
AIRFLOW_CTX_EXECUTION_DATE=2022-01-02T00:00:00+00:00
AIRFLOW_CTX_DAG_RUN_ID=scheduled__2022-01-02T00:00:00+00:00
[2022-02-25 17:18:17,007] {logging_mixin.py:109} INFO - 取得使用者的閱讀紀錄
[2022-02-25 17:18:17,007] {python.py:175} INFO - Done. Returned value was: None
[2022-02-25 17:18:17,015] {taskinstance.py:1282} INFO - Marking task as SUCCESS. dag_id=comic_app_v2, task_id=get_read_history, execution_date=20220102T000000, start_date=20220225T091816, end_date=20220225T091817
[2022-02-25 17:18:17,055] {local_task_job.py:154} INFO - Task exited with return code 0
[2022-02-25 17:18:17,090] {local_task_job.py:264} INFO - 1 downstream tasks scheduled from follow-on schedule check
