[2022-02-25 17:14:12,782] {taskinstance.py:1037} INFO - Dependencies all met for <TaskInstance: comic_app_v2.send_notification scheduled__2022-01-02T00:00:00+00:00 [queued]>
[2022-02-25 17:14:12,790] {taskinstance.py:1037} INFO - Dependencies all met for <TaskInstance: comic_app_v2.send_notification scheduled__2022-01-02T00:00:00+00:00 [queued]>
[2022-02-25 17:14:12,790] {taskinstance.py:1243} INFO - 
--------------------------------------------------------------------------------
[2022-02-25 17:14:12,790] {taskinstance.py:1244} INFO - Starting attempt 1 of 3
[2022-02-25 17:14:12,790] {taskinstance.py:1245} INFO - 
--------------------------------------------------------------------------------
[2022-02-25 17:14:12,800] {taskinstance.py:1264} INFO - Executing <Task(SlackAPIPostOperator): send_notification> on 2022-01-02 00:00:00+00:00
[2022-02-25 17:14:12,802] {standard_task_runner.py:52} INFO - Started process 17095 to run task
[2022-02-25 17:14:12,808] {standard_task_runner.py:76} INFO - Running: ['airflow', 'tasks', 'run', 'comic_app_v2', 'send_notification', 'scheduled__2022-01-02T00:00:00+00:00', '--job-id', '28', '--raw', '--subdir', 'DAGS_FOLDER/comic_app_v2.py', '--cfg-path', '/var/folders/jb/grqrlwkd311flwk_zt30r7wr0000gn/T/tmpvpmvduj6', '--error-file', '/var/folders/jb/grqrlwkd311flwk_zt30r7wr0000gn/T/tmp88asa2ip']
[2022-02-25 17:14:12,810] {standard_task_runner.py:77} INFO - Job 28: Subtask send_notification
[2022-02-25 17:14:12,872] {logging_mixin.py:109} INFO - Running <TaskInstance: comic_app_v2.send_notification scheduled__2022-01-02T00:00:00+00:00 [running]> on host 1.0.0.0.0.0.0.0.0.0.0.0.0.0.0.0.0.0.0.0.0.0.0.0.0.0.0.0.0.0.0.0.ip6.arpa
[2022-02-25 17:14:12,916] {taskinstance.py:1431} INFO - Exporting the following env vars:
AIRFLOW_CTX_DAG_OWNER=Adam
AIRFLOW_CTX_DAG_ID=comic_app_v2
AIRFLOW_CTX_TASK_ID=send_notification
AIRFLOW_CTX_EXECUTION_DATE=2022-01-02T00:00:00+00:00
AIRFLOW_CTX_DAG_RUN_ID=scheduled__2022-01-02T00:00:00+00:00
[2022-02-25 17:14:13,531] {taskinstance.py:1282} INFO - Marking task as SUCCESS. dag_id=comic_app_v2, task_id=send_notification, execution_date=20220102T000000, start_date=20220225T091412, end_date=20220225T091413
[2022-02-25 17:14:13,556] {local_task_job.py:154} INFO - Task exited with return code 0
[2022-02-25 17:14:13,578] {local_task_job.py:264} INFO - 1 downstream tasks scheduled from follow-on schedule check
[2022-02-25 17:18:58,120] {taskinstance.py:1037} INFO - Dependencies all met for <TaskInstance: comic_app_v2.send_notification scheduled__2022-01-02T00:00:00+00:00 [queued]>
[2022-02-25 17:18:58,130] {taskinstance.py:1037} INFO - Dependencies all met for <TaskInstance: comic_app_v2.send_notification scheduled__2022-01-02T00:00:00+00:00 [queued]>
[2022-02-25 17:18:58,130] {taskinstance.py:1243} INFO - 
--------------------------------------------------------------------------------
[2022-02-25 17:18:58,130] {taskinstance.py:1244} INFO - Starting attempt 1 of 3
[2022-02-25 17:18:58,130] {taskinstance.py:1245} INFO - 
--------------------------------------------------------------------------------
[2022-02-25 17:18:58,140] {taskinstance.py:1264} INFO - Executing <Task(SlackAPIPostOperator): send_notification> on 2022-01-02 00:00:00+00:00
[2022-02-25 17:18:58,143] {standard_task_runner.py:52} INFO - Started process 17504 to run task
[2022-02-25 17:18:58,148] {standard_task_runner.py:76} INFO - Running: ['airflow', 'tasks', 'run', 'comic_app_v2', 'send_notification', 'scheduled__2022-01-02T00:00:00+00:00', '--job-id', '62', '--raw', '--subdir', 'DAGS_FOLDER/comic_app_v2.py', '--cfg-path', '/var/folders/jb/grqrlwkd311flwk_zt30r7wr0000gn/T/tmpkc8ppryw', '--error-file', '/var/folders/jb/grqrlwkd311flwk_zt30r7wr0000gn/T/tmpvx65844y']
[2022-02-25 17:18:58,151] {standard_task_runner.py:77} INFO - Job 62: Subtask send_notification
[2022-02-25 17:18:58,201] {logging_mixin.py:109} INFO - Running <TaskInstance: comic_app_v2.send_notification scheduled__2022-01-02T00:00:00+00:00 [running]> on host 1.0.0.0.0.0.0.0.0.0.0.0.0.0.0.0.0.0.0.0.0.0.0.0.0.0.0.0.0.0.0.0.ip6.arpa
[2022-02-25 17:18:58,248] {taskinstance.py:1431} INFO - Exporting the following env vars:
AIRFLOW_CTX_DAG_OWNER=Adam
AIRFLOW_CTX_DAG_ID=comic_app_v2
AIRFLOW_CTX_TASK_ID=send_notification
AIRFLOW_CTX_EXECUTION_DATE=2022-01-02T00:00:00+00:00
AIRFLOW_CTX_DAG_RUN_ID=scheduled__2022-01-02T00:00:00+00:00
[2022-02-25 17:18:58,871] {taskinstance.py:1282} INFO - Marking task as SUCCESS. dag_id=comic_app_v2, task_id=send_notification, execution_date=20220102T000000, start_date=20220225T091858, end_date=20220225T091858
[2022-02-25 17:18:58,918] {local_task_job.py:154} INFO - Task exited with return code 0
[2022-02-25 17:18:58,948] {local_task_job.py:264} INFO - 1 downstream tasks scheduled from follow-on schedule check
