[2022-02-28 14:59:16,272] {taskinstance.py:1037} INFO - Dependencies all met for <TaskInstance: comic_app_v2.check_comic_info scheduled__2022-01-15T00:00:00+00:00 [queued]>
[2022-02-28 14:59:16,281] {taskinstance.py:1037} INFO - Dependencies all met for <TaskInstance: comic_app_v2.check_comic_info scheduled__2022-01-15T00:00:00+00:00 [queued]>
[2022-02-28 14:59:16,281] {taskinstance.py:1243} INFO - 
--------------------------------------------------------------------------------
[2022-02-28 14:59:16,281] {taskinstance.py:1244} INFO - Starting attempt 1 of 3
[2022-02-28 14:59:16,282] {taskinstance.py:1245} INFO - 
--------------------------------------------------------------------------------
[2022-02-28 14:59:16,291] {taskinstance.py:1264} INFO - Executing <Task(PythonOperator): check_comic_info> on 2022-01-15 00:00:00+00:00
[2022-02-28 14:59:16,293] {standard_task_runner.py:52} INFO - Started process 34437 to run task
[2022-02-28 14:59:16,299] {standard_task_runner.py:76} INFO - Running: ['airflow', 'tasks', 'run', 'comic_app_v2', 'check_comic_info', 'scheduled__2022-01-15T00:00:00+00:00', '--job-id', '139', '--raw', '--subdir', 'DAGS_FOLDER/comic_app_v2.py', '--cfg-path', '/var/folders/jb/grqrlwkd311flwk_zt30r7wr0000gn/T/tmpoojpw5s9', '--error-file', '/var/folders/jb/grqrlwkd311flwk_zt30r7wr0000gn/T/tmpfnav4h7y']
[2022-02-28 14:59:16,301] {standard_task_runner.py:77} INFO - Job 139: Subtask check_comic_info
[2022-02-28 14:59:16,349] {logging_mixin.py:109} INFO - Running <TaskInstance: comic_app_v2.check_comic_info scheduled__2022-01-15T00:00:00+00:00 [running]> on host 1.0.0.0.0.0.0.0.0.0.0.0.0.0.0.0.0.0.0.0.0.0.0.0.0.0.0.0.0.0.0.0.ip6.arpa
[2022-02-28 14:59:16,388] {taskinstance.py:1431} INFO - Exporting the following env vars:
AIRFLOW_CTX_DAG_OWNER=Adam
AIRFLOW_CTX_DAG_ID=comic_app_v2
AIRFLOW_CTX_TASK_ID=check_comic_info
AIRFLOW_CTX_EXECUTION_DATE=2022-01-15T00:00:00+00:00
AIRFLOW_CTX_DAG_RUN_ID=scheduled__2022-01-15T00:00:00+00:00
[2022-02-28 14:59:16,393] {logging_mixin.py:109} INFO - 去漫畫網站看有沒有新的章節
[2022-02-28 14:59:16,393] {python.py:175} INFO - Done. Returned value was: (False, None)
[2022-02-28 14:59:16,406] {taskinstance.py:1282} INFO - Marking task as SUCCESS. dag_id=comic_app_v2, task_id=check_comic_info, execution_date=20220115T000000, start_date=20220228T065916, end_date=20220228T065916
[2022-02-28 14:59:16,444] {local_task_job.py:154} INFO - Task exited with return code 0
[2022-02-28 14:59:16,477] {local_task_job.py:264} INFO - 1 downstream tasks scheduled from follow-on schedule check
[2022-02-28 15:05:45,431] {taskinstance.py:1037} INFO - Dependencies all met for <TaskInstance: comic_app_v2.check_comic_info scheduled__2022-01-15T00:00:00+00:00 [queued]>
[2022-02-28 15:05:45,442] {taskinstance.py:1037} INFO - Dependencies all met for <TaskInstance: comic_app_v2.check_comic_info scheduled__2022-01-15T00:00:00+00:00 [queued]>
[2022-02-28 15:05:45,442] {taskinstance.py:1243} INFO - 
--------------------------------------------------------------------------------
[2022-02-28 15:05:45,442] {taskinstance.py:1244} INFO - Starting attempt 1 of 3
[2022-02-28 15:05:45,442] {taskinstance.py:1245} INFO - 
--------------------------------------------------------------------------------
[2022-02-28 15:05:45,457] {taskinstance.py:1264} INFO - Executing <Task(PythonOperator): check_comic_info> on 2022-01-15 00:00:00+00:00
[2022-02-28 15:05:45,459] {standard_task_runner.py:52} INFO - Started process 35017 to run task
[2022-02-28 15:05:45,468] {standard_task_runner.py:76} INFO - Running: ['airflow', 'tasks', 'run', 'comic_app_v2', 'check_comic_info', 'scheduled__2022-01-15T00:00:00+00:00', '--job-id', '215', '--raw', '--subdir', 'DAGS_FOLDER/comic_app_v2.py', '--cfg-path', '/var/folders/jb/grqrlwkd311flwk_zt30r7wr0000gn/T/tmpnd0la_xt', '--error-file', '/var/folders/jb/grqrlwkd311flwk_zt30r7wr0000gn/T/tmpzf3bu7zr']
[2022-02-28 15:05:45,470] {standard_task_runner.py:77} INFO - Job 215: Subtask check_comic_info
[2022-02-28 15:05:45,546] {logging_mixin.py:109} INFO - Running <TaskInstance: comic_app_v2.check_comic_info scheduled__2022-01-15T00:00:00+00:00 [running]> on host 1.0.0.0.0.0.0.0.0.0.0.0.0.0.0.0.0.0.0.0.0.0.0.0.0.0.0.0.0.0.0.0.ip6.arpa
[2022-02-28 15:05:45,592] {taskinstance.py:1431} INFO - Exporting the following env vars:
AIRFLOW_CTX_DAG_OWNER=Adam
AIRFLOW_CTX_DAG_ID=comic_app_v2
AIRFLOW_CTX_TASK_ID=check_comic_info
AIRFLOW_CTX_EXECUTION_DATE=2022-01-15T00:00:00+00:00
AIRFLOW_CTX_DAG_RUN_ID=scheduled__2022-01-15T00:00:00+00:00
[2022-02-28 15:05:45,606] {logging_mixin.py:109} INFO - 去漫畫網站看有沒有新的章節
[2022-02-28 15:05:46,159] {python.py:175} INFO - Done. Returned value was: (False, None)
[2022-02-28 15:05:46,173] {taskinstance.py:1282} INFO - Marking task as SUCCESS. dag_id=comic_app_v2, task_id=check_comic_info, execution_date=20220115T000000, start_date=20220228T070545, end_date=20220228T070546
[2022-02-28 15:05:46,195] {local_task_job.py:154} INFO - Task exited with return code 0
[2022-02-28 15:05:46,228] {local_task_job.py:264} INFO - 1 downstream tasks scheduled from follow-on schedule check
