[2022-02-25 17:18:39,266] {taskinstance.py:1037} INFO - Dependencies all met for <TaskInstance: comic_app_v2.new_comic_available manual__2022-02-25T09:18:13.256346+00:00 [queued]>
[2022-02-25 17:18:39,275] {taskinstance.py:1037} INFO - Dependencies all met for <TaskInstance: comic_app_v2.new_comic_available manual__2022-02-25T09:18:13.256346+00:00 [queued]>
[2022-02-25 17:18:39,275] {taskinstance.py:1243} INFO - 
--------------------------------------------------------------------------------
[2022-02-25 17:18:39,275] {taskinstance.py:1244} INFO - Starting attempt 1 of 3
[2022-02-25 17:18:39,275] {taskinstance.py:1245} INFO - 
--------------------------------------------------------------------------------
[2022-02-25 17:18:39,285] {taskinstance.py:1264} INFO - Executing <Task(BranchPythonOperator): new_comic_available> on 2022-02-25 09:18:13.256346+00:00
[2022-02-25 17:18:39,287] {standard_task_runner.py:52} INFO - Started process 17461 to run task
[2022-02-25 17:18:39,292] {standard_task_runner.py:76} INFO - Running: ['airflow', 'tasks', 'run', 'comic_app_v2', 'new_comic_available', 'manual__2022-02-25T09:18:13.256346+00:00', '--job-id', '54', '--raw', '--subdir', 'DAGS_FOLDER/comic_app_v2.py', '--cfg-path', '/var/folders/jb/grqrlwkd311flwk_zt30r7wr0000gn/T/tmpakd5lxma', '--error-file', '/var/folders/jb/grqrlwkd311flwk_zt30r7wr0000gn/T/tmprpx1xl7q']
[2022-02-25 17:18:39,294] {standard_task_runner.py:77} INFO - Job 54: Subtask new_comic_available
[2022-02-25 17:18:39,335] {logging_mixin.py:109} INFO - Running <TaskInstance: comic_app_v2.new_comic_available manual__2022-02-25T09:18:13.256346+00:00 [running]> on host 1.0.0.0.0.0.0.0.0.0.0.0.0.0.0.0.0.0.0.0.0.0.0.0.0.0.0.0.0.0.0.0.ip6.arpa
[2022-02-25 17:18:39,370] {taskinstance.py:1431} INFO - Exporting the following env vars:
AIRFLOW_CTX_DAG_OWNER=Adam
AIRFLOW_CTX_DAG_ID=comic_app_v2
AIRFLOW_CTX_TASK_ID=new_comic_available
AIRFLOW_CTX_EXECUTION_DATE=2022-02-25T09:18:13.256346+00:00
AIRFLOW_CTX_DAG_RUN_ID=manual__2022-02-25T09:18:13.256346+00:00
[2022-02-25 17:18:39,374] {logging_mixin.py:109} INFO - 跟紀錄比較，有沒有新連載？
[2022-02-25 17:18:39,374] {python.py:175} INFO - Done. Returned value was: yes_generate_notification
[2022-02-25 17:18:39,375] {skipmixin.py:140} INFO - Following branch yes_generate_notification
[2022-02-25 17:18:39,375] {skipmixin.py:171} INFO - Skipping tasks ['no_do_nothing']
[2022-02-25 17:18:39,396] {taskinstance.py:1282} INFO - Marking task as SUCCESS. dag_id=comic_app_v2, task_id=new_comic_available, execution_date=20220225T091813, start_date=20220225T091839, end_date=20220225T091839
[2022-02-25 17:18:39,437] {local_task_job.py:154} INFO - Task exited with return code 0
[2022-02-25 17:18:39,470] {local_task_job.py:264} INFO - 1 downstream tasks scheduled from follow-on schedule check
