[2022-02-27 15:35:48,422] {taskinstance.py:1037} INFO - Dependencies all met for <TaskInstance: comic_app_v2.send_notification scheduled__2022-01-10T00:00:00+00:00 [queued]>
[2022-02-27 15:35:48,430] {taskinstance.py:1037} INFO - Dependencies all met for <TaskInstance: comic_app_v2.send_notification scheduled__2022-01-10T00:00:00+00:00 [queued]>
[2022-02-27 15:35:48,430] {taskinstance.py:1243} INFO - 
--------------------------------------------------------------------------------
[2022-02-27 15:35:48,430] {taskinstance.py:1244} INFO - Starting attempt 1 of 3
[2022-02-27 15:35:48,430] {taskinstance.py:1245} INFO - 
--------------------------------------------------------------------------------
[2022-02-27 15:35:48,441] {taskinstance.py:1264} INFO - Executing <Task(SlackAPIPostOperator): send_notification> on 2022-01-10 00:00:00+00:00
[2022-02-27 15:35:48,443] {standard_task_runner.py:52} INFO - Started process 20707 to run task
[2022-02-27 15:35:48,448] {standard_task_runner.py:76} INFO - Running: ['airflow', 'tasks', 'run', 'comic_app_v2', 'send_notification', 'scheduled__2022-01-10T00:00:00+00:00', '--job-id', '86', '--raw', '--subdir', 'DAGS_FOLDER/comic_app_v2.py', '--cfg-path', '/var/folders/jb/grqrlwkd311flwk_zt30r7wr0000gn/T/tmp_5g0m2ly', '--error-file', '/var/folders/jb/grqrlwkd311flwk_zt30r7wr0000gn/T/tmp16d_i0u8']
[2022-02-27 15:35:48,450] {standard_task_runner.py:77} INFO - Job 86: Subtask send_notification
[2022-02-27 15:35:48,494] {logging_mixin.py:109} INFO - Running <TaskInstance: comic_app_v2.send_notification scheduled__2022-01-10T00:00:00+00:00 [running]> on host 1.0.0.0.0.0.0.0.0.0.0.0.0.0.0.0.0.0.0.0.0.0.0.0.0.0.0.0.0.0.0.0.ip6.arpa
[2022-02-27 15:35:48,536] {taskinstance.py:1431} INFO - Exporting the following env vars:
AIRFLOW_CTX_DAG_OWNER=Adam
AIRFLOW_CTX_DAG_ID=comic_app_v2
AIRFLOW_CTX_TASK_ID=send_notification
AIRFLOW_CTX_EXECUTION_DATE=2022-01-10T00:00:00+00:00
AIRFLOW_CTX_DAG_RUN_ID=scheduled__2022-01-10T00:00:00+00:00
[2022-02-27 15:35:49,079] {taskinstance.py:1282} INFO - Marking task as SUCCESS. dag_id=comic_app_v2, task_id=send_notification, execution_date=20220110T000000, start_date=20220227T073548, end_date=20220227T073549
[2022-02-27 15:35:49,103] {local_task_job.py:154} INFO - Task exited with return code 0
[2022-02-27 15:35:49,137] {local_task_job.py:264} INFO - 1 downstream tasks scheduled from follow-on schedule check
[2022-02-28 15:05:06,570] {taskinstance.py:1037} INFO - Dependencies all met for <TaskInstance: comic_app_v2.send_notification scheduled__2022-01-10T00:00:00+00:00 [queued]>
[2022-02-28 15:05:06,582] {taskinstance.py:1037} INFO - Dependencies all met for <TaskInstance: comic_app_v2.send_notification scheduled__2022-01-10T00:00:00+00:00 [queued]>
[2022-02-28 15:05:06,582] {taskinstance.py:1243} INFO - 
--------------------------------------------------------------------------------
[2022-02-28 15:05:06,582] {taskinstance.py:1244} INFO - Starting attempt 1 of 3
[2022-02-28 15:05:06,582] {taskinstance.py:1245} INFO - 
--------------------------------------------------------------------------------
[2022-02-28 15:05:06,597] {taskinstance.py:1264} INFO - Executing <Task(SlackAPIPostOperator): send_notification> on 2022-01-10 00:00:00+00:00
[2022-02-28 15:05:06,599] {standard_task_runner.py:52} INFO - Started process 34943 to run task
[2022-02-28 15:05:06,606] {standard_task_runner.py:76} INFO - Running: ['airflow', 'tasks', 'run', 'comic_app_v2', 'send_notification', 'scheduled__2022-01-10T00:00:00+00:00', '--job-id', '200', '--raw', '--subdir', 'DAGS_FOLDER/comic_app_v2.py', '--cfg-path', '/var/folders/jb/grqrlwkd311flwk_zt30r7wr0000gn/T/tmp8_a70hko', '--error-file', '/var/folders/jb/grqrlwkd311flwk_zt30r7wr0000gn/T/tmp5yi1av2g']
[2022-02-28 15:05:06,608] {standard_task_runner.py:77} INFO - Job 200: Subtask send_notification
[2022-02-28 15:05:07,829] {logging_mixin.py:109} INFO - Running <TaskInstance: comic_app_v2.send_notification scheduled__2022-01-10T00:00:00+00:00 [running]> on host 1.0.0.0.0.0.0.0.0.0.0.0.0.0.0.0.0.0.0.0.0.0.0.0.0.0.0.0.0.0.0.0.ip6.arpa
[2022-02-28 15:05:07,876] {taskinstance.py:1431} INFO - Exporting the following env vars:
AIRFLOW_CTX_DAG_OWNER=Adam
AIRFLOW_CTX_DAG_ID=comic_app_v2
AIRFLOW_CTX_TASK_ID=send_notification
AIRFLOW_CTX_EXECUTION_DATE=2022-01-10T00:00:00+00:00
AIRFLOW_CTX_DAG_RUN_ID=scheduled__2022-01-10T00:00:00+00:00
[2022-02-28 15:05:08,274] {taskinstance.py:1282} INFO - Marking task as SUCCESS. dag_id=comic_app_v2, task_id=send_notification, execution_date=20220110T000000, start_date=20220228T070506, end_date=20220228T070508
[2022-02-28 15:05:08,321] {local_task_job.py:154} INFO - Task exited with return code 0
[2022-02-28 15:05:08,345] {local_task_job.py:264} INFO - 1 downstream tasks scheduled from follow-on schedule check
