[2022-02-28 14:59:58,759] {taskinstance.py:1037} INFO - Dependencies all met for <TaskInstance: comic_app_v2.yes_generate_notification scheduled__2022-01-16T00:00:00+00:00 [queued]>
[2022-02-28 14:59:58,770] {taskinstance.py:1037} INFO - Dependencies all met for <TaskInstance: comic_app_v2.yes_generate_notification scheduled__2022-01-16T00:00:00+00:00 [queued]>
[2022-02-28 14:59:58,770] {taskinstance.py:1243} INFO - 
--------------------------------------------------------------------------------
[2022-02-28 14:59:58,770] {taskinstance.py:1244} INFO - Starting attempt 1 of 3
[2022-02-28 14:59:58,771] {taskinstance.py:1245} INFO - 
--------------------------------------------------------------------------------
[2022-02-28 14:59:58,782] {taskinstance.py:1264} INFO - Executing <Task(PythonOperator): yes_generate_notification> on 2022-01-16 00:00:00+00:00
[2022-02-28 14:59:58,785] {standard_task_runner.py:52} INFO - Started process 34521 to run task
[2022-02-28 14:59:58,791] {standard_task_runner.py:76} INFO - Running: ['airflow', 'tasks', 'run', 'comic_app_v2', 'yes_generate_notification', 'scheduled__2022-01-16T00:00:00+00:00', '--job-id', '155', '--raw', '--subdir', 'DAGS_FOLDER/comic_app_v2.py', '--cfg-path', '/var/folders/jb/grqrlwkd311flwk_zt30r7wr0000gn/T/tmpfq1b8tkt', '--error-file', '/var/folders/jb/grqrlwkd311flwk_zt30r7wr0000gn/T/tmplojmig3m']
[2022-02-28 14:59:58,794] {standard_task_runner.py:77} INFO - Job 155: Subtask yes_generate_notification
[2022-02-28 14:59:58,858] {logging_mixin.py:109} INFO - Running <TaskInstance: comic_app_v2.yes_generate_notification scheduled__2022-01-16T00:00:00+00:00 [running]> on host 1.0.0.0.0.0.0.0.0.0.0.0.0.0.0.0.0.0.0.0.0.0.0.0.0.0.0.0.0.0.0.0.ip6.arpa
[2022-02-28 14:59:58,912] {taskinstance.py:1431} INFO - Exporting the following env vars:
AIRFLOW_CTX_DAG_OWNER=Adam
AIRFLOW_CTX_DAG_ID=comic_app_v2
AIRFLOW_CTX_TASK_ID=yes_generate_notification
AIRFLOW_CTX_EXECUTION_DATE=2022-01-16T00:00:00+00:00
AIRFLOW_CTX_DAG_RUN_ID=scheduled__2022-01-16T00:00:00+00:00
[2022-02-28 14:59:58,918] {logging_mixin.py:109} INFO - 產生要寄給 Slack 的訊息內容並存成檔案
[2022-02-28 14:59:58,918] {python.py:175} INFO - Done. Returned value was: None
[2022-02-28 14:59:58,927] {taskinstance.py:1282} INFO - Marking task as SUCCESS. dag_id=comic_app_v2, task_id=yes_generate_notification, execution_date=20220116T000000, start_date=20220228T065958, end_date=20220228T065958
[2022-02-28 14:59:58,943] {local_task_job.py:154} INFO - Task exited with return code 0
[2022-02-28 14:59:58,981] {local_task_job.py:264} INFO - 1 downstream tasks scheduled from follow-on schedule check
