[2022-02-25 17:18:27,124] {taskinstance.py:1037} INFO - Dependencies all met for <TaskInstance: comic_app_v2.check_comic_info manual__2022-02-25T09:18:13.256346+00:00 [queued]>
[2022-02-25 17:18:27,131] {taskinstance.py:1037} INFO - Dependencies all met for <TaskInstance: comic_app_v2.check_comic_info manual__2022-02-25T09:18:13.256346+00:00 [queued]>
[2022-02-25 17:18:27,131] {taskinstance.py:1243} INFO - 
--------------------------------------------------------------------------------
[2022-02-25 17:18:27,131] {taskinstance.py:1244} INFO - Starting attempt 1 of 3
[2022-02-25 17:18:27,131] {taskinstance.py:1245} INFO - 
--------------------------------------------------------------------------------
[2022-02-25 17:18:27,140] {taskinstance.py:1264} INFO - Executing <Task(PythonOperator): check_comic_info> on 2022-02-25 09:18:13.256346+00:00
[2022-02-25 17:18:27,142] {standard_task_runner.py:52} INFO - Started process 17433 to run task
[2022-02-25 17:18:27,148] {standard_task_runner.py:76} INFO - Running: ['airflow', 'tasks', 'run', 'comic_app_v2', 'check_comic_info', 'manual__2022-02-25T09:18:13.256346+00:00', '--job-id', '49', '--raw', '--subdir', 'DAGS_FOLDER/comic_app_v2.py', '--cfg-path', '/var/folders/jb/grqrlwkd311flwk_zt30r7wr0000gn/T/tmp5czxcvam', '--error-file', '/var/folders/jb/grqrlwkd311flwk_zt30r7wr0000gn/T/tmp4_yma3_b']
[2022-02-25 17:18:27,150] {standard_task_runner.py:77} INFO - Job 49: Subtask check_comic_info
[2022-02-25 17:18:27,190] {logging_mixin.py:109} INFO - Running <TaskInstance: comic_app_v2.check_comic_info manual__2022-02-25T09:18:13.256346+00:00 [running]> on host 1.0.0.0.0.0.0.0.0.0.0.0.0.0.0.0.0.0.0.0.0.0.0.0.0.0.0.0.0.0.0.0.ip6.arpa
[2022-02-25 17:18:27,226] {taskinstance.py:1431} INFO - Exporting the following env vars:
AIRFLOW_CTX_DAG_OWNER=Adam
AIRFLOW_CTX_DAG_ID=comic_app_v2
AIRFLOW_CTX_TASK_ID=check_comic_info
AIRFLOW_CTX_EXECUTION_DATE=2022-02-25T09:18:13.256346+00:00
AIRFLOW_CTX_DAG_RUN_ID=manual__2022-02-25T09:18:13.256346+00:00
[2022-02-25 17:18:27,230] {logging_mixin.py:109} INFO - 去漫畫網站看有沒有新的章節
[2022-02-25 17:18:27,230] {python.py:175} INFO - Done. Returned value was: (True, None)
[2022-02-25 17:18:27,242] {taskinstance.py:1282} INFO - Marking task as SUCCESS. dag_id=comic_app_v2, task_id=check_comic_info, execution_date=20220225T091813, start_date=20220225T091827, end_date=20220225T091827
[2022-02-25 17:18:27,291] {local_task_job.py:154} INFO - Task exited with return code 0
[2022-02-25 17:18:27,321] {local_task_job.py:264} INFO - 1 downstream tasks scheduled from follow-on schedule check
