[2022-02-25 17:14:44,388] {taskinstance.py:1037} INFO - Dependencies all met for <TaskInstance: comic_app_v2.check_comic_info scheduled__2022-01-09T00:00:00+00:00 [queued]>
[2022-02-25 17:14:44,397] {taskinstance.py:1037} INFO - Dependencies all met for <TaskInstance: comic_app_v2.check_comic_info scheduled__2022-01-09T00:00:00+00:00 [queued]>
[2022-02-25 17:14:44,397] {taskinstance.py:1243} INFO - 
--------------------------------------------------------------------------------
[2022-02-25 17:14:44,397] {taskinstance.py:1244} INFO - Starting attempt 1 of 3
[2022-02-25 17:14:44,397] {taskinstance.py:1245} INFO - 
--------------------------------------------------------------------------------
[2022-02-25 17:14:44,407] {taskinstance.py:1264} INFO - Executing <Task(PythonOperator): check_comic_info> on 2022-01-09 00:00:00+00:00
[2022-02-25 17:14:44,410] {standard_task_runner.py:52} INFO - Started process 17182 to run task
[2022-02-25 17:14:44,417] {standard_task_runner.py:76} INFO - Running: ['airflow', 'tasks', 'run', 'comic_app_v2', 'check_comic_info', 'scheduled__2022-01-09T00:00:00+00:00', '--job-id', '41', '--raw', '--subdir', 'DAGS_FOLDER/comic_app_v2.py', '--cfg-path', '/var/folders/jb/grqrlwkd311flwk_zt30r7wr0000gn/T/tmpclr3i4p_', '--error-file', '/var/folders/jb/grqrlwkd311flwk_zt30r7wr0000gn/T/tmpz7kn9j6q']
[2022-02-25 17:14:44,419] {standard_task_runner.py:77} INFO - Job 41: Subtask check_comic_info
[2022-02-25 17:14:44,472] {logging_mixin.py:109} INFO - Running <TaskInstance: comic_app_v2.check_comic_info scheduled__2022-01-09T00:00:00+00:00 [running]> on host 1.0.0.0.0.0.0.0.0.0.0.0.0.0.0.0.0.0.0.0.0.0.0.0.0.0.0.0.0.0.0.0.ip6.arpa
[2022-02-25 17:14:44,517] {taskinstance.py:1431} INFO - Exporting the following env vars:
AIRFLOW_CTX_DAG_OWNER=Adam
AIRFLOW_CTX_DAG_ID=comic_app_v2
AIRFLOW_CTX_TASK_ID=check_comic_info
AIRFLOW_CTX_EXECUTION_DATE=2022-01-09T00:00:00+00:00
AIRFLOW_CTX_DAG_RUN_ID=scheduled__2022-01-09T00:00:00+00:00
[2022-02-25 17:14:44,522] {logging_mixin.py:109} INFO - 去漫畫網站看有沒有新的章節
[2022-02-25 17:14:44,523] {python.py:175} INFO - Done. Returned value was: (False, None)
[2022-02-25 17:14:44,538] {taskinstance.py:1282} INFO - Marking task as SUCCESS. dag_id=comic_app_v2, task_id=check_comic_info, execution_date=20220109T000000, start_date=20220225T091444, end_date=20220225T091444
[2022-02-25 17:14:44,553] {local_task_job.py:154} INFO - Task exited with return code 0
[2022-02-25 17:14:44,587] {local_task_job.py:264} INFO - 1 downstream tasks scheduled from follow-on schedule check
[2022-02-25 17:19:37,799] {taskinstance.py:1037} INFO - Dependencies all met for <TaskInstance: comic_app_v2.check_comic_info scheduled__2022-01-09T00:00:00+00:00 [queued]>
[2022-02-25 17:19:37,809] {taskinstance.py:1037} INFO - Dependencies all met for <TaskInstance: comic_app_v2.check_comic_info scheduled__2022-01-09T00:00:00+00:00 [queued]>
[2022-02-25 17:19:37,809] {taskinstance.py:1243} INFO - 
--------------------------------------------------------------------------------
[2022-02-25 17:19:37,809] {taskinstance.py:1244} INFO - Starting attempt 1 of 3
[2022-02-25 17:19:37,809] {taskinstance.py:1245} INFO - 
--------------------------------------------------------------------------------
[2022-02-25 17:19:37,820] {taskinstance.py:1264} INFO - Executing <Task(PythonOperator): check_comic_info> on 2022-01-09 00:00:00+00:00
[2022-02-25 17:19:37,822] {standard_task_runner.py:52} INFO - Started process 17587 to run task
[2022-02-25 17:19:37,829] {standard_task_runner.py:76} INFO - Running: ['airflow', 'tasks', 'run', 'comic_app_v2', 'check_comic_info', 'scheduled__2022-01-09T00:00:00+00:00', '--job-id', '77', '--raw', '--subdir', 'DAGS_FOLDER/comic_app_v2.py', '--cfg-path', '/var/folders/jb/grqrlwkd311flwk_zt30r7wr0000gn/T/tmp712d8hte', '--error-file', '/var/folders/jb/grqrlwkd311flwk_zt30r7wr0000gn/T/tmpxbnypram']
[2022-02-25 17:19:37,831] {standard_task_runner.py:77} INFO - Job 77: Subtask check_comic_info
[2022-02-25 17:19:37,883] {logging_mixin.py:109} INFO - Running <TaskInstance: comic_app_v2.check_comic_info scheduled__2022-01-09T00:00:00+00:00 [running]> on host 1.0.0.0.0.0.0.0.0.0.0.0.0.0.0.0.0.0.0.0.0.0.0.0.0.0.0.0.0.0.0.0.ip6.arpa
[2022-02-25 17:19:37,926] {taskinstance.py:1431} INFO - Exporting the following env vars:
AIRFLOW_CTX_DAG_OWNER=Adam
AIRFLOW_CTX_DAG_ID=comic_app_v2
AIRFLOW_CTX_TASK_ID=check_comic_info
AIRFLOW_CTX_EXECUTION_DATE=2022-01-09T00:00:00+00:00
AIRFLOW_CTX_DAG_RUN_ID=scheduled__2022-01-09T00:00:00+00:00
[2022-02-25 17:19:37,931] {logging_mixin.py:109} INFO - 去漫畫網站看有沒有新的章節
[2022-02-25 17:19:37,931] {python.py:175} INFO - Done. Returned value was: (True, None)
[2022-02-25 17:19:37,944] {taskinstance.py:1282} INFO - Marking task as SUCCESS. dag_id=comic_app_v2, task_id=check_comic_info, execution_date=20220109T000000, start_date=20220225T091937, end_date=20220225T091937
[2022-02-25 17:19:37,968] {local_task_job.py:154} INFO - Task exited with return code 0
[2022-02-25 17:19:38,012] {local_task_job.py:264} INFO - 1 downstream tasks scheduled from follow-on schedule check
