[2022-02-27 15:44:42,753] {taskinstance.py:1037} INFO - Dependencies all met for <TaskInstance: comic_app_v2.yes_generate_notification scheduled__2022-02-24T15:40:00+00:00 [queued]>
[2022-02-27 15:44:42,765] {taskinstance.py:1037} INFO - Dependencies all met for <TaskInstance: comic_app_v2.yes_generate_notification scheduled__2022-02-24T15:40:00+00:00 [queued]>
[2022-02-27 15:44:42,765] {taskinstance.py:1243} INFO - 
--------------------------------------------------------------------------------
[2022-02-27 15:44:42,765] {taskinstance.py:1244} INFO - Starting attempt 1 of 3
[2022-02-27 15:44:42,765] {taskinstance.py:1245} INFO - 
--------------------------------------------------------------------------------
[2022-02-27 15:44:42,776] {taskinstance.py:1264} INFO - Executing <Task(PythonOperator): yes_generate_notification> on 2022-02-24 15:40:00+00:00
[2022-02-27 15:44:42,778] {standard_task_runner.py:52} INFO - Started process 21385 to run task
[2022-02-27 15:44:42,785] {standard_task_runner.py:76} INFO - Running: ['airflow', 'tasks', 'run', 'comic_app_v2', 'yes_generate_notification', 'scheduled__2022-02-24T15:40:00+00:00', '--job-id', '96', '--raw', '--subdir', 'DAGS_FOLDER/comic_app_v2.py', '--cfg-path', '/var/folders/jb/grqrlwkd311flwk_zt30r7wr0000gn/T/tmp8zud2brh', '--error-file', '/var/folders/jb/grqrlwkd311flwk_zt30r7wr0000gn/T/tmpwgonybqh']
[2022-02-27 15:44:42,787] {standard_task_runner.py:77} INFO - Job 96: Subtask yes_generate_notification
[2022-02-27 15:44:42,831] {logging_mixin.py:109} INFO - Running <TaskInstance: comic_app_v2.yes_generate_notification scheduled__2022-02-24T15:40:00+00:00 [running]> on host 1.0.0.0.0.0.0.0.0.0.0.0.0.0.0.0.0.0.0.0.0.0.0.0.0.0.0.0.0.0.0.0.ip6.arpa
[2022-02-27 15:44:42,867] {taskinstance.py:1431} INFO - Exporting the following env vars:
AIRFLOW_CTX_DAG_OWNER=Adam
AIRFLOW_CTX_DAG_ID=comic_app_v2
AIRFLOW_CTX_TASK_ID=yes_generate_notification
AIRFLOW_CTX_EXECUTION_DATE=2022-02-24T15:40:00+00:00
AIRFLOW_CTX_DAG_RUN_ID=scheduled__2022-02-24T15:40:00+00:00
[2022-02-27 15:44:42,872] {logging_mixin.py:109} INFO - 產生要寄給 Slack 的訊息內容並存成檔案
[2022-02-27 15:44:42,873] {python.py:175} INFO - Done. Returned value was: None
[2022-02-27 15:44:42,880] {taskinstance.py:1282} INFO - Marking task as SUCCESS. dag_id=comic_app_v2, task_id=yes_generate_notification, execution_date=20220224T154000, start_date=20220227T074442, end_date=20220227T074442
[2022-02-27 15:44:42,929] {local_task_job.py:154} INFO - Task exited with return code 0
[2022-02-27 15:44:42,968] {local_task_job.py:264} INFO - 1 downstream tasks scheduled from follow-on schedule check
