[2022-02-25 17:14:28,791] {taskinstance.py:1037} INFO - Dependencies all met for <TaskInstance: comic_app_v2.get_read_history scheduled__2022-01-07T00:00:00+00:00 [queued]>
[2022-02-25 17:14:28,798] {taskinstance.py:1037} INFO - Dependencies all met for <TaskInstance: comic_app_v2.get_read_history scheduled__2022-01-07T00:00:00+00:00 [queued]>
[2022-02-25 17:14:28,798] {taskinstance.py:1243} INFO - 
--------------------------------------------------------------------------------
[2022-02-25 17:14:28,798] {taskinstance.py:1244} INFO - Starting attempt 1 of 3
[2022-02-25 17:14:28,798] {taskinstance.py:1245} INFO - 
--------------------------------------------------------------------------------
[2022-02-25 17:14:28,807] {taskinstance.py:1264} INFO - Executing <Task(PythonOperator): get_read_history> on 2022-01-07 00:00:00+00:00
[2022-02-25 17:14:28,809] {standard_task_runner.py:52} INFO - Started process 17137 to run task
[2022-02-25 17:14:28,817] {standard_task_runner.py:76} INFO - Running: ['airflow', 'tasks', 'run', 'comic_app_v2', 'get_read_history', 'scheduled__2022-01-07T00:00:00+00:00', '--job-id', '34', '--raw', '--subdir', 'DAGS_FOLDER/comic_app_v2.py', '--cfg-path', '/var/folders/jb/grqrlwkd311flwk_zt30r7wr0000gn/T/tmpa2n2jbt8', '--error-file', '/var/folders/jb/grqrlwkd311flwk_zt30r7wr0000gn/T/tmphyvr1t28']
[2022-02-25 17:14:28,819] {standard_task_runner.py:77} INFO - Job 34: Subtask get_read_history
[2022-02-25 17:14:28,869] {logging_mixin.py:109} INFO - Running <TaskInstance: comic_app_v2.get_read_history scheduled__2022-01-07T00:00:00+00:00 [running]> on host 1.0.0.0.0.0.0.0.0.0.0.0.0.0.0.0.0.0.0.0.0.0.0.0.0.0.0.0.0.0.0.0.ip6.arpa
[2022-02-25 17:14:28,913] {taskinstance.py:1431} INFO - Exporting the following env vars:
AIRFLOW_CTX_DAG_OWNER=Adam
AIRFLOW_CTX_DAG_ID=comic_app_v2
AIRFLOW_CTX_TASK_ID=get_read_history
AIRFLOW_CTX_EXECUTION_DATE=2022-01-07T00:00:00+00:00
AIRFLOW_CTX_DAG_RUN_ID=scheduled__2022-01-07T00:00:00+00:00
[2022-02-25 17:14:28,914] {logging_mixin.py:109} INFO - 取得使用者的閱讀紀錄
[2022-02-25 17:14:28,914] {python.py:175} INFO - Done. Returned value was: None
[2022-02-25 17:14:28,921] {taskinstance.py:1282} INFO - Marking task as SUCCESS. dag_id=comic_app_v2, task_id=get_read_history, execution_date=20220107T000000, start_date=20220225T091428, end_date=20220225T091428
[2022-02-25 17:14:28,960] {local_task_job.py:154} INFO - Task exited with return code 0
[2022-02-25 17:14:28,991] {local_task_job.py:264} INFO - 1 downstream tasks scheduled from follow-on schedule check
[2022-02-25 17:19:14,149] {taskinstance.py:1037} INFO - Dependencies all met for <TaskInstance: comic_app_v2.get_read_history scheduled__2022-01-07T00:00:00+00:00 [queued]>
[2022-02-25 17:19:14,156] {taskinstance.py:1037} INFO - Dependencies all met for <TaskInstance: comic_app_v2.get_read_history scheduled__2022-01-07T00:00:00+00:00 [queued]>
[2022-02-25 17:19:14,156] {taskinstance.py:1243} INFO - 
--------------------------------------------------------------------------------
[2022-02-25 17:19:14,156] {taskinstance.py:1244} INFO - Starting attempt 1 of 3
[2022-02-25 17:19:14,156] {taskinstance.py:1245} INFO - 
--------------------------------------------------------------------------------
[2022-02-25 17:19:14,168] {taskinstance.py:1264} INFO - Executing <Task(PythonOperator): get_read_history> on 2022-01-07 00:00:00+00:00
[2022-02-25 17:19:14,170] {standard_task_runner.py:52} INFO - Started process 17542 to run task
[2022-02-25 17:19:14,176] {standard_task_runner.py:76} INFO - Running: ['airflow', 'tasks', 'run', 'comic_app_v2', 'get_read_history', 'scheduled__2022-01-07T00:00:00+00:00', '--job-id', '68', '--raw', '--subdir', 'DAGS_FOLDER/comic_app_v2.py', '--cfg-path', '/var/folders/jb/grqrlwkd311flwk_zt30r7wr0000gn/T/tmp8tx8k2_f', '--error-file', '/var/folders/jb/grqrlwkd311flwk_zt30r7wr0000gn/T/tmplfoaj7_f']
[2022-02-25 17:19:14,177] {standard_task_runner.py:77} INFO - Job 68: Subtask get_read_history
[2022-02-25 17:19:14,225] {logging_mixin.py:109} INFO - Running <TaskInstance: comic_app_v2.get_read_history scheduled__2022-01-07T00:00:00+00:00 [running]> on host 1.0.0.0.0.0.0.0.0.0.0.0.0.0.0.0.0.0.0.0.0.0.0.0.0.0.0.0.0.0.0.0.ip6.arpa
[2022-02-25 17:19:14,272] {taskinstance.py:1431} INFO - Exporting the following env vars:
AIRFLOW_CTX_DAG_OWNER=Adam
AIRFLOW_CTX_DAG_ID=comic_app_v2
AIRFLOW_CTX_TASK_ID=get_read_history
AIRFLOW_CTX_EXECUTION_DATE=2022-01-07T00:00:00+00:00
AIRFLOW_CTX_DAG_RUN_ID=scheduled__2022-01-07T00:00:00+00:00
[2022-02-25 17:19:14,273] {logging_mixin.py:109} INFO - 取得使用者的閱讀紀錄
[2022-02-25 17:19:14,274] {python.py:175} INFO - Done. Returned value was: None
[2022-02-25 17:19:14,282] {taskinstance.py:1282} INFO - Marking task as SUCCESS. dag_id=comic_app_v2, task_id=get_read_history, execution_date=20220107T000000, start_date=20220225T091914, end_date=20220225T091914
[2022-02-25 17:19:14,319] {local_task_job.py:154} INFO - Task exited with return code 0
[2022-02-25 17:19:14,351] {local_task_job.py:264} INFO - 1 downstream tasks scheduled from follow-on schedule check
[2022-02-28 14:58:07,543] {taskinstance.py:1037} INFO - Dependencies all met for <TaskInstance: comic_app_v2.get_read_history scheduled__2022-01-07T00:00:00+00:00 [queued]>
[2022-02-28 14:58:07,553] {taskinstance.py:1037} INFO - Dependencies all met for <TaskInstance: comic_app_v2.get_read_history scheduled__2022-01-07T00:00:00+00:00 [queued]>
[2022-02-28 14:58:07,553] {taskinstance.py:1243} INFO - 
--------------------------------------------------------------------------------
[2022-02-28 14:58:07,553] {taskinstance.py:1244} INFO - Starting attempt 1 of 3
[2022-02-28 14:58:07,553] {taskinstance.py:1245} INFO - 
--------------------------------------------------------------------------------
[2022-02-28 14:58:07,572] {taskinstance.py:1264} INFO - Executing <Task(PythonOperator): get_read_history> on 2022-01-07 00:00:00+00:00
[2022-02-28 14:58:07,575] {standard_task_runner.py:52} INFO - Started process 34291 to run task
[2022-02-28 14:58:07,582] {standard_task_runner.py:76} INFO - Running: ['airflow', 'tasks', 'run', 'comic_app_v2', 'get_read_history', 'scheduled__2022-01-07T00:00:00+00:00', '--job-id', '111', '--raw', '--subdir', 'DAGS_FOLDER/comic_app_v2.py', '--cfg-path', '/var/folders/jb/grqrlwkd311flwk_zt30r7wr0000gn/T/tmptvald06z', '--error-file', '/var/folders/jb/grqrlwkd311flwk_zt30r7wr0000gn/T/tmpvag9dwjv']
[2022-02-28 14:58:07,584] {standard_task_runner.py:77} INFO - Job 111: Subtask get_read_history
[2022-02-28 14:58:07,633] {logging_mixin.py:109} INFO - Running <TaskInstance: comic_app_v2.get_read_history scheduled__2022-01-07T00:00:00+00:00 [running]> on host 1.0.0.0.0.0.0.0.0.0.0.0.0.0.0.0.0.0.0.0.0.0.0.0.0.0.0.0.0.0.0.0.ip6.arpa
[2022-02-28 14:58:07,721] {taskinstance.py:1431} INFO - Exporting the following env vars:
AIRFLOW_CTX_DAG_OWNER=Adam
AIRFLOW_CTX_DAG_ID=comic_app_v2
AIRFLOW_CTX_TASK_ID=get_read_history
AIRFLOW_CTX_EXECUTION_DATE=2022-01-07T00:00:00+00:00
AIRFLOW_CTX_DAG_RUN_ID=scheduled__2022-01-07T00:00:00+00:00
[2022-02-28 14:58:07,723] {logging_mixin.py:109} INFO - 取得使用者的閱讀紀錄
[2022-02-28 14:58:07,724] {python.py:175} INFO - Done. Returned value was: None
[2022-02-28 14:58:07,732] {taskinstance.py:1282} INFO - Marking task as SUCCESS. dag_id=comic_app_v2, task_id=get_read_history, execution_date=20220107T000000, start_date=20220228T065807, end_date=20220228T065807
[2022-02-28 14:58:07,750] {local_task_job.py:154} INFO - Task exited with return code 0
[2022-02-28 14:58:07,788] {local_task_job.py:264} INFO - 1 downstream tasks scheduled from follow-on schedule check
[2022-02-28 15:04:19,385] {taskinstance.py:1037} INFO - Dependencies all met for <TaskInstance: comic_app_v2.get_read_history scheduled__2022-01-07T00:00:00+00:00 [queued]>
[2022-02-28 15:04:19,394] {taskinstance.py:1037} INFO - Dependencies all met for <TaskInstance: comic_app_v2.get_read_history scheduled__2022-01-07T00:00:00+00:00 [queued]>
[2022-02-28 15:04:19,394] {taskinstance.py:1243} INFO - 
--------------------------------------------------------------------------------
[2022-02-28 15:04:19,394] {taskinstance.py:1244} INFO - Starting attempt 1 of 3
[2022-02-28 15:04:19,395] {taskinstance.py:1245} INFO - 
--------------------------------------------------------------------------------
[2022-02-28 15:04:19,404] {taskinstance.py:1264} INFO - Executing <Task(PythonOperator): get_read_history> on 2022-01-07 00:00:00+00:00
[2022-02-28 15:04:19,407] {standard_task_runner.py:52} INFO - Started process 34840 to run task
[2022-02-28 15:04:19,413] {standard_task_runner.py:76} INFO - Running: ['airflow', 'tasks', 'run', 'comic_app_v2', 'get_read_history', 'scheduled__2022-01-07T00:00:00+00:00', '--job-id', '182', '--raw', '--subdir', 'DAGS_FOLDER/comic_app_v2.py', '--cfg-path', '/var/folders/jb/grqrlwkd311flwk_zt30r7wr0000gn/T/tmp1p1m8_r4', '--error-file', '/var/folders/jb/grqrlwkd311flwk_zt30r7wr0000gn/T/tmprwyshkwg']
[2022-02-28 15:04:19,415] {standard_task_runner.py:77} INFO - Job 182: Subtask get_read_history
[2022-02-28 15:04:19,461] {logging_mixin.py:109} INFO - Running <TaskInstance: comic_app_v2.get_read_history scheduled__2022-01-07T00:00:00+00:00 [running]> on host 1.0.0.0.0.0.0.0.0.0.0.0.0.0.0.0.0.0.0.0.0.0.0.0.0.0.0.0.0.0.0.0.ip6.arpa
[2022-02-28 15:04:19,502] {taskinstance.py:1431} INFO - Exporting the following env vars:
AIRFLOW_CTX_DAG_OWNER=Adam
AIRFLOW_CTX_DAG_ID=comic_app_v2
AIRFLOW_CTX_TASK_ID=get_read_history
AIRFLOW_CTX_EXECUTION_DATE=2022-01-07T00:00:00+00:00
AIRFLOW_CTX_DAG_RUN_ID=scheduled__2022-01-07T00:00:00+00:00
[2022-02-28 15:04:19,503] {logging_mixin.py:109} INFO - 取得使用者的閱讀紀錄
[2022-02-28 15:04:19,503] {python.py:175} INFO - Done. Returned value was: None
[2022-02-28 15:04:19,510] {taskinstance.py:1282} INFO - Marking task as SUCCESS. dag_id=comic_app_v2, task_id=get_read_history, execution_date=20220107T000000, start_date=20220228T070419, end_date=20220228T070419
[2022-02-28 15:04:19,558] {local_task_job.py:154} INFO - Task exited with return code 0
[2022-02-28 15:04:19,592] {local_task_job.py:264} INFO - 1 downstream tasks scheduled from follow-on schedule check
[2022-02-28 15:18:35,935] {taskinstance.py:1037} INFO - Dependencies all met for <TaskInstance: comic_app_v2.get_read_history scheduled__2022-01-07T00:00:00+00:00 [queued]>
[2022-02-28 15:18:35,943] {taskinstance.py:1037} INFO - Dependencies all met for <TaskInstance: comic_app_v2.get_read_history scheduled__2022-01-07T00:00:00+00:00 [queued]>
[2022-02-28 15:18:35,944] {taskinstance.py:1243} INFO - 
--------------------------------------------------------------------------------
[2022-02-28 15:18:35,944] {taskinstance.py:1244} INFO - Starting attempt 1 of 3
[2022-02-28 15:18:35,944] {taskinstance.py:1245} INFO - 
--------------------------------------------------------------------------------
[2022-02-28 15:18:35,954] {taskinstance.py:1264} INFO - Executing <Task(PythonOperator): get_read_history> on 2022-01-07 00:00:00+00:00
[2022-02-28 15:18:35,956] {standard_task_runner.py:52} INFO - Started process 36238 to run task
[2022-02-28 15:18:35,962] {standard_task_runner.py:76} INFO - Running: ['airflow', 'tasks', 'run', 'comic_app_v2', 'get_read_history', 'scheduled__2022-01-07T00:00:00+00:00', '--job-id', '290', '--raw', '--subdir', 'DAGS_FOLDER/comic_app_v2.py', '--cfg-path', '/var/folders/jb/grqrlwkd311flwk_zt30r7wr0000gn/T/tmp0xkykn9z', '--error-file', '/var/folders/jb/grqrlwkd311flwk_zt30r7wr0000gn/T/tmpae_f186e']
[2022-02-28 15:18:35,964] {standard_task_runner.py:77} INFO - Job 290: Subtask get_read_history
[2022-02-28 15:18:36,009] {logging_mixin.py:109} INFO - Running <TaskInstance: comic_app_v2.get_read_history scheduled__2022-01-07T00:00:00+00:00 [running]> on host 1.0.0.0.0.0.0.0.0.0.0.0.0.0.0.0.0.0.0.0.0.0.0.0.0.0.0.0.0.0.0.0.ip6.arpa
[2022-02-28 15:18:36,045] {taskinstance.py:1431} INFO - Exporting the following env vars:
AIRFLOW_CTX_DAG_OWNER=Adam
AIRFLOW_CTX_DAG_ID=comic_app_v2
AIRFLOW_CTX_TASK_ID=get_read_history
AIRFLOW_CTX_EXECUTION_DATE=2022-01-07T00:00:00+00:00
AIRFLOW_CTX_DAG_RUN_ID=scheduled__2022-01-07T00:00:00+00:00
[2022-02-28 15:18:36,046] {logging_mixin.py:109} INFO - 取得使用者的閱讀紀錄
[2022-02-28 15:18:36,046] {python.py:175} INFO - Done. Returned value was: None
[2022-02-28 15:18:36,053] {taskinstance.py:1282} INFO - Marking task as SUCCESS. dag_id=comic_app_v2, task_id=get_read_history, execution_date=20220107T000000, start_date=20220228T071835, end_date=20220228T071836
[2022-02-28 15:18:36,105] {local_task_job.py:154} INFO - Task exited with return code 0
[2022-02-28 15:18:36,137] {local_task_job.py:264} INFO - 1 downstream tasks scheduled from follow-on schedule check
