[2022-02-25 17:14:06,175] {taskinstance.py:1037} INFO - Dependencies all met for <TaskInstance: comic_app_v2.get_read_history scheduled__2022-01-06T00:00:00+00:00 [queued]>
[2022-02-25 17:14:06,182] {taskinstance.py:1037} INFO - Dependencies all met for <TaskInstance: comic_app_v2.get_read_history scheduled__2022-01-06T00:00:00+00:00 [queued]>
[2022-02-25 17:14:06,182] {taskinstance.py:1243} INFO - 
--------------------------------------------------------------------------------
[2022-02-25 17:14:06,183] {taskinstance.py:1244} INFO - Starting attempt 1 of 3
[2022-02-25 17:14:06,183] {taskinstance.py:1245} INFO - 
--------------------------------------------------------------------------------
[2022-02-25 17:14:06,193] {taskinstance.py:1264} INFO - Executing <Task(PythonOperator): get_read_history> on 2022-01-06 00:00:00+00:00
[2022-02-25 17:14:06,196] {standard_task_runner.py:52} INFO - Started process 17077 to run task
[2022-02-25 17:14:06,206] {standard_task_runner.py:76} INFO - Running: ['airflow', 'tasks', 'run', 'comic_app_v2', 'get_read_history', 'scheduled__2022-01-06T00:00:00+00:00', '--job-id', '25', '--raw', '--subdir', 'DAGS_FOLDER/comic_app_v2.py', '--cfg-path', '/var/folders/jb/grqrlwkd311flwk_zt30r7wr0000gn/T/tmpfmhg_bj_', '--error-file', '/var/folders/jb/grqrlwkd311flwk_zt30r7wr0000gn/T/tmppgtnh5c4']
[2022-02-25 17:14:06,208] {standard_task_runner.py:77} INFO - Job 25: Subtask get_read_history
[2022-02-25 17:14:06,254] {logging_mixin.py:109} INFO - Running <TaskInstance: comic_app_v2.get_read_history scheduled__2022-01-06T00:00:00+00:00 [running]> on host 1.0.0.0.0.0.0.0.0.0.0.0.0.0.0.0.0.0.0.0.0.0.0.0.0.0.0.0.0.0.0.0.ip6.arpa
[2022-02-25 17:14:06,292] {taskinstance.py:1431} INFO - Exporting the following env vars:
AIRFLOW_CTX_DAG_OWNER=Adam
AIRFLOW_CTX_DAG_ID=comic_app_v2
AIRFLOW_CTX_TASK_ID=get_read_history
AIRFLOW_CTX_EXECUTION_DATE=2022-01-06T00:00:00+00:00
AIRFLOW_CTX_DAG_RUN_ID=scheduled__2022-01-06T00:00:00+00:00
[2022-02-25 17:14:06,293] {logging_mixin.py:109} INFO - 取得使用者的閱讀紀錄
[2022-02-25 17:14:06,293] {python.py:175} INFO - Done. Returned value was: None
[2022-02-25 17:14:06,300] {taskinstance.py:1282} INFO - Marking task as SUCCESS. dag_id=comic_app_v2, task_id=get_read_history, execution_date=20220106T000000, start_date=20220225T091406, end_date=20220225T091406
[2022-02-25 17:14:06,340] {local_task_job.py:154} INFO - Task exited with return code 0
[2022-02-25 17:14:06,377] {local_task_job.py:264} INFO - 1 downstream tasks scheduled from follow-on schedule check
[2022-02-25 17:19:12,109] {taskinstance.py:1037} INFO - Dependencies all met for <TaskInstance: comic_app_v2.get_read_history scheduled__2022-01-06T00:00:00+00:00 [queued]>
[2022-02-25 17:19:12,117] {taskinstance.py:1037} INFO - Dependencies all met for <TaskInstance: comic_app_v2.get_read_history scheduled__2022-01-06T00:00:00+00:00 [queued]>
[2022-02-25 17:19:12,117] {taskinstance.py:1243} INFO - 
--------------------------------------------------------------------------------
[2022-02-25 17:19:12,117] {taskinstance.py:1244} INFO - Starting attempt 1 of 3
[2022-02-25 17:19:12,117] {taskinstance.py:1245} INFO - 
--------------------------------------------------------------------------------
[2022-02-25 17:19:12,126] {taskinstance.py:1264} INFO - Executing <Task(PythonOperator): get_read_history> on 2022-01-06 00:00:00+00:00
[2022-02-25 17:19:12,128] {standard_task_runner.py:52} INFO - Started process 17537 to run task
[2022-02-25 17:19:12,134] {standard_task_runner.py:76} INFO - Running: ['airflow', 'tasks', 'run', 'comic_app_v2', 'get_read_history', 'scheduled__2022-01-06T00:00:00+00:00', '--job-id', '67', '--raw', '--subdir', 'DAGS_FOLDER/comic_app_v2.py', '--cfg-path', '/var/folders/jb/grqrlwkd311flwk_zt30r7wr0000gn/T/tmpz0en3t_6', '--error-file', '/var/folders/jb/grqrlwkd311flwk_zt30r7wr0000gn/T/tmpddohxosw']
[2022-02-25 17:19:12,136] {standard_task_runner.py:77} INFO - Job 67: Subtask get_read_history
[2022-02-25 17:19:12,182] {logging_mixin.py:109} INFO - Running <TaskInstance: comic_app_v2.get_read_history scheduled__2022-01-06T00:00:00+00:00 [running]> on host 1.0.0.0.0.0.0.0.0.0.0.0.0.0.0.0.0.0.0.0.0.0.0.0.0.0.0.0.0.0.0.0.ip6.arpa
[2022-02-25 17:19:12,221] {taskinstance.py:1431} INFO - Exporting the following env vars:
AIRFLOW_CTX_DAG_OWNER=Adam
AIRFLOW_CTX_DAG_ID=comic_app_v2
AIRFLOW_CTX_TASK_ID=get_read_history
AIRFLOW_CTX_EXECUTION_DATE=2022-01-06T00:00:00+00:00
AIRFLOW_CTX_DAG_RUN_ID=scheduled__2022-01-06T00:00:00+00:00
[2022-02-25 17:19:12,222] {logging_mixin.py:109} INFO - 取得使用者的閱讀紀錄
[2022-02-25 17:19:12,222] {python.py:175} INFO - Done. Returned value was: None
[2022-02-25 17:19:12,230] {taskinstance.py:1282} INFO - Marking task as SUCCESS. dag_id=comic_app_v2, task_id=get_read_history, execution_date=20220106T000000, start_date=20220225T091912, end_date=20220225T091912
[2022-02-25 17:19:12,279] {local_task_job.py:154} INFO - Task exited with return code 0
[2022-02-25 17:19:12,310] {local_task_job.py:264} INFO - 1 downstream tasks scheduled from follow-on schedule check
[2022-02-28 14:57:40,005] {taskinstance.py:1037} INFO - Dependencies all met for <TaskInstance: comic_app_v2.get_read_history scheduled__2022-01-06T00:00:00+00:00 [queued]>
[2022-02-28 14:57:40,014] {taskinstance.py:1037} INFO - Dependencies all met for <TaskInstance: comic_app_v2.get_read_history scheduled__2022-01-06T00:00:00+00:00 [queued]>
[2022-02-28 14:57:40,014] {taskinstance.py:1243} INFO - 
--------------------------------------------------------------------------------
[2022-02-28 14:57:40,014] {taskinstance.py:1244} INFO - Starting attempt 1 of 3
[2022-02-28 14:57:40,014] {taskinstance.py:1245} INFO - 
--------------------------------------------------------------------------------
[2022-02-28 14:57:40,026] {taskinstance.py:1264} INFO - Executing <Task(PythonOperator): get_read_history> on 2022-01-06 00:00:00+00:00
[2022-02-28 14:57:40,028] {standard_task_runner.py:52} INFO - Started process 34238 to run task
[2022-02-28 14:57:40,035] {standard_task_runner.py:76} INFO - Running: ['airflow', 'tasks', 'run', 'comic_app_v2', 'get_read_history', 'scheduled__2022-01-06T00:00:00+00:00', '--job-id', '101', '--raw', '--subdir', 'DAGS_FOLDER/comic_app_v2.py', '--cfg-path', '/var/folders/jb/grqrlwkd311flwk_zt30r7wr0000gn/T/tmp_l_c5aa8', '--error-file', '/var/folders/jb/grqrlwkd311flwk_zt30r7wr0000gn/T/tmpu44xtbew']
[2022-02-28 14:57:40,037] {standard_task_runner.py:77} INFO - Job 101: Subtask get_read_history
[2022-02-28 14:57:40,090] {logging_mixin.py:109} INFO - Running <TaskInstance: comic_app_v2.get_read_history scheduled__2022-01-06T00:00:00+00:00 [running]> on host 1.0.0.0.0.0.0.0.0.0.0.0.0.0.0.0.0.0.0.0.0.0.0.0.0.0.0.0.0.0.0.0.ip6.arpa
[2022-02-28 14:57:40,135] {taskinstance.py:1431} INFO - Exporting the following env vars:
AIRFLOW_CTX_DAG_OWNER=Adam
AIRFLOW_CTX_DAG_ID=comic_app_v2
AIRFLOW_CTX_TASK_ID=get_read_history
AIRFLOW_CTX_EXECUTION_DATE=2022-01-06T00:00:00+00:00
AIRFLOW_CTX_DAG_RUN_ID=scheduled__2022-01-06T00:00:00+00:00
[2022-02-28 14:57:40,136] {logging_mixin.py:109} INFO - 取得使用者的閱讀紀錄
[2022-02-28 14:57:40,136] {python.py:175} INFO - Done. Returned value was: None
[2022-02-28 14:57:40,144] {taskinstance.py:1282} INFO - Marking task as SUCCESS. dag_id=comic_app_v2, task_id=get_read_history, execution_date=20220106T000000, start_date=20220228T065740, end_date=20220228T065740
[2022-02-28 14:57:40,174] {local_task_job.py:154} INFO - Task exited with return code 0
[2022-02-28 14:57:40,209] {local_task_job.py:264} INFO - 1 downstream tasks scheduled from follow-on schedule check
[2022-02-28 15:04:12,498] {taskinstance.py:1037} INFO - Dependencies all met for <TaskInstance: comic_app_v2.get_read_history scheduled__2022-01-06T00:00:00+00:00 [queued]>
[2022-02-28 15:04:12,512] {taskinstance.py:1037} INFO - Dependencies all met for <TaskInstance: comic_app_v2.get_read_history scheduled__2022-01-06T00:00:00+00:00 [queued]>
[2022-02-28 15:04:12,512] {taskinstance.py:1243} INFO - 
--------------------------------------------------------------------------------
[2022-02-28 15:04:12,512] {taskinstance.py:1244} INFO - Starting attempt 1 of 3
[2022-02-28 15:04:12,512] {taskinstance.py:1245} INFO - 
--------------------------------------------------------------------------------
[2022-02-28 15:04:12,522] {taskinstance.py:1264} INFO - Executing <Task(PythonOperator): get_read_history> on 2022-01-06 00:00:00+00:00
[2022-02-28 15:04:12,524] {standard_task_runner.py:52} INFO - Started process 34824 to run task
[2022-02-28 15:04:12,530] {standard_task_runner.py:76} INFO - Running: ['airflow', 'tasks', 'run', 'comic_app_v2', 'get_read_history', 'scheduled__2022-01-06T00:00:00+00:00', '--job-id', '179', '--raw', '--subdir', 'DAGS_FOLDER/comic_app_v2.py', '--cfg-path', '/var/folders/jb/grqrlwkd311flwk_zt30r7wr0000gn/T/tmp157yxs_n', '--error-file', '/var/folders/jb/grqrlwkd311flwk_zt30r7wr0000gn/T/tmpgcpaxo6d']
[2022-02-28 15:04:12,532] {standard_task_runner.py:77} INFO - Job 179: Subtask get_read_history
[2022-02-28 15:04:12,581] {logging_mixin.py:109} INFO - Running <TaskInstance: comic_app_v2.get_read_history scheduled__2022-01-06T00:00:00+00:00 [running]> on host 1.0.0.0.0.0.0.0.0.0.0.0.0.0.0.0.0.0.0.0.0.0.0.0.0.0.0.0.0.0.0.0.ip6.arpa
[2022-02-28 15:04:12,621] {taskinstance.py:1431} INFO - Exporting the following env vars:
AIRFLOW_CTX_DAG_OWNER=Adam
AIRFLOW_CTX_DAG_ID=comic_app_v2
AIRFLOW_CTX_TASK_ID=get_read_history
AIRFLOW_CTX_EXECUTION_DATE=2022-01-06T00:00:00+00:00
AIRFLOW_CTX_DAG_RUN_ID=scheduled__2022-01-06T00:00:00+00:00
[2022-02-28 15:04:12,622] {logging_mixin.py:109} INFO - 取得使用者的閱讀紀錄
[2022-02-28 15:04:12,622] {python.py:175} INFO - Done. Returned value was: None
[2022-02-28 15:04:12,630] {taskinstance.py:1282} INFO - Marking task as SUCCESS. dag_id=comic_app_v2, task_id=get_read_history, execution_date=20220106T000000, start_date=20220228T070412, end_date=20220228T070412
[2022-02-28 15:04:12,670] {local_task_job.py:154} INFO - Task exited with return code 0
[2022-02-28 15:04:12,702] {local_task_job.py:264} INFO - 1 downstream tasks scheduled from follow-on schedule check
[2022-02-28 15:09:43,579] {taskinstance.py:1037} INFO - Dependencies all met for <TaskInstance: comic_app_v2.get_read_history scheduled__2022-01-06T00:00:00+00:00 [queued]>
[2022-02-28 15:09:43,591] {taskinstance.py:1037} INFO - Dependencies all met for <TaskInstance: comic_app_v2.get_read_history scheduled__2022-01-06T00:00:00+00:00 [queued]>
[2022-02-28 15:09:43,591] {taskinstance.py:1243} INFO - 
--------------------------------------------------------------------------------
[2022-02-28 15:09:43,591] {taskinstance.py:1244} INFO - Starting attempt 1 of 3
[2022-02-28 15:09:43,591] {taskinstance.py:1245} INFO - 
--------------------------------------------------------------------------------
[2022-02-28 15:09:43,600] {taskinstance.py:1264} INFO - Executing <Task(PythonOperator): get_read_history> on 2022-01-06 00:00:00+00:00
[2022-02-28 15:09:43,602] {standard_task_runner.py:52} INFO - Started process 35508 to run task
[2022-02-28 15:09:43,608] {standard_task_runner.py:76} INFO - Running: ['airflow', 'tasks', 'run', 'comic_app_v2', 'get_read_history', 'scheduled__2022-01-06T00:00:00+00:00', '--job-id', '250', '--raw', '--subdir', 'DAGS_FOLDER/comic_app_v2.py', '--cfg-path', '/var/folders/jb/grqrlwkd311flwk_zt30r7wr0000gn/T/tmpwxpnfrv_', '--error-file', '/var/folders/jb/grqrlwkd311flwk_zt30r7wr0000gn/T/tmp6vwqinev']
[2022-02-28 15:09:43,610] {standard_task_runner.py:77} INFO - Job 250: Subtask get_read_history
[2022-02-28 15:09:43,657] {logging_mixin.py:109} INFO - Running <TaskInstance: comic_app_v2.get_read_history scheduled__2022-01-06T00:00:00+00:00 [running]> on host 1.0.0.0.0.0.0.0.0.0.0.0.0.0.0.0.0.0.0.0.0.0.0.0.0.0.0.0.0.0.0.0.ip6.arpa
[2022-02-28 15:09:43,697] {taskinstance.py:1431} INFO - Exporting the following env vars:
AIRFLOW_CTX_DAG_OWNER=Adam
AIRFLOW_CTX_DAG_ID=comic_app_v2
AIRFLOW_CTX_TASK_ID=get_read_history
AIRFLOW_CTX_EXECUTION_DATE=2022-01-06T00:00:00+00:00
AIRFLOW_CTX_DAG_RUN_ID=scheduled__2022-01-06T00:00:00+00:00
[2022-02-28 15:09:43,699] {logging_mixin.py:109} INFO - 取得使用者的閱讀紀錄
[2022-02-28 15:09:43,700] {python.py:175} INFO - Done. Returned value was: None
[2022-02-28 15:09:43,712] {taskinstance.py:1282} INFO - Marking task as SUCCESS. dag_id=comic_app_v2, task_id=get_read_history, execution_date=20220106T000000, start_date=20220228T070943, end_date=20220228T070943
[2022-02-28 15:09:43,750] {local_task_job.py:154} INFO - Task exited with return code 0
[2022-02-28 15:09:43,779] {local_task_job.py:264} INFO - 1 downstream tasks scheduled from follow-on schedule check
[2022-02-28 15:14:48,479] {taskinstance.py:1037} INFO - Dependencies all met for <TaskInstance: comic_app_v2.get_read_history scheduled__2022-01-06T00:00:00+00:00 [queued]>
[2022-02-28 15:14:48,488] {taskinstance.py:1037} INFO - Dependencies all met for <TaskInstance: comic_app_v2.get_read_history scheduled__2022-01-06T00:00:00+00:00 [queued]>
[2022-02-28 15:14:48,488] {taskinstance.py:1243} INFO - 
--------------------------------------------------------------------------------
[2022-02-28 15:14:48,488] {taskinstance.py:1244} INFO - Starting attempt 1 of 3
[2022-02-28 15:14:48,488] {taskinstance.py:1245} INFO - 
--------------------------------------------------------------------------------
[2022-02-28 15:14:48,498] {taskinstance.py:1264} INFO - Executing <Task(PythonOperator): get_read_history> on 2022-01-06 00:00:00+00:00
[2022-02-28 15:14:48,501] {standard_task_runner.py:52} INFO - Started process 35916 to run task
[2022-02-28 15:14:48,506] {standard_task_runner.py:76} INFO - Running: ['airflow', 'tasks', 'run', 'comic_app_v2', 'get_read_history', 'scheduled__2022-01-06T00:00:00+00:00', '--job-id', '271', '--raw', '--subdir', 'DAGS_FOLDER/comic_app_v2.py', '--cfg-path', '/var/folders/jb/grqrlwkd311flwk_zt30r7wr0000gn/T/tmpqcjm7mrk', '--error-file', '/var/folders/jb/grqrlwkd311flwk_zt30r7wr0000gn/T/tmprk7a_a2b']
[2022-02-28 15:14:48,508] {standard_task_runner.py:77} INFO - Job 271: Subtask get_read_history
[2022-02-28 15:14:48,557] {logging_mixin.py:109} INFO - Running <TaskInstance: comic_app_v2.get_read_history scheduled__2022-01-06T00:00:00+00:00 [running]> on host 1.0.0.0.0.0.0.0.0.0.0.0.0.0.0.0.0.0.0.0.0.0.0.0.0.0.0.0.0.0.0.0.ip6.arpa
[2022-02-28 15:14:48,595] {taskinstance.py:1431} INFO - Exporting the following env vars:
AIRFLOW_CTX_DAG_OWNER=Adam
AIRFLOW_CTX_DAG_ID=comic_app_v2
AIRFLOW_CTX_TASK_ID=get_read_history
AIRFLOW_CTX_EXECUTION_DATE=2022-01-06T00:00:00+00:00
AIRFLOW_CTX_DAG_RUN_ID=scheduled__2022-01-06T00:00:00+00:00
[2022-02-28 15:14:48,596] {logging_mixin.py:109} INFO - 取得使用者的閱讀紀錄
[2022-02-28 15:14:48,597] {python.py:175} INFO - Done. Returned value was: None
[2022-02-28 15:14:48,603] {taskinstance.py:1282} INFO - Marking task as SUCCESS. dag_id=comic_app_v2, task_id=get_read_history, execution_date=20220106T000000, start_date=20220228T071448, end_date=20220228T071448
[2022-02-28 15:14:48,650] {local_task_job.py:154} INFO - Task exited with return code 0
[2022-02-28 15:14:48,680] {local_task_job.py:264} INFO - 1 downstream tasks scheduled from follow-on schedule check
[2022-02-28 15:18:30,513] {taskinstance.py:1037} INFO - Dependencies all met for <TaskInstance: comic_app_v2.get_read_history scheduled__2022-01-06T00:00:00+00:00 [queued]>
[2022-02-28 15:18:30,524] {taskinstance.py:1037} INFO - Dependencies all met for <TaskInstance: comic_app_v2.get_read_history scheduled__2022-01-06T00:00:00+00:00 [queued]>
[2022-02-28 15:18:30,524] {taskinstance.py:1243} INFO - 
--------------------------------------------------------------------------------
[2022-02-28 15:18:30,525] {taskinstance.py:1244} INFO - Starting attempt 1 of 3
[2022-02-28 15:18:30,525] {taskinstance.py:1245} INFO - 
--------------------------------------------------------------------------------
[2022-02-28 15:18:30,538] {taskinstance.py:1264} INFO - Executing <Task(PythonOperator): get_read_history> on 2022-01-06 00:00:00+00:00
[2022-02-28 15:18:30,542] {standard_task_runner.py:52} INFO - Started process 36229 to run task
[2022-02-28 15:18:30,550] {standard_task_runner.py:76} INFO - Running: ['airflow', 'tasks', 'run', 'comic_app_v2', 'get_read_history', 'scheduled__2022-01-06T00:00:00+00:00', '--job-id', '288', '--raw', '--subdir', 'DAGS_FOLDER/comic_app_v2.py', '--cfg-path', '/var/folders/jb/grqrlwkd311flwk_zt30r7wr0000gn/T/tmp9986pp0t', '--error-file', '/var/folders/jb/grqrlwkd311flwk_zt30r7wr0000gn/T/tmpawqnd5pg']
[2022-02-28 15:18:30,552] {standard_task_runner.py:77} INFO - Job 288: Subtask get_read_history
[2022-02-28 15:18:30,614] {logging_mixin.py:109} INFO - Running <TaskInstance: comic_app_v2.get_read_history scheduled__2022-01-06T00:00:00+00:00 [running]> on host 1.0.0.0.0.0.0.0.0.0.0.0.0.0.0.0.0.0.0.0.0.0.0.0.0.0.0.0.0.0.0.0.ip6.arpa
[2022-02-28 15:18:30,685] {taskinstance.py:1431} INFO - Exporting the following env vars:
AIRFLOW_CTX_DAG_OWNER=Adam
AIRFLOW_CTX_DAG_ID=comic_app_v2
AIRFLOW_CTX_TASK_ID=get_read_history
AIRFLOW_CTX_EXECUTION_DATE=2022-01-06T00:00:00+00:00
AIRFLOW_CTX_DAG_RUN_ID=scheduled__2022-01-06T00:00:00+00:00
[2022-02-28 15:18:30,687] {logging_mixin.py:109} INFO - 取得使用者的閱讀紀錄
[2022-02-28 15:18:30,688] {python.py:175} INFO - Done. Returned value was: None
[2022-02-28 15:18:30,711] {taskinstance.py:1282} INFO - Marking task as SUCCESS. dag_id=comic_app_v2, task_id=get_read_history, execution_date=20220106T000000, start_date=20220228T071830, end_date=20220228T071830
[2022-02-28 15:18:30,800] {local_task_job.py:154} INFO - Task exited with return code 0
[2022-02-28 15:18:30,878] {local_task_job.py:264} INFO - 1 downstream tasks scheduled from follow-on schedule check
