[2022-02-28 14:30:04,107] {taskinstance.py:1037} INFO - Dependencies all met for <TaskInstance: comic_app_v2.check_comic_info manual__2022-02-28T06:29:57.938030+00:00 [queued]>
[2022-02-28 14:30:04,115] {taskinstance.py:1037} INFO - Dependencies all met for <TaskInstance: comic_app_v2.check_comic_info manual__2022-02-28T06:29:57.938030+00:00 [queued]>
[2022-02-28 14:30:04,115] {taskinstance.py:1243} INFO - 
--------------------------------------------------------------------------------
[2022-02-28 14:30:04,115] {taskinstance.py:1244} INFO - Starting attempt 1 of 3
[2022-02-28 14:30:04,115] {taskinstance.py:1245} INFO - 
--------------------------------------------------------------------------------
[2022-02-28 14:30:04,126] {taskinstance.py:1264} INFO - Executing <Task(PythonOperator): check_comic_info> on 2022-02-28 06:29:57.938030+00:00
[2022-02-28 14:30:04,128] {standard_task_runner.py:52} INFO - Started process 32117 to run task
[2022-02-28 14:30:04,135] {standard_task_runner.py:76} INFO - Running: ['airflow', 'tasks', 'run', 'comic_app_v2', 'check_comic_info', 'manual__2022-02-28T06:29:57.938030+00:00', '--job-id', '182', '--raw', '--subdir', 'DAGS_FOLDER/comic_app_v2.py', '--cfg-path', '/var/folders/jb/grqrlwkd311flwk_zt30r7wr0000gn/T/tmp47pt_2nu', '--error-file', '/var/folders/jb/grqrlwkd311flwk_zt30r7wr0000gn/T/tmpnu2vubyy']
[2022-02-28 14:30:04,138] {standard_task_runner.py:77} INFO - Job 182: Subtask check_comic_info
[2022-02-28 14:30:04,186] {logging_mixin.py:109} INFO - Running <TaskInstance: comic_app_v2.check_comic_info manual__2022-02-28T06:29:57.938030+00:00 [running]> on host 1.0.0.0.0.0.0.0.0.0.0.0.0.0.0.0.0.0.0.0.0.0.0.0.0.0.0.0.0.0.0.0.ip6.arpa
[2022-02-28 14:30:04,223] {taskinstance.py:1431} INFO - Exporting the following env vars:
AIRFLOW_CTX_DAG_OWNER=Adam
AIRFLOW_CTX_DAG_ID=comic_app_v2
AIRFLOW_CTX_TASK_ID=check_comic_info
AIRFLOW_CTX_EXECUTION_DATE=2022-02-28T06:29:57.938030+00:00
AIRFLOW_CTX_DAG_RUN_ID=manual__2022-02-28T06:29:57.938030+00:00
[2022-02-28 14:30:04,224] {logging_mixin.py:109} INFO - 去看有沒有新的章節
[2022-02-28 14:30:04,224] {logging_mixin.py:109} INFO - False
[2022-02-28 14:30:04,225] {python.py:175} INFO - Done. Returned value was: False
[2022-02-28 14:30:04,237] {taskinstance.py:1282} INFO - Marking task as SUCCESS. dag_id=comic_app_v2, task_id=check_comic_info, execution_date=20220228T062957, start_date=20220228T063004, end_date=20220228T063004
[2022-02-28 14:30:04,279] {local_task_job.py:154} INFO - Task exited with return code 0
[2022-02-28 14:30:04,321] {local_task_job.py:264} INFO - 1 downstream tasks scheduled from follow-on schedule check
