[2022-02-25 17:14:39,298] {taskinstance.py:1037} INFO - Dependencies all met for <TaskInstance: comic_app_v2.new_comic_available scheduled__2022-01-07T00:00:00+00:00 [queued]>
[2022-02-25 17:14:39,305] {taskinstance.py:1037} INFO - Dependencies all met for <TaskInstance: comic_app_v2.new_comic_available scheduled__2022-01-07T00:00:00+00:00 [queued]>
[2022-02-25 17:14:39,305] {taskinstance.py:1243} INFO - 
--------------------------------------------------------------------------------
[2022-02-25 17:14:39,305] {taskinstance.py:1244} INFO - Starting attempt 1 of 3
[2022-02-25 17:14:39,305] {taskinstance.py:1245} INFO - 
--------------------------------------------------------------------------------
[2022-02-25 17:14:39,315] {taskinstance.py:1264} INFO - Executing <Task(BranchPythonOperator): new_comic_available> on 2022-01-07 00:00:00+00:00
[2022-02-25 17:14:39,317] {standard_task_runner.py:52} INFO - Started process 17169 to run task
[2022-02-25 17:14:39,324] {standard_task_runner.py:76} INFO - Running: ['airflow', 'tasks', 'run', 'comic_app_v2', 'new_comic_available', 'scheduled__2022-01-07T00:00:00+00:00', '--job-id', '39', '--raw', '--subdir', 'DAGS_FOLDER/comic_app_v2.py', '--cfg-path', '/var/folders/jb/grqrlwkd311flwk_zt30r7wr0000gn/T/tmpvao0g4i0', '--error-file', '/var/folders/jb/grqrlwkd311flwk_zt30r7wr0000gn/T/tmpiramov_0']
[2022-02-25 17:14:39,327] {standard_task_runner.py:77} INFO - Job 39: Subtask new_comic_available
[2022-02-25 17:14:39,376] {logging_mixin.py:109} INFO - Running <TaskInstance: comic_app_v2.new_comic_available scheduled__2022-01-07T00:00:00+00:00 [running]> on host 1.0.0.0.0.0.0.0.0.0.0.0.0.0.0.0.0.0.0.0.0.0.0.0.0.0.0.0.0.0.0.0.ip6.arpa
[2022-02-25 17:14:39,416] {taskinstance.py:1431} INFO - Exporting the following env vars:
AIRFLOW_CTX_DAG_OWNER=Adam
AIRFLOW_CTX_DAG_ID=comic_app_v2
AIRFLOW_CTX_TASK_ID=new_comic_available
AIRFLOW_CTX_EXECUTION_DATE=2022-01-07T00:00:00+00:00
AIRFLOW_CTX_DAG_RUN_ID=scheduled__2022-01-07T00:00:00+00:00
[2022-02-25 17:14:39,421] {logging_mixin.py:109} INFO - 跟紀錄比較，有沒有新連載？
[2022-02-25 17:14:39,421] {python.py:175} INFO - Done. Returned value was: no_do_nothing
[2022-02-25 17:14:39,421] {skipmixin.py:140} INFO - Following branch no_do_nothing
[2022-02-25 17:14:39,422] {skipmixin.py:171} INFO - Skipping tasks ['yes_generate_notification']
[2022-02-25 17:14:39,445] {taskinstance.py:1282} INFO - Marking task as SUCCESS. dag_id=comic_app_v2, task_id=new_comic_available, execution_date=20220107T000000, start_date=20220225T091439, end_date=20220225T091439
[2022-02-25 17:14:39,464] {local_task_job.py:154} INFO - Task exited with return code 0
[2022-02-25 17:14:39,498] {local_task_job.py:264} INFO - 1 downstream tasks scheduled from follow-on schedule check
[2022-02-25 17:19:33,124] {taskinstance.py:1037} INFO - Dependencies all met for <TaskInstance: comic_app_v2.new_comic_available scheduled__2022-01-07T00:00:00+00:00 [queued]>
[2022-02-25 17:19:33,133] {taskinstance.py:1037} INFO - Dependencies all met for <TaskInstance: comic_app_v2.new_comic_available scheduled__2022-01-07T00:00:00+00:00 [queued]>
[2022-02-25 17:19:33,133] {taskinstance.py:1243} INFO - 
--------------------------------------------------------------------------------
[2022-02-25 17:19:33,133] {taskinstance.py:1244} INFO - Starting attempt 1 of 3
[2022-02-25 17:19:33,133] {taskinstance.py:1245} INFO - 
--------------------------------------------------------------------------------
[2022-02-25 17:19:33,143] {taskinstance.py:1264} INFO - Executing <Task(BranchPythonOperator): new_comic_available> on 2022-01-07 00:00:00+00:00
[2022-02-25 17:19:33,145] {standard_task_runner.py:52} INFO - Started process 17576 to run task
[2022-02-25 17:19:33,152] {standard_task_runner.py:76} INFO - Running: ['airflow', 'tasks', 'run', 'comic_app_v2', 'new_comic_available', 'scheduled__2022-01-07T00:00:00+00:00', '--job-id', '75', '--raw', '--subdir', 'DAGS_FOLDER/comic_app_v2.py', '--cfg-path', '/var/folders/jb/grqrlwkd311flwk_zt30r7wr0000gn/T/tmpgk12jfhf', '--error-file', '/var/folders/jb/grqrlwkd311flwk_zt30r7wr0000gn/T/tmp7mh_7lr3']
[2022-02-25 17:19:33,154] {standard_task_runner.py:77} INFO - Job 75: Subtask new_comic_available
[2022-02-25 17:19:33,199] {logging_mixin.py:109} INFO - Running <TaskInstance: comic_app_v2.new_comic_available scheduled__2022-01-07T00:00:00+00:00 [running]> on host 1.0.0.0.0.0.0.0.0.0.0.0.0.0.0.0.0.0.0.0.0.0.0.0.0.0.0.0.0.0.0.0.ip6.arpa
[2022-02-25 17:19:33,236] {taskinstance.py:1431} INFO - Exporting the following env vars:
AIRFLOW_CTX_DAG_OWNER=Adam
AIRFLOW_CTX_DAG_ID=comic_app_v2
AIRFLOW_CTX_TASK_ID=new_comic_available
AIRFLOW_CTX_EXECUTION_DATE=2022-01-07T00:00:00+00:00
AIRFLOW_CTX_DAG_RUN_ID=scheduled__2022-01-07T00:00:00+00:00
[2022-02-25 17:19:33,240] {logging_mixin.py:109} INFO - 跟紀錄比較，有沒有新連載？
[2022-02-25 17:19:33,241] {python.py:175} INFO - Done. Returned value was: no_do_nothing
[2022-02-25 17:19:33,241] {skipmixin.py:140} INFO - Following branch no_do_nothing
[2022-02-25 17:19:33,242] {skipmixin.py:171} INFO - Skipping tasks ['yes_generate_notification']
[2022-02-25 17:19:33,264] {taskinstance.py:1282} INFO - Marking task as SUCCESS. dag_id=comic_app_v2, task_id=new_comic_available, execution_date=20220107T000000, start_date=20220225T091933, end_date=20220225T091933
[2022-02-25 17:19:33,288] {local_task_job.py:154} INFO - Task exited with return code 0
[2022-02-25 17:19:33,326] {local_task_job.py:264} INFO - 1 downstream tasks scheduled from follow-on schedule check
[2022-02-28 14:58:18,241] {taskinstance.py:1037} INFO - Dependencies all met for <TaskInstance: comic_app_v2.new_comic_available scheduled__2022-01-07T00:00:00+00:00 [queued]>
[2022-02-28 14:58:18,250] {taskinstance.py:1037} INFO - Dependencies all met for <TaskInstance: comic_app_v2.new_comic_available scheduled__2022-01-07T00:00:00+00:00 [queued]>
[2022-02-28 14:58:18,250] {taskinstance.py:1243} INFO - 
--------------------------------------------------------------------------------
[2022-02-28 14:58:18,250] {taskinstance.py:1244} INFO - Starting attempt 1 of 3
[2022-02-28 14:58:18,250] {taskinstance.py:1245} INFO - 
--------------------------------------------------------------------------------
[2022-02-28 14:58:18,261] {taskinstance.py:1264} INFO - Executing <Task(BranchPythonOperator): new_comic_available> on 2022-01-07 00:00:00+00:00
[2022-02-28 14:58:18,263] {standard_task_runner.py:52} INFO - Started process 34314 to run task
[2022-02-28 14:58:18,269] {standard_task_runner.py:76} INFO - Running: ['airflow', 'tasks', 'run', 'comic_app_v2', 'new_comic_available', 'scheduled__2022-01-07T00:00:00+00:00', '--job-id', '116', '--raw', '--subdir', 'DAGS_FOLDER/comic_app_v2.py', '--cfg-path', '/var/folders/jb/grqrlwkd311flwk_zt30r7wr0000gn/T/tmp11395i20', '--error-file', '/var/folders/jb/grqrlwkd311flwk_zt30r7wr0000gn/T/tmpo5hwr1ep']
[2022-02-28 14:58:18,271] {standard_task_runner.py:77} INFO - Job 116: Subtask new_comic_available
[2022-02-28 14:58:18,319] {logging_mixin.py:109} INFO - Running <TaskInstance: comic_app_v2.new_comic_available scheduled__2022-01-07T00:00:00+00:00 [running]> on host 1.0.0.0.0.0.0.0.0.0.0.0.0.0.0.0.0.0.0.0.0.0.0.0.0.0.0.0.0.0.0.0.ip6.arpa
[2022-02-28 14:58:18,358] {taskinstance.py:1431} INFO - Exporting the following env vars:
AIRFLOW_CTX_DAG_OWNER=Adam
AIRFLOW_CTX_DAG_ID=comic_app_v2
AIRFLOW_CTX_TASK_ID=new_comic_available
AIRFLOW_CTX_EXECUTION_DATE=2022-01-07T00:00:00+00:00
AIRFLOW_CTX_DAG_RUN_ID=scheduled__2022-01-07T00:00:00+00:00
[2022-02-28 14:58:18,364] {logging_mixin.py:109} INFO - 跟紀錄比較，有沒有新連載？
[2022-02-28 14:58:18,364] {python.py:175} INFO - Done. Returned value was: no_do_nothing
[2022-02-28 14:58:18,364] {skipmixin.py:140} INFO - Following branch no_do_nothing
[2022-02-28 14:58:18,365] {skipmixin.py:171} INFO - Skipping tasks ['yes_generate_notification']
[2022-02-28 14:58:18,387] {taskinstance.py:1282} INFO - Marking task as SUCCESS. dag_id=comic_app_v2, task_id=new_comic_available, execution_date=20220107T000000, start_date=20220228T065818, end_date=20220228T065818
[2022-02-28 14:58:18,410] {local_task_job.py:154} INFO - Task exited with return code 0
[2022-02-28 14:58:18,445] {local_task_job.py:264} INFO - 1 downstream tasks scheduled from follow-on schedule check
[2022-02-28 15:04:35,910] {taskinstance.py:1037} INFO - Dependencies all met for <TaskInstance: comic_app_v2.new_comic_available scheduled__2022-01-07T00:00:00+00:00 [queued]>
[2022-02-28 15:04:35,918] {taskinstance.py:1037} INFO - Dependencies all met for <TaskInstance: comic_app_v2.new_comic_available scheduled__2022-01-07T00:00:00+00:00 [queued]>
[2022-02-28 15:04:35,918] {taskinstance.py:1243} INFO - 
--------------------------------------------------------------------------------
[2022-02-28 15:04:35,918] {taskinstance.py:1244} INFO - Starting attempt 1 of 3
[2022-02-28 15:04:35,918] {taskinstance.py:1245} INFO - 
--------------------------------------------------------------------------------
[2022-02-28 15:04:35,928] {taskinstance.py:1264} INFO - Executing <Task(BranchPythonOperator): new_comic_available> on 2022-01-07 00:00:00+00:00
[2022-02-28 15:04:35,930] {standard_task_runner.py:52} INFO - Started process 34874 to run task
[2022-02-28 15:04:35,936] {standard_task_runner.py:76} INFO - Running: ['airflow', 'tasks', 'run', 'comic_app_v2', 'new_comic_available', 'scheduled__2022-01-07T00:00:00+00:00', '--job-id', '189', '--raw', '--subdir', 'DAGS_FOLDER/comic_app_v2.py', '--cfg-path', '/var/folders/jb/grqrlwkd311flwk_zt30r7wr0000gn/T/tmpj3p13qds', '--error-file', '/var/folders/jb/grqrlwkd311flwk_zt30r7wr0000gn/T/tmp08lmtpbg']
[2022-02-28 15:04:35,938] {standard_task_runner.py:77} INFO - Job 189: Subtask new_comic_available
[2022-02-28 15:04:35,986] {logging_mixin.py:109} INFO - Running <TaskInstance: comic_app_v2.new_comic_available scheduled__2022-01-07T00:00:00+00:00 [running]> on host 1.0.0.0.0.0.0.0.0.0.0.0.0.0.0.0.0.0.0.0.0.0.0.0.0.0.0.0.0.0.0.0.ip6.arpa
[2022-02-28 15:04:36,026] {taskinstance.py:1431} INFO - Exporting the following env vars:
AIRFLOW_CTX_DAG_OWNER=Adam
AIRFLOW_CTX_DAG_ID=comic_app_v2
AIRFLOW_CTX_TASK_ID=new_comic_available
AIRFLOW_CTX_EXECUTION_DATE=2022-01-07T00:00:00+00:00
AIRFLOW_CTX_DAG_RUN_ID=scheduled__2022-01-07T00:00:00+00:00
[2022-02-28 15:04:36,031] {logging_mixin.py:109} INFO - 跟紀錄比較，有沒有新連載？
[2022-02-28 15:04:36,031] {python.py:175} INFO - Done. Returned value was: no_do_nothing
[2022-02-28 15:04:36,031] {skipmixin.py:140} INFO - Following branch no_do_nothing
[2022-02-28 15:04:36,032] {skipmixin.py:171} INFO - Skipping tasks ['yes_generate_notification']
[2022-02-28 15:04:36,054] {taskinstance.py:1282} INFO - Marking task as SUCCESS. dag_id=comic_app_v2, task_id=new_comic_available, execution_date=20220107T000000, start_date=20220228T070435, end_date=20220228T070436
[2022-02-28 15:04:36,080] {local_task_job.py:154} INFO - Task exited with return code 0
[2022-02-28 15:04:36,116] {local_task_job.py:264} INFO - 1 downstream tasks scheduled from follow-on schedule check
[2022-02-28 15:18:59,778] {taskinstance.py:1037} INFO - Dependencies all met for <TaskInstance: comic_app_v2.new_comic_available scheduled__2022-01-07T00:00:00+00:00 [queued]>
[2022-02-28 15:18:59,787] {taskinstance.py:1037} INFO - Dependencies all met for <TaskInstance: comic_app_v2.new_comic_available scheduled__2022-01-07T00:00:00+00:00 [queued]>
[2022-02-28 15:18:59,787] {taskinstance.py:1243} INFO - 
--------------------------------------------------------------------------------
[2022-02-28 15:18:59,788] {taskinstance.py:1244} INFO - Starting attempt 1 of 3
[2022-02-28 15:18:59,788] {taskinstance.py:1245} INFO - 
--------------------------------------------------------------------------------
[2022-02-28 15:18:59,798] {taskinstance.py:1264} INFO - Executing <Task(BranchPythonOperator): new_comic_available> on 2022-01-07 00:00:00+00:00
[2022-02-28 15:18:59,800] {standard_task_runner.py:52} INFO - Started process 36286 to run task
[2022-02-28 15:18:59,806] {standard_task_runner.py:76} INFO - Running: ['airflow', 'tasks', 'run', 'comic_app_v2', 'new_comic_available', 'scheduled__2022-01-07T00:00:00+00:00', '--job-id', '299', '--raw', '--subdir', 'DAGS_FOLDER/comic_app_v2.py', '--cfg-path', '/var/folders/jb/grqrlwkd311flwk_zt30r7wr0000gn/T/tmpeprpp0ej', '--error-file', '/var/folders/jb/grqrlwkd311flwk_zt30r7wr0000gn/T/tmphimfp6s9']
[2022-02-28 15:18:59,808] {standard_task_runner.py:77} INFO - Job 299: Subtask new_comic_available
[2022-02-28 15:18:59,853] {logging_mixin.py:109} INFO - Running <TaskInstance: comic_app_v2.new_comic_available scheduled__2022-01-07T00:00:00+00:00 [running]> on host 1.0.0.0.0.0.0.0.0.0.0.0.0.0.0.0.0.0.0.0.0.0.0.0.0.0.0.0.0.0.0.0.ip6.arpa
[2022-02-28 15:18:59,890] {taskinstance.py:1431} INFO - Exporting the following env vars:
AIRFLOW_CTX_DAG_OWNER=Adam
AIRFLOW_CTX_DAG_ID=comic_app_v2
AIRFLOW_CTX_TASK_ID=new_comic_available
AIRFLOW_CTX_EXECUTION_DATE=2022-01-07T00:00:00+00:00
AIRFLOW_CTX_DAG_RUN_ID=scheduled__2022-01-07T00:00:00+00:00
[2022-02-28 15:18:59,896] {logging_mixin.py:109} INFO - 跟紀錄比較，有沒有新連載？
[2022-02-28 15:18:59,897] {python.py:175} INFO - Done. Returned value was: no_do_nothing
[2022-02-28 15:18:59,897] {skipmixin.py:140} INFO - Following branch no_do_nothing
[2022-02-28 15:18:59,898] {skipmixin.py:171} INFO - Skipping tasks ['yes_generate_notification']
[2022-02-28 15:18:59,925] {taskinstance.py:1282} INFO - Marking task as SUCCESS. dag_id=comic_app_v2, task_id=new_comic_available, execution_date=20220107T000000, start_date=20220228T071859, end_date=20220228T071859
[2022-02-28 15:18:59,940] {local_task_job.py:154} INFO - Task exited with return code 0
[2022-02-28 15:18:59,979] {local_task_job.py:264} INFO - 1 downstream tasks scheduled from follow-on schedule check
