[2022-02-25 17:14:32,843] {taskinstance.py:1037} INFO - Dependencies all met for <TaskInstance: comic_app_v2.check_comic_info scheduled__2022-01-07T00:00:00+00:00 [queued]>
[2022-02-25 17:14:32,852] {taskinstance.py:1037} INFO - Dependencies all met for <TaskInstance: comic_app_v2.check_comic_info scheduled__2022-01-07T00:00:00+00:00 [queued]>
[2022-02-25 17:14:32,852] {taskinstance.py:1243} INFO - 
--------------------------------------------------------------------------------
[2022-02-25 17:14:32,852] {taskinstance.py:1244} INFO - Starting attempt 1 of 3
[2022-02-25 17:14:32,852] {taskinstance.py:1245} INFO - 
--------------------------------------------------------------------------------
[2022-02-25 17:14:32,861] {taskinstance.py:1264} INFO - Executing <Task(PythonOperator): check_comic_info> on 2022-01-07 00:00:00+00:00
[2022-02-25 17:14:32,863] {standard_task_runner.py:52} INFO - Started process 17150 to run task
[2022-02-25 17:14:32,869] {standard_task_runner.py:76} INFO - Running: ['airflow', 'tasks', 'run', 'comic_app_v2', 'check_comic_info', 'scheduled__2022-01-07T00:00:00+00:00', '--job-id', '36', '--raw', '--subdir', 'DAGS_FOLDER/comic_app_v2.py', '--cfg-path', '/var/folders/jb/grqrlwkd311flwk_zt30r7wr0000gn/T/tmpj78ig0_4', '--error-file', '/var/folders/jb/grqrlwkd311flwk_zt30r7wr0000gn/T/tmpprcfxk90']
[2022-02-25 17:14:32,871] {standard_task_runner.py:77} INFO - Job 36: Subtask check_comic_info
[2022-02-25 17:14:32,925] {logging_mixin.py:109} INFO - Running <TaskInstance: comic_app_v2.check_comic_info scheduled__2022-01-07T00:00:00+00:00 [running]> on host 1.0.0.0.0.0.0.0.0.0.0.0.0.0.0.0.0.0.0.0.0.0.0.0.0.0.0.0.0.0.0.0.ip6.arpa
[2022-02-25 17:14:32,965] {taskinstance.py:1431} INFO - Exporting the following env vars:
AIRFLOW_CTX_DAG_OWNER=Adam
AIRFLOW_CTX_DAG_ID=comic_app_v2
AIRFLOW_CTX_TASK_ID=check_comic_info
AIRFLOW_CTX_EXECUTION_DATE=2022-01-07T00:00:00+00:00
AIRFLOW_CTX_DAG_RUN_ID=scheduled__2022-01-07T00:00:00+00:00
[2022-02-25 17:14:32,969] {logging_mixin.py:109} INFO - 去漫畫網站看有沒有新的章節
[2022-02-25 17:14:32,969] {python.py:175} INFO - Done. Returned value was: (False, None)
[2022-02-25 17:14:32,981] {taskinstance.py:1282} INFO - Marking task as SUCCESS. dag_id=comic_app_v2, task_id=check_comic_info, execution_date=20220107T000000, start_date=20220225T091432, end_date=20220225T091432
[2022-02-25 17:14:33,006] {local_task_job.py:154} INFO - Task exited with return code 0
[2022-02-25 17:14:33,035] {local_task_job.py:264} INFO - 1 downstream tasks scheduled from follow-on schedule check
[2022-02-25 17:19:20,757] {taskinstance.py:1037} INFO - Dependencies all met for <TaskInstance: comic_app_v2.check_comic_info scheduled__2022-01-07T00:00:00+00:00 [queued]>
[2022-02-25 17:19:20,767] {taskinstance.py:1037} INFO - Dependencies all met for <TaskInstance: comic_app_v2.check_comic_info scheduled__2022-01-07T00:00:00+00:00 [queued]>
[2022-02-25 17:19:20,767] {taskinstance.py:1243} INFO - 
--------------------------------------------------------------------------------
[2022-02-25 17:19:20,767] {taskinstance.py:1244} INFO - Starting attempt 1 of 3
[2022-02-25 17:19:20,767] {taskinstance.py:1245} INFO - 
--------------------------------------------------------------------------------
[2022-02-25 17:19:20,779] {taskinstance.py:1264} INFO - Executing <Task(PythonOperator): check_comic_info> on 2022-01-07 00:00:00+00:00
[2022-02-25 17:19:20,781] {standard_task_runner.py:52} INFO - Started process 17557 to run task
[2022-02-25 17:19:20,788] {standard_task_runner.py:76} INFO - Running: ['airflow', 'tasks', 'run', 'comic_app_v2', 'check_comic_info', 'scheduled__2022-01-07T00:00:00+00:00', '--job-id', '71', '--raw', '--subdir', 'DAGS_FOLDER/comic_app_v2.py', '--cfg-path', '/var/folders/jb/grqrlwkd311flwk_zt30r7wr0000gn/T/tmpvz_796oa', '--error-file', '/var/folders/jb/grqrlwkd311flwk_zt30r7wr0000gn/T/tmpmiewfh1b']
[2022-02-25 17:19:20,791] {standard_task_runner.py:77} INFO - Job 71: Subtask check_comic_info
[2022-02-25 17:19:20,851] {logging_mixin.py:109} INFO - Running <TaskInstance: comic_app_v2.check_comic_info scheduled__2022-01-07T00:00:00+00:00 [running]> on host 1.0.0.0.0.0.0.0.0.0.0.0.0.0.0.0.0.0.0.0.0.0.0.0.0.0.0.0.0.0.0.0.ip6.arpa
[2022-02-25 17:19:20,899] {taskinstance.py:1431} INFO - Exporting the following env vars:
AIRFLOW_CTX_DAG_OWNER=Adam
AIRFLOW_CTX_DAG_ID=comic_app_v2
AIRFLOW_CTX_TASK_ID=check_comic_info
AIRFLOW_CTX_EXECUTION_DATE=2022-01-07T00:00:00+00:00
AIRFLOW_CTX_DAG_RUN_ID=scheduled__2022-01-07T00:00:00+00:00
[2022-02-25 17:19:20,904] {logging_mixin.py:109} INFO - 去漫畫網站看有沒有新的章節
[2022-02-25 17:19:20,904] {python.py:175} INFO - Done. Returned value was: (False, None)
[2022-02-25 17:19:20,919] {taskinstance.py:1282} INFO - Marking task as SUCCESS. dag_id=comic_app_v2, task_id=check_comic_info, execution_date=20220107T000000, start_date=20220225T091920, end_date=20220225T091920
[2022-02-25 17:19:20,966] {local_task_job.py:154} INFO - Task exited with return code 0
[2022-02-25 17:19:21,006] {local_task_job.py:264} INFO - 1 downstream tasks scheduled from follow-on schedule check
