[2022-02-28 14:59:54,667] {taskinstance.py:1037} INFO - Dependencies all met for <TaskInstance: comic_app_v2.new_comic_available scheduled__2022-01-17T00:00:00+00:00 [queued]>
[2022-02-28 14:59:54,675] {taskinstance.py:1037} INFO - Dependencies all met for <TaskInstance: comic_app_v2.new_comic_available scheduled__2022-01-17T00:00:00+00:00 [queued]>
[2022-02-28 14:59:54,675] {taskinstance.py:1243} INFO - 
--------------------------------------------------------------------------------
[2022-02-28 14:59:54,675] {taskinstance.py:1244} INFO - Starting attempt 1 of 3
[2022-02-28 14:59:54,675] {taskinstance.py:1245} INFO - 
--------------------------------------------------------------------------------
[2022-02-28 14:59:54,685] {taskinstance.py:1264} INFO - Executing <Task(BranchPythonOperator): new_comic_available> on 2022-01-17 00:00:00+00:00
[2022-02-28 14:59:54,687] {standard_task_runner.py:52} INFO - Started process 34516 to run task
[2022-02-28 14:59:54,693] {standard_task_runner.py:76} INFO - Running: ['airflow', 'tasks', 'run', 'comic_app_v2', 'new_comic_available', 'scheduled__2022-01-17T00:00:00+00:00', '--job-id', '154', '--raw', '--subdir', 'DAGS_FOLDER/comic_app_v2.py', '--cfg-path', '/var/folders/jb/grqrlwkd311flwk_zt30r7wr0000gn/T/tmpyexmsi7f', '--error-file', '/var/folders/jb/grqrlwkd311flwk_zt30r7wr0000gn/T/tmp9ycez5xf']
[2022-02-28 14:59:54,695] {standard_task_runner.py:77} INFO - Job 154: Subtask new_comic_available
[2022-02-28 14:59:54,753] {logging_mixin.py:109} INFO - Running <TaskInstance: comic_app_v2.new_comic_available scheduled__2022-01-17T00:00:00+00:00 [running]> on host 1.0.0.0.0.0.0.0.0.0.0.0.0.0.0.0.0.0.0.0.0.0.0.0.0.0.0.0.0.0.0.0.ip6.arpa
[2022-02-28 14:59:54,800] {taskinstance.py:1431} INFO - Exporting the following env vars:
AIRFLOW_CTX_DAG_OWNER=Adam
AIRFLOW_CTX_DAG_ID=comic_app_v2
AIRFLOW_CTX_TASK_ID=new_comic_available
AIRFLOW_CTX_EXECUTION_DATE=2022-01-17T00:00:00+00:00
AIRFLOW_CTX_DAG_RUN_ID=scheduled__2022-01-17T00:00:00+00:00
[2022-02-28 14:59:54,806] {logging_mixin.py:109} INFO - 跟紀錄比較，有沒有新連載？
[2022-02-28 14:59:54,807] {python.py:175} INFO - Done. Returned value was: no_do_nothing
[2022-02-28 14:59:54,807] {skipmixin.py:140} INFO - Following branch no_do_nothing
[2022-02-28 14:59:54,807] {skipmixin.py:171} INFO - Skipping tasks ['yes_generate_notification']
[2022-02-28 14:59:54,836] {taskinstance.py:1282} INFO - Marking task as SUCCESS. dag_id=comic_app_v2, task_id=new_comic_available, execution_date=20220117T000000, start_date=20220228T065954, end_date=20220228T065954
[2022-02-28 14:59:54,873] {local_task_job.py:154} INFO - Task exited with return code 0
[2022-02-28 14:59:54,922] {local_task_job.py:264} INFO - 1 downstream tasks scheduled from follow-on schedule check
