[2022-02-25 17:19:57,774] {taskinstance.py:1037} INFO - Dependencies all met for <TaskInstance: comic_app_v2.send_notification scheduled__2022-01-09T00:00:00+00:00 [queued]>
[2022-02-25 17:19:57,787] {taskinstance.py:1037} INFO - Dependencies all met for <TaskInstance: comic_app_v2.send_notification scheduled__2022-01-09T00:00:00+00:00 [queued]>
[2022-02-25 17:19:57,787] {taskinstance.py:1243} INFO - 
--------------------------------------------------------------------------------
[2022-02-25 17:19:57,787] {taskinstance.py:1244} INFO - Starting attempt 1 of 3
[2022-02-25 17:19:57,787] {taskinstance.py:1245} INFO - 
--------------------------------------------------------------------------------
[2022-02-25 17:19:57,801] {taskinstance.py:1264} INFO - Executing <Task(SlackAPIPostOperator): send_notification> on 2022-01-09 00:00:00+00:00
[2022-02-25 17:19:57,803] {standard_task_runner.py:52} INFO - Started process 17635 to run task
[2022-02-25 17:19:57,810] {standard_task_runner.py:76} INFO - Running: ['airflow', 'tasks', 'run', 'comic_app_v2', 'send_notification', 'scheduled__2022-01-09T00:00:00+00:00', '--job-id', '84', '--raw', '--subdir', 'DAGS_FOLDER/comic_app_v2.py', '--cfg-path', '/var/folders/jb/grqrlwkd311flwk_zt30r7wr0000gn/T/tmp33e18ke_', '--error-file', '/var/folders/jb/grqrlwkd311flwk_zt30r7wr0000gn/T/tmps_ta57_l']
[2022-02-25 17:19:57,812] {standard_task_runner.py:77} INFO - Job 84: Subtask send_notification
[2022-02-25 17:19:57,878] {logging_mixin.py:109} INFO - Running <TaskInstance: comic_app_v2.send_notification scheduled__2022-01-09T00:00:00+00:00 [running]> on host 1.0.0.0.0.0.0.0.0.0.0.0.0.0.0.0.0.0.0.0.0.0.0.0.0.0.0.0.0.0.0.0.ip6.arpa
[2022-02-25 17:19:57,926] {taskinstance.py:1431} INFO - Exporting the following env vars:
AIRFLOW_CTX_DAG_OWNER=Adam
AIRFLOW_CTX_DAG_ID=comic_app_v2
AIRFLOW_CTX_TASK_ID=send_notification
AIRFLOW_CTX_EXECUTION_DATE=2022-01-09T00:00:00+00:00
AIRFLOW_CTX_DAG_RUN_ID=scheduled__2022-01-09T00:00:00+00:00
[2022-02-25 17:19:58,451] {taskinstance.py:1282} INFO - Marking task as SUCCESS. dag_id=comic_app_v2, task_id=send_notification, execution_date=20220109T000000, start_date=20220225T091957, end_date=20220225T091958
[2022-02-25 17:19:58,494] {local_task_job.py:154} INFO - Task exited with return code 0
[2022-02-25 17:19:58,581] {local_task_job.py:264} INFO - 1 downstream tasks scheduled from follow-on schedule check
[2022-02-28 14:58:43,232] {taskinstance.py:1037} INFO - Dependencies all met for <TaskInstance: comic_app_v2.send_notification scheduled__2022-01-09T00:00:00+00:00 [queued]>
[2022-02-28 14:58:43,240] {taskinstance.py:1037} INFO - Dependencies all met for <TaskInstance: comic_app_v2.send_notification scheduled__2022-01-09T00:00:00+00:00 [queued]>
[2022-02-28 14:58:43,240] {taskinstance.py:1243} INFO - 
--------------------------------------------------------------------------------
[2022-02-28 14:58:43,240] {taskinstance.py:1244} INFO - Starting attempt 1 of 3
[2022-02-28 14:58:43,240] {taskinstance.py:1245} INFO - 
--------------------------------------------------------------------------------
[2022-02-28 14:58:43,253] {taskinstance.py:1264} INFO - Executing <Task(SlackAPIPostOperator): send_notification> on 2022-01-09 00:00:00+00:00
[2022-02-28 14:58:43,255] {standard_task_runner.py:52} INFO - Started process 34369 to run task
[2022-02-28 14:58:43,260] {standard_task_runner.py:76} INFO - Running: ['airflow', 'tasks', 'run', 'comic_app_v2', 'send_notification', 'scheduled__2022-01-09T00:00:00+00:00', '--job-id', '127', '--raw', '--subdir', 'DAGS_FOLDER/comic_app_v2.py', '--cfg-path', '/var/folders/jb/grqrlwkd311flwk_zt30r7wr0000gn/T/tmpww34xxto', '--error-file', '/var/folders/jb/grqrlwkd311flwk_zt30r7wr0000gn/T/tmpxnfe3okw']
[2022-02-28 14:58:43,262] {standard_task_runner.py:77} INFO - Job 127: Subtask send_notification
[2022-02-28 14:58:43,313] {logging_mixin.py:109} INFO - Running <TaskInstance: comic_app_v2.send_notification scheduled__2022-01-09T00:00:00+00:00 [running]> on host 1.0.0.0.0.0.0.0.0.0.0.0.0.0.0.0.0.0.0.0.0.0.0.0.0.0.0.0.0.0.0.0.ip6.arpa
[2022-02-28 14:58:43,355] {taskinstance.py:1431} INFO - Exporting the following env vars:
AIRFLOW_CTX_DAG_OWNER=Adam
AIRFLOW_CTX_DAG_ID=comic_app_v2
AIRFLOW_CTX_TASK_ID=send_notification
AIRFLOW_CTX_EXECUTION_DATE=2022-01-09T00:00:00+00:00
AIRFLOW_CTX_DAG_RUN_ID=scheduled__2022-01-09T00:00:00+00:00
[2022-02-28 14:58:43,723] {taskinstance.py:1282} INFO - Marking task as SUCCESS. dag_id=comic_app_v2, task_id=send_notification, execution_date=20220109T000000, start_date=20220228T065843, end_date=20220228T065843
[2022-02-28 14:58:43,741] {local_task_job.py:154} INFO - Task exited with return code 0
[2022-02-28 14:58:43,765] {local_task_job.py:264} INFO - 1 downstream tasks scheduled from follow-on schedule check
[2022-02-28 15:05:03,673] {taskinstance.py:1037} INFO - Dependencies all met for <TaskInstance: comic_app_v2.send_notification scheduled__2022-01-09T00:00:00+00:00 [queued]>
[2022-02-28 15:05:03,682] {taskinstance.py:1037} INFO - Dependencies all met for <TaskInstance: comic_app_v2.send_notification scheduled__2022-01-09T00:00:00+00:00 [queued]>
[2022-02-28 15:05:03,682] {taskinstance.py:1243} INFO - 
--------------------------------------------------------------------------------
[2022-02-28 15:05:03,682] {taskinstance.py:1244} INFO - Starting attempt 1 of 3
[2022-02-28 15:05:03,682] {taskinstance.py:1245} INFO - 
--------------------------------------------------------------------------------
[2022-02-28 15:05:03,694] {taskinstance.py:1264} INFO - Executing <Task(SlackAPIPostOperator): send_notification> on 2022-01-09 00:00:00+00:00
[2022-02-28 15:05:03,697] {standard_task_runner.py:52} INFO - Started process 34938 to run task
[2022-02-28 15:05:03,702] {standard_task_runner.py:76} INFO - Running: ['airflow', 'tasks', 'run', 'comic_app_v2', 'send_notification', 'scheduled__2022-01-09T00:00:00+00:00', '--job-id', '199', '--raw', '--subdir', 'DAGS_FOLDER/comic_app_v2.py', '--cfg-path', '/var/folders/jb/grqrlwkd311flwk_zt30r7wr0000gn/T/tmp7dsdw6dn', '--error-file', '/var/folders/jb/grqrlwkd311flwk_zt30r7wr0000gn/T/tmp32vgx160']
[2022-02-28 15:05:03,705] {standard_task_runner.py:77} INFO - Job 199: Subtask send_notification
[2022-02-28 15:05:03,763] {logging_mixin.py:109} INFO - Running <TaskInstance: comic_app_v2.send_notification scheduled__2022-01-09T00:00:00+00:00 [running]> on host 1.0.0.0.0.0.0.0.0.0.0.0.0.0.0.0.0.0.0.0.0.0.0.0.0.0.0.0.0.0.0.0.ip6.arpa
[2022-02-28 15:05:03,810] {taskinstance.py:1431} INFO - Exporting the following env vars:
AIRFLOW_CTX_DAG_OWNER=Adam
AIRFLOW_CTX_DAG_ID=comic_app_v2
AIRFLOW_CTX_TASK_ID=send_notification
AIRFLOW_CTX_EXECUTION_DATE=2022-01-09T00:00:00+00:00
AIRFLOW_CTX_DAG_RUN_ID=scheduled__2022-01-09T00:00:00+00:00
[2022-02-28 15:05:04,194] {taskinstance.py:1282} INFO - Marking task as SUCCESS. dag_id=comic_app_v2, task_id=send_notification, execution_date=20220109T000000, start_date=20220228T070503, end_date=20220228T070504
[2022-02-28 15:05:04,234] {local_task_job.py:154} INFO - Task exited with return code 0
[2022-02-28 15:05:04,260] {local_task_job.py:264} INFO - 1 downstream tasks scheduled from follow-on schedule check
