[2022-02-28 14:59:27,914] {taskinstance.py:1037} INFO - Dependencies all met for <TaskInstance: comic_app_v2.new_comic_available scheduled__2022-01-15T00:00:00+00:00 [queued]>
[2022-02-28 14:59:27,922] {taskinstance.py:1037} INFO - Dependencies all met for <TaskInstance: comic_app_v2.new_comic_available scheduled__2022-01-15T00:00:00+00:00 [queued]>
[2022-02-28 14:59:27,922] {taskinstance.py:1243} INFO - 
--------------------------------------------------------------------------------
[2022-02-28 14:59:27,922] {taskinstance.py:1244} INFO - Starting attempt 1 of 3
[2022-02-28 14:59:27,922] {taskinstance.py:1245} INFO - 
--------------------------------------------------------------------------------
[2022-02-28 14:59:27,932] {taskinstance.py:1264} INFO - Executing <Task(BranchPythonOperator): new_comic_available> on 2022-01-15 00:00:00+00:00
[2022-02-28 14:59:27,935] {standard_task_runner.py:52} INFO - Started process 34463 to run task
[2022-02-28 14:59:27,942] {standard_task_runner.py:76} INFO - Running: ['airflow', 'tasks', 'run', 'comic_app_v2', 'new_comic_available', 'scheduled__2022-01-15T00:00:00+00:00', '--job-id', '144', '--raw', '--subdir', 'DAGS_FOLDER/comic_app_v2.py', '--cfg-path', '/var/folders/jb/grqrlwkd311flwk_zt30r7wr0000gn/T/tmpka8xxwff', '--error-file', '/var/folders/jb/grqrlwkd311flwk_zt30r7wr0000gn/T/tmpl9kv448b']
[2022-02-28 14:59:27,944] {standard_task_runner.py:77} INFO - Job 144: Subtask new_comic_available
[2022-02-28 14:59:27,995] {logging_mixin.py:109} INFO - Running <TaskInstance: comic_app_v2.new_comic_available scheduled__2022-01-15T00:00:00+00:00 [running]> on host 1.0.0.0.0.0.0.0.0.0.0.0.0.0.0.0.0.0.0.0.0.0.0.0.0.0.0.0.0.0.0.0.ip6.arpa
[2022-02-28 14:59:28,036] {taskinstance.py:1431} INFO - Exporting the following env vars:
AIRFLOW_CTX_DAG_OWNER=Adam
AIRFLOW_CTX_DAG_ID=comic_app_v2
AIRFLOW_CTX_TASK_ID=new_comic_available
AIRFLOW_CTX_EXECUTION_DATE=2022-01-15T00:00:00+00:00
AIRFLOW_CTX_DAG_RUN_ID=scheduled__2022-01-15T00:00:00+00:00
[2022-02-28 14:59:28,041] {logging_mixin.py:109} INFO - 跟紀錄比較，有沒有新連載？
[2022-02-28 14:59:28,041] {python.py:175} INFO - Done. Returned value was: no_do_nothing
[2022-02-28 14:59:28,041] {skipmixin.py:140} INFO - Following branch no_do_nothing
[2022-02-28 14:59:28,042] {skipmixin.py:171} INFO - Skipping tasks ['yes_generate_notification']
[2022-02-28 14:59:28,065] {taskinstance.py:1282} INFO - Marking task as SUCCESS. dag_id=comic_app_v2, task_id=new_comic_available, execution_date=20220115T000000, start_date=20220228T065927, end_date=20220228T065928
[2022-02-28 14:59:28,082] {local_task_job.py:154} INFO - Task exited with return code 0
[2022-02-28 14:59:28,116] {local_task_job.py:264} INFO - 1 downstream tasks scheduled from follow-on schedule check
[2022-02-28 15:05:52,130] {taskinstance.py:1037} INFO - Dependencies all met for <TaskInstance: comic_app_v2.new_comic_available scheduled__2022-01-15T00:00:00+00:00 [queued]>
[2022-02-28 15:05:52,141] {taskinstance.py:1037} INFO - Dependencies all met for <TaskInstance: comic_app_v2.new_comic_available scheduled__2022-01-15T00:00:00+00:00 [queued]>
[2022-02-28 15:05:52,141] {taskinstance.py:1243} INFO - 
--------------------------------------------------------------------------------
[2022-02-28 15:05:52,141] {taskinstance.py:1244} INFO - Starting attempt 1 of 3
[2022-02-28 15:05:52,141] {taskinstance.py:1245} INFO - 
--------------------------------------------------------------------------------
[2022-02-28 15:05:52,154] {taskinstance.py:1264} INFO - Executing <Task(BranchPythonOperator): new_comic_available> on 2022-01-15 00:00:00+00:00
[2022-02-28 15:05:52,157] {standard_task_runner.py:52} INFO - Started process 35027 to run task
[2022-02-28 15:05:52,164] {standard_task_runner.py:76} INFO - Running: ['airflow', 'tasks', 'run', 'comic_app_v2', 'new_comic_available', 'scheduled__2022-01-15T00:00:00+00:00', '--job-id', '217', '--raw', '--subdir', 'DAGS_FOLDER/comic_app_v2.py', '--cfg-path', '/var/folders/jb/grqrlwkd311flwk_zt30r7wr0000gn/T/tmpebnnzsnb', '--error-file', '/var/folders/jb/grqrlwkd311flwk_zt30r7wr0000gn/T/tmp4repe9qx']
[2022-02-28 15:05:52,167] {standard_task_runner.py:77} INFO - Job 217: Subtask new_comic_available
[2022-02-28 15:05:52,223] {logging_mixin.py:109} INFO - Running <TaskInstance: comic_app_v2.new_comic_available scheduled__2022-01-15T00:00:00+00:00 [running]> on host 1.0.0.0.0.0.0.0.0.0.0.0.0.0.0.0.0.0.0.0.0.0.0.0.0.0.0.0.0.0.0.0.ip6.arpa
[2022-02-28 15:05:52,271] {taskinstance.py:1431} INFO - Exporting the following env vars:
AIRFLOW_CTX_DAG_OWNER=Adam
AIRFLOW_CTX_DAG_ID=comic_app_v2
AIRFLOW_CTX_TASK_ID=new_comic_available
AIRFLOW_CTX_EXECUTION_DATE=2022-01-15T00:00:00+00:00
AIRFLOW_CTX_DAG_RUN_ID=scheduled__2022-01-15T00:00:00+00:00
[2022-02-28 15:05:52,277] {logging_mixin.py:109} INFO - 跟紀錄比較，有沒有新連載？
[2022-02-28 15:05:52,277] {python.py:175} INFO - Done. Returned value was: no_do_nothing
[2022-02-28 15:05:52,277] {skipmixin.py:140} INFO - Following branch no_do_nothing
[2022-02-28 15:05:52,278] {skipmixin.py:171} INFO - Skipping tasks ['yes_generate_notification']
[2022-02-28 15:05:52,309] {taskinstance.py:1282} INFO - Marking task as SUCCESS. dag_id=comic_app_v2, task_id=new_comic_available, execution_date=20220115T000000, start_date=20220228T070552, end_date=20220228T070552
[2022-02-28 15:05:52,435] {local_task_job.py:154} INFO - Task exited with return code 0
[2022-02-28 15:05:52,603] {local_task_job.py:264} INFO - 1 downstream tasks scheduled from follow-on schedule check
