[2022-02-25 17:13:30,995] {taskinstance.py:1037} INFO - Dependencies all met for <TaskInstance: comic_app_v2.check_comic_info scheduled__2022-01-02T00:00:00+00:00 [queued]>
[2022-02-25 17:13:31,050] {taskinstance.py:1037} INFO - Dependencies all met for <TaskInstance: comic_app_v2.check_comic_info scheduled__2022-01-02T00:00:00+00:00 [queued]>
[2022-02-25 17:13:31,050] {taskinstance.py:1243} INFO - 
--------------------------------------------------------------------------------
[2022-02-25 17:13:31,050] {taskinstance.py:1244} INFO - Starting attempt 1 of 3
[2022-02-25 17:13:31,050] {taskinstance.py:1245} INFO - 
--------------------------------------------------------------------------------
[2022-02-25 17:13:31,085] {taskinstance.py:1264} INFO - Executing <Task(PythonOperator): check_comic_info> on 2022-01-02 00:00:00+00:00
[2022-02-25 17:13:31,088] {standard_task_runner.py:52} INFO - Started process 16992 to run task
[2022-02-25 17:13:31,100] {standard_task_runner.py:76} INFO - Running: ['airflow', 'tasks', 'run', 'comic_app_v2', 'check_comic_info', 'scheduled__2022-01-02T00:00:00+00:00', '--job-id', '12', '--raw', '--subdir', 'DAGS_FOLDER/comic_app_v2.py', '--cfg-path', '/var/folders/jb/grqrlwkd311flwk_zt30r7wr0000gn/T/tmprt5qvurc', '--error-file', '/var/folders/jb/grqrlwkd311flwk_zt30r7wr0000gn/T/tmp6o13_isb']
[2022-02-25 17:13:31,102] {standard_task_runner.py:77} INFO - Job 12: Subtask check_comic_info
[2022-02-25 17:13:31,148] {logging_mixin.py:109} INFO - Running <TaskInstance: comic_app_v2.check_comic_info scheduled__2022-01-02T00:00:00+00:00 [running]> on host 1.0.0.0.0.0.0.0.0.0.0.0.0.0.0.0.0.0.0.0.0.0.0.0.0.0.0.0.0.0.0.0.ip6.arpa
[2022-02-25 17:13:31,185] {taskinstance.py:1431} INFO - Exporting the following env vars:
AIRFLOW_CTX_DAG_OWNER=Adam
AIRFLOW_CTX_DAG_ID=comic_app_v2
AIRFLOW_CTX_TASK_ID=check_comic_info
AIRFLOW_CTX_EXECUTION_DATE=2022-01-02T00:00:00+00:00
AIRFLOW_CTX_DAG_RUN_ID=scheduled__2022-01-02T00:00:00+00:00
[2022-02-25 17:13:31,190] {logging_mixin.py:109} INFO - 去漫畫網站看有沒有新的章節
[2022-02-25 17:13:31,190] {python.py:175} INFO - Done. Returned value was: (True, None)
[2022-02-25 17:13:31,203] {taskinstance.py:1282} INFO - Marking task as SUCCESS. dag_id=comic_app_v2, task_id=check_comic_info, execution_date=20220102T000000, start_date=20220225T091331, end_date=20220225T091331
[2022-02-25 17:13:31,248] {local_task_job.py:154} INFO - Task exited with return code 0
[2022-02-25 17:13:31,277] {local_task_job.py:264} INFO - 1 downstream tasks scheduled from follow-on schedule check
[2022-02-25 17:18:25,206] {taskinstance.py:1037} INFO - Dependencies all met for <TaskInstance: comic_app_v2.check_comic_info scheduled__2022-01-02T00:00:00+00:00 [queued]>
[2022-02-25 17:18:25,214] {taskinstance.py:1037} INFO - Dependencies all met for <TaskInstance: comic_app_v2.check_comic_info scheduled__2022-01-02T00:00:00+00:00 [queued]>
[2022-02-25 17:18:25,215] {taskinstance.py:1243} INFO - 
--------------------------------------------------------------------------------
[2022-02-25 17:18:25,215] {taskinstance.py:1244} INFO - Starting attempt 1 of 3
[2022-02-25 17:18:25,215] {taskinstance.py:1245} INFO - 
--------------------------------------------------------------------------------
[2022-02-25 17:18:25,226] {taskinstance.py:1264} INFO - Executing <Task(PythonOperator): check_comic_info> on 2022-01-02 00:00:00+00:00
[2022-02-25 17:18:25,228] {standard_task_runner.py:52} INFO - Started process 17429 to run task
[2022-02-25 17:18:25,236] {standard_task_runner.py:76} INFO - Running: ['airflow', 'tasks', 'run', 'comic_app_v2', 'check_comic_info', 'scheduled__2022-01-02T00:00:00+00:00', '--job-id', '48', '--raw', '--subdir', 'DAGS_FOLDER/comic_app_v2.py', '--cfg-path', '/var/folders/jb/grqrlwkd311flwk_zt30r7wr0000gn/T/tmpht5mog_9', '--error-file', '/var/folders/jb/grqrlwkd311flwk_zt30r7wr0000gn/T/tmpa7sbwwbx']
[2022-02-25 17:18:25,238] {standard_task_runner.py:77} INFO - Job 48: Subtask check_comic_info
[2022-02-25 17:18:25,283] {logging_mixin.py:109} INFO - Running <TaskInstance: comic_app_v2.check_comic_info scheduled__2022-01-02T00:00:00+00:00 [running]> on host 1.0.0.0.0.0.0.0.0.0.0.0.0.0.0.0.0.0.0.0.0.0.0.0.0.0.0.0.0.0.0.0.ip6.arpa
[2022-02-25 17:18:25,318] {taskinstance.py:1431} INFO - Exporting the following env vars:
AIRFLOW_CTX_DAG_OWNER=Adam
AIRFLOW_CTX_DAG_ID=comic_app_v2
AIRFLOW_CTX_TASK_ID=check_comic_info
AIRFLOW_CTX_EXECUTION_DATE=2022-01-02T00:00:00+00:00
AIRFLOW_CTX_DAG_RUN_ID=scheduled__2022-01-02T00:00:00+00:00
[2022-02-25 17:18:25,324] {logging_mixin.py:109} INFO - 去漫畫網站看有沒有新的章節
[2022-02-25 17:18:25,324] {python.py:175} INFO - Done. Returned value was: (True, None)
[2022-02-25 17:18:25,336] {taskinstance.py:1282} INFO - Marking task as SUCCESS. dag_id=comic_app_v2, task_id=check_comic_info, execution_date=20220102T000000, start_date=20220225T091825, end_date=20220225T091825
[2022-02-25 17:18:25,372] {local_task_job.py:154} INFO - Task exited with return code 0
[2022-02-25 17:18:25,402] {local_task_job.py:264} INFO - 1 downstream tasks scheduled from follow-on schedule check
