[2022-02-28 14:58:34,349] {taskinstance.py:1037} INFO - Dependencies all met for <TaskInstance: comic_app_v2.check_comic_info scheduled__2022-01-11T00:00:00+00:00 [queued]>
[2022-02-28 14:58:34,357] {taskinstance.py:1037} INFO - Dependencies all met for <TaskInstance: comic_app_v2.check_comic_info scheduled__2022-01-11T00:00:00+00:00 [queued]>
[2022-02-28 14:58:34,357] {taskinstance.py:1243} INFO - 
--------------------------------------------------------------------------------
[2022-02-28 14:58:34,357] {taskinstance.py:1244} INFO - Starting attempt 1 of 3
[2022-02-28 14:58:34,357] {taskinstance.py:1245} INFO - 
--------------------------------------------------------------------------------
[2022-02-28 14:58:34,367] {taskinstance.py:1264} INFO - Executing <Task(PythonOperator): check_comic_info> on 2022-01-11 00:00:00+00:00
[2022-02-28 14:58:34,369] {standard_task_runner.py:52} INFO - Started process 34349 to run task
[2022-02-28 14:58:34,375] {standard_task_runner.py:76} INFO - Running: ['airflow', 'tasks', 'run', 'comic_app_v2', 'check_comic_info', 'scheduled__2022-01-11T00:00:00+00:00', '--job-id', '123', '--raw', '--subdir', 'DAGS_FOLDER/comic_app_v2.py', '--cfg-path', '/var/folders/jb/grqrlwkd311flwk_zt30r7wr0000gn/T/tmp85qgycdy', '--error-file', '/var/folders/jb/grqrlwkd311flwk_zt30r7wr0000gn/T/tmpruvrkpup']
[2022-02-28 14:58:34,377] {standard_task_runner.py:77} INFO - Job 123: Subtask check_comic_info
[2022-02-28 14:58:34,423] {logging_mixin.py:109} INFO - Running <TaskInstance: comic_app_v2.check_comic_info scheduled__2022-01-11T00:00:00+00:00 [running]> on host 1.0.0.0.0.0.0.0.0.0.0.0.0.0.0.0.0.0.0.0.0.0.0.0.0.0.0.0.0.0.0.0.ip6.arpa
[2022-02-28 14:58:34,464] {taskinstance.py:1431} INFO - Exporting the following env vars:
AIRFLOW_CTX_DAG_OWNER=Adam
AIRFLOW_CTX_DAG_ID=comic_app_v2
AIRFLOW_CTX_TASK_ID=check_comic_info
AIRFLOW_CTX_EXECUTION_DATE=2022-01-11T00:00:00+00:00
AIRFLOW_CTX_DAG_RUN_ID=scheduled__2022-01-11T00:00:00+00:00
[2022-02-28 14:58:34,468] {logging_mixin.py:109} INFO - 去漫畫網站看有沒有新的章節
[2022-02-28 14:58:34,468] {python.py:175} INFO - Done. Returned value was: (False, None)
[2022-02-28 14:58:34,482] {taskinstance.py:1282} INFO - Marking task as SUCCESS. dag_id=comic_app_v2, task_id=check_comic_info, execution_date=20220111T000000, start_date=20220228T065834, end_date=20220228T065834
[2022-02-28 14:58:34,520] {local_task_job.py:154} INFO - Task exited with return code 0
[2022-02-28 14:58:34,554] {local_task_job.py:264} INFO - 1 downstream tasks scheduled from follow-on schedule check
[2022-02-28 15:05:17,684] {taskinstance.py:1037} INFO - Dependencies all met for <TaskInstance: comic_app_v2.check_comic_info scheduled__2022-01-11T00:00:00+00:00 [queued]>
[2022-02-28 15:05:17,694] {taskinstance.py:1037} INFO - Dependencies all met for <TaskInstance: comic_app_v2.check_comic_info scheduled__2022-01-11T00:00:00+00:00 [queued]>
[2022-02-28 15:05:17,694] {taskinstance.py:1243} INFO - 
--------------------------------------------------------------------------------
[2022-02-28 15:05:17,694] {taskinstance.py:1244} INFO - Starting attempt 1 of 3
[2022-02-28 15:05:17,694] {taskinstance.py:1245} INFO - 
--------------------------------------------------------------------------------
[2022-02-28 15:05:17,704] {taskinstance.py:1264} INFO - Executing <Task(PythonOperator): check_comic_info> on 2022-01-11 00:00:00+00:00
[2022-02-28 15:05:17,706] {standard_task_runner.py:52} INFO - Started process 34963 to run task
[2022-02-28 15:05:17,712] {standard_task_runner.py:76} INFO - Running: ['airflow', 'tasks', 'run', 'comic_app_v2', 'check_comic_info', 'scheduled__2022-01-11T00:00:00+00:00', '--job-id', '204', '--raw', '--subdir', 'DAGS_FOLDER/comic_app_v2.py', '--cfg-path', '/var/folders/jb/grqrlwkd311flwk_zt30r7wr0000gn/T/tmp410ftyy8', '--error-file', '/var/folders/jb/grqrlwkd311flwk_zt30r7wr0000gn/T/tmpv17jtn27']
[2022-02-28 15:05:17,714] {standard_task_runner.py:77} INFO - Job 204: Subtask check_comic_info
[2022-02-28 15:05:17,762] {logging_mixin.py:109} INFO - Running <TaskInstance: comic_app_v2.check_comic_info scheduled__2022-01-11T00:00:00+00:00 [running]> on host 1.0.0.0.0.0.0.0.0.0.0.0.0.0.0.0.0.0.0.0.0.0.0.0.0.0.0.0.0.0.0.0.ip6.arpa
[2022-02-28 15:05:17,801] {taskinstance.py:1431} INFO - Exporting the following env vars:
AIRFLOW_CTX_DAG_OWNER=Adam
AIRFLOW_CTX_DAG_ID=comic_app_v2
AIRFLOW_CTX_TASK_ID=check_comic_info
AIRFLOW_CTX_EXECUTION_DATE=2022-01-11T00:00:00+00:00
AIRFLOW_CTX_DAG_RUN_ID=scheduled__2022-01-11T00:00:00+00:00
[2022-02-28 15:05:17,806] {logging_mixin.py:109} INFO - 去漫畫網站看有沒有新的章節
[2022-02-28 15:05:18,277] {python.py:175} INFO - Done. Returned value was: (False, None)
[2022-02-28 15:05:18,293] {taskinstance.py:1282} INFO - Marking task as SUCCESS. dag_id=comic_app_v2, task_id=check_comic_info, execution_date=20220111T000000, start_date=20220228T070517, end_date=20220228T070518
[2022-02-28 15:05:18,319] {local_task_job.py:154} INFO - Task exited with return code 0
[2022-02-28 15:05:18,352] {local_task_job.py:264} INFO - 1 downstream tasks scheduled from follow-on schedule check
