[2022-02-25 17:13:59,091] {taskinstance.py:1037} INFO - Dependencies all met for <TaskInstance: comic_app_v2.yes_generate_notification scheduled__2022-01-02T00:00:00+00:00 [queued]>
[2022-02-25 17:13:59,100] {taskinstance.py:1037} INFO - Dependencies all met for <TaskInstance: comic_app_v2.yes_generate_notification scheduled__2022-01-02T00:00:00+00:00 [queued]>
[2022-02-25 17:13:59,100] {taskinstance.py:1243} INFO - 
--------------------------------------------------------------------------------
[2022-02-25 17:13:59,100] {taskinstance.py:1244} INFO - Starting attempt 1 of 3
[2022-02-25 17:13:59,100] {taskinstance.py:1245} INFO - 
--------------------------------------------------------------------------------
[2022-02-25 17:13:59,110] {taskinstance.py:1264} INFO - Executing <Task(PythonOperator): yes_generate_notification> on 2022-01-02 00:00:00+00:00
[2022-02-25 17:13:59,112] {standard_task_runner.py:52} INFO - Started process 17062 to run task
[2022-02-25 17:13:59,118] {standard_task_runner.py:76} INFO - Running: ['airflow', 'tasks', 'run', 'comic_app_v2', 'yes_generate_notification', 'scheduled__2022-01-02T00:00:00+00:00', '--job-id', '23', '--raw', '--subdir', 'DAGS_FOLDER/comic_app_v2.py', '--cfg-path', '/var/folders/jb/grqrlwkd311flwk_zt30r7wr0000gn/T/tmpwqeouawh', '--error-file', '/var/folders/jb/grqrlwkd311flwk_zt30r7wr0000gn/T/tmpefczuxya']
[2022-02-25 17:13:59,120] {standard_task_runner.py:77} INFO - Job 23: Subtask yes_generate_notification
[2022-02-25 17:13:59,165] {logging_mixin.py:109} INFO - Running <TaskInstance: comic_app_v2.yes_generate_notification scheduled__2022-01-02T00:00:00+00:00 [running]> on host 1.0.0.0.0.0.0.0.0.0.0.0.0.0.0.0.0.0.0.0.0.0.0.0.0.0.0.0.0.0.0.0.ip6.arpa
[2022-02-25 17:13:59,202] {taskinstance.py:1431} INFO - Exporting the following env vars:
AIRFLOW_CTX_DAG_OWNER=Adam
AIRFLOW_CTX_DAG_ID=comic_app_v2
AIRFLOW_CTX_TASK_ID=yes_generate_notification
AIRFLOW_CTX_EXECUTION_DATE=2022-01-02T00:00:00+00:00
AIRFLOW_CTX_DAG_RUN_ID=scheduled__2022-01-02T00:00:00+00:00
[2022-02-25 17:13:59,207] {logging_mixin.py:109} INFO - 產生要寄給 Slack 的訊息內容並存成檔案
[2022-02-25 17:13:59,208] {python.py:175} INFO - Done. Returned value was: None
[2022-02-25 17:13:59,215] {taskinstance.py:1282} INFO - Marking task as SUCCESS. dag_id=comic_app_v2, task_id=yes_generate_notification, execution_date=20220102T000000, start_date=20220225T091359, end_date=20220225T091359
[2022-02-25 17:13:59,263] {local_task_job.py:154} INFO - Task exited with return code 0
[2022-02-25 17:13:59,294] {local_task_job.py:264} INFO - 1 downstream tasks scheduled from follow-on schedule check
[2022-02-25 17:18:48,342] {taskinstance.py:1037} INFO - Dependencies all met for <TaskInstance: comic_app_v2.yes_generate_notification scheduled__2022-01-02T00:00:00+00:00 [queued]>
[2022-02-25 17:18:48,352] {taskinstance.py:1037} INFO - Dependencies all met for <TaskInstance: comic_app_v2.yes_generate_notification scheduled__2022-01-02T00:00:00+00:00 [queued]>
[2022-02-25 17:18:48,352] {taskinstance.py:1243} INFO - 
--------------------------------------------------------------------------------
[2022-02-25 17:18:48,352] {taskinstance.py:1244} INFO - Starting attempt 1 of 3
[2022-02-25 17:18:48,352] {taskinstance.py:1245} INFO - 
--------------------------------------------------------------------------------
[2022-02-25 17:18:48,369] {taskinstance.py:1264} INFO - Executing <Task(PythonOperator): yes_generate_notification> on 2022-01-02 00:00:00+00:00
[2022-02-25 17:18:48,371] {standard_task_runner.py:52} INFO - Started process 17484 to run task
[2022-02-25 17:18:48,377] {standard_task_runner.py:76} INFO - Running: ['airflow', 'tasks', 'run', 'comic_app_v2', 'yes_generate_notification', 'scheduled__2022-01-02T00:00:00+00:00', '--job-id', '58', '--raw', '--subdir', 'DAGS_FOLDER/comic_app_v2.py', '--cfg-path', '/var/folders/jb/grqrlwkd311flwk_zt30r7wr0000gn/T/tmpem1we4at', '--error-file', '/var/folders/jb/grqrlwkd311flwk_zt30r7wr0000gn/T/tmpyluc5_c3']
[2022-02-25 17:18:48,381] {standard_task_runner.py:77} INFO - Job 58: Subtask yes_generate_notification
[2022-02-25 17:18:48,446] {logging_mixin.py:109} INFO - Running <TaskInstance: comic_app_v2.yes_generate_notification scheduled__2022-01-02T00:00:00+00:00 [running]> on host 1.0.0.0.0.0.0.0.0.0.0.0.0.0.0.0.0.0.0.0.0.0.0.0.0.0.0.0.0.0.0.0.ip6.arpa
[2022-02-25 17:18:48,500] {taskinstance.py:1431} INFO - Exporting the following env vars:
AIRFLOW_CTX_DAG_OWNER=Adam
AIRFLOW_CTX_DAG_ID=comic_app_v2
AIRFLOW_CTX_TASK_ID=yes_generate_notification
AIRFLOW_CTX_EXECUTION_DATE=2022-01-02T00:00:00+00:00
AIRFLOW_CTX_DAG_RUN_ID=scheduled__2022-01-02T00:00:00+00:00
[2022-02-25 17:18:48,505] {logging_mixin.py:109} INFO - 產生要寄給 Slack 的訊息內容並存成檔案
[2022-02-25 17:18:48,505] {python.py:175} INFO - Done. Returned value was: None
[2022-02-25 17:18:48,516] {taskinstance.py:1282} INFO - Marking task as SUCCESS. dag_id=comic_app_v2, task_id=yes_generate_notification, execution_date=20220102T000000, start_date=20220225T091848, end_date=20220225T091848
[2022-02-25 17:18:48,562] {local_task_job.py:154} INFO - Task exited with return code 0
[2022-02-25 17:18:48,601] {local_task_job.py:264} INFO - 1 downstream tasks scheduled from follow-on schedule check
[2022-02-28 15:03:50,728] {taskinstance.py:1037} INFO - Dependencies all met for <TaskInstance: comic_app_v2.yes_generate_notification scheduled__2022-01-02T00:00:00+00:00 [queued]>
[2022-02-28 15:03:50,746] {taskinstance.py:1037} INFO - Dependencies all met for <TaskInstance: comic_app_v2.yes_generate_notification scheduled__2022-01-02T00:00:00+00:00 [queued]>
[2022-02-28 15:03:50,746] {taskinstance.py:1243} INFO - 
--------------------------------------------------------------------------------
[2022-02-28 15:03:50,746] {taskinstance.py:1244} INFO - Starting attempt 1 of 3
[2022-02-28 15:03:50,746] {taskinstance.py:1245} INFO - 
--------------------------------------------------------------------------------
[2022-02-28 15:03:50,762] {taskinstance.py:1264} INFO - Executing <Task(PythonOperator): yes_generate_notification> on 2022-01-02 00:00:00+00:00
[2022-02-28 15:03:50,774] {standard_task_runner.py:76} INFO - Running: ['airflow', 'tasks', 'run', 'comic_app_v2', 'yes_generate_notification', 'scheduled__2022-01-02T00:00:00+00:00', '--job-id', '170', '--raw', '--subdir', 'DAGS_FOLDER/comic_app_v2.py', '--cfg-path', '/var/folders/jb/grqrlwkd311flwk_zt30r7wr0000gn/T/tmpzf_6e067', '--error-file', '/var/folders/jb/grqrlwkd311flwk_zt30r7wr0000gn/T/tmpthbdxndi']
[2022-02-28 15:03:50,777] {standard_task_runner.py:77} INFO - Job 170: Subtask yes_generate_notification
[2022-02-28 15:03:50,778] {standard_task_runner.py:52} INFO - Started process 34780 to run task
[2022-02-28 15:03:50,838] {logging_mixin.py:109} INFO - Running <TaskInstance: comic_app_v2.yes_generate_notification scheduled__2022-01-02T00:00:00+00:00 [running]> on host 1.0.0.0.0.0.0.0.0.0.0.0.0.0.0.0.0.0.0.0.0.0.0.0.0.0.0.0.0.0.0.0.ip6.arpa
[2022-02-28 15:03:50,882] {taskinstance.py:1431} INFO - Exporting the following env vars:
AIRFLOW_CTX_DAG_OWNER=Adam
AIRFLOW_CTX_DAG_ID=comic_app_v2
AIRFLOW_CTX_TASK_ID=yes_generate_notification
AIRFLOW_CTX_EXECUTION_DATE=2022-01-02T00:00:00+00:00
AIRFLOW_CTX_DAG_RUN_ID=scheduled__2022-01-02T00:00:00+00:00
[2022-02-28 15:03:50,888] {logging_mixin.py:109} INFO - 產生要寄給 Slack 的訊息內容並存成檔案
[2022-02-28 15:03:50,888] {python.py:175} INFO - Done. Returned value was: None
[2022-02-28 15:03:50,895] {taskinstance.py:1282} INFO - Marking task as SUCCESS. dag_id=comic_app_v2, task_id=yes_generate_notification, execution_date=20220102T000000, start_date=20220228T070350, end_date=20220228T070350
[2022-02-28 15:03:50,926] {local_task_job.py:154} INFO - Task exited with return code 0
[2022-02-28 15:03:50,957] {local_task_job.py:264} INFO - 1 downstream tasks scheduled from follow-on schedule check
