[2022-02-28 14:57:56,269] {taskinstance.py:1037} INFO - Dependencies all met for <TaskInstance: comic_app_v2.send_notification scheduled__2022-01-04T00:00:00+00:00 [queued]>
[2022-02-28 14:57:56,277] {taskinstance.py:1037} INFO - Dependencies all met for <TaskInstance: comic_app_v2.send_notification scheduled__2022-01-04T00:00:00+00:00 [queued]>
[2022-02-28 14:57:56,277] {taskinstance.py:1243} INFO - 
--------------------------------------------------------------------------------
[2022-02-28 14:57:56,277] {taskinstance.py:1244} INFO - Starting attempt 1 of 3
[2022-02-28 14:57:56,277] {taskinstance.py:1245} INFO - 
--------------------------------------------------------------------------------
[2022-02-28 14:57:56,286] {taskinstance.py:1264} INFO - Executing <Task(SlackAPIPostOperator): send_notification> on 2022-01-04 00:00:00+00:00
[2022-02-28 14:57:56,288] {standard_task_runner.py:52} INFO - Started process 34273 to run task
[2022-02-28 14:57:56,293] {standard_task_runner.py:76} INFO - Running: ['airflow', 'tasks', 'run', 'comic_app_v2', 'send_notification', 'scheduled__2022-01-04T00:00:00+00:00', '--job-id', '109', '--raw', '--subdir', 'DAGS_FOLDER/comic_app_v2.py', '--cfg-path', '/var/folders/jb/grqrlwkd311flwk_zt30r7wr0000gn/T/tmpaj3jmkiq', '--error-file', '/var/folders/jb/grqrlwkd311flwk_zt30r7wr0000gn/T/tmps548s79h']
[2022-02-28 14:57:56,295] {standard_task_runner.py:77} INFO - Job 109: Subtask send_notification
[2022-02-28 14:57:56,340] {logging_mixin.py:109} INFO - Running <TaskInstance: comic_app_v2.send_notification scheduled__2022-01-04T00:00:00+00:00 [running]> on host 1.0.0.0.0.0.0.0.0.0.0.0.0.0.0.0.0.0.0.0.0.0.0.0.0.0.0.0.0.0.0.0.ip6.arpa
[2022-02-28 14:57:56,381] {taskinstance.py:1431} INFO - Exporting the following env vars:
AIRFLOW_CTX_DAG_OWNER=Adam
AIRFLOW_CTX_DAG_ID=comic_app_v2
AIRFLOW_CTX_TASK_ID=send_notification
AIRFLOW_CTX_EXECUTION_DATE=2022-01-04T00:00:00+00:00
AIRFLOW_CTX_DAG_RUN_ID=scheduled__2022-01-04T00:00:00+00:00
[2022-02-28 14:57:56,745] {taskinstance.py:1282} INFO - Marking task as SUCCESS. dag_id=comic_app_v2, task_id=send_notification, execution_date=20220104T000000, start_date=20220228T065756, end_date=20220228T065756
[2022-02-28 14:57:56,789] {local_task_job.py:154} INFO - Task exited with return code 0
[2022-02-28 14:57:56,814] {local_task_job.py:264} INFO - 1 downstream tasks scheduled from follow-on schedule check
[2022-02-28 15:04:07,291] {taskinstance.py:1037} INFO - Dependencies all met for <TaskInstance: comic_app_v2.send_notification scheduled__2022-01-04T00:00:00+00:00 [queued]>
[2022-02-28 15:04:07,300] {taskinstance.py:1037} INFO - Dependencies all met for <TaskInstance: comic_app_v2.send_notification scheduled__2022-01-04T00:00:00+00:00 [queued]>
[2022-02-28 15:04:07,300] {taskinstance.py:1243} INFO - 
--------------------------------------------------------------------------------
[2022-02-28 15:04:07,300] {taskinstance.py:1244} INFO - Starting attempt 1 of 3
[2022-02-28 15:04:07,300] {taskinstance.py:1245} INFO - 
--------------------------------------------------------------------------------
[2022-02-28 15:04:07,311] {taskinstance.py:1264} INFO - Executing <Task(SlackAPIPostOperator): send_notification> on 2022-01-04 00:00:00+00:00
[2022-02-28 15:04:07,313] {standard_task_runner.py:52} INFO - Started process 34813 to run task
[2022-02-28 15:04:07,319] {standard_task_runner.py:76} INFO - Running: ['airflow', 'tasks', 'run', 'comic_app_v2', 'send_notification', 'scheduled__2022-01-04T00:00:00+00:00', '--job-id', '177', '--raw', '--subdir', 'DAGS_FOLDER/comic_app_v2.py', '--cfg-path', '/var/folders/jb/grqrlwkd311flwk_zt30r7wr0000gn/T/tmpi4zt1vyh', '--error-file', '/var/folders/jb/grqrlwkd311flwk_zt30r7wr0000gn/T/tmpsp9z_9vv']
[2022-02-28 15:04:07,321] {standard_task_runner.py:77} INFO - Job 177: Subtask send_notification
[2022-02-28 15:04:07,369] {logging_mixin.py:109} INFO - Running <TaskInstance: comic_app_v2.send_notification scheduled__2022-01-04T00:00:00+00:00 [running]> on host 1.0.0.0.0.0.0.0.0.0.0.0.0.0.0.0.0.0.0.0.0.0.0.0.0.0.0.0.0.0.0.0.ip6.arpa
[2022-02-28 15:04:07,410] {taskinstance.py:1431} INFO - Exporting the following env vars:
AIRFLOW_CTX_DAG_OWNER=Adam
AIRFLOW_CTX_DAG_ID=comic_app_v2
AIRFLOW_CTX_TASK_ID=send_notification
AIRFLOW_CTX_EXECUTION_DATE=2022-01-04T00:00:00+00:00
AIRFLOW_CTX_DAG_RUN_ID=scheduled__2022-01-04T00:00:00+00:00
[2022-02-28 15:04:07,800] {taskinstance.py:1282} INFO - Marking task as SUCCESS. dag_id=comic_app_v2, task_id=send_notification, execution_date=20220104T000000, start_date=20220228T070407, end_date=20220228T070407
[2022-02-28 15:04:07,851] {local_task_job.py:154} INFO - Task exited with return code 0
[2022-02-28 15:04:07,877] {local_task_job.py:264} INFO - 1 downstream tasks scheduled from follow-on schedule check
