[2022-02-28 14:58:56,870] {taskinstance.py:1037} INFO - Dependencies all met for <TaskInstance: comic_app_v2.check_comic_info scheduled__2022-01-12T00:00:00+00:00 [queued]>
[2022-02-28 14:58:56,878] {taskinstance.py:1037} INFO - Dependencies all met for <TaskInstance: comic_app_v2.check_comic_info scheduled__2022-01-12T00:00:00+00:00 [queued]>
[2022-02-28 14:58:56,878] {taskinstance.py:1243} INFO - 
--------------------------------------------------------------------------------
[2022-02-28 14:58:56,878] {taskinstance.py:1244} INFO - Starting attempt 1 of 3
[2022-02-28 14:58:56,878] {taskinstance.py:1245} INFO - 
--------------------------------------------------------------------------------
[2022-02-28 14:58:56,889] {taskinstance.py:1264} INFO - Executing <Task(PythonOperator): check_comic_info> on 2022-01-12 00:00:00+00:00
[2022-02-28 14:58:56,891] {standard_task_runner.py:52} INFO - Started process 34394 to run task
[2022-02-28 14:58:56,897] {standard_task_runner.py:76} INFO - Running: ['airflow', 'tasks', 'run', 'comic_app_v2', 'check_comic_info', 'scheduled__2022-01-12T00:00:00+00:00', '--job-id', '131', '--raw', '--subdir', 'DAGS_FOLDER/comic_app_v2.py', '--cfg-path', '/var/folders/jb/grqrlwkd311flwk_zt30r7wr0000gn/T/tmp3ldmkbwo', '--error-file', '/var/folders/jb/grqrlwkd311flwk_zt30r7wr0000gn/T/tmpznu31lc_']
[2022-02-28 14:58:56,899] {standard_task_runner.py:77} INFO - Job 131: Subtask check_comic_info
[2022-02-28 14:58:56,948] {logging_mixin.py:109} INFO - Running <TaskInstance: comic_app_v2.check_comic_info scheduled__2022-01-12T00:00:00+00:00 [running]> on host 1.0.0.0.0.0.0.0.0.0.0.0.0.0.0.0.0.0.0.0.0.0.0.0.0.0.0.0.0.0.0.0.ip6.arpa
[2022-02-28 14:58:56,991] {taskinstance.py:1431} INFO - Exporting the following env vars:
AIRFLOW_CTX_DAG_OWNER=Adam
AIRFLOW_CTX_DAG_ID=comic_app_v2
AIRFLOW_CTX_TASK_ID=check_comic_info
AIRFLOW_CTX_EXECUTION_DATE=2022-01-12T00:00:00+00:00
AIRFLOW_CTX_DAG_RUN_ID=scheduled__2022-01-12T00:00:00+00:00
[2022-02-28 14:58:56,994] {logging_mixin.py:109} INFO - 去漫畫網站看有沒有新的章節
[2022-02-28 14:58:56,995] {python.py:175} INFO - Done. Returned value was: (False, None)
[2022-02-28 14:58:57,008] {taskinstance.py:1282} INFO - Marking task as SUCCESS. dag_id=comic_app_v2, task_id=check_comic_info, execution_date=20220112T000000, start_date=20220228T065856, end_date=20220228T065857
[2022-02-28 14:58:57,039] {local_task_job.py:154} INFO - Task exited with return code 0
[2022-02-28 14:58:57,074] {local_task_job.py:264} INFO - 1 downstream tasks scheduled from follow-on schedule check
[2022-02-28 15:05:27,797] {taskinstance.py:1037} INFO - Dependencies all met for <TaskInstance: comic_app_v2.check_comic_info scheduled__2022-01-12T00:00:00+00:00 [queued]>
[2022-02-28 15:05:27,808] {taskinstance.py:1037} INFO - Dependencies all met for <TaskInstance: comic_app_v2.check_comic_info scheduled__2022-01-12T00:00:00+00:00 [queued]>
[2022-02-28 15:05:27,809] {taskinstance.py:1243} INFO - 
--------------------------------------------------------------------------------
[2022-02-28 15:05:27,809] {taskinstance.py:1244} INFO - Starting attempt 1 of 3
[2022-02-28 15:05:27,809] {taskinstance.py:1245} INFO - 
--------------------------------------------------------------------------------
[2022-02-28 15:05:27,818] {taskinstance.py:1264} INFO - Executing <Task(PythonOperator): check_comic_info> on 2022-01-12 00:00:00+00:00
[2022-02-28 15:05:27,821] {standard_task_runner.py:52} INFO - Started process 34982 to run task
[2022-02-28 15:05:27,826] {standard_task_runner.py:76} INFO - Running: ['airflow', 'tasks', 'run', 'comic_app_v2', 'check_comic_info', 'scheduled__2022-01-12T00:00:00+00:00', '--job-id', '208', '--raw', '--subdir', 'DAGS_FOLDER/comic_app_v2.py', '--cfg-path', '/var/folders/jb/grqrlwkd311flwk_zt30r7wr0000gn/T/tmp5zw4uvdy', '--error-file', '/var/folders/jb/grqrlwkd311flwk_zt30r7wr0000gn/T/tmp7z4xiajo']
[2022-02-28 15:05:27,828] {standard_task_runner.py:77} INFO - Job 208: Subtask check_comic_info
[2022-02-28 15:05:27,881] {logging_mixin.py:109} INFO - Running <TaskInstance: comic_app_v2.check_comic_info scheduled__2022-01-12T00:00:00+00:00 [running]> on host 1.0.0.0.0.0.0.0.0.0.0.0.0.0.0.0.0.0.0.0.0.0.0.0.0.0.0.0.0.0.0.0.ip6.arpa
[2022-02-28 15:05:27,922] {taskinstance.py:1431} INFO - Exporting the following env vars:
AIRFLOW_CTX_DAG_OWNER=Adam
AIRFLOW_CTX_DAG_ID=comic_app_v2
AIRFLOW_CTX_TASK_ID=check_comic_info
AIRFLOW_CTX_EXECUTION_DATE=2022-01-12T00:00:00+00:00
AIRFLOW_CTX_DAG_RUN_ID=scheduled__2022-01-12T00:00:00+00:00
[2022-02-28 15:05:27,926] {logging_mixin.py:109} INFO - 去漫畫網站看有沒有新的章節
[2022-02-28 15:05:28,412] {python.py:175} INFO - Done. Returned value was: (False, None)
[2022-02-28 15:05:28,433] {taskinstance.py:1282} INFO - Marking task as SUCCESS. dag_id=comic_app_v2, task_id=check_comic_info, execution_date=20220112T000000, start_date=20220228T070527, end_date=20220228T070528
[2022-02-28 15:05:28,473] {local_task_job.py:154} INFO - Task exited with return code 0
[2022-02-28 15:05:28,506] {local_task_job.py:264} INFO - 1 downstream tasks scheduled from follow-on schedule check
