[2022-02-25 17:13:28,763] {taskinstance.py:1037} INFO - Dependencies all met for <TaskInstance: comic_app_v2.get_read_history scheduled__2022-01-03T00:00:00+00:00 [queued]>
[2022-02-25 17:13:28,773] {taskinstance.py:1037} INFO - Dependencies all met for <TaskInstance: comic_app_v2.get_read_history scheduled__2022-01-03T00:00:00+00:00 [queued]>
[2022-02-25 17:13:28,773] {taskinstance.py:1243} INFO - 
--------------------------------------------------------------------------------
[2022-02-25 17:13:28,774] {taskinstance.py:1244} INFO - Starting attempt 1 of 3
[2022-02-25 17:13:28,774] {taskinstance.py:1245} INFO - 
--------------------------------------------------------------------------------
[2022-02-25 17:13:28,783] {taskinstance.py:1264} INFO - Executing <Task(PythonOperator): get_read_history> on 2022-01-03 00:00:00+00:00
[2022-02-25 17:13:28,786] {standard_task_runner.py:52} INFO - Started process 16986 to run task
[2022-02-25 17:13:28,792] {standard_task_runner.py:76} INFO - Running: ['airflow', 'tasks', 'run', 'comic_app_v2', 'get_read_history', 'scheduled__2022-01-03T00:00:00+00:00', '--job-id', '11', '--raw', '--subdir', 'DAGS_FOLDER/comic_app_v2.py', '--cfg-path', '/var/folders/jb/grqrlwkd311flwk_zt30r7wr0000gn/T/tmpjen8ss0t', '--error-file', '/var/folders/jb/grqrlwkd311flwk_zt30r7wr0000gn/T/tmpwqrfrnqm']
[2022-02-25 17:13:28,794] {standard_task_runner.py:77} INFO - Job 11: Subtask get_read_history
[2022-02-25 17:13:28,837] {logging_mixin.py:109} INFO - Running <TaskInstance: comic_app_v2.get_read_history scheduled__2022-01-03T00:00:00+00:00 [running]> on host 1.0.0.0.0.0.0.0.0.0.0.0.0.0.0.0.0.0.0.0.0.0.0.0.0.0.0.0.0.0.0.0.ip6.arpa
[2022-02-25 17:13:28,873] {taskinstance.py:1431} INFO - Exporting the following env vars:
AIRFLOW_CTX_DAG_OWNER=Adam
AIRFLOW_CTX_DAG_ID=comic_app_v2
AIRFLOW_CTX_TASK_ID=get_read_history
AIRFLOW_CTX_EXECUTION_DATE=2022-01-03T00:00:00+00:00
AIRFLOW_CTX_DAG_RUN_ID=scheduled__2022-01-03T00:00:00+00:00
[2022-02-25 17:13:28,873] {logging_mixin.py:109} INFO - 取得使用者的閱讀紀錄
[2022-02-25 17:13:28,874] {python.py:175} INFO - Done. Returned value was: None
[2022-02-25 17:13:28,880] {taskinstance.py:1282} INFO - Marking task as SUCCESS. dag_id=comic_app_v2, task_id=get_read_history, execution_date=20220103T000000, start_date=20220225T091328, end_date=20220225T091328
[2022-02-25 17:13:28,933] {local_task_job.py:154} INFO - Task exited with return code 0
[2022-02-25 17:13:28,965] {local_task_job.py:264} INFO - 1 downstream tasks scheduled from follow-on schedule check
[2022-02-25 17:18:23,103] {taskinstance.py:1037} INFO - Dependencies all met for <TaskInstance: comic_app_v2.get_read_history scheduled__2022-01-03T00:00:00+00:00 [queued]>
[2022-02-25 17:18:23,111] {taskinstance.py:1037} INFO - Dependencies all met for <TaskInstance: comic_app_v2.get_read_history scheduled__2022-01-03T00:00:00+00:00 [queued]>
[2022-02-25 17:18:23,111] {taskinstance.py:1243} INFO - 
--------------------------------------------------------------------------------
[2022-02-25 17:18:23,112] {taskinstance.py:1244} INFO - Starting attempt 1 of 3
[2022-02-25 17:18:23,112] {taskinstance.py:1245} INFO - 
--------------------------------------------------------------------------------
[2022-02-25 17:18:23,122] {taskinstance.py:1264} INFO - Executing <Task(PythonOperator): get_read_history> on 2022-01-03 00:00:00+00:00
[2022-02-25 17:18:23,124] {standard_task_runner.py:52} INFO - Started process 17424 to run task
[2022-02-25 17:18:23,130] {standard_task_runner.py:76} INFO - Running: ['airflow', 'tasks', 'run', 'comic_app_v2', 'get_read_history', 'scheduled__2022-01-03T00:00:00+00:00', '--job-id', '47', '--raw', '--subdir', 'DAGS_FOLDER/comic_app_v2.py', '--cfg-path', '/var/folders/jb/grqrlwkd311flwk_zt30r7wr0000gn/T/tmpb7swqqww', '--error-file', '/var/folders/jb/grqrlwkd311flwk_zt30r7wr0000gn/T/tmpo6u810x4']
[2022-02-25 17:18:23,132] {standard_task_runner.py:77} INFO - Job 47: Subtask get_read_history
[2022-02-25 17:18:23,176] {logging_mixin.py:109} INFO - Running <TaskInstance: comic_app_v2.get_read_history scheduled__2022-01-03T00:00:00+00:00 [running]> on host 1.0.0.0.0.0.0.0.0.0.0.0.0.0.0.0.0.0.0.0.0.0.0.0.0.0.0.0.0.0.0.0.ip6.arpa
[2022-02-25 17:18:23,211] {taskinstance.py:1431} INFO - Exporting the following env vars:
AIRFLOW_CTX_DAG_OWNER=Adam
AIRFLOW_CTX_DAG_ID=comic_app_v2
AIRFLOW_CTX_TASK_ID=get_read_history
AIRFLOW_CTX_EXECUTION_DATE=2022-01-03T00:00:00+00:00
AIRFLOW_CTX_DAG_RUN_ID=scheduled__2022-01-03T00:00:00+00:00
[2022-02-25 17:18:23,211] {logging_mixin.py:109} INFO - 取得使用者的閱讀紀錄
[2022-02-25 17:18:23,212] {python.py:175} INFO - Done. Returned value was: None
[2022-02-25 17:18:23,218] {taskinstance.py:1282} INFO - Marking task as SUCCESS. dag_id=comic_app_v2, task_id=get_read_history, execution_date=20220103T000000, start_date=20220225T091823, end_date=20220225T091823
[2022-02-25 17:18:23,268] {local_task_job.py:154} INFO - Task exited with return code 0
[2022-02-25 17:18:23,300] {local_task_job.py:264} INFO - 1 downstream tasks scheduled from follow-on schedule check
