[2022-02-27 15:35:56,342] {taskinstance.py:1037} INFO - Dependencies all met for <TaskInstance: comic_app_v2.update_read_history scheduled__2022-01-10T00:00:00+00:00 [queued]>
[2022-02-27 15:35:56,349] {taskinstance.py:1037} INFO - Dependencies all met for <TaskInstance: comic_app_v2.update_read_history scheduled__2022-01-10T00:00:00+00:00 [queued]>
[2022-02-27 15:35:56,349] {taskinstance.py:1243} INFO - 
--------------------------------------------------------------------------------
[2022-02-27 15:35:56,350] {taskinstance.py:1244} INFO - Starting attempt 1 of 3
[2022-02-27 15:35:56,350] {taskinstance.py:1245} INFO - 
--------------------------------------------------------------------------------
[2022-02-27 15:35:56,359] {taskinstance.py:1264} INFO - Executing <Task(PythonOperator): update_read_history> on 2022-01-10 00:00:00+00:00
[2022-02-27 15:35:56,361] {standard_task_runner.py:52} INFO - Started process 20723 to run task
[2022-02-27 15:35:56,366] {standard_task_runner.py:76} INFO - Running: ['airflow', 'tasks', 'run', 'comic_app_v2', 'update_read_history', 'scheduled__2022-01-10T00:00:00+00:00', '--job-id', '88', '--raw', '--subdir', 'DAGS_FOLDER/comic_app_v2.py', '--cfg-path', '/var/folders/jb/grqrlwkd311flwk_zt30r7wr0000gn/T/tmp3bzzdquy', '--error-file', '/var/folders/jb/grqrlwkd311flwk_zt30r7wr0000gn/T/tmpsmtyhyqm']
[2022-02-27 15:35:56,368] {standard_task_runner.py:77} INFO - Job 88: Subtask update_read_history
[2022-02-27 15:35:56,411] {logging_mixin.py:109} INFO - Running <TaskInstance: comic_app_v2.update_read_history scheduled__2022-01-10T00:00:00+00:00 [running]> on host 1.0.0.0.0.0.0.0.0.0.0.0.0.0.0.0.0.0.0.0.0.0.0.0.0.0.0.0.0.0.0.0.ip6.arpa
[2022-02-27 15:35:56,451] {taskinstance.py:1431} INFO - Exporting the following env vars:
AIRFLOW_CTX_DAG_OWNER=Adam
AIRFLOW_CTX_DAG_ID=comic_app_v2
AIRFLOW_CTX_TASK_ID=update_read_history
AIRFLOW_CTX_EXECUTION_DATE=2022-01-10T00:00:00+00:00
AIRFLOW_CTX_DAG_RUN_ID=scheduled__2022-01-10T00:00:00+00:00
[2022-02-27 15:35:56,452] {logging_mixin.py:109} INFO - 更新閱讀紀錄
[2022-02-27 15:35:56,453] {python.py:175} INFO - Done. Returned value was: None
[2022-02-27 15:35:56,459] {taskinstance.py:1282} INFO - Marking task as SUCCESS. dag_id=comic_app_v2, task_id=update_read_history, execution_date=20220110T000000, start_date=20220227T073556, end_date=20220227T073556
[2022-02-27 15:35:56,511] {local_task_job.py:154} INFO - Task exited with return code 0
[2022-02-27 15:35:56,531] {local_task_job.py:264} INFO - 0 downstream tasks scheduled from follow-on schedule check
[2022-02-28 15:05:15,447] {taskinstance.py:1037} INFO - Dependencies all met for <TaskInstance: comic_app_v2.update_read_history scheduled__2022-01-10T00:00:00+00:00 [queued]>
[2022-02-28 15:05:15,454] {taskinstance.py:1037} INFO - Dependencies all met for <TaskInstance: comic_app_v2.update_read_history scheduled__2022-01-10T00:00:00+00:00 [queued]>
[2022-02-28 15:05:15,455] {taskinstance.py:1243} INFO - 
--------------------------------------------------------------------------------
[2022-02-28 15:05:15,455] {taskinstance.py:1244} INFO - Starting attempt 1 of 3
[2022-02-28 15:05:15,455] {taskinstance.py:1245} INFO - 
--------------------------------------------------------------------------------
[2022-02-28 15:05:15,464] {taskinstance.py:1264} INFO - Executing <Task(PythonOperator): update_read_history> on 2022-01-10 00:00:00+00:00
[2022-02-28 15:05:15,466] {standard_task_runner.py:52} INFO - Started process 34958 to run task
[2022-02-28 15:05:15,473] {standard_task_runner.py:76} INFO - Running: ['airflow', 'tasks', 'run', 'comic_app_v2', 'update_read_history', 'scheduled__2022-01-10T00:00:00+00:00', '--job-id', '203', '--raw', '--subdir', 'DAGS_FOLDER/comic_app_v2.py', '--cfg-path', '/var/folders/jb/grqrlwkd311flwk_zt30r7wr0000gn/T/tmpic5emmhy', '--error-file', '/var/folders/jb/grqrlwkd311flwk_zt30r7wr0000gn/T/tmpyp5afyvf']
[2022-02-28 15:05:15,475] {standard_task_runner.py:77} INFO - Job 203: Subtask update_read_history
[2022-02-28 15:05:15,525] {logging_mixin.py:109} INFO - Running <TaskInstance: comic_app_v2.update_read_history scheduled__2022-01-10T00:00:00+00:00 [running]> on host 1.0.0.0.0.0.0.0.0.0.0.0.0.0.0.0.0.0.0.0.0.0.0.0.0.0.0.0.0.0.0.0.ip6.arpa
[2022-02-28 15:05:15,568] {taskinstance.py:1431} INFO - Exporting the following env vars:
AIRFLOW_CTX_DAG_OWNER=Adam
AIRFLOW_CTX_DAG_ID=comic_app_v2
AIRFLOW_CTX_TASK_ID=update_read_history
AIRFLOW_CTX_EXECUTION_DATE=2022-01-10T00:00:00+00:00
AIRFLOW_CTX_DAG_RUN_ID=scheduled__2022-01-10T00:00:00+00:00
[2022-02-28 15:05:15,569] {logging_mixin.py:109} INFO - 更新閱讀紀錄
[2022-02-28 15:05:15,569] {python.py:175} INFO - Done. Returned value was: None
[2022-02-28 15:05:15,576] {taskinstance.py:1282} INFO - Marking task as SUCCESS. dag_id=comic_app_v2, task_id=update_read_history, execution_date=20220110T000000, start_date=20220228T070515, end_date=20220228T070515
[2022-02-28 15:05:15,619] {local_task_job.py:154} INFO - Task exited with return code 0
[2022-02-28 15:05:15,642] {local_task_job.py:264} INFO - 0 downstream tasks scheduled from follow-on schedule check
