[2022-02-25 17:13:42,549] {taskinstance.py:1037} INFO - Dependencies all met for <TaskInstance: comic_app_v2.check_comic_info scheduled__2022-01-03T00:00:00+00:00 [queued]>
[2022-02-25 17:13:42,556] {taskinstance.py:1037} INFO - Dependencies all met for <TaskInstance: comic_app_v2.check_comic_info scheduled__2022-01-03T00:00:00+00:00 [queued]>
[2022-02-25 17:13:42,556] {taskinstance.py:1243} INFO - 
--------------------------------------------------------------------------------
[2022-02-25 17:13:42,556] {taskinstance.py:1244} INFO - Starting attempt 1 of 3
[2022-02-25 17:13:42,557] {taskinstance.py:1245} INFO - 
--------------------------------------------------------------------------------
[2022-02-25 17:13:42,566] {taskinstance.py:1264} INFO - Executing <Task(PythonOperator): check_comic_info> on 2022-01-03 00:00:00+00:00
[2022-02-25 17:13:42,568] {standard_task_runner.py:52} INFO - Started process 17018 to run task
[2022-02-25 17:13:42,574] {standard_task_runner.py:76} INFO - Running: ['airflow', 'tasks', 'run', 'comic_app_v2', 'check_comic_info', 'scheduled__2022-01-03T00:00:00+00:00', '--job-id', '16', '--raw', '--subdir', 'DAGS_FOLDER/comic_app_v2.py', '--cfg-path', '/var/folders/jb/grqrlwkd311flwk_zt30r7wr0000gn/T/tmpmf12vwh4', '--error-file', '/var/folders/jb/grqrlwkd311flwk_zt30r7wr0000gn/T/tmpflmbrt4d']
[2022-02-25 17:13:42,576] {standard_task_runner.py:77} INFO - Job 16: Subtask check_comic_info
[2022-02-25 17:13:42,615] {logging_mixin.py:109} INFO - Running <TaskInstance: comic_app_v2.check_comic_info scheduled__2022-01-03T00:00:00+00:00 [running]> on host 1.0.0.0.0.0.0.0.0.0.0.0.0.0.0.0.0.0.0.0.0.0.0.0.0.0.0.0.0.0.0.0.ip6.arpa
[2022-02-25 17:13:42,651] {taskinstance.py:1431} INFO - Exporting the following env vars:
AIRFLOW_CTX_DAG_OWNER=Adam
AIRFLOW_CTX_DAG_ID=comic_app_v2
AIRFLOW_CTX_TASK_ID=check_comic_info
AIRFLOW_CTX_EXECUTION_DATE=2022-01-03T00:00:00+00:00
AIRFLOW_CTX_DAG_RUN_ID=scheduled__2022-01-03T00:00:00+00:00
[2022-02-25 17:13:42,655] {logging_mixin.py:109} INFO - 去漫畫網站看有沒有新的章節
[2022-02-25 17:13:42,655] {python.py:175} INFO - Done. Returned value was: (False, None)
[2022-02-25 17:13:42,667] {taskinstance.py:1282} INFO - Marking task as SUCCESS. dag_id=comic_app_v2, task_id=check_comic_info, execution_date=20220103T000000, start_date=20220225T091342, end_date=20220225T091342
[2022-02-25 17:13:42,716] {local_task_job.py:154} INFO - Task exited with return code 0
[2022-02-25 17:13:42,746] {local_task_job.py:264} INFO - 1 downstream tasks scheduled from follow-on schedule check
[2022-02-25 17:18:34,225] {taskinstance.py:1037} INFO - Dependencies all met for <TaskInstance: comic_app_v2.check_comic_info scheduled__2022-01-03T00:00:00+00:00 [queued]>
[2022-02-25 17:18:34,232] {taskinstance.py:1037} INFO - Dependencies all met for <TaskInstance: comic_app_v2.check_comic_info scheduled__2022-01-03T00:00:00+00:00 [queued]>
[2022-02-25 17:18:34,232] {taskinstance.py:1243} INFO - 
--------------------------------------------------------------------------------
[2022-02-25 17:18:34,232] {taskinstance.py:1244} INFO - Starting attempt 1 of 3
[2022-02-25 17:18:34,232] {taskinstance.py:1245} INFO - 
--------------------------------------------------------------------------------
[2022-02-25 17:18:34,242] {taskinstance.py:1264} INFO - Executing <Task(PythonOperator): check_comic_info> on 2022-01-03 00:00:00+00:00
[2022-02-25 17:18:34,244] {standard_task_runner.py:52} INFO - Started process 17451 to run task
[2022-02-25 17:18:34,250] {standard_task_runner.py:76} INFO - Running: ['airflow', 'tasks', 'run', 'comic_app_v2', 'check_comic_info', 'scheduled__2022-01-03T00:00:00+00:00', '--job-id', '52', '--raw', '--subdir', 'DAGS_FOLDER/comic_app_v2.py', '--cfg-path', '/var/folders/jb/grqrlwkd311flwk_zt30r7wr0000gn/T/tmp5p0rqa1v', '--error-file', '/var/folders/jb/grqrlwkd311flwk_zt30r7wr0000gn/T/tmpvrbchndh']
[2022-02-25 17:18:34,252] {standard_task_runner.py:77} INFO - Job 52: Subtask check_comic_info
[2022-02-25 17:18:34,294] {logging_mixin.py:109} INFO - Running <TaskInstance: comic_app_v2.check_comic_info scheduled__2022-01-03T00:00:00+00:00 [running]> on host 1.0.0.0.0.0.0.0.0.0.0.0.0.0.0.0.0.0.0.0.0.0.0.0.0.0.0.0.0.0.0.0.ip6.arpa
[2022-02-25 17:18:34,331] {taskinstance.py:1431} INFO - Exporting the following env vars:
AIRFLOW_CTX_DAG_OWNER=Adam
AIRFLOW_CTX_DAG_ID=comic_app_v2
AIRFLOW_CTX_TASK_ID=check_comic_info
AIRFLOW_CTX_EXECUTION_DATE=2022-01-03T00:00:00+00:00
AIRFLOW_CTX_DAG_RUN_ID=scheduled__2022-01-03T00:00:00+00:00
[2022-02-25 17:18:34,335] {logging_mixin.py:109} INFO - 去漫畫網站看有沒有新的章節
[2022-02-25 17:18:34,335] {python.py:175} INFO - Done. Returned value was: (False, None)
[2022-02-25 17:18:34,352] {taskinstance.py:1282} INFO - Marking task as SUCCESS. dag_id=comic_app_v2, task_id=check_comic_info, execution_date=20220103T000000, start_date=20220225T091834, end_date=20220225T091834
[2022-02-25 17:18:34,396] {local_task_job.py:154} INFO - Task exited with return code 0
[2022-02-25 17:18:34,467] {local_task_job.py:264} INFO - 1 downstream tasks scheduled from follow-on schedule check
