[2022-02-28 14:22:55,703] {taskinstance.py:1037} INFO - Dependencies all met for <TaskInstance: comic_app_v2.get_read_history scheduled__2022-02-26T15:40:00+00:00 [queued]>
[2022-02-28 14:22:55,710] {taskinstance.py:1037} INFO - Dependencies all met for <TaskInstance: comic_app_v2.get_read_history scheduled__2022-02-26T15:40:00+00:00 [queued]>
[2022-02-28 14:22:55,710] {taskinstance.py:1243} INFO - 
--------------------------------------------------------------------------------
[2022-02-28 14:22:55,711] {taskinstance.py:1244} INFO - Starting attempt 1 of 3
[2022-02-28 14:22:55,711] {taskinstance.py:1245} INFO - 
--------------------------------------------------------------------------------
[2022-02-28 14:22:55,720] {taskinstance.py:1264} INFO - Executing <Task(PythonOperator): get_read_history> on 2022-02-26 15:40:00+00:00
[2022-02-28 14:22:55,723] {standard_task_runner.py:52} INFO - Started process 31429 to run task
[2022-02-28 14:22:55,730] {standard_task_runner.py:76} INFO - Running: ['airflow', 'tasks', 'run', 'comic_app_v2', 'get_read_history', 'scheduled__2022-02-26T15:40:00+00:00', '--job-id', '151', '--raw', '--subdir', 'DAGS_FOLDER/comic_app_v2.py', '--cfg-path', '/var/folders/jb/grqrlwkd311flwk_zt30r7wr0000gn/T/tmp64ta_v5p', '--error-file', '/var/folders/jb/grqrlwkd311flwk_zt30r7wr0000gn/T/tmp65tplhlx']
[2022-02-28 14:22:55,732] {standard_task_runner.py:77} INFO - Job 151: Subtask get_read_history
[2022-02-28 14:22:55,788] {logging_mixin.py:109} INFO - Running <TaskInstance: comic_app_v2.get_read_history scheduled__2022-02-26T15:40:00+00:00 [running]> on host 1.0.0.0.0.0.0.0.0.0.0.0.0.0.0.0.0.0.0.0.0.0.0.0.0.0.0.0.0.0.0.0.ip6.arpa
[2022-02-28 14:22:55,832] {taskinstance.py:1431} INFO - Exporting the following env vars:
AIRFLOW_CTX_DAG_OWNER=Adam
AIRFLOW_CTX_DAG_ID=comic_app_v2
AIRFLOW_CTX_TASK_ID=get_read_history
AIRFLOW_CTX_EXECUTION_DATE=2022-02-26T15:40:00+00:00
AIRFLOW_CTX_DAG_RUN_ID=scheduled__2022-02-26T15:40:00+00:00
[2022-02-28 14:22:55,833] {logging_mixin.py:109} INFO - 取得使用者的閱讀紀錄
[2022-02-28 14:22:55,834] {python.py:175} INFO - Done. Returned value was: None
[2022-02-28 14:22:55,840] {taskinstance.py:1282} INFO - Marking task as SUCCESS. dag_id=comic_app_v2, task_id=get_read_history, execution_date=20220226T154000, start_date=20220228T062255, end_date=20220228T062255
[2022-02-28 14:22:55,870] {local_task_job.py:154} INFO - Task exited with return code 0
[2022-02-28 14:22:55,904] {local_task_job.py:264} INFO - 1 downstream tasks scheduled from follow-on schedule check
[2022-02-28 14:25:12,458] {taskinstance.py:1037} INFO - Dependencies all met for <TaskInstance: comic_app_v2.get_read_history scheduled__2022-02-26T15:40:00+00:00 [queued]>
[2022-02-28 14:25:12,465] {taskinstance.py:1037} INFO - Dependencies all met for <TaskInstance: comic_app_v2.get_read_history scheduled__2022-02-26T15:40:00+00:00 [queued]>
[2022-02-28 14:25:12,465] {taskinstance.py:1243} INFO - 
--------------------------------------------------------------------------------
[2022-02-28 14:25:12,465] {taskinstance.py:1244} INFO - Starting attempt 1 of 3
[2022-02-28 14:25:12,465] {taskinstance.py:1245} INFO - 
--------------------------------------------------------------------------------
[2022-02-28 14:25:12,477] {taskinstance.py:1264} INFO - Executing <Task(PythonOperator): get_read_history> on 2022-02-26 15:40:00+00:00
[2022-02-28 14:25:12,479] {standard_task_runner.py:52} INFO - Started process 31659 to run task
[2022-02-28 14:25:12,485] {standard_task_runner.py:76} INFO - Running: ['airflow', 'tasks', 'run', 'comic_app_v2', 'get_read_history', 'scheduled__2022-02-26T15:40:00+00:00', '--job-id', '162', '--raw', '--subdir', 'DAGS_FOLDER/comic_app_v2.py', '--cfg-path', '/var/folders/jb/grqrlwkd311flwk_zt30r7wr0000gn/T/tmpz38eqa79', '--error-file', '/var/folders/jb/grqrlwkd311flwk_zt30r7wr0000gn/T/tmppxtmkvuw']
[2022-02-28 14:25:12,487] {standard_task_runner.py:77} INFO - Job 162: Subtask get_read_history
[2022-02-28 14:25:12,527] {logging_mixin.py:109} INFO - Running <TaskInstance: comic_app_v2.get_read_history scheduled__2022-02-26T15:40:00+00:00 [running]> on host 1.0.0.0.0.0.0.0.0.0.0.0.0.0.0.0.0.0.0.0.0.0.0.0.0.0.0.0.0.0.0.0.ip6.arpa
[2022-02-28 14:25:12,558] {taskinstance.py:1431} INFO - Exporting the following env vars:
AIRFLOW_CTX_DAG_OWNER=Adam
AIRFLOW_CTX_DAG_ID=comic_app_v2
AIRFLOW_CTX_TASK_ID=get_read_history
AIRFLOW_CTX_EXECUTION_DATE=2022-02-26T15:40:00+00:00
AIRFLOW_CTX_DAG_RUN_ID=scheduled__2022-02-26T15:40:00+00:00
[2022-02-28 14:25:12,559] {logging_mixin.py:109} INFO - 取得使用者的閱讀紀錄
[2022-02-28 14:25:12,560] {python.py:175} INFO - Done. Returned value was: None
[2022-02-28 14:25:12,566] {taskinstance.py:1282} INFO - Marking task as SUCCESS. dag_id=comic_app_v2, task_id=get_read_history, execution_date=20220226T154000, start_date=20220228T062512, end_date=20220228T062512
[2022-02-28 14:25:12,593] {local_task_job.py:154} INFO - Task exited with return code 0
[2022-02-28 14:25:12,623] {local_task_job.py:264} INFO - 1 downstream tasks scheduled from follow-on schedule check
[2022-02-28 14:28:38,663] {taskinstance.py:1037} INFO - Dependencies all met for <TaskInstance: comic_app_v2.get_read_history scheduled__2022-02-26T15:40:00+00:00 [queued]>
[2022-02-28 14:28:38,674] {taskinstance.py:1037} INFO - Dependencies all met for <TaskInstance: comic_app_v2.get_read_history scheduled__2022-02-26T15:40:00+00:00 [queued]>
[2022-02-28 14:28:38,674] {taskinstance.py:1243} INFO - 
--------------------------------------------------------------------------------
[2022-02-28 14:28:38,674] {taskinstance.py:1244} INFO - Starting attempt 1 of 3
[2022-02-28 14:28:38,674] {taskinstance.py:1245} INFO - 
--------------------------------------------------------------------------------
[2022-02-28 14:28:38,684] {taskinstance.py:1264} INFO - Executing <Task(PythonOperator): get_read_history> on 2022-02-26 15:40:00+00:00
[2022-02-28 14:28:38,687] {standard_task_runner.py:52} INFO - Started process 31982 to run task
[2022-02-28 14:28:38,692] {standard_task_runner.py:76} INFO - Running: ['airflow', 'tasks', 'run', 'comic_app_v2', 'get_read_history', 'scheduled__2022-02-26T15:40:00+00:00', '--job-id', '172', '--raw', '--subdir', 'DAGS_FOLDER/comic_app_v2.py', '--cfg-path', '/var/folders/jb/grqrlwkd311flwk_zt30r7wr0000gn/T/tmpt09y_gq1', '--error-file', '/var/folders/jb/grqrlwkd311flwk_zt30r7wr0000gn/T/tmp2vnmtf1_']
[2022-02-28 14:28:38,694] {standard_task_runner.py:77} INFO - Job 172: Subtask get_read_history
[2022-02-28 14:28:38,748] {logging_mixin.py:109} INFO - Running <TaskInstance: comic_app_v2.get_read_history scheduled__2022-02-26T15:40:00+00:00 [running]> on host 1.0.0.0.0.0.0.0.0.0.0.0.0.0.0.0.0.0.0.0.0.0.0.0.0.0.0.0.0.0.0.0.ip6.arpa
[2022-02-28 14:28:38,780] {taskinstance.py:1431} INFO - Exporting the following env vars:
AIRFLOW_CTX_DAG_OWNER=Adam
AIRFLOW_CTX_DAG_ID=comic_app_v2
AIRFLOW_CTX_TASK_ID=get_read_history
AIRFLOW_CTX_EXECUTION_DATE=2022-02-26T15:40:00+00:00
AIRFLOW_CTX_DAG_RUN_ID=scheduled__2022-02-26T15:40:00+00:00
[2022-02-28 14:28:38,781] {logging_mixin.py:109} INFO - 取得使用者的閱讀紀錄
[2022-02-28 14:28:38,782] {python.py:175} INFO - Done. Returned value was: None
[2022-02-28 14:28:38,788] {taskinstance.py:1282} INFO - Marking task as SUCCESS. dag_id=comic_app_v2, task_id=get_read_history, execution_date=20220226T154000, start_date=20220228T062838, end_date=20220228T062838
[2022-02-28 14:28:38,832] {local_task_job.py:154} INFO - Task exited with return code 0
[2022-02-28 14:28:38,862] {local_task_job.py:264} INFO - 1 downstream tasks scheduled from follow-on schedule check
