[2022-02-25 17:14:30,932] {taskinstance.py:1037} INFO - Dependencies all met for <TaskInstance: comic_app_v2.get_read_history scheduled__2022-01-08T00:00:00+00:00 [queued]>
[2022-02-25 17:14:30,940] {taskinstance.py:1037} INFO - Dependencies all met for <TaskInstance: comic_app_v2.get_read_history scheduled__2022-01-08T00:00:00+00:00 [queued]>
[2022-02-25 17:14:30,940] {taskinstance.py:1243} INFO - 
--------------------------------------------------------------------------------
[2022-02-25 17:14:30,940] {taskinstance.py:1244} INFO - Starting attempt 1 of 3
[2022-02-25 17:14:30,940] {taskinstance.py:1245} INFO - 
--------------------------------------------------------------------------------
[2022-02-25 17:14:30,951] {taskinstance.py:1264} INFO - Executing <Task(PythonOperator): get_read_history> on 2022-01-08 00:00:00+00:00
[2022-02-25 17:14:30,953] {standard_task_runner.py:52} INFO - Started process 17144 to run task
[2022-02-25 17:14:30,964] {standard_task_runner.py:76} INFO - Running: ['airflow', 'tasks', 'run', 'comic_app_v2', 'get_read_history', 'scheduled__2022-01-08T00:00:00+00:00', '--job-id', '35', '--raw', '--subdir', 'DAGS_FOLDER/comic_app_v2.py', '--cfg-path', '/var/folders/jb/grqrlwkd311flwk_zt30r7wr0000gn/T/tmp2uy9mufc', '--error-file', '/var/folders/jb/grqrlwkd311flwk_zt30r7wr0000gn/T/tmp_51z1nrx']
[2022-02-25 17:14:30,966] {standard_task_runner.py:77} INFO - Job 35: Subtask get_read_history
[2022-02-25 17:14:31,018] {logging_mixin.py:109} INFO - Running <TaskInstance: comic_app_v2.get_read_history scheduled__2022-01-08T00:00:00+00:00 [running]> on host 1.0.0.0.0.0.0.0.0.0.0.0.0.0.0.0.0.0.0.0.0.0.0.0.0.0.0.0.0.0.0.0.ip6.arpa
[2022-02-25 17:14:31,064] {taskinstance.py:1431} INFO - Exporting the following env vars:
AIRFLOW_CTX_DAG_OWNER=Adam
AIRFLOW_CTX_DAG_ID=comic_app_v2
AIRFLOW_CTX_TASK_ID=get_read_history
AIRFLOW_CTX_EXECUTION_DATE=2022-01-08T00:00:00+00:00
AIRFLOW_CTX_DAG_RUN_ID=scheduled__2022-01-08T00:00:00+00:00
[2022-02-25 17:14:31,065] {logging_mixin.py:109} INFO - 取得使用者的閱讀紀錄
[2022-02-25 17:14:31,066] {python.py:175} INFO - Done. Returned value was: None
[2022-02-25 17:14:31,073] {taskinstance.py:1282} INFO - Marking task as SUCCESS. dag_id=comic_app_v2, task_id=get_read_history, execution_date=20220108T000000, start_date=20220225T091430, end_date=20220225T091431
[2022-02-25 17:14:31,112] {local_task_job.py:154} INFO - Task exited with return code 0
[2022-02-25 17:14:31,144] {local_task_job.py:264} INFO - 1 downstream tasks scheduled from follow-on schedule check
[2022-02-25 17:19:18,378] {taskinstance.py:1037} INFO - Dependencies all met for <TaskInstance: comic_app_v2.get_read_history scheduled__2022-01-08T00:00:00+00:00 [queued]>
[2022-02-25 17:19:18,398] {taskinstance.py:1037} INFO - Dependencies all met for <TaskInstance: comic_app_v2.get_read_history scheduled__2022-01-08T00:00:00+00:00 [queued]>
[2022-02-25 17:19:18,398] {taskinstance.py:1243} INFO - 
--------------------------------------------------------------------------------
[2022-02-25 17:19:18,398] {taskinstance.py:1244} INFO - Starting attempt 1 of 3
[2022-02-25 17:19:18,398] {taskinstance.py:1245} INFO - 
--------------------------------------------------------------------------------
[2022-02-25 17:19:18,415] {taskinstance.py:1264} INFO - Executing <Task(PythonOperator): get_read_history> on 2022-01-08 00:00:00+00:00
[2022-02-25 17:19:18,418] {standard_task_runner.py:52} INFO - Started process 17553 to run task
[2022-02-25 17:19:18,427] {standard_task_runner.py:76} INFO - Running: ['airflow', 'tasks', 'run', 'comic_app_v2', 'get_read_history', 'scheduled__2022-01-08T00:00:00+00:00', '--job-id', '70', '--raw', '--subdir', 'DAGS_FOLDER/comic_app_v2.py', '--cfg-path', '/var/folders/jb/grqrlwkd311flwk_zt30r7wr0000gn/T/tmptcx6yit6', '--error-file', '/var/folders/jb/grqrlwkd311flwk_zt30r7wr0000gn/T/tmpkdgw6qhr']
[2022-02-25 17:19:18,429] {standard_task_runner.py:77} INFO - Job 70: Subtask get_read_history
[2022-02-25 17:19:18,489] {logging_mixin.py:109} INFO - Running <TaskInstance: comic_app_v2.get_read_history scheduled__2022-01-08T00:00:00+00:00 [running]> on host 1.0.0.0.0.0.0.0.0.0.0.0.0.0.0.0.0.0.0.0.0.0.0.0.0.0.0.0.0.0.0.0.ip6.arpa
[2022-02-25 17:19:18,537] {taskinstance.py:1431} INFO - Exporting the following env vars:
AIRFLOW_CTX_DAG_OWNER=Adam
AIRFLOW_CTX_DAG_ID=comic_app_v2
AIRFLOW_CTX_TASK_ID=get_read_history
AIRFLOW_CTX_EXECUTION_DATE=2022-01-08T00:00:00+00:00
AIRFLOW_CTX_DAG_RUN_ID=scheduled__2022-01-08T00:00:00+00:00
[2022-02-25 17:19:18,538] {logging_mixin.py:109} INFO - 取得使用者的閱讀紀錄
[2022-02-25 17:19:18,538] {python.py:175} INFO - Done. Returned value was: None
[2022-02-25 17:19:18,545] {taskinstance.py:1282} INFO - Marking task as SUCCESS. dag_id=comic_app_v2, task_id=get_read_history, execution_date=20220108T000000, start_date=20220225T091918, end_date=20220225T091918
[2022-02-25 17:19:18,567] {local_task_job.py:154} INFO - Task exited with return code 0
[2022-02-25 17:19:18,601] {local_task_job.py:264} INFO - 1 downstream tasks scheduled from follow-on schedule check
[2022-02-28 14:58:10,215] {taskinstance.py:1037} INFO - Dependencies all met for <TaskInstance: comic_app_v2.get_read_history scheduled__2022-01-08T00:00:00+00:00 [queued]>
[2022-02-28 14:58:10,229] {taskinstance.py:1037} INFO - Dependencies all met for <TaskInstance: comic_app_v2.get_read_history scheduled__2022-01-08T00:00:00+00:00 [queued]>
[2022-02-28 14:58:10,230] {taskinstance.py:1243} INFO - 
--------------------------------------------------------------------------------
[2022-02-28 14:58:10,230] {taskinstance.py:1244} INFO - Starting attempt 1 of 3
[2022-02-28 14:58:10,230] {taskinstance.py:1245} INFO - 
--------------------------------------------------------------------------------
[2022-02-28 14:58:10,245] {taskinstance.py:1264} INFO - Executing <Task(PythonOperator): get_read_history> on 2022-01-08 00:00:00+00:00
[2022-02-28 14:58:10,248] {standard_task_runner.py:52} INFO - Started process 34297 to run task
[2022-02-28 14:58:10,255] {standard_task_runner.py:76} INFO - Running: ['airflow', 'tasks', 'run', 'comic_app_v2', 'get_read_history', 'scheduled__2022-01-08T00:00:00+00:00', '--job-id', '112', '--raw', '--subdir', 'DAGS_FOLDER/comic_app_v2.py', '--cfg-path', '/var/folders/jb/grqrlwkd311flwk_zt30r7wr0000gn/T/tmpgw39esdw', '--error-file', '/var/folders/jb/grqrlwkd311flwk_zt30r7wr0000gn/T/tmpfxjwqcyg']
[2022-02-28 14:58:10,257] {standard_task_runner.py:77} INFO - Job 112: Subtask get_read_history
[2022-02-28 14:58:10,312] {logging_mixin.py:109} INFO - Running <TaskInstance: comic_app_v2.get_read_history scheduled__2022-01-08T00:00:00+00:00 [running]> on host 1.0.0.0.0.0.0.0.0.0.0.0.0.0.0.0.0.0.0.0.0.0.0.0.0.0.0.0.0.0.0.0.ip6.arpa
[2022-02-28 14:58:10,364] {taskinstance.py:1431} INFO - Exporting the following env vars:
AIRFLOW_CTX_DAG_OWNER=Adam
AIRFLOW_CTX_DAG_ID=comic_app_v2
AIRFLOW_CTX_TASK_ID=get_read_history
AIRFLOW_CTX_EXECUTION_DATE=2022-01-08T00:00:00+00:00
AIRFLOW_CTX_DAG_RUN_ID=scheduled__2022-01-08T00:00:00+00:00
[2022-02-28 14:58:10,365] {logging_mixin.py:109} INFO - 取得使用者的閱讀紀錄
[2022-02-28 14:58:10,366] {python.py:175} INFO - Done. Returned value was: None
[2022-02-28 14:58:10,373] {taskinstance.py:1282} INFO - Marking task as SUCCESS. dag_id=comic_app_v2, task_id=get_read_history, execution_date=20220108T000000, start_date=20220228T065810, end_date=20220228T065810
[2022-02-28 14:58:10,396] {local_task_job.py:154} INFO - Task exited with return code 0
[2022-02-28 14:58:10,433] {local_task_job.py:264} INFO - 1 downstream tasks scheduled from follow-on schedule check
[2022-02-28 15:04:23,904] {taskinstance.py:1037} INFO - Dependencies all met for <TaskInstance: comic_app_v2.get_read_history scheduled__2022-01-08T00:00:00+00:00 [queued]>
[2022-02-28 15:04:23,912] {taskinstance.py:1037} INFO - Dependencies all met for <TaskInstance: comic_app_v2.get_read_history scheduled__2022-01-08T00:00:00+00:00 [queued]>
[2022-02-28 15:04:23,913] {taskinstance.py:1243} INFO - 
--------------------------------------------------------------------------------
[2022-02-28 15:04:23,913] {taskinstance.py:1244} INFO - Starting attempt 1 of 3
[2022-02-28 15:04:23,913] {taskinstance.py:1245} INFO - 
--------------------------------------------------------------------------------
[2022-02-28 15:04:23,923] {taskinstance.py:1264} INFO - Executing <Task(PythonOperator): get_read_history> on 2022-01-08 00:00:00+00:00
[2022-02-28 15:04:23,925] {standard_task_runner.py:52} INFO - Started process 34850 to run task
[2022-02-28 15:04:23,931] {standard_task_runner.py:76} INFO - Running: ['airflow', 'tasks', 'run', 'comic_app_v2', 'get_read_history', 'scheduled__2022-01-08T00:00:00+00:00', '--job-id', '184', '--raw', '--subdir', 'DAGS_FOLDER/comic_app_v2.py', '--cfg-path', '/var/folders/jb/grqrlwkd311flwk_zt30r7wr0000gn/T/tmpx228fh1a', '--error-file', '/var/folders/jb/grqrlwkd311flwk_zt30r7wr0000gn/T/tmpfwgqg0a4']
[2022-02-28 15:04:23,933] {standard_task_runner.py:77} INFO - Job 184: Subtask get_read_history
[2022-02-28 15:04:23,981] {logging_mixin.py:109} INFO - Running <TaskInstance: comic_app_v2.get_read_history scheduled__2022-01-08T00:00:00+00:00 [running]> on host 1.0.0.0.0.0.0.0.0.0.0.0.0.0.0.0.0.0.0.0.0.0.0.0.0.0.0.0.0.0.0.0.ip6.arpa
[2022-02-28 15:04:24,020] {taskinstance.py:1431} INFO - Exporting the following env vars:
AIRFLOW_CTX_DAG_OWNER=Adam
AIRFLOW_CTX_DAG_ID=comic_app_v2
AIRFLOW_CTX_TASK_ID=get_read_history
AIRFLOW_CTX_EXECUTION_DATE=2022-01-08T00:00:00+00:00
AIRFLOW_CTX_DAG_RUN_ID=scheduled__2022-01-08T00:00:00+00:00
[2022-02-28 15:04:24,021] {logging_mixin.py:109} INFO - 取得使用者的閱讀紀錄
[2022-02-28 15:04:24,021] {python.py:175} INFO - Done. Returned value was: None
[2022-02-28 15:04:24,028] {taskinstance.py:1282} INFO - Marking task as SUCCESS. dag_id=comic_app_v2, task_id=get_read_history, execution_date=20220108T000000, start_date=20220228T070423, end_date=20220228T070424
[2022-02-28 15:04:24,072] {local_task_job.py:154} INFO - Task exited with return code 0
[2022-02-28 15:04:24,111] {local_task_job.py:264} INFO - 1 downstream tasks scheduled from follow-on schedule check
[2022-02-28 15:18:42,786] {taskinstance.py:1037} INFO - Dependencies all met for <TaskInstance: comic_app_v2.get_read_history scheduled__2022-01-08T00:00:00+00:00 [queued]>
[2022-02-28 15:18:42,794] {taskinstance.py:1037} INFO - Dependencies all met for <TaskInstance: comic_app_v2.get_read_history scheduled__2022-01-08T00:00:00+00:00 [queued]>
[2022-02-28 15:18:42,794] {taskinstance.py:1243} INFO - 
--------------------------------------------------------------------------------
[2022-02-28 15:18:42,794] {taskinstance.py:1244} INFO - Starting attempt 1 of 3
[2022-02-28 15:18:42,794] {taskinstance.py:1245} INFO - 
--------------------------------------------------------------------------------
[2022-02-28 15:18:42,804] {taskinstance.py:1264} INFO - Executing <Task(PythonOperator): get_read_history> on 2022-01-08 00:00:00+00:00
[2022-02-28 15:18:42,806] {standard_task_runner.py:52} INFO - Started process 36251 to run task
[2022-02-28 15:18:42,812] {standard_task_runner.py:76} INFO - Running: ['airflow', 'tasks', 'run', 'comic_app_v2', 'get_read_history', 'scheduled__2022-01-08T00:00:00+00:00', '--job-id', '293', '--raw', '--subdir', 'DAGS_FOLDER/comic_app_v2.py', '--cfg-path', '/var/folders/jb/grqrlwkd311flwk_zt30r7wr0000gn/T/tmpf_ufzxgw', '--error-file', '/var/folders/jb/grqrlwkd311flwk_zt30r7wr0000gn/T/tmp9rh37llv']
[2022-02-28 15:18:42,814] {standard_task_runner.py:77} INFO - Job 293: Subtask get_read_history
[2022-02-28 15:18:42,859] {logging_mixin.py:109} INFO - Running <TaskInstance: comic_app_v2.get_read_history scheduled__2022-01-08T00:00:00+00:00 [running]> on host 1.0.0.0.0.0.0.0.0.0.0.0.0.0.0.0.0.0.0.0.0.0.0.0.0.0.0.0.0.0.0.0.ip6.arpa
[2022-02-28 15:18:42,896] {taskinstance.py:1431} INFO - Exporting the following env vars:
AIRFLOW_CTX_DAG_OWNER=Adam
AIRFLOW_CTX_DAG_ID=comic_app_v2
AIRFLOW_CTX_TASK_ID=get_read_history
AIRFLOW_CTX_EXECUTION_DATE=2022-01-08T00:00:00+00:00
AIRFLOW_CTX_DAG_RUN_ID=scheduled__2022-01-08T00:00:00+00:00
[2022-02-28 15:18:42,897] {logging_mixin.py:109} INFO - 取得使用者的閱讀紀錄
[2022-02-28 15:18:42,897] {python.py:175} INFO - Done. Returned value was: None
[2022-02-28 15:18:42,905] {taskinstance.py:1282} INFO - Marking task as SUCCESS. dag_id=comic_app_v2, task_id=get_read_history, execution_date=20220108T000000, start_date=20220228T071842, end_date=20220228T071842
[2022-02-28 15:18:42,950] {local_task_job.py:154} INFO - Task exited with return code 0
[2022-02-28 15:18:42,982] {local_task_job.py:264} INFO - 1 downstream tasks scheduled from follow-on schedule check
