[2022-02-28 14:59:30,651] {taskinstance.py:1037} INFO - Dependencies all met for <TaskInstance: comic_app_v2.yes_generate_notification scheduled__2022-01-14T00:00:00+00:00 [queued]>
[2022-02-28 14:59:30,661] {taskinstance.py:1037} INFO - Dependencies all met for <TaskInstance: comic_app_v2.yes_generate_notification scheduled__2022-01-14T00:00:00+00:00 [queued]>
[2022-02-28 14:59:30,661] {taskinstance.py:1243} INFO - 
--------------------------------------------------------------------------------
[2022-02-28 14:59:30,661] {taskinstance.py:1244} INFO - Starting attempt 1 of 3
[2022-02-28 14:59:30,661] {taskinstance.py:1245} INFO - 
--------------------------------------------------------------------------------
[2022-02-28 14:59:30,671] {taskinstance.py:1264} INFO - Executing <Task(PythonOperator): yes_generate_notification> on 2022-01-14 00:00:00+00:00
[2022-02-28 14:59:30,675] {standard_task_runner.py:52} INFO - Started process 34468 to run task
[2022-02-28 14:59:30,680] {standard_task_runner.py:76} INFO - Running: ['airflow', 'tasks', 'run', 'comic_app_v2', 'yes_generate_notification', 'scheduled__2022-01-14T00:00:00+00:00', '--job-id', '145', '--raw', '--subdir', 'DAGS_FOLDER/comic_app_v2.py', '--cfg-path', '/var/folders/jb/grqrlwkd311flwk_zt30r7wr0000gn/T/tmpydgxh4ne', '--error-file', '/var/folders/jb/grqrlwkd311flwk_zt30r7wr0000gn/T/tmp1rmchh2g']
[2022-02-28 14:59:30,682] {standard_task_runner.py:77} INFO - Job 145: Subtask yes_generate_notification
[2022-02-28 14:59:30,731] {logging_mixin.py:109} INFO - Running <TaskInstance: comic_app_v2.yes_generate_notification scheduled__2022-01-14T00:00:00+00:00 [running]> on host 1.0.0.0.0.0.0.0.0.0.0.0.0.0.0.0.0.0.0.0.0.0.0.0.0.0.0.0.0.0.0.0.ip6.arpa
[2022-02-28 14:59:30,773] {taskinstance.py:1431} INFO - Exporting the following env vars:
AIRFLOW_CTX_DAG_OWNER=Adam
AIRFLOW_CTX_DAG_ID=comic_app_v2
AIRFLOW_CTX_TASK_ID=yes_generate_notification
AIRFLOW_CTX_EXECUTION_DATE=2022-01-14T00:00:00+00:00
AIRFLOW_CTX_DAG_RUN_ID=scheduled__2022-01-14T00:00:00+00:00
[2022-02-28 14:59:30,777] {logging_mixin.py:109} INFO - 產生要寄給 Slack 的訊息內容並存成檔案
[2022-02-28 14:59:30,778] {python.py:175} INFO - Done. Returned value was: None
[2022-02-28 14:59:30,784] {taskinstance.py:1282} INFO - Marking task as SUCCESS. dag_id=comic_app_v2, task_id=yes_generate_notification, execution_date=20220114T000000, start_date=20220228T065930, end_date=20220228T065930
[2022-02-28 14:59:30,819] {local_task_job.py:154} INFO - Task exited with return code 0
[2022-02-28 14:59:30,850] {local_task_job.py:264} INFO - 1 downstream tasks scheduled from follow-on schedule check
[2022-02-28 15:05:55,139] {taskinstance.py:1037} INFO - Dependencies all met for <TaskInstance: comic_app_v2.yes_generate_notification scheduled__2022-01-14T00:00:00+00:00 [queued]>
[2022-02-28 15:05:55,148] {taskinstance.py:1037} INFO - Dependencies all met for <TaskInstance: comic_app_v2.yes_generate_notification scheduled__2022-01-14T00:00:00+00:00 [queued]>
[2022-02-28 15:05:55,148] {taskinstance.py:1243} INFO - 
--------------------------------------------------------------------------------
[2022-02-28 15:05:55,148] {taskinstance.py:1244} INFO - Starting attempt 1 of 3
[2022-02-28 15:05:55,149] {taskinstance.py:1245} INFO - 
--------------------------------------------------------------------------------
[2022-02-28 15:05:55,159] {taskinstance.py:1264} INFO - Executing <Task(PythonOperator): yes_generate_notification> on 2022-01-14 00:00:00+00:00
[2022-02-28 15:05:55,161] {standard_task_runner.py:52} INFO - Started process 35033 to run task
[2022-02-28 15:05:55,166] {standard_task_runner.py:76} INFO - Running: ['airflow', 'tasks', 'run', 'comic_app_v2', 'yes_generate_notification', 'scheduled__2022-01-14T00:00:00+00:00', '--job-id', '218', '--raw', '--subdir', 'DAGS_FOLDER/comic_app_v2.py', '--cfg-path', '/var/folders/jb/grqrlwkd311flwk_zt30r7wr0000gn/T/tmprx9w19hd', '--error-file', '/var/folders/jb/grqrlwkd311flwk_zt30r7wr0000gn/T/tmp0o7cksey']
[2022-02-28 15:05:55,169] {standard_task_runner.py:77} INFO - Job 218: Subtask yes_generate_notification
[2022-02-28 15:05:55,219] {logging_mixin.py:109} INFO - Running <TaskInstance: comic_app_v2.yes_generate_notification scheduled__2022-01-14T00:00:00+00:00 [running]> on host 1.0.0.0.0.0.0.0.0.0.0.0.0.0.0.0.0.0.0.0.0.0.0.0.0.0.0.0.0.0.0.0.ip6.arpa
[2022-02-28 15:05:55,260] {taskinstance.py:1431} INFO - Exporting the following env vars:
AIRFLOW_CTX_DAG_OWNER=Adam
AIRFLOW_CTX_DAG_ID=comic_app_v2
AIRFLOW_CTX_TASK_ID=yes_generate_notification
AIRFLOW_CTX_EXECUTION_DATE=2022-01-14T00:00:00+00:00
AIRFLOW_CTX_DAG_RUN_ID=scheduled__2022-01-14T00:00:00+00:00
[2022-02-28 15:05:55,264] {logging_mixin.py:109} INFO - 產生要寄給 Slack 的訊息內容並存成檔案
[2022-02-28 15:05:55,264] {python.py:175} INFO - Done. Returned value was: None
[2022-02-28 15:05:55,272] {taskinstance.py:1282} INFO - Marking task as SUCCESS. dag_id=comic_app_v2, task_id=yes_generate_notification, execution_date=20220114T000000, start_date=20220228T070555, end_date=20220228T070555
[2022-02-28 15:05:55,306] {local_task_job.py:154} INFO - Task exited with return code 0
[2022-02-28 15:05:55,343] {local_task_job.py:264} INFO - 1 downstream tasks scheduled from follow-on schedule check
