[2022-02-28 15:19:13,604] {taskinstance.py:1037} INFO - Dependencies all met for <TaskInstance: comic_app_v2.update_read_history scheduled__2022-01-05T00:00:00+00:00 [queued]>
[2022-02-28 15:19:13,614] {taskinstance.py:1037} INFO - Dependencies all met for <TaskInstance: comic_app_v2.update_read_history scheduled__2022-01-05T00:00:00+00:00 [queued]>
[2022-02-28 15:19:13,615] {taskinstance.py:1243} INFO - 
--------------------------------------------------------------------------------
[2022-02-28 15:19:13,615] {taskinstance.py:1244} INFO - Starting attempt 1 of 3
[2022-02-28 15:19:13,615] {taskinstance.py:1245} INFO - 
--------------------------------------------------------------------------------
[2022-02-28 15:19:13,630] {taskinstance.py:1264} INFO - Executing <Task(PythonOperator): update_read_history> on 2022-01-05 00:00:00+00:00
[2022-02-28 15:19:13,639] {standard_task_runner.py:76} INFO - Running: ['airflow', 'tasks', 'run', 'comic_app_v2', 'update_read_history', 'scheduled__2022-01-05T00:00:00+00:00', '--job-id', '304', '--raw', '--subdir', 'DAGS_FOLDER/comic_app_v2.py', '--cfg-path', '/var/folders/jb/grqrlwkd311flwk_zt30r7wr0000gn/T/tmpxx48pbo5', '--error-file', '/var/folders/jb/grqrlwkd311flwk_zt30r7wr0000gn/T/tmpjb2j8b6p']
[2022-02-28 15:19:13,642] {standard_task_runner.py:77} INFO - Job 304: Subtask update_read_history
[2022-02-28 15:19:13,658] {standard_task_runner.py:52} INFO - Started process 36311 to run task
[2022-02-28 15:19:13,711] {logging_mixin.py:109} INFO - Running <TaskInstance: comic_app_v2.update_read_history scheduled__2022-01-05T00:00:00+00:00 [running]> on host 1.0.0.0.0.0.0.0.0.0.0.0.0.0.0.0.0.0.0.0.0.0.0.0.0.0.0.0.0.0.0.0.ip6.arpa
[2022-02-28 15:19:13,774] {taskinstance.py:1431} INFO - Exporting the following env vars:
AIRFLOW_CTX_DAG_OWNER=Adam
AIRFLOW_CTX_DAG_ID=comic_app_v2
AIRFLOW_CTX_TASK_ID=update_read_history
AIRFLOW_CTX_EXECUTION_DATE=2022-01-05T00:00:00+00:00
AIRFLOW_CTX_DAG_RUN_ID=scheduled__2022-01-05T00:00:00+00:00
[2022-02-28 15:19:13,775] {logging_mixin.py:109} INFO - 更新閱讀紀錄
[2022-02-28 15:19:13,776] {python.py:175} INFO - Done. Returned value was: None
[2022-02-28 15:19:13,784] {taskinstance.py:1282} INFO - Marking task as SUCCESS. dag_id=comic_app_v2, task_id=update_read_history, execution_date=20220105T000000, start_date=20220228T071913, end_date=20220228T071913
[2022-02-28 15:19:13,822] {local_task_job.py:154} INFO - Task exited with return code 0
[2022-02-28 15:19:13,844] {local_task_job.py:264} INFO - 0 downstream tasks scheduled from follow-on schedule check
[2022-02-28 15:19:13,853] {dagrun.py:545} INFO - Marking run <DagRun comic_app_v2 @ 2022-01-05 00:00:00+00:00: scheduled__2022-01-05T00:00:00+00:00, externally triggered: False> successful
[2022-02-28 15:19:13,853] {dagrun.py:605} INFO - DagRun Finished: dag_id=comic_app_v2, execution_date=2022-01-05 00:00:00+00:00, run_id=scheduled__2022-01-05T00:00:00+00:00, run_start_date=2022-02-28 07:18:25.883401+00:00, run_end_date=2022-02-28 07:19:13.853563+00:00, run_duration=47.970162, state=success, external_trigger=False, run_type=scheduled, data_interval_start=2022-01-05 00:00:00+00:00, data_interval_end=2022-01-06 00:00:00+00:00, dag_hash=c27cbe3e1c645850c1c178158e295889
