[2022-02-28 14:59:06,695] {taskinstance.py:1037} INFO - Dependencies all met for <TaskInstance: comic_app_v2.get_read_history scheduled__2022-01-15T00:00:00+00:00 [queued]>
[2022-02-28 14:59:06,702] {taskinstance.py:1037} INFO - Dependencies all met for <TaskInstance: comic_app_v2.get_read_history scheduled__2022-01-15T00:00:00+00:00 [queued]>
[2022-02-28 14:59:06,702] {taskinstance.py:1243} INFO - 
--------------------------------------------------------------------------------
[2022-02-28 14:59:06,702] {taskinstance.py:1244} INFO - Starting attempt 1 of 3
[2022-02-28 14:59:06,702] {taskinstance.py:1245} INFO - 
--------------------------------------------------------------------------------
[2022-02-28 14:59:06,713] {taskinstance.py:1264} INFO - Executing <Task(PythonOperator): get_read_history> on 2022-01-15 00:00:00+00:00
[2022-02-28 14:59:06,715] {standard_task_runner.py:52} INFO - Started process 34416 to run task
[2022-02-28 14:59:06,721] {standard_task_runner.py:76} INFO - Running: ['airflow', 'tasks', 'run', 'comic_app_v2', 'get_read_history', 'scheduled__2022-01-15T00:00:00+00:00', '--job-id', '135', '--raw', '--subdir', 'DAGS_FOLDER/comic_app_v2.py', '--cfg-path', '/var/folders/jb/grqrlwkd311flwk_zt30r7wr0000gn/T/tmp2e5cu2b3', '--error-file', '/var/folders/jb/grqrlwkd311flwk_zt30r7wr0000gn/T/tmppezb3tvv']
[2022-02-28 14:59:06,723] {standard_task_runner.py:77} INFO - Job 135: Subtask get_read_history
[2022-02-28 14:59:06,772] {logging_mixin.py:109} INFO - Running <TaskInstance: comic_app_v2.get_read_history scheduled__2022-01-15T00:00:00+00:00 [running]> on host 1.0.0.0.0.0.0.0.0.0.0.0.0.0.0.0.0.0.0.0.0.0.0.0.0.0.0.0.0.0.0.0.ip6.arpa
[2022-02-28 14:59:06,815] {taskinstance.py:1431} INFO - Exporting the following env vars:
AIRFLOW_CTX_DAG_OWNER=Adam
AIRFLOW_CTX_DAG_ID=comic_app_v2
AIRFLOW_CTX_TASK_ID=get_read_history
AIRFLOW_CTX_EXECUTION_DATE=2022-01-15T00:00:00+00:00
AIRFLOW_CTX_DAG_RUN_ID=scheduled__2022-01-15T00:00:00+00:00
[2022-02-28 14:59:06,816] {logging_mixin.py:109} INFO - 取得使用者的閱讀紀錄
[2022-02-28 14:59:06,816] {python.py:175} INFO - Done. Returned value was: None
[2022-02-28 14:59:06,824] {taskinstance.py:1282} INFO - Marking task as SUCCESS. dag_id=comic_app_v2, task_id=get_read_history, execution_date=20220115T000000, start_date=20220228T065906, end_date=20220228T065906
[2022-02-28 14:59:06,862] {local_task_job.py:154} INFO - Task exited with return code 0
[2022-02-28 14:59:06,895] {local_task_job.py:264} INFO - 1 downstream tasks scheduled from follow-on schedule check
[2022-02-28 15:05:40,753] {taskinstance.py:1037} INFO - Dependencies all met for <TaskInstance: comic_app_v2.get_read_history scheduled__2022-01-15T00:00:00+00:00 [queued]>
[2022-02-28 15:05:40,761] {taskinstance.py:1037} INFO - Dependencies all met for <TaskInstance: comic_app_v2.get_read_history scheduled__2022-01-15T00:00:00+00:00 [queued]>
[2022-02-28 15:05:40,762] {taskinstance.py:1243} INFO - 
--------------------------------------------------------------------------------
[2022-02-28 15:05:40,762] {taskinstance.py:1244} INFO - Starting attempt 1 of 3
[2022-02-28 15:05:40,762] {taskinstance.py:1245} INFO - 
--------------------------------------------------------------------------------
[2022-02-28 15:05:40,772] {taskinstance.py:1264} INFO - Executing <Task(PythonOperator): get_read_history> on 2022-01-15 00:00:00+00:00
[2022-02-28 15:05:40,774] {standard_task_runner.py:52} INFO - Started process 35008 to run task
[2022-02-28 15:05:40,780] {standard_task_runner.py:76} INFO - Running: ['airflow', 'tasks', 'run', 'comic_app_v2', 'get_read_history', 'scheduled__2022-01-15T00:00:00+00:00', '--job-id', '213', '--raw', '--subdir', 'DAGS_FOLDER/comic_app_v2.py', '--cfg-path', '/var/folders/jb/grqrlwkd311flwk_zt30r7wr0000gn/T/tmplhuhlpcz', '--error-file', '/var/folders/jb/grqrlwkd311flwk_zt30r7wr0000gn/T/tmpjint_3fw']
[2022-02-28 15:05:40,781] {standard_task_runner.py:77} INFO - Job 213: Subtask get_read_history
[2022-02-28 15:05:40,828] {logging_mixin.py:109} INFO - Running <TaskInstance: comic_app_v2.get_read_history scheduled__2022-01-15T00:00:00+00:00 [running]> on host 1.0.0.0.0.0.0.0.0.0.0.0.0.0.0.0.0.0.0.0.0.0.0.0.0.0.0.0.0.0.0.0.ip6.arpa
[2022-02-28 15:05:40,869] {taskinstance.py:1431} INFO - Exporting the following env vars:
AIRFLOW_CTX_DAG_OWNER=Adam
AIRFLOW_CTX_DAG_ID=comic_app_v2
AIRFLOW_CTX_TASK_ID=get_read_history
AIRFLOW_CTX_EXECUTION_DATE=2022-01-15T00:00:00+00:00
AIRFLOW_CTX_DAG_RUN_ID=scheduled__2022-01-15T00:00:00+00:00
[2022-02-28 15:05:40,870] {logging_mixin.py:109} INFO - 取得使用者的閱讀紀錄
[2022-02-28 15:05:40,871] {python.py:175} INFO - Done. Returned value was: None
[2022-02-28 15:05:40,877] {taskinstance.py:1282} INFO - Marking task as SUCCESS. dag_id=comic_app_v2, task_id=get_read_history, execution_date=20220115T000000, start_date=20220228T070540, end_date=20220228T070540
[2022-02-28 15:05:40,920] {local_task_job.py:154} INFO - Task exited with return code 0
[2022-02-28 15:05:40,952] {local_task_job.py:264} INFO - 1 downstream tasks scheduled from follow-on schedule check
