[2022-02-28 14:57:51,862] {taskinstance.py:1037} INFO - Dependencies all met for <TaskInstance: comic_app_v2.yes_generate_notification scheduled__2022-01-04T00:00:00+00:00 [queued]>
[2022-02-28 14:57:51,871] {taskinstance.py:1037} INFO - Dependencies all met for <TaskInstance: comic_app_v2.yes_generate_notification scheduled__2022-01-04T00:00:00+00:00 [queued]>
[2022-02-28 14:57:51,871] {taskinstance.py:1243} INFO - 
--------------------------------------------------------------------------------
[2022-02-28 14:57:51,871] {taskinstance.py:1244} INFO - Starting attempt 1 of 3
[2022-02-28 14:57:51,871] {taskinstance.py:1245} INFO - 
--------------------------------------------------------------------------------
[2022-02-28 14:57:51,880] {taskinstance.py:1264} INFO - Executing <Task(PythonOperator): yes_generate_notification> on 2022-01-04 00:00:00+00:00
[2022-02-28 14:57:51,882] {standard_task_runner.py:52} INFO - Started process 34263 to run task
[2022-02-28 14:57:51,888] {standard_task_runner.py:76} INFO - Running: ['airflow', 'tasks', 'run', 'comic_app_v2', 'yes_generate_notification', 'scheduled__2022-01-04T00:00:00+00:00', '--job-id', '107', '--raw', '--subdir', 'DAGS_FOLDER/comic_app_v2.py', '--cfg-path', '/var/folders/jb/grqrlwkd311flwk_zt30r7wr0000gn/T/tmpayc7u3ze', '--error-file', '/var/folders/jb/grqrlwkd311flwk_zt30r7wr0000gn/T/tmp_vm3ks8k']
[2022-02-28 14:57:51,890] {standard_task_runner.py:77} INFO - Job 107: Subtask yes_generate_notification
[2022-02-28 14:57:51,935] {logging_mixin.py:109} INFO - Running <TaskInstance: comic_app_v2.yes_generate_notification scheduled__2022-01-04T00:00:00+00:00 [running]> on host 1.0.0.0.0.0.0.0.0.0.0.0.0.0.0.0.0.0.0.0.0.0.0.0.0.0.0.0.0.0.0.0.ip6.arpa
[2022-02-28 14:57:51,972] {taskinstance.py:1431} INFO - Exporting the following env vars:
AIRFLOW_CTX_DAG_OWNER=Adam
AIRFLOW_CTX_DAG_ID=comic_app_v2
AIRFLOW_CTX_TASK_ID=yes_generate_notification
AIRFLOW_CTX_EXECUTION_DATE=2022-01-04T00:00:00+00:00
AIRFLOW_CTX_DAG_RUN_ID=scheduled__2022-01-04T00:00:00+00:00
[2022-02-28 14:57:51,975] {logging_mixin.py:109} INFO - 產生要寄給 Slack 的訊息內容並存成檔案
[2022-02-28 14:57:51,976] {python.py:175} INFO - Done. Returned value was: None
[2022-02-28 14:57:51,982] {taskinstance.py:1282} INFO - Marking task as SUCCESS. dag_id=comic_app_v2, task_id=yes_generate_notification, execution_date=20220104T000000, start_date=20220228T065751, end_date=20220228T065751
[2022-02-28 14:57:52,031] {local_task_job.py:154} INFO - Task exited with return code 0
[2022-02-28 14:57:52,060] {local_task_job.py:264} INFO - 1 downstream tasks scheduled from follow-on schedule check
[2022-02-28 15:04:02,557] {taskinstance.py:1037} INFO - Dependencies all met for <TaskInstance: comic_app_v2.yes_generate_notification scheduled__2022-01-04T00:00:00+00:00 [queued]>
[2022-02-28 15:04:02,567] {taskinstance.py:1037} INFO - Dependencies all met for <TaskInstance: comic_app_v2.yes_generate_notification scheduled__2022-01-04T00:00:00+00:00 [queued]>
[2022-02-28 15:04:02,567] {taskinstance.py:1243} INFO - 
--------------------------------------------------------------------------------
[2022-02-28 15:04:02,567] {taskinstance.py:1244} INFO - Starting attempt 1 of 3
[2022-02-28 15:04:02,567] {taskinstance.py:1245} INFO - 
--------------------------------------------------------------------------------
[2022-02-28 15:04:02,577] {taskinstance.py:1264} INFO - Executing <Task(PythonOperator): yes_generate_notification> on 2022-01-04 00:00:00+00:00
[2022-02-28 15:04:02,579] {standard_task_runner.py:52} INFO - Started process 34804 to run task
[2022-02-28 15:04:02,586] {standard_task_runner.py:76} INFO - Running: ['airflow', 'tasks', 'run', 'comic_app_v2', 'yes_generate_notification', 'scheduled__2022-01-04T00:00:00+00:00', '--job-id', '175', '--raw', '--subdir', 'DAGS_FOLDER/comic_app_v2.py', '--cfg-path', '/var/folders/jb/grqrlwkd311flwk_zt30r7wr0000gn/T/tmp1063tu93', '--error-file', '/var/folders/jb/grqrlwkd311flwk_zt30r7wr0000gn/T/tmprett6gtb']
[2022-02-28 15:04:02,589] {standard_task_runner.py:77} INFO - Job 175: Subtask yes_generate_notification
[2022-02-28 15:04:02,637] {logging_mixin.py:109} INFO - Running <TaskInstance: comic_app_v2.yes_generate_notification scheduled__2022-01-04T00:00:00+00:00 [running]> on host 1.0.0.0.0.0.0.0.0.0.0.0.0.0.0.0.0.0.0.0.0.0.0.0.0.0.0.0.0.0.0.0.ip6.arpa
[2022-02-28 15:04:02,677] {taskinstance.py:1431} INFO - Exporting the following env vars:
AIRFLOW_CTX_DAG_OWNER=Adam
AIRFLOW_CTX_DAG_ID=comic_app_v2
AIRFLOW_CTX_TASK_ID=yes_generate_notification
AIRFLOW_CTX_EXECUTION_DATE=2022-01-04T00:00:00+00:00
AIRFLOW_CTX_DAG_RUN_ID=scheduled__2022-01-04T00:00:00+00:00
[2022-02-28 15:04:02,681] {logging_mixin.py:109} INFO - 產生要寄給 Slack 的訊息內容並存成檔案
[2022-02-28 15:04:02,681] {python.py:175} INFO - Done. Returned value was: None
[2022-02-28 15:04:02,688] {taskinstance.py:1282} INFO - Marking task as SUCCESS. dag_id=comic_app_v2, task_id=yes_generate_notification, execution_date=20220104T000000, start_date=20220228T070402, end_date=20220228T070402
[2022-02-28 15:04:02,729] {local_task_job.py:154} INFO - Task exited with return code 0
[2022-02-28 15:04:02,761] {local_task_job.py:264} INFO - 1 downstream tasks scheduled from follow-on schedule check
