[2022-02-28 14:59:09,009] {taskinstance.py:1037} INFO - Dependencies all met for <TaskInstance: comic_app_v2.check_comic_info scheduled__2022-01-14T00:00:00+00:00 [queued]>
[2022-02-28 14:59:09,018] {taskinstance.py:1037} INFO - Dependencies all met for <TaskInstance: comic_app_v2.check_comic_info scheduled__2022-01-14T00:00:00+00:00 [queued]>
[2022-02-28 14:59:09,018] {taskinstance.py:1243} INFO - 
--------------------------------------------------------------------------------
[2022-02-28 14:59:09,018] {taskinstance.py:1244} INFO - Starting attempt 1 of 3
[2022-02-28 14:59:09,018] {taskinstance.py:1245} INFO - 
--------------------------------------------------------------------------------
[2022-02-28 14:59:09,028] {taskinstance.py:1264} INFO - Executing <Task(PythonOperator): check_comic_info> on 2022-01-14 00:00:00+00:00
[2022-02-28 14:59:09,030] {standard_task_runner.py:52} INFO - Started process 34421 to run task
[2022-02-28 14:59:09,036] {standard_task_runner.py:76} INFO - Running: ['airflow', 'tasks', 'run', 'comic_app_v2', 'check_comic_info', 'scheduled__2022-01-14T00:00:00+00:00', '--job-id', '136', '--raw', '--subdir', 'DAGS_FOLDER/comic_app_v2.py', '--cfg-path', '/var/folders/jb/grqrlwkd311flwk_zt30r7wr0000gn/T/tmpsqi3tywz', '--error-file', '/var/folders/jb/grqrlwkd311flwk_zt30r7wr0000gn/T/tmpzvwizz0t']
[2022-02-28 14:59:09,038] {standard_task_runner.py:77} INFO - Job 136: Subtask check_comic_info
[2022-02-28 14:59:09,086] {logging_mixin.py:109} INFO - Running <TaskInstance: comic_app_v2.check_comic_info scheduled__2022-01-14T00:00:00+00:00 [running]> on host 1.0.0.0.0.0.0.0.0.0.0.0.0.0.0.0.0.0.0.0.0.0.0.0.0.0.0.0.0.0.0.0.ip6.arpa
[2022-02-28 14:59:09,125] {taskinstance.py:1431} INFO - Exporting the following env vars:
AIRFLOW_CTX_DAG_OWNER=Adam
AIRFLOW_CTX_DAG_ID=comic_app_v2
AIRFLOW_CTX_TASK_ID=check_comic_info
AIRFLOW_CTX_EXECUTION_DATE=2022-01-14T00:00:00+00:00
AIRFLOW_CTX_DAG_RUN_ID=scheduled__2022-01-14T00:00:00+00:00
[2022-02-28 14:59:09,130] {logging_mixin.py:109} INFO - 去漫畫網站看有沒有新的章節
[2022-02-28 14:59:09,131] {python.py:175} INFO - Done. Returned value was: (True, None)
[2022-02-28 14:59:09,143] {taskinstance.py:1282} INFO - Marking task as SUCCESS. dag_id=comic_app_v2, task_id=check_comic_info, execution_date=20220114T000000, start_date=20220228T065909, end_date=20220228T065909
[2022-02-28 14:59:09,176] {local_task_job.py:154} INFO - Task exited with return code 0
[2022-02-28 14:59:09,208] {local_task_job.py:264} INFO - 1 downstream tasks scheduled from follow-on schedule check
[2022-02-28 15:05:42,659] {taskinstance.py:1037} INFO - Dependencies all met for <TaskInstance: comic_app_v2.check_comic_info scheduled__2022-01-14T00:00:00+00:00 [queued]>
[2022-02-28 15:05:42,667] {taskinstance.py:1037} INFO - Dependencies all met for <TaskInstance: comic_app_v2.check_comic_info scheduled__2022-01-14T00:00:00+00:00 [queued]>
[2022-02-28 15:05:42,667] {taskinstance.py:1243} INFO - 
--------------------------------------------------------------------------------
[2022-02-28 15:05:42,667] {taskinstance.py:1244} INFO - Starting attempt 1 of 3
[2022-02-28 15:05:42,667] {taskinstance.py:1245} INFO - 
--------------------------------------------------------------------------------
[2022-02-28 15:05:42,679] {taskinstance.py:1264} INFO - Executing <Task(PythonOperator): check_comic_info> on 2022-01-14 00:00:00+00:00
[2022-02-28 15:05:42,681] {standard_task_runner.py:52} INFO - Started process 35012 to run task
[2022-02-28 15:05:42,689] {standard_task_runner.py:76} INFO - Running: ['airflow', 'tasks', 'run', 'comic_app_v2', 'check_comic_info', 'scheduled__2022-01-14T00:00:00+00:00', '--job-id', '214', '--raw', '--subdir', 'DAGS_FOLDER/comic_app_v2.py', '--cfg-path', '/var/folders/jb/grqrlwkd311flwk_zt30r7wr0000gn/T/tmpllij7glk', '--error-file', '/var/folders/jb/grqrlwkd311flwk_zt30r7wr0000gn/T/tmp76_7sq9d']
[2022-02-28 15:05:42,691] {standard_task_runner.py:77} INFO - Job 214: Subtask check_comic_info
[2022-02-28 15:05:42,739] {logging_mixin.py:109} INFO - Running <TaskInstance: comic_app_v2.check_comic_info scheduled__2022-01-14T00:00:00+00:00 [running]> on host 1.0.0.0.0.0.0.0.0.0.0.0.0.0.0.0.0.0.0.0.0.0.0.0.0.0.0.0.0.0.0.0.ip6.arpa
[2022-02-28 15:05:42,780] {taskinstance.py:1431} INFO - Exporting the following env vars:
AIRFLOW_CTX_DAG_OWNER=Adam
AIRFLOW_CTX_DAG_ID=comic_app_v2
AIRFLOW_CTX_TASK_ID=check_comic_info
AIRFLOW_CTX_EXECUTION_DATE=2022-01-14T00:00:00+00:00
AIRFLOW_CTX_DAG_RUN_ID=scheduled__2022-01-14T00:00:00+00:00
[2022-02-28 15:05:42,784] {logging_mixin.py:109} INFO - 去漫畫網站看有沒有新的章節
[2022-02-28 15:05:43,277] {python.py:175} INFO - Done. Returned value was: (True, None)
[2022-02-28 15:05:43,291] {taskinstance.py:1282} INFO - Marking task as SUCCESS. dag_id=comic_app_v2, task_id=check_comic_info, execution_date=20220114T000000, start_date=20220228T070542, end_date=20220228T070543
[2022-02-28 15:05:43,337] {local_task_job.py:154} INFO - Task exited with return code 0
[2022-02-28 15:05:43,369] {local_task_job.py:264} INFO - 1 downstream tasks scheduled from follow-on schedule check
