[2022-02-25 17:19:42,934] {taskinstance.py:1037} INFO - Dependencies all met for <TaskInstance: comic_app_v2.check_comic_info scheduled__2022-01-10T00:00:00+00:00 [queued]>
[2022-02-25 17:19:42,944] {taskinstance.py:1037} INFO - Dependencies all met for <TaskInstance: comic_app_v2.check_comic_info scheduled__2022-01-10T00:00:00+00:00 [queued]>
[2022-02-25 17:19:42,944] {taskinstance.py:1243} INFO - 
--------------------------------------------------------------------------------
[2022-02-25 17:19:42,944] {taskinstance.py:1244} INFO - Starting attempt 1 of 3
[2022-02-25 17:19:42,944] {taskinstance.py:1245} INFO - 
--------------------------------------------------------------------------------
[2022-02-25 17:19:42,956] {taskinstance.py:1264} INFO - Executing <Task(PythonOperator): check_comic_info> on 2022-01-10 00:00:00+00:00
[2022-02-25 17:19:42,958] {standard_task_runner.py:52} INFO - Started process 17597 to run task
[2022-02-25 17:19:42,965] {standard_task_runner.py:76} INFO - Running: ['airflow', 'tasks', 'run', 'comic_app_v2', 'check_comic_info', 'scheduled__2022-01-10T00:00:00+00:00', '--job-id', '79', '--raw', '--subdir', 'DAGS_FOLDER/comic_app_v2.py', '--cfg-path', '/var/folders/jb/grqrlwkd311flwk_zt30r7wr0000gn/T/tmp1sf69_fg', '--error-file', '/var/folders/jb/grqrlwkd311flwk_zt30r7wr0000gn/T/tmp3qmubkq4']
[2022-02-25 17:19:42,967] {standard_task_runner.py:77} INFO - Job 79: Subtask check_comic_info
[2022-02-25 17:19:43,018] {logging_mixin.py:109} INFO - Running <TaskInstance: comic_app_v2.check_comic_info scheduled__2022-01-10T00:00:00+00:00 [running]> on host 1.0.0.0.0.0.0.0.0.0.0.0.0.0.0.0.0.0.0.0.0.0.0.0.0.0.0.0.0.0.0.0.ip6.arpa
[2022-02-25 17:19:43,058] {taskinstance.py:1431} INFO - Exporting the following env vars:
AIRFLOW_CTX_DAG_OWNER=Adam
AIRFLOW_CTX_DAG_ID=comic_app_v2
AIRFLOW_CTX_TASK_ID=check_comic_info
AIRFLOW_CTX_EXECUTION_DATE=2022-01-10T00:00:00+00:00
AIRFLOW_CTX_DAG_RUN_ID=scheduled__2022-01-10T00:00:00+00:00
[2022-02-25 17:19:43,062] {logging_mixin.py:109} INFO - 去漫畫網站看有沒有新的章節
[2022-02-25 17:19:43,063] {python.py:175} INFO - Done. Returned value was: (True, None)
[2022-02-25 17:19:43,075] {taskinstance.py:1282} INFO - Marking task as SUCCESS. dag_id=comic_app_v2, task_id=check_comic_info, execution_date=20220110T000000, start_date=20220225T091942, end_date=20220225T091943
[2022-02-25 17:19:43,110] {local_task_job.py:154} INFO - Task exited with return code 0
[2022-02-25 17:19:43,143] {local_task_job.py:264} INFO - 1 downstream tasks scheduled from follow-on schedule check
