[2022-02-27 15:44:35,854] {taskinstance.py:1037} INFO - Dependencies all met for <TaskInstance: comic_app_v2.check_comic_info scheduled__2022-02-25T15:40:00+00:00 [queued]>
[2022-02-27 15:44:35,861] {taskinstance.py:1037} INFO - Dependencies all met for <TaskInstance: comic_app_v2.check_comic_info scheduled__2022-02-25T15:40:00+00:00 [queued]>
[2022-02-27 15:44:35,861] {taskinstance.py:1243} INFO - 
--------------------------------------------------------------------------------
[2022-02-27 15:44:35,861] {taskinstance.py:1244} INFO - Starting attempt 1 of 3
[2022-02-27 15:44:35,862] {taskinstance.py:1245} INFO - 
--------------------------------------------------------------------------------
[2022-02-27 15:44:35,871] {taskinstance.py:1264} INFO - Executing <Task(PythonOperator): check_comic_info> on 2022-02-25 15:40:00+00:00
[2022-02-27 15:44:35,873] {standard_task_runner.py:52} INFO - Started process 21364 to run task
[2022-02-27 15:44:35,878] {standard_task_runner.py:76} INFO - Running: ['airflow', 'tasks', 'run', 'comic_app_v2', 'check_comic_info', 'scheduled__2022-02-25T15:40:00+00:00', '--job-id', '93', '--raw', '--subdir', 'DAGS_FOLDER/comic_app_v2.py', '--cfg-path', '/var/folders/jb/grqrlwkd311flwk_zt30r7wr0000gn/T/tmpqq4it_ik', '--error-file', '/var/folders/jb/grqrlwkd311flwk_zt30r7wr0000gn/T/tmpmbwfvjzb']
[2022-02-27 15:44:35,880] {standard_task_runner.py:77} INFO - Job 93: Subtask check_comic_info
[2022-02-27 15:44:35,920] {logging_mixin.py:109} INFO - Running <TaskInstance: comic_app_v2.check_comic_info scheduled__2022-02-25T15:40:00+00:00 [running]> on host 1.0.0.0.0.0.0.0.0.0.0.0.0.0.0.0.0.0.0.0.0.0.0.0.0.0.0.0.0.0.0.0.ip6.arpa
[2022-02-27 15:44:35,953] {taskinstance.py:1431} INFO - Exporting the following env vars:
AIRFLOW_CTX_DAG_OWNER=Adam
AIRFLOW_CTX_DAG_ID=comic_app_v2
AIRFLOW_CTX_TASK_ID=check_comic_info
AIRFLOW_CTX_EXECUTION_DATE=2022-02-25T15:40:00+00:00
AIRFLOW_CTX_DAG_RUN_ID=scheduled__2022-02-25T15:40:00+00:00
[2022-02-27 15:44:35,957] {logging_mixin.py:109} INFO - 去漫畫網站看有沒有新的章節
[2022-02-27 15:44:35,958] {python.py:175} INFO - Done. Returned value was: (True, None)
[2022-02-27 15:44:35,969] {taskinstance.py:1282} INFO - Marking task as SUCCESS. dag_id=comic_app_v2, task_id=check_comic_info, execution_date=20220225T154000, start_date=20220227T074435, end_date=20220227T074435
[2022-02-27 15:44:36,022] {local_task_job.py:154} INFO - Task exited with return code 0
[2022-02-27 15:44:36,053] {local_task_job.py:264} INFO - 1 downstream tasks scheduled from follow-on schedule check
[2022-02-27 16:45:45,782] {taskinstance.py:1037} INFO - Dependencies all met for <TaskInstance: comic_app_v2.check_comic_info scheduled__2022-02-25T15:40:00+00:00 [queued]>
[2022-02-27 16:45:45,791] {taskinstance.py:1037} INFO - Dependencies all met for <TaskInstance: comic_app_v2.check_comic_info scheduled__2022-02-25T15:40:00+00:00 [queued]>
[2022-02-27 16:45:45,791] {taskinstance.py:1243} INFO - 
--------------------------------------------------------------------------------
[2022-02-27 16:45:45,791] {taskinstance.py:1244} INFO - Starting attempt 1 of 3
[2022-02-27 16:45:45,791] {taskinstance.py:1245} INFO - 
--------------------------------------------------------------------------------
[2022-02-27 16:45:45,800] {taskinstance.py:1264} INFO - Executing <Task(PythonOperator): check_comic_info> on 2022-02-25 15:40:00+00:00
[2022-02-27 16:45:45,803] {standard_task_runner.py:52} INFO - Started process 28113 to run task
[2022-02-27 16:45:45,808] {standard_task_runner.py:76} INFO - Running: ['airflow', 'tasks', 'run', 'comic_app_v2', 'check_comic_info', 'scheduled__2022-02-25T15:40:00+00:00', '--job-id', '109', '--raw', '--subdir', 'DAGS_FOLDER/comic_app_v2.py', '--cfg-path', '/var/folders/jb/grqrlwkd311flwk_zt30r7wr0000gn/T/tmppgsgyjjk', '--error-file', '/var/folders/jb/grqrlwkd311flwk_zt30r7wr0000gn/T/tmp76bckze5']
[2022-02-27 16:45:45,810] {standard_task_runner.py:77} INFO - Job 109: Subtask check_comic_info
[2022-02-27 16:45:45,880] {logging_mixin.py:109} INFO - Running <TaskInstance: comic_app_v2.check_comic_info scheduled__2022-02-25T15:40:00+00:00 [running]> on host 1.0.0.0.0.0.0.0.0.0.0.0.0.0.0.0.0.0.0.0.0.0.0.0.0.0.0.0.0.0.0.0.ip6.arpa
[2022-02-27 16:45:45,916] {taskinstance.py:1431} INFO - Exporting the following env vars:
AIRFLOW_CTX_DAG_OWNER=Adam
AIRFLOW_CTX_DAG_ID=comic_app_v2
AIRFLOW_CTX_TASK_ID=check_comic_info
AIRFLOW_CTX_EXECUTION_DATE=2022-02-25T15:40:00+00:00
AIRFLOW_CTX_DAG_RUN_ID=scheduled__2022-02-25T15:40:00+00:00
[2022-02-27 16:45:45,921] {logging_mixin.py:109} INFO - 去看有沒有新的章節
[2022-02-27 16:45:46,165] {python.py:175} INFO - Done. Returned value was: (False, None)
[2022-02-27 16:45:46,177] {taskinstance.py:1282} INFO - Marking task as SUCCESS. dag_id=comic_app_v2, task_id=check_comic_info, execution_date=20220225T154000, start_date=20220227T084545, end_date=20220227T084546
[2022-02-27 16:45:46,228] {local_task_job.py:154} INFO - Task exited with return code 0
[2022-02-27 16:45:46,256] {local_task_job.py:264} INFO - 1 downstream tasks scheduled from follow-on schedule check
[2022-02-27 16:49:05,393] {taskinstance.py:1037} INFO - Dependencies all met for <TaskInstance: comic_app_v2.check_comic_info scheduled__2022-02-25T15:40:00+00:00 [queued]>
[2022-02-27 16:49:05,400] {taskinstance.py:1037} INFO - Dependencies all met for <TaskInstance: comic_app_v2.check_comic_info scheduled__2022-02-25T15:40:00+00:00 [queued]>
[2022-02-27 16:49:05,401] {taskinstance.py:1243} INFO - 
--------------------------------------------------------------------------------
[2022-02-27 16:49:05,401] {taskinstance.py:1244} INFO - Starting attempt 1 of 3
[2022-02-27 16:49:05,401] {taskinstance.py:1245} INFO - 
--------------------------------------------------------------------------------
[2022-02-27 16:49:05,410] {taskinstance.py:1264} INFO - Executing <Task(PythonOperator): check_comic_info> on 2022-02-25 15:40:00+00:00
[2022-02-27 16:49:05,412] {standard_task_runner.py:52} INFO - Started process 28517 to run task
[2022-02-27 16:49:05,418] {standard_task_runner.py:76} INFO - Running: ['airflow', 'tasks', 'run', 'comic_app_v2', 'check_comic_info', 'scheduled__2022-02-25T15:40:00+00:00', '--job-id', '117', '--raw', '--subdir', 'DAGS_FOLDER/comic_app_v2.py', '--cfg-path', '/var/folders/jb/grqrlwkd311flwk_zt30r7wr0000gn/T/tmp944igmqi', '--error-file', '/var/folders/jb/grqrlwkd311flwk_zt30r7wr0000gn/T/tmpl9wevewf']
[2022-02-27 16:49:05,419] {standard_task_runner.py:77} INFO - Job 117: Subtask check_comic_info
[2022-02-27 16:49:05,459] {logging_mixin.py:109} INFO - Running <TaskInstance: comic_app_v2.check_comic_info scheduled__2022-02-25T15:40:00+00:00 [running]> on host 1.0.0.0.0.0.0.0.0.0.0.0.0.0.0.0.0.0.0.0.0.0.0.0.0.0.0.0.0.0.0.0.ip6.arpa
[2022-02-27 16:49:05,494] {taskinstance.py:1431} INFO - Exporting the following env vars:
AIRFLOW_CTX_DAG_OWNER=Adam
AIRFLOW_CTX_DAG_ID=comic_app_v2
AIRFLOW_CTX_TASK_ID=check_comic_info
AIRFLOW_CTX_EXECUTION_DATE=2022-02-25T15:40:00+00:00
AIRFLOW_CTX_DAG_RUN_ID=scheduled__2022-02-25T15:40:00+00:00
[2022-02-27 16:49:05,499] {logging_mixin.py:109} INFO - 去看有沒有新的章節
[2022-02-27 16:49:05,931] {logging_mixin.py:109} INFO - False
[2022-02-27 16:49:05,932] {python.py:175} INFO - Done. Returned value was: (False, None)
[2022-02-27 16:49:05,945] {taskinstance.py:1282} INFO - Marking task as SUCCESS. dag_id=comic_app_v2, task_id=check_comic_info, execution_date=20220225T154000, start_date=20220227T084905, end_date=20220227T084905
[2022-02-27 16:49:05,977] {local_task_job.py:154} INFO - Task exited with return code 0
[2022-02-27 16:49:06,007] {local_task_job.py:264} INFO - 1 downstream tasks scheduled from follow-on schedule check
[2022-02-27 16:51:00,170] {taskinstance.py:1037} INFO - Dependencies all met for <TaskInstance: comic_app_v2.check_comic_info scheduled__2022-02-25T15:40:00+00:00 [queued]>
[2022-02-27 16:51:00,178] {taskinstance.py:1037} INFO - Dependencies all met for <TaskInstance: comic_app_v2.check_comic_info scheduled__2022-02-25T15:40:00+00:00 [queued]>
[2022-02-27 16:51:00,178] {taskinstance.py:1243} INFO - 
--------------------------------------------------------------------------------
[2022-02-27 16:51:00,178] {taskinstance.py:1244} INFO - Starting attempt 1 of 3
[2022-02-27 16:51:00,178] {taskinstance.py:1245} INFO - 
--------------------------------------------------------------------------------
[2022-02-27 16:51:00,188] {taskinstance.py:1264} INFO - Executing <Task(PythonOperator): check_comic_info> on 2022-02-25 15:40:00+00:00
[2022-02-27 16:51:00,190] {standard_task_runner.py:52} INFO - Started process 28728 to run task
[2022-02-27 16:51:00,197] {standard_task_runner.py:76} INFO - Running: ['airflow', 'tasks', 'run', 'comic_app_v2', 'check_comic_info', 'scheduled__2022-02-25T15:40:00+00:00', '--job-id', '125', '--raw', '--subdir', 'DAGS_FOLDER/comic_app_v2.py', '--cfg-path', '/var/folders/jb/grqrlwkd311flwk_zt30r7wr0000gn/T/tmpf9g6_p6p', '--error-file', '/var/folders/jb/grqrlwkd311flwk_zt30r7wr0000gn/T/tmpaxi1g7x8']
[2022-02-27 16:51:00,199] {standard_task_runner.py:77} INFO - Job 125: Subtask check_comic_info
[2022-02-27 16:51:00,242] {logging_mixin.py:109} INFO - Running <TaskInstance: comic_app_v2.check_comic_info scheduled__2022-02-25T15:40:00+00:00 [running]> on host 1.0.0.0.0.0.0.0.0.0.0.0.0.0.0.0.0.0.0.0.0.0.0.0.0.0.0.0.0.0.0.0.ip6.arpa
[2022-02-27 16:51:00,280] {taskinstance.py:1431} INFO - Exporting the following env vars:
AIRFLOW_CTX_DAG_OWNER=Adam
AIRFLOW_CTX_DAG_ID=comic_app_v2
AIRFLOW_CTX_TASK_ID=check_comic_info
AIRFLOW_CTX_EXECUTION_DATE=2022-02-25T15:40:00+00:00
AIRFLOW_CTX_DAG_RUN_ID=scheduled__2022-02-25T15:40:00+00:00
[2022-02-27 16:51:00,284] {logging_mixin.py:109} INFO - 去看有沒有新的章節
[2022-02-27 16:51:00,485] {logging_mixin.py:109} INFO - False
[2022-02-27 16:51:00,486] {python.py:175} INFO - Done. Returned value was: (False, None)
[2022-02-27 16:51:00,500] {taskinstance.py:1282} INFO - Marking task as SUCCESS. dag_id=comic_app_v2, task_id=check_comic_info, execution_date=20220225T154000, start_date=20220227T085100, end_date=20220227T085100
[2022-02-27 16:51:00,542] {local_task_job.py:154} INFO - Task exited with return code 0
[2022-02-27 16:51:00,575] {local_task_job.py:264} INFO - 1 downstream tasks scheduled from follow-on schedule check
[2022-02-27 16:55:49,105] {taskinstance.py:1037} INFO - Dependencies all met for <TaskInstance: comic_app_v2.check_comic_info scheduled__2022-02-25T15:40:00+00:00 [queued]>
[2022-02-27 16:55:49,113] {taskinstance.py:1037} INFO - Dependencies all met for <TaskInstance: comic_app_v2.check_comic_info scheduled__2022-02-25T15:40:00+00:00 [queued]>
[2022-02-27 16:55:49,113] {taskinstance.py:1243} INFO - 
--------------------------------------------------------------------------------
[2022-02-27 16:55:49,113] {taskinstance.py:1244} INFO - Starting attempt 1 of 3
[2022-02-27 16:55:49,113] {taskinstance.py:1245} INFO - 
--------------------------------------------------------------------------------
[2022-02-27 16:55:49,122] {taskinstance.py:1264} INFO - Executing <Task(PythonOperator): check_comic_info> on 2022-02-25 15:40:00+00:00
[2022-02-27 16:55:49,124] {standard_task_runner.py:52} INFO - Started process 29060 to run task
[2022-02-27 16:55:49,130] {standard_task_runner.py:76} INFO - Running: ['airflow', 'tasks', 'run', 'comic_app_v2', 'check_comic_info', 'scheduled__2022-02-25T15:40:00+00:00', '--job-id', '132', '--raw', '--subdir', 'DAGS_FOLDER/comic_app_v2.py', '--cfg-path', '/var/folders/jb/grqrlwkd311flwk_zt30r7wr0000gn/T/tmpc6m8r5ot', '--error-file', '/var/folders/jb/grqrlwkd311flwk_zt30r7wr0000gn/T/tmpzw1a_vkh']
[2022-02-27 16:55:49,132] {standard_task_runner.py:77} INFO - Job 132: Subtask check_comic_info
[2022-02-27 16:55:49,171] {logging_mixin.py:109} INFO - Running <TaskInstance: comic_app_v2.check_comic_info scheduled__2022-02-25T15:40:00+00:00 [running]> on host 1.0.0.0.0.0.0.0.0.0.0.0.0.0.0.0.0.0.0.0.0.0.0.0.0.0.0.0.0.0.0.0.ip6.arpa
[2022-02-27 16:55:49,204] {taskinstance.py:1431} INFO - Exporting the following env vars:
AIRFLOW_CTX_DAG_OWNER=Adam
AIRFLOW_CTX_DAG_ID=comic_app_v2
AIRFLOW_CTX_TASK_ID=check_comic_info
AIRFLOW_CTX_EXECUTION_DATE=2022-02-25T15:40:00+00:00
AIRFLOW_CTX_DAG_RUN_ID=scheduled__2022-02-25T15:40:00+00:00
[2022-02-27 16:55:49,208] {logging_mixin.py:109} INFO - 去看有沒有新的章節
[2022-02-27 16:55:49,422] {logging_mixin.py:109} INFO - False
[2022-02-27 16:55:49,422] {python.py:175} INFO - Done. Returned value was: (False, None)
[2022-02-27 16:55:49,435] {taskinstance.py:1282} INFO - Marking task as SUCCESS. dag_id=comic_app_v2, task_id=check_comic_info, execution_date=20220225T154000, start_date=20220227T085549, end_date=20220227T085549
[2022-02-27 16:55:49,491] {local_task_job.py:154} INFO - Task exited with return code 0
[2022-02-27 16:55:49,521] {local_task_job.py:264} INFO - 1 downstream tasks scheduled from follow-on schedule check
[2022-02-27 17:02:07,045] {taskinstance.py:1037} INFO - Dependencies all met for <TaskInstance: comic_app_v2.check_comic_info scheduled__2022-02-25T15:40:00+00:00 [queued]>
[2022-02-27 17:02:07,053] {taskinstance.py:1037} INFO - Dependencies all met for <TaskInstance: comic_app_v2.check_comic_info scheduled__2022-02-25T15:40:00+00:00 [queued]>
[2022-02-27 17:02:07,053] {taskinstance.py:1243} INFO - 
--------------------------------------------------------------------------------
[2022-02-27 17:02:07,053] {taskinstance.py:1244} INFO - Starting attempt 1 of 3
[2022-02-27 17:02:07,053] {taskinstance.py:1245} INFO - 
--------------------------------------------------------------------------------
[2022-02-27 17:02:07,062] {taskinstance.py:1264} INFO - Executing <Task(PythonOperator): check_comic_info> on 2022-02-25 15:40:00+00:00
[2022-02-27 17:02:07,064] {standard_task_runner.py:52} INFO - Started process 29559 to run task
[2022-02-27 17:02:07,069] {standard_task_runner.py:76} INFO - Running: ['airflow', 'tasks', 'run', 'comic_app_v2', 'check_comic_info', 'scheduled__2022-02-25T15:40:00+00:00', '--job-id', '140', '--raw', '--subdir', 'DAGS_FOLDER/comic_app_v2.py', '--cfg-path', '/var/folders/jb/grqrlwkd311flwk_zt30r7wr0000gn/T/tmpmp3e9bnd', '--error-file', '/var/folders/jb/grqrlwkd311flwk_zt30r7wr0000gn/T/tmpgaz7uxqc']
[2022-02-27 17:02:07,071] {standard_task_runner.py:77} INFO - Job 140: Subtask check_comic_info
[2022-02-27 17:02:07,112] {logging_mixin.py:109} INFO - Running <TaskInstance: comic_app_v2.check_comic_info scheduled__2022-02-25T15:40:00+00:00 [running]> on host 1.0.0.0.0.0.0.0.0.0.0.0.0.0.0.0.0.0.0.0.0.0.0.0.0.0.0.0.0.0.0.0.ip6.arpa
[2022-02-27 17:02:07,145] {taskinstance.py:1431} INFO - Exporting the following env vars:
AIRFLOW_CTX_DAG_OWNER=Adam
AIRFLOW_CTX_DAG_ID=comic_app_v2
AIRFLOW_CTX_TASK_ID=check_comic_info
AIRFLOW_CTX_EXECUTION_DATE=2022-02-25T15:40:00+00:00
AIRFLOW_CTX_DAG_RUN_ID=scheduled__2022-02-25T15:40:00+00:00
[2022-02-27 17:02:07,146] {logging_mixin.py:109} INFO - 去看有沒有新的章節
[2022-02-27 17:02:07,381] {logging_mixin.py:109} INFO - False
[2022-02-27 17:02:07,382] {python.py:175} INFO - Done. Returned value was: False
[2022-02-27 17:02:07,394] {taskinstance.py:1282} INFO - Marking task as SUCCESS. dag_id=comic_app_v2, task_id=check_comic_info, execution_date=20220225T154000, start_date=20220227T090207, end_date=20220227T090207
[2022-02-27 17:02:07,439] {local_task_job.py:154} INFO - Task exited with return code 0
[2022-02-27 17:02:07,469] {local_task_job.py:264} INFO - 1 downstream tasks scheduled from follow-on schedule check
[2022-02-27 17:03:01,914] {taskinstance.py:1037} INFO - Dependencies all met for <TaskInstance: comic_app_v2.check_comic_info scheduled__2022-02-25T15:40:00+00:00 [queued]>
[2022-02-27 17:03:01,922] {taskinstance.py:1037} INFO - Dependencies all met for <TaskInstance: comic_app_v2.check_comic_info scheduled__2022-02-25T15:40:00+00:00 [queued]>
[2022-02-27 17:03:01,922] {taskinstance.py:1243} INFO - 
--------------------------------------------------------------------------------
[2022-02-27 17:03:01,922] {taskinstance.py:1244} INFO - Starting attempt 1 of 3
[2022-02-27 17:03:01,922] {taskinstance.py:1245} INFO - 
--------------------------------------------------------------------------------
[2022-02-27 17:03:01,931] {taskinstance.py:1264} INFO - Executing <Task(PythonOperator): check_comic_info> on 2022-02-25 15:40:00+00:00
[2022-02-27 17:03:01,933] {standard_task_runner.py:52} INFO - Started process 29660 to run task
[2022-02-27 17:03:01,938] {standard_task_runner.py:76} INFO - Running: ['airflow', 'tasks', 'run', 'comic_app_v2', 'check_comic_info', 'scheduled__2022-02-25T15:40:00+00:00', '--job-id', '147', '--raw', '--subdir', 'DAGS_FOLDER/comic_app_v2.py', '--cfg-path', '/var/folders/jb/grqrlwkd311flwk_zt30r7wr0000gn/T/tmpfi8naryx', '--error-file', '/var/folders/jb/grqrlwkd311flwk_zt30r7wr0000gn/T/tmpb9srpxbp']
[2022-02-27 17:03:01,940] {standard_task_runner.py:77} INFO - Job 147: Subtask check_comic_info
[2022-02-27 17:03:01,979] {logging_mixin.py:109} INFO - Running <TaskInstance: comic_app_v2.check_comic_info scheduled__2022-02-25T15:40:00+00:00 [running]> on host 1.0.0.0.0.0.0.0.0.0.0.0.0.0.0.0.0.0.0.0.0.0.0.0.0.0.0.0.0.0.0.0.ip6.arpa
[2022-02-27 17:03:02,013] {taskinstance.py:1431} INFO - Exporting the following env vars:
AIRFLOW_CTX_DAG_OWNER=Adam
AIRFLOW_CTX_DAG_ID=comic_app_v2
AIRFLOW_CTX_TASK_ID=check_comic_info
AIRFLOW_CTX_EXECUTION_DATE=2022-02-25T15:40:00+00:00
AIRFLOW_CTX_DAG_RUN_ID=scheduled__2022-02-25T15:40:00+00:00
[2022-02-27 17:03:02,014] {logging_mixin.py:109} INFO - 去看有沒有新的章節
[2022-02-27 17:03:02,207] {logging_mixin.py:109} INFO - False
[2022-02-27 17:03:02,208] {python.py:175} INFO - Done. Returned value was: False
[2022-02-27 17:03:02,221] {taskinstance.py:1282} INFO - Marking task as SUCCESS. dag_id=comic_app_v2, task_id=check_comic_info, execution_date=20220225T154000, start_date=20220227T090301, end_date=20220227T090302
[2022-02-27 17:03:02,248] {local_task_job.py:154} INFO - Task exited with return code 0
[2022-02-27 17:03:02,276] {local_task_job.py:264} INFO - 1 downstream tasks scheduled from follow-on schedule check
[2022-02-28 14:25:14,535] {taskinstance.py:1037} INFO - Dependencies all met for <TaskInstance: comic_app_v2.check_comic_info scheduled__2022-02-25T15:40:00+00:00 [queued]>
[2022-02-28 14:25:14,542] {taskinstance.py:1037} INFO - Dependencies all met for <TaskInstance: comic_app_v2.check_comic_info scheduled__2022-02-25T15:40:00+00:00 [queued]>
[2022-02-28 14:25:14,543] {taskinstance.py:1243} INFO - 
--------------------------------------------------------------------------------
[2022-02-28 14:25:14,543] {taskinstance.py:1244} INFO - Starting attempt 1 of 3
[2022-02-28 14:25:14,543] {taskinstance.py:1245} INFO - 
--------------------------------------------------------------------------------
[2022-02-28 14:25:14,552] {taskinstance.py:1264} INFO - Executing <Task(PythonOperator): check_comic_info> on 2022-02-25 15:40:00+00:00
[2022-02-28 14:25:14,554] {standard_task_runner.py:52} INFO - Started process 31664 to run task
[2022-02-28 14:25:14,560] {standard_task_runner.py:76} INFO - Running: ['airflow', 'tasks', 'run', 'comic_app_v2', 'check_comic_info', 'scheduled__2022-02-25T15:40:00+00:00', '--job-id', '163', '--raw', '--subdir', 'DAGS_FOLDER/comic_app_v2.py', '--cfg-path', '/var/folders/jb/grqrlwkd311flwk_zt30r7wr0000gn/T/tmpgwgwjoxv', '--error-file', '/var/folders/jb/grqrlwkd311flwk_zt30r7wr0000gn/T/tmpdb62fwp0']
[2022-02-28 14:25:14,561] {standard_task_runner.py:77} INFO - Job 163: Subtask check_comic_info
[2022-02-28 14:25:14,600] {logging_mixin.py:109} INFO - Running <TaskInstance: comic_app_v2.check_comic_info scheduled__2022-02-25T15:40:00+00:00 [running]> on host 1.0.0.0.0.0.0.0.0.0.0.0.0.0.0.0.0.0.0.0.0.0.0.0.0.0.0.0.0.0.0.0.ip6.arpa
[2022-02-28 14:25:14,633] {taskinstance.py:1431} INFO - Exporting the following env vars:
AIRFLOW_CTX_DAG_OWNER=Adam
AIRFLOW_CTX_DAG_ID=comic_app_v2
AIRFLOW_CTX_TASK_ID=check_comic_info
AIRFLOW_CTX_EXECUTION_DATE=2022-02-25T15:40:00+00:00
AIRFLOW_CTX_DAG_RUN_ID=scheduled__2022-02-25T15:40:00+00:00
[2022-02-28 14:25:14,634] {logging_mixin.py:109} INFO - 去看有沒有新的章節
[2022-02-28 14:25:15,153] {logging_mixin.py:109} INFO - False
[2022-02-28 14:25:15,154] {python.py:175} INFO - Done. Returned value was: False
[2022-02-28 14:25:15,168] {taskinstance.py:1282} INFO - Marking task as SUCCESS. dag_id=comic_app_v2, task_id=check_comic_info, execution_date=20220225T154000, start_date=20220228T062514, end_date=20220228T062515
[2022-02-28 14:25:15,219] {local_task_job.py:154} INFO - Task exited with return code 0
[2022-02-28 14:25:15,251] {local_task_job.py:264} INFO - 1 downstream tasks scheduled from follow-on schedule check
[2022-02-28 14:28:40,546] {taskinstance.py:1037} INFO - Dependencies all met for <TaskInstance: comic_app_v2.check_comic_info scheduled__2022-02-25T15:40:00+00:00 [queued]>
[2022-02-28 14:28:40,553] {taskinstance.py:1037} INFO - Dependencies all met for <TaskInstance: comic_app_v2.check_comic_info scheduled__2022-02-25T15:40:00+00:00 [queued]>
[2022-02-28 14:28:40,553] {taskinstance.py:1243} INFO - 
--------------------------------------------------------------------------------
[2022-02-28 14:28:40,553] {taskinstance.py:1244} INFO - Starting attempt 1 of 3
[2022-02-28 14:28:40,553] {taskinstance.py:1245} INFO - 
--------------------------------------------------------------------------------
[2022-02-28 14:28:40,562] {taskinstance.py:1264} INFO - Executing <Task(PythonOperator): check_comic_info> on 2022-02-25 15:40:00+00:00
[2022-02-28 14:28:40,566] {standard_task_runner.py:52} INFO - Started process 31986 to run task
[2022-02-28 14:28:40,571] {standard_task_runner.py:76} INFO - Running: ['airflow', 'tasks', 'run', 'comic_app_v2', 'check_comic_info', 'scheduled__2022-02-25T15:40:00+00:00', '--job-id', '173', '--raw', '--subdir', 'DAGS_FOLDER/comic_app_v2.py', '--cfg-path', '/var/folders/jb/grqrlwkd311flwk_zt30r7wr0000gn/T/tmp6218helq', '--error-file', '/var/folders/jb/grqrlwkd311flwk_zt30r7wr0000gn/T/tmp7uhkqrdp']
[2022-02-28 14:28:40,573] {standard_task_runner.py:77} INFO - Job 173: Subtask check_comic_info
[2022-02-28 14:28:40,613] {logging_mixin.py:109} INFO - Running <TaskInstance: comic_app_v2.check_comic_info scheduled__2022-02-25T15:40:00+00:00 [running]> on host 1.0.0.0.0.0.0.0.0.0.0.0.0.0.0.0.0.0.0.0.0.0.0.0.0.0.0.0.0.0.0.0.ip6.arpa
[2022-02-28 14:28:40,648] {taskinstance.py:1431} INFO - Exporting the following env vars:
AIRFLOW_CTX_DAG_OWNER=Adam
AIRFLOW_CTX_DAG_ID=comic_app_v2
AIRFLOW_CTX_TASK_ID=check_comic_info
AIRFLOW_CTX_EXECUTION_DATE=2022-02-25T15:40:00+00:00
AIRFLOW_CTX_DAG_RUN_ID=scheduled__2022-02-25T15:40:00+00:00
[2022-02-28 14:28:40,649] {logging_mixin.py:109} INFO - 去看有沒有新的章節
[2022-02-28 14:28:40,650] {logging_mixin.py:109} INFO - False
[2022-02-28 14:28:40,650] {python.py:175} INFO - Done. Returned value was: False
[2022-02-28 14:28:40,663] {taskinstance.py:1282} INFO - Marking task as SUCCESS. dag_id=comic_app_v2, task_id=check_comic_info, execution_date=20220225T154000, start_date=20220228T062840, end_date=20220228T062840
[2022-02-28 14:28:40,711] {local_task_job.py:154} INFO - Task exited with return code 0
[2022-02-28 14:28:40,744] {local_task_job.py:264} INFO - 1 downstream tasks scheduled from follow-on schedule check
