[2022-02-25 17:14:41,817] {taskinstance.py:1037} INFO - Dependencies all met for <TaskInstance: comic_app_v2.get_read_history scheduled__2022-01-10T00:00:00+00:00 [queued]>
[2022-02-25 17:14:41,828] {taskinstance.py:1037} INFO - Dependencies all met for <TaskInstance: comic_app_v2.get_read_history scheduled__2022-01-10T00:00:00+00:00 [queued]>
[2022-02-25 17:14:41,829] {taskinstance.py:1243} INFO - 
--------------------------------------------------------------------------------
[2022-02-25 17:14:41,829] {taskinstance.py:1244} INFO - Starting attempt 1 of 3
[2022-02-25 17:14:41,829] {taskinstance.py:1245} INFO - 
--------------------------------------------------------------------------------
[2022-02-25 17:14:41,841] {taskinstance.py:1264} INFO - Executing <Task(PythonOperator): get_read_history> on 2022-01-10 00:00:00+00:00
[2022-02-25 17:14:41,843] {standard_task_runner.py:52} INFO - Started process 17176 to run task
[2022-02-25 17:14:41,856] {standard_task_runner.py:76} INFO - Running: ['airflow', 'tasks', 'run', 'comic_app_v2', 'get_read_history', 'scheduled__2022-01-10T00:00:00+00:00', '--job-id', '40', '--raw', '--subdir', 'DAGS_FOLDER/comic_app_v2.py', '--cfg-path', '/var/folders/jb/grqrlwkd311flwk_zt30r7wr0000gn/T/tmpsh1ndp2x', '--error-file', '/var/folders/jb/grqrlwkd311flwk_zt30r7wr0000gn/T/tmpi5lwct5c']
[2022-02-25 17:14:41,857] {standard_task_runner.py:77} INFO - Job 40: Subtask get_read_history
[2022-02-25 17:14:41,916] {logging_mixin.py:109} INFO - Running <TaskInstance: comic_app_v2.get_read_history scheduled__2022-01-10T00:00:00+00:00 [running]> on host 1.0.0.0.0.0.0.0.0.0.0.0.0.0.0.0.0.0.0.0.0.0.0.0.0.0.0.0.0.0.0.0.ip6.arpa
[2022-02-25 17:14:41,962] {taskinstance.py:1431} INFO - Exporting the following env vars:
AIRFLOW_CTX_DAG_OWNER=Adam
AIRFLOW_CTX_DAG_ID=comic_app_v2
AIRFLOW_CTX_TASK_ID=get_read_history
AIRFLOW_CTX_EXECUTION_DATE=2022-01-10T00:00:00+00:00
AIRFLOW_CTX_DAG_RUN_ID=scheduled__2022-01-10T00:00:00+00:00
[2022-02-25 17:14:41,963] {logging_mixin.py:109} INFO - 取得使用者的閱讀紀錄
[2022-02-25 17:14:41,964] {python.py:175} INFO - Done. Returned value was: None
[2022-02-25 17:14:41,971] {taskinstance.py:1282} INFO - Marking task as SUCCESS. dag_id=comic_app_v2, task_id=get_read_history, execution_date=20220110T000000, start_date=20220225T091441, end_date=20220225T091441
[2022-02-25 17:14:41,997] {local_task_job.py:154} INFO - Task exited with return code 0
[2022-02-25 17:14:42,032] {local_task_job.py:264} INFO - 1 downstream tasks scheduled from follow-on schedule check
[2022-02-25 17:19:35,759] {taskinstance.py:1037} INFO - Dependencies all met for <TaskInstance: comic_app_v2.get_read_history scheduled__2022-01-10T00:00:00+00:00 [queued]>
[2022-02-25 17:19:35,772] {taskinstance.py:1037} INFO - Dependencies all met for <TaskInstance: comic_app_v2.get_read_history scheduled__2022-01-10T00:00:00+00:00 [queued]>
[2022-02-25 17:19:35,772] {taskinstance.py:1243} INFO - 
--------------------------------------------------------------------------------
[2022-02-25 17:19:35,772] {taskinstance.py:1244} INFO - Starting attempt 1 of 3
[2022-02-25 17:19:35,772] {taskinstance.py:1245} INFO - 
--------------------------------------------------------------------------------
[2022-02-25 17:19:35,786] {taskinstance.py:1264} INFO - Executing <Task(PythonOperator): get_read_history> on 2022-01-10 00:00:00+00:00
[2022-02-25 17:19:35,790] {standard_task_runner.py:52} INFO - Started process 17583 to run task
[2022-02-25 17:19:35,801] {standard_task_runner.py:76} INFO - Running: ['airflow', 'tasks', 'run', 'comic_app_v2', 'get_read_history', 'scheduled__2022-01-10T00:00:00+00:00', '--job-id', '76', '--raw', '--subdir', 'DAGS_FOLDER/comic_app_v2.py', '--cfg-path', '/var/folders/jb/grqrlwkd311flwk_zt30r7wr0000gn/T/tmpl4z5vagj', '--error-file', '/var/folders/jb/grqrlwkd311flwk_zt30r7wr0000gn/T/tmpvs9a7qhe']
[2022-02-25 17:19:35,805] {standard_task_runner.py:77} INFO - Job 76: Subtask get_read_history
[2022-02-25 17:19:35,886] {logging_mixin.py:109} INFO - Running <TaskInstance: comic_app_v2.get_read_history scheduled__2022-01-10T00:00:00+00:00 [running]> on host 1.0.0.0.0.0.0.0.0.0.0.0.0.0.0.0.0.0.0.0.0.0.0.0.0.0.0.0.0.0.0.0.ip6.arpa
[2022-02-25 17:19:35,937] {taskinstance.py:1431} INFO - Exporting the following env vars:
AIRFLOW_CTX_DAG_OWNER=Adam
AIRFLOW_CTX_DAG_ID=comic_app_v2
AIRFLOW_CTX_TASK_ID=get_read_history
AIRFLOW_CTX_EXECUTION_DATE=2022-01-10T00:00:00+00:00
AIRFLOW_CTX_DAG_RUN_ID=scheduled__2022-01-10T00:00:00+00:00
[2022-02-25 17:19:35,938] {logging_mixin.py:109} INFO - 取得使用者的閱讀紀錄
[2022-02-25 17:19:35,939] {python.py:175} INFO - Done. Returned value was: None
[2022-02-25 17:19:35,949] {taskinstance.py:1282} INFO - Marking task as SUCCESS. dag_id=comic_app_v2, task_id=get_read_history, execution_date=20220110T000000, start_date=20220225T091935, end_date=20220225T091935
[2022-02-25 17:19:35,984] {local_task_job.py:154} INFO - Task exited with return code 0
[2022-02-25 17:19:36,022] {local_task_job.py:264} INFO - 1 downstream tasks scheduled from follow-on schedule check
