[2022-02-28 14:25:25,796] {taskinstance.py:1037} INFO - Dependencies all met for <TaskInstance: comic_app_v2.new_comic_available scheduled__2022-02-26T15:40:00+00:00 [queued]>
[2022-02-28 14:25:25,808] {taskinstance.py:1037} INFO - Dependencies all met for <TaskInstance: comic_app_v2.new_comic_available scheduled__2022-02-26T15:40:00+00:00 [queued]>
[2022-02-28 14:25:25,808] {taskinstance.py:1243} INFO - 
--------------------------------------------------------------------------------
[2022-02-28 14:25:25,808] {taskinstance.py:1244} INFO - Starting attempt 1 of 3
[2022-02-28 14:25:25,808] {taskinstance.py:1245} INFO - 
--------------------------------------------------------------------------------
[2022-02-28 14:25:25,819] {taskinstance.py:1264} INFO - Executing <Task(BranchPythonOperator): new_comic_available> on 2022-02-26 15:40:00+00:00
[2022-02-28 14:25:25,824] {standard_task_runner.py:52} INFO - Started process 31685 to run task
[2022-02-28 14:25:25,833] {standard_task_runner.py:76} INFO - Running: ['airflow', 'tasks', 'run', 'comic_app_v2', 'new_comic_available', 'scheduled__2022-02-26T15:40:00+00:00', '--job-id', '167', '--raw', '--subdir', 'DAGS_FOLDER/comic_app_v2.py', '--cfg-path', '/var/folders/jb/grqrlwkd311flwk_zt30r7wr0000gn/T/tmpvuf42lzt', '--error-file', '/var/folders/jb/grqrlwkd311flwk_zt30r7wr0000gn/T/tmpxew8p2_o']
[2022-02-28 14:25:25,835] {standard_task_runner.py:77} INFO - Job 167: Subtask new_comic_available
[2022-02-28 14:25:25,901] {logging_mixin.py:109} INFO - Running <TaskInstance: comic_app_v2.new_comic_available scheduled__2022-02-26T15:40:00+00:00 [running]> on host 1.0.0.0.0.0.0.0.0.0.0.0.0.0.0.0.0.0.0.0.0.0.0.0.0.0.0.0.0.0.0.0.ip6.arpa
[2022-02-28 14:25:25,954] {taskinstance.py:1431} INFO - Exporting the following env vars:
AIRFLOW_CTX_DAG_OWNER=Adam
AIRFLOW_CTX_DAG_ID=comic_app_v2
AIRFLOW_CTX_TASK_ID=new_comic_available
AIRFLOW_CTX_EXECUTION_DATE=2022-02-26T15:40:00+00:00
AIRFLOW_CTX_DAG_RUN_ID=scheduled__2022-02-26T15:40:00+00:00
[2022-02-28 14:25:25,960] {logging_mixin.py:109} INFO - 跟紀錄比較，有沒有新連載？
[2022-02-28 14:25:25,961] {python.py:175} INFO - Done. Returned value was: no_do_nothing
[2022-02-28 14:25:25,962] {skipmixin.py:140} INFO - Following branch no_do_nothing
[2022-02-28 14:25:25,963] {skipmixin.py:171} INFO - Skipping tasks ['yes_generate_notification']
[2022-02-28 14:25:25,989] {taskinstance.py:1282} INFO - Marking task as SUCCESS. dag_id=comic_app_v2, task_id=new_comic_available, execution_date=20220226T154000, start_date=20220228T062525, end_date=20220228T062525
[2022-02-28 14:25:26,018] {local_task_job.py:154} INFO - Task exited with return code 0
[2022-02-28 14:25:26,058] {local_task_job.py:264} INFO - 1 downstream tasks scheduled from follow-on schedule check
[2022-02-28 14:28:49,418] {taskinstance.py:1037} INFO - Dependencies all met for <TaskInstance: comic_app_v2.new_comic_available scheduled__2022-02-26T15:40:00+00:00 [queued]>
[2022-02-28 14:28:49,427] {taskinstance.py:1037} INFO - Dependencies all met for <TaskInstance: comic_app_v2.new_comic_available scheduled__2022-02-26T15:40:00+00:00 [queued]>
[2022-02-28 14:28:49,427] {taskinstance.py:1243} INFO - 
--------------------------------------------------------------------------------
[2022-02-28 14:28:49,428] {taskinstance.py:1244} INFO - Starting attempt 1 of 3
[2022-02-28 14:28:49,428] {taskinstance.py:1245} INFO - 
--------------------------------------------------------------------------------
[2022-02-28 14:28:49,438] {taskinstance.py:1264} INFO - Executing <Task(BranchPythonOperator): new_comic_available> on 2022-02-26 15:40:00+00:00
[2022-02-28 14:28:49,441] {standard_task_runner.py:52} INFO - Started process 32004 to run task
[2022-02-28 14:28:49,446] {standard_task_runner.py:76} INFO - Running: ['airflow', 'tasks', 'run', 'comic_app_v2', 'new_comic_available', 'scheduled__2022-02-26T15:40:00+00:00', '--job-id', '177', '--raw', '--subdir', 'DAGS_FOLDER/comic_app_v2.py', '--cfg-path', '/var/folders/jb/grqrlwkd311flwk_zt30r7wr0000gn/T/tmpwlm0m1lg', '--error-file', '/var/folders/jb/grqrlwkd311flwk_zt30r7wr0000gn/T/tmpqyemywdw']
[2022-02-28 14:28:49,448] {standard_task_runner.py:77} INFO - Job 177: Subtask new_comic_available
[2022-02-28 14:28:49,495] {logging_mixin.py:109} INFO - Running <TaskInstance: comic_app_v2.new_comic_available scheduled__2022-02-26T15:40:00+00:00 [running]> on host 1.0.0.0.0.0.0.0.0.0.0.0.0.0.0.0.0.0.0.0.0.0.0.0.0.0.0.0.0.0.0.0.ip6.arpa
[2022-02-28 14:28:49,534] {taskinstance.py:1431} INFO - Exporting the following env vars:
AIRFLOW_CTX_DAG_OWNER=Adam
AIRFLOW_CTX_DAG_ID=comic_app_v2
AIRFLOW_CTX_TASK_ID=new_comic_available
AIRFLOW_CTX_EXECUTION_DATE=2022-02-26T15:40:00+00:00
AIRFLOW_CTX_DAG_RUN_ID=scheduled__2022-02-26T15:40:00+00:00
[2022-02-28 14:28:49,539] {logging_mixin.py:109} INFO - 跟紀錄比較，有沒有新連載？
[2022-02-28 14:28:49,540] {python.py:175} INFO - Done. Returned value was: no_do_nothing
[2022-02-28 14:28:49,540] {skipmixin.py:140} INFO - Following branch no_do_nothing
[2022-02-28 14:28:49,540] {skipmixin.py:171} INFO - Skipping tasks ['yes_generate_notification']
[2022-02-28 14:28:49,561] {taskinstance.py:1282} INFO - Marking task as SUCCESS. dag_id=comic_app_v2, task_id=new_comic_available, execution_date=20220226T154000, start_date=20220228T062849, end_date=20220228T062849
[2022-02-28 14:28:49,585] {local_task_job.py:154} INFO - Task exited with return code 0
[2022-02-28 14:28:49,619] {local_task_job.py:264} INFO - 1 downstream tasks scheduled from follow-on schedule check
