[2022-02-28 14:29:12,203] {taskinstance.py:1037} INFO - Dependencies all met for <TaskInstance: comic_app_v2.get_read_history manual__2022-02-28T06:29:08.392989+00:00 [queued]>
[2022-02-28 14:29:12,212] {taskinstance.py:1037} INFO - Dependencies all met for <TaskInstance: comic_app_v2.get_read_history manual__2022-02-28T06:29:08.392989+00:00 [queued]>
[2022-02-28 14:29:12,213] {taskinstance.py:1243} INFO - 
--------------------------------------------------------------------------------
[2022-02-28 14:29:12,213] {taskinstance.py:1244} INFO - Starting attempt 1 of 3
[2022-02-28 14:29:12,213] {taskinstance.py:1245} INFO - 
--------------------------------------------------------------------------------
[2022-02-28 14:29:12,224] {taskinstance.py:1264} INFO - Executing <Task(PythonOperator): get_read_history> on 2022-02-28 06:29:08.392989+00:00
[2022-02-28 14:29:12,227] {standard_task_runner.py:52} INFO - Started process 32046 to run task
[2022-02-28 14:29:12,235] {standard_task_runner.py:76} INFO - Running: ['airflow', 'tasks', 'run', 'comic_app_v2', 'get_read_history', 'manual__2022-02-28T06:29:08.392989+00:00', '--job-id', '178', '--raw', '--subdir', 'DAGS_FOLDER/comic_app_v2.py', '--cfg-path', '/var/folders/jb/grqrlwkd311flwk_zt30r7wr0000gn/T/tmpvuz20ayy', '--error-file', '/var/folders/jb/grqrlwkd311flwk_zt30r7wr0000gn/T/tmps9_l5tu8']
[2022-02-28 14:29:12,237] {standard_task_runner.py:77} INFO - Job 178: Subtask get_read_history
[2022-02-28 14:29:12,329] {logging_mixin.py:109} INFO - Running <TaskInstance: comic_app_v2.get_read_history manual__2022-02-28T06:29:08.392989+00:00 [running]> on host 1.0.0.0.0.0.0.0.0.0.0.0.0.0.0.0.0.0.0.0.0.0.0.0.0.0.0.0.0.0.0.0.ip6.arpa
[2022-02-28 14:29:12,432] {taskinstance.py:1431} INFO - Exporting the following env vars:
AIRFLOW_CTX_DAG_OWNER=Adam
AIRFLOW_CTX_DAG_ID=comic_app_v2
AIRFLOW_CTX_TASK_ID=get_read_history
AIRFLOW_CTX_EXECUTION_DATE=2022-02-28T06:29:08.392989+00:00
AIRFLOW_CTX_DAG_RUN_ID=manual__2022-02-28T06:29:08.392989+00:00
[2022-02-28 14:29:12,440] {logging_mixin.py:109} INFO - 取得使用者的閱讀紀錄
[2022-02-28 14:29:12,440] {python.py:175} INFO - Done. Returned value was: None
[2022-02-28 14:29:12,468] {taskinstance.py:1282} INFO - Marking task as SUCCESS. dag_id=comic_app_v2, task_id=get_read_history, execution_date=20220228T062908, start_date=20220228T062912, end_date=20220228T062912
[2022-02-28 14:29:12,493] {local_task_job.py:154} INFO - Task exited with return code 0
[2022-02-28 14:29:12,533] {local_task_job.py:264} INFO - 1 downstream tasks scheduled from follow-on schedule check
