[2022-02-25 17:19:00,813] {taskinstance.py:1037} INFO - Dependencies all met for <TaskInstance: comic_app_v2.send_notification manual__2022-02-25T09:18:13.256346+00:00 [queued]>
[2022-02-25 17:19:00,821] {taskinstance.py:1037} INFO - Dependencies all met for <TaskInstance: comic_app_v2.send_notification manual__2022-02-25T09:18:13.256346+00:00 [queued]>
[2022-02-25 17:19:00,821] {taskinstance.py:1243} INFO - 
--------------------------------------------------------------------------------
[2022-02-25 17:19:00,821] {taskinstance.py:1244} INFO - Starting attempt 1 of 3
[2022-02-25 17:19:00,821] {taskinstance.py:1245} INFO - 
--------------------------------------------------------------------------------
[2022-02-25 17:19:00,831] {taskinstance.py:1264} INFO - Executing <Task(SlackAPIPostOperator): send_notification> on 2022-02-25 09:18:13.256346+00:00
[2022-02-25 17:19:00,833] {standard_task_runner.py:52} INFO - Started process 17510 to run task
[2022-02-25 17:19:00,840] {standard_task_runner.py:76} INFO - Running: ['airflow', 'tasks', 'run', 'comic_app_v2', 'send_notification', 'manual__2022-02-25T09:18:13.256346+00:00', '--job-id', '63', '--raw', '--subdir', 'DAGS_FOLDER/comic_app_v2.py', '--cfg-path', '/var/folders/jb/grqrlwkd311flwk_zt30r7wr0000gn/T/tmp1y4rh9_e', '--error-file', '/var/folders/jb/grqrlwkd311flwk_zt30r7wr0000gn/T/tmpqy18z7bf']
[2022-02-25 17:19:00,842] {standard_task_runner.py:77} INFO - Job 63: Subtask send_notification
[2022-02-25 17:19:00,889] {logging_mixin.py:109} INFO - Running <TaskInstance: comic_app_v2.send_notification manual__2022-02-25T09:18:13.256346+00:00 [running]> on host 1.0.0.0.0.0.0.0.0.0.0.0.0.0.0.0.0.0.0.0.0.0.0.0.0.0.0.0.0.0.0.0.ip6.arpa
[2022-02-25 17:19:00,936] {taskinstance.py:1431} INFO - Exporting the following env vars:
AIRFLOW_CTX_DAG_OWNER=Adam
AIRFLOW_CTX_DAG_ID=comic_app_v2
AIRFLOW_CTX_TASK_ID=send_notification
AIRFLOW_CTX_EXECUTION_DATE=2022-02-25T09:18:13.256346+00:00
AIRFLOW_CTX_DAG_RUN_ID=manual__2022-02-25T09:18:13.256346+00:00
[2022-02-25 17:19:01,411] {taskinstance.py:1282} INFO - Marking task as SUCCESS. dag_id=comic_app_v2, task_id=send_notification, execution_date=20220225T091813, start_date=20220225T091900, end_date=20220225T091901
[2022-02-25 17:19:01,441] {local_task_job.py:154} INFO - Task exited with return code 0
[2022-02-25 17:19:01,466] {local_task_job.py:264} INFO - 1 downstream tasks scheduled from follow-on schedule check
