[2022-02-25 17:14:22,152] {taskinstance.py:1037} INFO - Dependencies all met for <TaskInstance: comic_app_v2.update_read_history scheduled__2022-01-02T00:00:00+00:00 [queued]>
[2022-02-25 17:14:22,161] {taskinstance.py:1037} INFO - Dependencies all met for <TaskInstance: comic_app_v2.update_read_history scheduled__2022-01-02T00:00:00+00:00 [queued]>
[2022-02-25 17:14:22,161] {taskinstance.py:1243} INFO - 
--------------------------------------------------------------------------------
[2022-02-25 17:14:22,161] {taskinstance.py:1244} INFO - Starting attempt 1 of 3
[2022-02-25 17:14:22,161] {taskinstance.py:1245} INFO - 
--------------------------------------------------------------------------------
[2022-02-25 17:14:22,171] {taskinstance.py:1264} INFO - Executing <Task(PythonOperator): update_read_history> on 2022-01-02 00:00:00+00:00
[2022-02-25 17:14:22,173] {standard_task_runner.py:52} INFO - Started process 17121 to run task
[2022-02-25 17:14:22,180] {standard_task_runner.py:76} INFO - Running: ['airflow', 'tasks', 'run', 'comic_app_v2', 'update_read_history', 'scheduled__2022-01-02T00:00:00+00:00', '--job-id', '32', '--raw', '--subdir', 'DAGS_FOLDER/comic_app_v2.py', '--cfg-path', '/var/folders/jb/grqrlwkd311flwk_zt30r7wr0000gn/T/tmp1q87_gz8', '--error-file', '/var/folders/jb/grqrlwkd311flwk_zt30r7wr0000gn/T/tmpb6eu8t6l']
[2022-02-25 17:14:22,183] {standard_task_runner.py:77} INFO - Job 32: Subtask update_read_history
[2022-02-25 17:14:22,244] {logging_mixin.py:109} INFO - Running <TaskInstance: comic_app_v2.update_read_history scheduled__2022-01-02T00:00:00+00:00 [running]> on host 1.0.0.0.0.0.0.0.0.0.0.0.0.0.0.0.0.0.0.0.0.0.0.0.0.0.0.0.0.0.0.0.ip6.arpa
[2022-02-25 17:14:22,289] {taskinstance.py:1431} INFO - Exporting the following env vars:
AIRFLOW_CTX_DAG_OWNER=Adam
AIRFLOW_CTX_DAG_ID=comic_app_v2
AIRFLOW_CTX_TASK_ID=update_read_history
AIRFLOW_CTX_EXECUTION_DATE=2022-01-02T00:00:00+00:00
AIRFLOW_CTX_DAG_RUN_ID=scheduled__2022-01-02T00:00:00+00:00
[2022-02-25 17:14:22,290] {logging_mixin.py:109} INFO - 更新閱讀紀錄
[2022-02-25 17:14:22,291] {python.py:175} INFO - Done. Returned value was: None
[2022-02-25 17:14:22,298] {taskinstance.py:1282} INFO - Marking task as SUCCESS. dag_id=comic_app_v2, task_id=update_read_history, execution_date=20220102T000000, start_date=20220225T091422, end_date=20220225T091422
[2022-02-25 17:14:22,317] {local_task_job.py:154} INFO - Task exited with return code 0
[2022-02-25 17:14:22,336] {local_task_job.py:264} INFO - 0 downstream tasks scheduled from follow-on schedule check
[2022-02-25 17:19:05,538] {taskinstance.py:1037} INFO - Dependencies all met for <TaskInstance: comic_app_v2.update_read_history scheduled__2022-01-02T00:00:00+00:00 [queued]>
[2022-02-25 17:19:05,549] {taskinstance.py:1037} INFO - Dependencies all met for <TaskInstance: comic_app_v2.update_read_history scheduled__2022-01-02T00:00:00+00:00 [queued]>
[2022-02-25 17:19:05,549] {taskinstance.py:1243} INFO - 
--------------------------------------------------------------------------------
[2022-02-25 17:19:05,549] {taskinstance.py:1244} INFO - Starting attempt 1 of 3
[2022-02-25 17:19:05,549] {taskinstance.py:1245} INFO - 
--------------------------------------------------------------------------------
[2022-02-25 17:19:05,562] {taskinstance.py:1264} INFO - Executing <Task(PythonOperator): update_read_history> on 2022-01-02 00:00:00+00:00
[2022-02-25 17:19:05,565] {standard_task_runner.py:52} INFO - Started process 17522 to run task
[2022-02-25 17:19:05,570] {standard_task_runner.py:76} INFO - Running: ['airflow', 'tasks', 'run', 'comic_app_v2', 'update_read_history', 'scheduled__2022-01-02T00:00:00+00:00', '--job-id', '65', '--raw', '--subdir', 'DAGS_FOLDER/comic_app_v2.py', '--cfg-path', '/var/folders/jb/grqrlwkd311flwk_zt30r7wr0000gn/T/tmpm72atmd1', '--error-file', '/var/folders/jb/grqrlwkd311flwk_zt30r7wr0000gn/T/tmpmjznxngu']
[2022-02-25 17:19:05,572] {standard_task_runner.py:77} INFO - Job 65: Subtask update_read_history
[2022-02-25 17:19:05,622] {logging_mixin.py:109} INFO - Running <TaskInstance: comic_app_v2.update_read_history scheduled__2022-01-02T00:00:00+00:00 [running]> on host 1.0.0.0.0.0.0.0.0.0.0.0.0.0.0.0.0.0.0.0.0.0.0.0.0.0.0.0.0.0.0.0.ip6.arpa
[2022-02-25 17:19:05,659] {taskinstance.py:1431} INFO - Exporting the following env vars:
AIRFLOW_CTX_DAG_OWNER=Adam
AIRFLOW_CTX_DAG_ID=comic_app_v2
AIRFLOW_CTX_TASK_ID=update_read_history
AIRFLOW_CTX_EXECUTION_DATE=2022-01-02T00:00:00+00:00
AIRFLOW_CTX_DAG_RUN_ID=scheduled__2022-01-02T00:00:00+00:00
[2022-02-25 17:19:05,660] {logging_mixin.py:109} INFO - 更新閱讀紀錄
[2022-02-25 17:19:05,661] {python.py:175} INFO - Done. Returned value was: None
[2022-02-25 17:19:05,668] {taskinstance.py:1282} INFO - Marking task as SUCCESS. dag_id=comic_app_v2, task_id=update_read_history, execution_date=20220102T000000, start_date=20220225T091905, end_date=20220225T091905
[2022-02-25 17:19:05,715] {local_task_job.py:154} INFO - Task exited with return code 0
[2022-02-25 17:19:05,735] {local_task_job.py:264} INFO - 0 downstream tasks scheduled from follow-on schedule check
