[2022-02-28 14:59:48,454] {taskinstance.py:1037} INFO - Dependencies all met for <TaskInstance: comic_app_v2.get_read_history scheduled__2022-01-19T00:00:00+00:00 [queued]>
[2022-02-28 14:59:48,462] {taskinstance.py:1037} INFO - Dependencies all met for <TaskInstance: comic_app_v2.get_read_history scheduled__2022-01-19T00:00:00+00:00 [queued]>
[2022-02-28 14:59:48,462] {taskinstance.py:1243} INFO - 
--------------------------------------------------------------------------------
[2022-02-28 14:59:48,462] {taskinstance.py:1244} INFO - Starting attempt 1 of 3
[2022-02-28 14:59:48,463] {taskinstance.py:1245} INFO - 
--------------------------------------------------------------------------------
[2022-02-28 14:59:48,472] {taskinstance.py:1264} INFO - Executing <Task(PythonOperator): get_read_history> on 2022-01-19 00:00:00+00:00
[2022-02-28 14:59:48,474] {standard_task_runner.py:52} INFO - Started process 34506 to run task
[2022-02-28 14:59:48,480] {standard_task_runner.py:76} INFO - Running: ['airflow', 'tasks', 'run', 'comic_app_v2', 'get_read_history', 'scheduled__2022-01-19T00:00:00+00:00', '--job-id', '152', '--raw', '--subdir', 'DAGS_FOLDER/comic_app_v2.py', '--cfg-path', '/var/folders/jb/grqrlwkd311flwk_zt30r7wr0000gn/T/tmp6n7tloza', '--error-file', '/var/folders/jb/grqrlwkd311flwk_zt30r7wr0000gn/T/tmpunnfhkj0']
[2022-02-28 14:59:48,483] {standard_task_runner.py:77} INFO - Job 152: Subtask get_read_history
[2022-02-28 14:59:48,538] {logging_mixin.py:109} INFO - Running <TaskInstance: comic_app_v2.get_read_history scheduled__2022-01-19T00:00:00+00:00 [running]> on host 1.0.0.0.0.0.0.0.0.0.0.0.0.0.0.0.0.0.0.0.0.0.0.0.0.0.0.0.0.0.0.0.ip6.arpa
[2022-02-28 14:59:48,584] {taskinstance.py:1431} INFO - Exporting the following env vars:
AIRFLOW_CTX_DAG_OWNER=Adam
AIRFLOW_CTX_DAG_ID=comic_app_v2
AIRFLOW_CTX_TASK_ID=get_read_history
AIRFLOW_CTX_EXECUTION_DATE=2022-01-19T00:00:00+00:00
AIRFLOW_CTX_DAG_RUN_ID=scheduled__2022-01-19T00:00:00+00:00
[2022-02-28 14:59:48,586] {logging_mixin.py:109} INFO - 取得使用者的閱讀紀錄
[2022-02-28 14:59:48,587] {python.py:175} INFO - Done. Returned value was: None
[2022-02-28 14:59:48,594] {taskinstance.py:1282} INFO - Marking task as SUCCESS. dag_id=comic_app_v2, task_id=get_read_history, execution_date=20220119T000000, start_date=20220228T065948, end_date=20220228T065948
[2022-02-28 14:59:48,620] {local_task_job.py:154} INFO - Task exited with return code 0
[2022-02-28 14:59:48,658] {local_task_job.py:264} INFO - 1 downstream tasks scheduled from follow-on schedule check
